<?xml version="1.0" encoding="UTF-8" ?>
<testsuite tests="404" failures="128" name="RegressionTest" time="2.798" errors="0" skipped="0">
  <properties>
    <property name="java.runtime.name" value="Java(TM) SE Runtime Environment"/>
    <property name="sun.boot.library.path" value="C:\Program Files\Java\jdk1.8.0_121\jre\bin"/>
    <property name="java.vm.version" value="25.121-b13"/>
    <property name="java.vm.vendor" value="Oracle Corporation"/>
    <property name="maven.multiModuleProjectDirectory" value="C:\Users\Kailyn\CS362W17Section-001\projects\hellwegk\dominion\Assignment2"/>
    <property name="java.vendor.url" value="http://java.oracle.com/"/>
    <property name="path.separator" value=";"/>
    <property name="guice.disable.misplaced.annotation.check" value="true"/>
    <property name="java.vm.name" value="Java HotSpot(TM) 64-Bit Server VM"/>
    <property name="file.encoding.pkg" value="sun.io"/>
    <property name="user.script" value=""/>
    <property name="user.country" value="US"/>
    <property name="sun.java.launcher" value="SUN_STANDARD"/>
    <property name="sun.os.patch.level" value=""/>
    <property name="java.vm.specification.name" value="Java Virtual Machine Specification"/>
    <property name="user.dir" value="C:\Users\Kailyn\CS362W17Section-001\projects\hellwegk\dominion\Assignment2"/>
    <property name="java.runtime.version" value="1.8.0_121-b13"/>
    <property name="java.awt.graphicsenv" value="sun.awt.Win32GraphicsEnvironment"/>
    <property name="java.endorsed.dirs" value="C:\Program Files\Java\jdk1.8.0_121\jre\lib\endorsed"/>
    <property name="os.arch" value="amd64"/>
    <property name="java.io.tmpdir" value="C:\Users\Kailyn\AppData\Local\Temp\"/>
    <property name="line.separator" value="
"/>
    <property name="java.vm.specification.vendor" value="Oracle Corporation"/>
    <property name="user.variant" value=""/>
    <property name="os.name" value="Windows 10"/>
    <property name="classworlds.conf" value="C:\Program Files\Apache\Maven\bin\m2.conf"/>
    <property name="sun.jnu.encoding" value="Cp1252"/>
    <property name="java.library.path" value="C:\Program Files\Java\jdk1.8.0_121\bin;C:\WINDOWS\Sun\Java\bin;C:\WINDOWS\system32;C:\WINDOWS;C:\Program Files\Haskell\bin;C:\Program Files\Haskell Platform\7.10.3\lib\extralibs\bin;C:\Program Files\Haskell Platform\7.10.3\bin;C:\ProgramData\Oracle\Java\javapath;c:\Program Files (x86)\Intel\iCLS Client\;c:\Program Files\Intel\iCLS Client\;C:\WINDOWS\system32;C:\WINDOWS;C:\WINDOWS\System32\Wbem;C:\WINDOWS\System32\WindowsPowerShell\v1.0\;C:\Program Files\Intel\Intel(R) Management Engine Components\DAL;C:\Program Files\Intel\Intel(R) Management Engine Components\IPT;C:\Program Files (x86)\Intel\Intel(R) Management Engine Components\DAL;C:\Program Files (x86)\Intel\Intel(R) Management Engine Components\IPT;C:\Program Files\Intel\WiFi\bin\;C:\Program Files\Common Files\Intel\WirelessCommon\;C:\Program Files\Microsoft SQL Server\110\Tools\Binn\;C:\Program Files\Microsoft SQL Server\120\Tools\Binn\;C:\Program Files (x86)\Microsoft SDKs\TypeScript\1.0\;C:\Program Files (x86)\Skype\Phone\;C:\Program Files\Haskell Platform\7.10.3\mingw\bin;C:\Users\Kailyn\.dnx\bin;C:\Program Files\Microsoft DNX\Dnvm\;C:\Program Files\Microsoft SQL Server\130\Tools\Binn\;C:\Program Files (x86)\Windows Kits\10\Windows Performance Toolkit\;c:\Program Files (x86)\Microsoft SQL Server\110\Tools\Binn\;c:\Program Files\Microsoft SQL Server\110\DTS\Binn\;c:\Program Files (x86)\Microsoft SQL Server\110\Tools\Binn\ManagementStudio\;c:\Program Files (x86)\Microsoft SQL Server\110\DTS\Binn\;C:\Program Files\Apache\Maven\bin;C:\Users\Kailyn\AppData\Roaming\cabal\bin;C:\Users\Kailyn\AppData\Local\Microsoft\WindowsApps;;."/>
    <property name="java.specification.name" value="Java Platform API Specification"/>
    <property name="java.class.version" value="52.0"/>
    <property name="sun.management.compiler" value="HotSpot 64-Bit Tiered Compilers"/>
    <property name="os.version" value="10.0"/>
    <property name="user.home" value="C:\Users\Kailyn"/>
    <property name="user.timezone" value="America/Los_Angeles"/>
    <property name="java.awt.printerjob" value="sun.awt.windows.WPrinterJob"/>
    <property name="java.specification.version" value="1.8"/>
    <property name="file.encoding" value="Cp1252"/>
    <property name="user.name" value="Kailyn"/>
    <property name="java.class.path" value="C:\Program Files\Apache\Maven\boot\plexus-classworlds-2.5.2.jar"/>
    <property name="java.vm.specification.version" value="1.8"/>
    <property name="sun.arch.data.model" value="64"/>
    <property name="java.home" value="C:\Program Files\Java\jdk1.8.0_121\jre"/>
    <property name="sun.java.command" value="org.codehaus.plexus.classworlds.launcher.Launcher package"/>
    <property name="java.specification.vendor" value="Oracle Corporation"/>
    <property name="user.language" value="en"/>
    <property name="awt.toolkit" value="sun.awt.windows.WToolkit"/>
    <property name="java.vm.info" value="mixed mode"/>
    <property name="java.version" value="1.8.0_121"/>
    <property name="java.ext.dirs" value="C:\Program Files\Java\jdk1.8.0_121\jre\lib\ext;C:\WINDOWS\Sun\Java\lib\ext"/>
    <property name="sun.boot.class.path" value="C:\Program Files\Java\jdk1.8.0_121\jre\lib\resources.jar;C:\Program Files\Java\jdk1.8.0_121\jre\lib\rt.jar;C:\Program Files\Java\jdk1.8.0_121\jre\lib\sunrsasign.jar;C:\Program Files\Java\jdk1.8.0_121\jre\lib\jsse.jar;C:\Program Files\Java\jdk1.8.0_121\jre\lib\jce.jar;C:\Program Files\Java\jdk1.8.0_121\jre\lib\charsets.jar;C:\Program Files\Java\jdk1.8.0_121\jre\lib\jfr.jar;C:\Program Files\Java\jdk1.8.0_121\jre\classes"/>
    <property name="sun.stderr.encoding" value="cp437"/>
    <property name="java.vendor" value="Oracle Corporation"/>
    <property name="maven.home" value="C:\Program Files\Apache\Maven"/>
    <property name="file.separator" value="\"/>
    <property name="java.vendor.url.bug" value="http://bugreport.sun.com/bugreport/"/>
    <property name="sun.cpu.endian" value="little"/>
    <property name="sun.io.unicode.encoding" value="UnicodeLittle"/>
    <property name="sun.stdout.encoding" value="cp437"/>
    <property name="sun.desktop" value="windows"/>
    <property name="sun.cpu.isalist" value="amd64"/>
  </properties>
  <testcase classname="RegressionTest" name="test001" time="0"/>
  <testcase classname="RegressionTest" name="test002" time="0"/>
  <testcase classname="RegressionTest" name="test003" time="0"/>
  <testcase classname="RegressionTest" name="test004" time="0"/>
  <testcase classname="RegressionTest" name="test005" time="0"/>
  <testcase classname="RegressionTest" name="test006" time="0"/>
  <testcase classname="RegressionTest" name="test007" time="0"/>
  <testcase classname="RegressionTest" name="test008" time="0.001">
    <failure type="java.lang.AssertionError">java.lang.AssertionError
	at org.junit.Assert.fail(Assert.java:86)
	at org.junit.Assert.assertTrue(Assert.java:41)
	at org.junit.Assert.assertTrue(Assert.java:52)
	at RegressionTest.test008(RegressionTest.java:127)
	at sun.reflect.NativeMethodAccessorImpl.invoke0(Native Method)
	at sun.reflect.NativeMethodAccessorImpl.invoke(NativeMethodAccessorImpl.java:62)
	at sun.reflect.DelegatingMethodAccessorImpl.invoke(DelegatingMethodAccessorImpl.java:43)
	at java.lang.reflect.Method.invoke(Method.java:498)
	at org.junit.runners.model.FrameworkMethod$1.runReflectiveCall(FrameworkMethod.java:47)
	at org.junit.internal.runners.model.ReflectiveCallable.run(ReflectiveCallable.java:12)
	at org.junit.runners.model.FrameworkMethod.invokeExplosively(FrameworkMethod.java:44)
	at org.junit.internal.runners.statements.InvokeMethod.evaluate(InvokeMethod.java:17)
	at org.junit.runners.ParentRunner.runLeaf(ParentRunner.java:271)
	at org.junit.runners.BlockJUnit4ClassRunner.runChild(BlockJUnit4ClassRunner.java:70)
	at org.junit.runners.BlockJUnit4ClassRunner.runChild(BlockJUnit4ClassRunner.java:50)
	at org.junit.runners.ParentRunner$3.run(ParentRunner.java:238)
	at org.junit.runners.ParentRunner$1.schedule(ParentRunner.java:63)
	at org.junit.runners.ParentRunner.runChildren(ParentRunner.java:236)
	at org.junit.runners.ParentRunner.access$000(ParentRunner.java:53)
	at org.junit.runners.ParentRunner$2.evaluate(ParentRunner.java:229)
	at org.junit.runners.ParentRunner.run(ParentRunner.java:309)
	at org.apache.maven.surefire.junit4.JUnit4Provider.execute(JUnit4Provider.java:252)
	at org.apache.maven.surefire.junit4.JUnit4Provider.executeTestSet(JUnit4Provider.java:141)
	at org.apache.maven.surefire.junit4.JUnit4Provider.invoke(JUnit4Provider.java:112)
	at sun.reflect.NativeMethodAccessorImpl.invoke0(Native Method)
	at sun.reflect.NativeMethodAccessorImpl.invoke(NativeMethodAccessorImpl.java:62)
	at sun.reflect.DelegatingMethodAccessorImpl.invoke(DelegatingMethodAccessorImpl.java:43)
	at java.lang.reflect.Method.invoke(Method.java:498)
	at org.apache.maven.surefire.util.ReflectionUtils.invokeMethodWithArray(ReflectionUtils.java:189)
	at org.apache.maven.surefire.booter.ProviderFactory$ProviderProxy.invoke(ProviderFactory.java:165)
	at org.apache.maven.surefire.booter.ProviderFactory.invokeProvider(ProviderFactory.java:85)
	at org.apache.maven.surefire.booter.ForkedBooter.runSuitesInProcess(ForkedBooter.java:115)
	at org.apache.maven.surefire.booter.ForkedBooter.main(ForkedBooter.java:75)
</failure>
  </testcase>
  <testcase classname="RegressionTest" name="test009" time="0"/>
  <testcase classname="RegressionTest" name="test010" time="0.001"/>
  <testcase classname="RegressionTest" name="test011" time="0.009"/>
  <testcase classname="RegressionTest" name="test012" time="0"/>
  <testcase classname="RegressionTest" name="test013" time="0"/>
  <testcase classname="RegressionTest" name="test014" time="0.013"/>
  <testcase classname="RegressionTest" name="test015" time="0"/>
  <testcase classname="RegressionTest" name="test016" time="0"/>
  <testcase classname="RegressionTest" name="test017" time="0">
    <failure message="&apos;curse&apos; != &apos;copper&apos;" type="java.lang.AssertionError">java.lang.AssertionError: &apos;curse&apos; != &apos;copper&apos;
	at org.junit.Assert.fail(Assert.java:88)
	at org.junit.Assert.assertTrue(Assert.java:41)
	at RegressionTest.test017(RegressionTest.java:648)
	at sun.reflect.NativeMethodAccessorImpl.invoke0(Native Method)
	at sun.reflect.NativeMethodAccessorImpl.invoke(NativeMethodAccessorImpl.java:62)
	at sun.reflect.DelegatingMethodAccessorImpl.invoke(DelegatingMethodAccessorImpl.java:43)
	at java.lang.reflect.Method.invoke(Method.java:498)
	at org.junit.runners.model.FrameworkMethod$1.runReflectiveCall(FrameworkMethod.java:47)
	at org.junit.internal.runners.model.ReflectiveCallable.run(ReflectiveCallable.java:12)
	at org.junit.runners.model.FrameworkMethod.invokeExplosively(FrameworkMethod.java:44)
	at org.junit.internal.runners.statements.InvokeMethod.evaluate(InvokeMethod.java:17)
	at org.junit.runners.ParentRunner.runLeaf(ParentRunner.java:271)
	at org.junit.runners.BlockJUnit4ClassRunner.runChild(BlockJUnit4ClassRunner.java:70)
	at org.junit.runners.BlockJUnit4ClassRunner.runChild(BlockJUnit4ClassRunner.java:50)
	at org.junit.runners.ParentRunner$3.run(ParentRunner.java:238)
	at org.junit.runners.ParentRunner$1.schedule(ParentRunner.java:63)
	at org.junit.runners.ParentRunner.runChildren(ParentRunner.java:236)
	at org.junit.runners.ParentRunner.access$000(ParentRunner.java:53)
	at org.junit.runners.ParentRunner$2.evaluate(ParentRunner.java:229)
	at org.junit.runners.ParentRunner.run(ParentRunner.java:309)
	at org.apache.maven.surefire.junit4.JUnit4Provider.execute(JUnit4Provider.java:252)
	at org.apache.maven.surefire.junit4.JUnit4Provider.executeTestSet(JUnit4Provider.java:141)
	at org.apache.maven.surefire.junit4.JUnit4Provider.invoke(JUnit4Provider.java:112)
	at sun.reflect.NativeMethodAccessorImpl.invoke0(Native Method)
	at sun.reflect.NativeMethodAccessorImpl.invoke(NativeMethodAccessorImpl.java:62)
	at sun.reflect.DelegatingMethodAccessorImpl.invoke(DelegatingMethodAccessorImpl.java:43)
	at java.lang.reflect.Method.invoke(Method.java:498)
	at org.apache.maven.surefire.util.ReflectionUtils.invokeMethodWithArray(ReflectionUtils.java:189)
	at org.apache.maven.surefire.booter.ProviderFactory$ProviderProxy.invoke(ProviderFactory.java:165)
	at org.apache.maven.surefire.booter.ProviderFactory.invokeProvider(ProviderFactory.java:85)
	at org.apache.maven.surefire.booter.ForkedBooter.runSuitesInProcess(ForkedBooter.java:115)
	at org.apache.maven.surefire.booter.ForkedBooter.main(ForkedBooter.java:75)
</failure>
  </testcase>
  <testcase classname="RegressionTest" name="test018" time="0"/>
  <testcase classname="RegressionTest" name="test019" time="0"/>
  <testcase classname="RegressionTest" name="test020" time="0"/>
  <testcase classname="RegressionTest" name="test021" time="0">
    <failure type="java.lang.AssertionError">java.lang.AssertionError
	at org.junit.Assert.fail(Assert.java:86)
	at org.junit.Assert.assertTrue(Assert.java:41)
	at org.junit.Assert.assertTrue(Assert.java:52)
	at RegressionTest.test021(RegressionTest.java:848)
	at sun.reflect.NativeMethodAccessorImpl.invoke0(Native Method)
	at sun.reflect.NativeMethodAccessorImpl.invoke(NativeMethodAccessorImpl.java:62)
	at sun.reflect.DelegatingMethodAccessorImpl.invoke(DelegatingMethodAccessorImpl.java:43)
	at java.lang.reflect.Method.invoke(Method.java:498)
	at org.junit.runners.model.FrameworkMethod$1.runReflectiveCall(FrameworkMethod.java:47)
	at org.junit.internal.runners.model.ReflectiveCallable.run(ReflectiveCallable.java:12)
	at org.junit.runners.model.FrameworkMethod.invokeExplosively(FrameworkMethod.java:44)
	at org.junit.internal.runners.statements.InvokeMethod.evaluate(InvokeMethod.java:17)
	at org.junit.runners.ParentRunner.runLeaf(ParentRunner.java:271)
	at org.junit.runners.BlockJUnit4ClassRunner.runChild(BlockJUnit4ClassRunner.java:70)
	at org.junit.runners.BlockJUnit4ClassRunner.runChild(BlockJUnit4ClassRunner.java:50)
	at org.junit.runners.ParentRunner$3.run(ParentRunner.java:238)
	at org.junit.runners.ParentRunner$1.schedule(ParentRunner.java:63)
	at org.junit.runners.ParentRunner.runChildren(ParentRunner.java:236)
	at org.junit.runners.ParentRunner.access$000(ParentRunner.java:53)
	at org.junit.runners.ParentRunner$2.evaluate(ParentRunner.java:229)
	at org.junit.runners.ParentRunner.run(ParentRunner.java:309)
	at org.apache.maven.surefire.junit4.JUnit4Provider.execute(JUnit4Provider.java:252)
	at org.apache.maven.surefire.junit4.JUnit4Provider.executeTestSet(JUnit4Provider.java:141)
	at org.apache.maven.surefire.junit4.JUnit4Provider.invoke(JUnit4Provider.java:112)
	at sun.reflect.NativeMethodAccessorImpl.invoke0(Native Method)
	at sun.reflect.NativeMethodAccessorImpl.invoke(NativeMethodAccessorImpl.java:62)
	at sun.reflect.DelegatingMethodAccessorImpl.invoke(DelegatingMethodAccessorImpl.java:43)
	at java.lang.reflect.Method.invoke(Method.java:498)
	at org.apache.maven.surefire.util.ReflectionUtils.invokeMethodWithArray(ReflectionUtils.java:189)
	at org.apache.maven.surefire.booter.ProviderFactory$ProviderProxy.invoke(ProviderFactory.java:165)
	at org.apache.maven.surefire.booter.ProviderFactory.invokeProvider(ProviderFactory.java:85)
	at org.apache.maven.surefire.booter.ForkedBooter.runSuitesInProcess(ForkedBooter.java:115)
	at org.apache.maven.surefire.booter.ForkedBooter.main(ForkedBooter.java:75)
</failure>
    <system-out>Player1 had no coppers to discard. 
Player2 had no coppers to discard. 
hi! gained mine to top of deck.
hi! discarded council_room
hi! gained feast to top of deck.
</system-out>
  </testcase>
  <testcase classname="RegressionTest" name="test022" time="0.017">
    <failure message="&apos;curse&apos; != &apos;copper&apos;" type="java.lang.AssertionError">java.lang.AssertionError: &apos;curse&apos; != &apos;copper&apos;
	at org.junit.Assert.fail(Assert.java:88)
	at org.junit.Assert.assertTrue(Assert.java:41)
	at RegressionTest.test022(RegressionTest.java:945)
	at sun.reflect.NativeMethodAccessorImpl.invoke0(Native Method)
	at sun.reflect.NativeMethodAccessorImpl.invoke(NativeMethodAccessorImpl.java:62)
	at sun.reflect.DelegatingMethodAccessorImpl.invoke(DelegatingMethodAccessorImpl.java:43)
	at java.lang.reflect.Method.invoke(Method.java:498)
	at org.junit.runners.model.FrameworkMethod$1.runReflectiveCall(FrameworkMethod.java:47)
	at org.junit.internal.runners.model.ReflectiveCallable.run(ReflectiveCallable.java:12)
	at org.junit.runners.model.FrameworkMethod.invokeExplosively(FrameworkMethod.java:44)
	at org.junit.internal.runners.statements.InvokeMethod.evaluate(InvokeMethod.java:17)
	at org.junit.runners.ParentRunner.runLeaf(ParentRunner.java:271)
	at org.junit.runners.BlockJUnit4ClassRunner.runChild(BlockJUnit4ClassRunner.java:70)
	at org.junit.runners.BlockJUnit4ClassRunner.runChild(BlockJUnit4ClassRunner.java:50)
	at org.junit.runners.ParentRunner$3.run(ParentRunner.java:238)
	at org.junit.runners.ParentRunner$1.schedule(ParentRunner.java:63)
	at org.junit.runners.ParentRunner.runChildren(ParentRunner.java:236)
	at org.junit.runners.ParentRunner.access$000(ParentRunner.java:53)
	at org.junit.runners.ParentRunner$2.evaluate(ParentRunner.java:229)
	at org.junit.runners.ParentRunner.run(ParentRunner.java:309)
	at org.apache.maven.surefire.junit4.JUnit4Provider.execute(JUnit4Provider.java:252)
	at org.apache.maven.surefire.junit4.JUnit4Provider.executeTestSet(JUnit4Provider.java:141)
	at org.apache.maven.surefire.junit4.JUnit4Provider.invoke(JUnit4Provider.java:112)
	at sun.reflect.NativeMethodAccessorImpl.invoke0(Native Method)
	at sun.reflect.NativeMethodAccessorImpl.invoke(NativeMethodAccessorImpl.java:62)
	at sun.reflect.DelegatingMethodAccessorImpl.invoke(DelegatingMethodAccessorImpl.java:43)
	at java.lang.reflect.Method.invoke(Method.java:498)
	at org.apache.maven.surefire.util.ReflectionUtils.invokeMethodWithArray(ReflectionUtils.java:189)
	at org.apache.maven.surefire.booter.ProviderFactory$ProviderProxy.invoke(ProviderFactory.java:165)
	at org.apache.maven.surefire.booter.ProviderFactory.invokeProvider(ProviderFactory.java:85)
	at org.apache.maven.surefire.booter.ForkedBooter.runSuitesInProcess(ForkedBooter.java:115)
	at org.apache.maven.surefire.booter.ForkedBooter.main(ForkedBooter.java:75)
</failure>
    <system-out>
STARTING NEW GAME!

Player1 is now starting a turn.
Shuffling Player1&apos;s deck.
copper was drawn from the deck.
copper was drawn from the deck.
estate was drawn from the deck.
copper was drawn from the deck.
estate was drawn from the deck.
Player1 bought duchy

Player2 is now starting a turn.
Shuffling Player2&apos;s deck.
copper was drawn from the deck.
copper was drawn from the deck.
estate was drawn from the deck.
copper was drawn from the deck.
copper was drawn from the deck.
Player2 bought duchy

Player1 is now starting a turn.
copper was drawn from the deck.
estate was drawn from the deck.
copper was drawn from the deck.
copper was drawn from the deck.
copper was drawn from the deck.
Player1 bought mine

Player2 is now starting a turn.
copper was drawn from the deck.
copper was drawn from the deck.
estate was drawn from the deck.
estate was drawn from the deck.
copper was drawn from the deck.
Player2 bought mine

Player1 is now starting a turn.
Shuffling Player1&apos;s deck.
copper was drawn from the deck.
mine was drawn from the deck.
estate was drawn from the deck.
estate was drawn from the deck.
copper was drawn from the deck.
Playing action card: mine
Player1 gained gold
Player1 gained curse card because of embargo token.
Player1 gained curse
Player1 bought gold

Player2 is now starting a turn.
Shuffling Player2&apos;s deck.
estate was drawn from the deck.
mine was drawn from the deck.
copper was drawn from the deck.
copper was drawn from the deck.
copper was drawn from the deck.
Playing action card: mine
Player2 gained gold
Player2 gained curse card because of embargo token.
Player2 gained curse
Player2 bought gold

Player1 is now starting a turn.
estate was drawn from the deck.
copper was drawn from the deck.
copper was drawn from the deck.
copper was drawn from the deck.
copper was drawn from the deck.
Player1 bought duchy

Player2 is now starting a turn.
copper was drawn from the deck.
copper was drawn from the deck.
copper was drawn from the deck.
estate was drawn from the deck.
copper was drawn from the deck.
Player2 bought duchy

Player1 is now starting a turn.
duchy was drawn from the deck.
copper was drawn from the deck.
Shuffling Player1&apos;s deck.
copper was drawn from the deck.
copper was drawn from the deck.
curse was drawn from the deck.
Player1 bought ambassador

Player2 is now starting a turn.
duchy was drawn from the deck.
estate was drawn from the deck.
Shuffling Player2&apos;s deck.
gold was drawn from the deck.
curse was drawn from the deck.
gold was drawn from the deck.
Player2 gained curse card because of embargo token.
Player2 gained curse
Player2 bought gold

Player1 is now starting a turn.
copper was drawn from the deck.
estate was drawn from the deck.
gold was drawn from the deck.
copper was drawn from the deck.
duchy was drawn from the deck.
Player1 gained curse card because of embargo token.
Player1 gained curse
Player1 bought gold

Player2 is now starting a turn.
copper was drawn from the deck.
copper was drawn from the deck.
copper was drawn from the deck.
duchy was drawn from the deck.
estate was drawn from the deck.
Player2 bought seahag

Player1 is now starting a turn.
copper was drawn from the deck.
copper was drawn from the deck.
estate was drawn from the deck.
mine was drawn from the deck.
gold was drawn from the deck.
Playing action card: mine
Player1 gained gold
Player1 gained curse card because of embargo token.
Player1 gained curse
Player1 gained curse card because of embargo token.
Player1 gained curse
Player1 gained curse card because of embargo token.
Player1 gained curse
Player1 bought province

Player2 is now starting a turn.
copper was drawn from the deck.
mine was drawn from the deck.
copper was drawn from the deck.
estate was drawn from the deck.
copper was drawn from the deck.
Playing action card: mine
Player2 gained gold
Player2 gained curse card because of embargo token.
Player2 gained curse
Player2 bought gold

Player1 is now starting a turn.
estate was drawn from the deck.
Shuffling Player1&apos;s deck.
gold was drawn from the deck.
copper was drawn from the deck.
duchy was drawn from the deck.
copper was drawn from the deck.
Player1 bought adventurer

Player2 is now starting a turn.
copper was drawn from the deck.
Shuffling Player2&apos;s deck.
curse was drawn from the deck.
gold was drawn from the deck.
duchy was drawn from the deck.
gold was drawn from the deck.
Player2 bought adventurer

Player1 is now starting a turn.
estate was drawn from the deck.
estate was drawn from the deck.
duchy was drawn from the deck.
copper was drawn from the deck.
province was drawn from the deck.
Player1 bought ambassador

Player2 is now starting a turn.
copper was drawn from the deck.
gold was drawn from the deck.
copper was drawn from the deck.
curse was drawn from the deck.
estate was drawn from the deck.
Player2 gained curse card because of embargo token.
Player2 gained curse
Player2 bought gold

Player1 is now starting a turn.
curse was drawn from the deck.
gold was drawn from the deck.
gold was drawn from the deck.
mine was drawn from the deck.
curse was drawn from the deck.
Playing action card: mine
Player1 gained gold
Player1 gained curse card because of embargo token.
Player1 gained curse
Player1 bought province

Player2 is now starting a turn.
copper was drawn from the deck.
estate was drawn from the deck.
copper was drawn from the deck.
copper was drawn from the deck.
duchy was drawn from the deck.
Player2 bought cutpurse

Player1 is now starting a turn.
copper was drawn from the deck.
copper was drawn from the deck.
curse was drawn from the deck.
copper was drawn from the deck.
ambassador was drawn from the deck.
Playing action card: ambassador
Player1 returned 0 copies of copper
Player2 gained copper
Player1 bought village

Player2 is now starting a turn.
estate was drawn from the deck.
gold was drawn from the deck.
copper was drawn from the deck.
curse was drawn from the deck.
gold was drawn from the deck.
Player2 bought province

Player1 is now starting a turn.
copper was drawn from the deck.
gold was drawn from the deck.
curse was drawn from the deck.
curse was drawn from the deck.
Shuffling Player1&apos;s deck.
curse was drawn from the deck.
Player1 bought seahag

Player2 is now starting a turn.
mine was drawn from the deck.
seahag was drawn from the deck.
Shuffling Player2&apos;s deck.
estate was drawn from the deck.
cutpurse was drawn from the deck.
copper was drawn from the deck.
Playing action card: mine
Player2 gained gold
Player2 bought duchy

Player1 is now starting a turn.
gold was drawn from the deck.
copper was drawn from the deck.
curse was drawn from the deck.
gold was drawn from the deck.
curse was drawn from the deck.
Player1 bought adventurer

Player2 is now starting a turn.
copper was drawn from the deck.
curse was drawn from the deck.
province was drawn from the deck.
estate was drawn from the deck.
copper was drawn from the deck.
Player2 bought great_hall

Player1 is now starting a turn.
copper was drawn from the deck.
gold was drawn from the deck.
duchy was drawn from the deck.
curse was drawn from the deck.
gold was drawn from the deck.
Player1 bought gold

Player2 is now starting a turn.
gold was drawn from the deck.
estate was drawn from the deck.
copper was drawn from the deck.
gold was drawn from the deck.
copper was drawn from the deck.
Player2 bought province

Player1 is now starting a turn.
village was drawn from the deck.
estate was drawn from the deck.
adventurer was drawn from the deck.
copper was drawn from the deck.
copper was drawn from the deck.
Playing action card: adventurer
copper was drawn from the deck.
mine was drawn from the deck.
Player1 discarded mine
province was drawn from the deck.
Player1 discarded province
ambassador was drawn from the deck.
Player1 discarded ambassador
copper was drawn from the deck.
Player1 bought duchy

Player2 is now starting a turn.
gold was drawn from the deck.
copper was drawn from the deck.
gold was drawn from the deck.
gold was drawn from the deck.
copper was drawn from the deck.
Player2 bought province

Player1 is now starting a turn.
duchy was drawn from the deck.
estate was drawn from the deck.
estate was drawn from the deck.
ambassador was drawn from the deck.
province was drawn from the deck.
Playing action card: ambassador
Player1 returned 0 copies of estate
Player2 gained estate
Player1 bought estate

Player2 is now starting a turn.
copper was drawn from the deck.
gold was drawn from the deck.
curse was drawn from the deck.
curse was drawn from the deck.
duchy was drawn from the deck.
Player2 bought cutpurse

Player1 is now starting a turn.
Shuffling Player1&apos;s deck.
gold was drawn from the deck.
gold was drawn from the deck.
ambassador was drawn from the deck.
duchy was drawn from the deck.
gold was drawn from the deck.
Playing action card: ambassador
Player1 returned 1 copies of gold
Player2 gained gold
Player1 bought adventurer

Player2 is now starting a turn.
curse was drawn from the deck.
adventurer was drawn from the deck.
duchy was drawn from the deck.
Shuffling Player2&apos;s deck.
copper was drawn from the deck.
province was drawn from the deck.
Playing action card: adventurer
gold was drawn from the deck.
gold was drawn from the deck.
Player2 bought gold

Player1 is now starting a turn.
estate was drawn from the deck.
copper was drawn from the deck.
copper was drawn from the deck.
copper was drawn from the deck.
village was drawn from the deck.
Playing action card: village
estate was drawn from the deck.
Player1 bought mine

Player2 is now starting a turn.
gold was drawn from the deck.
copper was drawn from the deck.
mine was drawn from the deck.
copper was drawn from the deck.
province was drawn from the deck.
Playing action card: mine
Player2 gained gold
Player2 bought province

Player1 is now starting a turn.
curse was drawn from the deck.
duchy was drawn from the deck.
adventurer was drawn from the deck.
ambassador was drawn from the deck.
curse was drawn from the deck.
Playing action card: adventurer
estate was drawn from the deck.
Player1 discarded estate
copper was drawn from the deck.
duchy was drawn from the deck.
Player1 discarded duchy
curse was drawn from the deck.
Player1 discarded curse
curse was drawn from the deck.
Player1 discarded curse
mine was drawn from the deck.
Player1 discarded mine
adventurer was drawn from the deck.
Player1 discarded adventurer
province was drawn from the deck.
Player1 discarded province
copper was drawn from the deck.
Player1 bought estate

Player2 is now starting a turn.
copper was drawn from the deck.
duchy was drawn from the deck.
curse was drawn from the deck.
gold was drawn from the deck.
cutpurse was drawn from the deck.
Playing action card: cutpurse
Player1 had no coppers to discard. 
Player2 bought gold

Player1 is now starting a turn.
province was drawn from the deck.
gold was drawn from the deck.
copper was drawn from the deck.
curse was drawn from the deck.
seahag was drawn from the deck.
Playing action card: seahag
copper was drawn from the deck.
Player2 discarded copper
Player2 gained curse to top of deck.
Player1 bought seahag

Player2 is now starting a turn.
curse was drawn from the deck.
gold was drawn from the deck.
seahag was drawn from the deck.
copper was drawn from the deck.
curse was drawn from the deck.
Playing action card: seahag
curse was drawn from the deck.
Player1 discarded curse
Player1 gained curse to top of deck.
Player2 bought seahag

Player1 is now starting a turn.
curse was drawn from the deck.
gold was drawn from the deck.
gold was drawn from the deck.
copper was drawn from the deck.
estate was drawn from the deck.
Player1 bought province

Player2 is now starting a turn.
estate was drawn from the deck.
estate was drawn from the deck.
copper was drawn from the deck.
copper was drawn from the deck.
province was drawn from the deck.
Player2 bought cutpurse

Player1 is now starting a turn.
Shuffling Player1&apos;s deck.
curse was drawn from the deck.
duchy was drawn from the deck.
village was drawn from the deck.
gold was drawn from the deck.
copper was drawn from the deck.
Playing action card: village
mine was drawn from the deck.
Playing action card: mine
Player1 gained gold
Player1 bought adventurer

Player2 is now starting a turn.
duchy was drawn from the deck.
estate was drawn from the deck.
estate was drawn from the deck.
gold was drawn from the deck.
gold was drawn from the deck.
Player2 bought province
GAME OVER! Province card pile is empty. 
Player1: 137
Player2: 119
Player1: 137
Player2: 119
GAME OVER! Province card pile is empty. 

STARTING NEW GAME!

Player1 is now starting a turn.
Shuffling Player1&apos;s deck.
copper was drawn from the deck.
copper was drawn from the deck.
estate was drawn from the deck.
copper was drawn from the deck.
estate was drawn from the deck.
Player1 bought duchy

Player2 is now starting a turn.
Shuffling Player2&apos;s deck.
copper was drawn from the deck.
copper was drawn from the deck.
estate was drawn from the deck.
copper was drawn from the deck.
copper was drawn from the deck.
Player2 bought duchy

Player1 is now starting a turn.
copper was drawn from the deck.
estate was drawn from the deck.
copper was drawn from the deck.
copper was drawn from the deck.
copper was drawn from the deck.
Player1 bought mine

Player2 is now starting a turn.
copper was drawn from the deck.
copper was drawn from the deck.
estate was drawn from the deck.
estate was drawn from the deck.
copper was drawn from the deck.
Player2 bought mine

Player1 is now starting a turn.
Shuffling Player1&apos;s deck.
copper was drawn from the deck.
mine was drawn from the deck.
estate was drawn from the deck.
estate was drawn from the deck.
copper was drawn from the deck.
Playing action card: mine
Player1 gained gold
Player1 gained curse card because of embargo token.
Player1 gained curse
Player1 bought gold

Player2 is now starting a turn.
Shuffling Player2&apos;s deck.
estate was drawn from the deck.
mine was drawn from the deck.
copper was drawn from the deck.
copper was drawn from the deck.
copper was drawn from the deck.
Playing action card: mine
Player2 gained gold
Player2 gained curse card because of embargo token.
Player2 gained curse
Player2 bought gold

Player1 is now starting a turn.
estate was drawn from the deck.
copper was drawn from the deck.
copper was drawn from the deck.
copper was drawn from the deck.
copper was drawn from the deck.
Player1 bought duchy

Player2 is now starting a turn.
copper was drawn from the deck.
copper was drawn from the deck.
copper was drawn from the deck.
estate was drawn from the deck.
copper was drawn from the deck.
Player2 bought duchy

Player1 is now starting a turn.
duchy was drawn from the deck.
copper was drawn from the deck.
Shuffling Player1&apos;s deck.
copper was drawn from the deck.
copper was drawn from the deck.
curse was drawn from the deck.
Player1 bought ambassador

Player2 is now starting a turn.
duchy was drawn from the deck.
estate was drawn from the deck.
Shuffling Player2&apos;s deck.
gold was drawn from the deck.
curse was drawn from the deck.
gold was drawn from the deck.
Player2 gained curse card because of embargo token.
Player2 gained curse
Player2 bought gold

Player1 is now starting a turn.
copper was drawn from the deck.
estate was drawn from the deck.
gold was drawn from the deck.
copper was drawn from the deck.
duchy was drawn from the deck.
Player1 gained curse card because of embargo token.
Player1 gained curse
Player1 bought gold

Player2 is now starting a turn.
copper was drawn from the deck.
copper was drawn from the deck.
copper was drawn from the deck.
duchy was drawn from the deck.
estate was drawn from the deck.
Player2 bought seahag

Player1 is now starting a turn.
copper was drawn from the deck.
copper was drawn from the deck.
estate was drawn from the deck.
mine was drawn from the deck.
gold was drawn from the deck.
Playing action card: mine
Player1 gained gold
Player1 gained curse card because of embargo token.
Player1 gained curse
Player1 gained curse card because of embargo token.
Player1 gained curse
Player1 gained curse card because of embargo token.
Player1 gained curse
Player1 bought province

Player2 is now starting a turn.
copper was drawn from the deck.
mine was drawn from the deck.
copper was drawn from the deck.
estate was drawn from the deck.
copper was drawn from the deck.
Playing action card: mine
Player2 gained gold
Player2 gained curse card because of embargo token.
Player2 gained curse
Player2 bought gold

Player1 is now starting a turn.
estate was drawn from the deck.
Shuffling Player1&apos;s deck.
gold was drawn from the deck.
copper was drawn from the deck.
duchy was drawn from the deck.
copper was drawn from the deck.
Player1 bought adventurer

Player2 is now starting a turn.
copper was drawn from the deck.
Shuffling Player2&apos;s deck.
curse was drawn from the deck.
gold was drawn from the deck.
duchy was drawn from the deck.
gold was drawn from the deck.
Player2 bought adventurer

Player1 is now starting a turn.
estate was drawn from the deck.
estate was drawn from the deck.
duchy was drawn from the deck.
copper was drawn from the deck.
province was drawn from the deck.
Player1 bought ambassador

Player2 is now starting a turn.
copper was drawn from the deck.
gold was drawn from the deck.
copper was drawn from the deck.
curse was drawn from the deck.
estate was drawn from the deck.
Player2 gained curse card because of embargo token.
Player2 gained curse
Player2 bought gold

Player1 is now starting a turn.
curse was drawn from the deck.
gold was drawn from the deck.
gold was drawn from the deck.
mine was drawn from the deck.
curse was drawn from the deck.
Playing action card: mine
Player1 gained gold
Player1 gained curse card because of embargo token.
Player1 gained curse
Player1 bought province

Player2 is now starting a turn.
copper was drawn from the deck.
estate was drawn from the deck.
copper was drawn from the deck.
copper was drawn from the deck.
duchy was drawn from the deck.
Player2 bought cutpurse

Player1 is now starting a turn.
copper was drawn from the deck.
copper was drawn from the deck.
curse was drawn from the deck.
copper was drawn from the deck.
ambassador was drawn from the deck.
Playing action card: ambassador
Player1 returned 0 copies of copper
Player2 gained copper
Player1 bought village

Player2 is now starting a turn.
estate was drawn from the deck.
gold was drawn from the deck.
copper was drawn from the deck.
curse was drawn from the deck.
gold was drawn from the deck.
Player2 bought province

Player1 is now starting a turn.
copper was drawn from the deck.
gold was drawn from the deck.
curse was drawn from the deck.
curse was drawn from the deck.
Shuffling Player1&apos;s deck.
curse was drawn from the deck.
Player1 bought seahag

Player2 is now starting a turn.
mine was drawn from the deck.
seahag was drawn from the deck.
Shuffling Player2&apos;s deck.
estate was drawn from the deck.
cutpurse was drawn from the deck.
copper was drawn from the deck.
Playing action card: mine
Player2 gained gold
Player2 bought duchy

Player1 is now starting a turn.
gold was drawn from the deck.
copper was drawn from the deck.
curse was drawn from the deck.
gold was drawn from the deck.
curse was drawn from the deck.
Player1 bought adventurer

Player2 is now starting a turn.
copper was drawn from the deck.
curse was drawn from the deck.
province was drawn from the deck.
estate was drawn from the deck.
copper was drawn from the deck.
Player2 bought great_hall

Player1 is now starting a turn.
copper was drawn from the deck.
gold was drawn from the deck.
duchy was drawn from the deck.
curse was drawn from the deck.
gold was drawn from the deck.
Player1 bought gold

Player2 is now starting a turn.
gold was drawn from the deck.
estate was drawn from the deck.
copper was drawn from the deck.
gold was drawn from the deck.
copper was drawn from the deck.
Player2 bought province

Player1 is now starting a turn.
village was drawn from the deck.
estate was drawn from the deck.
adventurer was drawn from the deck.
copper was drawn from the deck.
copper was drawn from the deck.
Playing action card: adventurer
copper was drawn from the deck.
mine was drawn from the deck.
Player1 discarded mine
province was drawn from the deck.
Player1 discarded province
ambassador was drawn from the deck.
Player1 discarded ambassador
copper was drawn from the deck.
Player1 bought duchy

Player2 is now starting a turn.
gold was drawn from the deck.
copper was drawn from the deck.
gold was drawn from the deck.
gold was drawn from the deck.
copper was drawn from the deck.
Player2 bought province

Player1 is now starting a turn.
duchy was drawn from the deck.
estate was drawn from the deck.
estate was drawn from the deck.
ambassador was drawn from the deck.
province was drawn from the deck.
Playing action card: ambassador
Player1 returned 0 copies of estate
Player2 gained estate
Player1 bought estate

Player2 is now starting a turn.
copper was drawn from the deck.
gold was drawn from the deck.
curse was drawn from the deck.
curse was drawn from the deck.
duchy was drawn from the deck.
Player2 bought cutpurse

Player1 is now starting a turn.
Shuffling Player1&apos;s deck.
gold was drawn from the deck.
gold was drawn from the deck.
ambassador was drawn from the deck.
duchy was drawn from the deck.
gold was drawn from the deck.
Playing action card: ambassador
Player1 returned 1 copies of gold
Player2 gained gold
Player1 bought adventurer

Player2 is now starting a turn.
curse was drawn from the deck.
adventurer was drawn from the deck.
duchy was drawn from the deck.
Shuffling Player2&apos;s deck.
copper was drawn from the deck.
province was drawn from the deck.
Playing action card: adventurer
gold was drawn from the deck.
gold was drawn from the deck.
Player2 bought gold

Player1 is now starting a turn.
estate was drawn from the deck.
copper was drawn from the deck.
copper was drawn from the deck.
copper was drawn from the deck.
village was drawn from the deck.
Playing action card: village
estate was drawn from the deck.
Player1 bought mine

Player2 is now starting a turn.
gold was drawn from the deck.
copper was drawn from the deck.
mine was drawn from the deck.
copper was drawn from the deck.
province was drawn from the deck.
Playing action card: mine
Player2 gained gold
Player2 bought province

Player1 is now starting a turn.
curse was drawn from the deck.
duchy was drawn from the deck.
adventurer was drawn from the deck.
ambassador was drawn from the deck.
curse was drawn from the deck.
Playing action card: adventurer
estate was drawn from the deck.
Player1 discarded estate
copper was drawn from the deck.
duchy was drawn from the deck.
Player1 discarded duchy
curse was drawn from the deck.
Player1 discarded curse
curse was drawn from the deck.
Player1 discarded curse
mine was drawn from the deck.
Player1 discarded mine
adventurer was drawn from the deck.
Player1 discarded adventurer
province was drawn from the deck.
Player1 discarded province
copper was drawn from the deck.
Player1 bought estate

Player2 is now starting a turn.
copper was drawn from the deck.
duchy was drawn from the deck.
curse was drawn from the deck.
gold was drawn from the deck.
cutpurse was drawn from the deck.
Playing action card: cutpurse
Player1 had no coppers to discard. 
Player2 bought gold

Player1 is now starting a turn.
province was drawn from the deck.
gold was drawn from the deck.
copper was drawn from the deck.
curse was drawn from the deck.
seahag was drawn from the deck.
Playing action card: seahag
copper was drawn from the deck.
Player2 discarded copper
Player2 gained curse to top of deck.
Player1 bought seahag

Player2 is now starting a turn.
curse was drawn from the deck.
gold was drawn from the deck.
seahag was drawn from the deck.
copper was drawn from the deck.
curse was drawn from the deck.
Playing action card: seahag
curse was drawn from the deck.
Player1 discarded curse
Player1 gained curse to top of deck.
Player2 bought seahag

Player1 is now starting a turn.
curse was drawn from the deck.
gold was drawn from the deck.
gold was drawn from the deck.
copper was drawn from the deck.
estate was drawn from the deck.
Player1 bought province

Player2 is now starting a turn.
estate was drawn from the deck.
estate was drawn from the deck.
copper was drawn from the deck.
copper was drawn from the deck.
province was drawn from the deck.
Player2 bought cutpurse

Player1 is now starting a turn.
Shuffling Player1&apos;s deck.
curse was drawn from the deck.
duchy was drawn from the deck.
village was drawn from the deck.
gold was drawn from the deck.
copper was drawn from the deck.
Playing action card: village
mine was drawn from the deck.
Playing action card: mine
Player1 gained gold
Player1 bought adventurer

Player2 is now starting a turn.
duchy was drawn from the deck.
estate was drawn from the deck.
estate was drawn from the deck.
gold was drawn from the deck.
gold was drawn from the deck.
Player2 bought province
GAME OVER! Province card pile is empty. 
Player1: 137
Player2: 119
Player1: 137
Player2: 119
Player1 gained duchy
Player2 gained duchy
</system-out>
  </testcase>
  <testcase classname="RegressionTest" name="test023" time="0"/>
  <testcase classname="RegressionTest" name="test024" time="0">
    <failure message="&apos;curse&apos; != &apos;copper&apos;" type="java.lang.AssertionError">java.lang.AssertionError: &apos;curse&apos; != &apos;copper&apos;
	at org.junit.Assert.fail(Assert.java:88)
	at org.junit.Assert.assertTrue(Assert.java:41)
	at RegressionTest.test024(RegressionTest.java:1067)
	at sun.reflect.NativeMethodAccessorImpl.invoke0(Native Method)
	at sun.reflect.NativeMethodAccessorImpl.invoke(NativeMethodAccessorImpl.java:62)
	at sun.reflect.DelegatingMethodAccessorImpl.invoke(DelegatingMethodAccessorImpl.java:43)
	at java.lang.reflect.Method.invoke(Method.java:498)
	at org.junit.runners.model.FrameworkMethod$1.runReflectiveCall(FrameworkMethod.java:47)
	at org.junit.internal.runners.model.ReflectiveCallable.run(ReflectiveCallable.java:12)
	at org.junit.runners.model.FrameworkMethod.invokeExplosively(FrameworkMethod.java:44)
	at org.junit.internal.runners.statements.InvokeMethod.evaluate(InvokeMethod.java:17)
	at org.junit.runners.ParentRunner.runLeaf(ParentRunner.java:271)
	at org.junit.runners.BlockJUnit4ClassRunner.runChild(BlockJUnit4ClassRunner.java:70)
	at org.junit.runners.BlockJUnit4ClassRunner.runChild(BlockJUnit4ClassRunner.java:50)
	at org.junit.runners.ParentRunner$3.run(ParentRunner.java:238)
	at org.junit.runners.ParentRunner$1.schedule(ParentRunner.java:63)
	at org.junit.runners.ParentRunner.runChildren(ParentRunner.java:236)
	at org.junit.runners.ParentRunner.access$000(ParentRunner.java:53)
	at org.junit.runners.ParentRunner$2.evaluate(ParentRunner.java:229)
	at org.junit.runners.ParentRunner.run(ParentRunner.java:309)
	at org.apache.maven.surefire.junit4.JUnit4Provider.execute(JUnit4Provider.java:252)
	at org.apache.maven.surefire.junit4.JUnit4Provider.executeTestSet(JUnit4Provider.java:141)
	at org.apache.maven.surefire.junit4.JUnit4Provider.invoke(JUnit4Provider.java:112)
	at sun.reflect.NativeMethodAccessorImpl.invoke0(Native Method)
	at sun.reflect.NativeMethodAccessorImpl.invoke(NativeMethodAccessorImpl.java:62)
	at sun.reflect.DelegatingMethodAccessorImpl.invoke(DelegatingMethodAccessorImpl.java:43)
	at java.lang.reflect.Method.invoke(Method.java:498)
	at org.apache.maven.surefire.util.ReflectionUtils.invokeMethodWithArray(ReflectionUtils.java:189)
	at org.apache.maven.surefire.booter.ProviderFactory$ProviderProxy.invoke(ProviderFactory.java:165)
	at org.apache.maven.surefire.booter.ProviderFactory.invokeProvider(ProviderFactory.java:85)
	at org.apache.maven.surefire.booter.ForkedBooter.runSuitesInProcess(ForkedBooter.java:115)
	at org.apache.maven.surefire.booter.ForkedBooter.main(ForkedBooter.java:75)
</failure>
  </testcase>
  <testcase classname="RegressionTest" name="test025" time="0"/>
  <testcase classname="RegressionTest" name="test026" time="0"/>
  <testcase classname="RegressionTest" name="test027" time="0.013">
    <failure message="&apos;curse&apos; != &apos;copper&apos;" type="java.lang.AssertionError">java.lang.AssertionError: &apos;curse&apos; != &apos;copper&apos;
	at org.junit.Assert.fail(Assert.java:88)
	at org.junit.Assert.assertTrue(Assert.java:41)
	at RegressionTest.test027(RegressionTest.java:1213)
	at sun.reflect.NativeMethodAccessorImpl.invoke0(Native Method)
	at sun.reflect.NativeMethodAccessorImpl.invoke(NativeMethodAccessorImpl.java:62)
	at sun.reflect.DelegatingMethodAccessorImpl.invoke(DelegatingMethodAccessorImpl.java:43)
	at java.lang.reflect.Method.invoke(Method.java:498)
	at org.junit.runners.model.FrameworkMethod$1.runReflectiveCall(FrameworkMethod.java:47)
	at org.junit.internal.runners.model.ReflectiveCallable.run(ReflectiveCallable.java:12)
	at org.junit.runners.model.FrameworkMethod.invokeExplosively(FrameworkMethod.java:44)
	at org.junit.internal.runners.statements.InvokeMethod.evaluate(InvokeMethod.java:17)
	at org.junit.runners.ParentRunner.runLeaf(ParentRunner.java:271)
	at org.junit.runners.BlockJUnit4ClassRunner.runChild(BlockJUnit4ClassRunner.java:70)
	at org.junit.runners.BlockJUnit4ClassRunner.runChild(BlockJUnit4ClassRunner.java:50)
	at org.junit.runners.ParentRunner$3.run(ParentRunner.java:238)
	at org.junit.runners.ParentRunner$1.schedule(ParentRunner.java:63)
	at org.junit.runners.ParentRunner.runChildren(ParentRunner.java:236)
	at org.junit.runners.ParentRunner.access$000(ParentRunner.java:53)
	at org.junit.runners.ParentRunner$2.evaluate(ParentRunner.java:229)
	at org.junit.runners.ParentRunner.run(ParentRunner.java:309)
	at org.apache.maven.surefire.junit4.JUnit4Provider.execute(JUnit4Provider.java:252)
	at org.apache.maven.surefire.junit4.JUnit4Provider.executeTestSet(JUnit4Provider.java:141)
	at org.apache.maven.surefire.junit4.JUnit4Provider.invoke(JUnit4Provider.java:112)
	at sun.reflect.NativeMethodAccessorImpl.invoke0(Native Method)
	at sun.reflect.NativeMethodAccessorImpl.invoke(NativeMethodAccessorImpl.java:62)
	at sun.reflect.DelegatingMethodAccessorImpl.invoke(DelegatingMethodAccessorImpl.java:43)
	at java.lang.reflect.Method.invoke(Method.java:498)
	at org.apache.maven.surefire.util.ReflectionUtils.invokeMethodWithArray(ReflectionUtils.java:189)
	at org.apache.maven.surefire.booter.ProviderFactory$ProviderProxy.invoke(ProviderFactory.java:165)
	at org.apache.maven.surefire.booter.ProviderFactory.invokeProvider(ProviderFactory.java:85)
	at org.apache.maven.surefire.booter.ForkedBooter.runSuitesInProcess(ForkedBooter.java:115)
	at org.apache.maven.surefire.booter.ForkedBooter.main(ForkedBooter.java:75)
</failure>
    <system-out>Shuffling Player1&apos;s deck.
copper was drawn from the deck.
Shuffling Player2&apos;s deck.
copper was drawn from the deck.

STARTING NEW GAME!

Player1 is now starting a turn.
estate was drawn from the deck.
estate was drawn from the deck.
copper was drawn from the deck.
copper was drawn from the deck.
copper was drawn from the deck.
Player1 bought adventurer

Player2 is now starting a turn.
copper was drawn from the deck.
estate was drawn from the deck.
copper was drawn from the deck.
copper was drawn from the deck.
copper was drawn from the deck.
Player2 gained curse card because of embargo token.
Player2 gained curse
Player2 bought gold

Player1 is now starting a turn.
estate was drawn from the deck.
copper was drawn from the deck.
copper was drawn from the deck.
copper was drawn from the deck.
Shuffling Player1&apos;s deck.
copper was drawn from the deck.
Player1 bought mine

Player2 is now starting a turn.
copper was drawn from the deck.
estate was drawn from the deck.
estate was drawn from the deck.
copper was drawn from the deck.
Shuffling Player2&apos;s deck.
gold was drawn from the deck.
Player2 bought adventurer

Player1 is now starting a turn.
copper was drawn from the deck.
estate was drawn from the deck.
adventurer was drawn from the deck.
copper was drawn from the deck.
copper was drawn from the deck.
Playing action card: adventurer
estate was drawn from the deck.
Player1 discarded estate
Player1 bought gardens

Player2 is now starting a turn.
copper was drawn from the deck.
copper was drawn from the deck.
estate was drawn from the deck.
curse was drawn from the deck.
copper was drawn from the deck.
Player2 gained curse card because of embargo token.
Player2 gained curse
Player2 bought cutpurse

Player1 is now starting a turn.
Shuffling Player1&apos;s deck.
copper was drawn from the deck.
copper was drawn from the deck.
copper was drawn from the deck.
estate was drawn from the deck.
adventurer was drawn from the deck.
Playing action card: adventurer
mine was drawn from the deck.
Player1 discarded mine
estate was drawn from the deck.
Player1 discarded estate
copper was drawn from the deck.
gardens was drawn from the deck.
Player1 discarded gardens
copper was drawn from the deck.
Player1 gained curse card because of embargo token.
Player1 gained curse
Player1 bought gold

Player2 is now starting a turn.
copper was drawn from the deck.
copper was drawn from the deck.
Shuffling Player2&apos;s deck.
adventurer was drawn from the deck.
gold was drawn from the deck.
estate was drawn from the deck.
Playing action card: adventurer
copper was drawn from the deck.
estate was drawn from the deck.
Player2 discarded estate
copper was drawn from the deck.
Player2 gained curse card because of embargo token.
Player2 gained curse
Player2 gained curse card because of embargo token.
Player2 gained curse
Player2 gained curse card because of embargo token.
Player2 gained curse
Player2 bought province

Player1 is now starting a turn.
estate was drawn from the deck.
copper was drawn from the deck.
copper was drawn from the deck.
Shuffling Player1&apos;s deck.
mine was drawn from the deck.
adventurer was drawn from the deck.
Playing action card: adventurer
copper was drawn from the deck.
copper was drawn from the deck.
Player1 bought mine

Player2 is now starting a turn.
curse was drawn from the deck.
copper was drawn from the deck.
copper was drawn from the deck.
estate was drawn from the deck.
cutpurse was drawn from the deck.
Playing action card: cutpurse
Player1 had no coppers to discard. 
Player2 bought duchy

Player1 is now starting a turn.
copper was drawn from the deck.
estate was drawn from the deck.
copper was drawn from the deck.
estate was drawn from the deck.
curse was drawn from the deck.
Player1 gained curse card because of embargo token.
Player1 gained curse
Player1 bought cutpurse

Player2 is now starting a turn.
copper was drawn from the deck.
curse was drawn from the deck.
Shuffling Player2&apos;s deck.
curse was drawn from the deck.
cutpurse was drawn from the deck.
copper was drawn from the deck.
Playing action card: cutpurse
Player1 had no coppers to discard. 
Player2 bought smithy

Player1 is now starting a turn.
copper was drawn from the deck.
gardens was drawn from the deck.
gold was drawn from the deck.
Shuffling Player1&apos;s deck.
copper was drawn from the deck.
estate was drawn from the deck.
Player1 bought adventurer

Player2 is now starting a turn.
curse was drawn from the deck.
copper was drawn from the deck.
copper was drawn from the deck.
gold was drawn from the deck.
estate was drawn from the deck.
Player2 bought adventurer

Player1 is now starting a turn.
curse was drawn from the deck.
estate was drawn from the deck.
cutpurse was drawn from the deck.
copper was drawn from the deck.
copper was drawn from the deck.
Playing action card: cutpurse
Player2 had no coppers to discard. 
Player1 bought duchy

Player2 is now starting a turn.
province was drawn from the deck.
duchy was drawn from the deck.
adventurer was drawn from the deck.
estate was drawn from the deck.
copper was drawn from the deck.
Playing action card: adventurer
curse was drawn from the deck.
Player2 discarded curse
copper was drawn from the deck.
copper was drawn from the deck.
Player2 bought gardens

Player1 is now starting a turn.
estate was drawn from the deck.
copper was drawn from the deck.
copper was drawn from the deck.
copper was drawn from the deck.
adventurer was drawn from the deck.
Playing action card: adventurer
mine was drawn from the deck.
Player1 discarded mine
curse was drawn from the deck.
Player1 discarded curse
mine was drawn from the deck.
Player1 discarded mine
Player1 gained curse card because of embargo token.
Player1 gained curse
Player1 bought cutpurse

Player2 is now starting a turn.
curse was drawn from the deck.
estate was drawn from the deck.
Shuffling Player2&apos;s deck.
copper was drawn from the deck.
copper was drawn from the deck.
adventurer was drawn from the deck.
Playing action card: adventurer
duchy was drawn from the deck.
Player2 discarded duchy
gold was drawn from the deck.
copper was drawn from the deck.
Player2 gained curse card because of embargo token.
Player2 gained curse
Player2 bought gold

Player1 is now starting a turn.
Shuffling Player1&apos;s deck.
mine was drawn from the deck.
estate was drawn from the deck.
curse was drawn from the deck.
copper was drawn from the deck.
copper was drawn from the deck.
Playing action card: mine
Player1 gained gold
Player1 gained curse card because of embargo token.
Player1 gained curse
Player1 bought gold

Player2 is now starting a turn.
copper was drawn from the deck.
cutpurse was drawn from the deck.
curse was drawn from the deck.
gardens was drawn from the deck.
smithy was drawn from the deck.
Playing action card: cutpurse
Player1 had no coppers to discard. 
Player2 bought silver

Player1 is now starting a turn.
copper was drawn from the deck.
copper was drawn from the deck.
mine was drawn from the deck.
adventurer was drawn from the deck.
cutpurse was drawn from the deck.
Playing action card: adventurer
gardens was drawn from the deck.
Player1 discarded gardens
curse was drawn from the deck.
Player1 discarded curse
curse was drawn from the deck.
Player1 discarded curse
copper was drawn from the deck.
duchy was drawn from the deck.
Player1 discarded duchy
cutpurse was drawn from the deck.
Player1 discarded cutpurse
estate was drawn from the deck.
Player1 discarded estate
copper was drawn from the deck.
Player1 bought cutpurse

Player2 is now starting a turn.
curse was drawn from the deck.
copper was drawn from the deck.
estate was drawn from the deck.
curse was drawn from the deck.
estate was drawn from the deck.
Player2 bought great_hall

Player1 is now starting a turn.
adventurer was drawn from the deck.
gold was drawn from the deck.
copper was drawn from the deck.
estate was drawn from the deck.
Shuffling Player1&apos;s deck.
copper was drawn from the deck.
Playing action card: adventurer
estate was drawn from the deck.
Player1 discarded estate
cutpurse was drawn from the deck.
Player1 discarded cutpurse
cutpurse was drawn from the deck.
Player1 discarded cutpurse
copper was drawn from the deck.
gold was drawn from the deck.
Player1 bought province

Player2 is now starting a turn.
curse was drawn from the deck.
province was drawn from the deck.
copper was drawn from the deck.
copper was drawn from the deck.
adventurer was drawn from the deck.
Playing action card: adventurer
Player2 bought estate

Player1 is now starting a turn.
curse was drawn from the deck.
mine was drawn from the deck.
mine was drawn from the deck.
adventurer was drawn from the deck.
copper was drawn from the deck.
Playing action card: adventurer
gold was drawn from the deck.
gardens was drawn from the deck.
Player1 discarded gardens
estate was drawn from the deck.
Player1 discarded estate
curse was drawn from the deck.
Player1 discarded curse
duchy was drawn from the deck.
Player1 discarded duchy
curse was drawn from the deck.
Player1 discarded curse
curse was drawn from the deck.
Player1 discarded curse
copper was drawn from the deck.
Player1 bought duchy

Player2 is now starting a turn.
Shuffling Player2&apos;s deck.
adventurer was drawn from the deck.
estate was drawn from the deck.
curse was drawn from the deck.
copper was drawn from the deck.
copper was drawn from the deck.
Playing action card: adventurer
smithy was drawn from the deck.
Player2 discarded smithy
cutpurse was drawn from the deck.
Player2 discarded cutpurse
duchy was drawn from the deck.
Player2 discarded duchy
curse was drawn from the deck.
Player2 discarded curse
curse was drawn from the deck.
Player2 discarded curse
curse was drawn from the deck.
Player2 discarded curse
copper was drawn from the deck.
great_hall was drawn from the deck.
Player2 discarded great_hall
curse was drawn from the deck.
Player2 discarded curse
copper was drawn from the deck.
Player2 bought mine

Player1 is now starting a turn.
copper was drawn from the deck.
copper was drawn from the deck.
cutpurse was drawn from the deck.
Shuffling Player1&apos;s deck.
copper was drawn from the deck.
gold was drawn from the deck.
Playing action card: cutpurse
Player2 had no coppers to discard. 
Player1 bought province

Player2 is now starting a turn.
province was drawn from the deck.
copper was drawn from the deck.
silver was drawn from the deck.
estate was drawn from the deck.
gold was drawn from the deck.
Player2 bought gold

Player1 is now starting a turn.
estate was drawn from the deck.
curse was drawn from the deck.
curse was drawn from the deck.
gold was drawn from the deck.
copper was drawn from the deck.
Player1 bought duchy

Player2 is now starting a turn.
gardens was drawn from the deck.
copper was drawn from the deck.
estate was drawn from the deck.
gold was drawn from the deck.
curse was drawn from the deck.
Player2 bought duchy

Player1 is now starting a turn.
mine was drawn from the deck.
estate was drawn from the deck.
province was drawn from the deck.
estate was drawn from the deck.
cutpurse was drawn from the deck.
Playing action card: cutpurse
Player2 had no coppers to discard. 
Player1 bought seahag

Player2 is now starting a turn.
estate was drawn from the deck.
adventurer was drawn from the deck.
copper was drawn from the deck.
Shuffling Player2&apos;s deck.
curse was drawn from the deck.
curse was drawn from the deck.
Playing action card: adventurer
gold was drawn from the deck.
curse was drawn from the deck.
Player2 discarded curse
gardens was drawn from the deck.
Player2 discarded gardens
curse was drawn from the deck.
Player2 discarded curse
gold was drawn from the deck.
Player2 bought province

Player1 is now starting a turn.
curse was drawn from the deck.
copper was drawn from the deck.
duchy was drawn from the deck.
copper was drawn from the deck.
adventurer was drawn from the deck.
Playing action card: adventurer
cutpurse was drawn from the deck.
Player1 discarded cutpurse
gold was drawn from the deck.
adventurer was drawn from the deck.
Player1 discarded adventurer
mine was drawn from the deck.
Player1 discarded mine
curse was drawn from the deck.
Player1 discarded curse
gardens was drawn from the deck.
Player1 discarded gardens
copper was drawn from the deck.
Player1 bought adventurer

Player2 is now starting a turn.
copper was drawn from the deck.
gold was drawn from the deck.
copper was drawn from the deck.
copper was drawn from the deck.
curse was drawn from the deck.
Player2 bought gold

Player1 is now starting a turn.
duchy was drawn from the deck.
Shuffling Player1&apos;s deck.
cutpurse was drawn from the deck.
adventurer was drawn from the deck.
copper was drawn from the deck.
adventurer was drawn from the deck.
Playing action card: adventurer
mine was drawn from the deck.
Player1 discarded mine
copper was drawn from the deck.
province was drawn from the deck.
Player1 discarded province
province was drawn from the deck.
Player1 discarded province
cutpurse was drawn from the deck.
Player1 discarded cutpurse
estate was drawn from the deck.
Player1 discarded estate
gold was drawn from the deck.
Player1 bought duchy

Player2 is now starting a turn.
copper was drawn from the deck.
silver was drawn from the deck.
copper was drawn from the deck.
mine was drawn from the deck.
cutpurse was drawn from the deck.
Playing action card: mine
Player2 gained gold
Player2 bought gold

Player1 is now starting a turn.
curse was drawn from the deck.
estate was drawn from the deck.
cutpurse was drawn from the deck.
curse was drawn from the deck.
duchy was drawn from the deck.
Playing action card: cutpurse
Player2 had no coppers to discard. 
Player1 bought silver

Player2 is now starting a turn.
duchy was drawn from the deck.
great_hall was drawn from the deck.
copper was drawn from the deck.
duchy was drawn from the deck.
curse was drawn from the deck.
Playing action card: great_hall
estate was drawn from the deck.
Player2 bought embargo

Player1 is now starting a turn.
curse was drawn from the deck.
gardens was drawn from the deck.
adventurer was drawn from the deck.
gold was drawn from the deck.
estate was drawn from the deck.
Playing action card: adventurer
mine was drawn from the deck.
Player1 discarded mine
copper was drawn from the deck.
seahag was drawn from the deck.
Player1 discarded seahag
copper was drawn from the deck.
Player1 bought gold

Player2 is now starting a turn.
estate was drawn from the deck.
smithy was drawn from the deck.
estate was drawn from the deck.
adventurer was drawn from the deck.
province was drawn from the deck.
Playing action card: smithy
Shuffling Player2&apos;s deck.
great_hall was drawn from the deck.
copper was drawn from the deck.
Player2 bought silver

Player1 is now starting a turn.
copper was drawn from the deck.
gold was drawn from the deck.
copper was drawn from the deck.
duchy was drawn from the deck.
copper was drawn from the deck.
Player1 bought adventurer

Player2 is now starting a turn.
curse was drawn from the deck.
gold was drawn from the deck.
copper was drawn from the deck.
curse was drawn from the deck.
copper was drawn from the deck.
Player2 bought mine

Player1 is now starting a turn.
curse was drawn from the deck.
Shuffling Player1&apos;s deck.
gold was drawn from the deck.
seahag was drawn from the deck.
estate was drawn from the deck.
adventurer was drawn from the deck.
Playing action card: adventurer
mine was drawn from the deck.
Player1 discarded mine
silver was drawn from the deck.
copper was drawn from the deck.
Player1 bought gold

Player2 is now starting a turn.
silver was drawn from the deck.
copper was drawn from the deck.
curse was drawn from the deck.
copper was drawn from the deck.
curse was drawn from the deck.
Player2 bought cutpurse

Player1 is now starting a turn.
copper was drawn from the deck.
cutpurse was drawn from the deck.
province was drawn from the deck.
province was drawn from the deck.
copper was drawn from the deck.
Playing action card: cutpurse
Player2 had no coppers to discard. 
Player1 bought gardens

Player2 is now starting a turn.
copper was drawn from the deck.
duchy was drawn from the deck.
cutpurse was drawn from the deck.
gold was drawn from the deck.
province was drawn from the deck.
Playing action card: cutpurse
Player1 had no coppers to discard. 
Player2 bought adventurer

Player1 is now starting a turn.
curse was drawn from the deck.
copper was drawn from the deck.
curse was drawn from the deck.
copper was drawn from the deck.
gardens was drawn from the deck.
Player1 bought estate

Player2 is now starting a turn.
gold was drawn from the deck.
gardens was drawn from the deck.
estate was drawn from the deck.
duchy was drawn from the deck.
gold was drawn from the deck.
Player2 bought gold

Player1 is now starting a turn.
estate was drawn from the deck.
copper was drawn from the deck.
duchy was drawn from the deck.
adventurer was drawn from the deck.
adventurer was drawn from the deck.
Playing action card: adventurer
estate was drawn from the deck.
Player1 discarded estate
cutpurse was drawn from the deck.
Player1 discarded cutpurse
gold was drawn from the deck.
gold was drawn from the deck.
Player1 bought province

Player2 is now starting a turn.
gold was drawn from the deck.
mine was drawn from the deck.
estate was drawn from the deck.
curse was drawn from the deck.
embargo was drawn from the deck.
Playing action card: embargo
Player2 added embargo token to village supply pile.
Player2 bought gold

Player1 is now starting a turn.
copper was drawn from the deck.
duchy was drawn from the deck.
mine was drawn from the deck.
duchy was drawn from the deck.
gold was drawn from the deck.
Playing action card: mine
Player1 gained gold
Player1 bought gold

Player2 is now starting a turn.
copper was drawn from the deck.
gold was drawn from the deck.
curse was drawn from the deck.
adventurer was drawn from the deck.
Shuffling Player2&apos;s deck.
estate was drawn from the deck.
Playing action card: adventurer
gold was drawn from the deck.
cutpurse was drawn from the deck.
Player2 discarded cutpurse
gold was drawn from the deck.
Player2 bought province

Player1 is now starting a turn.
duchy was drawn from the deck.
curse was drawn from the deck.
adventurer was drawn from the deck.
cutpurse was drawn from the deck.
Shuffling Player1&apos;s deck.
province was drawn from the deck.
Playing action card: cutpurse
Player2 had no coppers to discard. 
Player1 bought embargo

Player2 is now starting a turn.
adventurer was drawn from the deck.
adventurer was drawn from the deck.
great_hall was drawn from the deck.
curse was drawn from the deck.
copper was drawn from the deck.
Playing action card: adventurer
gold was drawn from the deck.
smithy was drawn from the deck.
Player2 discarded smithy
gold was drawn from the deck.
Player2 bought adventurer

Player1 is now starting a turn.
estate was drawn from the deck.
mine was drawn from the deck.
mine was drawn from the deck.
cutpurse was drawn from the deck.
province was drawn from the deck.
Playing action card: cutpurse
Player2 had no coppers to discard. 
Player1 bought great_hall

Player2 is now starting a turn.
gold was drawn from the deck.
copper was drawn from the deck.
curse was drawn from the deck.
gardens was drawn from the deck.
mine was drawn from the deck.
Playing action card: mine
Player2 gained gold
Player2 bought adventurer

Player1 is now starting a turn.
silver was drawn from the deck.
duchy was drawn from the deck.
cutpurse was drawn from the deck.
estate was drawn from the deck.
duchy was drawn from the deck.
Playing action card: cutpurse
Player2 had no coppers to discard. 
Player1 bought duchy

Player2 is now starting a turn.
estate was drawn from the deck.
estate was drawn from the deck.
province was drawn from the deck.
copper was drawn from the deck.
duchy was drawn from the deck.
Player2 bought village

Player1 is now starting a turn.
duchy was drawn from the deck.
gardens was drawn from the deck.
gold was drawn from the deck.
curse was drawn from the deck.
copper was drawn from the deck.
Player1 bought gardens

Player2 is now starting a turn.
curse was drawn from the deck.
copper was drawn from the deck.
cutpurse was drawn from the deck.
curse was drawn from the deck.
embargo was drawn from the deck.
Playing action card: embargo
Player2 added embargo token to duchy supply pile.
Player2 bought village

Player1 is now starting a turn.
estate was drawn from the deck.
adventurer was drawn from the deck.
copper was drawn from the deck.
province was drawn from the deck.
copper was drawn from the deck.
Playing action card: adventurer
gold was drawn from the deck.
gardens was drawn from the deck.
Player1 discarded gardens
curse was drawn from the deck.
Player1 discarded curse
gold was drawn from the deck.
Player1 bought province

Player2 is now starting a turn.
silver was drawn from the deck.
mine was drawn from the deck.
curse was drawn from the deck.
gold was drawn from the deck.
estate was drawn from the deck.
Playing action card: mine
Player2 gained gold
Player2 bought province
GAME OVER! Province card pile is empty. 
Player1: 193
Player2: 248
</system-out>
  </testcase>
  <testcase classname="RegressionTest" name="test028" time="0.017"/>
  <testcase classname="RegressionTest" name="test029" time="0">
    <failure message="&apos;curse&apos; != &apos;copper&apos;" type="java.lang.AssertionError">java.lang.AssertionError: &apos;curse&apos; != &apos;copper&apos;
	at org.junit.Assert.fail(Assert.java:88)
	at org.junit.Assert.assertTrue(Assert.java:41)
	at RegressionTest.test029(RegressionTest.java:1482)
	at sun.reflect.NativeMethodAccessorImpl.invoke0(Native Method)
	at sun.reflect.NativeMethodAccessorImpl.invoke(NativeMethodAccessorImpl.java:62)
	at sun.reflect.DelegatingMethodAccessorImpl.invoke(DelegatingMethodAccessorImpl.java:43)
	at java.lang.reflect.Method.invoke(Method.java:498)
	at org.junit.runners.model.FrameworkMethod$1.runReflectiveCall(FrameworkMethod.java:47)
	at org.junit.internal.runners.model.ReflectiveCallable.run(ReflectiveCallable.java:12)
	at org.junit.runners.model.FrameworkMethod.invokeExplosively(FrameworkMethod.java:44)
	at org.junit.internal.runners.statements.InvokeMethod.evaluate(InvokeMethod.java:17)
	at org.junit.runners.ParentRunner.runLeaf(ParentRunner.java:271)
	at org.junit.runners.BlockJUnit4ClassRunner.runChild(BlockJUnit4ClassRunner.java:70)
	at org.junit.runners.BlockJUnit4ClassRunner.runChild(BlockJUnit4ClassRunner.java:50)
	at org.junit.runners.ParentRunner$3.run(ParentRunner.java:238)
	at org.junit.runners.ParentRunner$1.schedule(ParentRunner.java:63)
	at org.junit.runners.ParentRunner.runChildren(ParentRunner.java:236)
	at org.junit.runners.ParentRunner.access$000(ParentRunner.java:53)
	at org.junit.runners.ParentRunner$2.evaluate(ParentRunner.java:229)
	at org.junit.runners.ParentRunner.run(ParentRunner.java:309)
	at org.apache.maven.surefire.junit4.JUnit4Provider.execute(JUnit4Provider.java:252)
	at org.apache.maven.surefire.junit4.JUnit4Provider.executeTestSet(JUnit4Provider.java:141)
	at org.apache.maven.surefire.junit4.JUnit4Provider.invoke(JUnit4Provider.java:112)
	at sun.reflect.NativeMethodAccessorImpl.invoke0(Native Method)
	at sun.reflect.NativeMethodAccessorImpl.invoke(NativeMethodAccessorImpl.java:62)
	at sun.reflect.DelegatingMethodAccessorImpl.invoke(DelegatingMethodAccessorImpl.java:43)
	at java.lang.reflect.Method.invoke(Method.java:498)
	at org.apache.maven.surefire.util.ReflectionUtils.invokeMethodWithArray(ReflectionUtils.java:189)
	at org.apache.maven.surefire.booter.ProviderFactory$ProviderProxy.invoke(ProviderFactory.java:165)
	at org.apache.maven.surefire.booter.ProviderFactory.invokeProvider(ProviderFactory.java:85)
	at org.apache.maven.surefire.booter.ForkedBooter.runSuitesInProcess(ForkedBooter.java:115)
	at org.apache.maven.surefire.booter.ForkedBooter.main(ForkedBooter.java:75)
</failure>
    <system-out>hi! gained curse
Shuffling Player1&apos;s deck.
copper was drawn from the deck.
Shuffling Player2&apos;s deck.
copper was drawn from the deck.
hi! gained gardens to top of deck.
Player1 discarded copper. 
Player1 discarded copper
Player2 discarded copper. 
Player2 discarded copper
</system-out>
  </testcase>
  <testcase classname="RegressionTest" name="test030" time="0"/>
  <testcase classname="RegressionTest" name="test031" time="0"/>
  <testcase classname="RegressionTest" name="test032" time="0.001">
    <failure message="&apos;curse&apos; != &apos;copper&apos;" type="java.lang.AssertionError">java.lang.AssertionError: &apos;curse&apos; != &apos;copper&apos;
	at org.junit.Assert.fail(Assert.java:88)
	at org.junit.Assert.assertTrue(Assert.java:41)
	at RegressionTest.test032(RegressionTest.java:1650)
	at sun.reflect.NativeMethodAccessorImpl.invoke0(Native Method)
	at sun.reflect.NativeMethodAccessorImpl.invoke(NativeMethodAccessorImpl.java:62)
	at sun.reflect.DelegatingMethodAccessorImpl.invoke(DelegatingMethodAccessorImpl.java:43)
	at java.lang.reflect.Method.invoke(Method.java:498)
	at org.junit.runners.model.FrameworkMethod$1.runReflectiveCall(FrameworkMethod.java:47)
	at org.junit.internal.runners.model.ReflectiveCallable.run(ReflectiveCallable.java:12)
	at org.junit.runners.model.FrameworkMethod.invokeExplosively(FrameworkMethod.java:44)
	at org.junit.internal.runners.statements.InvokeMethod.evaluate(InvokeMethod.java:17)
	at org.junit.runners.ParentRunner.runLeaf(ParentRunner.java:271)
	at org.junit.runners.BlockJUnit4ClassRunner.runChild(BlockJUnit4ClassRunner.java:70)
	at org.junit.runners.BlockJUnit4ClassRunner.runChild(BlockJUnit4ClassRunner.java:50)
	at org.junit.runners.ParentRunner$3.run(ParentRunner.java:238)
	at org.junit.runners.ParentRunner$1.schedule(ParentRunner.java:63)
	at org.junit.runners.ParentRunner.runChildren(ParentRunner.java:236)
	at org.junit.runners.ParentRunner.access$000(ParentRunner.java:53)
	at org.junit.runners.ParentRunner$2.evaluate(ParentRunner.java:229)
	at org.junit.runners.ParentRunner.run(ParentRunner.java:309)
	at org.apache.maven.surefire.junit4.JUnit4Provider.execute(JUnit4Provider.java:252)
	at org.apache.maven.surefire.junit4.JUnit4Provider.executeTestSet(JUnit4Provider.java:141)
	at org.apache.maven.surefire.junit4.JUnit4Provider.invoke(JUnit4Provider.java:112)
	at sun.reflect.NativeMethodAccessorImpl.invoke0(Native Method)
	at sun.reflect.NativeMethodAccessorImpl.invoke(NativeMethodAccessorImpl.java:62)
	at sun.reflect.DelegatingMethodAccessorImpl.invoke(DelegatingMethodAccessorImpl.java:43)
	at java.lang.reflect.Method.invoke(Method.java:498)
	at org.apache.maven.surefire.util.ReflectionUtils.invokeMethodWithArray(ReflectionUtils.java:189)
	at org.apache.maven.surefire.booter.ProviderFactory$ProviderProxy.invoke(ProviderFactory.java:165)
	at org.apache.maven.surefire.booter.ProviderFactory.invokeProvider(ProviderFactory.java:85)
	at org.apache.maven.surefire.booter.ForkedBooter.runSuitesInProcess(ForkedBooter.java:115)
	at org.apache.maven.surefire.booter.ForkedBooter.main(ForkedBooter.java:75)
</failure>
    <system-out>hi! gained smithy
</system-out>
  </testcase>
  <testcase classname="RegressionTest" name="test033" time="0">
    <failure type="java.lang.AssertionError">java.lang.AssertionError
	at org.junit.Assert.fail(Assert.java:86)
	at org.junit.Assert.assertTrue(Assert.java:41)
	at org.junit.Assert.assertTrue(Assert.java:52)
	at RegressionTest.test033(RegressionTest.java:1690)
	at sun.reflect.NativeMethodAccessorImpl.invoke0(Native Method)
	at sun.reflect.NativeMethodAccessorImpl.invoke(NativeMethodAccessorImpl.java:62)
	at sun.reflect.DelegatingMethodAccessorImpl.invoke(DelegatingMethodAccessorImpl.java:43)
	at java.lang.reflect.Method.invoke(Method.java:498)
	at org.junit.runners.model.FrameworkMethod$1.runReflectiveCall(FrameworkMethod.java:47)
	at org.junit.internal.runners.model.ReflectiveCallable.run(ReflectiveCallable.java:12)
	at org.junit.runners.model.FrameworkMethod.invokeExplosively(FrameworkMethod.java:44)
	at org.junit.internal.runners.statements.InvokeMethod.evaluate(InvokeMethod.java:17)
	at org.junit.runners.ParentRunner.runLeaf(ParentRunner.java:271)
	at org.junit.runners.BlockJUnit4ClassRunner.runChild(BlockJUnit4ClassRunner.java:70)
	at org.junit.runners.BlockJUnit4ClassRunner.runChild(BlockJUnit4ClassRunner.java:50)
	at org.junit.runners.ParentRunner$3.run(ParentRunner.java:238)
	at org.junit.runners.ParentRunner$1.schedule(ParentRunner.java:63)
	at org.junit.runners.ParentRunner.runChildren(ParentRunner.java:236)
	at org.junit.runners.ParentRunner.access$000(ParentRunner.java:53)
	at org.junit.runners.ParentRunner$2.evaluate(ParentRunner.java:229)
	at org.junit.runners.ParentRunner.run(ParentRunner.java:309)
	at org.apache.maven.surefire.junit4.JUnit4Provider.execute(JUnit4Provider.java:252)
	at org.apache.maven.surefire.junit4.JUnit4Provider.executeTestSet(JUnit4Provider.java:141)
	at org.apache.maven.surefire.junit4.JUnit4Provider.invoke(JUnit4Provider.java:112)
	at sun.reflect.NativeMethodAccessorImpl.invoke0(Native Method)
	at sun.reflect.NativeMethodAccessorImpl.invoke(NativeMethodAccessorImpl.java:62)
	at sun.reflect.DelegatingMethodAccessorImpl.invoke(DelegatingMethodAccessorImpl.java:43)
	at java.lang.reflect.Method.invoke(Method.java:498)
	at org.apache.maven.surefire.util.ReflectionUtils.invokeMethodWithArray(ReflectionUtils.java:189)
	at org.apache.maven.surefire.booter.ProviderFactory$ProviderProxy.invoke(ProviderFactory.java:165)
	at org.apache.maven.surefire.booter.ProviderFactory.invokeProvider(ProviderFactory.java:85)
	at org.apache.maven.surefire.booter.ForkedBooter.runSuitesInProcess(ForkedBooter.java:115)
	at org.apache.maven.surefire.booter.ForkedBooter.main(ForkedBooter.java:75)
</failure>
  </testcase>
  <testcase classname="RegressionTest" name="test034" time="0"/>
  <testcase classname="RegressionTest" name="test035" time="0"/>
  <testcase classname="RegressionTest" name="test036" time="0.006">
    <failure type="java.lang.AssertionError">java.lang.AssertionError
	at org.junit.Assert.fail(Assert.java:86)
	at org.junit.Assert.assertTrue(Assert.java:41)
	at org.junit.Assert.assertTrue(Assert.java:52)
	at RegressionTest.test036(RegressionTest.java:1916)
	at sun.reflect.NativeMethodAccessorImpl.invoke0(Native Method)
	at sun.reflect.NativeMethodAccessorImpl.invoke(NativeMethodAccessorImpl.java:62)
	at sun.reflect.DelegatingMethodAccessorImpl.invoke(DelegatingMethodAccessorImpl.java:43)
	at java.lang.reflect.Method.invoke(Method.java:498)
	at org.junit.runners.model.FrameworkMethod$1.runReflectiveCall(FrameworkMethod.java:47)
	at org.junit.internal.runners.model.ReflectiveCallable.run(ReflectiveCallable.java:12)
	at org.junit.runners.model.FrameworkMethod.invokeExplosively(FrameworkMethod.java:44)
	at org.junit.internal.runners.statements.InvokeMethod.evaluate(InvokeMethod.java:17)
	at org.junit.runners.ParentRunner.runLeaf(ParentRunner.java:271)
	at org.junit.runners.BlockJUnit4ClassRunner.runChild(BlockJUnit4ClassRunner.java:70)
	at org.junit.runners.BlockJUnit4ClassRunner.runChild(BlockJUnit4ClassRunner.java:50)
	at org.junit.runners.ParentRunner$3.run(ParentRunner.java:238)
	at org.junit.runners.ParentRunner$1.schedule(ParentRunner.java:63)
	at org.junit.runners.ParentRunner.runChildren(ParentRunner.java:236)
	at org.junit.runners.ParentRunner.access$000(ParentRunner.java:53)
	at org.junit.runners.ParentRunner$2.evaluate(ParentRunner.java:229)
	at org.junit.runners.ParentRunner.run(ParentRunner.java:309)
	at org.apache.maven.surefire.junit4.JUnit4Provider.execute(JUnit4Provider.java:252)
	at org.apache.maven.surefire.junit4.JUnit4Provider.executeTestSet(JUnit4Provider.java:141)
	at org.apache.maven.surefire.junit4.JUnit4Provider.invoke(JUnit4Provider.java:112)
	at sun.reflect.NativeMethodAccessorImpl.invoke0(Native Method)
	at sun.reflect.NativeMethodAccessorImpl.invoke(NativeMethodAccessorImpl.java:62)
	at sun.reflect.DelegatingMethodAccessorImpl.invoke(DelegatingMethodAccessorImpl.java:43)
	at java.lang.reflect.Method.invoke(Method.java:498)
	at org.apache.maven.surefire.util.ReflectionUtils.invokeMethodWithArray(ReflectionUtils.java:189)
	at org.apache.maven.surefire.booter.ProviderFactory$ProviderProxy.invoke(ProviderFactory.java:165)
	at org.apache.maven.surefire.booter.ProviderFactory.invokeProvider(ProviderFactory.java:85)
	at org.apache.maven.surefire.booter.ForkedBooter.runSuitesInProcess(ForkedBooter.java:115)
	at org.apache.maven.surefire.booter.ForkedBooter.main(ForkedBooter.java:75)
</failure>
    <system-out>hi! gained curse

STARTING NEW GAME!

Player1 is now starting a turn.
Shuffling Player1&apos;s deck.
copper was drawn from the deck.
copper was drawn from the deck.
estate was drawn from the deck.
copper was drawn from the deck.
estate was drawn from the deck.
Player1 gained curse card because of embargo token.
Player1 gained curse
Player1 bought duchy

Player2 is now starting a turn.
Shuffling Player2&apos;s deck.
copper was drawn from the deck.
copper was drawn from the deck.
estate was drawn from the deck.
copper was drawn from the deck.
copper was drawn from the deck.
Player2 gained curse card because of embargo token.
Player2 gained curse
Player2 bought duchy

Player1 is now starting a turn.
copper was drawn from the deck.
estate was drawn from the deck.
copper was drawn from the deck.
copper was drawn from the deck.
copper was drawn from the deck.
Player1 gained curse card because of embargo token.
Player1 gained curse
Player1 bought mine

Player2 is now starting a turn.
copper was drawn from the deck.
copper was drawn from the deck.
estate was drawn from the deck.
estate was drawn from the deck.
copper was drawn from the deck.
Player2 gained curse card because of embargo token.
Player2 gained curse
Player2 bought mine

Player1 is now starting a turn.
Shuffling Player1&apos;s deck.
copper was drawn from the deck.
estate was drawn from the deck.
copper was drawn from the deck.
duchy was drawn from the deck.
copper was drawn from the deck.
Player1 bought seahag

Player2 is now starting a turn.
Shuffling Player2&apos;s deck.
copper was drawn from the deck.
copper was drawn from the deck.
estate was drawn from the deck.
copper was drawn from the deck.
estate was drawn from the deck.
Player2 gained curse card because of embargo token.
Player2 gained curse
Player2 bought mine

Player1 is now starting a turn.
mine was drawn from the deck.
copper was drawn from the deck.
curse was drawn from the deck.
copper was drawn from the deck.
copper was drawn from the deck.
Playing action card: mine
Player1 gained gold
Player1 gained curse card because of embargo token.
Player1 gained curse
Player1 gained curse card because of embargo token.
Player1 gained curse
Player1 bought gold

Player2 is now starting a turn.
copper was drawn from the deck.
copper was drawn from the deck.
duchy was drawn from the deck.
copper was drawn from the deck.
mine was drawn from the deck.
Playing action card: mine
Player2 gained gold
Player2 gained curse card because of embargo token.
Player2 gained curse
Player2 gained curse card because of embargo token.
Player2 gained curse
Player2 bought gold

Player1 is now starting a turn.
estate was drawn from the deck.
curse was drawn from the deck.
copper was drawn from the deck.
estate was drawn from the deck.
Shuffling Player1&apos;s deck.
curse was drawn from the deck.
Player1 gained curse card because of embargo token.
Player1 gained curse
Player1 bought silver

Player2 is now starting a turn.
copper was drawn from the deck.
estate was drawn from the deck.
curse was drawn from the deck.
curse was drawn from the deck.
Shuffling Player2&apos;s deck.
copper was drawn from the deck.
Player2 bought great_hall

Player1 is now starting a turn.
mine was drawn from the deck.
copper was drawn from the deck.
copper was drawn from the deck.
seahag was drawn from the deck.
copper was drawn from the deck.
Playing action card: mine
Player1 gained gold
Player1 bought gold

Player2 is now starting a turn.
copper was drawn from the deck.
curse was drawn from the deck.
estate was drawn from the deck.
duchy was drawn from the deck.
copper was drawn from the deck.
Player2 bought silver

Player1 is now starting a turn.
curse was drawn from the deck.
copper was drawn from the deck.
gold was drawn from the deck.
gold was drawn from the deck.
estate was drawn from the deck.
Player1 bought province

Player2 is now starting a turn.
mine was drawn from the deck.
mine was drawn from the deck.
estate was drawn from the deck.
gold was drawn from the deck.
copper was drawn from the deck.
Playing action card: mine
Player2 gained gold
Player2 bought province

Player1 is now starting a turn.
copper was drawn from the deck.
duchy was drawn from the deck.
curse was drawn from the deck.
copper was drawn from the deck.
Shuffling Player1&apos;s deck.
copper was drawn from the deck.
Player1 bought silver

Player2 is now starting a turn.
copper was drawn from the deck.
gold was drawn from the deck.
copper was drawn from the deck.
curse was drawn from the deck.
curse was drawn from the deck.
Player2 bought duchy

Player1 is now starting a turn.
estate was drawn from the deck.
copper was drawn from the deck.
copper was drawn from the deck.
mine was drawn from the deck.
gold was drawn from the deck.
Playing action card: mine
Player1 gained gold
Player1 bought province

Player2 is now starting a turn.
Shuffling Player2&apos;s deck.
copper was drawn from the deck.
copper was drawn from the deck.
copper was drawn from the deck.
curse was drawn from the deck.
copper was drawn from the deck.
Player2 bought gardens

Player1 is now starting a turn.
silver was drawn from the deck.
curse was drawn from the deck.
copper was drawn from the deck.
estate was drawn from the deck.
seahag was drawn from the deck.
Playing action card: seahag
estate was drawn from the deck.
Player2 discarded estate
Player2 gained curse to top of deck.
Player1 bought gardens

Player2 is now starting a turn.
curse was drawn from the deck.
province was drawn from the deck.
curse was drawn from the deck.
estate was drawn from the deck.
copper was drawn from the deck.
Player2 bought estate

Player1 is now starting a turn.
estate was drawn from the deck.
curse was drawn from the deck.
curse was drawn from the deck.
gold was drawn from the deck.
gold was drawn from the deck.
Player1 bought gold

Player2 is now starting a turn.
great_hall was drawn from the deck.
gold was drawn from the deck.
gold was drawn from the deck.
duchy was drawn from the deck.
copper was drawn from the deck.
Playing action card: great_hall
duchy was drawn from the deck.
Player2 bought gold

Player1 is now starting a turn.
gold was drawn from the deck.
copper was drawn from the deck.
curse was drawn from the deck.
province was drawn from the deck.
Shuffling Player1&apos;s deck.
estate was drawn from the deck.
Player1 bought mine

Player2 is now starting a turn.
curse was drawn from the deck.
curse was drawn from the deck.
estate was drawn from the deck.
copper was drawn from the deck.
mine was drawn from the deck.
Playing action card: mine
Player2 gained gold
Player2 bought duchy

Player1 is now starting a turn.
seahag was drawn from the deck.
estate was drawn from the deck.
curse was drawn from the deck.
gold was drawn from the deck.
gold was drawn from the deck.
Playing action card: seahag
silver was drawn from the deck.
Player2 discarded silver
Player2 gained curse to top of deck.
Player1 bought adventurer

Player2 is now starting a turn.
curse was drawn from the deck.
gold was drawn from the deck.
curse was drawn from the deck.
mine was drawn from the deck.
Shuffling Player2&apos;s deck.
curse was drawn from the deck.
Playing action card: mine
Player2 gained gold
Player2 bought adventurer

Player1 is now starting a turn.
province was drawn from the deck.
copper was drawn from the deck.
copper was drawn from the deck.
copper was drawn from the deck.
copper was drawn from the deck.
Player1 bought cutpurse

Player2 is now starting a turn.
duchy was drawn from the deck.
gold was drawn from the deck.
copper was drawn from the deck.
province was drawn from the deck.
copper was drawn from the deck.
Player2 bought duchy

Player1 is now starting a turn.
silver was drawn from the deck.
copper was drawn from the deck.
mine was drawn from the deck.
curse was drawn from the deck.
gold was drawn from the deck.
Playing action card: mine
Player1 gained gold
Player1 bought province

Player2 is now starting a turn.
estate was drawn from the deck.
copper was drawn from the deck.
duchy was drawn from the deck.
great_hall was drawn from the deck.
copper was drawn from the deck.
Playing action card: great_hall
copper was drawn from the deck.
Player2 bought cutpurse

Player1 is now starting a turn.
silver was drawn from the deck.
duchy was drawn from the deck.
curse was drawn from the deck.
gardens was drawn from the deck.
estate was drawn from the deck.
Player1 bought silver

Player2 is now starting a turn.
copper was drawn from the deck.
curse was drawn from the deck.
curse was drawn from the deck.
estate was drawn from the deck.
gardens was drawn from the deck.
Player2 bought embargo

Player1 is now starting a turn.
copper was drawn from the deck.
gold was drawn from the deck.
gold was drawn from the deck.
curse was drawn from the deck.
Shuffling Player1&apos;s deck.
curse was drawn from the deck.
Player1 bought adventurer

Player2 is now starting a turn.
gold was drawn from the deck.
copper was drawn from the deck.
mine was drawn from the deck.
duchy was drawn from the deck.
curse was drawn from the deck.
Playing action card: mine
Player2 gained gold
Player2 bought adventurer

Player1 is now starting a turn.
curse was drawn from the deck.
copper was drawn from the deck.
copper was drawn from the deck.
province was drawn from the deck.
cutpurse was drawn from the deck.
Playing action card: cutpurse
Player2 had no coppers to discard. 
Player1 bought cutpurse

Player2 is now starting a turn.
silver was drawn from the deck.
estate was drawn from the deck.
estate was drawn from the deck.
curse was drawn from the deck.
gold was drawn from the deck.
Player2 bought gold

Player1 is now starting a turn.
mine was drawn from the deck.
silver was drawn from the deck.
gold was drawn from the deck.
copper was drawn from the deck.
seahag was drawn from the deck.
Playing action card: mine
Player1 gained gold
Player1 bought province

Player2 is now starting a turn.
gold was drawn from the deck.
Shuffling Player2&apos;s deck.
mine was drawn from the deck.
duchy was drawn from the deck.
duchy was drawn from the deck.
great_hall was drawn from the deck.
Playing action card: great_hall
silver was drawn from the deck.
Playing action card: mine
Player2 gained gold
Player2 bought province

Player1 is now starting a turn.
silver was drawn from the deck.
estate was drawn from the deck.
duchy was drawn from the deck.
gold was drawn from the deck.
curse was drawn from the deck.
Player1 bought gold

Player2 is now starting a turn.
curse was drawn from the deck.
curse was drawn from the deck.
gold was drawn from the deck.
adventurer was drawn from the deck.
copper was drawn from the deck.
Playing action card: adventurer
mine was drawn from the deck.
Player2 discarded mine
copper was drawn from the deck.
estate was drawn from the deck.
Player2 discarded estate
gold was drawn from the deck.
Player2 bought province

Player1 is now starting a turn.
gold was drawn from the deck.
copper was drawn from the deck.
copper was drawn from the deck.
mine was drawn from the deck.
gold was drawn from the deck.
Playing action card: mine
Player1 gained gold
Player1 bought province
GAME OVER! Province card pile is empty. 
Player1: 213
Player2: 283
Player1: 213
Player2: 283
gold was drawn from the deck.
Player2 discarded gold
Player2 gained curse to top of deck.
curse was drawn from the deck.
Player2 discarded curse
Player2 gained curse to top of deck.
hi! gained smithy
Player1: 213
Player2: 353
</system-out>
  </testcase>
  <testcase classname="RegressionTest" name="test037" time="0">
    <failure message="&apos;curse&apos; != &apos;copper&apos;" type="java.lang.AssertionError">java.lang.AssertionError: &apos;curse&apos; != &apos;copper&apos;
	at org.junit.Assert.fail(Assert.java:88)
	at org.junit.Assert.assertTrue(Assert.java:41)
	at RegressionTest.test037(RegressionTest.java:1997)
	at sun.reflect.NativeMethodAccessorImpl.invoke0(Native Method)
	at sun.reflect.NativeMethodAccessorImpl.invoke(NativeMethodAccessorImpl.java:62)
	at sun.reflect.DelegatingMethodAccessorImpl.invoke(DelegatingMethodAccessorImpl.java:43)
	at java.lang.reflect.Method.invoke(Method.java:498)
	at org.junit.runners.model.FrameworkMethod$1.runReflectiveCall(FrameworkMethod.java:47)
	at org.junit.internal.runners.model.ReflectiveCallable.run(ReflectiveCallable.java:12)
	at org.junit.runners.model.FrameworkMethod.invokeExplosively(FrameworkMethod.java:44)
	at org.junit.internal.runners.statements.InvokeMethod.evaluate(InvokeMethod.java:17)
	at org.junit.runners.ParentRunner.runLeaf(ParentRunner.java:271)
	at org.junit.runners.BlockJUnit4ClassRunner.runChild(BlockJUnit4ClassRunner.java:70)
	at org.junit.runners.BlockJUnit4ClassRunner.runChild(BlockJUnit4ClassRunner.java:50)
	at org.junit.runners.ParentRunner$3.run(ParentRunner.java:238)
	at org.junit.runners.ParentRunner$1.schedule(ParentRunner.java:63)
	at org.junit.runners.ParentRunner.runChildren(ParentRunner.java:236)
	at org.junit.runners.ParentRunner.access$000(ParentRunner.java:53)
	at org.junit.runners.ParentRunner$2.evaluate(ParentRunner.java:229)
	at org.junit.runners.ParentRunner.run(ParentRunner.java:309)
	at org.apache.maven.surefire.junit4.JUnit4Provider.execute(JUnit4Provider.java:252)
	at org.apache.maven.surefire.junit4.JUnit4Provider.executeTestSet(JUnit4Provider.java:141)
	at org.apache.maven.surefire.junit4.JUnit4Provider.invoke(JUnit4Provider.java:112)
	at sun.reflect.NativeMethodAccessorImpl.invoke0(Native Method)
	at sun.reflect.NativeMethodAccessorImpl.invoke(NativeMethodAccessorImpl.java:62)
	at sun.reflect.DelegatingMethodAccessorImpl.invoke(DelegatingMethodAccessorImpl.java:43)
	at java.lang.reflect.Method.invoke(Method.java:498)
	at org.apache.maven.surefire.util.ReflectionUtils.invokeMethodWithArray(ReflectionUtils.java:189)
	at org.apache.maven.surefire.booter.ProviderFactory$ProviderProxy.invoke(ProviderFactory.java:165)
	at org.apache.maven.surefire.booter.ProviderFactory.invokeProvider(ProviderFactory.java:85)
	at org.apache.maven.surefire.booter.ForkedBooter.runSuitesInProcess(ForkedBooter.java:115)
	at org.apache.maven.surefire.booter.ForkedBooter.main(ForkedBooter.java:75)
</failure>
  </testcase>
  <testcase classname="RegressionTest" name="test038" time="0"/>
  <testcase classname="RegressionTest" name="test039" time="0">
    <failure message="&apos;curse&apos; != &apos;copper&apos;" type="java.lang.AssertionError">java.lang.AssertionError: &apos;curse&apos; != &apos;copper&apos;
	at org.junit.Assert.fail(Assert.java:88)
	at org.junit.Assert.assertTrue(Assert.java:41)
	at RegressionTest.test039(RegressionTest.java:2152)
	at sun.reflect.NativeMethodAccessorImpl.invoke0(Native Method)
	at sun.reflect.NativeMethodAccessorImpl.invoke(NativeMethodAccessorImpl.java:62)
	at sun.reflect.DelegatingMethodAccessorImpl.invoke(DelegatingMethodAccessorImpl.java:43)
	at java.lang.reflect.Method.invoke(Method.java:498)
	at org.junit.runners.model.FrameworkMethod$1.runReflectiveCall(FrameworkMethod.java:47)
	at org.junit.internal.runners.model.ReflectiveCallable.run(ReflectiveCallable.java:12)
	at org.junit.runners.model.FrameworkMethod.invokeExplosively(FrameworkMethod.java:44)
	at org.junit.internal.runners.statements.InvokeMethod.evaluate(InvokeMethod.java:17)
	at org.junit.runners.ParentRunner.runLeaf(ParentRunner.java:271)
	at org.junit.runners.BlockJUnit4ClassRunner.runChild(BlockJUnit4ClassRunner.java:70)
	at org.junit.runners.BlockJUnit4ClassRunner.runChild(BlockJUnit4ClassRunner.java:50)
	at org.junit.runners.ParentRunner$3.run(ParentRunner.java:238)
	at org.junit.runners.ParentRunner$1.schedule(ParentRunner.java:63)
	at org.junit.runners.ParentRunner.runChildren(ParentRunner.java:236)
	at org.junit.runners.ParentRunner.access$000(ParentRunner.java:53)
	at org.junit.runners.ParentRunner$2.evaluate(ParentRunner.java:229)
	at org.junit.runners.ParentRunner.run(ParentRunner.java:309)
	at org.apache.maven.surefire.junit4.JUnit4Provider.execute(JUnit4Provider.java:252)
	at org.apache.maven.surefire.junit4.JUnit4Provider.executeTestSet(JUnit4Provider.java:141)
	at org.apache.maven.surefire.junit4.JUnit4Provider.invoke(JUnit4Provider.java:112)
	at sun.reflect.NativeMethodAccessorImpl.invoke0(Native Method)
	at sun.reflect.NativeMethodAccessorImpl.invoke(NativeMethodAccessorImpl.java:62)
	at sun.reflect.DelegatingMethodAccessorImpl.invoke(DelegatingMethodAccessorImpl.java:43)
	at java.lang.reflect.Method.invoke(Method.java:498)
	at org.apache.maven.surefire.util.ReflectionUtils.invokeMethodWithArray(ReflectionUtils.java:189)
	at org.apache.maven.surefire.booter.ProviderFactory$ProviderProxy.invoke(ProviderFactory.java:165)
	at org.apache.maven.surefire.booter.ProviderFactory.invokeProvider(ProviderFactory.java:85)
	at org.apache.maven.surefire.booter.ForkedBooter.runSuitesInProcess(ForkedBooter.java:115)
	at org.apache.maven.surefire.booter.ForkedBooter.main(ForkedBooter.java:75)
</failure>
    <system-out>Player1 had no coppers to discard. 
Player2 had no coppers to discard. 
hi! gained mine to top of deck.
hi! discarded council_room
hi! gained feast to top of deck.
</system-out>
  </testcase>
  <testcase classname="RegressionTest" name="test040" time="0"/>
  <testcase classname="RegressionTest" name="test041" time="0"/>
  <testcase classname="RegressionTest" name="test042" time="0"/>
  <testcase classname="RegressionTest" name="test043" time="0"/>
  <testcase classname="RegressionTest" name="test044" time="0.007"/>
  <testcase classname="RegressionTest" name="test045" time="0"/>
  <testcase classname="RegressionTest" name="test046" time="0"/>
  <testcase classname="RegressionTest" name="test047" time="0"/>
  <testcase classname="RegressionTest" name="test048" time="0">
    <failure type="java.lang.AssertionError">java.lang.AssertionError
	at org.junit.Assert.fail(Assert.java:86)
	at org.junit.Assert.assertTrue(Assert.java:41)
	at org.junit.Assert.assertTrue(Assert.java:52)
	at RegressionTest.test048(RegressionTest.java:2703)
	at sun.reflect.NativeMethodAccessorImpl.invoke0(Native Method)
	at sun.reflect.NativeMethodAccessorImpl.invoke(NativeMethodAccessorImpl.java:62)
	at sun.reflect.DelegatingMethodAccessorImpl.invoke(DelegatingMethodAccessorImpl.java:43)
	at java.lang.reflect.Method.invoke(Method.java:498)
	at org.junit.runners.model.FrameworkMethod$1.runReflectiveCall(FrameworkMethod.java:47)
	at org.junit.internal.runners.model.ReflectiveCallable.run(ReflectiveCallable.java:12)
	at org.junit.runners.model.FrameworkMethod.invokeExplosively(FrameworkMethod.java:44)
	at org.junit.internal.runners.statements.InvokeMethod.evaluate(InvokeMethod.java:17)
	at org.junit.runners.ParentRunner.runLeaf(ParentRunner.java:271)
	at org.junit.runners.BlockJUnit4ClassRunner.runChild(BlockJUnit4ClassRunner.java:70)
	at org.junit.runners.BlockJUnit4ClassRunner.runChild(BlockJUnit4ClassRunner.java:50)
	at org.junit.runners.ParentRunner$3.run(ParentRunner.java:238)
	at org.junit.runners.ParentRunner$1.schedule(ParentRunner.java:63)
	at org.junit.runners.ParentRunner.runChildren(ParentRunner.java:236)
	at org.junit.runners.ParentRunner.access$000(ParentRunner.java:53)
	at org.junit.runners.ParentRunner$2.evaluate(ParentRunner.java:229)
	at org.junit.runners.ParentRunner.run(ParentRunner.java:309)
	at org.apache.maven.surefire.junit4.JUnit4Provider.execute(JUnit4Provider.java:252)
	at org.apache.maven.surefire.junit4.JUnit4Provider.executeTestSet(JUnit4Provider.java:141)
	at org.apache.maven.surefire.junit4.JUnit4Provider.invoke(JUnit4Provider.java:112)
	at sun.reflect.NativeMethodAccessorImpl.invoke0(Native Method)
	at sun.reflect.NativeMethodAccessorImpl.invoke(NativeMethodAccessorImpl.java:62)
	at sun.reflect.DelegatingMethodAccessorImpl.invoke(DelegatingMethodAccessorImpl.java:43)
	at java.lang.reflect.Method.invoke(Method.java:498)
	at org.apache.maven.surefire.util.ReflectionUtils.invokeMethodWithArray(ReflectionUtils.java:189)
	at org.apache.maven.surefire.booter.ProviderFactory$ProviderProxy.invoke(ProviderFactory.java:165)
	at org.apache.maven.surefire.booter.ProviderFactory.invokeProvider(ProviderFactory.java:85)
	at org.apache.maven.surefire.booter.ForkedBooter.runSuitesInProcess(ForkedBooter.java:115)
	at org.apache.maven.surefire.booter.ForkedBooter.main(ForkedBooter.java:75)
</failure>
  </testcase>
  <testcase classname="RegressionTest" name="test049" time="0.015"/>
  <testcase classname="RegressionTest" name="test050" time="0"/>
  <testcase classname="RegressionTest" name="test051" time="0.007"/>
  <testcase classname="RegressionTest" name="test052" time="0"/>
  <testcase classname="RegressionTest" name="test053" time="0.016"/>
  <testcase classname="RegressionTest" name="test054" time="0"/>
  <testcase classname="RegressionTest" name="test055" time="0">
    <failure type="java.lang.AssertionError">java.lang.AssertionError
	at org.junit.Assert.fail(Assert.java:86)
	at org.junit.Assert.assertTrue(Assert.java:41)
	at org.junit.Assert.assertTrue(Assert.java:52)
	at RegressionTest.test055(RegressionTest.java:3109)
	at sun.reflect.NativeMethodAccessorImpl.invoke0(Native Method)
	at sun.reflect.NativeMethodAccessorImpl.invoke(NativeMethodAccessorImpl.java:62)
	at sun.reflect.DelegatingMethodAccessorImpl.invoke(DelegatingMethodAccessorImpl.java:43)
	at java.lang.reflect.Method.invoke(Method.java:498)
	at org.junit.runners.model.FrameworkMethod$1.runReflectiveCall(FrameworkMethod.java:47)
	at org.junit.internal.runners.model.ReflectiveCallable.run(ReflectiveCallable.java:12)
	at org.junit.runners.model.FrameworkMethod.invokeExplosively(FrameworkMethod.java:44)
	at org.junit.internal.runners.statements.InvokeMethod.evaluate(InvokeMethod.java:17)
	at org.junit.runners.ParentRunner.runLeaf(ParentRunner.java:271)
	at org.junit.runners.BlockJUnit4ClassRunner.runChild(BlockJUnit4ClassRunner.java:70)
	at org.junit.runners.BlockJUnit4ClassRunner.runChild(BlockJUnit4ClassRunner.java:50)
	at org.junit.runners.ParentRunner$3.run(ParentRunner.java:238)
	at org.junit.runners.ParentRunner$1.schedule(ParentRunner.java:63)
	at org.junit.runners.ParentRunner.runChildren(ParentRunner.java:236)
	at org.junit.runners.ParentRunner.access$000(ParentRunner.java:53)
	at org.junit.runners.ParentRunner$2.evaluate(ParentRunner.java:229)
	at org.junit.runners.ParentRunner.run(ParentRunner.java:309)
	at org.apache.maven.surefire.junit4.JUnit4Provider.execute(JUnit4Provider.java:252)
	at org.apache.maven.surefire.junit4.JUnit4Provider.executeTestSet(JUnit4Provider.java:141)
	at org.apache.maven.surefire.junit4.JUnit4Provider.invoke(JUnit4Provider.java:112)
	at sun.reflect.NativeMethodAccessorImpl.invoke0(Native Method)
	at sun.reflect.NativeMethodAccessorImpl.invoke(NativeMethodAccessorImpl.java:62)
	at sun.reflect.DelegatingMethodAccessorImpl.invoke(DelegatingMethodAccessorImpl.java:43)
	at java.lang.reflect.Method.invoke(Method.java:498)
	at org.apache.maven.surefire.util.ReflectionUtils.invokeMethodWithArray(ReflectionUtils.java:189)
	at org.apache.maven.surefire.booter.ProviderFactory$ProviderProxy.invoke(ProviderFactory.java:165)
	at org.apache.maven.surefire.booter.ProviderFactory.invokeProvider(ProviderFactory.java:85)
	at org.apache.maven.surefire.booter.ForkedBooter.runSuitesInProcess(ForkedBooter.java:115)
	at org.apache.maven.surefire.booter.ForkedBooter.main(ForkedBooter.java:75)
</failure>
    <system-out>Player1 had no coppers to discard. 
Player2 had no coppers to discard. 
hi! gained mine to top of deck.
hi! gained curse
hi! gained smithy
</system-out>
  </testcase>
  <testcase classname="RegressionTest" name="test056" time="0.009">
    <failure message="&apos;curse&apos; != &apos;copper&apos;" type="java.lang.AssertionError">java.lang.AssertionError: &apos;curse&apos; != &apos;copper&apos;
	at org.junit.Assert.fail(Assert.java:88)
	at org.junit.Assert.assertTrue(Assert.java:41)
	at RegressionTest.test056(RegressionTest.java:3202)
	at sun.reflect.NativeMethodAccessorImpl.invoke0(Native Method)
	at sun.reflect.NativeMethodAccessorImpl.invoke(NativeMethodAccessorImpl.java:62)
	at sun.reflect.DelegatingMethodAccessorImpl.invoke(DelegatingMethodAccessorImpl.java:43)
	at java.lang.reflect.Method.invoke(Method.java:498)
	at org.junit.runners.model.FrameworkMethod$1.runReflectiveCall(FrameworkMethod.java:47)
	at org.junit.internal.runners.model.ReflectiveCallable.run(ReflectiveCallable.java:12)
	at org.junit.runners.model.FrameworkMethod.invokeExplosively(FrameworkMethod.java:44)
	at org.junit.internal.runners.statements.InvokeMethod.evaluate(InvokeMethod.java:17)
	at org.junit.runners.ParentRunner.runLeaf(ParentRunner.java:271)
	at org.junit.runners.BlockJUnit4ClassRunner.runChild(BlockJUnit4ClassRunner.java:70)
	at org.junit.runners.BlockJUnit4ClassRunner.runChild(BlockJUnit4ClassRunner.java:50)
	at org.junit.runners.ParentRunner$3.run(ParentRunner.java:238)
	at org.junit.runners.ParentRunner$1.schedule(ParentRunner.java:63)
	at org.junit.runners.ParentRunner.runChildren(ParentRunner.java:236)
	at org.junit.runners.ParentRunner.access$000(ParentRunner.java:53)
	at org.junit.runners.ParentRunner$2.evaluate(ParentRunner.java:229)
	at org.junit.runners.ParentRunner.run(ParentRunner.java:309)
	at org.apache.maven.surefire.junit4.JUnit4Provider.execute(JUnit4Provider.java:252)
	at org.apache.maven.surefire.junit4.JUnit4Provider.executeTestSet(JUnit4Provider.java:141)
	at org.apache.maven.surefire.junit4.JUnit4Provider.invoke(JUnit4Provider.java:112)
	at sun.reflect.NativeMethodAccessorImpl.invoke0(Native Method)
	at sun.reflect.NativeMethodAccessorImpl.invoke(NativeMethodAccessorImpl.java:62)
	at sun.reflect.DelegatingMethodAccessorImpl.invoke(DelegatingMethodAccessorImpl.java:43)
	at java.lang.reflect.Method.invoke(Method.java:498)
	at org.apache.maven.surefire.util.ReflectionUtils.invokeMethodWithArray(ReflectionUtils.java:189)
	at org.apache.maven.surefire.booter.ProviderFactory$ProviderProxy.invoke(ProviderFactory.java:165)
	at org.apache.maven.surefire.booter.ProviderFactory.invokeProvider(ProviderFactory.java:85)
	at org.apache.maven.surefire.booter.ForkedBooter.runSuitesInProcess(ForkedBooter.java:115)
	at org.apache.maven.surefire.booter.ForkedBooter.main(ForkedBooter.java:75)
</failure>
    <system-out>
STARTING NEW GAME!

Player1 is now starting a turn.
Shuffling Player1&apos;s deck.
copper was drawn from the deck.
estate was drawn from the deck.
estate was drawn from the deck.
copper was drawn from the deck.
copper was drawn from the deck.
Player1 gained curse card because of embargo token.
Player1 gained curse
Player1 bought mine

Player2 is now starting a turn.
Shuffling Player2&apos;s deck.
copper was drawn from the deck.
copper was drawn from the deck.
estate was drawn from the deck.
copper was drawn from the deck.
copper was drawn from the deck.
Player2 gained curse card because of embargo token.
Player2 gained curse
Player2 bought mine

Player1 is now starting a turn.
copper was drawn from the deck.
estate was drawn from the deck.
copper was drawn from the deck.
copper was drawn from the deck.
copper was drawn from the deck.
Player1 gained curse card because of embargo token.
Player1 gained curse
Player1 bought mine

Player2 is now starting a turn.
copper was drawn from the deck.
copper was drawn from the deck.
estate was drawn from the deck.
estate was drawn from the deck.
copper was drawn from the deck.
Player2 gained curse card because of embargo token.
Player2 gained curse
Player2 bought duchy

Player1 is now starting a turn.
Shuffling Player1&apos;s deck.
copper was drawn from the deck.
copper was drawn from the deck.
curse was drawn from the deck.
estate was drawn from the deck.
copper was drawn from the deck.
Player1 gained curse card because of embargo token.
Player1 gained curse
Player1 gained curse card because of embargo token.
Player1 gained curse
Player1 gained curse card because of embargo token.
Player1 gained curse
Player1 bought cutpurse

Player2 is now starting a turn.
Shuffling Player2&apos;s deck.
mine was drawn from the deck.
estate was drawn from the deck.
estate was drawn from the deck.
copper was drawn from the deck.
copper was drawn from the deck.
Playing action card: mine
Player2 gained gold
Player2 gained curse card because of embargo token.
Player2 gained curse
Player2 gained curse card because of embargo token.
Player2 gained curse
Player2 bought gold

Player1 is now starting a turn.
mine was drawn from the deck.
mine was drawn from the deck.
copper was drawn from the deck.
copper was drawn from the deck.
estate was drawn from the deck.
Playing action card: mine
Player1 gained gold
Player1 bought gold

Player2 is now starting a turn.
copper was drawn from the deck.
duchy was drawn from the deck.
copper was drawn from the deck.
estate was drawn from the deck.
curse was drawn from the deck.
Player2 bought village

Player1 is now starting a turn.
curse was drawn from the deck.
copper was drawn from the deck.
copper was drawn from the deck.
estate was drawn from the deck.
Shuffling Player1&apos;s deck.
curse was drawn from the deck.
Player1 bought silver

Player2 is now starting a turn.
curse was drawn from the deck.
copper was drawn from the deck.
copper was drawn from the deck.
copper was drawn from the deck.
Shuffling Player2&apos;s deck.
copper was drawn from the deck.
Player2 bought seahag

Player1 is now starting a turn.
curse was drawn from the deck.
copper was drawn from the deck.
copper was drawn from the deck.
mine was drawn from the deck.
copper was drawn from the deck.
Playing action card: mine
Player1 gained gold
Player1 bought adventurer

Player2 is now starting a turn.
gold was drawn from the deck.
copper was drawn from the deck.
estate was drawn from the deck.
copper was drawn from the deck.
curse was drawn from the deck.
Player2 bought adventurer

Player1 is now starting a turn.
copper was drawn from the deck.
gold was drawn from the deck.
curse was drawn from the deck.
estate was drawn from the deck.
curse was drawn from the deck.
Player1 bought mine

Player2 is now starting a turn.
curse was drawn from the deck.
estate was drawn from the deck.
gold was drawn from the deck.
duchy was drawn from the deck.
estate was drawn from the deck.
Player2 bought duchy

Player1 is now starting a turn.
gold was drawn from the deck.
estate was drawn from the deck.
cutpurse was drawn from the deck.
copper was drawn from the deck.
mine was drawn from the deck.
Playing action card: mine
Player1 gained gold
Player1 bought province

Player2 is now starting a turn.
village was drawn from the deck.
copper was drawn from the deck.
mine was drawn from the deck.
curse was drawn from the deck.
Shuffling Player2&apos;s deck.
copper was drawn from the deck.
Playing action card: village
gold was drawn from the deck.
Playing action card: mine
Player2 gained gold
Player2 bought province

Player1 is now starting a turn.
Shuffling Player1&apos;s deck.
province was drawn from the deck.
copper was drawn from the deck.
copper was drawn from the deck.
gold was drawn from the deck.
curse was drawn from the deck.
Player1 bought duchy

Player2 is now starting a turn.
copper was drawn from the deck.
adventurer was drawn from the deck.
curse was drawn from the deck.
copper was drawn from the deck.
gold was drawn from the deck.
Playing action card: adventurer
duchy was drawn from the deck.
Player2 discarded duchy
estate was drawn from the deck.
Player2 discarded estate
copper was drawn from the deck.
copper was drawn from the deck.
Player2 bought adventurer

Player1 is now starting a turn.
copper was drawn from the deck.
curse was drawn from the deck.
mine was drawn from the deck.
estate was drawn from the deck.
copper was drawn from the deck.
Playing action card: mine
Player1 gained gold
Player1 bought adventurer

Player2 is now starting a turn.
curse was drawn from the deck.
estate was drawn from the deck.
curse was drawn from the deck.
estate was drawn from the deck.
copper was drawn from the deck.
Player2 bought ambassador

Player1 is now starting a turn.
copper was drawn from the deck.
silver was drawn from the deck.
estate was drawn from the deck.
gold was drawn from the deck.
gold was drawn from the deck.
Player1 bought province

Player2 is now starting a turn.
seahag was drawn from the deck.
duchy was drawn from the deck.
Shuffling Player2&apos;s deck.
ambassador was drawn from the deck.
copper was drawn from the deck.
estate was drawn from the deck.
Playing action card: ambassador
Player2 returned 0 copies of duchy
Player1 gained duchy
Player2 bought embargo

Player1 is now starting a turn.
copper was drawn from the deck.
curse was drawn from the deck.
gold was drawn from the deck.
curse was drawn from the deck.
estate was drawn from the deck.
Player1 bought duchy

Player2 is now starting a turn.
curse was drawn from the deck.
estate was drawn from the deck.
mine was drawn from the deck.
adventurer was drawn from the deck.
copper was drawn from the deck.
Playing action card: mine
Player2 gained gold
Player2 bought duchy

Player1 is now starting a turn.
mine was drawn from the deck.
curse was drawn from the deck.
adventurer was drawn from the deck.
mine was drawn from the deck.
cutpurse was drawn from the deck.
Playing action card: mine
Player1 bought copper

Player2 is now starting a turn.
adventurer was drawn from the deck.
gold was drawn from the deck.
province was drawn from the deck.
curse was drawn from the deck.
gold was drawn from the deck.
Playing action card: adventurer
copper was drawn from the deck.
estate was drawn from the deck.
Player2 discarded estate
copper was drawn from the deck.
Player2 bought province

Player1 is now starting a turn.
copper was drawn from the deck.
Shuffling Player1&apos;s deck.
copper was drawn from the deck.
duchy was drawn from the deck.
copper was drawn from the deck.
curse was drawn from the deck.
Player1 bought silver

Player2 is now starting a turn.
curse was drawn from the deck.
gold was drawn from the deck.
copper was drawn from the deck.
duchy was drawn from the deck.
copper was drawn from the deck.
Player2 bought duchy

Player1 is now starting a turn.
estate was drawn from the deck.
curse was drawn from the deck.
silver was drawn from the deck.
gold was drawn from the deck.
mine was drawn from the deck.
Playing action card: mine
Player1 gained gold
Player1 bought province

Player2 is now starting a turn.
copper was drawn from the deck.
village was drawn from the deck.
curse was drawn from the deck.
Shuffling Player2&apos;s deck.
ambassador was drawn from the deck.
duchy was drawn from the deck.
Playing action card: village
copper was drawn from the deck.
Playing action card: ambassador
Player2 returned 0 copies of duchy
Player1 gained duchy
Player2 bought embargo

Player1 is now starting a turn.
estate was drawn from the deck.
curse was drawn from the deck.
province was drawn from the deck.
gold was drawn from the deck.
copper was drawn from the deck.
Player1 bought mine

Player2 is now starting a turn.
adventurer was drawn from the deck.
copper was drawn from the deck.
adventurer was drawn from the deck.
estate was drawn from the deck.
estate was drawn from the deck.
Playing action card: adventurer
copper was drawn from the deck.
copper was drawn from the deck.
Player2 bought mine

Player1 is now starting a turn.
cutpurse was drawn from the deck.
curse was drawn from the deck.
gold was drawn from the deck.
copper was drawn from the deck.
duchy was drawn from the deck.
Playing action card: cutpurse
Player2 had no coppers to discard. 
Player1 bought adventurer

Player2 is now starting a turn.
gold was drawn from the deck.
gold was drawn from the deck.
duchy was drawn from the deck.
copper was drawn from the deck.
province was drawn from the deck.
Player2 bought gold

Player1 is now starting a turn.
gold was drawn from the deck.
adventurer was drawn from the deck.
adventurer was drawn from the deck.
duchy was drawn from the deck.
gold was drawn from the deck.
Playing action card: adventurer
mine was drawn from the deck.
Player1 discarded mine
copper was drawn from the deck.
copper was drawn from the deck.
Player1 bought province

Player2 is now starting a turn.
copper was drawn from the deck.
embargo was drawn from the deck.
curse was drawn from the deck.
duchy was drawn from the deck.
province was drawn from the deck.
Playing action card: embargo
Player2 added embargo token to estate supply pile.
Player2 bought ambassador

Player1 is now starting a turn.
estate was drawn from the deck.
province was drawn from the deck.
copper was drawn from the deck.
mine was drawn from the deck.
curse was drawn from the deck.
Playing action card: mine
Player1 gained gold
Player1 bought mine

Player2 is now starting a turn.
gold was drawn from the deck.
curse was drawn from the deck.
seahag was drawn from the deck.
duchy was drawn from the deck.
estate was drawn from the deck.
Playing action card: seahag
Shuffling Player1&apos;s deck.
curse was drawn from the deck.
Player1 discarded curse
Player1 gained curse to top of deck.
Player2 bought seahag

Player1 is now starting a turn.
curse was drawn from the deck.
curse was drawn from the deck.
adventurer was drawn from the deck.
estate was drawn from the deck.
silver was drawn from the deck.
Playing action card: adventurer
curse was drawn from the deck.
Player1 discarded curse
mine was drawn from the deck.
Player1 discarded mine
adventurer was drawn from the deck.
Player1 discarded adventurer
mine was drawn from the deck.
Player1 discarded mine
duchy was drawn from the deck.
Player1 discarded duchy
cutpurse was drawn from the deck.
Player1 discarded cutpurse
gold was drawn from the deck.
gold was drawn from the deck.
Player1 bought province

Player2 is now starting a turn.
gold was drawn from the deck.
curse was drawn from the deck.
mine was drawn from the deck.
Shuffling Player2&apos;s deck.
seahag was drawn from the deck.
duchy was drawn from the deck.
Playing action card: mine
Player2 gained gold
Player2 bought gold

Player1 is now starting a turn.
copper was drawn from the deck.
gold was drawn from the deck.
gold was drawn from the deck.
province was drawn from the deck.
curse was drawn from the deck.
Player1 bought adventurer

Player2 is now starting a turn.
embargo was drawn from the deck.
estate was drawn from the deck.
copper was drawn from the deck.
gold was drawn from the deck.
gold was drawn from the deck.
Playing action card: embargo
Player2 added embargo token to embargo supply pile.
Player2 bought province
GAME OVER! Province card pile is empty. 
Player1: 254
Player2: 173
Player2 gained cutpurse
</system-out>
  </testcase>
  <testcase classname="RegressionTest" name="test057" time="0"/>
  <testcase classname="RegressionTest" name="test058" time="0.007">
    <failure message="&apos;curse&apos; != &apos;copper&apos;" type="java.lang.AssertionError">java.lang.AssertionError: &apos;curse&apos; != &apos;copper&apos;
	at org.junit.Assert.fail(Assert.java:88)
	at org.junit.Assert.assertTrue(Assert.java:41)
	at RegressionTest.test058(RegressionTest.java:3367)
	at sun.reflect.NativeMethodAccessorImpl.invoke0(Native Method)
	at sun.reflect.NativeMethodAccessorImpl.invoke(NativeMethodAccessorImpl.java:62)
	at sun.reflect.DelegatingMethodAccessorImpl.invoke(DelegatingMethodAccessorImpl.java:43)
	at java.lang.reflect.Method.invoke(Method.java:498)
	at org.junit.runners.model.FrameworkMethod$1.runReflectiveCall(FrameworkMethod.java:47)
	at org.junit.internal.runners.model.ReflectiveCallable.run(ReflectiveCallable.java:12)
	at org.junit.runners.model.FrameworkMethod.invokeExplosively(FrameworkMethod.java:44)
	at org.junit.internal.runners.statements.InvokeMethod.evaluate(InvokeMethod.java:17)
	at org.junit.runners.ParentRunner.runLeaf(ParentRunner.java:271)
	at org.junit.runners.BlockJUnit4ClassRunner.runChild(BlockJUnit4ClassRunner.java:70)
	at org.junit.runners.BlockJUnit4ClassRunner.runChild(BlockJUnit4ClassRunner.java:50)
	at org.junit.runners.ParentRunner$3.run(ParentRunner.java:238)
	at org.junit.runners.ParentRunner$1.schedule(ParentRunner.java:63)
	at org.junit.runners.ParentRunner.runChildren(ParentRunner.java:236)
	at org.junit.runners.ParentRunner.access$000(ParentRunner.java:53)
	at org.junit.runners.ParentRunner$2.evaluate(ParentRunner.java:229)
	at org.junit.runners.ParentRunner.run(ParentRunner.java:309)
	at org.apache.maven.surefire.junit4.JUnit4Provider.execute(JUnit4Provider.java:252)
	at org.apache.maven.surefire.junit4.JUnit4Provider.executeTestSet(JUnit4Provider.java:141)
	at org.apache.maven.surefire.junit4.JUnit4Provider.invoke(JUnit4Provider.java:112)
	at sun.reflect.NativeMethodAccessorImpl.invoke0(Native Method)
	at sun.reflect.NativeMethodAccessorImpl.invoke(NativeMethodAccessorImpl.java:62)
	at sun.reflect.DelegatingMethodAccessorImpl.invoke(DelegatingMethodAccessorImpl.java:43)
	at java.lang.reflect.Method.invoke(Method.java:498)
	at org.apache.maven.surefire.util.ReflectionUtils.invokeMethodWithArray(ReflectionUtils.java:189)
	at org.apache.maven.surefire.booter.ProviderFactory$ProviderProxy.invoke(ProviderFactory.java:165)
	at org.apache.maven.surefire.booter.ProviderFactory.invokeProvider(ProviderFactory.java:85)
	at org.apache.maven.surefire.booter.ForkedBooter.runSuitesInProcess(ForkedBooter.java:115)
	at org.apache.maven.surefire.booter.ForkedBooter.main(ForkedBooter.java:75)
</failure>
    <system-out>
STARTING NEW GAME!

Player1 is now starting a turn.
Shuffling Player1&apos;s deck.
copper was drawn from the deck.
estate was drawn from the deck.
estate was drawn from the deck.
copper was drawn from the deck.
copper was drawn from the deck.
Player1 gained curse card because of embargo token.
Player1 gained curse
Player1 bought mine

Player2 is now starting a turn.
Shuffling Player2&apos;s deck.
copper was drawn from the deck.
copper was drawn from the deck.
estate was drawn from the deck.
copper was drawn from the deck.
copper was drawn from the deck.
Player2 gained curse card because of embargo token.
Player2 gained curse
Player2 bought mine

Player1 is now starting a turn.
copper was drawn from the deck.
estate was drawn from the deck.
copper was drawn from the deck.
copper was drawn from the deck.
copper was drawn from the deck.
Player1 gained curse card because of embargo token.
Player1 gained curse
Player1 bought mine

Player2 is now starting a turn.
copper was drawn from the deck.
copper was drawn from the deck.
estate was drawn from the deck.
estate was drawn from the deck.
copper was drawn from the deck.
Player2 gained curse card because of embargo token.
Player2 gained curse
Player2 bought duchy

Player1 is now starting a turn.
Shuffling Player1&apos;s deck.
copper was drawn from the deck.
copper was drawn from the deck.
curse was drawn from the deck.
estate was drawn from the deck.
copper was drawn from the deck.
Player1 gained curse card because of embargo token.
Player1 gained curse
Player1 gained curse card because of embargo token.
Player1 gained curse
Player1 gained curse card because of embargo token.
Player1 gained curse
Player1 bought cutpurse

Player2 is now starting a turn.
Shuffling Player2&apos;s deck.
mine was drawn from the deck.
estate was drawn from the deck.
estate was drawn from the deck.
copper was drawn from the deck.
copper was drawn from the deck.
Playing action card: mine
Player2 gained gold
Player2 gained curse card because of embargo token.
Player2 gained curse
Player2 gained curse card because of embargo token.
Player2 gained curse
Player2 bought gold

Player1 is now starting a turn.
mine was drawn from the deck.
mine was drawn from the deck.
copper was drawn from the deck.
copper was drawn from the deck.
estate was drawn from the deck.
Playing action card: mine
Player1 gained gold
Player1 gained curse card because of embargo token.
Player1 gained curse
Player1 bought gold

Player2 is now starting a turn.
copper was drawn from the deck.
duchy was drawn from the deck.
copper was drawn from the deck.
estate was drawn from the deck.
curse was drawn from the deck.
Player2 bought village

Player1 is now starting a turn.
curse was drawn from the deck.
copper was drawn from the deck.
copper was drawn from the deck.
estate was drawn from the deck.
Shuffling Player1&apos;s deck.
gold was drawn from the deck.
Player1 bought gold

Player2 is now starting a turn.
curse was drawn from the deck.
copper was drawn from the deck.
copper was drawn from the deck.
copper was drawn from the deck.
Shuffling Player2&apos;s deck.
duchy was drawn from the deck.
Player2 bought great_hall

Player1 is now starting a turn.
copper was drawn from the deck.
copper was drawn from the deck.
mine was drawn from the deck.
copper was drawn from the deck.
cutpurse was drawn from the deck.
Playing action card: cutpurse
Player2 had no coppers to discard. 
Player1 bought duchy

Player2 is now starting a turn.
copper was drawn from the deck.
mine was drawn from the deck.
copper was drawn from the deck.
estate was drawn from the deck.
curse was drawn from the deck.
Playing action card: mine
Player2 gained gold
Player2 bought adventurer

Player1 is now starting a turn.
estate was drawn from the deck.
mine was drawn from the deck.
gold was drawn from the deck.
curse was drawn from the deck.
curse was drawn from the deck.
Playing action card: mine
Player1 gained gold
Player1 bought gold

Player2 is now starting a turn.
estate was drawn from the deck.
gold was drawn from the deck.
estate was drawn from the deck.
curse was drawn from the deck.
gold was drawn from the deck.
Player2 bought province

Player1 is now starting a turn.
copper was drawn from the deck.
copper was drawn from the deck.
curse was drawn from the deck.
estate was drawn from the deck.
curse was drawn from the deck.
Player1 bought great_hall

Player2 is now starting a turn.
curse was drawn from the deck.
copper was drawn from the deck.
copper was drawn from the deck.
village was drawn from the deck.
Shuffling Player2&apos;s deck.
copper was drawn from the deck.
Playing action card: village
copper was drawn from the deck.
Player2 bought cutpurse

Player1 is now starting a turn.
curse was drawn from the deck.
Shuffling Player1&apos;s deck.
copper was drawn from the deck.
copper was drawn from the deck.
gold was drawn from the deck.
curse was drawn from the deck.
Player1 bought duchy

Player2 is now starting a turn.
copper was drawn from the deck.
gold was drawn from the deck.
estate was drawn from the deck.
province was drawn from the deck.
mine was drawn from the deck.
Playing action card: mine
Player2 gained gold
Player2 bought province

Player1 is now starting a turn.
cutpurse was drawn from the deck.
curse was drawn from the deck.
gold was drawn from the deck.
curse was drawn from the deck.
copper was drawn from the deck.
Playing action card: cutpurse
Player2 had no coppers to discard. 
Player1 bought adventurer

Player2 is now starting a turn.
duchy was drawn from the deck.
gold was drawn from the deck.
adventurer was drawn from the deck.
gold was drawn from the deck.
estate was drawn from the deck.
Playing action card: adventurer
copper was drawn from the deck.
curse was drawn from the deck.
Player2 discarded curse
curse was drawn from the deck.
Player2 discarded curse
estate was drawn from the deck.
Player2 discarded estate
great_hall was drawn from the deck.
Player2 discarded great_hall
curse was drawn from the deck.
Player2 discarded curse
copper was drawn from the deck.
Player2 bought province

Player1 is now starting a turn.
copper was drawn from the deck.
gold was drawn from the deck.
estate was drawn from the deck.
estate was drawn from the deck.
great_hall was drawn from the deck.
Playing action card: great_hall
copper was drawn from the deck.
Player1 bought adventurer

Player2 is now starting a turn.
Shuffling Player2&apos;s deck.
curse was drawn from the deck.
curse was drawn from the deck.
curse was drawn from the deck.
copper was drawn from the deck.
copper was drawn from the deck.
Player2 bought embargo

Player1 is now starting a turn.
copper was drawn from the deck.
mine was drawn from the deck.
estate was drawn from the deck.
gold was drawn from the deck.
copper was drawn from the deck.
Playing action card: mine
Player1 gained gold
Player1 bought province

Player2 is now starting a turn.
province was drawn from the deck.
gold was drawn from the deck.
copper was drawn from the deck.
great_hall was drawn from the deck.
gold was drawn from the deck.
Playing action card: great_hall
mine was drawn from the deck.
Playing action card: mine
Player2 gained gold
Player2 bought province

Player1 is now starting a turn.
curse was drawn from the deck.
duchy was drawn from the deck.
gold was drawn from the deck.
curse was drawn from the deck.
mine was drawn from the deck.
Playing action card: mine
Player1 gained gold
Player1 bought gold

Player2 is now starting a turn.
copper was drawn from the deck.
province was drawn from the deck.
estate was drawn from the deck.
copper was drawn from the deck.
gold was drawn from the deck.
Player2 bought gold

Player1 is now starting a turn.
Shuffling Player1&apos;s deck.
mine was drawn from the deck.
copper was drawn from the deck.
duchy was drawn from the deck.
estate was drawn from the deck.
gold was drawn from the deck.
Playing action card: mine
Player1 gained gold
Player1 bought province

Player2 is now starting a turn.
village was drawn from the deck.
estate was drawn from the deck.
copper was drawn from the deck.
cutpurse was drawn from the deck.
copper was drawn from the deck.
Playing action card: cutpurse
Player1 had no coppers to discard. 
Player2 bought mine

Player1 is now starting a turn.
gold was drawn from the deck.
gold was drawn from the deck.
duchy was drawn from the deck.
gold was drawn from the deck.
cutpurse was drawn from the deck.
Playing action card: cutpurse
Player2 had no coppers to discard. 
Player1 bought province

Player2 is now starting a turn.
adventurer was drawn from the deck.
gold was drawn from the deck.
estate was drawn from the deck.
duchy was drawn from the deck.
province was drawn from the deck.
Playing action card: adventurer
curse was drawn from the deck.
Player2 discarded curse
Player2 bought smithy

Player1 is now starting a turn.
copper was drawn from the deck.
gold was drawn from the deck.
gold was drawn from the deck.
adventurer was drawn from the deck.
curse was drawn from the deck.
Playing action card: adventurer
gold was drawn from the deck.
adventurer was drawn from the deck.
Player1 discarded adventurer
curse was drawn from the deck.
Player1 discarded curse
province was drawn from the deck.
Player1 discarded province
copper was drawn from the deck.
Player1 bought province
GAME OVER! Province card pile is empty. 
Player1: 243
Player2: 170
</system-out>
  </testcase>
  <testcase classname="RegressionTest" name="test059" time="0"/>
  <testcase classname="RegressionTest" name="test060" time="0">
    <failure message="&apos;curse&apos; != &apos;copper&apos;" type="java.lang.AssertionError">java.lang.AssertionError: &apos;curse&apos; != &apos;copper&apos;
	at org.junit.Assert.fail(Assert.java:88)
	at org.junit.Assert.assertTrue(Assert.java:41)
	at RegressionTest.test060(RegressionTest.java:3445)
	at sun.reflect.NativeMethodAccessorImpl.invoke0(Native Method)
	at sun.reflect.NativeMethodAccessorImpl.invoke(NativeMethodAccessorImpl.java:62)
	at sun.reflect.DelegatingMethodAccessorImpl.invoke(DelegatingMethodAccessorImpl.java:43)
	at java.lang.reflect.Method.invoke(Method.java:498)
	at org.junit.runners.model.FrameworkMethod$1.runReflectiveCall(FrameworkMethod.java:47)
	at org.junit.internal.runners.model.ReflectiveCallable.run(ReflectiveCallable.java:12)
	at org.junit.runners.model.FrameworkMethod.invokeExplosively(FrameworkMethod.java:44)
	at org.junit.internal.runners.statements.InvokeMethod.evaluate(InvokeMethod.java:17)
	at org.junit.runners.ParentRunner.runLeaf(ParentRunner.java:271)
	at org.junit.runners.BlockJUnit4ClassRunner.runChild(BlockJUnit4ClassRunner.java:70)
	at org.junit.runners.BlockJUnit4ClassRunner.runChild(BlockJUnit4ClassRunner.java:50)
	at org.junit.runners.ParentRunner$3.run(ParentRunner.java:238)
	at org.junit.runners.ParentRunner$1.schedule(ParentRunner.java:63)
	at org.junit.runners.ParentRunner.runChildren(ParentRunner.java:236)
	at org.junit.runners.ParentRunner.access$000(ParentRunner.java:53)
	at org.junit.runners.ParentRunner$2.evaluate(ParentRunner.java:229)
	at org.junit.runners.ParentRunner.run(ParentRunner.java:309)
	at org.apache.maven.surefire.junit4.JUnit4Provider.execute(JUnit4Provider.java:252)
	at org.apache.maven.surefire.junit4.JUnit4Provider.executeTestSet(JUnit4Provider.java:141)
	at org.apache.maven.surefire.junit4.JUnit4Provider.invoke(JUnit4Provider.java:112)
	at sun.reflect.NativeMethodAccessorImpl.invoke0(Native Method)
	at sun.reflect.NativeMethodAccessorImpl.invoke(NativeMethodAccessorImpl.java:62)
	at sun.reflect.DelegatingMethodAccessorImpl.invoke(DelegatingMethodAccessorImpl.java:43)
	at java.lang.reflect.Method.invoke(Method.java:498)
	at org.apache.maven.surefire.util.ReflectionUtils.invokeMethodWithArray(ReflectionUtils.java:189)
	at org.apache.maven.surefire.booter.ProviderFactory$ProviderProxy.invoke(ProviderFactory.java:165)
	at org.apache.maven.surefire.booter.ProviderFactory.invokeProvider(ProviderFactory.java:85)
	at org.apache.maven.surefire.booter.ForkedBooter.runSuitesInProcess(ForkedBooter.java:115)
	at org.apache.maven.surefire.booter.ForkedBooter.main(ForkedBooter.java:75)
</failure>
  </testcase>
  <testcase classname="RegressionTest" name="test061" time="0"/>
  <testcase classname="RegressionTest" name="test062" time="0"/>
  <testcase classname="RegressionTest" name="test063" time="0">
    <failure message="&apos;curse&apos; != &apos;copper&apos;" type="java.lang.AssertionError">java.lang.AssertionError: &apos;curse&apos; != &apos;copper&apos;
	at org.junit.Assert.fail(Assert.java:88)
	at org.junit.Assert.assertTrue(Assert.java:41)
	at RegressionTest.test063(RegressionTest.java:3558)
	at sun.reflect.NativeMethodAccessorImpl.invoke0(Native Method)
	at sun.reflect.NativeMethodAccessorImpl.invoke(NativeMethodAccessorImpl.java:62)
	at sun.reflect.DelegatingMethodAccessorImpl.invoke(DelegatingMethodAccessorImpl.java:43)
	at java.lang.reflect.Method.invoke(Method.java:498)
	at org.junit.runners.model.FrameworkMethod$1.runReflectiveCall(FrameworkMethod.java:47)
	at org.junit.internal.runners.model.ReflectiveCallable.run(ReflectiveCallable.java:12)
	at org.junit.runners.model.FrameworkMethod.invokeExplosively(FrameworkMethod.java:44)
	at org.junit.internal.runners.statements.InvokeMethod.evaluate(InvokeMethod.java:17)
	at org.junit.runners.ParentRunner.runLeaf(ParentRunner.java:271)
	at org.junit.runners.BlockJUnit4ClassRunner.runChild(BlockJUnit4ClassRunner.java:70)
	at org.junit.runners.BlockJUnit4ClassRunner.runChild(BlockJUnit4ClassRunner.java:50)
	at org.junit.runners.ParentRunner$3.run(ParentRunner.java:238)
	at org.junit.runners.ParentRunner$1.schedule(ParentRunner.java:63)
	at org.junit.runners.ParentRunner.runChildren(ParentRunner.java:236)
	at org.junit.runners.ParentRunner.access$000(ParentRunner.java:53)
	at org.junit.runners.ParentRunner$2.evaluate(ParentRunner.java:229)
	at org.junit.runners.ParentRunner.run(ParentRunner.java:309)
	at org.apache.maven.surefire.junit4.JUnit4Provider.execute(JUnit4Provider.java:252)
	at org.apache.maven.surefire.junit4.JUnit4Provider.executeTestSet(JUnit4Provider.java:141)
	at org.apache.maven.surefire.junit4.JUnit4Provider.invoke(JUnit4Provider.java:112)
	at sun.reflect.NativeMethodAccessorImpl.invoke0(Native Method)
	at sun.reflect.NativeMethodAccessorImpl.invoke(NativeMethodAccessorImpl.java:62)
	at sun.reflect.DelegatingMethodAccessorImpl.invoke(DelegatingMethodAccessorImpl.java:43)
	at java.lang.reflect.Method.invoke(Method.java:498)
	at org.apache.maven.surefire.util.ReflectionUtils.invokeMethodWithArray(ReflectionUtils.java:189)
	at org.apache.maven.surefire.booter.ProviderFactory$ProviderProxy.invoke(ProviderFactory.java:165)
	at org.apache.maven.surefire.booter.ProviderFactory.invokeProvider(ProviderFactory.java:85)
	at org.apache.maven.surefire.booter.ForkedBooter.runSuitesInProcess(ForkedBooter.java:115)
	at org.apache.maven.surefire.booter.ForkedBooter.main(ForkedBooter.java:75)
</failure>
    <system-out>hi! gained curse
hi! gained curse
</system-out>
  </testcase>
  <testcase classname="RegressionTest" name="test064" time="0"/>
  <testcase classname="RegressionTest" name="test065" time="0.008">
    <failure type="java.lang.AssertionError">java.lang.AssertionError
	at org.junit.Assert.fail(Assert.java:86)
	at org.junit.Assert.assertTrue(Assert.java:41)
	at org.junit.Assert.assertTrue(Assert.java:52)
	at RegressionTest.test065(RegressionTest.java:3655)
	at sun.reflect.NativeMethodAccessorImpl.invoke0(Native Method)
	at sun.reflect.NativeMethodAccessorImpl.invoke(NativeMethodAccessorImpl.java:62)
	at sun.reflect.DelegatingMethodAccessorImpl.invoke(DelegatingMethodAccessorImpl.java:43)
	at java.lang.reflect.Method.invoke(Method.java:498)
	at org.junit.runners.model.FrameworkMethod$1.runReflectiveCall(FrameworkMethod.java:47)
	at org.junit.internal.runners.model.ReflectiveCallable.run(ReflectiveCallable.java:12)
	at org.junit.runners.model.FrameworkMethod.invokeExplosively(FrameworkMethod.java:44)
	at org.junit.internal.runners.statements.InvokeMethod.evaluate(InvokeMethod.java:17)
	at org.junit.runners.ParentRunner.runLeaf(ParentRunner.java:271)
	at org.junit.runners.BlockJUnit4ClassRunner.runChild(BlockJUnit4ClassRunner.java:70)
	at org.junit.runners.BlockJUnit4ClassRunner.runChild(BlockJUnit4ClassRunner.java:50)
	at org.junit.runners.ParentRunner$3.run(ParentRunner.java:238)
	at org.junit.runners.ParentRunner$1.schedule(ParentRunner.java:63)
	at org.junit.runners.ParentRunner.runChildren(ParentRunner.java:236)
	at org.junit.runners.ParentRunner.access$000(ParentRunner.java:53)
	at org.junit.runners.ParentRunner$2.evaluate(ParentRunner.java:229)
	at org.junit.runners.ParentRunner.run(ParentRunner.java:309)
	at org.apache.maven.surefire.junit4.JUnit4Provider.execute(JUnit4Provider.java:252)
	at org.apache.maven.surefire.junit4.JUnit4Provider.executeTestSet(JUnit4Provider.java:141)
	at org.apache.maven.surefire.junit4.JUnit4Provider.invoke(JUnit4Provider.java:112)
	at sun.reflect.NativeMethodAccessorImpl.invoke0(Native Method)
	at sun.reflect.NativeMethodAccessorImpl.invoke(NativeMethodAccessorImpl.java:62)
	at sun.reflect.DelegatingMethodAccessorImpl.invoke(DelegatingMethodAccessorImpl.java:43)
	at java.lang.reflect.Method.invoke(Method.java:498)
	at org.apache.maven.surefire.util.ReflectionUtils.invokeMethodWithArray(ReflectionUtils.java:189)
	at org.apache.maven.surefire.booter.ProviderFactory$ProviderProxy.invoke(ProviderFactory.java:165)
	at org.apache.maven.surefire.booter.ProviderFactory.invokeProvider(ProviderFactory.java:85)
	at org.apache.maven.surefire.booter.ForkedBooter.runSuitesInProcess(ForkedBooter.java:115)
	at org.apache.maven.surefire.booter.ForkedBooter.main(ForkedBooter.java:75)
</failure>
    <system-out>
STARTING NEW GAME!

Player1 is now starting a turn.
Shuffling Player1&apos;s deck.
copper was drawn from the deck.
copper was drawn from the deck.
estate was drawn from the deck.
copper was drawn from the deck.
estate was drawn from the deck.
Player1 gained curse card because of embargo token.
Player1 gained curse
Player1 bought duchy

Player2 is now starting a turn.
Shuffling Player2&apos;s deck.
copper was drawn from the deck.
copper was drawn from the deck.
estate was drawn from the deck.
copper was drawn from the deck.
copper was drawn from the deck.
Player2 gained curse card because of embargo token.
Player2 gained curse
Player2 bought duchy

Player1 is now starting a turn.
copper was drawn from the deck.
estate was drawn from the deck.
copper was drawn from the deck.
copper was drawn from the deck.
copper was drawn from the deck.
Player1 gained curse card because of embargo token.
Player1 gained curse
Player1 bought mine

Player2 is now starting a turn.
copper was drawn from the deck.
copper was drawn from the deck.
estate was drawn from the deck.
estate was drawn from the deck.
copper was drawn from the deck.
Player2 gained curse card because of embargo token.
Player2 gained curse
Player2 bought mine

Player1 is now starting a turn.
Shuffling Player1&apos;s deck.
copper was drawn from the deck.
estate was drawn from the deck.
copper was drawn from the deck.
duchy was drawn from the deck.
copper was drawn from the deck.
Player1 bought seahag

Player2 is now starting a turn.
Shuffling Player2&apos;s deck.
copper was drawn from the deck.
copper was drawn from the deck.
estate was drawn from the deck.
copper was drawn from the deck.
estate was drawn from the deck.
Player2 gained curse card because of embargo token.
Player2 gained curse
Player2 bought mine

Player1 is now starting a turn.
mine was drawn from the deck.
copper was drawn from the deck.
curse was drawn from the deck.
copper was drawn from the deck.
copper was drawn from the deck.
Playing action card: mine
Player1 gained gold
Player1 gained curse card because of embargo token.
Player1 gained curse
Player1 gained curse card because of embargo token.
Player1 gained curse
Player1 bought gold

Player2 is now starting a turn.
copper was drawn from the deck.
copper was drawn from the deck.
duchy was drawn from the deck.
copper was drawn from the deck.
mine was drawn from the deck.
Playing action card: mine
Player2 gained gold
Player2 gained curse card because of embargo token.
Player2 gained curse
Player2 gained curse card because of embargo token.
Player2 gained curse
Player2 bought gold

Player1 is now starting a turn.
estate was drawn from the deck.
curse was drawn from the deck.
copper was drawn from the deck.
estate was drawn from the deck.
Shuffling Player1&apos;s deck.
curse was drawn from the deck.
Player1 gained curse card because of embargo token.
Player1 gained curse
Player1 bought silver

Player2 is now starting a turn.
copper was drawn from the deck.
estate was drawn from the deck.
curse was drawn from the deck.
curse was drawn from the deck.
Shuffling Player2&apos;s deck.
copper was drawn from the deck.
Player2 bought great_hall

Player1 is now starting a turn.
mine was drawn from the deck.
copper was drawn from the deck.
copper was drawn from the deck.
seahag was drawn from the deck.
copper was drawn from the deck.
Playing action card: mine
Player1 gained gold
Player1 bought gold

Player2 is now starting a turn.
copper was drawn from the deck.
curse was drawn from the deck.
estate was drawn from the deck.
duchy was drawn from the deck.
copper was drawn from the deck.
Player2 bought silver

Player1 is now starting a turn.
curse was drawn from the deck.
copper was drawn from the deck.
gold was drawn from the deck.
gold was drawn from the deck.
estate was drawn from the deck.
Player1 bought province

Player2 is now starting a turn.
mine was drawn from the deck.
mine was drawn from the deck.
estate was drawn from the deck.
gold was drawn from the deck.
copper was drawn from the deck.
Playing action card: mine
Player2 gained gold
Player2 bought province

Player1 is now starting a turn.
copper was drawn from the deck.
duchy was drawn from the deck.
curse was drawn from the deck.
copper was drawn from the deck.
Shuffling Player1&apos;s deck.
copper was drawn from the deck.
Player1 bought silver

Player2 is now starting a turn.
copper was drawn from the deck.
gold was drawn from the deck.
copper was drawn from the deck.
curse was drawn from the deck.
curse was drawn from the deck.
Player2 bought duchy

Player1 is now starting a turn.
estate was drawn from the deck.
copper was drawn from the deck.
copper was drawn from the deck.
mine was drawn from the deck.
gold was drawn from the deck.
Playing action card: mine
Player1 gained gold
Player1 bought province

Player2 is now starting a turn.
Shuffling Player2&apos;s deck.
copper was drawn from the deck.
copper was drawn from the deck.
copper was drawn from the deck.
curse was drawn from the deck.
copper was drawn from the deck.
Player2 bought gardens

Player1 is now starting a turn.
silver was drawn from the deck.
curse was drawn from the deck.
copper was drawn from the deck.
estate was drawn from the deck.
seahag was drawn from the deck.
Playing action card: seahag
estate was drawn from the deck.
Player2 discarded estate
Player2 gained curse to top of deck.
Player1 bought gardens

Player2 is now starting a turn.
curse was drawn from the deck.
province was drawn from the deck.
curse was drawn from the deck.
estate was drawn from the deck.
copper was drawn from the deck.
Player2 bought estate

Player1 is now starting a turn.
estate was drawn from the deck.
curse was drawn from the deck.
curse was drawn from the deck.
gold was drawn from the deck.
gold was drawn from the deck.
Player1 bought gold

Player2 is now starting a turn.
great_hall was drawn from the deck.
gold was drawn from the deck.
gold was drawn from the deck.
duchy was drawn from the deck.
copper was drawn from the deck.
Playing action card: great_hall
duchy was drawn from the deck.
Player2 bought gold

Player1 is now starting a turn.
gold was drawn from the deck.
copper was drawn from the deck.
curse was drawn from the deck.
province was drawn from the deck.
Shuffling Player1&apos;s deck.
estate was drawn from the deck.
Player1 bought mine

Player2 is now starting a turn.
curse was drawn from the deck.
curse was drawn from the deck.
estate was drawn from the deck.
copper was drawn from the deck.
mine was drawn from the deck.
Playing action card: mine
Player2 gained gold
Player2 bought duchy

Player1 is now starting a turn.
seahag was drawn from the deck.
estate was drawn from the deck.
curse was drawn from the deck.
gold was drawn from the deck.
gold was drawn from the deck.
Playing action card: seahag
silver was drawn from the deck.
Player2 discarded silver
Player2 gained curse to top of deck.
Player1 bought adventurer

Player2 is now starting a turn.
curse was drawn from the deck.
gold was drawn from the deck.
curse was drawn from the deck.
mine was drawn from the deck.
Shuffling Player2&apos;s deck.
curse was drawn from the deck.
Playing action card: mine
Player2 gained gold
Player2 bought adventurer

Player1 is now starting a turn.
province was drawn from the deck.
copper was drawn from the deck.
copper was drawn from the deck.
copper was drawn from the deck.
copper was drawn from the deck.
Player1 bought cutpurse

Player2 is now starting a turn.
duchy was drawn from the deck.
gold was drawn from the deck.
copper was drawn from the deck.
province was drawn from the deck.
copper was drawn from the deck.
Player2 bought duchy

Player1 is now starting a turn.
silver was drawn from the deck.
copper was drawn from the deck.
mine was drawn from the deck.
curse was drawn from the deck.
gold was drawn from the deck.
Playing action card: mine
Player1 gained gold
Player1 bought province

Player2 is now starting a turn.
estate was drawn from the deck.
copper was drawn from the deck.
duchy was drawn from the deck.
great_hall was drawn from the deck.
copper was drawn from the deck.
Playing action card: great_hall
copper was drawn from the deck.
Player2 bought cutpurse

Player1 is now starting a turn.
silver was drawn from the deck.
duchy was drawn from the deck.
curse was drawn from the deck.
gardens was drawn from the deck.
estate was drawn from the deck.
Player1 bought silver

Player2 is now starting a turn.
copper was drawn from the deck.
curse was drawn from the deck.
curse was drawn from the deck.
estate was drawn from the deck.
gardens was drawn from the deck.
Player2 bought embargo

Player1 is now starting a turn.
copper was drawn from the deck.
gold was drawn from the deck.
gold was drawn from the deck.
curse was drawn from the deck.
Shuffling Player1&apos;s deck.
curse was drawn from the deck.
Player1 bought adventurer

Player2 is now starting a turn.
gold was drawn from the deck.
copper was drawn from the deck.
mine was drawn from the deck.
duchy was drawn from the deck.
curse was drawn from the deck.
Playing action card: mine
Player2 gained gold
Player2 bought adventurer

Player1 is now starting a turn.
curse was drawn from the deck.
copper was drawn from the deck.
copper was drawn from the deck.
province was drawn from the deck.
cutpurse was drawn from the deck.
Playing action card: cutpurse
Player2 had no coppers to discard. 
Player1 bought cutpurse

Player2 is now starting a turn.
silver was drawn from the deck.
estate was drawn from the deck.
estate was drawn from the deck.
curse was drawn from the deck.
gold was drawn from the deck.
Player2 bought gold

Player1 is now starting a turn.
mine was drawn from the deck.
silver was drawn from the deck.
gold was drawn from the deck.
copper was drawn from the deck.
seahag was drawn from the deck.
Playing action card: mine
Player1 gained gold
Player1 bought province

Player2 is now starting a turn.
gold was drawn from the deck.
Shuffling Player2&apos;s deck.
mine was drawn from the deck.
duchy was drawn from the deck.
duchy was drawn from the deck.
great_hall was drawn from the deck.
Playing action card: great_hall
silver was drawn from the deck.
Playing action card: mine
Player2 gained gold
Player2 bought province

Player1 is now starting a turn.
silver was drawn from the deck.
estate was drawn from the deck.
duchy was drawn from the deck.
gold was drawn from the deck.
curse was drawn from the deck.
Player1 bought gold

Player2 is now starting a turn.
curse was drawn from the deck.
curse was drawn from the deck.
gold was drawn from the deck.
adventurer was drawn from the deck.
copper was drawn from the deck.
Playing action card: adventurer
mine was drawn from the deck.
Player2 discarded mine
copper was drawn from the deck.
estate was drawn from the deck.
Player2 discarded estate
gold was drawn from the deck.
Player2 bought province

Player1 is now starting a turn.
gold was drawn from the deck.
copper was drawn from the deck.
copper was drawn from the deck.
mine was drawn from the deck.
gold was drawn from the deck.
Playing action card: mine
Player1 gained gold
Player1 bought province
GAME OVER! Province card pile is empty. 
Player1: 213
Player2: 283
Player1: 213
Player2: 283
gold was drawn from the deck.
Player2 discarded gold
Player2 gained curse to top of deck.
curse was drawn from the deck.
Player2 discarded curse
Player2 gained curse to top of deck.
hi! gained smithy
</system-out>
  </testcase>
  <testcase classname="RegressionTest" name="test066" time="0"/>
  <testcase classname="RegressionTest" name="test067" time="0"/>
  <testcase classname="RegressionTest" name="test068" time="0"/>
  <testcase classname="RegressionTest" name="test069" time="0"/>
  <testcase classname="RegressionTest" name="test070" time="0.016"/>
  <testcase classname="RegressionTest" name="test071" time="0.008"/>
  <testcase classname="RegressionTest" name="test072" time="0.008"/>
  <testcase classname="RegressionTest" name="test073" time="0.022">
    <failure message="&apos;curse&apos; != &apos;copper&apos;" type="java.lang.AssertionError">java.lang.AssertionError: &apos;curse&apos; != &apos;copper&apos;
	at org.junit.Assert.fail(Assert.java:88)
	at org.junit.Assert.assertTrue(Assert.java:41)
	at RegressionTest.test073(RegressionTest.java:4292)
	at sun.reflect.NativeMethodAccessorImpl.invoke0(Native Method)
	at sun.reflect.NativeMethodAccessorImpl.invoke(NativeMethodAccessorImpl.java:62)
	at sun.reflect.DelegatingMethodAccessorImpl.invoke(DelegatingMethodAccessorImpl.java:43)
	at java.lang.reflect.Method.invoke(Method.java:498)
	at org.junit.runners.model.FrameworkMethod$1.runReflectiveCall(FrameworkMethod.java:47)
	at org.junit.internal.runners.model.ReflectiveCallable.run(ReflectiveCallable.java:12)
	at org.junit.runners.model.FrameworkMethod.invokeExplosively(FrameworkMethod.java:44)
	at org.junit.internal.runners.statements.InvokeMethod.evaluate(InvokeMethod.java:17)
	at org.junit.runners.ParentRunner.runLeaf(ParentRunner.java:271)
	at org.junit.runners.BlockJUnit4ClassRunner.runChild(BlockJUnit4ClassRunner.java:70)
	at org.junit.runners.BlockJUnit4ClassRunner.runChild(BlockJUnit4ClassRunner.java:50)
	at org.junit.runners.ParentRunner$3.run(ParentRunner.java:238)
	at org.junit.runners.ParentRunner$1.schedule(ParentRunner.java:63)
	at org.junit.runners.ParentRunner.runChildren(ParentRunner.java:236)
	at org.junit.runners.ParentRunner.access$000(ParentRunner.java:53)
	at org.junit.runners.ParentRunner$2.evaluate(ParentRunner.java:229)
	at org.junit.runners.ParentRunner.run(ParentRunner.java:309)
	at org.apache.maven.surefire.junit4.JUnit4Provider.execute(JUnit4Provider.java:252)
	at org.apache.maven.surefire.junit4.JUnit4Provider.executeTestSet(JUnit4Provider.java:141)
	at org.apache.maven.surefire.junit4.JUnit4Provider.invoke(JUnit4Provider.java:112)
	at sun.reflect.NativeMethodAccessorImpl.invoke0(Native Method)
	at sun.reflect.NativeMethodAccessorImpl.invoke(NativeMethodAccessorImpl.java:62)
	at sun.reflect.DelegatingMethodAccessorImpl.invoke(DelegatingMethodAccessorImpl.java:43)
	at java.lang.reflect.Method.invoke(Method.java:498)
	at org.apache.maven.surefire.util.ReflectionUtils.invokeMethodWithArray(ReflectionUtils.java:189)
	at org.apache.maven.surefire.booter.ProviderFactory$ProviderProxy.invoke(ProviderFactory.java:165)
	at org.apache.maven.surefire.booter.ProviderFactory.invokeProvider(ProviderFactory.java:85)
	at org.apache.maven.surefire.booter.ForkedBooter.runSuitesInProcess(ForkedBooter.java:115)
	at org.apache.maven.surefire.booter.ForkedBooter.main(ForkedBooter.java:75)
</failure>
    <system-out>Player1 had no coppers to discard. 
Player2 had no coppers to discard. 
hi! gained mine to top of deck.
mine was drawn from the deck.

STARTING NEW GAME!

Player1 is now starting a turn.
Shuffling Player1&apos;s deck.
copper was drawn from the deck.
copper was drawn from the deck.
estate was drawn from the deck.
copper was drawn from the deck.
estate was drawn from the deck.
Player1 gained curse card because of embargo token.
Player1 gained curse
Player1 bought duchy

Player2 is now starting a turn.
Shuffling Player2&apos;s deck.
copper was drawn from the deck.
copper was drawn from the deck.
estate was drawn from the deck.
copper was drawn from the deck.
copper was drawn from the deck.
Player2 gained curse card because of embargo token.
Player2 gained curse
Player2 bought duchy

Player1 is now starting a turn.
copper was drawn from the deck.
estate was drawn from the deck.
copper was drawn from the deck.
copper was drawn from the deck.
copper was drawn from the deck.
Player1 gained curse card because of embargo token.
Player1 gained curse
Player1 bought mine

Player2 is now starting a turn.
copper was drawn from the deck.
copper was drawn from the deck.
estate was drawn from the deck.
estate was drawn from the deck.
copper was drawn from the deck.
Player2 gained curse card because of embargo token.
Player2 gained curse
Player2 bought mine

Player1 is now starting a turn.
Shuffling Player1&apos;s deck.
copper was drawn from the deck.
estate was drawn from the deck.
copper was drawn from the deck.
duchy was drawn from the deck.
copper was drawn from the deck.
Player1 bought seahag

Player2 is now starting a turn.
Shuffling Player2&apos;s deck.
copper was drawn from the deck.
copper was drawn from the deck.
estate was drawn from the deck.
copper was drawn from the deck.
estate was drawn from the deck.
Player2 gained curse card because of embargo token.
Player2 gained curse
Player2 bought mine

Player1 is now starting a turn.
mine was drawn from the deck.
copper was drawn from the deck.
curse was drawn from the deck.
copper was drawn from the deck.
copper was drawn from the deck.
Playing action card: mine
Player1 gained gold
Player1 gained curse card because of embargo token.
Player1 gained curse
Player1 gained curse card because of embargo token.
Player1 gained curse
Player1 bought gold

Player2 is now starting a turn.
copper was drawn from the deck.
copper was drawn from the deck.
duchy was drawn from the deck.
copper was drawn from the deck.
mine was drawn from the deck.
Playing action card: mine
Player2 gained gold
Player2 gained curse card because of embargo token.
Player2 gained curse
Player2 gained curse card because of embargo token.
Player2 gained curse
Player2 bought gold

Player1 is now starting a turn.
estate was drawn from the deck.
curse was drawn from the deck.
copper was drawn from the deck.
estate was drawn from the deck.
Shuffling Player1&apos;s deck.
curse was drawn from the deck.
Player1 gained curse card because of embargo token.
Player1 gained curse
Player1 bought silver

Player2 is now starting a turn.
copper was drawn from the deck.
estate was drawn from the deck.
curse was drawn from the deck.
curse was drawn from the deck.
Shuffling Player2&apos;s deck.
copper was drawn from the deck.
Player2 bought great_hall

Player1 is now starting a turn.
mine was drawn from the deck.
copper was drawn from the deck.
copper was drawn from the deck.
seahag was drawn from the deck.
copper was drawn from the deck.
Playing action card: mine
Player1 gained gold
Player1 bought gold

Player2 is now starting a turn.
copper was drawn from the deck.
curse was drawn from the deck.
estate was drawn from the deck.
duchy was drawn from the deck.
copper was drawn from the deck.
Player2 bought silver

Player1 is now starting a turn.
curse was drawn from the deck.
copper was drawn from the deck.
gold was drawn from the deck.
gold was drawn from the deck.
estate was drawn from the deck.
Player1 bought province

Player2 is now starting a turn.
mine was drawn from the deck.
mine was drawn from the deck.
estate was drawn from the deck.
gold was drawn from the deck.
copper was drawn from the deck.
Playing action card: mine
Player2 gained gold
Player2 bought province

Player1 is now starting a turn.
copper was drawn from the deck.
duchy was drawn from the deck.
curse was drawn from the deck.
copper was drawn from the deck.
Shuffling Player1&apos;s deck.
copper was drawn from the deck.
Player1 bought silver

Player2 is now starting a turn.
copper was drawn from the deck.
gold was drawn from the deck.
copper was drawn from the deck.
curse was drawn from the deck.
curse was drawn from the deck.
Player2 bought duchy

Player1 is now starting a turn.
estate was drawn from the deck.
copper was drawn from the deck.
copper was drawn from the deck.
mine was drawn from the deck.
gold was drawn from the deck.
Playing action card: mine
Player1 gained gold
Player1 bought province

Player2 is now starting a turn.
Shuffling Player2&apos;s deck.
copper was drawn from the deck.
copper was drawn from the deck.
copper was drawn from the deck.
curse was drawn from the deck.
copper was drawn from the deck.
Player2 bought gardens

Player1 is now starting a turn.
silver was drawn from the deck.
curse was drawn from the deck.
copper was drawn from the deck.
estate was drawn from the deck.
seahag was drawn from the deck.
Playing action card: seahag
estate was drawn from the deck.
Player2 discarded estate
Player2 gained curse to top of deck.
Player1 bought gardens

Player2 is now starting a turn.
curse was drawn from the deck.
province was drawn from the deck.
curse was drawn from the deck.
estate was drawn from the deck.
copper was drawn from the deck.
Player2 bought estate

Player1 is now starting a turn.
estate was drawn from the deck.
curse was drawn from the deck.
curse was drawn from the deck.
gold was drawn from the deck.
gold was drawn from the deck.
Player1 bought gold

Player2 is now starting a turn.
great_hall was drawn from the deck.
gold was drawn from the deck.
gold was drawn from the deck.
duchy was drawn from the deck.
copper was drawn from the deck.
Playing action card: great_hall
duchy was drawn from the deck.
Player2 bought gold

Player1 is now starting a turn.
gold was drawn from the deck.
copper was drawn from the deck.
curse was drawn from the deck.
province was drawn from the deck.
Shuffling Player1&apos;s deck.
estate was drawn from the deck.
Player1 bought mine

Player2 is now starting a turn.
curse was drawn from the deck.
curse was drawn from the deck.
estate was drawn from the deck.
copper was drawn from the deck.
mine was drawn from the deck.
Playing action card: mine
Player2 gained gold
Player2 bought duchy

Player1 is now starting a turn.
seahag was drawn from the deck.
estate was drawn from the deck.
curse was drawn from the deck.
gold was drawn from the deck.
gold was drawn from the deck.
Playing action card: seahag
silver was drawn from the deck.
Player2 discarded silver
Player2 gained curse to top of deck.
Player1 bought adventurer

Player2 is now starting a turn.
curse was drawn from the deck.
gold was drawn from the deck.
curse was drawn from the deck.
mine was drawn from the deck.
Shuffling Player2&apos;s deck.
curse was drawn from the deck.
Playing action card: mine
Player2 gained gold
Player2 bought adventurer

Player1 is now starting a turn.
province was drawn from the deck.
copper was drawn from the deck.
copper was drawn from the deck.
copper was drawn from the deck.
copper was drawn from the deck.
Player1 bought cutpurse

Player2 is now starting a turn.
duchy was drawn from the deck.
gold was drawn from the deck.
copper was drawn from the deck.
province was drawn from the deck.
copper was drawn from the deck.
Player2 bought duchy

Player1 is now starting a turn.
silver was drawn from the deck.
copper was drawn from the deck.
mine was drawn from the deck.
curse was drawn from the deck.
gold was drawn from the deck.
Playing action card: mine
Player1 gained gold
Player1 bought province

Player2 is now starting a turn.
estate was drawn from the deck.
copper was drawn from the deck.
duchy was drawn from the deck.
great_hall was drawn from the deck.
copper was drawn from the deck.
Playing action card: great_hall
copper was drawn from the deck.
Player2 bought cutpurse

Player1 is now starting a turn.
silver was drawn from the deck.
duchy was drawn from the deck.
curse was drawn from the deck.
gardens was drawn from the deck.
estate was drawn from the deck.
Player1 bought silver

Player2 is now starting a turn.
copper was drawn from the deck.
curse was drawn from the deck.
curse was drawn from the deck.
estate was drawn from the deck.
gardens was drawn from the deck.
Player2 bought embargo

Player1 is now starting a turn.
copper was drawn from the deck.
gold was drawn from the deck.
gold was drawn from the deck.
curse was drawn from the deck.
Shuffling Player1&apos;s deck.
curse was drawn from the deck.
Player1 bought adventurer

Player2 is now starting a turn.
gold was drawn from the deck.
copper was drawn from the deck.
mine was drawn from the deck.
duchy was drawn from the deck.
curse was drawn from the deck.
Playing action card: mine
Player2 gained gold
Player2 bought adventurer

Player1 is now starting a turn.
curse was drawn from the deck.
copper was drawn from the deck.
copper was drawn from the deck.
province was drawn from the deck.
cutpurse was drawn from the deck.
Playing action card: cutpurse
Player2 had no coppers to discard. 
Player1 bought cutpurse

Player2 is now starting a turn.
silver was drawn from the deck.
estate was drawn from the deck.
estate was drawn from the deck.
curse was drawn from the deck.
gold was drawn from the deck.
Player2 bought gold

Player1 is now starting a turn.
mine was drawn from the deck.
silver was drawn from the deck.
gold was drawn from the deck.
copper was drawn from the deck.
seahag was drawn from the deck.
Playing action card: mine
Player1 gained gold
Player1 bought province

Player2 is now starting a turn.
gold was drawn from the deck.
Shuffling Player2&apos;s deck.
mine was drawn from the deck.
duchy was drawn from the deck.
duchy was drawn from the deck.
great_hall was drawn from the deck.
Playing action card: great_hall
silver was drawn from the deck.
Playing action card: mine
Player2 gained gold
Player2 bought province

Player1 is now starting a turn.
silver was drawn from the deck.
estate was drawn from the deck.
duchy was drawn from the deck.
gold was drawn from the deck.
curse was drawn from the deck.
Player1 bought gold

Player2 is now starting a turn.
curse was drawn from the deck.
curse was drawn from the deck.
gold was drawn from the deck.
adventurer was drawn from the deck.
copper was drawn from the deck.
Playing action card: adventurer
mine was drawn from the deck.
Player2 discarded mine
copper was drawn from the deck.
estate was drawn from the deck.
Player2 discarded estate
gold was drawn from the deck.
Player2 bought province

Player1 is now starting a turn.
gold was drawn from the deck.
copper was drawn from the deck.
copper was drawn from the deck.
mine was drawn from the deck.
gold was drawn from the deck.
Playing action card: mine
Player1 gained gold
Player1 bought province
GAME OVER! Province card pile is empty. 
Player1: 213
Player2: 283

STARTING NEW GAME!

Player1 is now starting a turn.
Shuffling Player1&apos;s deck.
copper was drawn from the deck.
copper was drawn from the deck.
estate was drawn from the deck.
copper was drawn from the deck.
estate was drawn from the deck.
Player1 gained curse card because of embargo token.
Player1 gained curse
Player1 bought duchy

Player2 is now starting a turn.
Shuffling Player2&apos;s deck.
copper was drawn from the deck.
copper was drawn from the deck.
estate was drawn from the deck.
copper was drawn from the deck.
copper was drawn from the deck.
Player2 gained curse card because of embargo token.
Player2 gained curse
Player2 bought duchy

Player1 is now starting a turn.
copper was drawn from the deck.
estate was drawn from the deck.
copper was drawn from the deck.
copper was drawn from the deck.
copper was drawn from the deck.
Player1 gained curse card because of embargo token.
Player1 gained curse
Player1 bought mine

Player2 is now starting a turn.
copper was drawn from the deck.
copper was drawn from the deck.
estate was drawn from the deck.
estate was drawn from the deck.
copper was drawn from the deck.
Player2 gained curse card because of embargo token.
Player2 gained curse
Player2 bought mine

Player1 is now starting a turn.
Shuffling Player1&apos;s deck.
copper was drawn from the deck.
estate was drawn from the deck.
copper was drawn from the deck.
duchy was drawn from the deck.
copper was drawn from the deck.
Player1 bought seahag

Player2 is now starting a turn.
Shuffling Player2&apos;s deck.
copper was drawn from the deck.
copper was drawn from the deck.
estate was drawn from the deck.
copper was drawn from the deck.
estate was drawn from the deck.
Player2 gained curse card because of embargo token.
Player2 gained curse
Player2 bought mine

Player1 is now starting a turn.
mine was drawn from the deck.
copper was drawn from the deck.
curse was drawn from the deck.
copper was drawn from the deck.
copper was drawn from the deck.
Playing action card: mine
Player1 gained gold
Player1 gained curse card because of embargo token.
Player1 gained curse
Player1 gained curse card because of embargo token.
Player1 gained curse
Player1 bought gold

Player2 is now starting a turn.
copper was drawn from the deck.
copper was drawn from the deck.
duchy was drawn from the deck.
copper was drawn from the deck.
mine was drawn from the deck.
Playing action card: mine
Player2 gained gold
Player2 gained curse card because of embargo token.
Player2 gained curse
Player2 gained curse card because of embargo token.
Player2 gained curse
Player2 bought gold

Player1 is now starting a turn.
estate was drawn from the deck.
curse was drawn from the deck.
copper was drawn from the deck.
estate was drawn from the deck.
Shuffling Player1&apos;s deck.
curse was drawn from the deck.
Player1 gained curse card because of embargo token.
Player1 gained curse
Player1 bought silver

Player2 is now starting a turn.
copper was drawn from the deck.
estate was drawn from the deck.
curse was drawn from the deck.
curse was drawn from the deck.
Shuffling Player2&apos;s deck.
copper was drawn from the deck.
Player2 bought great_hall

Player1 is now starting a turn.
mine was drawn from the deck.
copper was drawn from the deck.
copper was drawn from the deck.
seahag was drawn from the deck.
copper was drawn from the deck.
Playing action card: mine
Player1 gained gold
Player1 bought gold

Player2 is now starting a turn.
copper was drawn from the deck.
curse was drawn from the deck.
estate was drawn from the deck.
duchy was drawn from the deck.
copper was drawn from the deck.
Player2 bought silver

Player1 is now starting a turn.
curse was drawn from the deck.
copper was drawn from the deck.
gold was drawn from the deck.
gold was drawn from the deck.
estate was drawn from the deck.
Player1 bought province

Player2 is now starting a turn.
mine was drawn from the deck.
mine was drawn from the deck.
estate was drawn from the deck.
gold was drawn from the deck.
copper was drawn from the deck.
Playing action card: mine
Player2 gained gold
Player2 bought province

Player1 is now starting a turn.
copper was drawn from the deck.
duchy was drawn from the deck.
curse was drawn from the deck.
copper was drawn from the deck.
Shuffling Player1&apos;s deck.
copper was drawn from the deck.
Player1 bought silver

Player2 is now starting a turn.
copper was drawn from the deck.
gold was drawn from the deck.
copper was drawn from the deck.
curse was drawn from the deck.
curse was drawn from the deck.
Player2 bought duchy

Player1 is now starting a turn.
estate was drawn from the deck.
copper was drawn from the deck.
copper was drawn from the deck.
mine was drawn from the deck.
gold was drawn from the deck.
Playing action card: mine
Player1 gained gold
Player1 bought province

Player2 is now starting a turn.
Shuffling Player2&apos;s deck.
copper was drawn from the deck.
copper was drawn from the deck.
copper was drawn from the deck.
curse was drawn from the deck.
copper was drawn from the deck.
Player2 bought gardens

Player1 is now starting a turn.
silver was drawn from the deck.
curse was drawn from the deck.
copper was drawn from the deck.
estate was drawn from the deck.
seahag was drawn from the deck.
Playing action card: seahag
estate was drawn from the deck.
Player2 discarded estate
Player2 gained curse to top of deck.
Player1 bought gardens

Player2 is now starting a turn.
curse was drawn from the deck.
province was drawn from the deck.
curse was drawn from the deck.
estate was drawn from the deck.
copper was drawn from the deck.
Player2 bought estate

Player1 is now starting a turn.
estate was drawn from the deck.
curse was drawn from the deck.
curse was drawn from the deck.
gold was drawn from the deck.
gold was drawn from the deck.
Player1 bought gold

Player2 is now starting a turn.
great_hall was drawn from the deck.
gold was drawn from the deck.
gold was drawn from the deck.
duchy was drawn from the deck.
copper was drawn from the deck.
Playing action card: great_hall
duchy was drawn from the deck.
Player2 bought gold

Player1 is now starting a turn.
gold was drawn from the deck.
copper was drawn from the deck.
curse was drawn from the deck.
province was drawn from the deck.
Shuffling Player1&apos;s deck.
estate was drawn from the deck.
Player1 bought mine

Player2 is now starting a turn.
curse was drawn from the deck.
curse was drawn from the deck.
estate was drawn from the deck.
copper was drawn from the deck.
mine was drawn from the deck.
Playing action card: mine
Player2 gained gold
Player2 bought duchy

Player1 is now starting a turn.
seahag was drawn from the deck.
estate was drawn from the deck.
curse was drawn from the deck.
gold was drawn from the deck.
gold was drawn from the deck.
Playing action card: seahag
silver was drawn from the deck.
Player2 discarded silver
Player2 gained curse to top of deck.
Player1 bought adventurer

Player2 is now starting a turn.
curse was drawn from the deck.
gold was drawn from the deck.
curse was drawn from the deck.
mine was drawn from the deck.
Shuffling Player2&apos;s deck.
curse was drawn from the deck.
Playing action card: mine
Player2 gained gold
Player2 bought adventurer

Player1 is now starting a turn.
province was drawn from the deck.
copper was drawn from the deck.
copper was drawn from the deck.
copper was drawn from the deck.
copper was drawn from the deck.
Player1 bought cutpurse

Player2 is now starting a turn.
duchy was drawn from the deck.
gold was drawn from the deck.
copper was drawn from the deck.
province was drawn from the deck.
copper was drawn from the deck.
Player2 bought duchy

Player1 is now starting a turn.
silver was drawn from the deck.
copper was drawn from the deck.
mine was drawn from the deck.
curse was drawn from the deck.
gold was drawn from the deck.
Playing action card: mine
Player1 gained gold
Player1 bought province

Player2 is now starting a turn.
estate was drawn from the deck.
copper was drawn from the deck.
duchy was drawn from the deck.
great_hall was drawn from the deck.
copper was drawn from the deck.
Playing action card: great_hall
copper was drawn from the deck.
Player2 bought cutpurse

Player1 is now starting a turn.
silver was drawn from the deck.
duchy was drawn from the deck.
curse was drawn from the deck.
gardens was drawn from the deck.
estate was drawn from the deck.
Player1 bought silver

Player2 is now starting a turn.
copper was drawn from the deck.
curse was drawn from the deck.
curse was drawn from the deck.
estate was drawn from the deck.
gardens was drawn from the deck.
Player2 bought embargo

Player1 is now starting a turn.
copper was drawn from the deck.
gold was drawn from the deck.
gold was drawn from the deck.
curse was drawn from the deck.
Shuffling Player1&apos;s deck.
curse was drawn from the deck.
Player1 bought adventurer

Player2 is now starting a turn.
gold was drawn from the deck.
copper was drawn from the deck.
mine was drawn from the deck.
duchy was drawn from the deck.
curse was drawn from the deck.
Playing action card: mine
Player2 gained gold
Player2 bought adventurer

Player1 is now starting a turn.
curse was drawn from the deck.
copper was drawn from the deck.
copper was drawn from the deck.
province was drawn from the deck.
cutpurse was drawn from the deck.
Playing action card: cutpurse
Player2 had no coppers to discard. 
Player1 bought cutpurse

Player2 is now starting a turn.
silver was drawn from the deck.
estate was drawn from the deck.
estate was drawn from the deck.
curse was drawn from the deck.
gold was drawn from the deck.
Player2 bought gold

Player1 is now starting a turn.
mine was drawn from the deck.
silver was drawn from the deck.
gold was drawn from the deck.
copper was drawn from the deck.
seahag was drawn from the deck.
Playing action card: mine
Player1 gained gold
Player1 bought province

Player2 is now starting a turn.
gold was drawn from the deck.
Shuffling Player2&apos;s deck.
mine was drawn from the deck.
duchy was drawn from the deck.
duchy was drawn from the deck.
great_hall was drawn from the deck.
Playing action card: great_hall
silver was drawn from the deck.
Playing action card: mine
Player2 gained gold
Player2 bought province

Player1 is now starting a turn.
silver was drawn from the deck.
estate was drawn from the deck.
duchy was drawn from the deck.
gold was drawn from the deck.
curse was drawn from the deck.
Player1 bought gold

Player2 is now starting a turn.
curse was drawn from the deck.
curse was drawn from the deck.
gold was drawn from the deck.
adventurer was drawn from the deck.
copper was drawn from the deck.
Playing action card: adventurer
mine was drawn from the deck.
Player2 discarded mine
copper was drawn from the deck.
estate was drawn from the deck.
Player2 discarded estate
gold was drawn from the deck.
Player2 bought province

Player1 is now starting a turn.
gold was drawn from the deck.
copper was drawn from the deck.
copper was drawn from the deck.
mine was drawn from the deck.
gold was drawn from the deck.
Playing action card: mine
Player1 gained gold
Player1 bought province
GAME OVER! Province card pile is empty. 
Player1: 213
Player2: 283
Player1 had no coppers to discard. 
Player2 had no coppers to discard. 
Player1 gained embargo
Player2 gained embargo
hi! gained great_hall

STARTING NEW GAME!

Player1 is now starting a turn.
Shuffling Player1&apos;s deck.
copper was drawn from the deck.
copper was drawn from the deck.
estate was drawn from the deck.
copper was drawn from the deck.
estate was drawn from the deck.
Player1 gained curse card because of embargo token.
Player1 gained curse
Player1 bought duchy

Player2 is now starting a turn.
Shuffling Player2&apos;s deck.
copper was drawn from the deck.
copper was drawn from the deck.
estate was drawn from the deck.
copper was drawn from the deck.
copper was drawn from the deck.
Player2 gained curse card because of embargo token.
Player2 gained curse
Player2 bought duchy

Player1 is now starting a turn.
copper was drawn from the deck.
estate was drawn from the deck.
copper was drawn from the deck.
copper was drawn from the deck.
copper was drawn from the deck.
Player1 gained curse card because of embargo token.
Player1 gained curse
Player1 bought mine

Player2 is now starting a turn.
copper was drawn from the deck.
copper was drawn from the deck.
estate was drawn from the deck.
estate was drawn from the deck.
copper was drawn from the deck.
Player2 gained curse card because of embargo token.
Player2 gained curse
Player2 bought mine

Player1 is now starting a turn.
Shuffling Player1&apos;s deck.
copper was drawn from the deck.
estate was drawn from the deck.
copper was drawn from the deck.
duchy was drawn from the deck.
copper was drawn from the deck.
Player1 bought seahag

Player2 is now starting a turn.
Shuffling Player2&apos;s deck.
copper was drawn from the deck.
copper was drawn from the deck.
estate was drawn from the deck.
copper was drawn from the deck.
estate was drawn from the deck.
Player2 gained curse card because of embargo token.
Player2 gained curse
Player2 bought mine

Player1 is now starting a turn.
mine was drawn from the deck.
copper was drawn from the deck.
curse was drawn from the deck.
copper was drawn from the deck.
copper was drawn from the deck.
Playing action card: mine
Player1 gained gold
Player1 gained curse card because of embargo token.
Player1 gained curse
Player1 gained curse card because of embargo token.
Player1 gained curse
Player1 bought gold

Player2 is now starting a turn.
copper was drawn from the deck.
copper was drawn from the deck.
duchy was drawn from the deck.
copper was drawn from the deck.
mine was drawn from the deck.
Playing action card: mine
Player2 gained gold
Player2 gained curse card because of embargo token.
Player2 gained curse
Player2 gained curse card because of embargo token.
Player2 gained curse
Player2 bought gold

Player1 is now starting a turn.
estate was drawn from the deck.
curse was drawn from the deck.
copper was drawn from the deck.
estate was drawn from the deck.
Shuffling Player1&apos;s deck.
curse was drawn from the deck.
Player1 gained curse card because of embargo token.
Player1 gained curse
Player1 bought silver

Player2 is now starting a turn.
copper was drawn from the deck.
estate was drawn from the deck.
curse was drawn from the deck.
curse was drawn from the deck.
Shuffling Player2&apos;s deck.
copper was drawn from the deck.
Player2 bought great_hall

Player1 is now starting a turn.
mine was drawn from the deck.
copper was drawn from the deck.
copper was drawn from the deck.
seahag was drawn from the deck.
copper was drawn from the deck.
Playing action card: mine
Player1 gained gold
Player1 bought gold

Player2 is now starting a turn.
copper was drawn from the deck.
curse was drawn from the deck.
estate was drawn from the deck.
duchy was drawn from the deck.
copper was drawn from the deck.
Player2 bought silver

Player1 is now starting a turn.
curse was drawn from the deck.
copper was drawn from the deck.
gold was drawn from the deck.
gold was drawn from the deck.
estate was drawn from the deck.
Player1 bought province

Player2 is now starting a turn.
mine was drawn from the deck.
mine was drawn from the deck.
estate was drawn from the deck.
gold was drawn from the deck.
copper was drawn from the deck.
Playing action card: mine
Player2 gained gold
Player2 bought province

Player1 is now starting a turn.
copper was drawn from the deck.
duchy was drawn from the deck.
curse was drawn from the deck.
copper was drawn from the deck.
Shuffling Player1&apos;s deck.
copper was drawn from the deck.
Player1 bought silver

Player2 is now starting a turn.
copper was drawn from the deck.
gold was drawn from the deck.
copper was drawn from the deck.
curse was drawn from the deck.
curse was drawn from the deck.
Player2 bought duchy

Player1 is now starting a turn.
estate was drawn from the deck.
copper was drawn from the deck.
copper was drawn from the deck.
mine was drawn from the deck.
gold was drawn from the deck.
Playing action card: mine
Player1 gained gold
Player1 bought province

Player2 is now starting a turn.
Shuffling Player2&apos;s deck.
copper was drawn from the deck.
copper was drawn from the deck.
copper was drawn from the deck.
curse was drawn from the deck.
copper was drawn from the deck.
Player2 bought gardens

Player1 is now starting a turn.
silver was drawn from the deck.
curse was drawn from the deck.
copper was drawn from the deck.
estate was drawn from the deck.
seahag was drawn from the deck.
Playing action card: seahag
estate was drawn from the deck.
Player2 discarded estate
Player2 gained curse to top of deck.
Player1 bought gardens

Player2 is now starting a turn.
curse was drawn from the deck.
province was drawn from the deck.
curse was drawn from the deck.
estate was drawn from the deck.
copper was drawn from the deck.
Player2 bought estate

Player1 is now starting a turn.
estate was drawn from the deck.
curse was drawn from the deck.
curse was drawn from the deck.
gold was drawn from the deck.
gold was drawn from the deck.
Player1 bought gold

Player2 is now starting a turn.
great_hall was drawn from the deck.
gold was drawn from the deck.
gold was drawn from the deck.
duchy was drawn from the deck.
copper was drawn from the deck.
Playing action card: great_hall
duchy was drawn from the deck.
Player2 bought gold

Player1 is now starting a turn.
gold was drawn from the deck.
copper was drawn from the deck.
curse was drawn from the deck.
province was drawn from the deck.
Shuffling Player1&apos;s deck.
estate was drawn from the deck.
Player1 bought mine

Player2 is now starting a turn.
curse was drawn from the deck.
curse was drawn from the deck.
estate was drawn from the deck.
copper was drawn from the deck.
mine was drawn from the deck.
Playing action card: mine
Player2 gained gold
Player2 bought duchy

Player1 is now starting a turn.
seahag was drawn from the deck.
estate was drawn from the deck.
curse was drawn from the deck.
gold was drawn from the deck.
gold was drawn from the deck.
Playing action card: seahag
silver was drawn from the deck.
Player2 discarded silver
Player2 gained curse to top of deck.
Player1 bought adventurer

Player2 is now starting a turn.
curse was drawn from the deck.
gold was drawn from the deck.
curse was drawn from the deck.
mine was drawn from the deck.
Shuffling Player2&apos;s deck.
curse was drawn from the deck.
Playing action card: mine
Player2 gained gold
Player2 bought adventurer

Player1 is now starting a turn.
province was drawn from the deck.
copper was drawn from the deck.
copper was drawn from the deck.
copper was drawn from the deck.
copper was drawn from the deck.
Player1 bought cutpurse

Player2 is now starting a turn.
duchy was drawn from the deck.
gold was drawn from the deck.
copper was drawn from the deck.
province was drawn from the deck.
copper was drawn from the deck.
Player2 bought duchy

Player1 is now starting a turn.
silver was drawn from the deck.
copper was drawn from the deck.
mine was drawn from the deck.
curse was drawn from the deck.
gold was drawn from the deck.
Playing action card: mine
Player1 gained gold
Player1 bought province

Player2 is now starting a turn.
estate was drawn from the deck.
copper was drawn from the deck.
duchy was drawn from the deck.
great_hall was drawn from the deck.
copper was drawn from the deck.
Playing action card: great_hall
copper was drawn from the deck.
Player2 bought cutpurse

Player1 is now starting a turn.
silver was drawn from the deck.
duchy was drawn from the deck.
curse was drawn from the deck.
gardens was drawn from the deck.
estate was drawn from the deck.
Player1 bought silver

Player2 is now starting a turn.
copper was drawn from the deck.
curse was drawn from the deck.
curse was drawn from the deck.
estate was drawn from the deck.
gardens was drawn from the deck.
Player2 bought embargo

Player1 is now starting a turn.
copper was drawn from the deck.
gold was drawn from the deck.
gold was drawn from the deck.
curse was drawn from the deck.
Shuffling Player1&apos;s deck.
curse was drawn from the deck.
Player1 bought adventurer

Player2 is now starting a turn.
gold was drawn from the deck.
copper was drawn from the deck.
mine was drawn from the deck.
duchy was drawn from the deck.
curse was drawn from the deck.
Playing action card: mine
Player2 gained gold
Player2 bought adventurer

Player1 is now starting a turn.
curse was drawn from the deck.
copper was drawn from the deck.
copper was drawn from the deck.
province was drawn from the deck.
cutpurse was drawn from the deck.
Playing action card: cutpurse
Player2 had no coppers to discard. 
Player1 bought cutpurse

Player2 is now starting a turn.
silver was drawn from the deck.
estate was drawn from the deck.
estate was drawn from the deck.
curse was drawn from the deck.
gold was drawn from the deck.
Player2 bought gold

Player1 is now starting a turn.
mine was drawn from the deck.
silver was drawn from the deck.
gold was drawn from the deck.
copper was drawn from the deck.
seahag was drawn from the deck.
Playing action card: mine
Player1 gained gold
Player1 bought province

Player2 is now starting a turn.
gold was drawn from the deck.
Shuffling Player2&apos;s deck.
mine was drawn from the deck.
duchy was drawn from the deck.
duchy was drawn from the deck.
great_hall was drawn from the deck.
Playing action card: great_hall
silver was drawn from the deck.
Playing action card: mine
Player2 gained gold
Player2 bought province

Player1 is now starting a turn.
silver was drawn from the deck.
estate was drawn from the deck.
duchy was drawn from the deck.
gold was drawn from the deck.
curse was drawn from the deck.
Player1 bought gold

Player2 is now starting a turn.
curse was drawn from the deck.
curse was drawn from the deck.
gold was drawn from the deck.
adventurer was drawn from the deck.
copper was drawn from the deck.
Playing action card: adventurer
mine was drawn from the deck.
Player2 discarded mine
copper was drawn from the deck.
estate was drawn from the deck.
Player2 discarded estate
gold was drawn from the deck.
Player2 bought province

Player1 is now starting a turn.
gold was drawn from the deck.
copper was drawn from the deck.
copper was drawn from the deck.
mine was drawn from the deck.
gold was drawn from the deck.
Playing action card: mine
Player1 gained gold
Player1 bought province
GAME OVER! Province card pile is empty. 
Player1: 213
Player2: 283
Player1: 213
Player2: 283
GAME OVER! Province card pile is empty. 
GAME OVER! Province card pile is empty. 
hi! gained cutpurse
</system-out>
  </testcase>
  <testcase classname="RegressionTest" name="test074" time="0.008"/>
  <testcase classname="RegressionTest" name="test075" time="0.001"/>
  <testcase classname="RegressionTest" name="test076" time="0">
    <failure type="java.lang.AssertionError">java.lang.AssertionError
	at org.junit.Assert.fail(Assert.java:86)
	at org.junit.Assert.assertTrue(Assert.java:41)
	at org.junit.Assert.assertTrue(Assert.java:52)
	at RegressionTest.test076(RegressionTest.java:4413)
	at sun.reflect.NativeMethodAccessorImpl.invoke0(Native Method)
	at sun.reflect.NativeMethodAccessorImpl.invoke(NativeMethodAccessorImpl.java:62)
	at sun.reflect.DelegatingMethodAccessorImpl.invoke(DelegatingMethodAccessorImpl.java:43)
	at java.lang.reflect.Method.invoke(Method.java:498)
	at org.junit.runners.model.FrameworkMethod$1.runReflectiveCall(FrameworkMethod.java:47)
	at org.junit.internal.runners.model.ReflectiveCallable.run(ReflectiveCallable.java:12)
	at org.junit.runners.model.FrameworkMethod.invokeExplosively(FrameworkMethod.java:44)
	at org.junit.internal.runners.statements.InvokeMethod.evaluate(InvokeMethod.java:17)
	at org.junit.runners.ParentRunner.runLeaf(ParentRunner.java:271)
	at org.junit.runners.BlockJUnit4ClassRunner.runChild(BlockJUnit4ClassRunner.java:70)
	at org.junit.runners.BlockJUnit4ClassRunner.runChild(BlockJUnit4ClassRunner.java:50)
	at org.junit.runners.ParentRunner$3.run(ParentRunner.java:238)
	at org.junit.runners.ParentRunner$1.schedule(ParentRunner.java:63)
	at org.junit.runners.ParentRunner.runChildren(ParentRunner.java:236)
	at org.junit.runners.ParentRunner.access$000(ParentRunner.java:53)
	at org.junit.runners.ParentRunner$2.evaluate(ParentRunner.java:229)
	at org.junit.runners.ParentRunner.run(ParentRunner.java:309)
	at org.apache.maven.surefire.junit4.JUnit4Provider.execute(JUnit4Provider.java:252)
	at org.apache.maven.surefire.junit4.JUnit4Provider.executeTestSet(JUnit4Provider.java:141)
	at org.apache.maven.surefire.junit4.JUnit4Provider.invoke(JUnit4Provider.java:112)
	at sun.reflect.NativeMethodAccessorImpl.invoke0(Native Method)
	at sun.reflect.NativeMethodAccessorImpl.invoke(NativeMethodAccessorImpl.java:62)
	at sun.reflect.DelegatingMethodAccessorImpl.invoke(DelegatingMethodAccessorImpl.java:43)
	at java.lang.reflect.Method.invoke(Method.java:498)
	at org.apache.maven.surefire.util.ReflectionUtils.invokeMethodWithArray(ReflectionUtils.java:189)
	at org.apache.maven.surefire.booter.ProviderFactory$ProviderProxy.invoke(ProviderFactory.java:165)
	at org.apache.maven.surefire.booter.ProviderFactory.invokeProvider(ProviderFactory.java:85)
	at org.apache.maven.surefire.booter.ForkedBooter.runSuitesInProcess(ForkedBooter.java:115)
	at org.apache.maven.surefire.booter.ForkedBooter.main(ForkedBooter.java:75)
</failure>
    <system-out>hi! discarded cutpurse
</system-out>
  </testcase>
  <testcase classname="RegressionTest" name="test077" time="0.008"/>
  <testcase classname="RegressionTest" name="test078" time="0">
    <failure message="&apos;curse&apos; != &apos;copper&apos;" type="java.lang.AssertionError">java.lang.AssertionError: &apos;curse&apos; != &apos;copper&apos;
	at org.junit.Assert.fail(Assert.java:88)
	at org.junit.Assert.assertTrue(Assert.java:41)
	at RegressionTest.test078(RegressionTest.java:4554)
	at sun.reflect.NativeMethodAccessorImpl.invoke0(Native Method)
	at sun.reflect.NativeMethodAccessorImpl.invoke(NativeMethodAccessorImpl.java:62)
	at sun.reflect.DelegatingMethodAccessorImpl.invoke(DelegatingMethodAccessorImpl.java:43)
	at java.lang.reflect.Method.invoke(Method.java:498)
	at org.junit.runners.model.FrameworkMethod$1.runReflectiveCall(FrameworkMethod.java:47)
	at org.junit.internal.runners.model.ReflectiveCallable.run(ReflectiveCallable.java:12)
	at org.junit.runners.model.FrameworkMethod.invokeExplosively(FrameworkMethod.java:44)
	at org.junit.internal.runners.statements.InvokeMethod.evaluate(InvokeMethod.java:17)
	at org.junit.runners.ParentRunner.runLeaf(ParentRunner.java:271)
	at org.junit.runners.BlockJUnit4ClassRunner.runChild(BlockJUnit4ClassRunner.java:70)
	at org.junit.runners.BlockJUnit4ClassRunner.runChild(BlockJUnit4ClassRunner.java:50)
	at org.junit.runners.ParentRunner$3.run(ParentRunner.java:238)
	at org.junit.runners.ParentRunner$1.schedule(ParentRunner.java:63)
	at org.junit.runners.ParentRunner.runChildren(ParentRunner.java:236)
	at org.junit.runners.ParentRunner.access$000(ParentRunner.java:53)
	at org.junit.runners.ParentRunner$2.evaluate(ParentRunner.java:229)
	at org.junit.runners.ParentRunner.run(ParentRunner.java:309)
	at org.apache.maven.surefire.junit4.JUnit4Provider.execute(JUnit4Provider.java:252)
	at org.apache.maven.surefire.junit4.JUnit4Provider.executeTestSet(JUnit4Provider.java:141)
	at org.apache.maven.surefire.junit4.JUnit4Provider.invoke(JUnit4Provider.java:112)
	at sun.reflect.NativeMethodAccessorImpl.invoke0(Native Method)
	at sun.reflect.NativeMethodAccessorImpl.invoke(NativeMethodAccessorImpl.java:62)
	at sun.reflect.DelegatingMethodAccessorImpl.invoke(DelegatingMethodAccessorImpl.java:43)
	at java.lang.reflect.Method.invoke(Method.java:498)
	at org.apache.maven.surefire.util.ReflectionUtils.invokeMethodWithArray(ReflectionUtils.java:189)
	at org.apache.maven.surefire.booter.ProviderFactory$ProviderProxy.invoke(ProviderFactory.java:165)
	at org.apache.maven.surefire.booter.ProviderFactory.invokeProvider(ProviderFactory.java:85)
	at org.apache.maven.surefire.booter.ForkedBooter.runSuitesInProcess(ForkedBooter.java:115)
	at org.apache.maven.surefire.booter.ForkedBooter.main(ForkedBooter.java:75)
</failure>
    <system-out>hi! gained curse
hi! gained curse
</system-out>
  </testcase>
  <testcase classname="RegressionTest" name="test079" time="0.001">
    <failure message="&apos;curse&apos; != &apos;copper&apos;" type="java.lang.AssertionError">java.lang.AssertionError: &apos;curse&apos; != &apos;copper&apos;
	at org.junit.Assert.fail(Assert.java:88)
	at org.junit.Assert.assertTrue(Assert.java:41)
	at RegressionTest.test079(RegressionTest.java:4611)
	at sun.reflect.NativeMethodAccessorImpl.invoke0(Native Method)
	at sun.reflect.NativeMethodAccessorImpl.invoke(NativeMethodAccessorImpl.java:62)
	at sun.reflect.DelegatingMethodAccessorImpl.invoke(DelegatingMethodAccessorImpl.java:43)
	at java.lang.reflect.Method.invoke(Method.java:498)
	at org.junit.runners.model.FrameworkMethod$1.runReflectiveCall(FrameworkMethod.java:47)
	at org.junit.internal.runners.model.ReflectiveCallable.run(ReflectiveCallable.java:12)
	at org.junit.runners.model.FrameworkMethod.invokeExplosively(FrameworkMethod.java:44)
	at org.junit.internal.runners.statements.InvokeMethod.evaluate(InvokeMethod.java:17)
	at org.junit.runners.ParentRunner.runLeaf(ParentRunner.java:271)
	at org.junit.runners.BlockJUnit4ClassRunner.runChild(BlockJUnit4ClassRunner.java:70)
	at org.junit.runners.BlockJUnit4ClassRunner.runChild(BlockJUnit4ClassRunner.java:50)
	at org.junit.runners.ParentRunner$3.run(ParentRunner.java:238)
	at org.junit.runners.ParentRunner$1.schedule(ParentRunner.java:63)
	at org.junit.runners.ParentRunner.runChildren(ParentRunner.java:236)
	at org.junit.runners.ParentRunner.access$000(ParentRunner.java:53)
	at org.junit.runners.ParentRunner$2.evaluate(ParentRunner.java:229)
	at org.junit.runners.ParentRunner.run(ParentRunner.java:309)
	at org.apache.maven.surefire.junit4.JUnit4Provider.execute(JUnit4Provider.java:252)
	at org.apache.maven.surefire.junit4.JUnit4Provider.executeTestSet(JUnit4Provider.java:141)
	at org.apache.maven.surefire.junit4.JUnit4Provider.invoke(JUnit4Provider.java:112)
	at sun.reflect.NativeMethodAccessorImpl.invoke0(Native Method)
	at sun.reflect.NativeMethodAccessorImpl.invoke(NativeMethodAccessorImpl.java:62)
	at sun.reflect.DelegatingMethodAccessorImpl.invoke(DelegatingMethodAccessorImpl.java:43)
	at java.lang.reflect.Method.invoke(Method.java:498)
	at org.apache.maven.surefire.util.ReflectionUtils.invokeMethodWithArray(ReflectionUtils.java:189)
	at org.apache.maven.surefire.booter.ProviderFactory$ProviderProxy.invoke(ProviderFactory.java:165)
	at org.apache.maven.surefire.booter.ProviderFactory.invokeProvider(ProviderFactory.java:85)
	at org.apache.maven.surefire.booter.ForkedBooter.runSuitesInProcess(ForkedBooter.java:115)
	at org.apache.maven.surefire.booter.ForkedBooter.main(ForkedBooter.java:75)
</failure>
  </testcase>
  <testcase classname="RegressionTest" name="test080" time="0"/>
  <testcase classname="RegressionTest" name="test081" time="0.008"/>
  <testcase classname="RegressionTest" name="test082" time="0"/>
  <testcase classname="RegressionTest" name="test083" time="0"/>
  <testcase classname="RegressionTest" name="test084" time="0">
    <failure message="&apos;curse&apos; != &apos;copper&apos;" type="java.lang.AssertionError">java.lang.AssertionError: &apos;curse&apos; != &apos;copper&apos;
	at org.junit.Assert.fail(Assert.java:88)
	at org.junit.Assert.assertTrue(Assert.java:41)
	at RegressionTest.test084(RegressionTest.java:4992)
	at sun.reflect.NativeMethodAccessorImpl.invoke0(Native Method)
	at sun.reflect.NativeMethodAccessorImpl.invoke(NativeMethodAccessorImpl.java:62)
	at sun.reflect.DelegatingMethodAccessorImpl.invoke(DelegatingMethodAccessorImpl.java:43)
	at java.lang.reflect.Method.invoke(Method.java:498)
	at org.junit.runners.model.FrameworkMethod$1.runReflectiveCall(FrameworkMethod.java:47)
	at org.junit.internal.runners.model.ReflectiveCallable.run(ReflectiveCallable.java:12)
	at org.junit.runners.model.FrameworkMethod.invokeExplosively(FrameworkMethod.java:44)
	at org.junit.internal.runners.statements.InvokeMethod.evaluate(InvokeMethod.java:17)
	at org.junit.runners.ParentRunner.runLeaf(ParentRunner.java:271)
	at org.junit.runners.BlockJUnit4ClassRunner.runChild(BlockJUnit4ClassRunner.java:70)
	at org.junit.runners.BlockJUnit4ClassRunner.runChild(BlockJUnit4ClassRunner.java:50)
	at org.junit.runners.ParentRunner$3.run(ParentRunner.java:238)
	at org.junit.runners.ParentRunner$1.schedule(ParentRunner.java:63)
	at org.junit.runners.ParentRunner.runChildren(ParentRunner.java:236)
	at org.junit.runners.ParentRunner.access$000(ParentRunner.java:53)
	at org.junit.runners.ParentRunner$2.evaluate(ParentRunner.java:229)
	at org.junit.runners.ParentRunner.run(ParentRunner.java:309)
	at org.apache.maven.surefire.junit4.JUnit4Provider.execute(JUnit4Provider.java:252)
	at org.apache.maven.surefire.junit4.JUnit4Provider.executeTestSet(JUnit4Provider.java:141)
	at org.apache.maven.surefire.junit4.JUnit4Provider.invoke(JUnit4Provider.java:112)
	at sun.reflect.NativeMethodAccessorImpl.invoke0(Native Method)
	at sun.reflect.NativeMethodAccessorImpl.invoke(NativeMethodAccessorImpl.java:62)
	at sun.reflect.DelegatingMethodAccessorImpl.invoke(DelegatingMethodAccessorImpl.java:43)
	at java.lang.reflect.Method.invoke(Method.java:498)
	at org.apache.maven.surefire.util.ReflectionUtils.invokeMethodWithArray(ReflectionUtils.java:189)
	at org.apache.maven.surefire.booter.ProviderFactory$ProviderProxy.invoke(ProviderFactory.java:165)
	at org.apache.maven.surefire.booter.ProviderFactory.invokeProvider(ProviderFactory.java:85)
	at org.apache.maven.surefire.booter.ForkedBooter.runSuitesInProcess(ForkedBooter.java:115)
	at org.apache.maven.surefire.booter.ForkedBooter.main(ForkedBooter.java:75)
</failure>
  </testcase>
  <testcase classname="RegressionTest" name="test085" time="0"/>
  <testcase classname="RegressionTest" name="test086" time="0"/>
  <testcase classname="RegressionTest" name="test087" time="0"/>
  <testcase classname="RegressionTest" name="test088" time="0">
    <failure type="java.lang.AssertionError">java.lang.AssertionError
	at org.junit.Assert.fail(Assert.java:86)
	at org.junit.Assert.assertTrue(Assert.java:41)
	at org.junit.Assert.assertTrue(Assert.java:52)
	at RegressionTest.test088(RegressionTest.java:5201)
	at sun.reflect.NativeMethodAccessorImpl.invoke0(Native Method)
	at sun.reflect.NativeMethodAccessorImpl.invoke(NativeMethodAccessorImpl.java:62)
	at sun.reflect.DelegatingMethodAccessorImpl.invoke(DelegatingMethodAccessorImpl.java:43)
	at java.lang.reflect.Method.invoke(Method.java:498)
	at org.junit.runners.model.FrameworkMethod$1.runReflectiveCall(FrameworkMethod.java:47)
	at org.junit.internal.runners.model.ReflectiveCallable.run(ReflectiveCallable.java:12)
	at org.junit.runners.model.FrameworkMethod.invokeExplosively(FrameworkMethod.java:44)
	at org.junit.internal.runners.statements.InvokeMethod.evaluate(InvokeMethod.java:17)
	at org.junit.runners.ParentRunner.runLeaf(ParentRunner.java:271)
	at org.junit.runners.BlockJUnit4ClassRunner.runChild(BlockJUnit4ClassRunner.java:70)
	at org.junit.runners.BlockJUnit4ClassRunner.runChild(BlockJUnit4ClassRunner.java:50)
	at org.junit.runners.ParentRunner$3.run(ParentRunner.java:238)
	at org.junit.runners.ParentRunner$1.schedule(ParentRunner.java:63)
	at org.junit.runners.ParentRunner.runChildren(ParentRunner.java:236)
	at org.junit.runners.ParentRunner.access$000(ParentRunner.java:53)
	at org.junit.runners.ParentRunner$2.evaluate(ParentRunner.java:229)
	at org.junit.runners.ParentRunner.run(ParentRunner.java:309)
	at org.apache.maven.surefire.junit4.JUnit4Provider.execute(JUnit4Provider.java:252)
	at org.apache.maven.surefire.junit4.JUnit4Provider.executeTestSet(JUnit4Provider.java:141)
	at org.apache.maven.surefire.junit4.JUnit4Provider.invoke(JUnit4Provider.java:112)
	at sun.reflect.NativeMethodAccessorImpl.invoke0(Native Method)
	at sun.reflect.NativeMethodAccessorImpl.invoke(NativeMethodAccessorImpl.java:62)
	at sun.reflect.DelegatingMethodAccessorImpl.invoke(DelegatingMethodAccessorImpl.java:43)
	at java.lang.reflect.Method.invoke(Method.java:498)
	at org.apache.maven.surefire.util.ReflectionUtils.invokeMethodWithArray(ReflectionUtils.java:189)
	at org.apache.maven.surefire.booter.ProviderFactory$ProviderProxy.invoke(ProviderFactory.java:165)
	at org.apache.maven.surefire.booter.ProviderFactory.invokeProvider(ProviderFactory.java:85)
	at org.apache.maven.surefire.booter.ForkedBooter.runSuitesInProcess(ForkedBooter.java:115)
	at org.apache.maven.surefire.booter.ForkedBooter.main(ForkedBooter.java:75)
</failure>
  </testcase>
  <testcase classname="RegressionTest" name="test089" time="0.015"/>
  <testcase classname="RegressionTest" name="test090" time="0.007">
    <failure type="java.lang.AssertionError">java.lang.AssertionError
	at org.junit.Assert.fail(Assert.java:86)
	at org.junit.Assert.assertTrue(Assert.java:41)
	at org.junit.Assert.assertTrue(Assert.java:52)
	at RegressionTest.test090(RegressionTest.java:5386)
	at sun.reflect.NativeMethodAccessorImpl.invoke0(Native Method)
	at sun.reflect.NativeMethodAccessorImpl.invoke(NativeMethodAccessorImpl.java:62)
	at sun.reflect.DelegatingMethodAccessorImpl.invoke(DelegatingMethodAccessorImpl.java:43)
	at java.lang.reflect.Method.invoke(Method.java:498)
	at org.junit.runners.model.FrameworkMethod$1.runReflectiveCall(FrameworkMethod.java:47)
	at org.junit.internal.runners.model.ReflectiveCallable.run(ReflectiveCallable.java:12)
	at org.junit.runners.model.FrameworkMethod.invokeExplosively(FrameworkMethod.java:44)
	at org.junit.internal.runners.statements.InvokeMethod.evaluate(InvokeMethod.java:17)
	at org.junit.runners.ParentRunner.runLeaf(ParentRunner.java:271)
	at org.junit.runners.BlockJUnit4ClassRunner.runChild(BlockJUnit4ClassRunner.java:70)
	at org.junit.runners.BlockJUnit4ClassRunner.runChild(BlockJUnit4ClassRunner.java:50)
	at org.junit.runners.ParentRunner$3.run(ParentRunner.java:238)
	at org.junit.runners.ParentRunner$1.schedule(ParentRunner.java:63)
	at org.junit.runners.ParentRunner.runChildren(ParentRunner.java:236)
	at org.junit.runners.ParentRunner.access$000(ParentRunner.java:53)
	at org.junit.runners.ParentRunner$2.evaluate(ParentRunner.java:229)
	at org.junit.runners.ParentRunner.run(ParentRunner.java:309)
	at org.apache.maven.surefire.junit4.JUnit4Provider.execute(JUnit4Provider.java:252)
	at org.apache.maven.surefire.junit4.JUnit4Provider.executeTestSet(JUnit4Provider.java:141)
	at org.apache.maven.surefire.junit4.JUnit4Provider.invoke(JUnit4Provider.java:112)
	at sun.reflect.NativeMethodAccessorImpl.invoke0(Native Method)
	at sun.reflect.NativeMethodAccessorImpl.invoke(NativeMethodAccessorImpl.java:62)
	at sun.reflect.DelegatingMethodAccessorImpl.invoke(DelegatingMethodAccessorImpl.java:43)
	at java.lang.reflect.Method.invoke(Method.java:498)
	at org.apache.maven.surefire.util.ReflectionUtils.invokeMethodWithArray(ReflectionUtils.java:189)
	at org.apache.maven.surefire.booter.ProviderFactory$ProviderProxy.invoke(ProviderFactory.java:165)
	at org.apache.maven.surefire.booter.ProviderFactory.invokeProvider(ProviderFactory.java:85)
	at org.apache.maven.surefire.booter.ForkedBooter.runSuitesInProcess(ForkedBooter.java:115)
	at org.apache.maven.surefire.booter.ForkedBooter.main(ForkedBooter.java:75)
</failure>
    <system-out>
STARTING NEW GAME!

Player1 is now starting a turn.
Shuffling Player1&apos;s deck.
copper was drawn from the deck.
copper was drawn from the deck.
estate was drawn from the deck.
copper was drawn from the deck.
estate was drawn from the deck.
Player1 gained curse card because of embargo token.
Player1 gained curse
Player1 bought duchy

Player2 is now starting a turn.
Shuffling Player2&apos;s deck.
copper was drawn from the deck.
copper was drawn from the deck.
estate was drawn from the deck.
copper was drawn from the deck.
copper was drawn from the deck.
Player2 gained curse card because of embargo token.
Player2 gained curse
Player2 bought duchy

Player1 is now starting a turn.
copper was drawn from the deck.
estate was drawn from the deck.
copper was drawn from the deck.
copper was drawn from the deck.
copper was drawn from the deck.
Player1 gained curse card because of embargo token.
Player1 gained curse
Player1 bought mine

Player2 is now starting a turn.
copper was drawn from the deck.
copper was drawn from the deck.
estate was drawn from the deck.
estate was drawn from the deck.
copper was drawn from the deck.
Player2 gained curse card because of embargo token.
Player2 gained curse
Player2 bought mine

Player1 is now starting a turn.
Shuffling Player1&apos;s deck.
copper was drawn from the deck.
estate was drawn from the deck.
copper was drawn from the deck.
duchy was drawn from the deck.
copper was drawn from the deck.
Player1 bought seahag

Player2 is now starting a turn.
Shuffling Player2&apos;s deck.
copper was drawn from the deck.
copper was drawn from the deck.
estate was drawn from the deck.
copper was drawn from the deck.
estate was drawn from the deck.
Player2 gained curse card because of embargo token.
Player2 gained curse
Player2 bought mine

Player1 is now starting a turn.
mine was drawn from the deck.
copper was drawn from the deck.
curse was drawn from the deck.
copper was drawn from the deck.
copper was drawn from the deck.
Playing action card: mine
Player1 gained gold
Player1 gained curse card because of embargo token.
Player1 gained curse
Player1 gained curse card because of embargo token.
Player1 gained curse
Player1 bought gold

Player2 is now starting a turn.
copper was drawn from the deck.
copper was drawn from the deck.
duchy was drawn from the deck.
copper was drawn from the deck.
mine was drawn from the deck.
Playing action card: mine
Player2 gained gold
Player2 gained curse card because of embargo token.
Player2 gained curse
Player2 gained curse card because of embargo token.
Player2 gained curse
Player2 bought gold

Player1 is now starting a turn.
estate was drawn from the deck.
curse was drawn from the deck.
copper was drawn from the deck.
estate was drawn from the deck.
Shuffling Player1&apos;s deck.
curse was drawn from the deck.
Player1 gained curse card because of embargo token.
Player1 gained curse
Player1 bought silver

Player2 is now starting a turn.
copper was drawn from the deck.
estate was drawn from the deck.
curse was drawn from the deck.
curse was drawn from the deck.
Shuffling Player2&apos;s deck.
copper was drawn from the deck.
Player2 bought great_hall

Player1 is now starting a turn.
mine was drawn from the deck.
copper was drawn from the deck.
copper was drawn from the deck.
seahag was drawn from the deck.
copper was drawn from the deck.
Playing action card: mine
Player1 gained gold
Player1 bought gold

Player2 is now starting a turn.
copper was drawn from the deck.
curse was drawn from the deck.
estate was drawn from the deck.
duchy was drawn from the deck.
copper was drawn from the deck.
Player2 bought silver

Player1 is now starting a turn.
curse was drawn from the deck.
copper was drawn from the deck.
gold was drawn from the deck.
gold was drawn from the deck.
estate was drawn from the deck.
Player1 bought province

Player2 is now starting a turn.
mine was drawn from the deck.
mine was drawn from the deck.
estate was drawn from the deck.
gold was drawn from the deck.
copper was drawn from the deck.
Playing action card: mine
Player2 gained gold
Player2 bought province

Player1 is now starting a turn.
copper was drawn from the deck.
duchy was drawn from the deck.
curse was drawn from the deck.
copper was drawn from the deck.
Shuffling Player1&apos;s deck.
copper was drawn from the deck.
Player1 bought silver

Player2 is now starting a turn.
copper was drawn from the deck.
gold was drawn from the deck.
copper was drawn from the deck.
curse was drawn from the deck.
curse was drawn from the deck.
Player2 bought duchy

Player1 is now starting a turn.
estate was drawn from the deck.
copper was drawn from the deck.
copper was drawn from the deck.
mine was drawn from the deck.
gold was drawn from the deck.
Playing action card: mine
Player1 gained gold
Player1 bought province

Player2 is now starting a turn.
Shuffling Player2&apos;s deck.
copper was drawn from the deck.
copper was drawn from the deck.
copper was drawn from the deck.
curse was drawn from the deck.
copper was drawn from the deck.
Player2 bought gardens

Player1 is now starting a turn.
silver was drawn from the deck.
curse was drawn from the deck.
copper was drawn from the deck.
estate was drawn from the deck.
seahag was drawn from the deck.
Playing action card: seahag
estate was drawn from the deck.
Player2 discarded estate
Player2 gained curse to top of deck.
Player1 bought gardens

Player2 is now starting a turn.
curse was drawn from the deck.
province was drawn from the deck.
curse was drawn from the deck.
estate was drawn from the deck.
copper was drawn from the deck.
Player2 bought estate

Player1 is now starting a turn.
estate was drawn from the deck.
curse was drawn from the deck.
curse was drawn from the deck.
gold was drawn from the deck.
gold was drawn from the deck.
Player1 bought gold

Player2 is now starting a turn.
great_hall was drawn from the deck.
gold was drawn from the deck.
gold was drawn from the deck.
duchy was drawn from the deck.
copper was drawn from the deck.
Playing action card: great_hall
duchy was drawn from the deck.
Player2 bought gold

Player1 is now starting a turn.
gold was drawn from the deck.
copper was drawn from the deck.
curse was drawn from the deck.
province was drawn from the deck.
Shuffling Player1&apos;s deck.
estate was drawn from the deck.
Player1 bought mine

Player2 is now starting a turn.
curse was drawn from the deck.
curse was drawn from the deck.
estate was drawn from the deck.
copper was drawn from the deck.
mine was drawn from the deck.
Playing action card: mine
Player2 gained gold
Player2 bought duchy

Player1 is now starting a turn.
seahag was drawn from the deck.
estate was drawn from the deck.
curse was drawn from the deck.
gold was drawn from the deck.
gold was drawn from the deck.
Playing action card: seahag
silver was drawn from the deck.
Player2 discarded silver
Player2 gained curse to top of deck.
Player1 bought adventurer

Player2 is now starting a turn.
curse was drawn from the deck.
gold was drawn from the deck.
curse was drawn from the deck.
mine was drawn from the deck.
Shuffling Player2&apos;s deck.
curse was drawn from the deck.
Playing action card: mine
Player2 gained gold
Player2 bought adventurer

Player1 is now starting a turn.
province was drawn from the deck.
copper was drawn from the deck.
copper was drawn from the deck.
copper was drawn from the deck.
copper was drawn from the deck.
Player1 bought cutpurse

Player2 is now starting a turn.
duchy was drawn from the deck.
gold was drawn from the deck.
copper was drawn from the deck.
province was drawn from the deck.
copper was drawn from the deck.
Player2 bought duchy

Player1 is now starting a turn.
silver was drawn from the deck.
copper was drawn from the deck.
mine was drawn from the deck.
curse was drawn from the deck.
gold was drawn from the deck.
Playing action card: mine
Player1 gained gold
Player1 bought province

Player2 is now starting a turn.
estate was drawn from the deck.
copper was drawn from the deck.
duchy was drawn from the deck.
great_hall was drawn from the deck.
copper was drawn from the deck.
Playing action card: great_hall
copper was drawn from the deck.
Player2 bought cutpurse

Player1 is now starting a turn.
silver was drawn from the deck.
duchy was drawn from the deck.
curse was drawn from the deck.
gardens was drawn from the deck.
estate was drawn from the deck.
Player1 bought silver

Player2 is now starting a turn.
copper was drawn from the deck.
curse was drawn from the deck.
curse was drawn from the deck.
estate was drawn from the deck.
gardens was drawn from the deck.
Player2 bought embargo

Player1 is now starting a turn.
copper was drawn from the deck.
gold was drawn from the deck.
gold was drawn from the deck.
curse was drawn from the deck.
Shuffling Player1&apos;s deck.
curse was drawn from the deck.
Player1 bought adventurer

Player2 is now starting a turn.
gold was drawn from the deck.
copper was drawn from the deck.
mine was drawn from the deck.
duchy was drawn from the deck.
curse was drawn from the deck.
Playing action card: mine
Player2 gained gold
Player2 bought adventurer

Player1 is now starting a turn.
curse was drawn from the deck.
copper was drawn from the deck.
copper was drawn from the deck.
province was drawn from the deck.
cutpurse was drawn from the deck.
Playing action card: cutpurse
Player2 had no coppers to discard. 
Player1 bought cutpurse

Player2 is now starting a turn.
silver was drawn from the deck.
estate was drawn from the deck.
estate was drawn from the deck.
curse was drawn from the deck.
gold was drawn from the deck.
Player2 bought gold

Player1 is now starting a turn.
mine was drawn from the deck.
silver was drawn from the deck.
gold was drawn from the deck.
copper was drawn from the deck.
seahag was drawn from the deck.
Playing action card: mine
Player1 gained gold
Player1 bought province

Player2 is now starting a turn.
gold was drawn from the deck.
Shuffling Player2&apos;s deck.
mine was drawn from the deck.
duchy was drawn from the deck.
duchy was drawn from the deck.
great_hall was drawn from the deck.
Playing action card: great_hall
silver was drawn from the deck.
Playing action card: mine
Player2 gained gold
Player2 bought province

Player1 is now starting a turn.
silver was drawn from the deck.
estate was drawn from the deck.
duchy was drawn from the deck.
gold was drawn from the deck.
curse was drawn from the deck.
Player1 bought gold

Player2 is now starting a turn.
curse was drawn from the deck.
curse was drawn from the deck.
gold was drawn from the deck.
adventurer was drawn from the deck.
copper was drawn from the deck.
Playing action card: adventurer
mine was drawn from the deck.
Player2 discarded mine
copper was drawn from the deck.
estate was drawn from the deck.
Player2 discarded estate
gold was drawn from the deck.
Player2 bought province

Player1 is now starting a turn.
gold was drawn from the deck.
copper was drawn from the deck.
copper was drawn from the deck.
mine was drawn from the deck.
gold was drawn from the deck.
Playing action card: mine
Player1 gained gold
Player1 bought province
GAME OVER! Province card pile is empty. 
Player1: 723
Player2: 917
silver was drawn from the deck.
gold was drawn from the deck.
Player1 had no coppers to discard. 
Player2 had no coppers to discard. 
hi! gained great_hall to top of deck.
</system-out>
  </testcase>
  <testcase classname="RegressionTest" name="test091" time="0">
    <failure message="&apos;curse&apos; != &apos;copper&apos;" type="java.lang.AssertionError">java.lang.AssertionError: &apos;curse&apos; != &apos;copper&apos;
	at org.junit.Assert.fail(Assert.java:88)
	at org.junit.Assert.assertTrue(Assert.java:41)
	at RegressionTest.test091(RegressionTest.java:5479)
	at sun.reflect.NativeMethodAccessorImpl.invoke0(Native Method)
	at sun.reflect.NativeMethodAccessorImpl.invoke(NativeMethodAccessorImpl.java:62)
	at sun.reflect.DelegatingMethodAccessorImpl.invoke(DelegatingMethodAccessorImpl.java:43)
	at java.lang.reflect.Method.invoke(Method.java:498)
	at org.junit.runners.model.FrameworkMethod$1.runReflectiveCall(FrameworkMethod.java:47)
	at org.junit.internal.runners.model.ReflectiveCallable.run(ReflectiveCallable.java:12)
	at org.junit.runners.model.FrameworkMethod.invokeExplosively(FrameworkMethod.java:44)
	at org.junit.internal.runners.statements.InvokeMethod.evaluate(InvokeMethod.java:17)
	at org.junit.runners.ParentRunner.runLeaf(ParentRunner.java:271)
	at org.junit.runners.BlockJUnit4ClassRunner.runChild(BlockJUnit4ClassRunner.java:70)
	at org.junit.runners.BlockJUnit4ClassRunner.runChild(BlockJUnit4ClassRunner.java:50)
	at org.junit.runners.ParentRunner$3.run(ParentRunner.java:238)
	at org.junit.runners.ParentRunner$1.schedule(ParentRunner.java:63)
	at org.junit.runners.ParentRunner.runChildren(ParentRunner.java:236)
	at org.junit.runners.ParentRunner.access$000(ParentRunner.java:53)
	at org.junit.runners.ParentRunner$2.evaluate(ParentRunner.java:229)
	at org.junit.runners.ParentRunner.run(ParentRunner.java:309)
	at org.apache.maven.surefire.junit4.JUnit4Provider.execute(JUnit4Provider.java:252)
	at org.apache.maven.surefire.junit4.JUnit4Provider.executeTestSet(JUnit4Provider.java:141)
	at org.apache.maven.surefire.junit4.JUnit4Provider.invoke(JUnit4Provider.java:112)
	at sun.reflect.NativeMethodAccessorImpl.invoke0(Native Method)
	at sun.reflect.NativeMethodAccessorImpl.invoke(NativeMethodAccessorImpl.java:62)
	at sun.reflect.DelegatingMethodAccessorImpl.invoke(DelegatingMethodAccessorImpl.java:43)
	at java.lang.reflect.Method.invoke(Method.java:498)
	at org.apache.maven.surefire.util.ReflectionUtils.invokeMethodWithArray(ReflectionUtils.java:189)
	at org.apache.maven.surefire.booter.ProviderFactory$ProviderProxy.invoke(ProviderFactory.java:165)
	at org.apache.maven.surefire.booter.ProviderFactory.invokeProvider(ProviderFactory.java:85)
	at org.apache.maven.surefire.booter.ForkedBooter.runSuitesInProcess(ForkedBooter.java:115)
	at org.apache.maven.surefire.booter.ForkedBooter.main(ForkedBooter.java:75)
</failure>
    <system-out>Shuffling Player1&apos;s deck.
copper was drawn from the deck.
Shuffling Player2&apos;s deck.
copper was drawn from the deck.
hi! gained curse
</system-out>
  </testcase>
  <testcase classname="RegressionTest" name="test092" time="0"/>
  <testcase classname="RegressionTest" name="test093" time="0.009"/>
  <testcase classname="RegressionTest" name="test094" time="0.015">
    <failure message="&apos;curse&apos; != &apos;copper&apos;" type="java.lang.AssertionError">java.lang.AssertionError: &apos;curse&apos; != &apos;copper&apos;
	at org.junit.Assert.fail(Assert.java:88)
	at org.junit.Assert.assertTrue(Assert.java:41)
	at RegressionTest.test094(RegressionTest.java:5781)
	at sun.reflect.NativeMethodAccessorImpl.invoke0(Native Method)
	at sun.reflect.NativeMethodAccessorImpl.invoke(NativeMethodAccessorImpl.java:62)
	at sun.reflect.DelegatingMethodAccessorImpl.invoke(DelegatingMethodAccessorImpl.java:43)
	at java.lang.reflect.Method.invoke(Method.java:498)
	at org.junit.runners.model.FrameworkMethod$1.runReflectiveCall(FrameworkMethod.java:47)
	at org.junit.internal.runners.model.ReflectiveCallable.run(ReflectiveCallable.java:12)
	at org.junit.runners.model.FrameworkMethod.invokeExplosively(FrameworkMethod.java:44)
	at org.junit.internal.runners.statements.InvokeMethod.evaluate(InvokeMethod.java:17)
	at org.junit.runners.ParentRunner.runLeaf(ParentRunner.java:271)
	at org.junit.runners.BlockJUnit4ClassRunner.runChild(BlockJUnit4ClassRunner.java:70)
	at org.junit.runners.BlockJUnit4ClassRunner.runChild(BlockJUnit4ClassRunner.java:50)
	at org.junit.runners.ParentRunner$3.run(ParentRunner.java:238)
	at org.junit.runners.ParentRunner$1.schedule(ParentRunner.java:63)
	at org.junit.runners.ParentRunner.runChildren(ParentRunner.java:236)
	at org.junit.runners.ParentRunner.access$000(ParentRunner.java:53)
	at org.junit.runners.ParentRunner$2.evaluate(ParentRunner.java:229)
	at org.junit.runners.ParentRunner.run(ParentRunner.java:309)
	at org.apache.maven.surefire.junit4.JUnit4Provider.execute(JUnit4Provider.java:252)
	at org.apache.maven.surefire.junit4.JUnit4Provider.executeTestSet(JUnit4Provider.java:141)
	at org.apache.maven.surefire.junit4.JUnit4Provider.invoke(JUnit4Provider.java:112)
	at sun.reflect.NativeMethodAccessorImpl.invoke0(Native Method)
	at sun.reflect.NativeMethodAccessorImpl.invoke(NativeMethodAccessorImpl.java:62)
	at sun.reflect.DelegatingMethodAccessorImpl.invoke(DelegatingMethodAccessorImpl.java:43)
	at java.lang.reflect.Method.invoke(Method.java:498)
	at org.apache.maven.surefire.util.ReflectionUtils.invokeMethodWithArray(ReflectionUtils.java:189)
	at org.apache.maven.surefire.booter.ProviderFactory$ProviderProxy.invoke(ProviderFactory.java:165)
	at org.apache.maven.surefire.booter.ProviderFactory.invokeProvider(ProviderFactory.java:85)
	at org.apache.maven.surefire.booter.ForkedBooter.runSuitesInProcess(ForkedBooter.java:115)
	at org.apache.maven.surefire.booter.ForkedBooter.main(ForkedBooter.java:75)
</failure>
    <system-out>Player1 had no coppers to discard. 

STARTING NEW GAME!

Player1 is now starting a turn.
Shuffling Player1&apos;s deck.
copper was drawn from the deck.
copper was drawn from the deck.
estate was drawn from the deck.
copper was drawn from the deck.
estate was drawn from the deck.
Player1 gained curse card because of embargo token.
Player1 gained curse
Player1 bought duchy

Player2 is now starting a turn.
Shuffling Player2&apos;s deck.
copper was drawn from the deck.
copper was drawn from the deck.
estate was drawn from the deck.
copper was drawn from the deck.
copper was drawn from the deck.
Player2 gained curse card because of embargo token.
Player2 gained curse
Player2 bought duchy

Player1 is now starting a turn.
copper was drawn from the deck.
estate was drawn from the deck.
copper was drawn from the deck.
copper was drawn from the deck.
copper was drawn from the deck.
Player1 gained curse card because of embargo token.
Player1 gained curse
Player1 bought mine

Player2 is now starting a turn.
copper was drawn from the deck.
copper was drawn from the deck.
estate was drawn from the deck.
estate was drawn from the deck.
copper was drawn from the deck.
Player2 gained curse card because of embargo token.
Player2 gained curse
Player2 bought mine

Player1 is now starting a turn.
Shuffling Player1&apos;s deck.
copper was drawn from the deck.
estate was drawn from the deck.
copper was drawn from the deck.
duchy was drawn from the deck.
copper was drawn from the deck.
Player1 bought seahag

Player2 is now starting a turn.
Shuffling Player2&apos;s deck.
copper was drawn from the deck.
copper was drawn from the deck.
estate was drawn from the deck.
copper was drawn from the deck.
estate was drawn from the deck.
Player2 gained curse card because of embargo token.
Player2 gained curse
Player2 bought mine

Player1 is now starting a turn.
mine was drawn from the deck.
copper was drawn from the deck.
curse was drawn from the deck.
copper was drawn from the deck.
copper was drawn from the deck.
Playing action card: mine
Player1 gained gold
Player1 gained curse card because of embargo token.
Player1 gained curse
Player1 gained curse card because of embargo token.
Player1 gained curse
Player1 bought gold

Player2 is now starting a turn.
copper was drawn from the deck.
copper was drawn from the deck.
duchy was drawn from the deck.
copper was drawn from the deck.
mine was drawn from the deck.
Playing action card: mine
Player2 gained gold
Player2 gained curse card because of embargo token.
Player2 gained curse
Player2 gained curse card because of embargo token.
Player2 gained curse
Player2 bought gold

Player1 is now starting a turn.
estate was drawn from the deck.
curse was drawn from the deck.
copper was drawn from the deck.
estate was drawn from the deck.
Shuffling Player1&apos;s deck.
curse was drawn from the deck.
Player1 gained curse card because of embargo token.
Player1 gained curse
Player1 bought silver

Player2 is now starting a turn.
copper was drawn from the deck.
estate was drawn from the deck.
curse was drawn from the deck.
curse was drawn from the deck.
Shuffling Player2&apos;s deck.
copper was drawn from the deck.
Player2 bought great_hall

Player1 is now starting a turn.
mine was drawn from the deck.
copper was drawn from the deck.
copper was drawn from the deck.
seahag was drawn from the deck.
copper was drawn from the deck.
Playing action card: mine
Player1 gained gold
Player1 bought gold

Player2 is now starting a turn.
copper was drawn from the deck.
curse was drawn from the deck.
estate was drawn from the deck.
duchy was drawn from the deck.
copper was drawn from the deck.
Player2 bought silver

Player1 is now starting a turn.
curse was drawn from the deck.
copper was drawn from the deck.
gold was drawn from the deck.
gold was drawn from the deck.
estate was drawn from the deck.
Player1 bought province

Player2 is now starting a turn.
mine was drawn from the deck.
mine was drawn from the deck.
estate was drawn from the deck.
gold was drawn from the deck.
copper was drawn from the deck.
Playing action card: mine
Player2 gained gold
Player2 bought province

Player1 is now starting a turn.
copper was drawn from the deck.
duchy was drawn from the deck.
curse was drawn from the deck.
copper was drawn from the deck.
Shuffling Player1&apos;s deck.
copper was drawn from the deck.
Player1 bought silver

Player2 is now starting a turn.
copper was drawn from the deck.
gold was drawn from the deck.
copper was drawn from the deck.
curse was drawn from the deck.
curse was drawn from the deck.
Player2 bought duchy

Player1 is now starting a turn.
estate was drawn from the deck.
copper was drawn from the deck.
copper was drawn from the deck.
mine was drawn from the deck.
gold was drawn from the deck.
Playing action card: mine
Player1 gained gold
Player1 bought province

Player2 is now starting a turn.
Shuffling Player2&apos;s deck.
copper was drawn from the deck.
copper was drawn from the deck.
copper was drawn from the deck.
curse was drawn from the deck.
copper was drawn from the deck.
Player2 bought gardens

Player1 is now starting a turn.
silver was drawn from the deck.
curse was drawn from the deck.
copper was drawn from the deck.
estate was drawn from the deck.
seahag was drawn from the deck.
Playing action card: seahag
estate was drawn from the deck.
Player2 discarded estate
Player2 gained curse to top of deck.
Player1 bought gardens

Player2 is now starting a turn.
curse was drawn from the deck.
province was drawn from the deck.
curse was drawn from the deck.
estate was drawn from the deck.
copper was drawn from the deck.
Player2 bought estate

Player1 is now starting a turn.
estate was drawn from the deck.
curse was drawn from the deck.
curse was drawn from the deck.
gold was drawn from the deck.
gold was drawn from the deck.
Player1 bought gold

Player2 is now starting a turn.
great_hall was drawn from the deck.
gold was drawn from the deck.
gold was drawn from the deck.
duchy was drawn from the deck.
copper was drawn from the deck.
Playing action card: great_hall
duchy was drawn from the deck.
Player2 bought gold

Player1 is now starting a turn.
gold was drawn from the deck.
copper was drawn from the deck.
curse was drawn from the deck.
province was drawn from the deck.
Shuffling Player1&apos;s deck.
estate was drawn from the deck.
Player1 bought mine

Player2 is now starting a turn.
curse was drawn from the deck.
curse was drawn from the deck.
estate was drawn from the deck.
copper was drawn from the deck.
mine was drawn from the deck.
Playing action card: mine
Player2 gained gold
Player2 bought duchy

Player1 is now starting a turn.
seahag was drawn from the deck.
estate was drawn from the deck.
curse was drawn from the deck.
gold was drawn from the deck.
gold was drawn from the deck.
Playing action card: seahag
silver was drawn from the deck.
Player2 discarded silver
Player2 gained curse to top of deck.
Player1 bought adventurer

Player2 is now starting a turn.
curse was drawn from the deck.
gold was drawn from the deck.
curse was drawn from the deck.
mine was drawn from the deck.
Shuffling Player2&apos;s deck.
curse was drawn from the deck.
Playing action card: mine
Player2 gained gold
Player2 bought adventurer

Player1 is now starting a turn.
province was drawn from the deck.
copper was drawn from the deck.
copper was drawn from the deck.
copper was drawn from the deck.
copper was drawn from the deck.
Player1 bought cutpurse

Player2 is now starting a turn.
duchy was drawn from the deck.
gold was drawn from the deck.
copper was drawn from the deck.
province was drawn from the deck.
copper was drawn from the deck.
Player2 bought duchy

Player1 is now starting a turn.
silver was drawn from the deck.
copper was drawn from the deck.
mine was drawn from the deck.
curse was drawn from the deck.
gold was drawn from the deck.
Playing action card: mine
Player1 gained gold
Player1 bought province

Player2 is now starting a turn.
estate was drawn from the deck.
copper was drawn from the deck.
duchy was drawn from the deck.
great_hall was drawn from the deck.
copper was drawn from the deck.
Playing action card: great_hall
copper was drawn from the deck.
Player2 bought cutpurse

Player1 is now starting a turn.
silver was drawn from the deck.
duchy was drawn from the deck.
curse was drawn from the deck.
gardens was drawn from the deck.
estate was drawn from the deck.
Player1 bought silver

Player2 is now starting a turn.
copper was drawn from the deck.
curse was drawn from the deck.
curse was drawn from the deck.
estate was drawn from the deck.
gardens was drawn from the deck.
Player2 bought embargo

Player1 is now starting a turn.
copper was drawn from the deck.
gold was drawn from the deck.
gold was drawn from the deck.
curse was drawn from the deck.
Shuffling Player1&apos;s deck.
curse was drawn from the deck.
Player1 bought adventurer

Player2 is now starting a turn.
gold was drawn from the deck.
copper was drawn from the deck.
mine was drawn from the deck.
duchy was drawn from the deck.
curse was drawn from the deck.
Playing action card: mine
Player2 gained gold
Player2 bought adventurer

Player1 is now starting a turn.
curse was drawn from the deck.
copper was drawn from the deck.
copper was drawn from the deck.
province was drawn from the deck.
cutpurse was drawn from the deck.
Playing action card: cutpurse
Player2 had no coppers to discard. 
Player1 bought cutpurse

Player2 is now starting a turn.
silver was drawn from the deck.
estate was drawn from the deck.
estate was drawn from the deck.
curse was drawn from the deck.
gold was drawn from the deck.
Player2 bought gold

Player1 is now starting a turn.
mine was drawn from the deck.
silver was drawn from the deck.
gold was drawn from the deck.
copper was drawn from the deck.
seahag was drawn from the deck.
Playing action card: mine
Player1 gained gold
Player1 bought province

Player2 is now starting a turn.
gold was drawn from the deck.
Shuffling Player2&apos;s deck.
mine was drawn from the deck.
duchy was drawn from the deck.
duchy was drawn from the deck.
great_hall was drawn from the deck.
Playing action card: great_hall
silver was drawn from the deck.
Playing action card: mine
Player2 gained gold
Player2 bought province

Player1 is now starting a turn.
silver was drawn from the deck.
estate was drawn from the deck.
duchy was drawn from the deck.
gold was drawn from the deck.
curse was drawn from the deck.
Player1 bought gold

Player2 is now starting a turn.
curse was drawn from the deck.
curse was drawn from the deck.
gold was drawn from the deck.
adventurer was drawn from the deck.
copper was drawn from the deck.
Playing action card: adventurer
mine was drawn from the deck.
Player2 discarded mine
copper was drawn from the deck.
estate was drawn from the deck.
Player2 discarded estate
gold was drawn from the deck.
Player2 bought province

Player1 is now starting a turn.
gold was drawn from the deck.
copper was drawn from the deck.
copper was drawn from the deck.
mine was drawn from the deck.
gold was drawn from the deck.
Playing action card: mine
Player1 gained gold
Player1 bought province
GAME OVER! Province card pile is empty. 
Player1: 723
Player2: 917
Player1: 723
Player2: 917

STARTING NEW GAME!

Player1 is now starting a turn.
Shuffling Player1&apos;s deck.
copper was drawn from the deck.
copper was drawn from the deck.
estate was drawn from the deck.
copper was drawn from the deck.
estate was drawn from the deck.
Player1 gained curse card because of embargo token.
Player1 gained curse
Player1 bought duchy

Player2 is now starting a turn.
Shuffling Player2&apos;s deck.
copper was drawn from the deck.
copper was drawn from the deck.
estate was drawn from the deck.
copper was drawn from the deck.
copper was drawn from the deck.
Player2 gained curse card because of embargo token.
Player2 gained curse
Player2 bought duchy

Player1 is now starting a turn.
copper was drawn from the deck.
estate was drawn from the deck.
copper was drawn from the deck.
copper was drawn from the deck.
copper was drawn from the deck.
Player1 gained curse card because of embargo token.
Player1 gained curse
Player1 bought mine

Player2 is now starting a turn.
copper was drawn from the deck.
copper was drawn from the deck.
estate was drawn from the deck.
estate was drawn from the deck.
copper was drawn from the deck.
Player2 gained curse card because of embargo token.
Player2 gained curse
Player2 bought mine

Player1 is now starting a turn.
Shuffling Player1&apos;s deck.
copper was drawn from the deck.
estate was drawn from the deck.
copper was drawn from the deck.
duchy was drawn from the deck.
copper was drawn from the deck.
Player1 bought seahag

Player2 is now starting a turn.
Shuffling Player2&apos;s deck.
copper was drawn from the deck.
copper was drawn from the deck.
estate was drawn from the deck.
copper was drawn from the deck.
estate was drawn from the deck.
Player2 gained curse card because of embargo token.
Player2 gained curse
Player2 bought mine

Player1 is now starting a turn.
mine was drawn from the deck.
copper was drawn from the deck.
curse was drawn from the deck.
copper was drawn from the deck.
copper was drawn from the deck.
Playing action card: mine
Player1 gained gold
Player1 gained curse card because of embargo token.
Player1 gained curse
Player1 gained curse card because of embargo token.
Player1 gained curse
Player1 bought gold

Player2 is now starting a turn.
copper was drawn from the deck.
copper was drawn from the deck.
duchy was drawn from the deck.
copper was drawn from the deck.
mine was drawn from the deck.
Playing action card: mine
Player2 gained gold
Player2 gained curse card because of embargo token.
Player2 gained curse
Player2 gained curse card because of embargo token.
Player2 gained curse
Player2 bought gold

Player1 is now starting a turn.
estate was drawn from the deck.
curse was drawn from the deck.
copper was drawn from the deck.
estate was drawn from the deck.
Shuffling Player1&apos;s deck.
curse was drawn from the deck.
Player1 gained curse card because of embargo token.
Player1 gained curse
Player1 bought silver

Player2 is now starting a turn.
copper was drawn from the deck.
estate was drawn from the deck.
curse was drawn from the deck.
curse was drawn from the deck.
Shuffling Player2&apos;s deck.
copper was drawn from the deck.
Player2 bought great_hall

Player1 is now starting a turn.
mine was drawn from the deck.
copper was drawn from the deck.
copper was drawn from the deck.
seahag was drawn from the deck.
copper was drawn from the deck.
Playing action card: mine
Player1 gained gold
Player1 bought gold

Player2 is now starting a turn.
copper was drawn from the deck.
curse was drawn from the deck.
estate was drawn from the deck.
duchy was drawn from the deck.
copper was drawn from the deck.
Player2 bought silver

Player1 is now starting a turn.
curse was drawn from the deck.
copper was drawn from the deck.
gold was drawn from the deck.
gold was drawn from the deck.
estate was drawn from the deck.
Player1 bought province

Player2 is now starting a turn.
mine was drawn from the deck.
mine was drawn from the deck.
estate was drawn from the deck.
gold was drawn from the deck.
copper was drawn from the deck.
Playing action card: mine
Player2 gained gold
Player2 bought province

Player1 is now starting a turn.
copper was drawn from the deck.
duchy was drawn from the deck.
curse was drawn from the deck.
copper was drawn from the deck.
Shuffling Player1&apos;s deck.
copper was drawn from the deck.
Player1 bought silver

Player2 is now starting a turn.
copper was drawn from the deck.
gold was drawn from the deck.
copper was drawn from the deck.
curse was drawn from the deck.
curse was drawn from the deck.
Player2 bought duchy

Player1 is now starting a turn.
estate was drawn from the deck.
copper was drawn from the deck.
copper was drawn from the deck.
mine was drawn from the deck.
gold was drawn from the deck.
Playing action card: mine
Player1 gained gold
Player1 bought province

Player2 is now starting a turn.
Shuffling Player2&apos;s deck.
copper was drawn from the deck.
copper was drawn from the deck.
copper was drawn from the deck.
curse was drawn from the deck.
copper was drawn from the deck.
Player2 bought gardens

Player1 is now starting a turn.
silver was drawn from the deck.
curse was drawn from the deck.
copper was drawn from the deck.
estate was drawn from the deck.
seahag was drawn from the deck.
Playing action card: seahag
estate was drawn from the deck.
Player2 discarded estate
Player2 gained curse to top of deck.
Player1 bought gardens

Player2 is now starting a turn.
curse was drawn from the deck.
province was drawn from the deck.
curse was drawn from the deck.
estate was drawn from the deck.
copper was drawn from the deck.
Player2 bought estate

Player1 is now starting a turn.
estate was drawn from the deck.
curse was drawn from the deck.
curse was drawn from the deck.
gold was drawn from the deck.
gold was drawn from the deck.
Player1 bought gold

Player2 is now starting a turn.
great_hall was drawn from the deck.
gold was drawn from the deck.
gold was drawn from the deck.
duchy was drawn from the deck.
copper was drawn from the deck.
Playing action card: great_hall
duchy was drawn from the deck.
Player2 bought gold

Player1 is now starting a turn.
gold was drawn from the deck.
copper was drawn from the deck.
curse was drawn from the deck.
province was drawn from the deck.
Shuffling Player1&apos;s deck.
estate was drawn from the deck.
Player1 bought mine

Player2 is now starting a turn.
curse was drawn from the deck.
curse was drawn from the deck.
estate was drawn from the deck.
copper was drawn from the deck.
mine was drawn from the deck.
Playing action card: mine
Player2 gained gold
Player2 bought duchy

Player1 is now starting a turn.
seahag was drawn from the deck.
estate was drawn from the deck.
curse was drawn from the deck.
gold was drawn from the deck.
gold was drawn from the deck.
Playing action card: seahag
silver was drawn from the deck.
Player2 discarded silver
Player2 gained curse to top of deck.
Player1 bought adventurer

Player2 is now starting a turn.
curse was drawn from the deck.
gold was drawn from the deck.
curse was drawn from the deck.
mine was drawn from the deck.
Shuffling Player2&apos;s deck.
curse was drawn from the deck.
Playing action card: mine
Player2 gained gold
Player2 bought adventurer

Player1 is now starting a turn.
province was drawn from the deck.
copper was drawn from the deck.
copper was drawn from the deck.
copper was drawn from the deck.
copper was drawn from the deck.
Player1 bought cutpurse

Player2 is now starting a turn.
duchy was drawn from the deck.
gold was drawn from the deck.
copper was drawn from the deck.
province was drawn from the deck.
copper was drawn from the deck.
Player2 bought duchy

Player1 is now starting a turn.
silver was drawn from the deck.
copper was drawn from the deck.
mine was drawn from the deck.
curse was drawn from the deck.
gold was drawn from the deck.
Playing action card: mine
Player1 gained gold
Player1 bought province

Player2 is now starting a turn.
estate was drawn from the deck.
copper was drawn from the deck.
duchy was drawn from the deck.
great_hall was drawn from the deck.
copper was drawn from the deck.
Playing action card: great_hall
copper was drawn from the deck.
Player2 bought cutpurse

Player1 is now starting a turn.
silver was drawn from the deck.
duchy was drawn from the deck.
curse was drawn from the deck.
gardens was drawn from the deck.
estate was drawn from the deck.
Player1 bought silver

Player2 is now starting a turn.
copper was drawn from the deck.
curse was drawn from the deck.
curse was drawn from the deck.
estate was drawn from the deck.
gardens was drawn from the deck.
Player2 bought embargo

Player1 is now starting a turn.
copper was drawn from the deck.
gold was drawn from the deck.
gold was drawn from the deck.
curse was drawn from the deck.
Shuffling Player1&apos;s deck.
curse was drawn from the deck.
Player1 bought adventurer

Player2 is now starting a turn.
gold was drawn from the deck.
copper was drawn from the deck.
mine was drawn from the deck.
duchy was drawn from the deck.
curse was drawn from the deck.
Playing action card: mine
Player2 gained gold
Player2 bought adventurer

Player1 is now starting a turn.
curse was drawn from the deck.
copper was drawn from the deck.
copper was drawn from the deck.
province was drawn from the deck.
cutpurse was drawn from the deck.
Playing action card: cutpurse
Player2 had no coppers to discard. 
Player1 bought cutpurse

Player2 is now starting a turn.
silver was drawn from the deck.
estate was drawn from the deck.
estate was drawn from the deck.
curse was drawn from the deck.
gold was drawn from the deck.
Player2 bought gold

Player1 is now starting a turn.
mine was drawn from the deck.
silver was drawn from the deck.
gold was drawn from the deck.
copper was drawn from the deck.
seahag was drawn from the deck.
Playing action card: mine
Player1 gained gold
Player1 bought province

Player2 is now starting a turn.
gold was drawn from the deck.
Shuffling Player2&apos;s deck.
mine was drawn from the deck.
duchy was drawn from the deck.
duchy was drawn from the deck.
great_hall was drawn from the deck.
Playing action card: great_hall
silver was drawn from the deck.
Playing action card: mine
Player2 gained gold
Player2 bought province

Player1 is now starting a turn.
silver was drawn from the deck.
estate was drawn from the deck.
duchy was drawn from the deck.
gold was drawn from the deck.
curse was drawn from the deck.
Player1 bought gold

Player2 is now starting a turn.
curse was drawn from the deck.
curse was drawn from the deck.
gold was drawn from the deck.
adventurer was drawn from the deck.
copper was drawn from the deck.
Playing action card: adventurer
mine was drawn from the deck.
Player2 discarded mine
copper was drawn from the deck.
estate was drawn from the deck.
Player2 discarded estate
gold was drawn from the deck.
Player2 bought province

Player1 is now starting a turn.
gold was drawn from the deck.
copper was drawn from the deck.
copper was drawn from the deck.
mine was drawn from the deck.
gold was drawn from the deck.
Playing action card: mine
Player1 gained gold
Player1 bought province
GAME OVER! Province card pile is empty. 
Player1: 723
Player2: 917
Player1: 723
Player2: 917
Shuffling Player1&apos;s deck.
copper was drawn from the deck.
Shuffling Player2&apos;s deck.
copper was drawn from the deck.
</system-out>
  </testcase>
  <testcase classname="RegressionTest" name="test095" time="0"/>
  <testcase classname="RegressionTest" name="test096" time="0"/>
  <testcase classname="RegressionTest" name="test097" time="0"/>
  <testcase classname="RegressionTest" name="test098" time="0.007"/>
  <testcase classname="RegressionTest" name="test099" time="0.007"/>
  <testcase classname="RegressionTest" name="test100" time="0.006">
    <failure message="&apos;curse&apos; != &apos;copper&apos;" type="java.lang.AssertionError">java.lang.AssertionError: &apos;curse&apos; != &apos;copper&apos;
	at org.junit.Assert.fail(Assert.java:88)
	at org.junit.Assert.assertTrue(Assert.java:41)
	at RegressionTest.test100(RegressionTest.java:6074)
	at sun.reflect.NativeMethodAccessorImpl.invoke0(Native Method)
	at sun.reflect.NativeMethodAccessorImpl.invoke(NativeMethodAccessorImpl.java:62)
	at sun.reflect.DelegatingMethodAccessorImpl.invoke(DelegatingMethodAccessorImpl.java:43)
	at java.lang.reflect.Method.invoke(Method.java:498)
	at org.junit.runners.model.FrameworkMethod$1.runReflectiveCall(FrameworkMethod.java:47)
	at org.junit.internal.runners.model.ReflectiveCallable.run(ReflectiveCallable.java:12)
	at org.junit.runners.model.FrameworkMethod.invokeExplosively(FrameworkMethod.java:44)
	at org.junit.internal.runners.statements.InvokeMethod.evaluate(InvokeMethod.java:17)
	at org.junit.runners.ParentRunner.runLeaf(ParentRunner.java:271)
	at org.junit.runners.BlockJUnit4ClassRunner.runChild(BlockJUnit4ClassRunner.java:70)
	at org.junit.runners.BlockJUnit4ClassRunner.runChild(BlockJUnit4ClassRunner.java:50)
	at org.junit.runners.ParentRunner$3.run(ParentRunner.java:238)
	at org.junit.runners.ParentRunner$1.schedule(ParentRunner.java:63)
	at org.junit.runners.ParentRunner.runChildren(ParentRunner.java:236)
	at org.junit.runners.ParentRunner.access$000(ParentRunner.java:53)
	at org.junit.runners.ParentRunner$2.evaluate(ParentRunner.java:229)
	at org.junit.runners.ParentRunner.run(ParentRunner.java:309)
	at org.apache.maven.surefire.junit4.JUnit4Provider.execute(JUnit4Provider.java:252)
	at org.apache.maven.surefire.junit4.JUnit4Provider.executeTestSet(JUnit4Provider.java:141)
	at org.apache.maven.surefire.junit4.JUnit4Provider.invoke(JUnit4Provider.java:112)
	at sun.reflect.NativeMethodAccessorImpl.invoke0(Native Method)
	at sun.reflect.NativeMethodAccessorImpl.invoke(NativeMethodAccessorImpl.java:62)
	at sun.reflect.DelegatingMethodAccessorImpl.invoke(DelegatingMethodAccessorImpl.java:43)
	at java.lang.reflect.Method.invoke(Method.java:498)
	at org.apache.maven.surefire.util.ReflectionUtils.invokeMethodWithArray(ReflectionUtils.java:189)
	at org.apache.maven.surefire.booter.ProviderFactory$ProviderProxy.invoke(ProviderFactory.java:165)
	at org.apache.maven.surefire.booter.ProviderFactory.invokeProvider(ProviderFactory.java:85)
	at org.apache.maven.surefire.booter.ForkedBooter.runSuitesInProcess(ForkedBooter.java:115)
	at org.apache.maven.surefire.booter.ForkedBooter.main(ForkedBooter.java:75)
</failure>
    <system-out>hi! discarded cutpurse

STARTING NEW GAME!

Player1 is now starting a turn.
Shuffling Player1&apos;s deck.
copper was drawn from the deck.
copper was drawn from the deck.
estate was drawn from the deck.
copper was drawn from the deck.
estate was drawn from the deck.
Player1 gained curse card because of embargo token.
Player1 gained curse
Player1 bought duchy

Player2 is now starting a turn.
Shuffling Player2&apos;s deck.
copper was drawn from the deck.
copper was drawn from the deck.
estate was drawn from the deck.
copper was drawn from the deck.
copper was drawn from the deck.
Player2 gained curse card because of embargo token.
Player2 gained curse
Player2 bought duchy

Player1 is now starting a turn.
copper was drawn from the deck.
estate was drawn from the deck.
copper was drawn from the deck.
copper was drawn from the deck.
copper was drawn from the deck.
Player1 gained curse card because of embargo token.
Player1 gained curse
Player1 bought mine

Player2 is now starting a turn.
copper was drawn from the deck.
copper was drawn from the deck.
estate was drawn from the deck.
estate was drawn from the deck.
copper was drawn from the deck.
Player2 gained curse card because of embargo token.
Player2 gained curse
Player2 bought mine

Player1 is now starting a turn.
Shuffling Player1&apos;s deck.
copper was drawn from the deck.
estate was drawn from the deck.
copper was drawn from the deck.
duchy was drawn from the deck.
copper was drawn from the deck.
Player1 bought feast

Player2 is now starting a turn.
Shuffling Player2&apos;s deck.
copper was drawn from the deck.
copper was drawn from the deck.
estate was drawn from the deck.
copper was drawn from the deck.
estate was drawn from the deck.
Player2 gained curse card because of embargo token.
Player2 gained curse
Player2 bought mine

Player1 is now starting a turn.
mine was drawn from the deck.
copper was drawn from the deck.
curse was drawn from the deck.
copper was drawn from the deck.
copper was drawn from the deck.
Playing action card: mine
Player1 gained gold
Player1 gained curse card because of embargo token.
Player1 gained curse
Player1 gained curse card because of embargo token.
Player1 gained curse
Player1 bought gold

Player2 is now starting a turn.
copper was drawn from the deck.
copper was drawn from the deck.
duchy was drawn from the deck.
copper was drawn from the deck.
mine was drawn from the deck.
Playing action card: mine
Player2 gained gold
Player2 gained curse card because of embargo token.
Player2 gained curse
Player2 gained curse card because of embargo token.
Player2 gained curse
Player2 bought gold

Player1 is now starting a turn.
estate was drawn from the deck.
curse was drawn from the deck.
copper was drawn from the deck.
estate was drawn from the deck.
Shuffling Player1&apos;s deck.
curse was drawn from the deck.
Player1 gained curse card because of embargo token.
Player1 gained curse
Player1 bought silver

Player2 is now starting a turn.
copper was drawn from the deck.
estate was drawn from the deck.
curse was drawn from the deck.
curse was drawn from the deck.
Shuffling Player2&apos;s deck.
copper was drawn from the deck.
Player2 bought great_hall

Player1 is now starting a turn.
mine was drawn from the deck.
copper was drawn from the deck.
copper was drawn from the deck.
feast was drawn from the deck.
copper was drawn from the deck.
Playing action card: feast
Player1 gained mine
Player1 bought great_hall

Player2 is now starting a turn.
copper was drawn from the deck.
curse was drawn from the deck.
estate was drawn from the deck.
duchy was drawn from the deck.
copper was drawn from the deck.
Player2 bought silver

Player1 is now starting a turn.
curse was drawn from the deck.
copper was drawn from the deck.
gold was drawn from the deck.
gold was drawn from the deck.
estate was drawn from the deck.
Player1 bought province

Player2 is now starting a turn.
mine was drawn from the deck.
mine was drawn from the deck.
estate was drawn from the deck.
gold was drawn from the deck.
copper was drawn from the deck.
Playing action card: mine
Player2 gained gold
Player2 bought province

Player1 is now starting a turn.
copper was drawn from the deck.
duchy was drawn from the deck.
curse was drawn from the deck.
copper was drawn from the deck.
Shuffling Player1&apos;s deck.
copper was drawn from the deck.
Player1 bought silver

Player2 is now starting a turn.
copper was drawn from the deck.
gold was drawn from the deck.
copper was drawn from the deck.
curse was drawn from the deck.
curse was drawn from the deck.
Player2 bought duchy

Player1 is now starting a turn.
estate was drawn from the deck.
copper was drawn from the deck.
copper was drawn from the deck.
feast was drawn from the deck.
mine was drawn from the deck.
Playing action card: mine
Player1 gained gold
Player1 bought adventurer

Player2 is now starting a turn.
Shuffling Player2&apos;s deck.
copper was drawn from the deck.
copper was drawn from the deck.
copper was drawn from the deck.
curse was drawn from the deck.
copper was drawn from the deck.
Player2 bought cutpurse

Player1 is now starting a turn.
silver was drawn from the deck.
curse was drawn from the deck.
copper was drawn from the deck.
estate was drawn from the deck.
mine was drawn from the deck.
Playing action card: mine
Player1 gained gold
Player1 bought gold

Player2 is now starting a turn.
estate was drawn from the deck.
province was drawn from the deck.
curse was drawn from the deck.
estate was drawn from the deck.
copper was drawn from the deck.
Player2 bought great_hall

Player1 is now starting a turn.
estate was drawn from the deck.
curse was drawn from the deck.
curse was drawn from the deck.
gold was drawn from the deck.
great_hall was drawn from the deck.
Playing action card: great_hall
gold was drawn from the deck.
Player1 bought gold

Player2 is now starting a turn.
great_hall was drawn from the deck.
gold was drawn from the deck.
gold was drawn from the deck.
duchy was drawn from the deck.
copper was drawn from the deck.
Playing action card: great_hall
duchy was drawn from the deck.
Player2 bought gold

Player1 is now starting a turn.
copper was drawn from the deck.
curse was drawn from the deck.
province was drawn from the deck.
Shuffling Player1&apos;s deck.
adventurer was drawn from the deck.
estate was drawn from the deck.
Playing action card: adventurer
curse was drawn from the deck.
Player1 discarded curse
gold was drawn from the deck.
feast was drawn from the deck.
Player1 discarded feast
curse was drawn from the deck.
Player1 discarded curse
curse was drawn from the deck.
Player1 discarded curse
gold was drawn from the deck.
Player1 bought province

Player2 is now starting a turn.
curse was drawn from the deck.
curse was drawn from the deck.
estate was drawn from the deck.
copper was drawn from the deck.
mine was drawn from the deck.
Playing action card: mine
Player2 gained gold
Player2 bought duchy

Player1 is now starting a turn.
mine was drawn from the deck.
estate was drawn from the deck.
mine was drawn from the deck.
gold was drawn from the deck.
copper was drawn from the deck.
Playing action card: mine
Player1 gained gold
Player1 bought province

Player2 is now starting a turn.
silver was drawn from the deck.
gold was drawn from the deck.
curse was drawn from the deck.
mine was drawn from the deck.
Shuffling Player2&apos;s deck.
mine was drawn from the deck.
Playing action card: mine
Player2 gained gold
Player2 bought province

Player1 is now starting a turn.
estate was drawn from the deck.
gold was drawn from the deck.
silver was drawn from the deck.
gold was drawn from the deck.
gold was drawn from the deck.
Player1 bought province

Player2 is now starting a turn.
gold was drawn from the deck.
estate was drawn from the deck.
great_hall was drawn from the deck.
copper was drawn from the deck.
copper was drawn from the deck.
Playing action card: great_hall
curse was drawn from the deck.
Player2 bought adventurer

Player1 is now starting a turn.
curse was drawn from the deck.
duchy was drawn from the deck.
copper was drawn from the deck.
silver was drawn from the deck.
copper was drawn from the deck.
Player1 bought council_room

Player2 is now starting a turn.
copper was drawn from the deck.
estate was drawn from the deck.
duchy was drawn from the deck.
copper was drawn from the deck.
province was drawn from the deck.
Player2 bought silver

Player1 is now starting a turn.
copper was drawn from the deck.
great_hall was drawn from the deck.
copper was drawn from the deck.
copper was drawn from the deck.
Shuffling Player1&apos;s deck.
estate was drawn from the deck.
Playing action card: great_hall
estate was drawn from the deck.
Player1 bought mine

Player2 is now starting a turn.
cutpurse was drawn from the deck.
duchy was drawn from the deck.
duchy was drawn from the deck.
gold was drawn from the deck.
copper was drawn from the deck.
Playing action card: cutpurse
Player1 had no coppers to discard. 
Player2 bought adventurer

Player1 is now starting a turn.
copper was drawn from the deck.
curse was drawn from the deck.
curse was drawn from the deck.
province was drawn from the deck.
silver was drawn from the deck.
Player1 bought silver

Player2 is now starting a turn.
curse was drawn from the deck.
curse was drawn from the deck.
copper was drawn from the deck.
copper was drawn from the deck.
estate was drawn from the deck.
Player2 bought silver

Player1 is now starting a turn.
gold was drawn from the deck.
gold was drawn from the deck.
mine was drawn from the deck.
adventurer was drawn from the deck.
copper was drawn from the deck.
Playing action card: adventurer
copper was drawn from the deck.
silver was drawn from the deck.
Player1 bought province

Player2 is now starting a turn.
great_hall was drawn from the deck.
gold was drawn from the deck.
gold was drawn from the deck.
curse was drawn from the deck.
Shuffling Player2&apos;s deck.
duchy was drawn from the deck.
Playing action card: great_hall
adventurer was drawn from the deck.
Playing action card: adventurer
province was drawn from the deck.
Player2 discarded province
copper was drawn from the deck.
estate was drawn from the deck.
Player2 discarded estate
province was drawn from the deck.
Player2 discarded province
silver was drawn from the deck.
Player2 bought province
GAME OVER! Province card pile is empty. 
Player1: 922
Player2: 716
hi! gained cutpurse to top of deck.
Player1: 922
Player2: 716
Player1 had no coppers to discard. 
Player2 had no coppers to discard. 
</system-out>
  </testcase>
  <testcase classname="RegressionTest" name="test101" time="0.008"/>
  <testcase classname="RegressionTest" name="test102" time="0.007"/>
  <testcase classname="RegressionTest" name="test103" time="0">
    <failure message="&apos;curse&apos; != &apos;copper&apos;" type="java.lang.AssertionError">java.lang.AssertionError: &apos;curse&apos; != &apos;copper&apos;
	at org.junit.Assert.fail(Assert.java:88)
	at org.junit.Assert.assertTrue(Assert.java:41)
	at RegressionTest.test103(RegressionTest.java:6260)
	at sun.reflect.NativeMethodAccessorImpl.invoke0(Native Method)
	at sun.reflect.NativeMethodAccessorImpl.invoke(NativeMethodAccessorImpl.java:62)
	at sun.reflect.DelegatingMethodAccessorImpl.invoke(DelegatingMethodAccessorImpl.java:43)
	at java.lang.reflect.Method.invoke(Method.java:498)
	at org.junit.runners.model.FrameworkMethod$1.runReflectiveCall(FrameworkMethod.java:47)
	at org.junit.internal.runners.model.ReflectiveCallable.run(ReflectiveCallable.java:12)
	at org.junit.runners.model.FrameworkMethod.invokeExplosively(FrameworkMethod.java:44)
	at org.junit.internal.runners.statements.InvokeMethod.evaluate(InvokeMethod.java:17)
	at org.junit.runners.ParentRunner.runLeaf(ParentRunner.java:271)
	at org.junit.runners.BlockJUnit4ClassRunner.runChild(BlockJUnit4ClassRunner.java:70)
	at org.junit.runners.BlockJUnit4ClassRunner.runChild(BlockJUnit4ClassRunner.java:50)
	at org.junit.runners.ParentRunner$3.run(ParentRunner.java:238)
	at org.junit.runners.ParentRunner$1.schedule(ParentRunner.java:63)
	at org.junit.runners.ParentRunner.runChildren(ParentRunner.java:236)
	at org.junit.runners.ParentRunner.access$000(ParentRunner.java:53)
	at org.junit.runners.ParentRunner$2.evaluate(ParentRunner.java:229)
	at org.junit.runners.ParentRunner.run(ParentRunner.java:309)
	at org.apache.maven.surefire.junit4.JUnit4Provider.execute(JUnit4Provider.java:252)
	at org.apache.maven.surefire.junit4.JUnit4Provider.executeTestSet(JUnit4Provider.java:141)
	at org.apache.maven.surefire.junit4.JUnit4Provider.invoke(JUnit4Provider.java:112)
	at sun.reflect.NativeMethodAccessorImpl.invoke0(Native Method)
	at sun.reflect.NativeMethodAccessorImpl.invoke(NativeMethodAccessorImpl.java:62)
	at sun.reflect.DelegatingMethodAccessorImpl.invoke(DelegatingMethodAccessorImpl.java:43)
	at java.lang.reflect.Method.invoke(Method.java:498)
	at org.apache.maven.surefire.util.ReflectionUtils.invokeMethodWithArray(ReflectionUtils.java:189)
	at org.apache.maven.surefire.booter.ProviderFactory$ProviderProxy.invoke(ProviderFactory.java:165)
	at org.apache.maven.surefire.booter.ProviderFactory.invokeProvider(ProviderFactory.java:85)
	at org.apache.maven.surefire.booter.ForkedBooter.runSuitesInProcess(ForkedBooter.java:115)
	at org.apache.maven.surefire.booter.ForkedBooter.main(ForkedBooter.java:75)
</failure>
  </testcase>
  <testcase classname="RegressionTest" name="test104" time="0.021">
    <failure type="java.lang.AssertionError">java.lang.AssertionError
	at org.junit.Assert.fail(Assert.java:86)
	at org.junit.Assert.assertTrue(Assert.java:41)
	at org.junit.Assert.assertTrue(Assert.java:52)
	at RegressionTest.test104(RegressionTest.java:6353)
	at sun.reflect.NativeMethodAccessorImpl.invoke0(Native Method)
	at sun.reflect.NativeMethodAccessorImpl.invoke(NativeMethodAccessorImpl.java:62)
	at sun.reflect.DelegatingMethodAccessorImpl.invoke(DelegatingMethodAccessorImpl.java:43)
	at java.lang.reflect.Method.invoke(Method.java:498)
	at org.junit.runners.model.FrameworkMethod$1.runReflectiveCall(FrameworkMethod.java:47)
	at org.junit.internal.runners.model.ReflectiveCallable.run(ReflectiveCallable.java:12)
	at org.junit.runners.model.FrameworkMethod.invokeExplosively(FrameworkMethod.java:44)
	at org.junit.internal.runners.statements.InvokeMethod.evaluate(InvokeMethod.java:17)
	at org.junit.runners.ParentRunner.runLeaf(ParentRunner.java:271)
	at org.junit.runners.BlockJUnit4ClassRunner.runChild(BlockJUnit4ClassRunner.java:70)
	at org.junit.runners.BlockJUnit4ClassRunner.runChild(BlockJUnit4ClassRunner.java:50)
	at org.junit.runners.ParentRunner$3.run(ParentRunner.java:238)
	at org.junit.runners.ParentRunner$1.schedule(ParentRunner.java:63)
	at org.junit.runners.ParentRunner.runChildren(ParentRunner.java:236)
	at org.junit.runners.ParentRunner.access$000(ParentRunner.java:53)
	at org.junit.runners.ParentRunner$2.evaluate(ParentRunner.java:229)
	at org.junit.runners.ParentRunner.run(ParentRunner.java:309)
	at org.apache.maven.surefire.junit4.JUnit4Provider.execute(JUnit4Provider.java:252)
	at org.apache.maven.surefire.junit4.JUnit4Provider.executeTestSet(JUnit4Provider.java:141)
	at org.apache.maven.surefire.junit4.JUnit4Provider.invoke(JUnit4Provider.java:112)
	at sun.reflect.NativeMethodAccessorImpl.invoke0(Native Method)
	at sun.reflect.NativeMethodAccessorImpl.invoke(NativeMethodAccessorImpl.java:62)
	at sun.reflect.DelegatingMethodAccessorImpl.invoke(DelegatingMethodAccessorImpl.java:43)
	at java.lang.reflect.Method.invoke(Method.java:498)
	at org.apache.maven.surefire.util.ReflectionUtils.invokeMethodWithArray(ReflectionUtils.java:189)
	at org.apache.maven.surefire.booter.ProviderFactory$ProviderProxy.invoke(ProviderFactory.java:165)
	at org.apache.maven.surefire.booter.ProviderFactory.invokeProvider(ProviderFactory.java:85)
	at org.apache.maven.surefire.booter.ForkedBooter.runSuitesInProcess(ForkedBooter.java:115)
	at org.apache.maven.surefire.booter.ForkedBooter.main(ForkedBooter.java:75)
</failure>
    <system-out>
STARTING NEW GAME!

Player1 is now starting a turn.
Shuffling Player1&apos;s deck.
copper was drawn from the deck.
copper was drawn from the deck.
estate was drawn from the deck.
copper was drawn from the deck.
estate was drawn from the deck.
Player1 gained curse card because of embargo token.
Player1 gained curse
Player1 bought duchy

Player2 is now starting a turn.
Shuffling Player2&apos;s deck.
copper was drawn from the deck.
copper was drawn from the deck.
estate was drawn from the deck.
copper was drawn from the deck.
copper was drawn from the deck.
Player2 gained curse card because of embargo token.
Player2 gained curse
Player2 bought duchy

Player1 is now starting a turn.
copper was drawn from the deck.
estate was drawn from the deck.
copper was drawn from the deck.
copper was drawn from the deck.
copper was drawn from the deck.
Player1 gained curse card because of embargo token.
Player1 gained curse
Player1 bought mine

Player2 is now starting a turn.
copper was drawn from the deck.
copper was drawn from the deck.
estate was drawn from the deck.
estate was drawn from the deck.
copper was drawn from the deck.
Player2 gained curse card because of embargo token.
Player2 gained curse
Player2 bought mine

Player1 is now starting a turn.
Shuffling Player1&apos;s deck.
copper was drawn from the deck.
estate was drawn from the deck.
copper was drawn from the deck.
duchy was drawn from the deck.
copper was drawn from the deck.
Player1 bought seahag

Player2 is now starting a turn.
Shuffling Player2&apos;s deck.
copper was drawn from the deck.
copper was drawn from the deck.
estate was drawn from the deck.
copper was drawn from the deck.
estate was drawn from the deck.
Player2 gained curse card because of embargo token.
Player2 gained curse
Player2 bought mine

Player1 is now starting a turn.
mine was drawn from the deck.
copper was drawn from the deck.
curse was drawn from the deck.
copper was drawn from the deck.
copper was drawn from the deck.
Playing action card: mine
Player1 gained gold
Player1 gained curse card because of embargo token.
Player1 gained curse
Player1 gained curse card because of embargo token.
Player1 gained curse
Player1 bought gold

Player2 is now starting a turn.
copper was drawn from the deck.
copper was drawn from the deck.
duchy was drawn from the deck.
copper was drawn from the deck.
mine was drawn from the deck.
Playing action card: mine
Player2 gained gold
Player2 gained curse card because of embargo token.
Player2 gained curse
Player2 gained curse card because of embargo token.
Player2 gained curse
Player2 bought gold

Player1 is now starting a turn.
estate was drawn from the deck.
curse was drawn from the deck.
copper was drawn from the deck.
estate was drawn from the deck.
Shuffling Player1&apos;s deck.
curse was drawn from the deck.
Player1 gained curse card because of embargo token.
Player1 gained curse
Player1 bought silver

Player2 is now starting a turn.
copper was drawn from the deck.
estate was drawn from the deck.
curse was drawn from the deck.
curse was drawn from the deck.
Shuffling Player2&apos;s deck.
copper was drawn from the deck.
Player2 bought great_hall

Player1 is now starting a turn.
mine was drawn from the deck.
copper was drawn from the deck.
copper was drawn from the deck.
seahag was drawn from the deck.
copper was drawn from the deck.
Playing action card: mine
Player1 gained gold
Player1 bought gold

Player2 is now starting a turn.
copper was drawn from the deck.
curse was drawn from the deck.
estate was drawn from the deck.
duchy was drawn from the deck.
copper was drawn from the deck.
Player2 bought silver

Player1 is now starting a turn.
curse was drawn from the deck.
copper was drawn from the deck.
gold was drawn from the deck.
gold was drawn from the deck.
estate was drawn from the deck.
Player1 bought province

Player2 is now starting a turn.
mine was drawn from the deck.
mine was drawn from the deck.
estate was drawn from the deck.
gold was drawn from the deck.
copper was drawn from the deck.
Playing action card: mine
Player2 gained gold
Player2 bought province

Player1 is now starting a turn.
copper was drawn from the deck.
duchy was drawn from the deck.
curse was drawn from the deck.
copper was drawn from the deck.
Shuffling Player1&apos;s deck.
copper was drawn from the deck.
Player1 bought silver

Player2 is now starting a turn.
copper was drawn from the deck.
gold was drawn from the deck.
copper was drawn from the deck.
curse was drawn from the deck.
curse was drawn from the deck.
Player2 bought duchy

Player1 is now starting a turn.
estate was drawn from the deck.
copper was drawn from the deck.
copper was drawn from the deck.
mine was drawn from the deck.
gold was drawn from the deck.
Playing action card: mine
Player1 gained gold
Player1 bought province

Player2 is now starting a turn.
Shuffling Player2&apos;s deck.
copper was drawn from the deck.
copper was drawn from the deck.
copper was drawn from the deck.
curse was drawn from the deck.
copper was drawn from the deck.
Player2 bought gardens

Player1 is now starting a turn.
silver was drawn from the deck.
curse was drawn from the deck.
copper was drawn from the deck.
estate was drawn from the deck.
seahag was drawn from the deck.
Playing action card: seahag
estate was drawn from the deck.
Player2 discarded estate
Player2 gained curse to top of deck.
Player1 bought gardens

Player2 is now starting a turn.
curse was drawn from the deck.
province was drawn from the deck.
curse was drawn from the deck.
estate was drawn from the deck.
copper was drawn from the deck.
Player2 bought estate

Player1 is now starting a turn.
estate was drawn from the deck.
curse was drawn from the deck.
curse was drawn from the deck.
gold was drawn from the deck.
gold was drawn from the deck.
Player1 bought gold

Player2 is now starting a turn.
great_hall was drawn from the deck.
gold was drawn from the deck.
gold was drawn from the deck.
duchy was drawn from the deck.
copper was drawn from the deck.
Playing action card: great_hall
duchy was drawn from the deck.
Player2 bought gold

Player1 is now starting a turn.
gold was drawn from the deck.
copper was drawn from the deck.
curse was drawn from the deck.
province was drawn from the deck.
Shuffling Player1&apos;s deck.
estate was drawn from the deck.
Player1 bought mine

Player2 is now starting a turn.
curse was drawn from the deck.
curse was drawn from the deck.
estate was drawn from the deck.
copper was drawn from the deck.
mine was drawn from the deck.
Playing action card: mine
Player2 gained gold
Player2 bought duchy

Player1 is now starting a turn.
seahag was drawn from the deck.
estate was drawn from the deck.
curse was drawn from the deck.
gold was drawn from the deck.
gold was drawn from the deck.
Playing action card: seahag
silver was drawn from the deck.
Player2 discarded silver
Player2 gained curse to top of deck.
Player1 bought adventurer

Player2 is now starting a turn.
curse was drawn from the deck.
gold was drawn from the deck.
curse was drawn from the deck.
mine was drawn from the deck.
Shuffling Player2&apos;s deck.
curse was drawn from the deck.
Playing action card: mine
Player2 gained gold
Player2 bought adventurer

Player1 is now starting a turn.
province was drawn from the deck.
copper was drawn from the deck.
copper was drawn from the deck.
copper was drawn from the deck.
copper was drawn from the deck.
Player1 bought cutpurse

Player2 is now starting a turn.
duchy was drawn from the deck.
gold was drawn from the deck.
copper was drawn from the deck.
province was drawn from the deck.
copper was drawn from the deck.
Player2 bought duchy

Player1 is now starting a turn.
silver was drawn from the deck.
copper was drawn from the deck.
mine was drawn from the deck.
curse was drawn from the deck.
gold was drawn from the deck.
Playing action card: mine
Player1 gained gold
Player1 bought province

Player2 is now starting a turn.
estate was drawn from the deck.
copper was drawn from the deck.
duchy was drawn from the deck.
great_hall was drawn from the deck.
copper was drawn from the deck.
Playing action card: great_hall
copper was drawn from the deck.
Player2 bought cutpurse

Player1 is now starting a turn.
silver was drawn from the deck.
duchy was drawn from the deck.
curse was drawn from the deck.
gardens was drawn from the deck.
estate was drawn from the deck.
Player1 bought silver

Player2 is now starting a turn.
copper was drawn from the deck.
curse was drawn from the deck.
curse was drawn from the deck.
estate was drawn from the deck.
gardens was drawn from the deck.
Player2 bought embargo

Player1 is now starting a turn.
copper was drawn from the deck.
gold was drawn from the deck.
gold was drawn from the deck.
curse was drawn from the deck.
Shuffling Player1&apos;s deck.
curse was drawn from the deck.
Player1 bought adventurer

Player2 is now starting a turn.
gold was drawn from the deck.
copper was drawn from the deck.
mine was drawn from the deck.
duchy was drawn from the deck.
curse was drawn from the deck.
Playing action card: mine
Player2 gained gold
Player2 bought adventurer

Player1 is now starting a turn.
curse was drawn from the deck.
copper was drawn from the deck.
copper was drawn from the deck.
province was drawn from the deck.
cutpurse was drawn from the deck.
Playing action card: cutpurse
Player2 had no coppers to discard. 
Player1 bought cutpurse

Player2 is now starting a turn.
silver was drawn from the deck.
estate was drawn from the deck.
estate was drawn from the deck.
curse was drawn from the deck.
gold was drawn from the deck.
Player2 bought gold

Player1 is now starting a turn.
mine was drawn from the deck.
silver was drawn from the deck.
gold was drawn from the deck.
copper was drawn from the deck.
seahag was drawn from the deck.
Playing action card: mine
Player1 gained gold
Player1 bought province

Player2 is now starting a turn.
gold was drawn from the deck.
Shuffling Player2&apos;s deck.
mine was drawn from the deck.
duchy was drawn from the deck.
duchy was drawn from the deck.
great_hall was drawn from the deck.
Playing action card: great_hall
silver was drawn from the deck.
Playing action card: mine
Player2 gained gold
Player2 bought province

Player1 is now starting a turn.
silver was drawn from the deck.
estate was drawn from the deck.
duchy was drawn from the deck.
gold was drawn from the deck.
curse was drawn from the deck.
Player1 bought gold

Player2 is now starting a turn.
curse was drawn from the deck.
curse was drawn from the deck.
gold was drawn from the deck.
adventurer was drawn from the deck.
copper was drawn from the deck.
Playing action card: adventurer
mine was drawn from the deck.
Player2 discarded mine
copper was drawn from the deck.
estate was drawn from the deck.
Player2 discarded estate
gold was drawn from the deck.
Player2 bought province

Player1 is now starting a turn.
gold was drawn from the deck.
copper was drawn from the deck.
copper was drawn from the deck.
mine was drawn from the deck.
gold was drawn from the deck.
Playing action card: mine
Player1 gained gold
Player1 bought province
GAME OVER! Province card pile is empty. 
Player1: 723
Player2: 917
silver was drawn from the deck.
gold was drawn from the deck.
Player1 had no coppers to discard. 
Player2 had no coppers to discard. 
hi! gained great_hall to top of deck.
Player1 had no coppers to discard. 
Player2 had no coppers to discard. 
hi! gained mine to top of deck.
mine was drawn from the deck.

STARTING NEW GAME!

Player1 is now starting a turn.
Shuffling Player1&apos;s deck.
copper was drawn from the deck.
copper was drawn from the deck.
estate was drawn from the deck.
copper was drawn from the deck.
estate was drawn from the deck.
Player1 gained curse card because of embargo token.
Player1 gained curse
Player1 bought duchy

Player2 is now starting a turn.
Shuffling Player2&apos;s deck.
copper was drawn from the deck.
copper was drawn from the deck.
estate was drawn from the deck.
copper was drawn from the deck.
copper was drawn from the deck.
Player2 gained curse card because of embargo token.
Player2 gained curse
Player2 bought duchy

Player1 is now starting a turn.
copper was drawn from the deck.
estate was drawn from the deck.
copper was drawn from the deck.
copper was drawn from the deck.
copper was drawn from the deck.
Player1 gained curse card because of embargo token.
Player1 gained curse
Player1 bought mine

Player2 is now starting a turn.
copper was drawn from the deck.
copper was drawn from the deck.
estate was drawn from the deck.
estate was drawn from the deck.
copper was drawn from the deck.
Player2 gained curse card because of embargo token.
Player2 gained curse
Player2 bought mine

Player1 is now starting a turn.
Shuffling Player1&apos;s deck.
copper was drawn from the deck.
estate was drawn from the deck.
copper was drawn from the deck.
duchy was drawn from the deck.
copper was drawn from the deck.
Player1 bought seahag

Player2 is now starting a turn.
Shuffling Player2&apos;s deck.
copper was drawn from the deck.
copper was drawn from the deck.
estate was drawn from the deck.
copper was drawn from the deck.
estate was drawn from the deck.
Player2 gained curse card because of embargo token.
Player2 gained curse
Player2 bought mine

Player1 is now starting a turn.
mine was drawn from the deck.
copper was drawn from the deck.
curse was drawn from the deck.
copper was drawn from the deck.
copper was drawn from the deck.
Playing action card: mine
Player1 gained gold
Player1 gained curse card because of embargo token.
Player1 gained curse
Player1 gained curse card because of embargo token.
Player1 gained curse
Player1 bought gold

Player2 is now starting a turn.
copper was drawn from the deck.
copper was drawn from the deck.
duchy was drawn from the deck.
copper was drawn from the deck.
mine was drawn from the deck.
Playing action card: mine
Player2 gained gold
Player2 gained curse card because of embargo token.
Player2 gained curse
Player2 gained curse card because of embargo token.
Player2 gained curse
Player2 bought gold

Player1 is now starting a turn.
estate was drawn from the deck.
curse was drawn from the deck.
copper was drawn from the deck.
estate was drawn from the deck.
Shuffling Player1&apos;s deck.
curse was drawn from the deck.
Player1 gained curse card because of embargo token.
Player1 gained curse
Player1 bought silver

Player2 is now starting a turn.
copper was drawn from the deck.
estate was drawn from the deck.
curse was drawn from the deck.
curse was drawn from the deck.
Shuffling Player2&apos;s deck.
copper was drawn from the deck.
Player2 bought great_hall

Player1 is now starting a turn.
mine was drawn from the deck.
copper was drawn from the deck.
copper was drawn from the deck.
seahag was drawn from the deck.
copper was drawn from the deck.
Playing action card: mine
Player1 gained gold
Player1 bought gold

Player2 is now starting a turn.
copper was drawn from the deck.
curse was drawn from the deck.
estate was drawn from the deck.
duchy was drawn from the deck.
copper was drawn from the deck.
Player2 bought silver

Player1 is now starting a turn.
curse was drawn from the deck.
copper was drawn from the deck.
gold was drawn from the deck.
gold was drawn from the deck.
estate was drawn from the deck.
Player1 bought province

Player2 is now starting a turn.
mine was drawn from the deck.
mine was drawn from the deck.
estate was drawn from the deck.
gold was drawn from the deck.
copper was drawn from the deck.
Playing action card: mine
Player2 gained gold
Player2 bought province

Player1 is now starting a turn.
copper was drawn from the deck.
duchy was drawn from the deck.
curse was drawn from the deck.
copper was drawn from the deck.
Shuffling Player1&apos;s deck.
copper was drawn from the deck.
Player1 bought silver

Player2 is now starting a turn.
copper was drawn from the deck.
gold was drawn from the deck.
copper was drawn from the deck.
curse was drawn from the deck.
curse was drawn from the deck.
Player2 bought duchy

Player1 is now starting a turn.
estate was drawn from the deck.
copper was drawn from the deck.
copper was drawn from the deck.
mine was drawn from the deck.
gold was drawn from the deck.
Playing action card: mine
Player1 gained gold
Player1 bought province

Player2 is now starting a turn.
Shuffling Player2&apos;s deck.
copper was drawn from the deck.
copper was drawn from the deck.
copper was drawn from the deck.
curse was drawn from the deck.
copper was drawn from the deck.
Player2 bought gardens

Player1 is now starting a turn.
silver was drawn from the deck.
curse was drawn from the deck.
copper was drawn from the deck.
estate was drawn from the deck.
seahag was drawn from the deck.
Playing action card: seahag
estate was drawn from the deck.
Player2 discarded estate
Player2 gained curse to top of deck.
Player1 bought gardens

Player2 is now starting a turn.
curse was drawn from the deck.
province was drawn from the deck.
curse was drawn from the deck.
estate was drawn from the deck.
copper was drawn from the deck.
Player2 bought estate

Player1 is now starting a turn.
estate was drawn from the deck.
curse was drawn from the deck.
curse was drawn from the deck.
gold was drawn from the deck.
gold was drawn from the deck.
Player1 bought gold

Player2 is now starting a turn.
great_hall was drawn from the deck.
gold was drawn from the deck.
gold was drawn from the deck.
duchy was drawn from the deck.
copper was drawn from the deck.
Playing action card: great_hall
duchy was drawn from the deck.
Player2 bought gold

Player1 is now starting a turn.
gold was drawn from the deck.
copper was drawn from the deck.
curse was drawn from the deck.
province was drawn from the deck.
Shuffling Player1&apos;s deck.
estate was drawn from the deck.
Player1 bought mine

Player2 is now starting a turn.
curse was drawn from the deck.
curse was drawn from the deck.
estate was drawn from the deck.
copper was drawn from the deck.
mine was drawn from the deck.
Playing action card: mine
Player2 gained gold
Player2 bought duchy

Player1 is now starting a turn.
seahag was drawn from the deck.
estate was drawn from the deck.
curse was drawn from the deck.
gold was drawn from the deck.
gold was drawn from the deck.
Playing action card: seahag
silver was drawn from the deck.
Player2 discarded silver
Player2 gained curse to top of deck.
Player1 bought adventurer

Player2 is now starting a turn.
curse was drawn from the deck.
gold was drawn from the deck.
curse was drawn from the deck.
mine was drawn from the deck.
Shuffling Player2&apos;s deck.
curse was drawn from the deck.
Playing action card: mine
Player2 gained gold
Player2 bought adventurer

Player1 is now starting a turn.
province was drawn from the deck.
copper was drawn from the deck.
copper was drawn from the deck.
copper was drawn from the deck.
copper was drawn from the deck.
Player1 bought cutpurse

Player2 is now starting a turn.
duchy was drawn from the deck.
gold was drawn from the deck.
copper was drawn from the deck.
province was drawn from the deck.
copper was drawn from the deck.
Player2 bought duchy

Player1 is now starting a turn.
silver was drawn from the deck.
copper was drawn from the deck.
mine was drawn from the deck.
curse was drawn from the deck.
gold was drawn from the deck.
Playing action card: mine
Player1 gained gold
Player1 bought province

Player2 is now starting a turn.
estate was drawn from the deck.
copper was drawn from the deck.
duchy was drawn from the deck.
great_hall was drawn from the deck.
copper was drawn from the deck.
Playing action card: great_hall
copper was drawn from the deck.
Player2 bought cutpurse

Player1 is now starting a turn.
silver was drawn from the deck.
duchy was drawn from the deck.
curse was drawn from the deck.
gardens was drawn from the deck.
estate was drawn from the deck.
Player1 bought silver

Player2 is now starting a turn.
copper was drawn from the deck.
curse was drawn from the deck.
curse was drawn from the deck.
estate was drawn from the deck.
gardens was drawn from the deck.
Player2 bought embargo

Player1 is now starting a turn.
copper was drawn from the deck.
gold was drawn from the deck.
gold was drawn from the deck.
curse was drawn from the deck.
Shuffling Player1&apos;s deck.
curse was drawn from the deck.
Player1 bought adventurer

Player2 is now starting a turn.
gold was drawn from the deck.
copper was drawn from the deck.
mine was drawn from the deck.
duchy was drawn from the deck.
curse was drawn from the deck.
Playing action card: mine
Player2 gained gold
Player2 bought adventurer

Player1 is now starting a turn.
curse was drawn from the deck.
copper was drawn from the deck.
copper was drawn from the deck.
province was drawn from the deck.
cutpurse was drawn from the deck.
Playing action card: cutpurse
Player2 had no coppers to discard. 
Player1 bought cutpurse

Player2 is now starting a turn.
silver was drawn from the deck.
estate was drawn from the deck.
estate was drawn from the deck.
curse was drawn from the deck.
gold was drawn from the deck.
Player2 bought gold

Player1 is now starting a turn.
mine was drawn from the deck.
silver was drawn from the deck.
gold was drawn from the deck.
copper was drawn from the deck.
seahag was drawn from the deck.
Playing action card: mine
Player1 gained gold
Player1 bought province

Player2 is now starting a turn.
gold was drawn from the deck.
Shuffling Player2&apos;s deck.
mine was drawn from the deck.
duchy was drawn from the deck.
duchy was drawn from the deck.
great_hall was drawn from the deck.
Playing action card: great_hall
silver was drawn from the deck.
Playing action card: mine
Player2 gained gold
Player2 bought province

Player1 is now starting a turn.
silver was drawn from the deck.
estate was drawn from the deck.
duchy was drawn from the deck.
gold was drawn from the deck.
curse was drawn from the deck.
Player1 bought gold

Player2 is now starting a turn.
curse was drawn from the deck.
curse was drawn from the deck.
gold was drawn from the deck.
adventurer was drawn from the deck.
copper was drawn from the deck.
Playing action card: adventurer
mine was drawn from the deck.
Player2 discarded mine
copper was drawn from the deck.
estate was drawn from the deck.
Player2 discarded estate
gold was drawn from the deck.
Player2 bought province

Player1 is now starting a turn.
gold was drawn from the deck.
copper was drawn from the deck.
copper was drawn from the deck.
mine was drawn from the deck.
gold was drawn from the deck.
Playing action card: mine
Player1 gained gold
Player1 bought province
GAME OVER! Province card pile is empty. 
Player1: 723
Player2: 917

STARTING NEW GAME!

Player1 is now starting a turn.
Shuffling Player1&apos;s deck.
copper was drawn from the deck.
copper was drawn from the deck.
estate was drawn from the deck.
copper was drawn from the deck.
estate was drawn from the deck.
Player1 gained curse card because of embargo token.
Player1 gained curse
Player1 bought duchy

Player2 is now starting a turn.
Shuffling Player2&apos;s deck.
copper was drawn from the deck.
copper was drawn from the deck.
estate was drawn from the deck.
copper was drawn from the deck.
copper was drawn from the deck.
Player2 gained curse card because of embargo token.
Player2 gained curse
Player2 bought duchy

Player1 is now starting a turn.
copper was drawn from the deck.
estate was drawn from the deck.
copper was drawn from the deck.
copper was drawn from the deck.
copper was drawn from the deck.
Player1 gained curse card because of embargo token.
Player1 gained curse
Player1 bought mine

Player2 is now starting a turn.
copper was drawn from the deck.
copper was drawn from the deck.
estate was drawn from the deck.
estate was drawn from the deck.
copper was drawn from the deck.
Player2 gained curse card because of embargo token.
Player2 gained curse
Player2 bought mine

Player1 is now starting a turn.
Shuffling Player1&apos;s deck.
copper was drawn from the deck.
estate was drawn from the deck.
copper was drawn from the deck.
duchy was drawn from the deck.
copper was drawn from the deck.
Player1 bought seahag

Player2 is now starting a turn.
Shuffling Player2&apos;s deck.
copper was drawn from the deck.
copper was drawn from the deck.
estate was drawn from the deck.
copper was drawn from the deck.
estate was drawn from the deck.
Player2 gained curse card because of embargo token.
Player2 gained curse
Player2 bought mine

Player1 is now starting a turn.
mine was drawn from the deck.
copper was drawn from the deck.
curse was drawn from the deck.
copper was drawn from the deck.
copper was drawn from the deck.
Playing action card: mine
Player1 gained gold
Player1 gained curse card because of embargo token.
Player1 gained curse
Player1 gained curse card because of embargo token.
Player1 gained curse
Player1 bought gold

Player2 is now starting a turn.
copper was drawn from the deck.
copper was drawn from the deck.
duchy was drawn from the deck.
copper was drawn from the deck.
mine was drawn from the deck.
Playing action card: mine
Player2 gained gold
Player2 gained curse card because of embargo token.
Player2 gained curse
Player2 gained curse card because of embargo token.
Player2 gained curse
Player2 bought gold

Player1 is now starting a turn.
estate was drawn from the deck.
curse was drawn from the deck.
copper was drawn from the deck.
estate was drawn from the deck.
Shuffling Player1&apos;s deck.
curse was drawn from the deck.
Player1 gained curse card because of embargo token.
Player1 gained curse
Player1 bought silver

Player2 is now starting a turn.
copper was drawn from the deck.
estate was drawn from the deck.
curse was drawn from the deck.
curse was drawn from the deck.
Shuffling Player2&apos;s deck.
copper was drawn from the deck.
Player2 bought great_hall

Player1 is now starting a turn.
mine was drawn from the deck.
copper was drawn from the deck.
copper was drawn from the deck.
seahag was drawn from the deck.
copper was drawn from the deck.
Playing action card: mine
Player1 gained gold
Player1 bought gold

Player2 is now starting a turn.
copper was drawn from the deck.
curse was drawn from the deck.
estate was drawn from the deck.
duchy was drawn from the deck.
copper was drawn from the deck.
Player2 bought silver

Player1 is now starting a turn.
curse was drawn from the deck.
copper was drawn from the deck.
gold was drawn from the deck.
gold was drawn from the deck.
estate was drawn from the deck.
Player1 bought province

Player2 is now starting a turn.
mine was drawn from the deck.
mine was drawn from the deck.
estate was drawn from the deck.
gold was drawn from the deck.
copper was drawn from the deck.
Playing action card: mine
Player2 gained gold
Player2 bought province

Player1 is now starting a turn.
copper was drawn from the deck.
duchy was drawn from the deck.
curse was drawn from the deck.
copper was drawn from the deck.
Shuffling Player1&apos;s deck.
copper was drawn from the deck.
Player1 bought silver

Player2 is now starting a turn.
copper was drawn from the deck.
gold was drawn from the deck.
copper was drawn from the deck.
curse was drawn from the deck.
curse was drawn from the deck.
Player2 bought duchy

Player1 is now starting a turn.
estate was drawn from the deck.
copper was drawn from the deck.
copper was drawn from the deck.
mine was drawn from the deck.
gold was drawn from the deck.
Playing action card: mine
Player1 gained gold
Player1 bought province

Player2 is now starting a turn.
Shuffling Player2&apos;s deck.
copper was drawn from the deck.
copper was drawn from the deck.
copper was drawn from the deck.
curse was drawn from the deck.
copper was drawn from the deck.
Player2 bought gardens

Player1 is now starting a turn.
silver was drawn from the deck.
curse was drawn from the deck.
copper was drawn from the deck.
estate was drawn from the deck.
seahag was drawn from the deck.
Playing action card: seahag
estate was drawn from the deck.
Player2 discarded estate
Player2 gained curse to top of deck.
Player1 bought gardens

Player2 is now starting a turn.
curse was drawn from the deck.
province was drawn from the deck.
curse was drawn from the deck.
estate was drawn from the deck.
copper was drawn from the deck.
Player2 bought estate

Player1 is now starting a turn.
estate was drawn from the deck.
curse was drawn from the deck.
curse was drawn from the deck.
gold was drawn from the deck.
gold was drawn from the deck.
Player1 bought gold

Player2 is now starting a turn.
great_hall was drawn from the deck.
gold was drawn from the deck.
gold was drawn from the deck.
duchy was drawn from the deck.
copper was drawn from the deck.
Playing action card: great_hall
duchy was drawn from the deck.
Player2 bought gold

Player1 is now starting a turn.
gold was drawn from the deck.
copper was drawn from the deck.
curse was drawn from the deck.
province was drawn from the deck.
Shuffling Player1&apos;s deck.
estate was drawn from the deck.
Player1 bought mine

Player2 is now starting a turn.
curse was drawn from the deck.
curse was drawn from the deck.
estate was drawn from the deck.
copper was drawn from the deck.
mine was drawn from the deck.
Playing action card: mine
Player2 gained gold
Player2 bought duchy

Player1 is now starting a turn.
seahag was drawn from the deck.
estate was drawn from the deck.
curse was drawn from the deck.
gold was drawn from the deck.
gold was drawn from the deck.
Playing action card: seahag
silver was drawn from the deck.
Player2 discarded silver
Player2 gained curse to top of deck.
Player1 bought adventurer

Player2 is now starting a turn.
curse was drawn from the deck.
gold was drawn from the deck.
curse was drawn from the deck.
mine was drawn from the deck.
Shuffling Player2&apos;s deck.
curse was drawn from the deck.
Playing action card: mine
Player2 gained gold
Player2 bought adventurer

Player1 is now starting a turn.
province was drawn from the deck.
copper was drawn from the deck.
copper was drawn from the deck.
copper was drawn from the deck.
copper was drawn from the deck.
Player1 bought cutpurse

Player2 is now starting a turn.
duchy was drawn from the deck.
gold was drawn from the deck.
copper was drawn from the deck.
province was drawn from the deck.
copper was drawn from the deck.
Player2 bought duchy

Player1 is now starting a turn.
silver was drawn from the deck.
copper was drawn from the deck.
mine was drawn from the deck.
curse was drawn from the deck.
gold was drawn from the deck.
Playing action card: mine
Player1 gained gold
Player1 bought province

Player2 is now starting a turn.
estate was drawn from the deck.
copper was drawn from the deck.
duchy was drawn from the deck.
great_hall was drawn from the deck.
copper was drawn from the deck.
Playing action card: great_hall
copper was drawn from the deck.
Player2 bought cutpurse

Player1 is now starting a turn.
silver was drawn from the deck.
duchy was drawn from the deck.
curse was drawn from the deck.
gardens was drawn from the deck.
estate was drawn from the deck.
Player1 bought silver

Player2 is now starting a turn.
copper was drawn from the deck.
curse was drawn from the deck.
curse was drawn from the deck.
estate was drawn from the deck.
gardens was drawn from the deck.
Player2 bought embargo

Player1 is now starting a turn.
copper was drawn from the deck.
gold was drawn from the deck.
gold was drawn from the deck.
curse was drawn from the deck.
Shuffling Player1&apos;s deck.
curse was drawn from the deck.
Player1 bought adventurer

Player2 is now starting a turn.
gold was drawn from the deck.
copper was drawn from the deck.
mine was drawn from the deck.
duchy was drawn from the deck.
curse was drawn from the deck.
Playing action card: mine
Player2 gained gold
Player2 bought adventurer

Player1 is now starting a turn.
curse was drawn from the deck.
copper was drawn from the deck.
copper was drawn from the deck.
province was drawn from the deck.
cutpurse was drawn from the deck.
Playing action card: cutpurse
Player2 had no coppers to discard. 
Player1 bought cutpurse

Player2 is now starting a turn.
silver was drawn from the deck.
estate was drawn from the deck.
estate was drawn from the deck.
curse was drawn from the deck.
gold was drawn from the deck.
Player2 bought gold

Player1 is now starting a turn.
mine was drawn from the deck.
silver was drawn from the deck.
gold was drawn from the deck.
copper was drawn from the deck.
seahag was drawn from the deck.
Playing action card: mine
Player1 gained gold
Player1 bought province

Player2 is now starting a turn.
gold was drawn from the deck.
Shuffling Player2&apos;s deck.
mine was drawn from the deck.
duchy was drawn from the deck.
duchy was drawn from the deck.
great_hall was drawn from the deck.
Playing action card: great_hall
silver was drawn from the deck.
Playing action card: mine
Player2 gained gold
Player2 bought province

Player1 is now starting a turn.
silver was drawn from the deck.
estate was drawn from the deck.
duchy was drawn from the deck.
gold was drawn from the deck.
curse was drawn from the deck.
Player1 bought gold

Player2 is now starting a turn.
curse was drawn from the deck.
curse was drawn from the deck.
gold was drawn from the deck.
adventurer was drawn from the deck.
copper was drawn from the deck.
Playing action card: adventurer
mine was drawn from the deck.
Player2 discarded mine
copper was drawn from the deck.
estate was drawn from the deck.
Player2 discarded estate
gold was drawn from the deck.
Player2 bought province

Player1 is now starting a turn.
gold was drawn from the deck.
copper was drawn from the deck.
copper was drawn from the deck.
mine was drawn from the deck.
gold was drawn from the deck.
Playing action card: mine
Player1 gained gold
Player1 bought province
GAME OVER! Province card pile is empty. 
Player1: 723
Player2: 917
Player1 had no coppers to discard. 
Player2 had no coppers to discard. 
Player1 gained embargo
Player2 gained embargo
hi! gained great_hall
Shuffling hi!&apos;s deck.
copper was drawn from the deck.
</system-out>
  </testcase>
  <testcase classname="RegressionTest" name="test105" time="0"/>
  <testcase classname="RegressionTest" name="test106" time="0.001">
    <failure message="&apos;curse&apos; != &apos;copper&apos;" type="java.lang.AssertionError">java.lang.AssertionError: &apos;curse&apos; != &apos;copper&apos;
	at org.junit.Assert.fail(Assert.java:88)
	at org.junit.Assert.assertTrue(Assert.java:41)
	at RegressionTest.test106(RegressionTest.java:6627)
	at sun.reflect.NativeMethodAccessorImpl.invoke0(Native Method)
	at sun.reflect.NativeMethodAccessorImpl.invoke(NativeMethodAccessorImpl.java:62)
	at sun.reflect.DelegatingMethodAccessorImpl.invoke(DelegatingMethodAccessorImpl.java:43)
	at java.lang.reflect.Method.invoke(Method.java:498)
	at org.junit.runners.model.FrameworkMethod$1.runReflectiveCall(FrameworkMethod.java:47)
	at org.junit.internal.runners.model.ReflectiveCallable.run(ReflectiveCallable.java:12)
	at org.junit.runners.model.FrameworkMethod.invokeExplosively(FrameworkMethod.java:44)
	at org.junit.internal.runners.statements.InvokeMethod.evaluate(InvokeMethod.java:17)
	at org.junit.runners.ParentRunner.runLeaf(ParentRunner.java:271)
	at org.junit.runners.BlockJUnit4ClassRunner.runChild(BlockJUnit4ClassRunner.java:70)
	at org.junit.runners.BlockJUnit4ClassRunner.runChild(BlockJUnit4ClassRunner.java:50)
	at org.junit.runners.ParentRunner$3.run(ParentRunner.java:238)
	at org.junit.runners.ParentRunner$1.schedule(ParentRunner.java:63)
	at org.junit.runners.ParentRunner.runChildren(ParentRunner.java:236)
	at org.junit.runners.ParentRunner.access$000(ParentRunner.java:53)
	at org.junit.runners.ParentRunner$2.evaluate(ParentRunner.java:229)
	at org.junit.runners.ParentRunner.run(ParentRunner.java:309)
	at org.apache.maven.surefire.junit4.JUnit4Provider.execute(JUnit4Provider.java:252)
	at org.apache.maven.surefire.junit4.JUnit4Provider.executeTestSet(JUnit4Provider.java:141)
	at org.apache.maven.surefire.junit4.JUnit4Provider.invoke(JUnit4Provider.java:112)
	at sun.reflect.NativeMethodAccessorImpl.invoke0(Native Method)
	at sun.reflect.NativeMethodAccessorImpl.invoke(NativeMethodAccessorImpl.java:62)
	at sun.reflect.DelegatingMethodAccessorImpl.invoke(DelegatingMethodAccessorImpl.java:43)
	at java.lang.reflect.Method.invoke(Method.java:498)
	at org.apache.maven.surefire.util.ReflectionUtils.invokeMethodWithArray(ReflectionUtils.java:189)
	at org.apache.maven.surefire.booter.ProviderFactory$ProviderProxy.invoke(ProviderFactory.java:165)
	at org.apache.maven.surefire.booter.ProviderFactory.invokeProvider(ProviderFactory.java:85)
	at org.apache.maven.surefire.booter.ForkedBooter.runSuitesInProcess(ForkedBooter.java:115)
	at org.apache.maven.surefire.booter.ForkedBooter.main(ForkedBooter.java:75)
</failure>
    <system-out>Player1 had no coppers to discard. 
Player2 had no coppers to discard. 
hi! gained mine to top of deck.
hi! discarded council_room
hi! gained feast to top of deck.
Player33 is now starting a turn.
feast was drawn from the deck.
mine was drawn from the deck.
Shuffling hi!&apos;s deck.
estate was drawn from the deck.
estate was drawn from the deck.
copper was drawn from the deck.
</system-out>
  </testcase>
  <testcase classname="RegressionTest" name="test107" time="0">
    <failure message="&apos;curse&apos; != &apos;copper&apos;" type="java.lang.AssertionError">java.lang.AssertionError: &apos;curse&apos; != &apos;copper&apos;
	at org.junit.Assert.fail(Assert.java:88)
	at org.junit.Assert.assertTrue(Assert.java:41)
	at RegressionTest.test107(RegressionTest.java:6698)
	at sun.reflect.NativeMethodAccessorImpl.invoke0(Native Method)
	at sun.reflect.NativeMethodAccessorImpl.invoke(NativeMethodAccessorImpl.java:62)
	at sun.reflect.DelegatingMethodAccessorImpl.invoke(DelegatingMethodAccessorImpl.java:43)
	at java.lang.reflect.Method.invoke(Method.java:498)
	at org.junit.runners.model.FrameworkMethod$1.runReflectiveCall(FrameworkMethod.java:47)
	at org.junit.internal.runners.model.ReflectiveCallable.run(ReflectiveCallable.java:12)
	at org.junit.runners.model.FrameworkMethod.invokeExplosively(FrameworkMethod.java:44)
	at org.junit.internal.runners.statements.InvokeMethod.evaluate(InvokeMethod.java:17)
	at org.junit.runners.ParentRunner.runLeaf(ParentRunner.java:271)
	at org.junit.runners.BlockJUnit4ClassRunner.runChild(BlockJUnit4ClassRunner.java:70)
	at org.junit.runners.BlockJUnit4ClassRunner.runChild(BlockJUnit4ClassRunner.java:50)
	at org.junit.runners.ParentRunner$3.run(ParentRunner.java:238)
	at org.junit.runners.ParentRunner$1.schedule(ParentRunner.java:63)
	at org.junit.runners.ParentRunner.runChildren(ParentRunner.java:236)
	at org.junit.runners.ParentRunner.access$000(ParentRunner.java:53)
	at org.junit.runners.ParentRunner$2.evaluate(ParentRunner.java:229)
	at org.junit.runners.ParentRunner.run(ParentRunner.java:309)
	at org.apache.maven.surefire.junit4.JUnit4Provider.execute(JUnit4Provider.java:252)
	at org.apache.maven.surefire.junit4.JUnit4Provider.executeTestSet(JUnit4Provider.java:141)
	at org.apache.maven.surefire.junit4.JUnit4Provider.invoke(JUnit4Provider.java:112)
	at sun.reflect.NativeMethodAccessorImpl.invoke0(Native Method)
	at sun.reflect.NativeMethodAccessorImpl.invoke(NativeMethodAccessorImpl.java:62)
	at sun.reflect.DelegatingMethodAccessorImpl.invoke(DelegatingMethodAccessorImpl.java:43)
	at java.lang.reflect.Method.invoke(Method.java:498)
	at org.apache.maven.surefire.util.ReflectionUtils.invokeMethodWithArray(ReflectionUtils.java:189)
	at org.apache.maven.surefire.booter.ProviderFactory$ProviderProxy.invoke(ProviderFactory.java:165)
	at org.apache.maven.surefire.booter.ProviderFactory.invokeProvider(ProviderFactory.java:85)
	at org.apache.maven.surefire.booter.ForkedBooter.runSuitesInProcess(ForkedBooter.java:115)
	at org.apache.maven.surefire.booter.ForkedBooter.main(ForkedBooter.java:75)
</failure>
    <system-out>hi! gained smithy
Player1 had no coppers to discard. 
Player2 had no coppers to discard. 
</system-out>
  </testcase>
  <testcase classname="RegressionTest" name="test108" time="0"/>
  <testcase classname="RegressionTest" name="test109" time="0.008"/>
  <testcase classname="RegressionTest" name="test110" time="0">
    <failure message="&apos;curse&apos; != &apos;copper&apos;" type="java.lang.AssertionError">java.lang.AssertionError: &apos;curse&apos; != &apos;copper&apos;
	at org.junit.Assert.fail(Assert.java:88)
	at org.junit.Assert.assertTrue(Assert.java:41)
	at RegressionTest.test110(RegressionTest.java:6899)
	at sun.reflect.NativeMethodAccessorImpl.invoke0(Native Method)
	at sun.reflect.NativeMethodAccessorImpl.invoke(NativeMethodAccessorImpl.java:62)
	at sun.reflect.DelegatingMethodAccessorImpl.invoke(DelegatingMethodAccessorImpl.java:43)
	at java.lang.reflect.Method.invoke(Method.java:498)
	at org.junit.runners.model.FrameworkMethod$1.runReflectiveCall(FrameworkMethod.java:47)
	at org.junit.internal.runners.model.ReflectiveCallable.run(ReflectiveCallable.java:12)
	at org.junit.runners.model.FrameworkMethod.invokeExplosively(FrameworkMethod.java:44)
	at org.junit.internal.runners.statements.InvokeMethod.evaluate(InvokeMethod.java:17)
	at org.junit.runners.ParentRunner.runLeaf(ParentRunner.java:271)
	at org.junit.runners.BlockJUnit4ClassRunner.runChild(BlockJUnit4ClassRunner.java:70)
	at org.junit.runners.BlockJUnit4ClassRunner.runChild(BlockJUnit4ClassRunner.java:50)
	at org.junit.runners.ParentRunner$3.run(ParentRunner.java:238)
	at org.junit.runners.ParentRunner$1.schedule(ParentRunner.java:63)
	at org.junit.runners.ParentRunner.runChildren(ParentRunner.java:236)
	at org.junit.runners.ParentRunner.access$000(ParentRunner.java:53)
	at org.junit.runners.ParentRunner$2.evaluate(ParentRunner.java:229)
	at org.junit.runners.ParentRunner.run(ParentRunner.java:309)
	at org.apache.maven.surefire.junit4.JUnit4Provider.execute(JUnit4Provider.java:252)
	at org.apache.maven.surefire.junit4.JUnit4Provider.executeTestSet(JUnit4Provider.java:141)
	at org.apache.maven.surefire.junit4.JUnit4Provider.invoke(JUnit4Provider.java:112)
	at sun.reflect.NativeMethodAccessorImpl.invoke0(Native Method)
	at sun.reflect.NativeMethodAccessorImpl.invoke(NativeMethodAccessorImpl.java:62)
	at sun.reflect.DelegatingMethodAccessorImpl.invoke(DelegatingMethodAccessorImpl.java:43)
	at java.lang.reflect.Method.invoke(Method.java:498)
	at org.apache.maven.surefire.util.ReflectionUtils.invokeMethodWithArray(ReflectionUtils.java:189)
	at org.apache.maven.surefire.booter.ProviderFactory$ProviderProxy.invoke(ProviderFactory.java:165)
	at org.apache.maven.surefire.booter.ProviderFactory.invokeProvider(ProviderFactory.java:85)
	at org.apache.maven.surefire.booter.ForkedBooter.runSuitesInProcess(ForkedBooter.java:115)
	at org.apache.maven.surefire.booter.ForkedBooter.main(ForkedBooter.java:75)
</failure>
    <system-out>hi! gained curse
Shuffling Player1&apos;s deck.
copper was drawn from the deck.
Shuffling Player2&apos;s deck.
copper was drawn from the deck.
hi! gained gardens to top of deck.
</system-out>
  </testcase>
  <testcase classname="RegressionTest" name="test111" time="0">
    <failure type="java.lang.AssertionError">java.lang.AssertionError
	at org.junit.Assert.fail(Assert.java:86)
	at org.junit.Assert.assertTrue(Assert.java:41)
	at org.junit.Assert.assertTrue(Assert.java:52)
	at RegressionTest.test111(RegressionTest.java:7007)
	at sun.reflect.NativeMethodAccessorImpl.invoke0(Native Method)
	at sun.reflect.NativeMethodAccessorImpl.invoke(NativeMethodAccessorImpl.java:62)
	at sun.reflect.DelegatingMethodAccessorImpl.invoke(DelegatingMethodAccessorImpl.java:43)
	at java.lang.reflect.Method.invoke(Method.java:498)
	at org.junit.runners.model.FrameworkMethod$1.runReflectiveCall(FrameworkMethod.java:47)
	at org.junit.internal.runners.model.ReflectiveCallable.run(ReflectiveCallable.java:12)
	at org.junit.runners.model.FrameworkMethod.invokeExplosively(FrameworkMethod.java:44)
	at org.junit.internal.runners.statements.InvokeMethod.evaluate(InvokeMethod.java:17)
	at org.junit.runners.ParentRunner.runLeaf(ParentRunner.java:271)
	at org.junit.runners.BlockJUnit4ClassRunner.runChild(BlockJUnit4ClassRunner.java:70)
	at org.junit.runners.BlockJUnit4ClassRunner.runChild(BlockJUnit4ClassRunner.java:50)
	at org.junit.runners.ParentRunner$3.run(ParentRunner.java:238)
	at org.junit.runners.ParentRunner$1.schedule(ParentRunner.java:63)
	at org.junit.runners.ParentRunner.runChildren(ParentRunner.java:236)
	at org.junit.runners.ParentRunner.access$000(ParentRunner.java:53)
	at org.junit.runners.ParentRunner$2.evaluate(ParentRunner.java:229)
	at org.junit.runners.ParentRunner.run(ParentRunner.java:309)
	at org.apache.maven.surefire.junit4.JUnit4Provider.execute(JUnit4Provider.java:252)
	at org.apache.maven.surefire.junit4.JUnit4Provider.executeTestSet(JUnit4Provider.java:141)
	at org.apache.maven.surefire.junit4.JUnit4Provider.invoke(JUnit4Provider.java:112)
	at sun.reflect.NativeMethodAccessorImpl.invoke0(Native Method)
	at sun.reflect.NativeMethodAccessorImpl.invoke(NativeMethodAccessorImpl.java:62)
	at sun.reflect.DelegatingMethodAccessorImpl.invoke(DelegatingMethodAccessorImpl.java:43)
	at java.lang.reflect.Method.invoke(Method.java:498)
	at org.apache.maven.surefire.util.ReflectionUtils.invokeMethodWithArray(ReflectionUtils.java:189)
	at org.apache.maven.surefire.booter.ProviderFactory$ProviderProxy.invoke(ProviderFactory.java:165)
	at org.apache.maven.surefire.booter.ProviderFactory.invokeProvider(ProviderFactory.java:85)
	at org.apache.maven.surefire.booter.ForkedBooter.runSuitesInProcess(ForkedBooter.java:115)
	at org.apache.maven.surefire.booter.ForkedBooter.main(ForkedBooter.java:75)
</failure>
    <system-out>hi! gained curse
</system-out>
  </testcase>
  <testcase classname="RegressionTest" name="test112" time="0.027"/>
  <testcase classname="RegressionTest" name="test113" time="0.017"/>
  <testcase classname="RegressionTest" name="test114" time="0.008"/>
  <testcase classname="RegressionTest" name="test115" time="0">
    <failure type="java.lang.AssertionError">java.lang.AssertionError
	at org.junit.Assert.fail(Assert.java:86)
	at org.junit.Assert.assertTrue(Assert.java:41)
	at org.junit.Assert.assertTrue(Assert.java:52)
	at RegressionTest.test115(RegressionTest.java:7316)
	at sun.reflect.NativeMethodAccessorImpl.invoke0(Native Method)
	at sun.reflect.NativeMethodAccessorImpl.invoke(NativeMethodAccessorImpl.java:62)
	at sun.reflect.DelegatingMethodAccessorImpl.invoke(DelegatingMethodAccessorImpl.java:43)
	at java.lang.reflect.Method.invoke(Method.java:498)
	at org.junit.runners.model.FrameworkMethod$1.runReflectiveCall(FrameworkMethod.java:47)
	at org.junit.internal.runners.model.ReflectiveCallable.run(ReflectiveCallable.java:12)
	at org.junit.runners.model.FrameworkMethod.invokeExplosively(FrameworkMethod.java:44)
	at org.junit.internal.runners.statements.InvokeMethod.evaluate(InvokeMethod.java:17)
	at org.junit.runners.ParentRunner.runLeaf(ParentRunner.java:271)
	at org.junit.runners.BlockJUnit4ClassRunner.runChild(BlockJUnit4ClassRunner.java:70)
	at org.junit.runners.BlockJUnit4ClassRunner.runChild(BlockJUnit4ClassRunner.java:50)
	at org.junit.runners.ParentRunner$3.run(ParentRunner.java:238)
	at org.junit.runners.ParentRunner$1.schedule(ParentRunner.java:63)
	at org.junit.runners.ParentRunner.runChildren(ParentRunner.java:236)
	at org.junit.runners.ParentRunner.access$000(ParentRunner.java:53)
	at org.junit.runners.ParentRunner$2.evaluate(ParentRunner.java:229)
	at org.junit.runners.ParentRunner.run(ParentRunner.java:309)
	at org.apache.maven.surefire.junit4.JUnit4Provider.execute(JUnit4Provider.java:252)
	at org.apache.maven.surefire.junit4.JUnit4Provider.executeTestSet(JUnit4Provider.java:141)
	at org.apache.maven.surefire.junit4.JUnit4Provider.invoke(JUnit4Provider.java:112)
	at sun.reflect.NativeMethodAccessorImpl.invoke0(Native Method)
	at sun.reflect.NativeMethodAccessorImpl.invoke(NativeMethodAccessorImpl.java:62)
	at sun.reflect.DelegatingMethodAccessorImpl.invoke(DelegatingMethodAccessorImpl.java:43)
	at java.lang.reflect.Method.invoke(Method.java:498)
	at org.apache.maven.surefire.util.ReflectionUtils.invokeMethodWithArray(ReflectionUtils.java:189)
	at org.apache.maven.surefire.booter.ProviderFactory$ProviderProxy.invoke(ProviderFactory.java:165)
	at org.apache.maven.surefire.booter.ProviderFactory.invokeProvider(ProviderFactory.java:85)
	at org.apache.maven.surefire.booter.ForkedBooter.runSuitesInProcess(ForkedBooter.java:115)
	at org.apache.maven.surefire.booter.ForkedBooter.main(ForkedBooter.java:75)
</failure>
  </testcase>
  <testcase classname="RegressionTest" name="test116" time="0.001">
    <failure message="&apos;curse&apos; != &apos;copper&apos;" type="java.lang.AssertionError">java.lang.AssertionError: &apos;curse&apos; != &apos;copper&apos;
	at org.junit.Assert.fail(Assert.java:88)
	at org.junit.Assert.assertTrue(Assert.java:41)
	at RegressionTest.test116(RegressionTest.java:7383)
	at sun.reflect.NativeMethodAccessorImpl.invoke0(Native Method)
	at sun.reflect.NativeMethodAccessorImpl.invoke(NativeMethodAccessorImpl.java:62)
	at sun.reflect.DelegatingMethodAccessorImpl.invoke(DelegatingMethodAccessorImpl.java:43)
	at java.lang.reflect.Method.invoke(Method.java:498)
	at org.junit.runners.model.FrameworkMethod$1.runReflectiveCall(FrameworkMethod.java:47)
	at org.junit.internal.runners.model.ReflectiveCallable.run(ReflectiveCallable.java:12)
	at org.junit.runners.model.FrameworkMethod.invokeExplosively(FrameworkMethod.java:44)
	at org.junit.internal.runners.statements.InvokeMethod.evaluate(InvokeMethod.java:17)
	at org.junit.runners.ParentRunner.runLeaf(ParentRunner.java:271)
	at org.junit.runners.BlockJUnit4ClassRunner.runChild(BlockJUnit4ClassRunner.java:70)
	at org.junit.runners.BlockJUnit4ClassRunner.runChild(BlockJUnit4ClassRunner.java:50)
	at org.junit.runners.ParentRunner$3.run(ParentRunner.java:238)
	at org.junit.runners.ParentRunner$1.schedule(ParentRunner.java:63)
	at org.junit.runners.ParentRunner.runChildren(ParentRunner.java:236)
	at org.junit.runners.ParentRunner.access$000(ParentRunner.java:53)
	at org.junit.runners.ParentRunner$2.evaluate(ParentRunner.java:229)
	at org.junit.runners.ParentRunner.run(ParentRunner.java:309)
	at org.apache.maven.surefire.junit4.JUnit4Provider.execute(JUnit4Provider.java:252)
	at org.apache.maven.surefire.junit4.JUnit4Provider.executeTestSet(JUnit4Provider.java:141)
	at org.apache.maven.surefire.junit4.JUnit4Provider.invoke(JUnit4Provider.java:112)
	at sun.reflect.NativeMethodAccessorImpl.invoke0(Native Method)
	at sun.reflect.NativeMethodAccessorImpl.invoke(NativeMethodAccessorImpl.java:62)
	at sun.reflect.DelegatingMethodAccessorImpl.invoke(DelegatingMethodAccessorImpl.java:43)
	at java.lang.reflect.Method.invoke(Method.java:498)
	at org.apache.maven.surefire.util.ReflectionUtils.invokeMethodWithArray(ReflectionUtils.java:189)
	at org.apache.maven.surefire.booter.ProviderFactory$ProviderProxy.invoke(ProviderFactory.java:165)
	at org.apache.maven.surefire.booter.ProviderFactory.invokeProvider(ProviderFactory.java:85)
	at org.apache.maven.surefire.booter.ForkedBooter.runSuitesInProcess(ForkedBooter.java:115)
	at org.apache.maven.surefire.booter.ForkedBooter.main(ForkedBooter.java:75)
</failure>
  </testcase>
  <testcase classname="RegressionTest" name="test117" time="0.016"/>
  <testcase classname="RegressionTest" name="test118" time="0"/>
  <testcase classname="RegressionTest" name="test119" time="0"/>
  <testcase classname="RegressionTest" name="test120" time="0"/>
  <testcase classname="RegressionTest" name="test121" time="0"/>
  <testcase classname="RegressionTest" name="test122" time="0"/>
  <testcase classname="RegressionTest" name="test123" time="0">
    <failure type="java.lang.AssertionError">java.lang.AssertionError
	at org.junit.Assert.fail(Assert.java:86)
	at org.junit.Assert.assertTrue(Assert.java:41)
	at org.junit.Assert.assertTrue(Assert.java:52)
	at RegressionTest.test123(RegressionTest.java:7766)
	at sun.reflect.NativeMethodAccessorImpl.invoke0(Native Method)
	at sun.reflect.NativeMethodAccessorImpl.invoke(NativeMethodAccessorImpl.java:62)
	at sun.reflect.DelegatingMethodAccessorImpl.invoke(DelegatingMethodAccessorImpl.java:43)
	at java.lang.reflect.Method.invoke(Method.java:498)
	at org.junit.runners.model.FrameworkMethod$1.runReflectiveCall(FrameworkMethod.java:47)
	at org.junit.internal.runners.model.ReflectiveCallable.run(ReflectiveCallable.java:12)
	at org.junit.runners.model.FrameworkMethod.invokeExplosively(FrameworkMethod.java:44)
	at org.junit.internal.runners.statements.InvokeMethod.evaluate(InvokeMethod.java:17)
	at org.junit.runners.ParentRunner.runLeaf(ParentRunner.java:271)
	at org.junit.runners.BlockJUnit4ClassRunner.runChild(BlockJUnit4ClassRunner.java:70)
	at org.junit.runners.BlockJUnit4ClassRunner.runChild(BlockJUnit4ClassRunner.java:50)
	at org.junit.runners.ParentRunner$3.run(ParentRunner.java:238)
	at org.junit.runners.ParentRunner$1.schedule(ParentRunner.java:63)
	at org.junit.runners.ParentRunner.runChildren(ParentRunner.java:236)
	at org.junit.runners.ParentRunner.access$000(ParentRunner.java:53)
	at org.junit.runners.ParentRunner$2.evaluate(ParentRunner.java:229)
	at org.junit.runners.ParentRunner.run(ParentRunner.java:309)
	at org.apache.maven.surefire.junit4.JUnit4Provider.execute(JUnit4Provider.java:252)
	at org.apache.maven.surefire.junit4.JUnit4Provider.executeTestSet(JUnit4Provider.java:141)
	at org.apache.maven.surefire.junit4.JUnit4Provider.invoke(JUnit4Provider.java:112)
	at sun.reflect.NativeMethodAccessorImpl.invoke0(Native Method)
	at sun.reflect.NativeMethodAccessorImpl.invoke(NativeMethodAccessorImpl.java:62)
	at sun.reflect.DelegatingMethodAccessorImpl.invoke(DelegatingMethodAccessorImpl.java:43)
	at java.lang.reflect.Method.invoke(Method.java:498)
	at org.apache.maven.surefire.util.ReflectionUtils.invokeMethodWithArray(ReflectionUtils.java:189)
	at org.apache.maven.surefire.booter.ProviderFactory$ProviderProxy.invoke(ProviderFactory.java:165)
	at org.apache.maven.surefire.booter.ProviderFactory.invokeProvider(ProviderFactory.java:85)
	at org.apache.maven.surefire.booter.ForkedBooter.runSuitesInProcess(ForkedBooter.java:115)
	at org.apache.maven.surefire.booter.ForkedBooter.main(ForkedBooter.java:75)
</failure>
  </testcase>
  <testcase classname="RegressionTest" name="test124" time="0.01">
    <failure type="java.lang.AssertionError">java.lang.AssertionError
	at org.junit.Assert.fail(Assert.java:86)
	at org.junit.Assert.assertTrue(Assert.java:41)
	at org.junit.Assert.assertTrue(Assert.java:52)
	at RegressionTest.test124(RegressionTest.java:7836)
	at sun.reflect.NativeMethodAccessorImpl.invoke0(Native Method)
	at sun.reflect.NativeMethodAccessorImpl.invoke(NativeMethodAccessorImpl.java:62)
	at sun.reflect.DelegatingMethodAccessorImpl.invoke(DelegatingMethodAccessorImpl.java:43)
	at java.lang.reflect.Method.invoke(Method.java:498)
	at org.junit.runners.model.FrameworkMethod$1.runReflectiveCall(FrameworkMethod.java:47)
	at org.junit.internal.runners.model.ReflectiveCallable.run(ReflectiveCallable.java:12)
	at org.junit.runners.model.FrameworkMethod.invokeExplosively(FrameworkMethod.java:44)
	at org.junit.internal.runners.statements.InvokeMethod.evaluate(InvokeMethod.java:17)
	at org.junit.runners.ParentRunner.runLeaf(ParentRunner.java:271)
	at org.junit.runners.BlockJUnit4ClassRunner.runChild(BlockJUnit4ClassRunner.java:70)
	at org.junit.runners.BlockJUnit4ClassRunner.runChild(BlockJUnit4ClassRunner.java:50)
	at org.junit.runners.ParentRunner$3.run(ParentRunner.java:238)
	at org.junit.runners.ParentRunner$1.schedule(ParentRunner.java:63)
	at org.junit.runners.ParentRunner.runChildren(ParentRunner.java:236)
	at org.junit.runners.ParentRunner.access$000(ParentRunner.java:53)
	at org.junit.runners.ParentRunner$2.evaluate(ParentRunner.java:229)
	at org.junit.runners.ParentRunner.run(ParentRunner.java:309)
	at org.apache.maven.surefire.junit4.JUnit4Provider.execute(JUnit4Provider.java:252)
	at org.apache.maven.surefire.junit4.JUnit4Provider.executeTestSet(JUnit4Provider.java:141)
	at org.apache.maven.surefire.junit4.JUnit4Provider.invoke(JUnit4Provider.java:112)
	at sun.reflect.NativeMethodAccessorImpl.invoke0(Native Method)
	at sun.reflect.NativeMethodAccessorImpl.invoke(NativeMethodAccessorImpl.java:62)
	at sun.reflect.DelegatingMethodAccessorImpl.invoke(DelegatingMethodAccessorImpl.java:43)
	at java.lang.reflect.Method.invoke(Method.java:498)
	at org.apache.maven.surefire.util.ReflectionUtils.invokeMethodWithArray(ReflectionUtils.java:189)
	at org.apache.maven.surefire.booter.ProviderFactory$ProviderProxy.invoke(ProviderFactory.java:165)
	at org.apache.maven.surefire.booter.ProviderFactory.invokeProvider(ProviderFactory.java:85)
	at org.apache.maven.surefire.booter.ForkedBooter.runSuitesInProcess(ForkedBooter.java:115)
	at org.apache.maven.surefire.booter.ForkedBooter.main(ForkedBooter.java:75)
</failure>
    <system-out>
STARTING NEW GAME!

Player1 is now starting a turn.
Shuffling Player1&apos;s deck.
copper was drawn from the deck.
copper was drawn from the deck.
estate was drawn from the deck.
copper was drawn from the deck.
estate was drawn from the deck.
Player1 gained curse card because of embargo token.
Player1 gained curse
Player1 gained curse card because of embargo token.
Player1 gained curse
Player1 bought duchy

Player2 is now starting a turn.
Shuffling Player2&apos;s deck.
copper was drawn from the deck.
copper was drawn from the deck.
estate was drawn from the deck.
copper was drawn from the deck.
copper was drawn from the deck.
Player2 gained curse card because of embargo token.
Player2 gained curse
Player2 gained curse card because of embargo token.
Player2 gained curse
Player2 bought duchy

Player1 is now starting a turn.
copper was drawn from the deck.
estate was drawn from the deck.
copper was drawn from the deck.
copper was drawn from the deck.
copper was drawn from the deck.
Player1 gained curse card because of embargo token.
Player1 gained curse
Player1 bought mine

Player2 is now starting a turn.
copper was drawn from the deck.
copper was drawn from the deck.
estate was drawn from the deck.
estate was drawn from the deck.
copper was drawn from the deck.
Player2 gained curse card because of embargo token.
Player2 gained curse
Player2 bought mine

Player1 is now starting a turn.
Shuffling Player1&apos;s deck.
copper was drawn from the deck.
copper was drawn from the deck.
copper was drawn from the deck.
copper was drawn from the deck.
mine was drawn from the deck.
Playing action card: mine
Player1 gained gold
Player1 bought adventurer

Player2 is now starting a turn.
Shuffling Player2&apos;s deck.
copper was drawn from the deck.
copper was drawn from the deck.
copper was drawn from the deck.
curse was drawn from the deck.
estate was drawn from the deck.
Player2 bought seahag

Player1 is now starting a turn.
copper was drawn from the deck.
curse was drawn from the deck.
curse was drawn from the deck.
copper was drawn from the deck.
copper was drawn from the deck.
Player1 gained curse card because of embargo token.
Player1 gained curse
Player1 gained curse card because of embargo token.
Player1 gained curse
Player1 bought silver

Player2 is now starting a turn.
copper was drawn from the deck.
estate was drawn from the deck.
estate was drawn from the deck.
curse was drawn from the deck.
curse was drawn from the deck.
Player2 bought ambassador

Player1 is now starting a turn.
duchy was drawn from the deck.
curse was drawn from the deck.
estate was drawn from the deck.
estate was drawn from the deck.
estate was drawn from the deck.
Player1 gained curse card because of embargo token.
Player1 gained curse
Player1 gained curse card because of embargo token.
Player1 gained curse
Player1 bought village

Player2 is now starting a turn.
mine was drawn from the deck.
copper was drawn from the deck.
duchy was drawn from the deck.
copper was drawn from the deck.
copper was drawn from the deck.
Playing action card: mine
Player2 gained gold
Player2 bought adventurer

Player1 is now starting a turn.
Shuffling Player1&apos;s deck.
estate was drawn from the deck.
gold was drawn from the deck.
duchy was drawn from the deck.
curse was drawn from the deck.
copper was drawn from the deck.
Player1 bought mine

Player2 is now starting a turn.
Shuffling Player2&apos;s deck.
curse was drawn from the deck.
copper was drawn from the deck.
seahag was drawn from the deck.
copper was drawn from the deck.
estate was drawn from the deck.
Playing action card: seahag
estate was drawn from the deck.
Player1 discarded estate
Player1 gained curse to top of deck.
Player2 bought great_hall

Player1 is now starting a turn.
curse was drawn from the deck.
copper was drawn from the deck.
estate was drawn from the deck.
curse was drawn from the deck.
copper was drawn from the deck.
Player1 bought great_hall

Player2 is now starting a turn.
curse was drawn from the deck.
ambassador was drawn from the deck.
copper was drawn from the deck.
copper was drawn from the deck.
copper was drawn from the deck.
Playing action card: ambassador
Player2 returned 2 copies of copper
Player1 gained copper
Player2 bought copper

Player1 is now starting a turn.
copper was drawn from the deck.
copper was drawn from the deck.
curse was drawn from the deck.
curse was drawn from the deck.
copper was drawn from the deck.
Player1 bought silver

Player2 is now starting a turn.
estate was drawn from the deck.
copper was drawn from the deck.
duchy was drawn from the deck.
mine was drawn from the deck.
estate was drawn from the deck.
Playing action card: mine
Player2 gained gold
Player2 bought adventurer

Player1 is now starting a turn.
copper was drawn from the deck.
curse was drawn from the deck.
silver was drawn from the deck.
village was drawn from the deck.
mine was drawn from the deck.
Playing action card: village
adventurer was drawn from the deck.
Playing action card: adventurer
curse was drawn from the deck.
Player1 discarded curse
curse was drawn from the deck.
Player1 discarded curse
Playing action card: mine
Player1 gained gold
Player1 bought adventurer

Player2 is now starting a turn.
gold was drawn from the deck.
curse was drawn from the deck.
adventurer was drawn from the deck.
copper was drawn from the deck.
Shuffling Player2&apos;s deck.
copper was drawn from the deck.
Playing action card: adventurer
copper was drawn from the deck.
curse was drawn from the deck.
Player2 discarded curse
ambassador was drawn from the deck.
Player2 discarded ambassador
duchy was drawn from the deck.
Player2 discarded duchy
mine was drawn from the deck.
Player2 discarded mine
curse was drawn from the deck.
Player2 discarded curse
adventurer was drawn from the deck.
Player2 discarded adventurer
estate was drawn from the deck.
Player2 discarded estate
seahag was drawn from the deck.
Player2 discarded seahag
copper was drawn from the deck.
Player2 bought gold

Player1 is now starting a turn.
Shuffling Player1&apos;s deck.
curse was drawn from the deck.
adventurer was drawn from the deck.
adventurer was drawn from the deck.
duchy was drawn from the deck.
copper was drawn from the deck.
Playing action card: adventurer
mine was drawn from the deck.
Player1 discarded mine
estate was drawn from the deck.
Player1 discarded estate
curse was drawn from the deck.
Player1 discarded curse
curse was drawn from the deck.
Player1 discarded curse
estate was drawn from the deck.
Player1 discarded estate
copper was drawn from the deck.
copper was drawn from the deck.
Player1 bought village

Player2 is now starting a turn.
copper was drawn from the deck.
gold was drawn from the deck.
estate was drawn from the deck.
estate was drawn from the deck.
copper was drawn from the deck.
Player2 bought gold

Player1 is now starting a turn.
estate was drawn from the deck.
great_hall was drawn from the deck.
silver was drawn from the deck.
curse was drawn from the deck.
curse was drawn from the deck.
Playing action card: great_hall
gold was drawn from the deck.
Player1 bought adventurer

Player2 is now starting a turn.
great_hall was drawn from the deck.
Shuffling Player2&apos;s deck.
mine was drawn from the deck.
copper was drawn from the deck.
duchy was drawn from the deck.
copper was drawn from the deck.
Playing action card: great_hall
copper was drawn from the deck.
Playing action card: mine
Player2 gained gold
Player2 bought gold

Player1 is now starting a turn.
copper was drawn from the deck.
gold was drawn from the deck.
curse was drawn from the deck.
mine was drawn from the deck.
silver was drawn from the deck.
Playing action card: mine
Player1 gained gold
Player1 bought province

Player2 is now starting a turn.
estate was drawn from the deck.
seahag was drawn from the deck.
adventurer was drawn from the deck.
gold was drawn from the deck.
estate was drawn from the deck.
Playing action card: seahag
copper was drawn from the deck.
Player1 discarded copper
Player1 gained curse to top of deck.
Player2 bought duchy

Player1 is now starting a turn.
curse was drawn from the deck.
copper was drawn from the deck.
copper was drawn from the deck.
curse was drawn from the deck.
curse was drawn from the deck.
Player1 bought estate

Player2 is now starting a turn.
estate was drawn from the deck.
curse was drawn from the deck.
gold was drawn from the deck.
copper was drawn from the deck.
gold was drawn from the deck.
Player2 bought province

Player1 is now starting a turn.
village was drawn from the deck.
copper was drawn from the deck.
Shuffling Player1&apos;s deck.
gold was drawn from the deck.
copper was drawn from the deck.
curse was drawn from the deck.
Playing action card: village
mine was drawn from the deck.
Playing action card: mine
Player1 gained gold
Player1 bought province

Player2 is now starting a turn.
curse was drawn from the deck.
copper was drawn from the deck.
adventurer was drawn from the deck.
ambassador was drawn from the deck.
copper was drawn from the deck.
Playing action card: adventurer
curse was drawn from the deck.
Player2 discarded curse
gold was drawn from the deck.
Player2 bought mine

Player1 is now starting a turn.
estate was drawn from the deck.
curse was drawn from the deck.
copper was drawn from the deck.
silver was drawn from the deck.
gold was drawn from the deck.
Player1 bought gold

Player2 is now starting a turn.
Shuffling Player2&apos;s deck.
adventurer was drawn from the deck.
adventurer was drawn from the deck.
copper was drawn from the deck.
gold was drawn from the deck.
copper was drawn from the deck.
Playing action card: adventurer
estate was drawn from the deck.
Player2 discarded estate
estate was drawn from the deck.
Player2 discarded estate
copper was drawn from the deck.
mine was drawn from the deck.
Player2 discarded mine
seahag was drawn from the deck.
Player2 discarded seahag
gold was drawn from the deck.
Player2 bought province

Player1 is now starting a turn.
copper was drawn from the deck.
estate was drawn from the deck.
silver was drawn from the deck.
curse was drawn from the deck.
mine was drawn from the deck.
Playing action card: mine
Player1 gained gold
Player1 bought gold

Player2 is now starting a turn.
curse was drawn from the deck.
mine was drawn from the deck.
copper was drawn from the deck.
gold was drawn from the deck.
gold was drawn from the deck.
Playing action card: mine
Player2 gained gold
Player2 bought province

Player1 is now starting a turn.
curse was drawn from the deck.
duchy was drawn from the deck.
gold was drawn from the deck.
copper was drawn from the deck.
curse was drawn from the deck.
Player1 bought gardens

Player2 is now starting a turn.
copper was drawn from the deck.
gold was drawn from the deck.
gold was drawn from the deck.
curse was drawn from the deck.
great_hall was drawn from the deck.
Playing action card: great_hall
province was drawn from the deck.
Player2 bought adventurer

Player1 is now starting a turn.
curse was drawn from the deck.
estate was drawn from the deck.
copper was drawn from the deck.
great_hall was drawn from the deck.
province was drawn from the deck.
Playing action card: great_hall
copper was drawn from the deck.
Player1 bought great_hall

Player2 is now starting a turn.
duchy was drawn from the deck.
ambassador was drawn from the deck.
copper was drawn from the deck.
curse was drawn from the deck.
duchy was drawn from the deck.
Playing action card: ambassador
Player2 returned 0 copies of curse
Player2 bought copper

Player1 is now starting a turn.
adventurer was drawn from the deck.
curse was drawn from the deck.
copper was drawn from the deck.
adventurer was drawn from the deck.
adventurer was drawn from the deck.
Playing action card: adventurer
curse was drawn from the deck.
Player1 discarded curse
curse was drawn from the deck.
Player1 discarded curse
village was drawn from the deck.
Player1 discarded village
estate was drawn from the deck.
Player1 discarded estate
Player1 bought copper

Player2 is now starting a turn.
estate was drawn from the deck.
Shuffling Player2&apos;s deck.
gold was drawn from the deck.
copper was drawn from the deck.
copper was drawn from the deck.
gold was drawn from the deck.
Player2 bought province

Player1 is now starting a turn.
Shuffling Player1&apos;s deck.
copper was drawn from the deck.
estate was drawn from the deck.
gold was drawn from the deck.
gold was drawn from the deck.
copper was drawn from the deck.
Player1 bought province

Player2 is now starting a turn.
mine was drawn from the deck.
adventurer was drawn from the deck.
copper was drawn from the deck.
estate was drawn from the deck.
curse was drawn from the deck.
Playing action card: mine
Player2 gained gold
Player2 bought duchy

Player1 is now starting a turn.
copper was drawn from the deck.
village was drawn from the deck.
great_hall was drawn from the deck.
silver was drawn from the deck.
copper was drawn from the deck.
Playing action card: village
estate was drawn from the deck.
Playing action card: great_hall
silver was drawn from the deck.
Player1 bought gold

Player2 is now starting a turn.
curse was drawn from the deck.
gold was drawn from the deck.
copper was drawn from the deck.
copper was drawn from the deck.
gold was drawn from the deck.
Player2 bought province
GAME OVER! Province card pile is empty. 
Player1: 1104
Player2: 534
Player1: 1104
Player2: 534
province was drawn from the deck.
Player2 discarded province
Player2 gained curse to top of deck.
curse was drawn from the deck.
Player2 discarded curse
Player2 gained curse to top of deck.
hi! gained smithy
</system-out>
  </testcase>
  <testcase classname="RegressionTest" name="test125" time="0"/>
  <testcase classname="RegressionTest" name="test126" time="0.009">
    <failure message="&apos;curse&apos; != &apos;copper&apos;" type="java.lang.AssertionError">java.lang.AssertionError: &apos;curse&apos; != &apos;copper&apos;
	at org.junit.Assert.fail(Assert.java:88)
	at org.junit.Assert.assertTrue(Assert.java:41)
	at RegressionTest.test126(RegressionTest.java:7970)
	at sun.reflect.NativeMethodAccessorImpl.invoke0(Native Method)
	at sun.reflect.NativeMethodAccessorImpl.invoke(NativeMethodAccessorImpl.java:62)
	at sun.reflect.DelegatingMethodAccessorImpl.invoke(DelegatingMethodAccessorImpl.java:43)
	at java.lang.reflect.Method.invoke(Method.java:498)
	at org.junit.runners.model.FrameworkMethod$1.runReflectiveCall(FrameworkMethod.java:47)
	at org.junit.internal.runners.model.ReflectiveCallable.run(ReflectiveCallable.java:12)
	at org.junit.runners.model.FrameworkMethod.invokeExplosively(FrameworkMethod.java:44)
	at org.junit.internal.runners.statements.InvokeMethod.evaluate(InvokeMethod.java:17)
	at org.junit.runners.ParentRunner.runLeaf(ParentRunner.java:271)
	at org.junit.runners.BlockJUnit4ClassRunner.runChild(BlockJUnit4ClassRunner.java:70)
	at org.junit.runners.BlockJUnit4ClassRunner.runChild(BlockJUnit4ClassRunner.java:50)
	at org.junit.runners.ParentRunner$3.run(ParentRunner.java:238)
	at org.junit.runners.ParentRunner$1.schedule(ParentRunner.java:63)
	at org.junit.runners.ParentRunner.runChildren(ParentRunner.java:236)
	at org.junit.runners.ParentRunner.access$000(ParentRunner.java:53)
	at org.junit.runners.ParentRunner$2.evaluate(ParentRunner.java:229)
	at org.junit.runners.ParentRunner.run(ParentRunner.java:309)
	at org.apache.maven.surefire.junit4.JUnit4Provider.execute(JUnit4Provider.java:252)
	at org.apache.maven.surefire.junit4.JUnit4Provider.executeTestSet(JUnit4Provider.java:141)
	at org.apache.maven.surefire.junit4.JUnit4Provider.invoke(JUnit4Provider.java:112)
	at sun.reflect.NativeMethodAccessorImpl.invoke0(Native Method)
	at sun.reflect.NativeMethodAccessorImpl.invoke(NativeMethodAccessorImpl.java:62)
	at sun.reflect.DelegatingMethodAccessorImpl.invoke(DelegatingMethodAccessorImpl.java:43)
	at java.lang.reflect.Method.invoke(Method.java:498)
	at org.apache.maven.surefire.util.ReflectionUtils.invokeMethodWithArray(ReflectionUtils.java:189)
	at org.apache.maven.surefire.booter.ProviderFactory$ProviderProxy.invoke(ProviderFactory.java:165)
	at org.apache.maven.surefire.booter.ProviderFactory.invokeProvider(ProviderFactory.java:85)
	at org.apache.maven.surefire.booter.ForkedBooter.runSuitesInProcess(ForkedBooter.java:115)
	at org.apache.maven.surefire.booter.ForkedBooter.main(ForkedBooter.java:75)
</failure>
    <system-out>
STARTING NEW GAME!

Player1 is now starting a turn.
Shuffling Player1&apos;s deck.
copper was drawn from the deck.
copper was drawn from the deck.
estate was drawn from the deck.
copper was drawn from the deck.
estate was drawn from the deck.
Player1 gained curse card because of embargo token.
Player1 gained curse
Player1 gained curse card because of embargo token.
Player1 gained curse
Player1 bought duchy

Player2 is now starting a turn.
Shuffling Player2&apos;s deck.
copper was drawn from the deck.
copper was drawn from the deck.
estate was drawn from the deck.
copper was drawn from the deck.
copper was drawn from the deck.
Player2 gained curse card because of embargo token.
Player2 gained curse
Player2 gained curse card because of embargo token.
Player2 gained curse
Player2 bought duchy

Player1 is now starting a turn.
copper was drawn from the deck.
estate was drawn from the deck.
copper was drawn from the deck.
copper was drawn from the deck.
copper was drawn from the deck.
Player1 gained curse card because of embargo token.
Player1 gained curse
Player1 bought mine

Player2 is now starting a turn.
copper was drawn from the deck.
copper was drawn from the deck.
estate was drawn from the deck.
estate was drawn from the deck.
copper was drawn from the deck.
Player2 gained curse card because of embargo token.
Player2 gained curse
Player2 bought mine

Player1 is now starting a turn.
Shuffling Player1&apos;s deck.
copper was drawn from the deck.
copper was drawn from the deck.
copper was drawn from the deck.
copper was drawn from the deck.
mine was drawn from the deck.
Playing action card: mine
Player1 gained gold
Player1 bought adventurer

Player2 is now starting a turn.
Shuffling Player2&apos;s deck.
copper was drawn from the deck.
copper was drawn from the deck.
copper was drawn from the deck.
curse was drawn from the deck.
estate was drawn from the deck.
Player2 bought seahag

Player1 is now starting a turn.
copper was drawn from the deck.
curse was drawn from the deck.
curse was drawn from the deck.
copper was drawn from the deck.
copper was drawn from the deck.
Player1 gained curse card because of embargo token.
Player1 gained curse
Player1 gained curse card because of embargo token.
Player1 gained curse
Player1 bought silver

Player2 is now starting a turn.
copper was drawn from the deck.
estate was drawn from the deck.
estate was drawn from the deck.
curse was drawn from the deck.
curse was drawn from the deck.
Player2 bought ambassador

Player1 is now starting a turn.
duchy was drawn from the deck.
curse was drawn from the deck.
estate was drawn from the deck.
estate was drawn from the deck.
estate was drawn from the deck.
Player1 gained curse card because of embargo token.
Player1 gained curse
Player1 gained curse card because of embargo token.
Player1 gained curse
Player1 bought village

Player2 is now starting a turn.
mine was drawn from the deck.
copper was drawn from the deck.
duchy was drawn from the deck.
copper was drawn from the deck.
copper was drawn from the deck.
Playing action card: mine
Player2 gained gold
Player2 bought adventurer

Player1 is now starting a turn.
Shuffling Player1&apos;s deck.
estate was drawn from the deck.
gold was drawn from the deck.
duchy was drawn from the deck.
curse was drawn from the deck.
copper was drawn from the deck.
Player1 bought mine

Player2 is now starting a turn.
Shuffling Player2&apos;s deck.
curse was drawn from the deck.
copper was drawn from the deck.
seahag was drawn from the deck.
copper was drawn from the deck.
estate was drawn from the deck.
Playing action card: seahag
estate was drawn from the deck.
Player1 discarded estate
Player1 gained curse to top of deck.
Player2 bought great_hall

Player1 is now starting a turn.
curse was drawn from the deck.
copper was drawn from the deck.
estate was drawn from the deck.
curse was drawn from the deck.
copper was drawn from the deck.
Player1 bought great_hall

Player2 is now starting a turn.
curse was drawn from the deck.
ambassador was drawn from the deck.
copper was drawn from the deck.
copper was drawn from the deck.
copper was drawn from the deck.
Playing action card: ambassador
Player2 returned 2 copies of copper
Player1 gained copper
Player2 bought copper

Player1 is now starting a turn.
copper was drawn from the deck.
copper was drawn from the deck.
curse was drawn from the deck.
curse was drawn from the deck.
copper was drawn from the deck.
Player1 bought silver

Player2 is now starting a turn.
estate was drawn from the deck.
copper was drawn from the deck.
duchy was drawn from the deck.
mine was drawn from the deck.
estate was drawn from the deck.
Playing action card: mine
Player2 gained gold
Player2 bought adventurer

Player1 is now starting a turn.
copper was drawn from the deck.
curse was drawn from the deck.
silver was drawn from the deck.
village was drawn from the deck.
mine was drawn from the deck.
Playing action card: village
adventurer was drawn from the deck.
Playing action card: adventurer
curse was drawn from the deck.
Player1 discarded curse
curse was drawn from the deck.
Player1 discarded curse
Playing action card: mine
Player1 gained gold
Player1 bought adventurer

Player2 is now starting a turn.
gold was drawn from the deck.
curse was drawn from the deck.
adventurer was drawn from the deck.
copper was drawn from the deck.
Shuffling Player2&apos;s deck.
copper was drawn from the deck.
Playing action card: adventurer
copper was drawn from the deck.
curse was drawn from the deck.
Player2 discarded curse
ambassador was drawn from the deck.
Player2 discarded ambassador
duchy was drawn from the deck.
Player2 discarded duchy
mine was drawn from the deck.
Player2 discarded mine
curse was drawn from the deck.
Player2 discarded curse
adventurer was drawn from the deck.
Player2 discarded adventurer
estate was drawn from the deck.
Player2 discarded estate
seahag was drawn from the deck.
Player2 discarded seahag
copper was drawn from the deck.
Player2 bought gold

Player1 is now starting a turn.
Shuffling Player1&apos;s deck.
curse was drawn from the deck.
adventurer was drawn from the deck.
adventurer was drawn from the deck.
duchy was drawn from the deck.
copper was drawn from the deck.
Playing action card: adventurer
mine was drawn from the deck.
Player1 discarded mine
estate was drawn from the deck.
Player1 discarded estate
curse was drawn from the deck.
Player1 discarded curse
curse was drawn from the deck.
Player1 discarded curse
estate was drawn from the deck.
Player1 discarded estate
copper was drawn from the deck.
copper was drawn from the deck.
Player1 bought village

Player2 is now starting a turn.
copper was drawn from the deck.
gold was drawn from the deck.
estate was drawn from the deck.
estate was drawn from the deck.
copper was drawn from the deck.
Player2 bought gold

Player1 is now starting a turn.
estate was drawn from the deck.
great_hall was drawn from the deck.
silver was drawn from the deck.
curse was drawn from the deck.
curse was drawn from the deck.
Playing action card: great_hall
gold was drawn from the deck.
Player1 bought adventurer

Player2 is now starting a turn.
great_hall was drawn from the deck.
Shuffling Player2&apos;s deck.
mine was drawn from the deck.
copper was drawn from the deck.
duchy was drawn from the deck.
copper was drawn from the deck.
Playing action card: great_hall
copper was drawn from the deck.
Playing action card: mine
Player2 gained gold
Player2 bought gold

Player1 is now starting a turn.
copper was drawn from the deck.
gold was drawn from the deck.
curse was drawn from the deck.
mine was drawn from the deck.
silver was drawn from the deck.
Playing action card: mine
Player1 gained gold
Player1 bought province

Player2 is now starting a turn.
estate was drawn from the deck.
seahag was drawn from the deck.
adventurer was drawn from the deck.
gold was drawn from the deck.
estate was drawn from the deck.
Playing action card: seahag
copper was drawn from the deck.
Player1 discarded copper
Player1 gained curse to top of deck.
Player2 bought duchy

Player1 is now starting a turn.
curse was drawn from the deck.
copper was drawn from the deck.
copper was drawn from the deck.
curse was drawn from the deck.
curse was drawn from the deck.
Player1 bought estate

Player2 is now starting a turn.
estate was drawn from the deck.
curse was drawn from the deck.
gold was drawn from the deck.
copper was drawn from the deck.
gold was drawn from the deck.
Player2 bought province

Player1 is now starting a turn.
village was drawn from the deck.
copper was drawn from the deck.
Shuffling Player1&apos;s deck.
gold was drawn from the deck.
copper was drawn from the deck.
curse was drawn from the deck.
Playing action card: village
mine was drawn from the deck.
Playing action card: mine
Player1 gained gold
Player1 bought province

Player2 is now starting a turn.
curse was drawn from the deck.
copper was drawn from the deck.
adventurer was drawn from the deck.
ambassador was drawn from the deck.
copper was drawn from the deck.
Playing action card: adventurer
curse was drawn from the deck.
Player2 discarded curse
gold was drawn from the deck.
Player2 bought mine

Player1 is now starting a turn.
estate was drawn from the deck.
curse was drawn from the deck.
copper was drawn from the deck.
silver was drawn from the deck.
gold was drawn from the deck.
Player1 bought gold

Player2 is now starting a turn.
Shuffling Player2&apos;s deck.
adventurer was drawn from the deck.
adventurer was drawn from the deck.
copper was drawn from the deck.
gold was drawn from the deck.
copper was drawn from the deck.
Playing action card: adventurer
estate was drawn from the deck.
Player2 discarded estate
estate was drawn from the deck.
Player2 discarded estate
copper was drawn from the deck.
mine was drawn from the deck.
Player2 discarded mine
seahag was drawn from the deck.
Player2 discarded seahag
gold was drawn from the deck.
Player2 bought province

Player1 is now starting a turn.
copper was drawn from the deck.
estate was drawn from the deck.
silver was drawn from the deck.
curse was drawn from the deck.
mine was drawn from the deck.
Playing action card: mine
Player1 gained gold
Player1 bought gold

Player2 is now starting a turn.
curse was drawn from the deck.
mine was drawn from the deck.
copper was drawn from the deck.
gold was drawn from the deck.
gold was drawn from the deck.
Playing action card: mine
Player2 gained gold
Player2 bought province

Player1 is now starting a turn.
curse was drawn from the deck.
duchy was drawn from the deck.
gold was drawn from the deck.
copper was drawn from the deck.
curse was drawn from the deck.
Player1 bought gardens

Player2 is now starting a turn.
copper was drawn from the deck.
gold was drawn from the deck.
gold was drawn from the deck.
curse was drawn from the deck.
great_hall was drawn from the deck.
Playing action card: great_hall
province was drawn from the deck.
Player2 bought adventurer

Player1 is now starting a turn.
curse was drawn from the deck.
estate was drawn from the deck.
copper was drawn from the deck.
great_hall was drawn from the deck.
province was drawn from the deck.
Playing action card: great_hall
copper was drawn from the deck.
Player1 bought great_hall

Player2 is now starting a turn.
duchy was drawn from the deck.
ambassador was drawn from the deck.
copper was drawn from the deck.
curse was drawn from the deck.
duchy was drawn from the deck.
Playing action card: ambassador
Player2 returned 0 copies of curse
Player2 bought copper

Player1 is now starting a turn.
adventurer was drawn from the deck.
curse was drawn from the deck.
copper was drawn from the deck.
adventurer was drawn from the deck.
adventurer was drawn from the deck.
Playing action card: adventurer
curse was drawn from the deck.
Player1 discarded curse
curse was drawn from the deck.
Player1 discarded curse
village was drawn from the deck.
Player1 discarded village
estate was drawn from the deck.
Player1 discarded estate
Player1 bought copper

Player2 is now starting a turn.
estate was drawn from the deck.
Shuffling Player2&apos;s deck.
gold was drawn from the deck.
copper was drawn from the deck.
copper was drawn from the deck.
gold was drawn from the deck.
Player2 bought province

Player1 is now starting a turn.
Shuffling Player1&apos;s deck.
copper was drawn from the deck.
estate was drawn from the deck.
gold was drawn from the deck.
gold was drawn from the deck.
copper was drawn from the deck.
Player1 bought province

Player2 is now starting a turn.
mine was drawn from the deck.
adventurer was drawn from the deck.
copper was drawn from the deck.
estate was drawn from the deck.
curse was drawn from the deck.
Playing action card: mine
Player2 gained gold
Player2 bought duchy

Player1 is now starting a turn.
copper was drawn from the deck.
village was drawn from the deck.
great_hall was drawn from the deck.
silver was drawn from the deck.
copper was drawn from the deck.
Playing action card: village
estate was drawn from the deck.
Playing action card: great_hall
silver was drawn from the deck.
Player1 bought gold

Player2 is now starting a turn.
curse was drawn from the deck.
gold was drawn from the deck.
copper was drawn from the deck.
copper was drawn from the deck.
gold was drawn from the deck.
Player2 bought province
GAME OVER! Province card pile is empty. 
Player1: 1104
Player2: 534
province was drawn from the deck.
</system-out>
  </testcase>
  <testcase classname="RegressionTest" name="test127" time="0"/>
  <testcase classname="RegressionTest" name="test128" time="0"/>
  <testcase classname="RegressionTest" name="test129" time="0"/>
  <testcase classname="RegressionTest" name="test130" time="0"/>
  <testcase classname="RegressionTest" name="test131" time="0"/>
  <testcase classname="RegressionTest" name="test132" time="0.01"/>
  <testcase classname="RegressionTest" name="test133" time="0"/>
  <testcase classname="RegressionTest" name="test134" time="0.014"/>
  <testcase classname="RegressionTest" name="test135" time="0"/>
  <testcase classname="RegressionTest" name="test136" time="0.013">
    <failure type="java.lang.AssertionError">java.lang.AssertionError
	at org.junit.Assert.fail(Assert.java:86)
	at org.junit.Assert.assertTrue(Assert.java:41)
	at org.junit.Assert.assertTrue(Assert.java:52)
	at RegressionTest.test136(RegressionTest.java:8478)
	at sun.reflect.NativeMethodAccessorImpl.invoke0(Native Method)
	at sun.reflect.NativeMethodAccessorImpl.invoke(NativeMethodAccessorImpl.java:62)
	at sun.reflect.DelegatingMethodAccessorImpl.invoke(DelegatingMethodAccessorImpl.java:43)
	at java.lang.reflect.Method.invoke(Method.java:498)
	at org.junit.runners.model.FrameworkMethod$1.runReflectiveCall(FrameworkMethod.java:47)
	at org.junit.internal.runners.model.ReflectiveCallable.run(ReflectiveCallable.java:12)
	at org.junit.runners.model.FrameworkMethod.invokeExplosively(FrameworkMethod.java:44)
	at org.junit.internal.runners.statements.InvokeMethod.evaluate(InvokeMethod.java:17)
	at org.junit.runners.ParentRunner.runLeaf(ParentRunner.java:271)
	at org.junit.runners.BlockJUnit4ClassRunner.runChild(BlockJUnit4ClassRunner.java:70)
	at org.junit.runners.BlockJUnit4ClassRunner.runChild(BlockJUnit4ClassRunner.java:50)
	at org.junit.runners.ParentRunner$3.run(ParentRunner.java:238)
	at org.junit.runners.ParentRunner$1.schedule(ParentRunner.java:63)
	at org.junit.runners.ParentRunner.runChildren(ParentRunner.java:236)
	at org.junit.runners.ParentRunner.access$000(ParentRunner.java:53)
	at org.junit.runners.ParentRunner$2.evaluate(ParentRunner.java:229)
	at org.junit.runners.ParentRunner.run(ParentRunner.java:309)
	at org.apache.maven.surefire.junit4.JUnit4Provider.execute(JUnit4Provider.java:252)
	at org.apache.maven.surefire.junit4.JUnit4Provider.executeTestSet(JUnit4Provider.java:141)
	at org.apache.maven.surefire.junit4.JUnit4Provider.invoke(JUnit4Provider.java:112)
	at sun.reflect.NativeMethodAccessorImpl.invoke0(Native Method)
	at sun.reflect.NativeMethodAccessorImpl.invoke(NativeMethodAccessorImpl.java:62)
	at sun.reflect.DelegatingMethodAccessorImpl.invoke(DelegatingMethodAccessorImpl.java:43)
	at java.lang.reflect.Method.invoke(Method.java:498)
	at org.apache.maven.surefire.util.ReflectionUtils.invokeMethodWithArray(ReflectionUtils.java:189)
	at org.apache.maven.surefire.booter.ProviderFactory$ProviderProxy.invoke(ProviderFactory.java:165)
	at org.apache.maven.surefire.booter.ProviderFactory.invokeProvider(ProviderFactory.java:85)
	at org.apache.maven.surefire.booter.ForkedBooter.runSuitesInProcess(ForkedBooter.java:115)
	at org.apache.maven.surefire.booter.ForkedBooter.main(ForkedBooter.java:75)
</failure>
    <system-out>
STARTING NEW GAME!

Player1 is now starting a turn.
Shuffling Player1&apos;s deck.
copper was drawn from the deck.
copper was drawn from the deck.
estate was drawn from the deck.
copper was drawn from the deck.
estate was drawn from the deck.
Player1 gained curse card because of embargo token.
Player1 gained curse
Player1 gained curse card because of embargo token.
Player1 gained curse
Player1 bought duchy

Player2 is now starting a turn.
Shuffling Player2&apos;s deck.
copper was drawn from the deck.
copper was drawn from the deck.
estate was drawn from the deck.
copper was drawn from the deck.
copper was drawn from the deck.
Player2 gained curse card because of embargo token.
Player2 gained curse
Player2 gained curse card because of embargo token.
Player2 gained curse
Player2 bought duchy

Player1 is now starting a turn.
copper was drawn from the deck.
estate was drawn from the deck.
copper was drawn from the deck.
copper was drawn from the deck.
copper was drawn from the deck.
Player1 gained curse card because of embargo token.
Player1 gained curse
Player1 bought mine

Player2 is now starting a turn.
copper was drawn from the deck.
copper was drawn from the deck.
estate was drawn from the deck.
estate was drawn from the deck.
copper was drawn from the deck.
Player2 gained curse card because of embargo token.
Player2 gained curse
Player2 bought mine

Player1 is now starting a turn.
Shuffling Player1&apos;s deck.
copper was drawn from the deck.
copper was drawn from the deck.
copper was drawn from the deck.
copper was drawn from the deck.
mine was drawn from the deck.
Playing action card: mine
Player1 gained gold
Player1 bought adventurer

Player2 is now starting a turn.
Shuffling Player2&apos;s deck.
copper was drawn from the deck.
copper was drawn from the deck.
copper was drawn from the deck.
curse was drawn from the deck.
estate was drawn from the deck.
Player2 bought seahag

Player1 is now starting a turn.
copper was drawn from the deck.
curse was drawn from the deck.
curse was drawn from the deck.
copper was drawn from the deck.
copper was drawn from the deck.
Player1 gained curse card because of embargo token.
Player1 gained curse
Player1 gained curse card because of embargo token.
Player1 gained curse
Player1 bought silver

Player2 is now starting a turn.
copper was drawn from the deck.
estate was drawn from the deck.
estate was drawn from the deck.
curse was drawn from the deck.
curse was drawn from the deck.
Player2 bought ambassador

Player1 is now starting a turn.
duchy was drawn from the deck.
curse was drawn from the deck.
estate was drawn from the deck.
estate was drawn from the deck.
estate was drawn from the deck.
Player1 gained curse card because of embargo token.
Player1 gained curse
Player1 gained curse card because of embargo token.
Player1 gained curse
Player1 bought village

Player2 is now starting a turn.
mine was drawn from the deck.
copper was drawn from the deck.
duchy was drawn from the deck.
copper was drawn from the deck.
copper was drawn from the deck.
Playing action card: mine
Player2 gained gold
Player2 bought adventurer

Player1 is now starting a turn.
Shuffling Player1&apos;s deck.
estate was drawn from the deck.
gold was drawn from the deck.
duchy was drawn from the deck.
curse was drawn from the deck.
copper was drawn from the deck.
Player1 bought mine

Player2 is now starting a turn.
Shuffling Player2&apos;s deck.
curse was drawn from the deck.
copper was drawn from the deck.
seahag was drawn from the deck.
copper was drawn from the deck.
estate was drawn from the deck.
Playing action card: seahag
estate was drawn from the deck.
Player1 discarded estate
Player1 gained curse to top of deck.
Player2 bought great_hall

Player1 is now starting a turn.
curse was drawn from the deck.
copper was drawn from the deck.
estate was drawn from the deck.
curse was drawn from the deck.
copper was drawn from the deck.
Player1 bought great_hall

Player2 is now starting a turn.
curse was drawn from the deck.
ambassador was drawn from the deck.
copper was drawn from the deck.
copper was drawn from the deck.
copper was drawn from the deck.
Playing action card: ambassador
Player2 returned 2 copies of copper
Player1 gained copper
Player2 bought copper

Player1 is now starting a turn.
copper was drawn from the deck.
copper was drawn from the deck.
curse was drawn from the deck.
curse was drawn from the deck.
copper was drawn from the deck.
Player1 bought silver

Player2 is now starting a turn.
estate was drawn from the deck.
copper was drawn from the deck.
duchy was drawn from the deck.
mine was drawn from the deck.
estate was drawn from the deck.
Playing action card: mine
Player2 gained gold
Player2 bought adventurer

Player1 is now starting a turn.
copper was drawn from the deck.
curse was drawn from the deck.
silver was drawn from the deck.
village was drawn from the deck.
mine was drawn from the deck.
Playing action card: village
adventurer was drawn from the deck.
Playing action card: adventurer
curse was drawn from the deck.
Player1 discarded curse
curse was drawn from the deck.
Player1 discarded curse
Playing action card: mine
Player1 gained gold
Player1 bought adventurer

Player2 is now starting a turn.
gold was drawn from the deck.
curse was drawn from the deck.
adventurer was drawn from the deck.
copper was drawn from the deck.
Shuffling Player2&apos;s deck.
copper was drawn from the deck.
Playing action card: adventurer
copper was drawn from the deck.
curse was drawn from the deck.
Player2 discarded curse
ambassador was drawn from the deck.
Player2 discarded ambassador
duchy was drawn from the deck.
Player2 discarded duchy
mine was drawn from the deck.
Player2 discarded mine
curse was drawn from the deck.
Player2 discarded curse
adventurer was drawn from the deck.
Player2 discarded adventurer
estate was drawn from the deck.
Player2 discarded estate
seahag was drawn from the deck.
Player2 discarded seahag
copper was drawn from the deck.
Player2 bought gold

Player1 is now starting a turn.
Shuffling Player1&apos;s deck.
curse was drawn from the deck.
adventurer was drawn from the deck.
adventurer was drawn from the deck.
duchy was drawn from the deck.
copper was drawn from the deck.
Playing action card: adventurer
mine was drawn from the deck.
Player1 discarded mine
estate was drawn from the deck.
Player1 discarded estate
curse was drawn from the deck.
Player1 discarded curse
curse was drawn from the deck.
Player1 discarded curse
estate was drawn from the deck.
Player1 discarded estate
copper was drawn from the deck.
copper was drawn from the deck.
Player1 bought village

Player2 is now starting a turn.
copper was drawn from the deck.
gold was drawn from the deck.
estate was drawn from the deck.
estate was drawn from the deck.
copper was drawn from the deck.
Player2 bought gold

Player1 is now starting a turn.
estate was drawn from the deck.
great_hall was drawn from the deck.
silver was drawn from the deck.
curse was drawn from the deck.
curse was drawn from the deck.
Playing action card: great_hall
gold was drawn from the deck.
Player1 bought adventurer

Player2 is now starting a turn.
great_hall was drawn from the deck.
Shuffling Player2&apos;s deck.
mine was drawn from the deck.
copper was drawn from the deck.
duchy was drawn from the deck.
copper was drawn from the deck.
Playing action card: great_hall
copper was drawn from the deck.
Playing action card: mine
Player2 gained gold
Player2 bought gold

Player1 is now starting a turn.
copper was drawn from the deck.
gold was drawn from the deck.
curse was drawn from the deck.
mine was drawn from the deck.
silver was drawn from the deck.
Playing action card: mine
Player1 gained gold
Player1 bought province

Player2 is now starting a turn.
estate was drawn from the deck.
seahag was drawn from the deck.
adventurer was drawn from the deck.
gold was drawn from the deck.
estate was drawn from the deck.
Playing action card: seahag
copper was drawn from the deck.
Player1 discarded copper
Player1 gained curse to top of deck.
Player2 bought duchy

Player1 is now starting a turn.
curse was drawn from the deck.
copper was drawn from the deck.
copper was drawn from the deck.
curse was drawn from the deck.
curse was drawn from the deck.
Player1 bought estate

Player2 is now starting a turn.
estate was drawn from the deck.
curse was drawn from the deck.
gold was drawn from the deck.
copper was drawn from the deck.
gold was drawn from the deck.
Player2 bought province

Player1 is now starting a turn.
village was drawn from the deck.
copper was drawn from the deck.
Shuffling Player1&apos;s deck.
gold was drawn from the deck.
copper was drawn from the deck.
curse was drawn from the deck.
Playing action card: village
mine was drawn from the deck.
Playing action card: mine
Player1 gained gold
Player1 bought province

Player2 is now starting a turn.
curse was drawn from the deck.
copper was drawn from the deck.
adventurer was drawn from the deck.
ambassador was drawn from the deck.
copper was drawn from the deck.
Playing action card: adventurer
curse was drawn from the deck.
Player2 discarded curse
gold was drawn from the deck.
Player2 bought mine

Player1 is now starting a turn.
estate was drawn from the deck.
curse was drawn from the deck.
copper was drawn from the deck.
silver was drawn from the deck.
gold was drawn from the deck.
Player1 bought gold

Player2 is now starting a turn.
Shuffling Player2&apos;s deck.
adventurer was drawn from the deck.
adventurer was drawn from the deck.
copper was drawn from the deck.
gold was drawn from the deck.
copper was drawn from the deck.
Playing action card: adventurer
estate was drawn from the deck.
Player2 discarded estate
estate was drawn from the deck.
Player2 discarded estate
copper was drawn from the deck.
mine was drawn from the deck.
Player2 discarded mine
seahag was drawn from the deck.
Player2 discarded seahag
gold was drawn from the deck.
Player2 bought province

Player1 is now starting a turn.
copper was drawn from the deck.
estate was drawn from the deck.
silver was drawn from the deck.
curse was drawn from the deck.
mine was drawn from the deck.
Playing action card: mine
Player1 gained gold
Player1 bought gold

Player2 is now starting a turn.
curse was drawn from the deck.
mine was drawn from the deck.
copper was drawn from the deck.
gold was drawn from the deck.
gold was drawn from the deck.
Playing action card: mine
Player2 gained gold
Player2 bought province

Player1 is now starting a turn.
curse was drawn from the deck.
duchy was drawn from the deck.
gold was drawn from the deck.
copper was drawn from the deck.
curse was drawn from the deck.
Player1 bought gardens

Player2 is now starting a turn.
copper was drawn from the deck.
gold was drawn from the deck.
gold was drawn from the deck.
curse was drawn from the deck.
great_hall was drawn from the deck.
Playing action card: great_hall
province was drawn from the deck.
Player2 bought adventurer

Player1 is now starting a turn.
curse was drawn from the deck.
estate was drawn from the deck.
copper was drawn from the deck.
great_hall was drawn from the deck.
province was drawn from the deck.
Playing action card: great_hall
copper was drawn from the deck.
Player1 bought great_hall

Player2 is now starting a turn.
duchy was drawn from the deck.
ambassador was drawn from the deck.
copper was drawn from the deck.
curse was drawn from the deck.
duchy was drawn from the deck.
Playing action card: ambassador
Player2 returned 0 copies of curse
Player2 bought copper

Player1 is now starting a turn.
adventurer was drawn from the deck.
curse was drawn from the deck.
copper was drawn from the deck.
adventurer was drawn from the deck.
adventurer was drawn from the deck.
Playing action card: adventurer
curse was drawn from the deck.
Player1 discarded curse
curse was drawn from the deck.
Player1 discarded curse
village was drawn from the deck.
Player1 discarded village
estate was drawn from the deck.
Player1 discarded estate
Player1 bought copper

Player2 is now starting a turn.
estate was drawn from the deck.
Shuffling Player2&apos;s deck.
gold was drawn from the deck.
copper was drawn from the deck.
copper was drawn from the deck.
gold was drawn from the deck.
Player2 bought province

Player1 is now starting a turn.
Shuffling Player1&apos;s deck.
copper was drawn from the deck.
estate was drawn from the deck.
gold was drawn from the deck.
gold was drawn from the deck.
copper was drawn from the deck.
Player1 bought province

Player2 is now starting a turn.
mine was drawn from the deck.
adventurer was drawn from the deck.
copper was drawn from the deck.
estate was drawn from the deck.
curse was drawn from the deck.
Playing action card: mine
Player2 gained gold
Player2 bought duchy

Player1 is now starting a turn.
copper was drawn from the deck.
village was drawn from the deck.
great_hall was drawn from the deck.
silver was drawn from the deck.
copper was drawn from the deck.
Playing action card: village
estate was drawn from the deck.
Playing action card: great_hall
silver was drawn from the deck.
Player1 bought gold

Player2 is now starting a turn.
curse was drawn from the deck.
gold was drawn from the deck.
copper was drawn from the deck.
copper was drawn from the deck.
gold was drawn from the deck.
Player2 bought province
GAME OVER! Province card pile is empty. 
Player1: 1104
Player2: 534
Player1: 1104
Player2: 534
province was drawn from the deck.
Player2 discarded province
Player2 gained curse to top of deck.
curse was drawn from the deck.
Player2 discarded curse
Player2 gained curse to top of deck.
hi! gained smithy
</system-out>
  </testcase>
  <testcase classname="RegressionTest" name="test137" time="0.014"/>
  <testcase classname="RegressionTest" name="test138" time="0.011">
    <failure message="&apos;curse&apos; != &apos;copper&apos;" type="java.lang.AssertionError">java.lang.AssertionError: &apos;curse&apos; != &apos;copper&apos;
	at org.junit.Assert.fail(Assert.java:88)
	at org.junit.Assert.assertTrue(Assert.java:41)
	at RegressionTest.test138(RegressionTest.java:8663)
	at sun.reflect.NativeMethodAccessorImpl.invoke0(Native Method)
	at sun.reflect.NativeMethodAccessorImpl.invoke(NativeMethodAccessorImpl.java:62)
	at sun.reflect.DelegatingMethodAccessorImpl.invoke(DelegatingMethodAccessorImpl.java:43)
	at java.lang.reflect.Method.invoke(Method.java:498)
	at org.junit.runners.model.FrameworkMethod$1.runReflectiveCall(FrameworkMethod.java:47)
	at org.junit.internal.runners.model.ReflectiveCallable.run(ReflectiveCallable.java:12)
	at org.junit.runners.model.FrameworkMethod.invokeExplosively(FrameworkMethod.java:44)
	at org.junit.internal.runners.statements.InvokeMethod.evaluate(InvokeMethod.java:17)
	at org.junit.runners.ParentRunner.runLeaf(ParentRunner.java:271)
	at org.junit.runners.BlockJUnit4ClassRunner.runChild(BlockJUnit4ClassRunner.java:70)
	at org.junit.runners.BlockJUnit4ClassRunner.runChild(BlockJUnit4ClassRunner.java:50)
	at org.junit.runners.ParentRunner$3.run(ParentRunner.java:238)
	at org.junit.runners.ParentRunner$1.schedule(ParentRunner.java:63)
	at org.junit.runners.ParentRunner.runChildren(ParentRunner.java:236)
	at org.junit.runners.ParentRunner.access$000(ParentRunner.java:53)
	at org.junit.runners.ParentRunner$2.evaluate(ParentRunner.java:229)
	at org.junit.runners.ParentRunner.run(ParentRunner.java:309)
	at org.apache.maven.surefire.junit4.JUnit4Provider.execute(JUnit4Provider.java:252)
	at org.apache.maven.surefire.junit4.JUnit4Provider.executeTestSet(JUnit4Provider.java:141)
	at org.apache.maven.surefire.junit4.JUnit4Provider.invoke(JUnit4Provider.java:112)
	at sun.reflect.NativeMethodAccessorImpl.invoke0(Native Method)
	at sun.reflect.NativeMethodAccessorImpl.invoke(NativeMethodAccessorImpl.java:62)
	at sun.reflect.DelegatingMethodAccessorImpl.invoke(DelegatingMethodAccessorImpl.java:43)
	at java.lang.reflect.Method.invoke(Method.java:498)
	at org.apache.maven.surefire.util.ReflectionUtils.invokeMethodWithArray(ReflectionUtils.java:189)
	at org.apache.maven.surefire.booter.ProviderFactory$ProviderProxy.invoke(ProviderFactory.java:165)
	at org.apache.maven.surefire.booter.ProviderFactory.invokeProvider(ProviderFactory.java:85)
	at org.apache.maven.surefire.booter.ForkedBooter.runSuitesInProcess(ForkedBooter.java:115)
	at org.apache.maven.surefire.booter.ForkedBooter.main(ForkedBooter.java:75)
</failure>
    <system-out>
STARTING NEW GAME!

Player1 is now starting a turn.
Shuffling Player1&apos;s deck.
copper was drawn from the deck.
estate was drawn from the deck.
estate was drawn from the deck.
copper was drawn from the deck.
copper was drawn from the deck.
Player1 gained curse card because of embargo token.
Player1 gained curse
Player1 bought mine

Player2 is now starting a turn.
Shuffling Player2&apos;s deck.
copper was drawn from the deck.
copper was drawn from the deck.
estate was drawn from the deck.
copper was drawn from the deck.
copper was drawn from the deck.
Player2 gained curse card because of embargo token.
Player2 gained curse
Player2 bought mine

Player1 is now starting a turn.
copper was drawn from the deck.
estate was drawn from the deck.
copper was drawn from the deck.
copper was drawn from the deck.
copper was drawn from the deck.
Player1 gained curse card because of embargo token.
Player1 gained curse
Player1 bought mine

Player2 is now starting a turn.
copper was drawn from the deck.
copper was drawn from the deck.
estate was drawn from the deck.
estate was drawn from the deck.
copper was drawn from the deck.
Player2 gained curse card because of embargo token.
Player2 gained curse
Player2 gained curse card because of embargo token.
Player2 gained curse
Player2 bought duchy

Player1 is now starting a turn.
Shuffling Player1&apos;s deck.
copper was drawn from the deck.
copper was drawn from the deck.
curse was drawn from the deck.
estate was drawn from the deck.
copper was drawn from the deck.
Player1 gained curse card because of embargo token.
Player1 gained curse
Player1 gained curse card because of embargo token.
Player1 gained curse
Player1 gained curse card because of embargo token.
Player1 gained curse
Player1 gained curse card because of embargo token.
Player1 gained curse
Player1 bought cutpurse

Player2 is now starting a turn.
Shuffling Player2&apos;s deck.
copper was drawn from the deck.
estate was drawn from the deck.
duchy was drawn from the deck.
copper was drawn from the deck.
mine was drawn from the deck.
Playing action card: mine
Player2 gained gold
Player2 bought gold

Player1 is now starting a turn.
mine was drawn from the deck.
mine was drawn from the deck.
copper was drawn from the deck.
copper was drawn from the deck.
estate was drawn from the deck.
Playing action card: mine
Player1 gained gold
Player1 bought adventurer

Player2 is now starting a turn.
copper was drawn from the deck.
estate was drawn from the deck.
copper was drawn from the deck.
estate was drawn from the deck.
copper was drawn from the deck.
Player2 bought mine

Player1 is now starting a turn.
curse was drawn from the deck.
copper was drawn from the deck.
copper was drawn from the deck.
estate was drawn from the deck.
Shuffling Player1&apos;s deck.
copper was drawn from the deck.
Player1 bought seahag

Player2 is now starting a turn.
curse was drawn from the deck.
curse was drawn from the deck.
copper was drawn from the deck.
copper was drawn from the deck.
curse was drawn from the deck.
Player2 bought estate

Player1 is now starting a turn.
mine was drawn from the deck.
curse was drawn from the deck.
estate was drawn from the deck.
cutpurse was drawn from the deck.
copper was drawn from the deck.
Playing action card: cutpurse
Player2 had no coppers to discard. 
Player1 bought cutpurse

Player2 is now starting a turn.
Shuffling Player2&apos;s deck.
curse was drawn from the deck.
mine was drawn from the deck.
copper was drawn from the deck.
mine was drawn from the deck.
copper was drawn from the deck.
Playing action card: mine
Player2 gained gold
Player2 bought mine

Player1 is now starting a turn.
gold was drawn from the deck.
copper was drawn from the deck.
curse was drawn from the deck.
mine was drawn from the deck.
estate was drawn from the deck.
Playing action card: mine
Player1 gained gold
Player1 bought province

Player2 is now starting a turn.
curse was drawn from the deck.
gold was drawn from the deck.
estate was drawn from the deck.
curse was drawn from the deck.
copper was drawn from the deck.
Player2 bought mine

Player1 is now starting a turn.
curse was drawn from the deck.
curse was drawn from the deck.
adventurer was drawn from the deck.
copper was drawn from the deck.
copper was drawn from the deck.
Playing action card: adventurer
curse was drawn from the deck.
Player1 discarded curse
Player1 bought estate

Player2 is now starting a turn.
estate was drawn from the deck.
estate was drawn from the deck.
copper was drawn from the deck.
copper was drawn from the deck.
copper was drawn from the deck.
Player2 bought mine

Player1 is now starting a turn.
Shuffling Player1&apos;s deck.
curse was drawn from the deck.
copper was drawn from the deck.
province was drawn from the deck.
adventurer was drawn from the deck.
copper was drawn from the deck.
Playing action card: adventurer
curse was drawn from the deck.
Player1 discarded curse
seahag was drawn from the deck.
Player1 discarded seahag
copper was drawn from the deck.
curse was drawn from the deck.
Player1 discarded curse
copper was drawn from the deck.
Player1 bought cutpurse

Player2 is now starting a turn.
gold was drawn from the deck.
duchy was drawn from the deck.
estate was drawn from the deck.
copper was drawn from the deck.
Shuffling Player2&apos;s deck.
gold was drawn from the deck.
Player2 bought province

Player1 is now starting a turn.
gold was drawn from the deck.
copper was drawn from the deck.
estate was drawn from the deck.
gold was drawn from the deck.
mine was drawn from the deck.
Playing action card: mine
Player1 gained gold
Player1 bought province

Player2 is now starting a turn.
mine was drawn from the deck.
estate was drawn from the deck.
mine was drawn from the deck.
copper was drawn from the deck.
mine was drawn from the deck.
Playing action card: mine
Player2 gained gold
Player2 bought mine

Player1 is now starting a turn.
estate was drawn from the deck.
cutpurse was drawn from the deck.
curse was drawn from the deck.
curse was drawn from the deck.
mine was drawn from the deck.
Playing action card: mine
Player1 bought copper

Player2 is now starting a turn.
estate was drawn from the deck.
copper was drawn from the deck.
copper was drawn from the deck.
gold was drawn from the deck.
curse was drawn from the deck.
Player2 bought gold

Player1 is now starting a turn.
copper was drawn from the deck.
estate was drawn from the deck.
copper was drawn from the deck.
curse was drawn from the deck.
estate was drawn from the deck.
Player1 bought cutpurse

Player2 is now starting a turn.
copper was drawn from the deck.
copper was drawn from the deck.
estate was drawn from the deck.
mine was drawn from the deck.
curse was drawn from the deck.
Playing action card: mine
Player2 gained gold
Player2 bought gold

Player1 is now starting a turn.
cutpurse was drawn from the deck.
Shuffling Player1&apos;s deck.
copper was drawn from the deck.
mine was drawn from the deck.
cutpurse was drawn from the deck.
curse was drawn from the deck.
Playing action card: mine
Player1 gained gold
Player1 bought seahag

Player2 is now starting a turn.
copper was drawn from the deck.
curse was drawn from the deck.
mine was drawn from the deck.
Shuffling Player2&apos;s deck.
copper was drawn from the deck.
estate was drawn from the deck.
Playing action card: mine
Player2 gained gold
Player2 bought adventurer

Player1 is now starting a turn.
curse was drawn from the deck.
province was drawn from the deck.
province was drawn from the deck.
cutpurse was drawn from the deck.
estate was drawn from the deck.
Playing action card: cutpurse
Player2 had no coppers to discard. 
Player1 bought great_hall

Player2 is now starting a turn.
curse was drawn from the deck.
gold was drawn from the deck.
curse was drawn from the deck.
mine was drawn from the deck.
estate was drawn from the deck.
Playing action card: mine
Player2 gained gold
Player2 bought gold

Player1 is now starting a turn.
copper was drawn from the deck.
copper was drawn from the deck.
curse was drawn from the deck.
gold was drawn from the deck.
curse was drawn from the deck.
Player1 bought mine

Player2 is now starting a turn.
copper was drawn from the deck.
gold was drawn from the deck.
province was drawn from the deck.
gold was drawn from the deck.
mine was drawn from the deck.
Playing action card: mine
Player2 gained gold
Player2 bought province

Player1 is now starting a turn.
copper was drawn from the deck.
copper was drawn from the deck.
copper was drawn from the deck.
estate was drawn from the deck.
gold was drawn from the deck.
Player1 bought adventurer

Player2 is now starting a turn.
estate was drawn from the deck.
copper was drawn from the deck.
duchy was drawn from the deck.
gold was drawn from the deck.
mine was drawn from the deck.
Playing action card: mine
Player2 gained gold
Player2 bought province

Player1 is now starting a turn.
seahag was drawn from the deck.
curse was drawn from the deck.
cutpurse was drawn from the deck.
adventurer was drawn from the deck.
curse was drawn from the deck.
Playing action card: adventurer
estate was drawn from the deck.
Player1 discarded estate
copper was drawn from the deck.
copper was drawn from the deck.
Player1 bought estate

Player2 is now starting a turn.
gold was drawn from the deck.
gold was drawn from the deck.
gold was drawn from the deck.
mine was drawn from the deck.
mine was drawn from the deck.
Playing action card: mine
Player2 gained gold
Player2 bought province

Player1 is now starting a turn.
mine was drawn from the deck.
estate was drawn from the deck.
gold was drawn from the deck.
Shuffling Player1&apos;s deck.
copper was drawn from the deck.
mine was drawn from the deck.
Playing action card: mine
Player1 gained gold
Player1 bought province

Player2 is now starting a turn.
copper was drawn from the deck.
estate was drawn from the deck.
copper was drawn from the deck.
copper was drawn from the deck.
Shuffling Player2&apos;s deck.
gold was drawn from the deck.
Player2 bought adventurer

Player1 is now starting a turn.
curse was drawn from the deck.
estate was drawn from the deck.
copper was drawn from the deck.
great_hall was drawn from the deck.
adventurer was drawn from the deck.
Playing action card: adventurer
estate was drawn from the deck.
Player1 discarded estate
cutpurse was drawn from the deck.
Player1 discarded cutpurse
cutpurse was drawn from the deck.
Player1 discarded cutpurse
gold was drawn from the deck.
province was drawn from the deck.
Player1 discarded province
estate was drawn from the deck.
Player1 discarded estate
copper was drawn from the deck.
Player1 bought gold

Player2 is now starting a turn.
mine was drawn from the deck.
province was drawn from the deck.
gold was drawn from the deck.
gold was drawn from the deck.
mine was drawn from the deck.
Playing action card: mine
Player2 gained gold
Player2 bought province
GAME OVER! Province card pile is empty. 
Player1: 902
Player2: 928
GAME OVER! Province card pile is empty. 
</system-out>
  </testcase>
  <testcase classname="RegressionTest" name="test139" time="0"/>
  <testcase classname="RegressionTest" name="test140" time="0"/>
  <testcase classname="RegressionTest" name="test141" time="0.013"/>
  <testcase classname="RegressionTest" name="test142" time="0"/>
  <testcase classname="RegressionTest" name="test143" time="0.016">
    <failure type="java.lang.AssertionError">java.lang.AssertionError
	at org.junit.Assert.fail(Assert.java:86)
	at org.junit.Assert.assertTrue(Assert.java:41)
	at org.junit.Assert.assertTrue(Assert.java:52)
	at RegressionTest.test143(RegressionTest.java:8832)
	at sun.reflect.NativeMethodAccessorImpl.invoke0(Native Method)
	at sun.reflect.NativeMethodAccessorImpl.invoke(NativeMethodAccessorImpl.java:62)
	at sun.reflect.DelegatingMethodAccessorImpl.invoke(DelegatingMethodAccessorImpl.java:43)
	at java.lang.reflect.Method.invoke(Method.java:498)
	at org.junit.runners.model.FrameworkMethod$1.runReflectiveCall(FrameworkMethod.java:47)
	at org.junit.internal.runners.model.ReflectiveCallable.run(ReflectiveCallable.java:12)
	at org.junit.runners.model.FrameworkMethod.invokeExplosively(FrameworkMethod.java:44)
	at org.junit.internal.runners.statements.InvokeMethod.evaluate(InvokeMethod.java:17)
	at org.junit.runners.ParentRunner.runLeaf(ParentRunner.java:271)
	at org.junit.runners.BlockJUnit4ClassRunner.runChild(BlockJUnit4ClassRunner.java:70)
	at org.junit.runners.BlockJUnit4ClassRunner.runChild(BlockJUnit4ClassRunner.java:50)
	at org.junit.runners.ParentRunner$3.run(ParentRunner.java:238)
	at org.junit.runners.ParentRunner$1.schedule(ParentRunner.java:63)
	at org.junit.runners.ParentRunner.runChildren(ParentRunner.java:236)
	at org.junit.runners.ParentRunner.access$000(ParentRunner.java:53)
	at org.junit.runners.ParentRunner$2.evaluate(ParentRunner.java:229)
	at org.junit.runners.ParentRunner.run(ParentRunner.java:309)
	at org.apache.maven.surefire.junit4.JUnit4Provider.execute(JUnit4Provider.java:252)
	at org.apache.maven.surefire.junit4.JUnit4Provider.executeTestSet(JUnit4Provider.java:141)
	at org.apache.maven.surefire.junit4.JUnit4Provider.invoke(JUnit4Provider.java:112)
	at sun.reflect.NativeMethodAccessorImpl.invoke0(Native Method)
	at sun.reflect.NativeMethodAccessorImpl.invoke(NativeMethodAccessorImpl.java:62)
	at sun.reflect.DelegatingMethodAccessorImpl.invoke(DelegatingMethodAccessorImpl.java:43)
	at java.lang.reflect.Method.invoke(Method.java:498)
	at org.apache.maven.surefire.util.ReflectionUtils.invokeMethodWithArray(ReflectionUtils.java:189)
	at org.apache.maven.surefire.booter.ProviderFactory$ProviderProxy.invoke(ProviderFactory.java:165)
	at org.apache.maven.surefire.booter.ProviderFactory.invokeProvider(ProviderFactory.java:85)
	at org.apache.maven.surefire.booter.ForkedBooter.runSuitesInProcess(ForkedBooter.java:115)
	at org.apache.maven.surefire.booter.ForkedBooter.main(ForkedBooter.java:75)
</failure>
    <system-out>
STARTING NEW GAME!

Player1 is now starting a turn.
Shuffling Player1&apos;s deck.
copper was drawn from the deck.
copper was drawn from the deck.
estate was drawn from the deck.
copper was drawn from the deck.
estate was drawn from the deck.
Player1 gained curse card because of embargo token.
Player1 gained curse
Player1 gained curse card because of embargo token.
Player1 gained curse
Player1 bought duchy

Player2 is now starting a turn.
Shuffling Player2&apos;s deck.
copper was drawn from the deck.
copper was drawn from the deck.
estate was drawn from the deck.
copper was drawn from the deck.
copper was drawn from the deck.
Player2 gained curse card because of embargo token.
Player2 gained curse
Player2 gained curse card because of embargo token.
Player2 gained curse
Player2 bought duchy

Player1 is now starting a turn.
copper was drawn from the deck.
estate was drawn from the deck.
copper was drawn from the deck.
copper was drawn from the deck.
copper was drawn from the deck.
Player1 gained curse card because of embargo token.
Player1 gained curse
Player1 bought mine

Player2 is now starting a turn.
copper was drawn from the deck.
copper was drawn from the deck.
estate was drawn from the deck.
estate was drawn from the deck.
copper was drawn from the deck.
Player2 gained curse card because of embargo token.
Player2 gained curse
Player2 bought mine

Player1 is now starting a turn.
Shuffling Player1&apos;s deck.
copper was drawn from the deck.
copper was drawn from the deck.
copper was drawn from the deck.
copper was drawn from the deck.
mine was drawn from the deck.
Playing action card: mine
Player1 gained gold
Player1 bought adventurer

Player2 is now starting a turn.
Shuffling Player2&apos;s deck.
copper was drawn from the deck.
copper was drawn from the deck.
copper was drawn from the deck.
curse was drawn from the deck.
estate was drawn from the deck.
Player2 bought seahag

Player1 is now starting a turn.
copper was drawn from the deck.
curse was drawn from the deck.
curse was drawn from the deck.
copper was drawn from the deck.
copper was drawn from the deck.
Player1 gained curse card because of embargo token.
Player1 gained curse
Player1 gained curse card because of embargo token.
Player1 gained curse
Player1 bought silver

Player2 is now starting a turn.
copper was drawn from the deck.
estate was drawn from the deck.
estate was drawn from the deck.
curse was drawn from the deck.
curse was drawn from the deck.
Player2 bought ambassador

Player1 is now starting a turn.
duchy was drawn from the deck.
curse was drawn from the deck.
estate was drawn from the deck.
estate was drawn from the deck.
estate was drawn from the deck.
Player1 gained curse card because of embargo token.
Player1 gained curse
Player1 gained curse card because of embargo token.
Player1 gained curse
Player1 bought village

Player2 is now starting a turn.
mine was drawn from the deck.
copper was drawn from the deck.
duchy was drawn from the deck.
copper was drawn from the deck.
copper was drawn from the deck.
Playing action card: mine
Player2 gained gold
Player2 bought adventurer

Player1 is now starting a turn.
Shuffling Player1&apos;s deck.
estate was drawn from the deck.
gold was drawn from the deck.
duchy was drawn from the deck.
curse was drawn from the deck.
copper was drawn from the deck.
Player1 bought mine

Player2 is now starting a turn.
Shuffling Player2&apos;s deck.
curse was drawn from the deck.
copper was drawn from the deck.
seahag was drawn from the deck.
copper was drawn from the deck.
estate was drawn from the deck.
Playing action card: seahag
estate was drawn from the deck.
Player1 discarded estate
Player1 gained curse to top of deck.
Player2 bought great_hall

Player1 is now starting a turn.
curse was drawn from the deck.
copper was drawn from the deck.
estate was drawn from the deck.
curse was drawn from the deck.
copper was drawn from the deck.
Player1 bought great_hall

Player2 is now starting a turn.
curse was drawn from the deck.
ambassador was drawn from the deck.
copper was drawn from the deck.
copper was drawn from the deck.
copper was drawn from the deck.
Playing action card: ambassador
Player2 returned 2 copies of copper
Player1 gained copper
Player2 bought copper

Player1 is now starting a turn.
copper was drawn from the deck.
copper was drawn from the deck.
curse was drawn from the deck.
curse was drawn from the deck.
copper was drawn from the deck.
Player1 bought silver

Player2 is now starting a turn.
estate was drawn from the deck.
copper was drawn from the deck.
duchy was drawn from the deck.
mine was drawn from the deck.
estate was drawn from the deck.
Playing action card: mine
Player2 gained gold
Player2 bought adventurer

Player1 is now starting a turn.
copper was drawn from the deck.
curse was drawn from the deck.
silver was drawn from the deck.
village was drawn from the deck.
mine was drawn from the deck.
Playing action card: village
adventurer was drawn from the deck.
Playing action card: adventurer
curse was drawn from the deck.
Player1 discarded curse
curse was drawn from the deck.
Player1 discarded curse
Playing action card: mine
Player1 gained gold
Player1 bought adventurer

Player2 is now starting a turn.
gold was drawn from the deck.
curse was drawn from the deck.
adventurer was drawn from the deck.
copper was drawn from the deck.
Shuffling Player2&apos;s deck.
copper was drawn from the deck.
Playing action card: adventurer
copper was drawn from the deck.
curse was drawn from the deck.
Player2 discarded curse
ambassador was drawn from the deck.
Player2 discarded ambassador
duchy was drawn from the deck.
Player2 discarded duchy
mine was drawn from the deck.
Player2 discarded mine
curse was drawn from the deck.
Player2 discarded curse
adventurer was drawn from the deck.
Player2 discarded adventurer
estate was drawn from the deck.
Player2 discarded estate
seahag was drawn from the deck.
Player2 discarded seahag
copper was drawn from the deck.
Player2 bought gold

Player1 is now starting a turn.
Shuffling Player1&apos;s deck.
curse was drawn from the deck.
adventurer was drawn from the deck.
adventurer was drawn from the deck.
duchy was drawn from the deck.
copper was drawn from the deck.
Playing action card: adventurer
mine was drawn from the deck.
Player1 discarded mine
estate was drawn from the deck.
Player1 discarded estate
curse was drawn from the deck.
Player1 discarded curse
curse was drawn from the deck.
Player1 discarded curse
estate was drawn from the deck.
Player1 discarded estate
copper was drawn from the deck.
copper was drawn from the deck.
Player1 bought village

Player2 is now starting a turn.
copper was drawn from the deck.
gold was drawn from the deck.
estate was drawn from the deck.
estate was drawn from the deck.
copper was drawn from the deck.
Player2 bought gold

Player1 is now starting a turn.
estate was drawn from the deck.
great_hall was drawn from the deck.
silver was drawn from the deck.
curse was drawn from the deck.
curse was drawn from the deck.
Playing action card: great_hall
gold was drawn from the deck.
Player1 bought adventurer

Player2 is now starting a turn.
great_hall was drawn from the deck.
Shuffling Player2&apos;s deck.
mine was drawn from the deck.
copper was drawn from the deck.
duchy was drawn from the deck.
copper was drawn from the deck.
Playing action card: great_hall
copper was drawn from the deck.
Playing action card: mine
Player2 gained gold
Player2 bought gold

Player1 is now starting a turn.
copper was drawn from the deck.
gold was drawn from the deck.
curse was drawn from the deck.
mine was drawn from the deck.
silver was drawn from the deck.
Playing action card: mine
Player1 gained gold
Player1 bought province

Player2 is now starting a turn.
estate was drawn from the deck.
seahag was drawn from the deck.
adventurer was drawn from the deck.
gold was drawn from the deck.
estate was drawn from the deck.
Playing action card: seahag
copper was drawn from the deck.
Player1 discarded copper
Player1 gained curse to top of deck.
Player2 bought duchy

Player1 is now starting a turn.
curse was drawn from the deck.
copper was drawn from the deck.
copper was drawn from the deck.
curse was drawn from the deck.
curse was drawn from the deck.
Player1 bought estate

Player2 is now starting a turn.
estate was drawn from the deck.
curse was drawn from the deck.
gold was drawn from the deck.
copper was drawn from the deck.
gold was drawn from the deck.
Player2 bought province

Player1 is now starting a turn.
village was drawn from the deck.
copper was drawn from the deck.
Shuffling Player1&apos;s deck.
gold was drawn from the deck.
copper was drawn from the deck.
curse was drawn from the deck.
Playing action card: village
mine was drawn from the deck.
Playing action card: mine
Player1 gained gold
Player1 bought province

Player2 is now starting a turn.
curse was drawn from the deck.
copper was drawn from the deck.
adventurer was drawn from the deck.
ambassador was drawn from the deck.
copper was drawn from the deck.
Playing action card: adventurer
curse was drawn from the deck.
Player2 discarded curse
gold was drawn from the deck.
Player2 bought mine

Player1 is now starting a turn.
estate was drawn from the deck.
curse was drawn from the deck.
copper was drawn from the deck.
silver was drawn from the deck.
gold was drawn from the deck.
Player1 bought gold

Player2 is now starting a turn.
Shuffling Player2&apos;s deck.
adventurer was drawn from the deck.
adventurer was drawn from the deck.
copper was drawn from the deck.
gold was drawn from the deck.
copper was drawn from the deck.
Playing action card: adventurer
estate was drawn from the deck.
Player2 discarded estate
estate was drawn from the deck.
Player2 discarded estate
copper was drawn from the deck.
mine was drawn from the deck.
Player2 discarded mine
seahag was drawn from the deck.
Player2 discarded seahag
gold was drawn from the deck.
Player2 bought province

Player1 is now starting a turn.
copper was drawn from the deck.
estate was drawn from the deck.
silver was drawn from the deck.
curse was drawn from the deck.
mine was drawn from the deck.
Playing action card: mine
Player1 gained gold
Player1 bought gold

Player2 is now starting a turn.
curse was drawn from the deck.
mine was drawn from the deck.
copper was drawn from the deck.
gold was drawn from the deck.
gold was drawn from the deck.
Playing action card: mine
Player2 gained gold
Player2 bought province

Player1 is now starting a turn.
curse was drawn from the deck.
duchy was drawn from the deck.
gold was drawn from the deck.
copper was drawn from the deck.
curse was drawn from the deck.
Player1 bought gardens

Player2 is now starting a turn.
copper was drawn from the deck.
gold was drawn from the deck.
gold was drawn from the deck.
curse was drawn from the deck.
great_hall was drawn from the deck.
Playing action card: great_hall
province was drawn from the deck.
Player2 bought adventurer

Player1 is now starting a turn.
curse was drawn from the deck.
estate was drawn from the deck.
copper was drawn from the deck.
great_hall was drawn from the deck.
province was drawn from the deck.
Playing action card: great_hall
copper was drawn from the deck.
Player1 bought great_hall

Player2 is now starting a turn.
duchy was drawn from the deck.
ambassador was drawn from the deck.
copper was drawn from the deck.
curse was drawn from the deck.
duchy was drawn from the deck.
Playing action card: ambassador
Player2 returned 0 copies of curse
Player2 bought copper

Player1 is now starting a turn.
adventurer was drawn from the deck.
curse was drawn from the deck.
copper was drawn from the deck.
adventurer was drawn from the deck.
adventurer was drawn from the deck.
Playing action card: adventurer
curse was drawn from the deck.
Player1 discarded curse
curse was drawn from the deck.
Player1 discarded curse
village was drawn from the deck.
Player1 discarded village
estate was drawn from the deck.
Player1 discarded estate
Player1 bought copper

Player2 is now starting a turn.
estate was drawn from the deck.
Shuffling Player2&apos;s deck.
gold was drawn from the deck.
copper was drawn from the deck.
copper was drawn from the deck.
gold was drawn from the deck.
Player2 bought province

Player1 is now starting a turn.
Shuffling Player1&apos;s deck.
copper was drawn from the deck.
estate was drawn from the deck.
gold was drawn from the deck.
gold was drawn from the deck.
copper was drawn from the deck.
Player1 bought province

Player2 is now starting a turn.
mine was drawn from the deck.
adventurer was drawn from the deck.
copper was drawn from the deck.
estate was drawn from the deck.
curse was drawn from the deck.
Playing action card: mine
Player2 gained gold
Player2 bought duchy

Player1 is now starting a turn.
copper was drawn from the deck.
village was drawn from the deck.
great_hall was drawn from the deck.
silver was drawn from the deck.
copper was drawn from the deck.
Playing action card: village
estate was drawn from the deck.
Playing action card: great_hall
silver was drawn from the deck.
Player1 bought gold

Player2 is now starting a turn.
curse was drawn from the deck.
gold was drawn from the deck.
copper was drawn from the deck.
copper was drawn from the deck.
gold was drawn from the deck.
Player2 bought province
GAME OVER! Province card pile is empty. 
Player1: 1094
Player2: 534
Player1: 1094
Player2: 534
province was drawn from the deck.
Player2 discarded province
Player2 gained curse to top of deck.
curse was drawn from the deck.
Player2 discarded curse
Player2 gained curse to top of deck.
hi! gained smithy
</system-out>
  </testcase>
  <testcase classname="RegressionTest" name="test144" time="0"/>
  <testcase classname="RegressionTest" name="test145" time="0"/>
  <testcase classname="RegressionTest" name="test146" time="0"/>
  <testcase classname="RegressionTest" name="test147" time="0.011"/>
  <testcase classname="RegressionTest" name="test148" time="0.012"/>
  <testcase classname="RegressionTest" name="test149" time="0">
    <failure message="&apos;curse&apos; != &apos;copper&apos;" type="java.lang.AssertionError">java.lang.AssertionError: &apos;curse&apos; != &apos;copper&apos;
	at org.junit.Assert.fail(Assert.java:88)
	at org.junit.Assert.assertTrue(Assert.java:41)
	at RegressionTest.test149(RegressionTest.java:9267)
	at sun.reflect.NativeMethodAccessorImpl.invoke0(Native Method)
	at sun.reflect.NativeMethodAccessorImpl.invoke(NativeMethodAccessorImpl.java:62)
	at sun.reflect.DelegatingMethodAccessorImpl.invoke(DelegatingMethodAccessorImpl.java:43)
	at java.lang.reflect.Method.invoke(Method.java:498)
	at org.junit.runners.model.FrameworkMethod$1.runReflectiveCall(FrameworkMethod.java:47)
	at org.junit.internal.runners.model.ReflectiveCallable.run(ReflectiveCallable.java:12)
	at org.junit.runners.model.FrameworkMethod.invokeExplosively(FrameworkMethod.java:44)
	at org.junit.internal.runners.statements.InvokeMethod.evaluate(InvokeMethod.java:17)
	at org.junit.runners.ParentRunner.runLeaf(ParentRunner.java:271)
	at org.junit.runners.BlockJUnit4ClassRunner.runChild(BlockJUnit4ClassRunner.java:70)
	at org.junit.runners.BlockJUnit4ClassRunner.runChild(BlockJUnit4ClassRunner.java:50)
	at org.junit.runners.ParentRunner$3.run(ParentRunner.java:238)
	at org.junit.runners.ParentRunner$1.schedule(ParentRunner.java:63)
	at org.junit.runners.ParentRunner.runChildren(ParentRunner.java:236)
	at org.junit.runners.ParentRunner.access$000(ParentRunner.java:53)
	at org.junit.runners.ParentRunner$2.evaluate(ParentRunner.java:229)
	at org.junit.runners.ParentRunner.run(ParentRunner.java:309)
	at org.apache.maven.surefire.junit4.JUnit4Provider.execute(JUnit4Provider.java:252)
	at org.apache.maven.surefire.junit4.JUnit4Provider.executeTestSet(JUnit4Provider.java:141)
	at org.apache.maven.surefire.junit4.JUnit4Provider.invoke(JUnit4Provider.java:112)
	at sun.reflect.NativeMethodAccessorImpl.invoke0(Native Method)
	at sun.reflect.NativeMethodAccessorImpl.invoke(NativeMethodAccessorImpl.java:62)
	at sun.reflect.DelegatingMethodAccessorImpl.invoke(DelegatingMethodAccessorImpl.java:43)
	at java.lang.reflect.Method.invoke(Method.java:498)
	at org.apache.maven.surefire.util.ReflectionUtils.invokeMethodWithArray(ReflectionUtils.java:189)
	at org.apache.maven.surefire.booter.ProviderFactory$ProviderProxy.invoke(ProviderFactory.java:165)
	at org.apache.maven.surefire.booter.ProviderFactory.invokeProvider(ProviderFactory.java:85)
	at org.apache.maven.surefire.booter.ForkedBooter.runSuitesInProcess(ForkedBooter.java:115)
	at org.apache.maven.surefire.booter.ForkedBooter.main(ForkedBooter.java:75)
</failure>
  </testcase>
  <testcase classname="RegressionTest" name="test150" time="0.026"/>
  <testcase classname="RegressionTest" name="test151" time="0.011"/>
  <testcase classname="RegressionTest" name="test152" time="0"/>
  <testcase classname="RegressionTest" name="test153" time="0.009"/>
  <testcase classname="RegressionTest" name="test154" time="0">
    <failure message="&apos;curse&apos; != &apos;copper&apos;" type="java.lang.AssertionError">java.lang.AssertionError: &apos;curse&apos; != &apos;copper&apos;
	at org.junit.Assert.fail(Assert.java:88)
	at org.junit.Assert.assertTrue(Assert.java:41)
	at RegressionTest.test154(RegressionTest.java:9653)
	at sun.reflect.NativeMethodAccessorImpl.invoke0(Native Method)
	at sun.reflect.NativeMethodAccessorImpl.invoke(NativeMethodAccessorImpl.java:62)
	at sun.reflect.DelegatingMethodAccessorImpl.invoke(DelegatingMethodAccessorImpl.java:43)
	at java.lang.reflect.Method.invoke(Method.java:498)
	at org.junit.runners.model.FrameworkMethod$1.runReflectiveCall(FrameworkMethod.java:47)
	at org.junit.internal.runners.model.ReflectiveCallable.run(ReflectiveCallable.java:12)
	at org.junit.runners.model.FrameworkMethod.invokeExplosively(FrameworkMethod.java:44)
	at org.junit.internal.runners.statements.InvokeMethod.evaluate(InvokeMethod.java:17)
	at org.junit.runners.ParentRunner.runLeaf(ParentRunner.java:271)
	at org.junit.runners.BlockJUnit4ClassRunner.runChild(BlockJUnit4ClassRunner.java:70)
	at org.junit.runners.BlockJUnit4ClassRunner.runChild(BlockJUnit4ClassRunner.java:50)
	at org.junit.runners.ParentRunner$3.run(ParentRunner.java:238)
	at org.junit.runners.ParentRunner$1.schedule(ParentRunner.java:63)
	at org.junit.runners.ParentRunner.runChildren(ParentRunner.java:236)
	at org.junit.runners.ParentRunner.access$000(ParentRunner.java:53)
	at org.junit.runners.ParentRunner$2.evaluate(ParentRunner.java:229)
	at org.junit.runners.ParentRunner.run(ParentRunner.java:309)
	at org.apache.maven.surefire.junit4.JUnit4Provider.execute(JUnit4Provider.java:252)
	at org.apache.maven.surefire.junit4.JUnit4Provider.executeTestSet(JUnit4Provider.java:141)
	at org.apache.maven.surefire.junit4.JUnit4Provider.invoke(JUnit4Provider.java:112)
	at sun.reflect.NativeMethodAccessorImpl.invoke0(Native Method)
	at sun.reflect.NativeMethodAccessorImpl.invoke(NativeMethodAccessorImpl.java:62)
	at sun.reflect.DelegatingMethodAccessorImpl.invoke(DelegatingMethodAccessorImpl.java:43)
	at java.lang.reflect.Method.invoke(Method.java:498)
	at org.apache.maven.surefire.util.ReflectionUtils.invokeMethodWithArray(ReflectionUtils.java:189)
	at org.apache.maven.surefire.booter.ProviderFactory$ProviderProxy.invoke(ProviderFactory.java:165)
	at org.apache.maven.surefire.booter.ProviderFactory.invokeProvider(ProviderFactory.java:85)
	at org.apache.maven.surefire.booter.ForkedBooter.runSuitesInProcess(ForkedBooter.java:115)
	at org.apache.maven.surefire.booter.ForkedBooter.main(ForkedBooter.java:75)
</failure>
    <system-out>hi! gained curse
Shuffling Player1&apos;s deck.
copper was drawn from the deck.
Shuffling Player2&apos;s deck.
copper was drawn from the deck.
hi! gained gardens to top of deck.
gardens was drawn from the deck.
</system-out>
  </testcase>
  <testcase classname="RegressionTest" name="test155" time="0.009">
    <failure type="java.lang.AssertionError">java.lang.AssertionError
	at org.junit.Assert.fail(Assert.java:86)
	at org.junit.Assert.assertTrue(Assert.java:41)
	at org.junit.Assert.assertTrue(Assert.java:52)
	at RegressionTest.test155(RegressionTest.java:9762)
	at sun.reflect.NativeMethodAccessorImpl.invoke0(Native Method)
	at sun.reflect.NativeMethodAccessorImpl.invoke(NativeMethodAccessorImpl.java:62)
	at sun.reflect.DelegatingMethodAccessorImpl.invoke(DelegatingMethodAccessorImpl.java:43)
	at java.lang.reflect.Method.invoke(Method.java:498)
	at org.junit.runners.model.FrameworkMethod$1.runReflectiveCall(FrameworkMethod.java:47)
	at org.junit.internal.runners.model.ReflectiveCallable.run(ReflectiveCallable.java:12)
	at org.junit.runners.model.FrameworkMethod.invokeExplosively(FrameworkMethod.java:44)
	at org.junit.internal.runners.statements.InvokeMethod.evaluate(InvokeMethod.java:17)
	at org.junit.runners.ParentRunner.runLeaf(ParentRunner.java:271)
	at org.junit.runners.BlockJUnit4ClassRunner.runChild(BlockJUnit4ClassRunner.java:70)
	at org.junit.runners.BlockJUnit4ClassRunner.runChild(BlockJUnit4ClassRunner.java:50)
	at org.junit.runners.ParentRunner$3.run(ParentRunner.java:238)
	at org.junit.runners.ParentRunner$1.schedule(ParentRunner.java:63)
	at org.junit.runners.ParentRunner.runChildren(ParentRunner.java:236)
	at org.junit.runners.ParentRunner.access$000(ParentRunner.java:53)
	at org.junit.runners.ParentRunner$2.evaluate(ParentRunner.java:229)
	at org.junit.runners.ParentRunner.run(ParentRunner.java:309)
	at org.apache.maven.surefire.junit4.JUnit4Provider.execute(JUnit4Provider.java:252)
	at org.apache.maven.surefire.junit4.JUnit4Provider.executeTestSet(JUnit4Provider.java:141)
	at org.apache.maven.surefire.junit4.JUnit4Provider.invoke(JUnit4Provider.java:112)
	at sun.reflect.NativeMethodAccessorImpl.invoke0(Native Method)
	at sun.reflect.NativeMethodAccessorImpl.invoke(NativeMethodAccessorImpl.java:62)
	at sun.reflect.DelegatingMethodAccessorImpl.invoke(DelegatingMethodAccessorImpl.java:43)
	at java.lang.reflect.Method.invoke(Method.java:498)
	at org.apache.maven.surefire.util.ReflectionUtils.invokeMethodWithArray(ReflectionUtils.java:189)
	at org.apache.maven.surefire.booter.ProviderFactory$ProviderProxy.invoke(ProviderFactory.java:165)
	at org.apache.maven.surefire.booter.ProviderFactory.invokeProvider(ProviderFactory.java:85)
	at org.apache.maven.surefire.booter.ForkedBooter.runSuitesInProcess(ForkedBooter.java:115)
	at org.apache.maven.surefire.booter.ForkedBooter.main(ForkedBooter.java:75)
</failure>
    <system-out>
STARTING NEW GAME!

Player1 is now starting a turn.
Shuffling Player1&apos;s deck.
copper was drawn from the deck.
copper was drawn from the deck.
estate was drawn from the deck.
copper was drawn from the deck.
estate was drawn from the deck.
Player1 gained curse card because of embargo token.
Player1 gained curse
Player1 gained curse card because of embargo token.
Player1 gained curse
Player1 bought duchy

Player2 is now starting a turn.
Shuffling Player2&apos;s deck.
copper was drawn from the deck.
copper was drawn from the deck.
estate was drawn from the deck.
copper was drawn from the deck.
copper was drawn from the deck.
Player2 gained curse card because of embargo token.
Player2 gained curse
Player2 gained curse card because of embargo token.
Player2 gained curse
Player2 bought duchy

Player1 is now starting a turn.
copper was drawn from the deck.
estate was drawn from the deck.
copper was drawn from the deck.
copper was drawn from the deck.
copper was drawn from the deck.
Player1 gained curse card because of embargo token.
Player1 gained curse
Player1 bought mine

Player2 is now starting a turn.
copper was drawn from the deck.
copper was drawn from the deck.
estate was drawn from the deck.
estate was drawn from the deck.
copper was drawn from the deck.
Player2 gained curse card because of embargo token.
Player2 gained curse
Player2 bought mine

Player1 is now starting a turn.
Shuffling Player1&apos;s deck.
copper was drawn from the deck.
copper was drawn from the deck.
copper was drawn from the deck.
copper was drawn from the deck.
mine was drawn from the deck.
Playing action card: mine
Player1 gained gold
Player1 bought adventurer

Player2 is now starting a turn.
Shuffling Player2&apos;s deck.
copper was drawn from the deck.
copper was drawn from the deck.
copper was drawn from the deck.
curse was drawn from the deck.
estate was drawn from the deck.
Player2 bought seahag

Player1 is now starting a turn.
copper was drawn from the deck.
curse was drawn from the deck.
curse was drawn from the deck.
copper was drawn from the deck.
copper was drawn from the deck.
Player1 gained curse card because of embargo token.
Player1 gained curse
Player1 gained curse card because of embargo token.
Player1 gained curse
Player1 bought silver

Player2 is now starting a turn.
copper was drawn from the deck.
estate was drawn from the deck.
estate was drawn from the deck.
curse was drawn from the deck.
curse was drawn from the deck.
Player2 bought ambassador

Player1 is now starting a turn.
duchy was drawn from the deck.
curse was drawn from the deck.
estate was drawn from the deck.
estate was drawn from the deck.
estate was drawn from the deck.
Player1 gained curse card because of embargo token.
Player1 gained curse
Player1 gained curse card because of embargo token.
Player1 gained curse
Player1 bought village

Player2 is now starting a turn.
mine was drawn from the deck.
copper was drawn from the deck.
duchy was drawn from the deck.
copper was drawn from the deck.
copper was drawn from the deck.
Playing action card: mine
Player2 gained gold
Player2 bought adventurer

Player1 is now starting a turn.
Shuffling Player1&apos;s deck.
estate was drawn from the deck.
gold was drawn from the deck.
duchy was drawn from the deck.
curse was drawn from the deck.
copper was drawn from the deck.
Player1 bought mine

Player2 is now starting a turn.
Shuffling Player2&apos;s deck.
curse was drawn from the deck.
copper was drawn from the deck.
seahag was drawn from the deck.
copper was drawn from the deck.
estate was drawn from the deck.
Playing action card: seahag
estate was drawn from the deck.
Player1 discarded estate
Player1 gained curse to top of deck.
Player2 bought great_hall

Player1 is now starting a turn.
curse was drawn from the deck.
copper was drawn from the deck.
estate was drawn from the deck.
curse was drawn from the deck.
copper was drawn from the deck.
Player1 bought great_hall

Player2 is now starting a turn.
curse was drawn from the deck.
ambassador was drawn from the deck.
copper was drawn from the deck.
copper was drawn from the deck.
copper was drawn from the deck.
Playing action card: ambassador
Player2 returned 2 copies of copper
Player1 gained copper
Player2 bought copper

Player1 is now starting a turn.
copper was drawn from the deck.
copper was drawn from the deck.
curse was drawn from the deck.
curse was drawn from the deck.
copper was drawn from the deck.
Player1 bought silver

Player2 is now starting a turn.
estate was drawn from the deck.
copper was drawn from the deck.
duchy was drawn from the deck.
mine was drawn from the deck.
estate was drawn from the deck.
Playing action card: mine
Player2 gained gold
Player2 bought adventurer

Player1 is now starting a turn.
copper was drawn from the deck.
curse was drawn from the deck.
silver was drawn from the deck.
village was drawn from the deck.
mine was drawn from the deck.
Playing action card: village
adventurer was drawn from the deck.
Playing action card: adventurer
curse was drawn from the deck.
Player1 discarded curse
curse was drawn from the deck.
Player1 discarded curse
Playing action card: mine
Player1 gained gold
Player1 bought adventurer

Player2 is now starting a turn.
gold was drawn from the deck.
curse was drawn from the deck.
adventurer was drawn from the deck.
copper was drawn from the deck.
Shuffling Player2&apos;s deck.
copper was drawn from the deck.
Playing action card: adventurer
copper was drawn from the deck.
curse was drawn from the deck.
Player2 discarded curse
ambassador was drawn from the deck.
Player2 discarded ambassador
duchy was drawn from the deck.
Player2 discarded duchy
mine was drawn from the deck.
Player2 discarded mine
curse was drawn from the deck.
Player2 discarded curse
adventurer was drawn from the deck.
Player2 discarded adventurer
estate was drawn from the deck.
Player2 discarded estate
seahag was drawn from the deck.
Player2 discarded seahag
copper was drawn from the deck.
Player2 bought gold

Player1 is now starting a turn.
Shuffling Player1&apos;s deck.
curse was drawn from the deck.
adventurer was drawn from the deck.
adventurer was drawn from the deck.
duchy was drawn from the deck.
copper was drawn from the deck.
Playing action card: adventurer
mine was drawn from the deck.
Player1 discarded mine
estate was drawn from the deck.
Player1 discarded estate
curse was drawn from the deck.
Player1 discarded curse
curse was drawn from the deck.
Player1 discarded curse
estate was drawn from the deck.
Player1 discarded estate
copper was drawn from the deck.
copper was drawn from the deck.
Player1 bought village

Player2 is now starting a turn.
copper was drawn from the deck.
gold was drawn from the deck.
estate was drawn from the deck.
estate was drawn from the deck.
copper was drawn from the deck.
Player2 bought gold

Player1 is now starting a turn.
estate was drawn from the deck.
great_hall was drawn from the deck.
silver was drawn from the deck.
curse was drawn from the deck.
curse was drawn from the deck.
Playing action card: great_hall
gold was drawn from the deck.
Player1 bought adventurer

Player2 is now starting a turn.
great_hall was drawn from the deck.
Shuffling Player2&apos;s deck.
mine was drawn from the deck.
copper was drawn from the deck.
duchy was drawn from the deck.
copper was drawn from the deck.
Playing action card: great_hall
copper was drawn from the deck.
Playing action card: mine
Player2 gained gold
Player2 bought gold

Player1 is now starting a turn.
copper was drawn from the deck.
gold was drawn from the deck.
curse was drawn from the deck.
mine was drawn from the deck.
silver was drawn from the deck.
Playing action card: mine
Player1 gained gold
Player1 bought province

Player2 is now starting a turn.
estate was drawn from the deck.
seahag was drawn from the deck.
adventurer was drawn from the deck.
gold was drawn from the deck.
estate was drawn from the deck.
Playing action card: seahag
copper was drawn from the deck.
Player1 discarded copper
Player1 gained curse to top of deck.
Player2 bought duchy

Player1 is now starting a turn.
curse was drawn from the deck.
copper was drawn from the deck.
copper was drawn from the deck.
curse was drawn from the deck.
curse was drawn from the deck.
Player1 bought estate

Player2 is now starting a turn.
estate was drawn from the deck.
curse was drawn from the deck.
gold was drawn from the deck.
copper was drawn from the deck.
gold was drawn from the deck.
Player2 bought province

Player1 is now starting a turn.
village was drawn from the deck.
copper was drawn from the deck.
Shuffling Player1&apos;s deck.
gold was drawn from the deck.
copper was drawn from the deck.
curse was drawn from the deck.
Playing action card: village
mine was drawn from the deck.
Playing action card: mine
Player1 gained gold
Player1 bought province

Player2 is now starting a turn.
curse was drawn from the deck.
copper was drawn from the deck.
adventurer was drawn from the deck.
ambassador was drawn from the deck.
copper was drawn from the deck.
Playing action card: adventurer
curse was drawn from the deck.
Player2 discarded curse
gold was drawn from the deck.
Player2 bought mine

Player1 is now starting a turn.
estate was drawn from the deck.
curse was drawn from the deck.
copper was drawn from the deck.
silver was drawn from the deck.
gold was drawn from the deck.
Player1 bought gold

Player2 is now starting a turn.
Shuffling Player2&apos;s deck.
adventurer was drawn from the deck.
adventurer was drawn from the deck.
copper was drawn from the deck.
gold was drawn from the deck.
copper was drawn from the deck.
Playing action card: adventurer
estate was drawn from the deck.
Player2 discarded estate
estate was drawn from the deck.
Player2 discarded estate
copper was drawn from the deck.
mine was drawn from the deck.
Player2 discarded mine
seahag was drawn from the deck.
Player2 discarded seahag
gold was drawn from the deck.
Player2 bought province

Player1 is now starting a turn.
copper was drawn from the deck.
estate was drawn from the deck.
silver was drawn from the deck.
curse was drawn from the deck.
mine was drawn from the deck.
Playing action card: mine
Player1 gained gold
Player1 bought gold

Player2 is now starting a turn.
curse was drawn from the deck.
mine was drawn from the deck.
copper was drawn from the deck.
gold was drawn from the deck.
gold was drawn from the deck.
Playing action card: mine
Player2 gained gold
Player2 bought province

Player1 is now starting a turn.
curse was drawn from the deck.
duchy was drawn from the deck.
gold was drawn from the deck.
copper was drawn from the deck.
curse was drawn from the deck.
Player1 bought gardens

Player2 is now starting a turn.
copper was drawn from the deck.
gold was drawn from the deck.
gold was drawn from the deck.
curse was drawn from the deck.
great_hall was drawn from the deck.
Playing action card: great_hall
province was drawn from the deck.
Player2 bought adventurer

Player1 is now starting a turn.
curse was drawn from the deck.
estate was drawn from the deck.
copper was drawn from the deck.
great_hall was drawn from the deck.
province was drawn from the deck.
Playing action card: great_hall
copper was drawn from the deck.
Player1 bought great_hall

Player2 is now starting a turn.
duchy was drawn from the deck.
ambassador was drawn from the deck.
copper was drawn from the deck.
curse was drawn from the deck.
duchy was drawn from the deck.
Playing action card: ambassador
Player2 returned 0 copies of curse
Player2 bought copper

Player1 is now starting a turn.
adventurer was drawn from the deck.
curse was drawn from the deck.
copper was drawn from the deck.
adventurer was drawn from the deck.
adventurer was drawn from the deck.
Playing action card: adventurer
curse was drawn from the deck.
Player1 discarded curse
curse was drawn from the deck.
Player1 discarded curse
village was drawn from the deck.
Player1 discarded village
estate was drawn from the deck.
Player1 discarded estate
Player1 bought copper

Player2 is now starting a turn.
estate was drawn from the deck.
Shuffling Player2&apos;s deck.
gold was drawn from the deck.
copper was drawn from the deck.
copper was drawn from the deck.
gold was drawn from the deck.
Player2 bought province

Player1 is now starting a turn.
Shuffling Player1&apos;s deck.
copper was drawn from the deck.
estate was drawn from the deck.
gold was drawn from the deck.
gold was drawn from the deck.
copper was drawn from the deck.
Player1 bought province

Player2 is now starting a turn.
mine was drawn from the deck.
adventurer was drawn from the deck.
copper was drawn from the deck.
estate was drawn from the deck.
curse was drawn from the deck.
Playing action card: mine
Player2 gained gold
Player2 bought duchy

Player1 is now starting a turn.
copper was drawn from the deck.
village was drawn from the deck.
great_hall was drawn from the deck.
silver was drawn from the deck.
copper was drawn from the deck.
Playing action card: village
estate was drawn from the deck.
Playing action card: great_hall
silver was drawn from the deck.
Player1 bought gold

Player2 is now starting a turn.
curse was drawn from the deck.
gold was drawn from the deck.
copper was drawn from the deck.
copper was drawn from the deck.
gold was drawn from the deck.
Player2 bought province
GAME OVER! Province card pile is empty. 
Player1: 1094
Player2: 534
Player1: 1094
Player2: 534
province was drawn from the deck.
Player2 discarded province
Player2 gained curse to top of deck.
curse was drawn from the deck.
Player2 discarded curse
Player2 gained curse to top of deck.
hi! gained smithy
</system-out>
  </testcase>
  <testcase classname="RegressionTest" name="test156" time="0.009"/>
  <testcase classname="RegressionTest" name="test157" time="0.009"/>
  <testcase classname="RegressionTest" name="test158" time="0">
    <failure message="&apos;curse&apos; != &apos;copper&apos;" type="java.lang.AssertionError">java.lang.AssertionError: &apos;curse&apos; != &apos;copper&apos;
	at org.junit.Assert.fail(Assert.java:88)
	at org.junit.Assert.assertTrue(Assert.java:41)
	at RegressionTest.test158(RegressionTest.java:9981)
	at sun.reflect.NativeMethodAccessorImpl.invoke0(Native Method)
	at sun.reflect.NativeMethodAccessorImpl.invoke(NativeMethodAccessorImpl.java:62)
	at sun.reflect.DelegatingMethodAccessorImpl.invoke(DelegatingMethodAccessorImpl.java:43)
	at java.lang.reflect.Method.invoke(Method.java:498)
	at org.junit.runners.model.FrameworkMethod$1.runReflectiveCall(FrameworkMethod.java:47)
	at org.junit.internal.runners.model.ReflectiveCallable.run(ReflectiveCallable.java:12)
	at org.junit.runners.model.FrameworkMethod.invokeExplosively(FrameworkMethod.java:44)
	at org.junit.internal.runners.statements.InvokeMethod.evaluate(InvokeMethod.java:17)
	at org.junit.runners.ParentRunner.runLeaf(ParentRunner.java:271)
	at org.junit.runners.BlockJUnit4ClassRunner.runChild(BlockJUnit4ClassRunner.java:70)
	at org.junit.runners.BlockJUnit4ClassRunner.runChild(BlockJUnit4ClassRunner.java:50)
	at org.junit.runners.ParentRunner$3.run(ParentRunner.java:238)
	at org.junit.runners.ParentRunner$1.schedule(ParentRunner.java:63)
	at org.junit.runners.ParentRunner.runChildren(ParentRunner.java:236)
	at org.junit.runners.ParentRunner.access$000(ParentRunner.java:53)
	at org.junit.runners.ParentRunner$2.evaluate(ParentRunner.java:229)
	at org.junit.runners.ParentRunner.run(ParentRunner.java:309)
	at org.apache.maven.surefire.junit4.JUnit4Provider.execute(JUnit4Provider.java:252)
	at org.apache.maven.surefire.junit4.JUnit4Provider.executeTestSet(JUnit4Provider.java:141)
	at org.apache.maven.surefire.junit4.JUnit4Provider.invoke(JUnit4Provider.java:112)
	at sun.reflect.NativeMethodAccessorImpl.invoke0(Native Method)
	at sun.reflect.NativeMethodAccessorImpl.invoke(NativeMethodAccessorImpl.java:62)
	at sun.reflect.DelegatingMethodAccessorImpl.invoke(DelegatingMethodAccessorImpl.java:43)
	at java.lang.reflect.Method.invoke(Method.java:498)
	at org.apache.maven.surefire.util.ReflectionUtils.invokeMethodWithArray(ReflectionUtils.java:189)
	at org.apache.maven.surefire.booter.ProviderFactory$ProviderProxy.invoke(ProviderFactory.java:165)
	at org.apache.maven.surefire.booter.ProviderFactory.invokeProvider(ProviderFactory.java:85)
	at org.apache.maven.surefire.booter.ForkedBooter.runSuitesInProcess(ForkedBooter.java:115)
	at org.apache.maven.surefire.booter.ForkedBooter.main(ForkedBooter.java:75)
</failure>
    <system-out>Player1 had no coppers to discard. 
Player2 had no coppers to discard. 
hi! gained mine to top of deck.
mine was drawn from the deck.
</system-out>
  </testcase>
  <testcase classname="RegressionTest" name="test159" time="0.009"/>
  <testcase classname="RegressionTest" name="test160" time="0.009"/>
  <testcase classname="RegressionTest" name="test161" time="0"/>
  <testcase classname="RegressionTest" name="test162" time="0">
    <failure message="&apos;curse&apos; != &apos;copper&apos;" type="java.lang.AssertionError">java.lang.AssertionError: &apos;curse&apos; != &apos;copper&apos;
	at org.junit.Assert.fail(Assert.java:88)
	at org.junit.Assert.assertTrue(Assert.java:41)
	at RegressionTest.test162(RegressionTest.java:10226)
	at sun.reflect.NativeMethodAccessorImpl.invoke0(Native Method)
	at sun.reflect.NativeMethodAccessorImpl.invoke(NativeMethodAccessorImpl.java:62)
	at sun.reflect.DelegatingMethodAccessorImpl.invoke(DelegatingMethodAccessorImpl.java:43)
	at java.lang.reflect.Method.invoke(Method.java:498)
	at org.junit.runners.model.FrameworkMethod$1.runReflectiveCall(FrameworkMethod.java:47)
	at org.junit.internal.runners.model.ReflectiveCallable.run(ReflectiveCallable.java:12)
	at org.junit.runners.model.FrameworkMethod.invokeExplosively(FrameworkMethod.java:44)
	at org.junit.internal.runners.statements.InvokeMethod.evaluate(InvokeMethod.java:17)
	at org.junit.runners.ParentRunner.runLeaf(ParentRunner.java:271)
	at org.junit.runners.BlockJUnit4ClassRunner.runChild(BlockJUnit4ClassRunner.java:70)
	at org.junit.runners.BlockJUnit4ClassRunner.runChild(BlockJUnit4ClassRunner.java:50)
	at org.junit.runners.ParentRunner$3.run(ParentRunner.java:238)
	at org.junit.runners.ParentRunner$1.schedule(ParentRunner.java:63)
	at org.junit.runners.ParentRunner.runChildren(ParentRunner.java:236)
	at org.junit.runners.ParentRunner.access$000(ParentRunner.java:53)
	at org.junit.runners.ParentRunner$2.evaluate(ParentRunner.java:229)
	at org.junit.runners.ParentRunner.run(ParentRunner.java:309)
	at org.apache.maven.surefire.junit4.JUnit4Provider.execute(JUnit4Provider.java:252)
	at org.apache.maven.surefire.junit4.JUnit4Provider.executeTestSet(JUnit4Provider.java:141)
	at org.apache.maven.surefire.junit4.JUnit4Provider.invoke(JUnit4Provider.java:112)
	at sun.reflect.NativeMethodAccessorImpl.invoke0(Native Method)
	at sun.reflect.NativeMethodAccessorImpl.invoke(NativeMethodAccessorImpl.java:62)
	at sun.reflect.DelegatingMethodAccessorImpl.invoke(DelegatingMethodAccessorImpl.java:43)
	at java.lang.reflect.Method.invoke(Method.java:498)
	at org.apache.maven.surefire.util.ReflectionUtils.invokeMethodWithArray(ReflectionUtils.java:189)
	at org.apache.maven.surefire.booter.ProviderFactory$ProviderProxy.invoke(ProviderFactory.java:165)
	at org.apache.maven.surefire.booter.ProviderFactory.invokeProvider(ProviderFactory.java:85)
	at org.apache.maven.surefire.booter.ForkedBooter.runSuitesInProcess(ForkedBooter.java:115)
	at org.apache.maven.surefire.booter.ForkedBooter.main(ForkedBooter.java:75)
</failure>
  </testcase>
  <testcase classname="RegressionTest" name="test163" time="0.009"/>
  <testcase classname="RegressionTest" name="test164" time="0"/>
  <testcase classname="RegressionTest" name="test165" time="0"/>
  <testcase classname="RegressionTest" name="test166" time="0">
    <failure type="java.lang.AssertionError">java.lang.AssertionError
	at org.junit.Assert.fail(Assert.java:86)
	at org.junit.Assert.assertTrue(Assert.java:41)
	at org.junit.Assert.assertTrue(Assert.java:52)
	at RegressionTest.test166(RegressionTest.java:10430)
	at sun.reflect.NativeMethodAccessorImpl.invoke0(Native Method)
	at sun.reflect.NativeMethodAccessorImpl.invoke(NativeMethodAccessorImpl.java:62)
	at sun.reflect.DelegatingMethodAccessorImpl.invoke(DelegatingMethodAccessorImpl.java:43)
	at java.lang.reflect.Method.invoke(Method.java:498)
	at org.junit.runners.model.FrameworkMethod$1.runReflectiveCall(FrameworkMethod.java:47)
	at org.junit.internal.runners.model.ReflectiveCallable.run(ReflectiveCallable.java:12)
	at org.junit.runners.model.FrameworkMethod.invokeExplosively(FrameworkMethod.java:44)
	at org.junit.internal.runners.statements.InvokeMethod.evaluate(InvokeMethod.java:17)
	at org.junit.runners.ParentRunner.runLeaf(ParentRunner.java:271)
	at org.junit.runners.BlockJUnit4ClassRunner.runChild(BlockJUnit4ClassRunner.java:70)
	at org.junit.runners.BlockJUnit4ClassRunner.runChild(BlockJUnit4ClassRunner.java:50)
	at org.junit.runners.ParentRunner$3.run(ParentRunner.java:238)
	at org.junit.runners.ParentRunner$1.schedule(ParentRunner.java:63)
	at org.junit.runners.ParentRunner.runChildren(ParentRunner.java:236)
	at org.junit.runners.ParentRunner.access$000(ParentRunner.java:53)
	at org.junit.runners.ParentRunner$2.evaluate(ParentRunner.java:229)
	at org.junit.runners.ParentRunner.run(ParentRunner.java:309)
	at org.apache.maven.surefire.junit4.JUnit4Provider.execute(JUnit4Provider.java:252)
	at org.apache.maven.surefire.junit4.JUnit4Provider.executeTestSet(JUnit4Provider.java:141)
	at org.apache.maven.surefire.junit4.JUnit4Provider.invoke(JUnit4Provider.java:112)
	at sun.reflect.NativeMethodAccessorImpl.invoke0(Native Method)
	at sun.reflect.NativeMethodAccessorImpl.invoke(NativeMethodAccessorImpl.java:62)
	at sun.reflect.DelegatingMethodAccessorImpl.invoke(DelegatingMethodAccessorImpl.java:43)
	at java.lang.reflect.Method.invoke(Method.java:498)
	at org.apache.maven.surefire.util.ReflectionUtils.invokeMethodWithArray(ReflectionUtils.java:189)
	at org.apache.maven.surefire.booter.ProviderFactory$ProviderProxy.invoke(ProviderFactory.java:165)
	at org.apache.maven.surefire.booter.ProviderFactory.invokeProvider(ProviderFactory.java:85)
	at org.apache.maven.surefire.booter.ForkedBooter.runSuitesInProcess(ForkedBooter.java:115)
	at org.apache.maven.surefire.booter.ForkedBooter.main(ForkedBooter.java:75)
</failure>
  </testcase>
  <testcase classname="RegressionTest" name="test167" time="0.01"/>
  <testcase classname="RegressionTest" name="test168" time="0">
    <failure message="&apos;curse&apos; != &apos;copper&apos;" type="java.lang.AssertionError">java.lang.AssertionError: &apos;curse&apos; != &apos;copper&apos;
	at org.junit.Assert.fail(Assert.java:88)
	at org.junit.Assert.assertTrue(Assert.java:41)
	at RegressionTest.test168(RegressionTest.java:10629)
	at sun.reflect.NativeMethodAccessorImpl.invoke0(Native Method)
	at sun.reflect.NativeMethodAccessorImpl.invoke(NativeMethodAccessorImpl.java:62)
	at sun.reflect.DelegatingMethodAccessorImpl.invoke(DelegatingMethodAccessorImpl.java:43)
	at java.lang.reflect.Method.invoke(Method.java:498)
	at org.junit.runners.model.FrameworkMethod$1.runReflectiveCall(FrameworkMethod.java:47)
	at org.junit.internal.runners.model.ReflectiveCallable.run(ReflectiveCallable.java:12)
	at org.junit.runners.model.FrameworkMethod.invokeExplosively(FrameworkMethod.java:44)
	at org.junit.internal.runners.statements.InvokeMethod.evaluate(InvokeMethod.java:17)
	at org.junit.runners.ParentRunner.runLeaf(ParentRunner.java:271)
	at org.junit.runners.BlockJUnit4ClassRunner.runChild(BlockJUnit4ClassRunner.java:70)
	at org.junit.runners.BlockJUnit4ClassRunner.runChild(BlockJUnit4ClassRunner.java:50)
	at org.junit.runners.ParentRunner$3.run(ParentRunner.java:238)
	at org.junit.runners.ParentRunner$1.schedule(ParentRunner.java:63)
	at org.junit.runners.ParentRunner.runChildren(ParentRunner.java:236)
	at org.junit.runners.ParentRunner.access$000(ParentRunner.java:53)
	at org.junit.runners.ParentRunner$2.evaluate(ParentRunner.java:229)
	at org.junit.runners.ParentRunner.run(ParentRunner.java:309)
	at org.apache.maven.surefire.junit4.JUnit4Provider.execute(JUnit4Provider.java:252)
	at org.apache.maven.surefire.junit4.JUnit4Provider.executeTestSet(JUnit4Provider.java:141)
	at org.apache.maven.surefire.junit4.JUnit4Provider.invoke(JUnit4Provider.java:112)
	at sun.reflect.NativeMethodAccessorImpl.invoke0(Native Method)
	at sun.reflect.NativeMethodAccessorImpl.invoke(NativeMethodAccessorImpl.java:62)
	at sun.reflect.DelegatingMethodAccessorImpl.invoke(DelegatingMethodAccessorImpl.java:43)
	at java.lang.reflect.Method.invoke(Method.java:498)
	at org.apache.maven.surefire.util.ReflectionUtils.invokeMethodWithArray(ReflectionUtils.java:189)
	at org.apache.maven.surefire.booter.ProviderFactory$ProviderProxy.invoke(ProviderFactory.java:165)
	at org.apache.maven.surefire.booter.ProviderFactory.invokeProvider(ProviderFactory.java:85)
	at org.apache.maven.surefire.booter.ForkedBooter.runSuitesInProcess(ForkedBooter.java:115)
	at org.apache.maven.surefire.booter.ForkedBooter.main(ForkedBooter.java:75)
</failure>
    <system-out>Player1 had no coppers to discard. 
Player2 had no coppers to discard. 
hi! gained mine to top of deck.
hi! discarded council_room
hi! gained feast to top of deck.
Shuffling Player2&apos;s deck.
copper was drawn from the deck.
Player2 discarded copper
Player2 gained curse to top of deck.
</system-out>
  </testcase>
  <testcase classname="RegressionTest" name="test169" time="0.009"/>
  <testcase classname="RegressionTest" name="test170" time="0"/>
  <testcase classname="RegressionTest" name="test171" time="0">
    <failure message="&apos;curse&apos; != &apos;copper&apos;" type="java.lang.AssertionError">java.lang.AssertionError: &apos;curse&apos; != &apos;copper&apos;
	at org.junit.Assert.fail(Assert.java:88)
	at org.junit.Assert.assertTrue(Assert.java:41)
	at RegressionTest.test171(RegressionTest.java:10763)
	at sun.reflect.NativeMethodAccessorImpl.invoke0(Native Method)
	at sun.reflect.NativeMethodAccessorImpl.invoke(NativeMethodAccessorImpl.java:62)
	at sun.reflect.DelegatingMethodAccessorImpl.invoke(DelegatingMethodAccessorImpl.java:43)
	at java.lang.reflect.Method.invoke(Method.java:498)
	at org.junit.runners.model.FrameworkMethod$1.runReflectiveCall(FrameworkMethod.java:47)
	at org.junit.internal.runners.model.ReflectiveCallable.run(ReflectiveCallable.java:12)
	at org.junit.runners.model.FrameworkMethod.invokeExplosively(FrameworkMethod.java:44)
	at org.junit.internal.runners.statements.InvokeMethod.evaluate(InvokeMethod.java:17)
	at org.junit.runners.ParentRunner.runLeaf(ParentRunner.java:271)
	at org.junit.runners.BlockJUnit4ClassRunner.runChild(BlockJUnit4ClassRunner.java:70)
	at org.junit.runners.BlockJUnit4ClassRunner.runChild(BlockJUnit4ClassRunner.java:50)
	at org.junit.runners.ParentRunner$3.run(ParentRunner.java:238)
	at org.junit.runners.ParentRunner$1.schedule(ParentRunner.java:63)
	at org.junit.runners.ParentRunner.runChildren(ParentRunner.java:236)
	at org.junit.runners.ParentRunner.access$000(ParentRunner.java:53)
	at org.junit.runners.ParentRunner$2.evaluate(ParentRunner.java:229)
	at org.junit.runners.ParentRunner.run(ParentRunner.java:309)
	at org.apache.maven.surefire.junit4.JUnit4Provider.execute(JUnit4Provider.java:252)
	at org.apache.maven.surefire.junit4.JUnit4Provider.executeTestSet(JUnit4Provider.java:141)
	at org.apache.maven.surefire.junit4.JUnit4Provider.invoke(JUnit4Provider.java:112)
	at sun.reflect.NativeMethodAccessorImpl.invoke0(Native Method)
	at sun.reflect.NativeMethodAccessorImpl.invoke(NativeMethodAccessorImpl.java:62)
	at sun.reflect.DelegatingMethodAccessorImpl.invoke(DelegatingMethodAccessorImpl.java:43)
	at java.lang.reflect.Method.invoke(Method.java:498)
	at org.apache.maven.surefire.util.ReflectionUtils.invokeMethodWithArray(ReflectionUtils.java:189)
	at org.apache.maven.surefire.booter.ProviderFactory$ProviderProxy.invoke(ProviderFactory.java:165)
	at org.apache.maven.surefire.booter.ProviderFactory.invokeProvider(ProviderFactory.java:85)
	at org.apache.maven.surefire.booter.ForkedBooter.runSuitesInProcess(ForkedBooter.java:115)
	at org.apache.maven.surefire.booter.ForkedBooter.main(ForkedBooter.java:75)
</failure>
  </testcase>
  <testcase classname="RegressionTest" name="test172" time="0"/>
  <testcase classname="RegressionTest" name="test173" time="0"/>
  <testcase classname="RegressionTest" name="test174" time="0.001">
    <failure message="&apos;curse&apos; != &apos;copper&apos;" type="java.lang.AssertionError">java.lang.AssertionError: &apos;curse&apos; != &apos;copper&apos;
	at org.junit.Assert.fail(Assert.java:88)
	at org.junit.Assert.assertTrue(Assert.java:41)
	at RegressionTest.test174(RegressionTest.java:10983)
	at sun.reflect.NativeMethodAccessorImpl.invoke0(Native Method)
	at sun.reflect.NativeMethodAccessorImpl.invoke(NativeMethodAccessorImpl.java:62)
	at sun.reflect.DelegatingMethodAccessorImpl.invoke(DelegatingMethodAccessorImpl.java:43)
	at java.lang.reflect.Method.invoke(Method.java:498)
	at org.junit.runners.model.FrameworkMethod$1.runReflectiveCall(FrameworkMethod.java:47)
	at org.junit.internal.runners.model.ReflectiveCallable.run(ReflectiveCallable.java:12)
	at org.junit.runners.model.FrameworkMethod.invokeExplosively(FrameworkMethod.java:44)
	at org.junit.internal.runners.statements.InvokeMethod.evaluate(InvokeMethod.java:17)
	at org.junit.runners.ParentRunner.runLeaf(ParentRunner.java:271)
	at org.junit.runners.BlockJUnit4ClassRunner.runChild(BlockJUnit4ClassRunner.java:70)
	at org.junit.runners.BlockJUnit4ClassRunner.runChild(BlockJUnit4ClassRunner.java:50)
	at org.junit.runners.ParentRunner$3.run(ParentRunner.java:238)
	at org.junit.runners.ParentRunner$1.schedule(ParentRunner.java:63)
	at org.junit.runners.ParentRunner.runChildren(ParentRunner.java:236)
	at org.junit.runners.ParentRunner.access$000(ParentRunner.java:53)
	at org.junit.runners.ParentRunner$2.evaluate(ParentRunner.java:229)
	at org.junit.runners.ParentRunner.run(ParentRunner.java:309)
	at org.apache.maven.surefire.junit4.JUnit4Provider.execute(JUnit4Provider.java:252)
	at org.apache.maven.surefire.junit4.JUnit4Provider.executeTestSet(JUnit4Provider.java:141)
	at org.apache.maven.surefire.junit4.JUnit4Provider.invoke(JUnit4Provider.java:112)
	at sun.reflect.NativeMethodAccessorImpl.invoke0(Native Method)
	at sun.reflect.NativeMethodAccessorImpl.invoke(NativeMethodAccessorImpl.java:62)
	at sun.reflect.DelegatingMethodAccessorImpl.invoke(DelegatingMethodAccessorImpl.java:43)
	at java.lang.reflect.Method.invoke(Method.java:498)
	at org.apache.maven.surefire.util.ReflectionUtils.invokeMethodWithArray(ReflectionUtils.java:189)
	at org.apache.maven.surefire.booter.ProviderFactory$ProviderProxy.invoke(ProviderFactory.java:165)
	at org.apache.maven.surefire.booter.ProviderFactory.invokeProvider(ProviderFactory.java:85)
	at org.apache.maven.surefire.booter.ForkedBooter.runSuitesInProcess(ForkedBooter.java:115)
	at org.apache.maven.surefire.booter.ForkedBooter.main(ForkedBooter.java:75)
</failure>
    <system-out>Player1 had no coppers to discard. 
Player2 had no coppers to discard. 
hi! gained mine to top of deck.
Shuffling Player1&apos;s deck.
copper was drawn from the deck.
Shuffling Player2&apos;s deck.
copper was drawn from the deck.
hi! gained curse
</system-out>
  </testcase>
  <testcase classname="RegressionTest" name="test175" time="0.008"/>
  <testcase classname="RegressionTest" name="test176" time="0.001"/>
  <testcase classname="RegressionTest" name="test177" time="0">
    <failure type="java.lang.AssertionError">java.lang.AssertionError
	at org.junit.Assert.fail(Assert.java:86)
	at org.junit.Assert.assertTrue(Assert.java:41)
	at org.junit.Assert.assertTrue(Assert.java:52)
	at RegressionTest.test177(RegressionTest.java:11180)
	at sun.reflect.NativeMethodAccessorImpl.invoke0(Native Method)
	at sun.reflect.NativeMethodAccessorImpl.invoke(NativeMethodAccessorImpl.java:62)
	at sun.reflect.DelegatingMethodAccessorImpl.invoke(DelegatingMethodAccessorImpl.java:43)
	at java.lang.reflect.Method.invoke(Method.java:498)
	at org.junit.runners.model.FrameworkMethod$1.runReflectiveCall(FrameworkMethod.java:47)
	at org.junit.internal.runners.model.ReflectiveCallable.run(ReflectiveCallable.java:12)
	at org.junit.runners.model.FrameworkMethod.invokeExplosively(FrameworkMethod.java:44)
	at org.junit.internal.runners.statements.InvokeMethod.evaluate(InvokeMethod.java:17)
	at org.junit.runners.ParentRunner.runLeaf(ParentRunner.java:271)
	at org.junit.runners.BlockJUnit4ClassRunner.runChild(BlockJUnit4ClassRunner.java:70)
	at org.junit.runners.BlockJUnit4ClassRunner.runChild(BlockJUnit4ClassRunner.java:50)
	at org.junit.runners.ParentRunner$3.run(ParentRunner.java:238)
	at org.junit.runners.ParentRunner$1.schedule(ParentRunner.java:63)
	at org.junit.runners.ParentRunner.runChildren(ParentRunner.java:236)
	at org.junit.runners.ParentRunner.access$000(ParentRunner.java:53)
	at org.junit.runners.ParentRunner$2.evaluate(ParentRunner.java:229)
	at org.junit.runners.ParentRunner.run(ParentRunner.java:309)
	at org.apache.maven.surefire.junit4.JUnit4Provider.execute(JUnit4Provider.java:252)
	at org.apache.maven.surefire.junit4.JUnit4Provider.executeTestSet(JUnit4Provider.java:141)
	at org.apache.maven.surefire.junit4.JUnit4Provider.invoke(JUnit4Provider.java:112)
	at sun.reflect.NativeMethodAccessorImpl.invoke0(Native Method)
	at sun.reflect.NativeMethodAccessorImpl.invoke(NativeMethodAccessorImpl.java:62)
	at sun.reflect.DelegatingMethodAccessorImpl.invoke(DelegatingMethodAccessorImpl.java:43)
	at java.lang.reflect.Method.invoke(Method.java:498)
	at org.apache.maven.surefire.util.ReflectionUtils.invokeMethodWithArray(ReflectionUtils.java:189)
	at org.apache.maven.surefire.booter.ProviderFactory$ProviderProxy.invoke(ProviderFactory.java:165)
	at org.apache.maven.surefire.booter.ProviderFactory.invokeProvider(ProviderFactory.java:85)
	at org.apache.maven.surefire.booter.ForkedBooter.runSuitesInProcess(ForkedBooter.java:115)
	at org.apache.maven.surefire.booter.ForkedBooter.main(ForkedBooter.java:75)
</failure>
    <system-out>Player1 had no coppers to discard. 
Player2 had no coppers to discard. 
hi! gained mine to top of deck.
mine was drawn from the deck.
</system-out>
  </testcase>
  <testcase classname="RegressionTest" name="test178" time="0.018">
    <failure type="java.lang.AssertionError">java.lang.AssertionError
	at org.junit.Assert.fail(Assert.java:86)
	at org.junit.Assert.assertTrue(Assert.java:41)
	at org.junit.Assert.assertTrue(Assert.java:52)
	at RegressionTest.test178(RegressionTest.java:11234)
	at sun.reflect.NativeMethodAccessorImpl.invoke0(Native Method)
	at sun.reflect.NativeMethodAccessorImpl.invoke(NativeMethodAccessorImpl.java:62)
	at sun.reflect.DelegatingMethodAccessorImpl.invoke(DelegatingMethodAccessorImpl.java:43)
	at java.lang.reflect.Method.invoke(Method.java:498)
	at org.junit.runners.model.FrameworkMethod$1.runReflectiveCall(FrameworkMethod.java:47)
	at org.junit.internal.runners.model.ReflectiveCallable.run(ReflectiveCallable.java:12)
	at org.junit.runners.model.FrameworkMethod.invokeExplosively(FrameworkMethod.java:44)
	at org.junit.internal.runners.statements.InvokeMethod.evaluate(InvokeMethod.java:17)
	at org.junit.runners.ParentRunner.runLeaf(ParentRunner.java:271)
	at org.junit.runners.BlockJUnit4ClassRunner.runChild(BlockJUnit4ClassRunner.java:70)
	at org.junit.runners.BlockJUnit4ClassRunner.runChild(BlockJUnit4ClassRunner.java:50)
	at org.junit.runners.ParentRunner$3.run(ParentRunner.java:238)
	at org.junit.runners.ParentRunner$1.schedule(ParentRunner.java:63)
	at org.junit.runners.ParentRunner.runChildren(ParentRunner.java:236)
	at org.junit.runners.ParentRunner.access$000(ParentRunner.java:53)
	at org.junit.runners.ParentRunner$2.evaluate(ParentRunner.java:229)
	at org.junit.runners.ParentRunner.run(ParentRunner.java:309)
	at org.apache.maven.surefire.junit4.JUnit4Provider.execute(JUnit4Provider.java:252)
	at org.apache.maven.surefire.junit4.JUnit4Provider.executeTestSet(JUnit4Provider.java:141)
	at org.apache.maven.surefire.junit4.JUnit4Provider.invoke(JUnit4Provider.java:112)
	at sun.reflect.NativeMethodAccessorImpl.invoke0(Native Method)
	at sun.reflect.NativeMethodAccessorImpl.invoke(NativeMethodAccessorImpl.java:62)
	at sun.reflect.DelegatingMethodAccessorImpl.invoke(DelegatingMethodAccessorImpl.java:43)
	at java.lang.reflect.Method.invoke(Method.java:498)
	at org.apache.maven.surefire.util.ReflectionUtils.invokeMethodWithArray(ReflectionUtils.java:189)
	at org.apache.maven.surefire.booter.ProviderFactory$ProviderProxy.invoke(ProviderFactory.java:165)
	at org.apache.maven.surefire.booter.ProviderFactory.invokeProvider(ProviderFactory.java:85)
	at org.apache.maven.surefire.booter.ForkedBooter.runSuitesInProcess(ForkedBooter.java:115)
	at org.apache.maven.surefire.booter.ForkedBooter.main(ForkedBooter.java:75)
</failure>
    <system-out>
STARTING NEW GAME!

Player1 is now starting a turn.
Shuffling Player1&apos;s deck.
copper was drawn from the deck.
copper was drawn from the deck.
estate was drawn from the deck.
copper was drawn from the deck.
estate was drawn from the deck.
Player1 gained curse card because of embargo token.
Player1 gained curse
Player1 gained curse card because of embargo token.
Player1 gained curse
Player1 bought duchy

Player2 is now starting a turn.
Shuffling Player2&apos;s deck.
copper was drawn from the deck.
copper was drawn from the deck.
estate was drawn from the deck.
copper was drawn from the deck.
copper was drawn from the deck.
Player2 gained curse card because of embargo token.
Player2 gained curse
Player2 gained curse card because of embargo token.
Player2 gained curse
Player2 bought duchy

Player1 is now starting a turn.
copper was drawn from the deck.
estate was drawn from the deck.
copper was drawn from the deck.
copper was drawn from the deck.
copper was drawn from the deck.
Player1 gained curse card because of embargo token.
Player1 gained curse
Player1 bought mine

Player2 is now starting a turn.
copper was drawn from the deck.
copper was drawn from the deck.
estate was drawn from the deck.
estate was drawn from the deck.
copper was drawn from the deck.
Player2 gained curse card because of embargo token.
Player2 gained curse
Player2 bought mine

Player1 is now starting a turn.
Shuffling Player1&apos;s deck.
copper was drawn from the deck.
copper was drawn from the deck.
copper was drawn from the deck.
copper was drawn from the deck.
mine was drawn from the deck.
Playing action card: mine
Player1 gained gold
Player1 bought adventurer

Player2 is now starting a turn.
Shuffling Player2&apos;s deck.
copper was drawn from the deck.
copper was drawn from the deck.
copper was drawn from the deck.
curse was drawn from the deck.
estate was drawn from the deck.
Player2 bought seahag

Player1 is now starting a turn.
copper was drawn from the deck.
curse was drawn from the deck.
curse was drawn from the deck.
copper was drawn from the deck.
copper was drawn from the deck.
Player1 gained curse card because of embargo token.
Player1 gained curse
Player1 gained curse card because of embargo token.
Player1 gained curse
Player1 bought silver

Player2 is now starting a turn.
copper was drawn from the deck.
estate was drawn from the deck.
estate was drawn from the deck.
curse was drawn from the deck.
curse was drawn from the deck.
Player2 bought ambassador

Player1 is now starting a turn.
duchy was drawn from the deck.
curse was drawn from the deck.
estate was drawn from the deck.
estate was drawn from the deck.
estate was drawn from the deck.
Player1 gained curse card because of embargo token.
Player1 gained curse
Player1 gained curse card because of embargo token.
Player1 gained curse
Player1 bought village

Player2 is now starting a turn.
mine was drawn from the deck.
copper was drawn from the deck.
duchy was drawn from the deck.
copper was drawn from the deck.
copper was drawn from the deck.
Playing action card: mine
Player2 gained gold
Player2 bought adventurer

Player1 is now starting a turn.
Shuffling Player1&apos;s deck.
estate was drawn from the deck.
gold was drawn from the deck.
duchy was drawn from the deck.
curse was drawn from the deck.
copper was drawn from the deck.
Player1 bought mine

Player2 is now starting a turn.
Shuffling Player2&apos;s deck.
curse was drawn from the deck.
copper was drawn from the deck.
seahag was drawn from the deck.
copper was drawn from the deck.
estate was drawn from the deck.
Playing action card: seahag
estate was drawn from the deck.
Player1 discarded estate
Player1 gained curse to top of deck.
Player2 bought great_hall

Player1 is now starting a turn.
curse was drawn from the deck.
copper was drawn from the deck.
estate was drawn from the deck.
curse was drawn from the deck.
copper was drawn from the deck.
Player1 bought great_hall

Player2 is now starting a turn.
curse was drawn from the deck.
ambassador was drawn from the deck.
copper was drawn from the deck.
copper was drawn from the deck.
copper was drawn from the deck.
Playing action card: ambassador
Player2 returned 2 copies of copper
Player1 gained copper
Player2 bought copper

Player1 is now starting a turn.
copper was drawn from the deck.
copper was drawn from the deck.
curse was drawn from the deck.
curse was drawn from the deck.
copper was drawn from the deck.
Player1 bought silver

Player2 is now starting a turn.
estate was drawn from the deck.
copper was drawn from the deck.
duchy was drawn from the deck.
mine was drawn from the deck.
estate was drawn from the deck.
Playing action card: mine
Player2 gained gold
Player2 bought adventurer

Player1 is now starting a turn.
copper was drawn from the deck.
curse was drawn from the deck.
silver was drawn from the deck.
village was drawn from the deck.
mine was drawn from the deck.
Playing action card: village
adventurer was drawn from the deck.
Playing action card: adventurer
curse was drawn from the deck.
Player1 discarded curse
curse was drawn from the deck.
Player1 discarded curse
Playing action card: mine
Player1 gained gold
Player1 bought adventurer

Player2 is now starting a turn.
gold was drawn from the deck.
curse was drawn from the deck.
adventurer was drawn from the deck.
copper was drawn from the deck.
Shuffling Player2&apos;s deck.
copper was drawn from the deck.
Playing action card: adventurer
copper was drawn from the deck.
curse was drawn from the deck.
Player2 discarded curse
ambassador was drawn from the deck.
Player2 discarded ambassador
duchy was drawn from the deck.
Player2 discarded duchy
mine was drawn from the deck.
Player2 discarded mine
curse was drawn from the deck.
Player2 discarded curse
adventurer was drawn from the deck.
Player2 discarded adventurer
estate was drawn from the deck.
Player2 discarded estate
seahag was drawn from the deck.
Player2 discarded seahag
copper was drawn from the deck.
Player2 bought gold

Player1 is now starting a turn.
Shuffling Player1&apos;s deck.
curse was drawn from the deck.
adventurer was drawn from the deck.
adventurer was drawn from the deck.
duchy was drawn from the deck.
copper was drawn from the deck.
Playing action card: adventurer
mine was drawn from the deck.
Player1 discarded mine
estate was drawn from the deck.
Player1 discarded estate
curse was drawn from the deck.
Player1 discarded curse
curse was drawn from the deck.
Player1 discarded curse
estate was drawn from the deck.
Player1 discarded estate
copper was drawn from the deck.
copper was drawn from the deck.
Player1 bought village

Player2 is now starting a turn.
copper was drawn from the deck.
gold was drawn from the deck.
estate was drawn from the deck.
estate was drawn from the deck.
copper was drawn from the deck.
Player2 bought gold

Player1 is now starting a turn.
estate was drawn from the deck.
great_hall was drawn from the deck.
silver was drawn from the deck.
curse was drawn from the deck.
curse was drawn from the deck.
Playing action card: great_hall
gold was drawn from the deck.
Player1 bought adventurer

Player2 is now starting a turn.
great_hall was drawn from the deck.
Shuffling Player2&apos;s deck.
mine was drawn from the deck.
copper was drawn from the deck.
duchy was drawn from the deck.
copper was drawn from the deck.
Playing action card: great_hall
copper was drawn from the deck.
Playing action card: mine
Player2 gained gold
Player2 bought gold

Player1 is now starting a turn.
copper was drawn from the deck.
gold was drawn from the deck.
curse was drawn from the deck.
mine was drawn from the deck.
silver was drawn from the deck.
Playing action card: mine
Player1 gained gold
Player1 bought province

Player2 is now starting a turn.
estate was drawn from the deck.
seahag was drawn from the deck.
adventurer was drawn from the deck.
gold was drawn from the deck.
estate was drawn from the deck.
Playing action card: seahag
copper was drawn from the deck.
Player1 discarded copper
Player1 gained curse to top of deck.
Player2 bought duchy

Player1 is now starting a turn.
curse was drawn from the deck.
copper was drawn from the deck.
copper was drawn from the deck.
curse was drawn from the deck.
curse was drawn from the deck.
Player1 bought estate

Player2 is now starting a turn.
estate was drawn from the deck.
curse was drawn from the deck.
gold was drawn from the deck.
copper was drawn from the deck.
gold was drawn from the deck.
Player2 bought province

Player1 is now starting a turn.
village was drawn from the deck.
copper was drawn from the deck.
Shuffling Player1&apos;s deck.
gold was drawn from the deck.
copper was drawn from the deck.
curse was drawn from the deck.
Playing action card: village
mine was drawn from the deck.
Playing action card: mine
Player1 gained gold
Player1 bought province

Player2 is now starting a turn.
curse was drawn from the deck.
copper was drawn from the deck.
adventurer was drawn from the deck.
ambassador was drawn from the deck.
copper was drawn from the deck.
Playing action card: adventurer
curse was drawn from the deck.
Player2 discarded curse
gold was drawn from the deck.
Player2 bought mine

Player1 is now starting a turn.
estate was drawn from the deck.
curse was drawn from the deck.
copper was drawn from the deck.
silver was drawn from the deck.
gold was drawn from the deck.
Player1 bought gold

Player2 is now starting a turn.
Shuffling Player2&apos;s deck.
adventurer was drawn from the deck.
adventurer was drawn from the deck.
copper was drawn from the deck.
gold was drawn from the deck.
copper was drawn from the deck.
Playing action card: adventurer
estate was drawn from the deck.
Player2 discarded estate
estate was drawn from the deck.
Player2 discarded estate
copper was drawn from the deck.
mine was drawn from the deck.
Player2 discarded mine
seahag was drawn from the deck.
Player2 discarded seahag
gold was drawn from the deck.
Player2 bought province

Player1 is now starting a turn.
copper was drawn from the deck.
estate was drawn from the deck.
silver was drawn from the deck.
curse was drawn from the deck.
mine was drawn from the deck.
Playing action card: mine
Player1 gained gold
Player1 bought gold

Player2 is now starting a turn.
curse was drawn from the deck.
mine was drawn from the deck.
copper was drawn from the deck.
gold was drawn from the deck.
gold was drawn from the deck.
Playing action card: mine
Player2 gained gold
Player2 bought province

Player1 is now starting a turn.
curse was drawn from the deck.
duchy was drawn from the deck.
gold was drawn from the deck.
copper was drawn from the deck.
curse was drawn from the deck.
Player1 bought gardens

Player2 is now starting a turn.
copper was drawn from the deck.
gold was drawn from the deck.
gold was drawn from the deck.
curse was drawn from the deck.
great_hall was drawn from the deck.
Playing action card: great_hall
province was drawn from the deck.
Player2 bought adventurer

Player1 is now starting a turn.
curse was drawn from the deck.
estate was drawn from the deck.
copper was drawn from the deck.
great_hall was drawn from the deck.
province was drawn from the deck.
Playing action card: great_hall
copper was drawn from the deck.
Player1 bought great_hall

Player2 is now starting a turn.
duchy was drawn from the deck.
ambassador was drawn from the deck.
copper was drawn from the deck.
curse was drawn from the deck.
duchy was drawn from the deck.
Playing action card: ambassador
Player2 returned 0 copies of curse
Player2 bought copper

Player1 is now starting a turn.
adventurer was drawn from the deck.
curse was drawn from the deck.
copper was drawn from the deck.
adventurer was drawn from the deck.
adventurer was drawn from the deck.
Playing action card: adventurer
curse was drawn from the deck.
Player1 discarded curse
curse was drawn from the deck.
Player1 discarded curse
village was drawn from the deck.
Player1 discarded village
estate was drawn from the deck.
Player1 discarded estate
Player1 bought copper

Player2 is now starting a turn.
estate was drawn from the deck.
Shuffling Player2&apos;s deck.
gold was drawn from the deck.
copper was drawn from the deck.
copper was drawn from the deck.
gold was drawn from the deck.
Player2 bought province

Player1 is now starting a turn.
Shuffling Player1&apos;s deck.
copper was drawn from the deck.
estate was drawn from the deck.
gold was drawn from the deck.
gold was drawn from the deck.
copper was drawn from the deck.
Player1 bought province

Player2 is now starting a turn.
mine was drawn from the deck.
adventurer was drawn from the deck.
copper was drawn from the deck.
estate was drawn from the deck.
curse was drawn from the deck.
Playing action card: mine
Player2 gained gold
Player2 bought duchy

Player1 is now starting a turn.
copper was drawn from the deck.
village was drawn from the deck.
great_hall was drawn from the deck.
silver was drawn from the deck.
copper was drawn from the deck.
Playing action card: village
estate was drawn from the deck.
Playing action card: great_hall
silver was drawn from the deck.
Player1 bought gold

Player2 is now starting a turn.
curse was drawn from the deck.
gold was drawn from the deck.
copper was drawn from the deck.
copper was drawn from the deck.
gold was drawn from the deck.
Player2 bought province
GAME OVER! Province card pile is empty. 
Player1: 248
Player2: 252
Player1: 248
Player2: 252
GAME OVER! Province card pile is empty. 

STARTING NEW GAME!

Player1 is now starting a turn.
Shuffling Player1&apos;s deck.
copper was drawn from the deck.
copper was drawn from the deck.
estate was drawn from the deck.
copper was drawn from the deck.
estate was drawn from the deck.
Player1 gained curse card because of embargo token.
Player1 gained curse
Player1 gained curse card because of embargo token.
Player1 gained curse
Player1 bought duchy

Player2 is now starting a turn.
Shuffling Player2&apos;s deck.
copper was drawn from the deck.
copper was drawn from the deck.
estate was drawn from the deck.
copper was drawn from the deck.
copper was drawn from the deck.
Player2 gained curse card because of embargo token.
Player2 gained curse
Player2 gained curse card because of embargo token.
Player2 gained curse
Player2 bought duchy

Player1 is now starting a turn.
copper was drawn from the deck.
estate was drawn from the deck.
copper was drawn from the deck.
copper was drawn from the deck.
copper was drawn from the deck.
Player1 gained curse card because of embargo token.
Player1 gained curse
Player1 bought mine

Player2 is now starting a turn.
copper was drawn from the deck.
copper was drawn from the deck.
estate was drawn from the deck.
estate was drawn from the deck.
copper was drawn from the deck.
Player2 gained curse card because of embargo token.
Player2 gained curse
Player2 bought mine

Player1 is now starting a turn.
Shuffling Player1&apos;s deck.
copper was drawn from the deck.
copper was drawn from the deck.
copper was drawn from the deck.
copper was drawn from the deck.
mine was drawn from the deck.
Playing action card: mine
Player1 gained gold
Player1 bought adventurer

Player2 is now starting a turn.
Shuffling Player2&apos;s deck.
copper was drawn from the deck.
copper was drawn from the deck.
copper was drawn from the deck.
curse was drawn from the deck.
estate was drawn from the deck.
Player2 bought seahag

Player1 is now starting a turn.
copper was drawn from the deck.
curse was drawn from the deck.
curse was drawn from the deck.
copper was drawn from the deck.
copper was drawn from the deck.
Player1 gained curse card because of embargo token.
Player1 gained curse
Player1 gained curse card because of embargo token.
Player1 gained curse
Player1 bought silver

Player2 is now starting a turn.
copper was drawn from the deck.
estate was drawn from the deck.
estate was drawn from the deck.
curse was drawn from the deck.
curse was drawn from the deck.
Player2 bought ambassador

Player1 is now starting a turn.
duchy was drawn from the deck.
curse was drawn from the deck.
estate was drawn from the deck.
estate was drawn from the deck.
estate was drawn from the deck.
Player1 gained curse card because of embargo token.
Player1 gained curse
Player1 gained curse card because of embargo token.
Player1 gained curse
Player1 bought village

Player2 is now starting a turn.
mine was drawn from the deck.
copper was drawn from the deck.
duchy was drawn from the deck.
copper was drawn from the deck.
copper was drawn from the deck.
Playing action card: mine
Player2 gained gold
Player2 bought adventurer

Player1 is now starting a turn.
Shuffling Player1&apos;s deck.
estate was drawn from the deck.
gold was drawn from the deck.
duchy was drawn from the deck.
curse was drawn from the deck.
copper was drawn from the deck.
Player1 bought mine

Player2 is now starting a turn.
Shuffling Player2&apos;s deck.
curse was drawn from the deck.
copper was drawn from the deck.
seahag was drawn from the deck.
copper was drawn from the deck.
estate was drawn from the deck.
Playing action card: seahag
estate was drawn from the deck.
Player1 discarded estate
Player1 gained curse to top of deck.
Player2 bought great_hall

Player1 is now starting a turn.
curse was drawn from the deck.
copper was drawn from the deck.
estate was drawn from the deck.
curse was drawn from the deck.
copper was drawn from the deck.
Player1 bought great_hall

Player2 is now starting a turn.
curse was drawn from the deck.
ambassador was drawn from the deck.
copper was drawn from the deck.
copper was drawn from the deck.
copper was drawn from the deck.
Playing action card: ambassador
Player2 returned 2 copies of copper
Player1 gained copper
Player2 bought copper

Player1 is now starting a turn.
copper was drawn from the deck.
copper was drawn from the deck.
curse was drawn from the deck.
curse was drawn from the deck.
copper was drawn from the deck.
Player1 bought silver

Player2 is now starting a turn.
estate was drawn from the deck.
copper was drawn from the deck.
duchy was drawn from the deck.
mine was drawn from the deck.
estate was drawn from the deck.
Playing action card: mine
Player2 gained gold
Player2 bought adventurer

Player1 is now starting a turn.
copper was drawn from the deck.
curse was drawn from the deck.
silver was drawn from the deck.
village was drawn from the deck.
mine was drawn from the deck.
Playing action card: village
adventurer was drawn from the deck.
Playing action card: adventurer
curse was drawn from the deck.
Player1 discarded curse
curse was drawn from the deck.
Player1 discarded curse
Playing action card: mine
Player1 gained gold
Player1 bought adventurer

Player2 is now starting a turn.
gold was drawn from the deck.
curse was drawn from the deck.
adventurer was drawn from the deck.
copper was drawn from the deck.
Shuffling Player2&apos;s deck.
copper was drawn from the deck.
Playing action card: adventurer
copper was drawn from the deck.
curse was drawn from the deck.
Player2 discarded curse
ambassador was drawn from the deck.
Player2 discarded ambassador
duchy was drawn from the deck.
Player2 discarded duchy
mine was drawn from the deck.
Player2 discarded mine
curse was drawn from the deck.
Player2 discarded curse
adventurer was drawn from the deck.
Player2 discarded adventurer
estate was drawn from the deck.
Player2 discarded estate
seahag was drawn from the deck.
Player2 discarded seahag
copper was drawn from the deck.
Player2 bought gold

Player1 is now starting a turn.
Shuffling Player1&apos;s deck.
curse was drawn from the deck.
adventurer was drawn from the deck.
adventurer was drawn from the deck.
duchy was drawn from the deck.
copper was drawn from the deck.
Playing action card: adventurer
mine was drawn from the deck.
Player1 discarded mine
estate was drawn from the deck.
Player1 discarded estate
curse was drawn from the deck.
Player1 discarded curse
curse was drawn from the deck.
Player1 discarded curse
estate was drawn from the deck.
Player1 discarded estate
copper was drawn from the deck.
copper was drawn from the deck.
Player1 bought village

Player2 is now starting a turn.
copper was drawn from the deck.
gold was drawn from the deck.
estate was drawn from the deck.
estate was drawn from the deck.
copper was drawn from the deck.
Player2 bought gold

Player1 is now starting a turn.
estate was drawn from the deck.
great_hall was drawn from the deck.
silver was drawn from the deck.
curse was drawn from the deck.
curse was drawn from the deck.
Playing action card: great_hall
gold was drawn from the deck.
Player1 bought adventurer

Player2 is now starting a turn.
great_hall was drawn from the deck.
Shuffling Player2&apos;s deck.
mine was drawn from the deck.
copper was drawn from the deck.
duchy was drawn from the deck.
copper was drawn from the deck.
Playing action card: great_hall
copper was drawn from the deck.
Playing action card: mine
Player2 gained gold
Player2 bought gold

Player1 is now starting a turn.
copper was drawn from the deck.
gold was drawn from the deck.
curse was drawn from the deck.
mine was drawn from the deck.
silver was drawn from the deck.
Playing action card: mine
Player1 gained gold
Player1 bought province

Player2 is now starting a turn.
estate was drawn from the deck.
seahag was drawn from the deck.
adventurer was drawn from the deck.
gold was drawn from the deck.
estate was drawn from the deck.
Playing action card: seahag
copper was drawn from the deck.
Player1 discarded copper
Player1 gained curse to top of deck.
Player2 bought duchy

Player1 is now starting a turn.
curse was drawn from the deck.
copper was drawn from the deck.
copper was drawn from the deck.
curse was drawn from the deck.
curse was drawn from the deck.
Player1 bought estate

Player2 is now starting a turn.
estate was drawn from the deck.
curse was drawn from the deck.
gold was drawn from the deck.
copper was drawn from the deck.
gold was drawn from the deck.
Player2 bought province

Player1 is now starting a turn.
village was drawn from the deck.
copper was drawn from the deck.
Shuffling Player1&apos;s deck.
gold was drawn from the deck.
copper was drawn from the deck.
curse was drawn from the deck.
Playing action card: village
mine was drawn from the deck.
Playing action card: mine
Player1 gained gold
Player1 bought province

Player2 is now starting a turn.
curse was drawn from the deck.
copper was drawn from the deck.
adventurer was drawn from the deck.
ambassador was drawn from the deck.
copper was drawn from the deck.
Playing action card: adventurer
curse was drawn from the deck.
Player2 discarded curse
gold was drawn from the deck.
Player2 bought mine

Player1 is now starting a turn.
estate was drawn from the deck.
curse was drawn from the deck.
copper was drawn from the deck.
silver was drawn from the deck.
gold was drawn from the deck.
Player1 bought gold

Player2 is now starting a turn.
Shuffling Player2&apos;s deck.
adventurer was drawn from the deck.
adventurer was drawn from the deck.
copper was drawn from the deck.
gold was drawn from the deck.
copper was drawn from the deck.
Playing action card: adventurer
estate was drawn from the deck.
Player2 discarded estate
estate was drawn from the deck.
Player2 discarded estate
copper was drawn from the deck.
mine was drawn from the deck.
Player2 discarded mine
seahag was drawn from the deck.
Player2 discarded seahag
gold was drawn from the deck.
Player2 bought province

Player1 is now starting a turn.
copper was drawn from the deck.
estate was drawn from the deck.
silver was drawn from the deck.
curse was drawn from the deck.
mine was drawn from the deck.
Playing action card: mine
Player1 gained gold
Player1 bought gold

Player2 is now starting a turn.
curse was drawn from the deck.
mine was drawn from the deck.
copper was drawn from the deck.
gold was drawn from the deck.
gold was drawn from the deck.
Playing action card: mine
Player2 gained gold
Player2 bought province

Player1 is now starting a turn.
curse was drawn from the deck.
duchy was drawn from the deck.
gold was drawn from the deck.
copper was drawn from the deck.
curse was drawn from the deck.
Player1 bought gardens

Player2 is now starting a turn.
copper was drawn from the deck.
gold was drawn from the deck.
gold was drawn from the deck.
curse was drawn from the deck.
great_hall was drawn from the deck.
Playing action card: great_hall
province was drawn from the deck.
Player2 bought adventurer

Player1 is now starting a turn.
curse was drawn from the deck.
estate was drawn from the deck.
copper was drawn from the deck.
great_hall was drawn from the deck.
province was drawn from the deck.
Playing action card: great_hall
copper was drawn from the deck.
Player1 bought great_hall

Player2 is now starting a turn.
duchy was drawn from the deck.
ambassador was drawn from the deck.
copper was drawn from the deck.
curse was drawn from the deck.
duchy was drawn from the deck.
Playing action card: ambassador
Player2 returned 0 copies of curse
Player2 bought copper

Player1 is now starting a turn.
adventurer was drawn from the deck.
curse was drawn from the deck.
copper was drawn from the deck.
adventurer was drawn from the deck.
adventurer was drawn from the deck.
Playing action card: adventurer
curse was drawn from the deck.
Player1 discarded curse
curse was drawn from the deck.
Player1 discarded curse
village was drawn from the deck.
Player1 discarded village
estate was drawn from the deck.
Player1 discarded estate
Player1 bought copper

Player2 is now starting a turn.
estate was drawn from the deck.
Shuffling Player2&apos;s deck.
gold was drawn from the deck.
copper was drawn from the deck.
copper was drawn from the deck.
gold was drawn from the deck.
Player2 bought province

Player1 is now starting a turn.
Shuffling Player1&apos;s deck.
copper was drawn from the deck.
estate was drawn from the deck.
gold was drawn from the deck.
gold was drawn from the deck.
copper was drawn from the deck.
Player1 bought province

Player2 is now starting a turn.
mine was drawn from the deck.
adventurer was drawn from the deck.
copper was drawn from the deck.
estate was drawn from the deck.
curse was drawn from the deck.
Playing action card: mine
Player2 gained gold
Player2 bought duchy

Player1 is now starting a turn.
copper was drawn from the deck.
village was drawn from the deck.
great_hall was drawn from the deck.
silver was drawn from the deck.
copper was drawn from the deck.
Playing action card: village
estate was drawn from the deck.
Playing action card: great_hall
silver was drawn from the deck.
Player1 bought gold

Player2 is now starting a turn.
curse was drawn from the deck.
gold was drawn from the deck.
copper was drawn from the deck.
copper was drawn from the deck.
gold was drawn from the deck.
Player2 bought province
GAME OVER! Province card pile is empty. 
Player1: 248
Player2: 252
Player1: 248
Player2: 252
Player1 gained duchy
Player2 gained duchy
Player1 gained duchy
</system-out>
  </testcase>
  <testcase classname="RegressionTest" name="test179" time="0.009"/>
  <testcase classname="RegressionTest" name="test180" time="0">
    <failure message="&apos;curse&apos; != &apos;copper&apos;" type="java.lang.AssertionError">java.lang.AssertionError: &apos;curse&apos; != &apos;copper&apos;
	at org.junit.Assert.fail(Assert.java:88)
	at org.junit.Assert.assertTrue(Assert.java:41)
	at RegressionTest.test180(RegressionTest.java:11340)
	at sun.reflect.NativeMethodAccessorImpl.invoke0(Native Method)
	at sun.reflect.NativeMethodAccessorImpl.invoke(NativeMethodAccessorImpl.java:62)
	at sun.reflect.DelegatingMethodAccessorImpl.invoke(DelegatingMethodAccessorImpl.java:43)
	at java.lang.reflect.Method.invoke(Method.java:498)
	at org.junit.runners.model.FrameworkMethod$1.runReflectiveCall(FrameworkMethod.java:47)
	at org.junit.internal.runners.model.ReflectiveCallable.run(ReflectiveCallable.java:12)
	at org.junit.runners.model.FrameworkMethod.invokeExplosively(FrameworkMethod.java:44)
	at org.junit.internal.runners.statements.InvokeMethod.evaluate(InvokeMethod.java:17)
	at org.junit.runners.ParentRunner.runLeaf(ParentRunner.java:271)
	at org.junit.runners.BlockJUnit4ClassRunner.runChild(BlockJUnit4ClassRunner.java:70)
	at org.junit.runners.BlockJUnit4ClassRunner.runChild(BlockJUnit4ClassRunner.java:50)
	at org.junit.runners.ParentRunner$3.run(ParentRunner.java:238)
	at org.junit.runners.ParentRunner$1.schedule(ParentRunner.java:63)
	at org.junit.runners.ParentRunner.runChildren(ParentRunner.java:236)
	at org.junit.runners.ParentRunner.access$000(ParentRunner.java:53)
	at org.junit.runners.ParentRunner$2.evaluate(ParentRunner.java:229)
	at org.junit.runners.ParentRunner.run(ParentRunner.java:309)
	at org.apache.maven.surefire.junit4.JUnit4Provider.execute(JUnit4Provider.java:252)
	at org.apache.maven.surefire.junit4.JUnit4Provider.executeTestSet(JUnit4Provider.java:141)
	at org.apache.maven.surefire.junit4.JUnit4Provider.invoke(JUnit4Provider.java:112)
	at sun.reflect.NativeMethodAccessorImpl.invoke0(Native Method)
	at sun.reflect.NativeMethodAccessorImpl.invoke(NativeMethodAccessorImpl.java:62)
	at sun.reflect.DelegatingMethodAccessorImpl.invoke(DelegatingMethodAccessorImpl.java:43)
	at java.lang.reflect.Method.invoke(Method.java:498)
	at org.apache.maven.surefire.util.ReflectionUtils.invokeMethodWithArray(ReflectionUtils.java:189)
	at org.apache.maven.surefire.booter.ProviderFactory$ProviderProxy.invoke(ProviderFactory.java:165)
	at org.apache.maven.surefire.booter.ProviderFactory.invokeProvider(ProviderFactory.java:85)
	at org.apache.maven.surefire.booter.ForkedBooter.runSuitesInProcess(ForkedBooter.java:115)
	at org.apache.maven.surefire.booter.ForkedBooter.main(ForkedBooter.java:75)
</failure>
    <system-out>Player33 is now starting a turn.
Shuffling hi!&apos;s deck.
copper was drawn from the deck.
estate was drawn from the deck.
estate was drawn from the deck.
copper was drawn from the deck.
copper was drawn from the deck.
</system-out>
  </testcase>
  <testcase classname="RegressionTest" name="test181" time="0.009"/>
  <testcase classname="RegressionTest" name="test182" time="0">
    <failure type="java.lang.AssertionError">java.lang.AssertionError
	at org.junit.Assert.fail(Assert.java:86)
	at org.junit.Assert.assertTrue(Assert.java:41)
	at org.junit.Assert.assertTrue(Assert.java:52)
	at RegressionTest.test182(RegressionTest.java:11462)
	at sun.reflect.NativeMethodAccessorImpl.invoke0(Native Method)
	at sun.reflect.NativeMethodAccessorImpl.invoke(NativeMethodAccessorImpl.java:62)
	at sun.reflect.DelegatingMethodAccessorImpl.invoke(DelegatingMethodAccessorImpl.java:43)
	at java.lang.reflect.Method.invoke(Method.java:498)
	at org.junit.runners.model.FrameworkMethod$1.runReflectiveCall(FrameworkMethod.java:47)
	at org.junit.internal.runners.model.ReflectiveCallable.run(ReflectiveCallable.java:12)
	at org.junit.runners.model.FrameworkMethod.invokeExplosively(FrameworkMethod.java:44)
	at org.junit.internal.runners.statements.InvokeMethod.evaluate(InvokeMethod.java:17)
	at org.junit.runners.ParentRunner.runLeaf(ParentRunner.java:271)
	at org.junit.runners.BlockJUnit4ClassRunner.runChild(BlockJUnit4ClassRunner.java:70)
	at org.junit.runners.BlockJUnit4ClassRunner.runChild(BlockJUnit4ClassRunner.java:50)
	at org.junit.runners.ParentRunner$3.run(ParentRunner.java:238)
	at org.junit.runners.ParentRunner$1.schedule(ParentRunner.java:63)
	at org.junit.runners.ParentRunner.runChildren(ParentRunner.java:236)
	at org.junit.runners.ParentRunner.access$000(ParentRunner.java:53)
	at org.junit.runners.ParentRunner$2.evaluate(ParentRunner.java:229)
	at org.junit.runners.ParentRunner.run(ParentRunner.java:309)
	at org.apache.maven.surefire.junit4.JUnit4Provider.execute(JUnit4Provider.java:252)
	at org.apache.maven.surefire.junit4.JUnit4Provider.executeTestSet(JUnit4Provider.java:141)
	at org.apache.maven.surefire.junit4.JUnit4Provider.invoke(JUnit4Provider.java:112)
	at sun.reflect.NativeMethodAccessorImpl.invoke0(Native Method)
	at sun.reflect.NativeMethodAccessorImpl.invoke(NativeMethodAccessorImpl.java:62)
	at sun.reflect.DelegatingMethodAccessorImpl.invoke(DelegatingMethodAccessorImpl.java:43)
	at java.lang.reflect.Method.invoke(Method.java:498)
	at org.apache.maven.surefire.util.ReflectionUtils.invokeMethodWithArray(ReflectionUtils.java:189)
	at org.apache.maven.surefire.booter.ProviderFactory$ProviderProxy.invoke(ProviderFactory.java:165)
	at org.apache.maven.surefire.booter.ProviderFactory.invokeProvider(ProviderFactory.java:85)
	at org.apache.maven.surefire.booter.ForkedBooter.runSuitesInProcess(ForkedBooter.java:115)
	at org.apache.maven.surefire.booter.ForkedBooter.main(ForkedBooter.java:75)
</failure>
    <system-out>hi! gained curse
</system-out>
  </testcase>
  <testcase classname="RegressionTest" name="test183" time="0.009">
    <failure type="java.lang.AssertionError">java.lang.AssertionError
	at org.junit.Assert.fail(Assert.java:86)
	at org.junit.Assert.assertTrue(Assert.java:41)
	at org.junit.Assert.assertTrue(Assert.java:52)
	at RegressionTest.test183(RegressionTest.java:11534)
	at sun.reflect.NativeMethodAccessorImpl.invoke0(Native Method)
	at sun.reflect.NativeMethodAccessorImpl.invoke(NativeMethodAccessorImpl.java:62)
	at sun.reflect.DelegatingMethodAccessorImpl.invoke(DelegatingMethodAccessorImpl.java:43)
	at java.lang.reflect.Method.invoke(Method.java:498)
	at org.junit.runners.model.FrameworkMethod$1.runReflectiveCall(FrameworkMethod.java:47)
	at org.junit.internal.runners.model.ReflectiveCallable.run(ReflectiveCallable.java:12)
	at org.junit.runners.model.FrameworkMethod.invokeExplosively(FrameworkMethod.java:44)
	at org.junit.internal.runners.statements.InvokeMethod.evaluate(InvokeMethod.java:17)
	at org.junit.runners.ParentRunner.runLeaf(ParentRunner.java:271)
	at org.junit.runners.BlockJUnit4ClassRunner.runChild(BlockJUnit4ClassRunner.java:70)
	at org.junit.runners.BlockJUnit4ClassRunner.runChild(BlockJUnit4ClassRunner.java:50)
	at org.junit.runners.ParentRunner$3.run(ParentRunner.java:238)
	at org.junit.runners.ParentRunner$1.schedule(ParentRunner.java:63)
	at org.junit.runners.ParentRunner.runChildren(ParentRunner.java:236)
	at org.junit.runners.ParentRunner.access$000(ParentRunner.java:53)
	at org.junit.runners.ParentRunner$2.evaluate(ParentRunner.java:229)
	at org.junit.runners.ParentRunner.run(ParentRunner.java:309)
	at org.apache.maven.surefire.junit4.JUnit4Provider.execute(JUnit4Provider.java:252)
	at org.apache.maven.surefire.junit4.JUnit4Provider.executeTestSet(JUnit4Provider.java:141)
	at org.apache.maven.surefire.junit4.JUnit4Provider.invoke(JUnit4Provider.java:112)
	at sun.reflect.NativeMethodAccessorImpl.invoke0(Native Method)
	at sun.reflect.NativeMethodAccessorImpl.invoke(NativeMethodAccessorImpl.java:62)
	at sun.reflect.DelegatingMethodAccessorImpl.invoke(DelegatingMethodAccessorImpl.java:43)
	at java.lang.reflect.Method.invoke(Method.java:498)
	at org.apache.maven.surefire.util.ReflectionUtils.invokeMethodWithArray(ReflectionUtils.java:189)
	at org.apache.maven.surefire.booter.ProviderFactory$ProviderProxy.invoke(ProviderFactory.java:165)
	at org.apache.maven.surefire.booter.ProviderFactory.invokeProvider(ProviderFactory.java:85)
	at org.apache.maven.surefire.booter.ForkedBooter.runSuitesInProcess(ForkedBooter.java:115)
	at org.apache.maven.surefire.booter.ForkedBooter.main(ForkedBooter.java:75)
</failure>
    <system-out>
STARTING NEW GAME!

Player1 is now starting a turn.
Shuffling Player1&apos;s deck.
copper was drawn from the deck.
copper was drawn from the deck.
estate was drawn from the deck.
copper was drawn from the deck.
estate was drawn from the deck.
Player1 gained curse card because of embargo token.
Player1 gained curse
Player1 gained curse card because of embargo token.
Player1 gained curse
Player1 bought duchy

Player2 is now starting a turn.
Shuffling Player2&apos;s deck.
copper was drawn from the deck.
copper was drawn from the deck.
estate was drawn from the deck.
copper was drawn from the deck.
copper was drawn from the deck.
Player2 gained curse card because of embargo token.
Player2 gained curse
Player2 gained curse card because of embargo token.
Player2 gained curse
Player2 bought duchy

Player1 is now starting a turn.
copper was drawn from the deck.
estate was drawn from the deck.
copper was drawn from the deck.
copper was drawn from the deck.
copper was drawn from the deck.
Player1 gained curse card because of embargo token.
Player1 gained curse
Player1 bought mine

Player2 is now starting a turn.
copper was drawn from the deck.
copper was drawn from the deck.
estate was drawn from the deck.
estate was drawn from the deck.
copper was drawn from the deck.
Player2 gained curse card because of embargo token.
Player2 gained curse
Player2 bought mine

Player1 is now starting a turn.
Shuffling Player1&apos;s deck.
copper was drawn from the deck.
copper was drawn from the deck.
copper was drawn from the deck.
copper was drawn from the deck.
mine was drawn from the deck.
Playing action card: mine
Player1 gained gold
Player1 bought adventurer

Player2 is now starting a turn.
Shuffling Player2&apos;s deck.
copper was drawn from the deck.
copper was drawn from the deck.
copper was drawn from the deck.
curse was drawn from the deck.
estate was drawn from the deck.
Player2 bought seahag

Player1 is now starting a turn.
copper was drawn from the deck.
curse was drawn from the deck.
curse was drawn from the deck.
copper was drawn from the deck.
copper was drawn from the deck.
Player1 gained curse card because of embargo token.
Player1 gained curse
Player1 gained curse card because of embargo token.
Player1 gained curse
Player1 bought silver

Player2 is now starting a turn.
copper was drawn from the deck.
estate was drawn from the deck.
estate was drawn from the deck.
curse was drawn from the deck.
curse was drawn from the deck.
Player2 bought ambassador

Player1 is now starting a turn.
duchy was drawn from the deck.
curse was drawn from the deck.
estate was drawn from the deck.
estate was drawn from the deck.
estate was drawn from the deck.
Player1 gained curse card because of embargo token.
Player1 gained curse
Player1 gained curse card because of embargo token.
Player1 gained curse
Player1 bought village

Player2 is now starting a turn.
mine was drawn from the deck.
copper was drawn from the deck.
duchy was drawn from the deck.
copper was drawn from the deck.
copper was drawn from the deck.
Playing action card: mine
Player2 gained gold
Player2 bought adventurer

Player1 is now starting a turn.
Shuffling Player1&apos;s deck.
estate was drawn from the deck.
gold was drawn from the deck.
duchy was drawn from the deck.
curse was drawn from the deck.
copper was drawn from the deck.
Player1 bought mine

Player2 is now starting a turn.
Shuffling Player2&apos;s deck.
curse was drawn from the deck.
copper was drawn from the deck.
seahag was drawn from the deck.
copper was drawn from the deck.
estate was drawn from the deck.
Playing action card: seahag
estate was drawn from the deck.
Player1 discarded estate
Player1 gained curse to top of deck.
Player2 bought great_hall

Player1 is now starting a turn.
curse was drawn from the deck.
copper was drawn from the deck.
estate was drawn from the deck.
curse was drawn from the deck.
copper was drawn from the deck.
Player1 bought great_hall

Player2 is now starting a turn.
curse was drawn from the deck.
ambassador was drawn from the deck.
copper was drawn from the deck.
copper was drawn from the deck.
copper was drawn from the deck.
Playing action card: ambassador
Player2 returned 2 copies of copper
Player1 gained copper
Player2 bought copper

Player1 is now starting a turn.
copper was drawn from the deck.
copper was drawn from the deck.
curse was drawn from the deck.
curse was drawn from the deck.
copper was drawn from the deck.
Player1 bought silver

Player2 is now starting a turn.
estate was drawn from the deck.
copper was drawn from the deck.
duchy was drawn from the deck.
mine was drawn from the deck.
estate was drawn from the deck.
Playing action card: mine
Player2 gained gold
Player2 bought adventurer

Player1 is now starting a turn.
copper was drawn from the deck.
curse was drawn from the deck.
silver was drawn from the deck.
village was drawn from the deck.
mine was drawn from the deck.
Playing action card: village
adventurer was drawn from the deck.
Playing action card: adventurer
curse was drawn from the deck.
Player1 discarded curse
curse was drawn from the deck.
Player1 discarded curse
Playing action card: mine
Player1 gained gold
Player1 bought adventurer

Player2 is now starting a turn.
gold was drawn from the deck.
curse was drawn from the deck.
adventurer was drawn from the deck.
copper was drawn from the deck.
Shuffling Player2&apos;s deck.
copper was drawn from the deck.
Playing action card: adventurer
copper was drawn from the deck.
curse was drawn from the deck.
Player2 discarded curse
ambassador was drawn from the deck.
Player2 discarded ambassador
duchy was drawn from the deck.
Player2 discarded duchy
mine was drawn from the deck.
Player2 discarded mine
curse was drawn from the deck.
Player2 discarded curse
adventurer was drawn from the deck.
Player2 discarded adventurer
estate was drawn from the deck.
Player2 discarded estate
seahag was drawn from the deck.
Player2 discarded seahag
copper was drawn from the deck.
Player2 bought gold

Player1 is now starting a turn.
Shuffling Player1&apos;s deck.
curse was drawn from the deck.
adventurer was drawn from the deck.
adventurer was drawn from the deck.
duchy was drawn from the deck.
copper was drawn from the deck.
Playing action card: adventurer
mine was drawn from the deck.
Player1 discarded mine
estate was drawn from the deck.
Player1 discarded estate
curse was drawn from the deck.
Player1 discarded curse
curse was drawn from the deck.
Player1 discarded curse
estate was drawn from the deck.
Player1 discarded estate
copper was drawn from the deck.
copper was drawn from the deck.
Player1 bought village

Player2 is now starting a turn.
copper was drawn from the deck.
gold was drawn from the deck.
estate was drawn from the deck.
estate was drawn from the deck.
copper was drawn from the deck.
Player2 bought gold

Player1 is now starting a turn.
estate was drawn from the deck.
great_hall was drawn from the deck.
silver was drawn from the deck.
curse was drawn from the deck.
curse was drawn from the deck.
Playing action card: great_hall
gold was drawn from the deck.
Player1 bought adventurer

Player2 is now starting a turn.
great_hall was drawn from the deck.
Shuffling Player2&apos;s deck.
mine was drawn from the deck.
copper was drawn from the deck.
duchy was drawn from the deck.
copper was drawn from the deck.
Playing action card: great_hall
copper was drawn from the deck.
Playing action card: mine
Player2 gained gold
Player2 bought gold

Player1 is now starting a turn.
copper was drawn from the deck.
gold was drawn from the deck.
curse was drawn from the deck.
mine was drawn from the deck.
silver was drawn from the deck.
Playing action card: mine
Player1 gained gold
Player1 bought province

Player2 is now starting a turn.
estate was drawn from the deck.
seahag was drawn from the deck.
adventurer was drawn from the deck.
gold was drawn from the deck.
estate was drawn from the deck.
Playing action card: seahag
copper was drawn from the deck.
Player1 discarded copper
Player1 gained curse to top of deck.
Player2 bought duchy

Player1 is now starting a turn.
curse was drawn from the deck.
copper was drawn from the deck.
copper was drawn from the deck.
curse was drawn from the deck.
curse was drawn from the deck.
Player1 bought estate

Player2 is now starting a turn.
estate was drawn from the deck.
curse was drawn from the deck.
gold was drawn from the deck.
copper was drawn from the deck.
gold was drawn from the deck.
Player2 bought province

Player1 is now starting a turn.
village was drawn from the deck.
copper was drawn from the deck.
Shuffling Player1&apos;s deck.
gold was drawn from the deck.
copper was drawn from the deck.
curse was drawn from the deck.
Playing action card: village
mine was drawn from the deck.
Playing action card: mine
Player1 gained gold
Player1 bought province

Player2 is now starting a turn.
curse was drawn from the deck.
copper was drawn from the deck.
adventurer was drawn from the deck.
ambassador was drawn from the deck.
copper was drawn from the deck.
Playing action card: adventurer
curse was drawn from the deck.
Player2 discarded curse
gold was drawn from the deck.
Player2 bought mine

Player1 is now starting a turn.
estate was drawn from the deck.
curse was drawn from the deck.
copper was drawn from the deck.
silver was drawn from the deck.
gold was drawn from the deck.
Player1 bought gold

Player2 is now starting a turn.
Shuffling Player2&apos;s deck.
adventurer was drawn from the deck.
adventurer was drawn from the deck.
copper was drawn from the deck.
gold was drawn from the deck.
copper was drawn from the deck.
Playing action card: adventurer
estate was drawn from the deck.
Player2 discarded estate
estate was drawn from the deck.
Player2 discarded estate
copper was drawn from the deck.
mine was drawn from the deck.
Player2 discarded mine
seahag was drawn from the deck.
Player2 discarded seahag
gold was drawn from the deck.
Player2 bought province

Player1 is now starting a turn.
copper was drawn from the deck.
estate was drawn from the deck.
silver was drawn from the deck.
curse was drawn from the deck.
mine was drawn from the deck.
Playing action card: mine
Player1 gained gold
Player1 bought gold

Player2 is now starting a turn.
curse was drawn from the deck.
mine was drawn from the deck.
copper was drawn from the deck.
gold was drawn from the deck.
gold was drawn from the deck.
Playing action card: mine
Player2 gained gold
Player2 bought province

Player1 is now starting a turn.
curse was drawn from the deck.
duchy was drawn from the deck.
gold was drawn from the deck.
copper was drawn from the deck.
curse was drawn from the deck.
Player1 bought gardens

Player2 is now starting a turn.
copper was drawn from the deck.
gold was drawn from the deck.
gold was drawn from the deck.
curse was drawn from the deck.
great_hall was drawn from the deck.
Playing action card: great_hall
province was drawn from the deck.
Player2 bought adventurer

Player1 is now starting a turn.
curse was drawn from the deck.
estate was drawn from the deck.
copper was drawn from the deck.
great_hall was drawn from the deck.
province was drawn from the deck.
Playing action card: great_hall
copper was drawn from the deck.
Player1 bought great_hall

Player2 is now starting a turn.
duchy was drawn from the deck.
ambassador was drawn from the deck.
copper was drawn from the deck.
curse was drawn from the deck.
duchy was drawn from the deck.
Playing action card: ambassador
Player2 returned 0 copies of curse
Player2 bought copper

Player1 is now starting a turn.
adventurer was drawn from the deck.
curse was drawn from the deck.
copper was drawn from the deck.
adventurer was drawn from the deck.
adventurer was drawn from the deck.
Playing action card: adventurer
curse was drawn from the deck.
Player1 discarded curse
curse was drawn from the deck.
Player1 discarded curse
village was drawn from the deck.
Player1 discarded village
estate was drawn from the deck.
Player1 discarded estate
Player1 bought copper

Player2 is now starting a turn.
estate was drawn from the deck.
Shuffling Player2&apos;s deck.
gold was drawn from the deck.
copper was drawn from the deck.
copper was drawn from the deck.
gold was drawn from the deck.
Player2 bought province

Player1 is now starting a turn.
Shuffling Player1&apos;s deck.
copper was drawn from the deck.
estate was drawn from the deck.
gold was drawn from the deck.
gold was drawn from the deck.
copper was drawn from the deck.
Player1 bought province

Player2 is now starting a turn.
mine was drawn from the deck.
adventurer was drawn from the deck.
copper was drawn from the deck.
estate was drawn from the deck.
curse was drawn from the deck.
Playing action card: mine
Player2 gained gold
Player2 bought duchy

Player1 is now starting a turn.
copper was drawn from the deck.
village was drawn from the deck.
great_hall was drawn from the deck.
silver was drawn from the deck.
copper was drawn from the deck.
Playing action card: village
estate was drawn from the deck.
Playing action card: great_hall
silver was drawn from the deck.
Player1 bought gold

Player2 is now starting a turn.
curse was drawn from the deck.
gold was drawn from the deck.
copper was drawn from the deck.
copper was drawn from the deck.
gold was drawn from the deck.
Player2 bought province
GAME OVER! Province card pile is empty. 
Player1: 248
Player2: 252
province was drawn from the deck.
copper was drawn from the deck.
</system-out>
  </testcase>
  <testcase classname="RegressionTest" name="test184" time="0"/>
  <testcase classname="RegressionTest" name="test185" time="0.009"/>
  <testcase classname="RegressionTest" name="test186" time="0"/>
  <testcase classname="RegressionTest" name="test187" time="0.009"/>
  <testcase classname="RegressionTest" name="test188" time="0.009"/>
  <testcase classname="RegressionTest" name="test189" time="0.009">
    <failure message="&apos;curse&apos; != &apos;copper&apos;" type="java.lang.AssertionError">java.lang.AssertionError: &apos;curse&apos; != &apos;copper&apos;
	at org.junit.Assert.fail(Assert.java:88)
	at org.junit.Assert.assertTrue(Assert.java:41)
	at RegressionTest.test189(RegressionTest.java:11908)
	at sun.reflect.NativeMethodAccessorImpl.invoke0(Native Method)
	at sun.reflect.NativeMethodAccessorImpl.invoke(NativeMethodAccessorImpl.java:62)
	at sun.reflect.DelegatingMethodAccessorImpl.invoke(DelegatingMethodAccessorImpl.java:43)
	at java.lang.reflect.Method.invoke(Method.java:498)
	at org.junit.runners.model.FrameworkMethod$1.runReflectiveCall(FrameworkMethod.java:47)
	at org.junit.internal.runners.model.ReflectiveCallable.run(ReflectiveCallable.java:12)
	at org.junit.runners.model.FrameworkMethod.invokeExplosively(FrameworkMethod.java:44)
	at org.junit.internal.runners.statements.InvokeMethod.evaluate(InvokeMethod.java:17)
	at org.junit.runners.ParentRunner.runLeaf(ParentRunner.java:271)
	at org.junit.runners.BlockJUnit4ClassRunner.runChild(BlockJUnit4ClassRunner.java:70)
	at org.junit.runners.BlockJUnit4ClassRunner.runChild(BlockJUnit4ClassRunner.java:50)
	at org.junit.runners.ParentRunner$3.run(ParentRunner.java:238)
	at org.junit.runners.ParentRunner$1.schedule(ParentRunner.java:63)
	at org.junit.runners.ParentRunner.runChildren(ParentRunner.java:236)
	at org.junit.runners.ParentRunner.access$000(ParentRunner.java:53)
	at org.junit.runners.ParentRunner$2.evaluate(ParentRunner.java:229)
	at org.junit.runners.ParentRunner.run(ParentRunner.java:309)
	at org.apache.maven.surefire.junit4.JUnit4Provider.execute(JUnit4Provider.java:252)
	at org.apache.maven.surefire.junit4.JUnit4Provider.executeTestSet(JUnit4Provider.java:141)
	at org.apache.maven.surefire.junit4.JUnit4Provider.invoke(JUnit4Provider.java:112)
	at sun.reflect.NativeMethodAccessorImpl.invoke0(Native Method)
	at sun.reflect.NativeMethodAccessorImpl.invoke(NativeMethodAccessorImpl.java:62)
	at sun.reflect.DelegatingMethodAccessorImpl.invoke(DelegatingMethodAccessorImpl.java:43)
	at java.lang.reflect.Method.invoke(Method.java:498)
	at org.apache.maven.surefire.util.ReflectionUtils.invokeMethodWithArray(ReflectionUtils.java:189)
	at org.apache.maven.surefire.booter.ProviderFactory$ProviderProxy.invoke(ProviderFactory.java:165)
	at org.apache.maven.surefire.booter.ProviderFactory.invokeProvider(ProviderFactory.java:85)
	at org.apache.maven.surefire.booter.ForkedBooter.runSuitesInProcess(ForkedBooter.java:115)
	at org.apache.maven.surefire.booter.ForkedBooter.main(ForkedBooter.java:75)
</failure>
    <system-out>Shuffling Player1&apos;s deck.
copper was drawn from the deck.
Shuffling Player2&apos;s deck.
copper was drawn from the deck.

STARTING NEW GAME!

Player1 is now starting a turn.
Shuffling Player1&apos;s deck.
copper was drawn from the deck.
copper was drawn from the deck.
estate was drawn from the deck.
copper was drawn from the deck.
estate was drawn from the deck.
Player1 gained curse card because of embargo token.
Player1 gained curse
Player1 gained curse card because of embargo token.
Player1 gained curse
Player1 bought duchy

Player2 is now starting a turn.
Shuffling Player2&apos;s deck.
copper was drawn from the deck.
copper was drawn from the deck.
estate was drawn from the deck.
copper was drawn from the deck.
copper was drawn from the deck.
Player2 gained curse card because of embargo token.
Player2 gained curse
Player2 gained curse card because of embargo token.
Player2 gained curse
Player2 bought duchy

Player1 is now starting a turn.
copper was drawn from the deck.
estate was drawn from the deck.
copper was drawn from the deck.
copper was drawn from the deck.
copper was drawn from the deck.
Player1 gained curse card because of embargo token.
Player1 gained curse
Player1 bought mine

Player2 is now starting a turn.
copper was drawn from the deck.
copper was drawn from the deck.
estate was drawn from the deck.
estate was drawn from the deck.
copper was drawn from the deck.
Player2 gained curse card because of embargo token.
Player2 gained curse
Player2 bought mine

Player1 is now starting a turn.
Shuffling Player1&apos;s deck.
copper was drawn from the deck.
copper was drawn from the deck.
copper was drawn from the deck.
copper was drawn from the deck.
mine was drawn from the deck.
Playing action card: mine
Player1 gained gold
Player1 bought adventurer

Player2 is now starting a turn.
Shuffling Player2&apos;s deck.
copper was drawn from the deck.
copper was drawn from the deck.
copper was drawn from the deck.
curse was drawn from the deck.
estate was drawn from the deck.
Player2 bought seahag

Player1 is now starting a turn.
copper was drawn from the deck.
curse was drawn from the deck.
curse was drawn from the deck.
copper was drawn from the deck.
copper was drawn from the deck.
Player1 gained curse card because of embargo token.
Player1 gained curse
Player1 gained curse card because of embargo token.
Player1 gained curse
Player1 bought silver

Player2 is now starting a turn.
copper was drawn from the deck.
estate was drawn from the deck.
estate was drawn from the deck.
curse was drawn from the deck.
curse was drawn from the deck.
Player2 bought ambassador

Player1 is now starting a turn.
duchy was drawn from the deck.
curse was drawn from the deck.
estate was drawn from the deck.
estate was drawn from the deck.
estate was drawn from the deck.
Player1 gained curse card because of embargo token.
Player1 gained curse
Player1 gained curse card because of embargo token.
Player1 gained curse
Player1 bought village

Player2 is now starting a turn.
mine was drawn from the deck.
copper was drawn from the deck.
duchy was drawn from the deck.
copper was drawn from the deck.
copper was drawn from the deck.
Playing action card: mine
Player2 gained gold
Player2 bought adventurer

Player1 is now starting a turn.
Shuffling Player1&apos;s deck.
estate was drawn from the deck.
gold was drawn from the deck.
duchy was drawn from the deck.
curse was drawn from the deck.
copper was drawn from the deck.
Player1 bought mine

Player2 is now starting a turn.
Shuffling Player2&apos;s deck.
curse was drawn from the deck.
copper was drawn from the deck.
seahag was drawn from the deck.
copper was drawn from the deck.
estate was drawn from the deck.
Playing action card: seahag
estate was drawn from the deck.
Player1 discarded estate
Player1 gained curse to top of deck.
Player2 bought great_hall

Player1 is now starting a turn.
curse was drawn from the deck.
copper was drawn from the deck.
estate was drawn from the deck.
curse was drawn from the deck.
copper was drawn from the deck.
Player1 bought great_hall

Player2 is now starting a turn.
curse was drawn from the deck.
ambassador was drawn from the deck.
copper was drawn from the deck.
copper was drawn from the deck.
copper was drawn from the deck.
Playing action card: ambassador
Player2 returned 2 copies of copper
Player1 gained copper
Player2 bought copper

Player1 is now starting a turn.
copper was drawn from the deck.
copper was drawn from the deck.
curse was drawn from the deck.
curse was drawn from the deck.
copper was drawn from the deck.
Player1 bought silver

Player2 is now starting a turn.
estate was drawn from the deck.
copper was drawn from the deck.
duchy was drawn from the deck.
mine was drawn from the deck.
estate was drawn from the deck.
Playing action card: mine
Player2 gained gold
Player2 bought adventurer

Player1 is now starting a turn.
copper was drawn from the deck.
curse was drawn from the deck.
silver was drawn from the deck.
village was drawn from the deck.
mine was drawn from the deck.
Playing action card: village
adventurer was drawn from the deck.
Playing action card: adventurer
curse was drawn from the deck.
Player1 discarded curse
curse was drawn from the deck.
Player1 discarded curse
Playing action card: mine
Player1 gained gold
Player1 bought adventurer

Player2 is now starting a turn.
gold was drawn from the deck.
curse was drawn from the deck.
adventurer was drawn from the deck.
copper was drawn from the deck.
Shuffling Player2&apos;s deck.
copper was drawn from the deck.
Playing action card: adventurer
copper was drawn from the deck.
curse was drawn from the deck.
Player2 discarded curse
ambassador was drawn from the deck.
Player2 discarded ambassador
duchy was drawn from the deck.
Player2 discarded duchy
mine was drawn from the deck.
Player2 discarded mine
curse was drawn from the deck.
Player2 discarded curse
adventurer was drawn from the deck.
Player2 discarded adventurer
estate was drawn from the deck.
Player2 discarded estate
seahag was drawn from the deck.
Player2 discarded seahag
copper was drawn from the deck.
Player2 bought gold

Player1 is now starting a turn.
Shuffling Player1&apos;s deck.
curse was drawn from the deck.
adventurer was drawn from the deck.
adventurer was drawn from the deck.
duchy was drawn from the deck.
copper was drawn from the deck.
Playing action card: adventurer
mine was drawn from the deck.
Player1 discarded mine
estate was drawn from the deck.
Player1 discarded estate
curse was drawn from the deck.
Player1 discarded curse
curse was drawn from the deck.
Player1 discarded curse
estate was drawn from the deck.
Player1 discarded estate
copper was drawn from the deck.
copper was drawn from the deck.
Player1 bought village

Player2 is now starting a turn.
copper was drawn from the deck.
gold was drawn from the deck.
estate was drawn from the deck.
estate was drawn from the deck.
copper was drawn from the deck.
Player2 bought gold

Player1 is now starting a turn.
estate was drawn from the deck.
great_hall was drawn from the deck.
silver was drawn from the deck.
curse was drawn from the deck.
curse was drawn from the deck.
Playing action card: great_hall
gold was drawn from the deck.
Player1 bought adventurer

Player2 is now starting a turn.
great_hall was drawn from the deck.
Shuffling Player2&apos;s deck.
mine was drawn from the deck.
copper was drawn from the deck.
duchy was drawn from the deck.
copper was drawn from the deck.
Playing action card: great_hall
copper was drawn from the deck.
Playing action card: mine
Player2 gained gold
Player2 bought gold

Player1 is now starting a turn.
copper was drawn from the deck.
gold was drawn from the deck.
curse was drawn from the deck.
mine was drawn from the deck.
silver was drawn from the deck.
Playing action card: mine
Player1 gained gold
Player1 bought province

Player2 is now starting a turn.
estate was drawn from the deck.
seahag was drawn from the deck.
adventurer was drawn from the deck.
gold was drawn from the deck.
estate was drawn from the deck.
Playing action card: seahag
copper was drawn from the deck.
Player1 discarded copper
Player1 gained curse to top of deck.
Player2 bought duchy

Player1 is now starting a turn.
curse was drawn from the deck.
copper was drawn from the deck.
copper was drawn from the deck.
curse was drawn from the deck.
curse was drawn from the deck.
Player1 bought estate

Player2 is now starting a turn.
estate was drawn from the deck.
curse was drawn from the deck.
gold was drawn from the deck.
copper was drawn from the deck.
gold was drawn from the deck.
Player2 bought province

Player1 is now starting a turn.
village was drawn from the deck.
copper was drawn from the deck.
Shuffling Player1&apos;s deck.
gold was drawn from the deck.
copper was drawn from the deck.
curse was drawn from the deck.
Playing action card: village
mine was drawn from the deck.
Playing action card: mine
Player1 gained gold
Player1 bought province

Player2 is now starting a turn.
curse was drawn from the deck.
copper was drawn from the deck.
adventurer was drawn from the deck.
ambassador was drawn from the deck.
copper was drawn from the deck.
Playing action card: adventurer
curse was drawn from the deck.
Player2 discarded curse
gold was drawn from the deck.
Player2 bought mine

Player1 is now starting a turn.
estate was drawn from the deck.
curse was drawn from the deck.
copper was drawn from the deck.
silver was drawn from the deck.
gold was drawn from the deck.
Player1 bought gold

Player2 is now starting a turn.
Shuffling Player2&apos;s deck.
adventurer was drawn from the deck.
adventurer was drawn from the deck.
copper was drawn from the deck.
gold was drawn from the deck.
copper was drawn from the deck.
Playing action card: adventurer
estate was drawn from the deck.
Player2 discarded estate
estate was drawn from the deck.
Player2 discarded estate
copper was drawn from the deck.
mine was drawn from the deck.
Player2 discarded mine
seahag was drawn from the deck.
Player2 discarded seahag
gold was drawn from the deck.
Player2 bought province

Player1 is now starting a turn.
copper was drawn from the deck.
estate was drawn from the deck.
silver was drawn from the deck.
curse was drawn from the deck.
mine was drawn from the deck.
Playing action card: mine
Player1 gained gold
Player1 bought gold

Player2 is now starting a turn.
curse was drawn from the deck.
mine was drawn from the deck.
copper was drawn from the deck.
gold was drawn from the deck.
gold was drawn from the deck.
Playing action card: mine
Player2 gained gold
Player2 bought province

Player1 is now starting a turn.
curse was drawn from the deck.
duchy was drawn from the deck.
gold was drawn from the deck.
copper was drawn from the deck.
curse was drawn from the deck.
Player1 bought gardens

Player2 is now starting a turn.
copper was drawn from the deck.
gold was drawn from the deck.
gold was drawn from the deck.
curse was drawn from the deck.
great_hall was drawn from the deck.
Playing action card: great_hall
province was drawn from the deck.
Player2 bought adventurer

Player1 is now starting a turn.
curse was drawn from the deck.
estate was drawn from the deck.
copper was drawn from the deck.
great_hall was drawn from the deck.
province was drawn from the deck.
Playing action card: great_hall
copper was drawn from the deck.
Player1 bought great_hall

Player2 is now starting a turn.
duchy was drawn from the deck.
ambassador was drawn from the deck.
copper was drawn from the deck.
curse was drawn from the deck.
duchy was drawn from the deck.
Playing action card: ambassador
Player2 returned 0 copies of curse
Player2 bought copper

Player1 is now starting a turn.
adventurer was drawn from the deck.
curse was drawn from the deck.
copper was drawn from the deck.
adventurer was drawn from the deck.
adventurer was drawn from the deck.
Playing action card: adventurer
curse was drawn from the deck.
Player1 discarded curse
curse was drawn from the deck.
Player1 discarded curse
village was drawn from the deck.
Player1 discarded village
estate was drawn from the deck.
Player1 discarded estate
Player1 bought copper

Player2 is now starting a turn.
estate was drawn from the deck.
Shuffling Player2&apos;s deck.
gold was drawn from the deck.
copper was drawn from the deck.
copper was drawn from the deck.
gold was drawn from the deck.
Player2 bought province

Player1 is now starting a turn.
Shuffling Player1&apos;s deck.
copper was drawn from the deck.
estate was drawn from the deck.
gold was drawn from the deck.
gold was drawn from the deck.
copper was drawn from the deck.
Player1 bought province

Player2 is now starting a turn.
mine was drawn from the deck.
adventurer was drawn from the deck.
copper was drawn from the deck.
estate was drawn from the deck.
curse was drawn from the deck.
Playing action card: mine
Player2 gained gold
Player2 bought duchy

Player1 is now starting a turn.
copper was drawn from the deck.
village was drawn from the deck.
great_hall was drawn from the deck.
silver was drawn from the deck.
copper was drawn from the deck.
Playing action card: village
estate was drawn from the deck.
Playing action card: great_hall
silver was drawn from the deck.
Player1 bought gold

Player2 is now starting a turn.
curse was drawn from the deck.
gold was drawn from the deck.
copper was drawn from the deck.
copper was drawn from the deck.
gold was drawn from the deck.
Player2 bought province
GAME OVER! Province card pile is empty. 
Player1: 248
Player2: 252
Player1 had no coppers to discard. 
Player2 had no coppers to discard. 
Player1 gained embargo
Player2 gained embargo
hi! gained embargo
</system-out>
  </testcase>
  <testcase classname="RegressionTest" name="test190" time="0"/>
  <testcase classname="RegressionTest" name="test191" time="0"/>
  <testcase classname="RegressionTest" name="test192" time="0">
    <failure message="&apos;curse&apos; != &apos;copper&apos;" type="java.lang.AssertionError">java.lang.AssertionError: &apos;curse&apos; != &apos;copper&apos;
	at org.junit.Assert.fail(Assert.java:88)
	at org.junit.Assert.assertTrue(Assert.java:41)
	at RegressionTest.test192(RegressionTest.java:12108)
	at sun.reflect.NativeMethodAccessorImpl.invoke0(Native Method)
	at sun.reflect.NativeMethodAccessorImpl.invoke(NativeMethodAccessorImpl.java:62)
	at sun.reflect.DelegatingMethodAccessorImpl.invoke(DelegatingMethodAccessorImpl.java:43)
	at java.lang.reflect.Method.invoke(Method.java:498)
	at org.junit.runners.model.FrameworkMethod$1.runReflectiveCall(FrameworkMethod.java:47)
	at org.junit.internal.runners.model.ReflectiveCallable.run(ReflectiveCallable.java:12)
	at org.junit.runners.model.FrameworkMethod.invokeExplosively(FrameworkMethod.java:44)
	at org.junit.internal.runners.statements.InvokeMethod.evaluate(InvokeMethod.java:17)
	at org.junit.runners.ParentRunner.runLeaf(ParentRunner.java:271)
	at org.junit.runners.BlockJUnit4ClassRunner.runChild(BlockJUnit4ClassRunner.java:70)
	at org.junit.runners.BlockJUnit4ClassRunner.runChild(BlockJUnit4ClassRunner.java:50)
	at org.junit.runners.ParentRunner$3.run(ParentRunner.java:238)
	at org.junit.runners.ParentRunner$1.schedule(ParentRunner.java:63)
	at org.junit.runners.ParentRunner.runChildren(ParentRunner.java:236)
	at org.junit.runners.ParentRunner.access$000(ParentRunner.java:53)
	at org.junit.runners.ParentRunner$2.evaluate(ParentRunner.java:229)
	at org.junit.runners.ParentRunner.run(ParentRunner.java:309)
	at org.apache.maven.surefire.junit4.JUnit4Provider.execute(JUnit4Provider.java:252)
	at org.apache.maven.surefire.junit4.JUnit4Provider.executeTestSet(JUnit4Provider.java:141)
	at org.apache.maven.surefire.junit4.JUnit4Provider.invoke(JUnit4Provider.java:112)
	at sun.reflect.NativeMethodAccessorImpl.invoke0(Native Method)
	at sun.reflect.NativeMethodAccessorImpl.invoke(NativeMethodAccessorImpl.java:62)
	at sun.reflect.DelegatingMethodAccessorImpl.invoke(DelegatingMethodAccessorImpl.java:43)
	at java.lang.reflect.Method.invoke(Method.java:498)
	at org.apache.maven.surefire.util.ReflectionUtils.invokeMethodWithArray(ReflectionUtils.java:189)
	at org.apache.maven.surefire.booter.ProviderFactory$ProviderProxy.invoke(ProviderFactory.java:165)
	at org.apache.maven.surefire.booter.ProviderFactory.invokeProvider(ProviderFactory.java:85)
	at org.apache.maven.surefire.booter.ForkedBooter.runSuitesInProcess(ForkedBooter.java:115)
	at org.apache.maven.surefire.booter.ForkedBooter.main(ForkedBooter.java:75)
</failure>
    <system-out>hi! gained curse
Shuffling Player1&apos;s deck.
copper was drawn from the deck.
Shuffling Player2&apos;s deck.
copper was drawn from the deck.
hi! gained gardens to top of deck.
</system-out>
  </testcase>
  <testcase classname="RegressionTest" name="test193" time="0"/>
  <testcase classname="RegressionTest" name="test194" time="0"/>
  <testcase classname="RegressionTest" name="test195" time="0.009"/>
  <testcase classname="RegressionTest" name="test196" time="0.009">
    <failure message="&apos;copper&apos; != &apos;estate&apos;" type="java.lang.AssertionError">java.lang.AssertionError: &apos;copper&apos; != &apos;estate&apos;
	at org.junit.Assert.fail(Assert.java:88)
	at org.junit.Assert.assertTrue(Assert.java:41)
	at RegressionTest.test196(RegressionTest.java:12338)
	at sun.reflect.NativeMethodAccessorImpl.invoke0(Native Method)
	at sun.reflect.NativeMethodAccessorImpl.invoke(NativeMethodAccessorImpl.java:62)
	at sun.reflect.DelegatingMethodAccessorImpl.invoke(DelegatingMethodAccessorImpl.java:43)
	at java.lang.reflect.Method.invoke(Method.java:498)
	at org.junit.runners.model.FrameworkMethod$1.runReflectiveCall(FrameworkMethod.java:47)
	at org.junit.internal.runners.model.ReflectiveCallable.run(ReflectiveCallable.java:12)
	at org.junit.runners.model.FrameworkMethod.invokeExplosively(FrameworkMethod.java:44)
	at org.junit.internal.runners.statements.InvokeMethod.evaluate(InvokeMethod.java:17)
	at org.junit.runners.ParentRunner.runLeaf(ParentRunner.java:271)
	at org.junit.runners.BlockJUnit4ClassRunner.runChild(BlockJUnit4ClassRunner.java:70)
	at org.junit.runners.BlockJUnit4ClassRunner.runChild(BlockJUnit4ClassRunner.java:50)
	at org.junit.runners.ParentRunner$3.run(ParentRunner.java:238)
	at org.junit.runners.ParentRunner$1.schedule(ParentRunner.java:63)
	at org.junit.runners.ParentRunner.runChildren(ParentRunner.java:236)
	at org.junit.runners.ParentRunner.access$000(ParentRunner.java:53)
	at org.junit.runners.ParentRunner$2.evaluate(ParentRunner.java:229)
	at org.junit.runners.ParentRunner.run(ParentRunner.java:309)
	at org.apache.maven.surefire.junit4.JUnit4Provider.execute(JUnit4Provider.java:252)
	at org.apache.maven.surefire.junit4.JUnit4Provider.executeTestSet(JUnit4Provider.java:141)
	at org.apache.maven.surefire.junit4.JUnit4Provider.invoke(JUnit4Provider.java:112)
	at sun.reflect.NativeMethodAccessorImpl.invoke0(Native Method)
	at sun.reflect.NativeMethodAccessorImpl.invoke(NativeMethodAccessorImpl.java:62)
	at sun.reflect.DelegatingMethodAccessorImpl.invoke(DelegatingMethodAccessorImpl.java:43)
	at java.lang.reflect.Method.invoke(Method.java:498)
	at org.apache.maven.surefire.util.ReflectionUtils.invokeMethodWithArray(ReflectionUtils.java:189)
	at org.apache.maven.surefire.booter.ProviderFactory$ProviderProxy.invoke(ProviderFactory.java:165)
	at org.apache.maven.surefire.booter.ProviderFactory.invokeProvider(ProviderFactory.java:85)
	at org.apache.maven.surefire.booter.ForkedBooter.runSuitesInProcess(ForkedBooter.java:115)
	at org.apache.maven.surefire.booter.ForkedBooter.main(ForkedBooter.java:75)
</failure>
    <system-out>
STARTING NEW GAME!

Player1 is now starting a turn.
Shuffling Player1&apos;s deck.
copper was drawn from the deck.
copper was drawn from the deck.
estate was drawn from the deck.
copper was drawn from the deck.
estate was drawn from the deck.
Player1 gained curse card because of embargo token.
Player1 gained curse
Player1 gained curse card because of embargo token.
Player1 gained curse
Player1 bought duchy

Player2 is now starting a turn.
Shuffling Player2&apos;s deck.
copper was drawn from the deck.
copper was drawn from the deck.
estate was drawn from the deck.
copper was drawn from the deck.
copper was drawn from the deck.
Player2 gained curse card because of embargo token.
Player2 gained curse
Player2 gained curse card because of embargo token.
Player2 gained curse
Player2 bought duchy

Player1 is now starting a turn.
copper was drawn from the deck.
estate was drawn from the deck.
copper was drawn from the deck.
copper was drawn from the deck.
copper was drawn from the deck.
Player1 gained curse card because of embargo token.
Player1 gained curse
Player1 bought mine

Player2 is now starting a turn.
copper was drawn from the deck.
copper was drawn from the deck.
estate was drawn from the deck.
estate was drawn from the deck.
copper was drawn from the deck.
Player2 gained curse card because of embargo token.
Player2 gained curse
Player2 bought mine

Player1 is now starting a turn.
Shuffling Player1&apos;s deck.
copper was drawn from the deck.
copper was drawn from the deck.
copper was drawn from the deck.
copper was drawn from the deck.
mine was drawn from the deck.
Playing action card: mine
Player1 gained gold
Player1 bought adventurer

Player2 is now starting a turn.
Shuffling Player2&apos;s deck.
copper was drawn from the deck.
copper was drawn from the deck.
copper was drawn from the deck.
curse was drawn from the deck.
estate was drawn from the deck.
Player2 bought seahag

Player1 is now starting a turn.
copper was drawn from the deck.
curse was drawn from the deck.
curse was drawn from the deck.
copper was drawn from the deck.
copper was drawn from the deck.
Player1 gained curse card because of embargo token.
Player1 gained curse
Player1 gained curse card because of embargo token.
Player1 gained curse
Player1 bought silver

Player2 is now starting a turn.
copper was drawn from the deck.
estate was drawn from the deck.
estate was drawn from the deck.
curse was drawn from the deck.
curse was drawn from the deck.
Player2 bought ambassador

Player1 is now starting a turn.
duchy was drawn from the deck.
curse was drawn from the deck.
estate was drawn from the deck.
estate was drawn from the deck.
estate was drawn from the deck.
Player1 gained curse card because of embargo token.
Player1 gained curse
Player1 gained curse card because of embargo token.
Player1 gained curse
Player1 bought village

Player2 is now starting a turn.
mine was drawn from the deck.
copper was drawn from the deck.
duchy was drawn from the deck.
copper was drawn from the deck.
copper was drawn from the deck.
Playing action card: mine
Player2 gained gold
Player2 bought adventurer

Player1 is now starting a turn.
Shuffling Player1&apos;s deck.
estate was drawn from the deck.
gold was drawn from the deck.
duchy was drawn from the deck.
curse was drawn from the deck.
copper was drawn from the deck.
Player1 bought mine

Player2 is now starting a turn.
Shuffling Player2&apos;s deck.
curse was drawn from the deck.
copper was drawn from the deck.
seahag was drawn from the deck.
copper was drawn from the deck.
estate was drawn from the deck.
Playing action card: seahag
estate was drawn from the deck.
Player1 discarded estate
Player1 gained curse to top of deck.
Player2 bought great_hall

Player1 is now starting a turn.
curse was drawn from the deck.
copper was drawn from the deck.
estate was drawn from the deck.
curse was drawn from the deck.
copper was drawn from the deck.
Player1 bought great_hall

Player2 is now starting a turn.
curse was drawn from the deck.
ambassador was drawn from the deck.
copper was drawn from the deck.
copper was drawn from the deck.
copper was drawn from the deck.
Playing action card: ambassador
Player2 returned 2 copies of copper
Player1 gained copper
Player2 bought copper

Player1 is now starting a turn.
copper was drawn from the deck.
copper was drawn from the deck.
curse was drawn from the deck.
curse was drawn from the deck.
copper was drawn from the deck.
Player1 bought silver

Player2 is now starting a turn.
estate was drawn from the deck.
copper was drawn from the deck.
duchy was drawn from the deck.
mine was drawn from the deck.
estate was drawn from the deck.
Playing action card: mine
Player2 gained gold
Player2 bought adventurer

Player1 is now starting a turn.
copper was drawn from the deck.
curse was drawn from the deck.
silver was drawn from the deck.
village was drawn from the deck.
mine was drawn from the deck.
Playing action card: village
adventurer was drawn from the deck.
Playing action card: adventurer
curse was drawn from the deck.
Player1 discarded curse
curse was drawn from the deck.
Player1 discarded curse
Playing action card: mine
Player1 gained gold
Player1 bought adventurer

Player2 is now starting a turn.
gold was drawn from the deck.
curse was drawn from the deck.
adventurer was drawn from the deck.
copper was drawn from the deck.
Shuffling Player2&apos;s deck.
copper was drawn from the deck.
Playing action card: adventurer
copper was drawn from the deck.
curse was drawn from the deck.
Player2 discarded curse
ambassador was drawn from the deck.
Player2 discarded ambassador
duchy was drawn from the deck.
Player2 discarded duchy
mine was drawn from the deck.
Player2 discarded mine
curse was drawn from the deck.
Player2 discarded curse
adventurer was drawn from the deck.
Player2 discarded adventurer
estate was drawn from the deck.
Player2 discarded estate
seahag was drawn from the deck.
Player2 discarded seahag
copper was drawn from the deck.
Player2 bought gold

Player1 is now starting a turn.
Shuffling Player1&apos;s deck.
curse was drawn from the deck.
adventurer was drawn from the deck.
adventurer was drawn from the deck.
duchy was drawn from the deck.
copper was drawn from the deck.
Playing action card: adventurer
mine was drawn from the deck.
Player1 discarded mine
estate was drawn from the deck.
Player1 discarded estate
curse was drawn from the deck.
Player1 discarded curse
curse was drawn from the deck.
Player1 discarded curse
estate was drawn from the deck.
Player1 discarded estate
copper was drawn from the deck.
copper was drawn from the deck.
Player1 bought village

Player2 is now starting a turn.
copper was drawn from the deck.
gold was drawn from the deck.
estate was drawn from the deck.
estate was drawn from the deck.
copper was drawn from the deck.
Player2 bought gold

Player1 is now starting a turn.
estate was drawn from the deck.
great_hall was drawn from the deck.
silver was drawn from the deck.
curse was drawn from the deck.
curse was drawn from the deck.
Playing action card: great_hall
gold was drawn from the deck.
Player1 bought adventurer

Player2 is now starting a turn.
great_hall was drawn from the deck.
Shuffling Player2&apos;s deck.
mine was drawn from the deck.
copper was drawn from the deck.
duchy was drawn from the deck.
copper was drawn from the deck.
Playing action card: great_hall
copper was drawn from the deck.
Playing action card: mine
Player2 gained gold
Player2 bought gold

Player1 is now starting a turn.
copper was drawn from the deck.
gold was drawn from the deck.
curse was drawn from the deck.
mine was drawn from the deck.
silver was drawn from the deck.
Playing action card: mine
Player1 gained gold
Player1 bought province

Player2 is now starting a turn.
estate was drawn from the deck.
seahag was drawn from the deck.
adventurer was drawn from the deck.
gold was drawn from the deck.
estate was drawn from the deck.
Playing action card: seahag
copper was drawn from the deck.
Player1 discarded copper
Player1 gained curse to top of deck.
Player2 bought duchy

Player1 is now starting a turn.
curse was drawn from the deck.
copper was drawn from the deck.
copper was drawn from the deck.
curse was drawn from the deck.
curse was drawn from the deck.
Player1 bought estate

Player2 is now starting a turn.
estate was drawn from the deck.
curse was drawn from the deck.
gold was drawn from the deck.
copper was drawn from the deck.
gold was drawn from the deck.
Player2 bought province

Player1 is now starting a turn.
village was drawn from the deck.
copper was drawn from the deck.
Shuffling Player1&apos;s deck.
gold was drawn from the deck.
copper was drawn from the deck.
curse was drawn from the deck.
Playing action card: village
mine was drawn from the deck.
Playing action card: mine
Player1 gained gold
Player1 bought province

Player2 is now starting a turn.
curse was drawn from the deck.
copper was drawn from the deck.
adventurer was drawn from the deck.
ambassador was drawn from the deck.
copper was drawn from the deck.
Playing action card: adventurer
curse was drawn from the deck.
Player2 discarded curse
gold was drawn from the deck.
Player2 bought mine

Player1 is now starting a turn.
estate was drawn from the deck.
curse was drawn from the deck.
copper was drawn from the deck.
silver was drawn from the deck.
gold was drawn from the deck.
Player1 bought gold

Player2 is now starting a turn.
Shuffling Player2&apos;s deck.
adventurer was drawn from the deck.
adventurer was drawn from the deck.
copper was drawn from the deck.
gold was drawn from the deck.
copper was drawn from the deck.
Playing action card: adventurer
estate was drawn from the deck.
Player2 discarded estate
estate was drawn from the deck.
Player2 discarded estate
copper was drawn from the deck.
mine was drawn from the deck.
Player2 discarded mine
seahag was drawn from the deck.
Player2 discarded seahag
gold was drawn from the deck.
Player2 bought province

Player1 is now starting a turn.
copper was drawn from the deck.
estate was drawn from the deck.
silver was drawn from the deck.
curse was drawn from the deck.
mine was drawn from the deck.
Playing action card: mine
Player1 gained gold
Player1 bought gold

Player2 is now starting a turn.
curse was drawn from the deck.
mine was drawn from the deck.
copper was drawn from the deck.
gold was drawn from the deck.
gold was drawn from the deck.
Playing action card: mine
Player2 gained gold
Player2 bought province

Player1 is now starting a turn.
curse was drawn from the deck.
duchy was drawn from the deck.
gold was drawn from the deck.
copper was drawn from the deck.
curse was drawn from the deck.
Player1 bought gardens

Player2 is now starting a turn.
copper was drawn from the deck.
gold was drawn from the deck.
gold was drawn from the deck.
curse was drawn from the deck.
great_hall was drawn from the deck.
Playing action card: great_hall
province was drawn from the deck.
Player2 bought adventurer

Player1 is now starting a turn.
curse was drawn from the deck.
estate was drawn from the deck.
copper was drawn from the deck.
great_hall was drawn from the deck.
province was drawn from the deck.
Playing action card: great_hall
copper was drawn from the deck.
Player1 bought great_hall

Player2 is now starting a turn.
duchy was drawn from the deck.
ambassador was drawn from the deck.
copper was drawn from the deck.
curse was drawn from the deck.
duchy was drawn from the deck.
Playing action card: ambassador
Player2 returned 0 copies of curse
Player2 bought copper

Player1 is now starting a turn.
adventurer was drawn from the deck.
curse was drawn from the deck.
copper was drawn from the deck.
adventurer was drawn from the deck.
adventurer was drawn from the deck.
Playing action card: adventurer
curse was drawn from the deck.
Player1 discarded curse
curse was drawn from the deck.
Player1 discarded curse
village was drawn from the deck.
Player1 discarded village
estate was drawn from the deck.
Player1 discarded estate
Player1 bought copper

Player2 is now starting a turn.
estate was drawn from the deck.
Shuffling Player2&apos;s deck.
gold was drawn from the deck.
copper was drawn from the deck.
copper was drawn from the deck.
gold was drawn from the deck.
Player2 bought province

Player1 is now starting a turn.
Shuffling Player1&apos;s deck.
copper was drawn from the deck.
estate was drawn from the deck.
gold was drawn from the deck.
gold was drawn from the deck.
copper was drawn from the deck.
Player1 bought province

Player2 is now starting a turn.
mine was drawn from the deck.
adventurer was drawn from the deck.
copper was drawn from the deck.
estate was drawn from the deck.
curse was drawn from the deck.
Playing action card: mine
Player2 gained gold
Player2 bought duchy

Player1 is now starting a turn.
copper was drawn from the deck.
village was drawn from the deck.
great_hall was drawn from the deck.
silver was drawn from the deck.
copper was drawn from the deck.
Playing action card: village
estate was drawn from the deck.
Playing action card: great_hall
silver was drawn from the deck.
Player1 bought gold

Player2 is now starting a turn.
curse was drawn from the deck.
gold was drawn from the deck.
copper was drawn from the deck.
copper was drawn from the deck.
gold was drawn from the deck.
Player2 bought province
GAME OVER! Province card pile is empty. 
Player1: 248
Player2: 252
Player1: 248
Player2: 252
GAME OVER! Province card pile is empty. 
GAME OVER! Province card pile is empty. 
Shuffling hi!&apos;s deck.
copper was drawn from the deck.
Shuffling Player1&apos;s deck.
copper was drawn from the deck.
Shuffling Player2&apos;s deck.
copper was drawn from the deck.
hi! gained curse
</system-out>
  </testcase>
  <testcase classname="RegressionTest" name="test197" time="0"/>
  <testcase classname="RegressionTest" name="test198" time="0.015"/>
  <testcase classname="RegressionTest" name="test199" time="0.024">
    <failure type="java.lang.AssertionError">java.lang.AssertionError
	at org.junit.Assert.fail(Assert.java:86)
	at org.junit.Assert.assertTrue(Assert.java:41)
	at org.junit.Assert.assertTrue(Assert.java:52)
	at RegressionTest.test199(RegressionTest.java:12497)
	at sun.reflect.NativeMethodAccessorImpl.invoke0(Native Method)
	at sun.reflect.NativeMethodAccessorImpl.invoke(NativeMethodAccessorImpl.java:62)
	at sun.reflect.DelegatingMethodAccessorImpl.invoke(DelegatingMethodAccessorImpl.java:43)
	at java.lang.reflect.Method.invoke(Method.java:498)
	at org.junit.runners.model.FrameworkMethod$1.runReflectiveCall(FrameworkMethod.java:47)
	at org.junit.internal.runners.model.ReflectiveCallable.run(ReflectiveCallable.java:12)
	at org.junit.runners.model.FrameworkMethod.invokeExplosively(FrameworkMethod.java:44)
	at org.junit.internal.runners.statements.InvokeMethod.evaluate(InvokeMethod.java:17)
	at org.junit.runners.ParentRunner.runLeaf(ParentRunner.java:271)
	at org.junit.runners.BlockJUnit4ClassRunner.runChild(BlockJUnit4ClassRunner.java:70)
	at org.junit.runners.BlockJUnit4ClassRunner.runChild(BlockJUnit4ClassRunner.java:50)
	at org.junit.runners.ParentRunner$3.run(ParentRunner.java:238)
	at org.junit.runners.ParentRunner$1.schedule(ParentRunner.java:63)
	at org.junit.runners.ParentRunner.runChildren(ParentRunner.java:236)
	at org.junit.runners.ParentRunner.access$000(ParentRunner.java:53)
	at org.junit.runners.ParentRunner$2.evaluate(ParentRunner.java:229)
	at org.junit.runners.ParentRunner.run(ParentRunner.java:309)
	at org.apache.maven.surefire.junit4.JUnit4Provider.execute(JUnit4Provider.java:252)
	at org.apache.maven.surefire.junit4.JUnit4Provider.executeTestSet(JUnit4Provider.java:141)
	at org.apache.maven.surefire.junit4.JUnit4Provider.invoke(JUnit4Provider.java:112)
	at sun.reflect.NativeMethodAccessorImpl.invoke0(Native Method)
	at sun.reflect.NativeMethodAccessorImpl.invoke(NativeMethodAccessorImpl.java:62)
	at sun.reflect.DelegatingMethodAccessorImpl.invoke(DelegatingMethodAccessorImpl.java:43)
	at java.lang.reflect.Method.invoke(Method.java:498)
	at org.apache.maven.surefire.util.ReflectionUtils.invokeMethodWithArray(ReflectionUtils.java:189)
	at org.apache.maven.surefire.booter.ProviderFactory$ProviderProxy.invoke(ProviderFactory.java:165)
	at org.apache.maven.surefire.booter.ProviderFactory.invokeProvider(ProviderFactory.java:85)
	at org.apache.maven.surefire.booter.ForkedBooter.runSuitesInProcess(ForkedBooter.java:115)
	at org.apache.maven.surefire.booter.ForkedBooter.main(ForkedBooter.java:75)
</failure>
    <system-out>
STARTING NEW GAME!

Player1 is now starting a turn.
Shuffling Player1&apos;s deck.
copper was drawn from the deck.
copper was drawn from the deck.
estate was drawn from the deck.
copper was drawn from the deck.
estate was drawn from the deck.
Player1 gained curse card because of embargo token.
Player1 gained curse
Player1 gained curse card because of embargo token.
Player1 gained curse
Player1 bought duchy

Player2 is now starting a turn.
Shuffling Player2&apos;s deck.
copper was drawn from the deck.
copper was drawn from the deck.
estate was drawn from the deck.
copper was drawn from the deck.
copper was drawn from the deck.
Player2 gained curse card because of embargo token.
Player2 gained curse
Player2 gained curse card because of embargo token.
Player2 gained curse
Player2 bought duchy

Player1 is now starting a turn.
copper was drawn from the deck.
estate was drawn from the deck.
copper was drawn from the deck.
copper was drawn from the deck.
copper was drawn from the deck.
Player1 gained curse card because of embargo token.
Player1 gained curse
Player1 gained curse card because of embargo token.
Player1 gained curse
Player1 bought mine

Player2 is now starting a turn.
copper was drawn from the deck.
copper was drawn from the deck.
estate was drawn from the deck.
estate was drawn from the deck.
copper was drawn from the deck.
Player2 gained curse card because of embargo token.
Player2 gained curse
Player2 gained curse card because of embargo token.
Player2 gained curse
Player2 bought mine

Player1 is now starting a turn.
Shuffling Player1&apos;s deck.
copper was drawn from the deck.
curse was drawn from the deck.
copper was drawn from the deck.
curse was drawn from the deck.
estate was drawn from the deck.
Player1 gained curse card because of embargo token.
Player1 gained curse
Player1 gained curse card because of embargo token.
Player1 gained curse
Player1 bought great_hall

Player2 is now starting a turn.
Shuffling Player2&apos;s deck.
copper was drawn from the deck.
copper was drawn from the deck.
copper was drawn from the deck.
copper was drawn from the deck.
curse was drawn from the deck.
Player2 bought seahag

Player1 is now starting a turn.
copper was drawn from the deck.
copper was drawn from the deck.
copper was drawn from the deck.
curse was drawn from the deck.
curse was drawn from the deck.
Player1 bought silver

Player2 is now starting a turn.
mine was drawn from the deck.
estate was drawn from the deck.
estate was drawn from the deck.
estate was drawn from the deck.
curse was drawn from the deck.
Playing action card: mine
Player2 bought village

Player1 is now starting a turn.
duchy was drawn from the deck.
estate was drawn from the deck.
copper was drawn from the deck.
copper was drawn from the deck.
estate was drawn from the deck.
Player1 bought seahag

Player2 is now starting a turn.
curse was drawn from the deck.
curse was drawn from the deck.
copper was drawn from the deck.
duchy was drawn from the deck.
copper was drawn from the deck.
Player2 bought estate

Player1 is now starting a turn.
mine was drawn from the deck.
Shuffling Player1&apos;s deck.
copper was drawn from the deck.
curse was drawn from the deck.
estate was drawn from the deck.
curse was drawn from the deck.
Playing action card: mine
Player1 gained gold
Player1 bought mine

Player2 is now starting a turn.
copper was drawn from the deck.
Shuffling Player2&apos;s deck.
copper was drawn from the deck.
mine was drawn from the deck.
copper was drawn from the deck.
curse was drawn from the deck.
Playing action card: mine
Player2 gained gold
Player2 bought gold

Player1 is now starting a turn.
copper was drawn from the deck.
copper was drawn from the deck.
estate was drawn from the deck.
copper was drawn from the deck.
silver was drawn from the deck.
Player1 bought adventurer

Player2 is now starting a turn.
copper was drawn from the deck.
estate was drawn from the deck.
estate was drawn from the deck.
duchy was drawn from the deck.
curse was drawn from the deck.
Player2 bought great_hall

Player1 is now starting a turn.
copper was drawn from the deck.
curse was drawn from the deck.
seahag was drawn from the deck.
copper was drawn from the deck.
curse was drawn from the deck.
Playing action card: seahag
curse was drawn from the deck.
Player2 discarded curse
Player2 gained curse to top of deck.
Player1 bought estate

Player2 is now starting a turn.
curse was drawn from the deck.
village was drawn from the deck.
seahag was drawn from the deck.
estate was drawn from the deck.
copper was drawn from the deck.
Playing action card: village
estate was drawn from the deck.
Playing action card: seahag
copper was drawn from the deck.
Player1 discarded copper
Player1 gained curse to top of deck.
Player2 bought ambassador

Player1 is now starting a turn.
curse was drawn from the deck.
curse was drawn from the deck.
curse was drawn from the deck.
estate was drawn from the deck.
great_hall was drawn from the deck.
Playing action card: great_hall
duchy was drawn from the deck.
Player1 bought copper

Player2 is now starting a turn.
curse was drawn from the deck.
copper was drawn from the deck.
copper was drawn from the deck.
Shuffling Player2&apos;s deck.
copper was drawn from the deck.
curse was drawn from the deck.
Player2 bought silver

Player1 is now starting a turn.
Shuffling Player1&apos;s deck.
curse was drawn from the deck.
curse was drawn from the deck.
mine was drawn from the deck.
copper was drawn from the deck.
curse was drawn from the deck.
Playing action card: mine
Player1 gained gold
Player1 bought smithy

Player2 is now starting a turn.
estate was drawn from the deck.
estate was drawn from the deck.
estate was drawn from the deck.
estate was drawn from the deck.
copper was drawn from the deck.
Player2 bought mine

Player1 is now starting a turn.
estate was drawn from the deck.
mine was drawn from the deck.
estate was drawn from the deck.
copper was drawn from the deck.
curse was drawn from the deck.
Playing action card: mine
Player1 gained gold
Player1 bought gold

Player2 is now starting a turn.
copper was drawn from the deck.
copper was drawn from the deck.
curse was drawn from the deck.
duchy was drawn from the deck.
great_hall was drawn from the deck.
Playing action card: great_hall
village was drawn from the deck.
Playing action card: village
copper was drawn from the deck.
Player2 bought ambassador

Player1 is now starting a turn.
copper was drawn from the deck.
duchy was drawn from the deck.
copper was drawn from the deck.
estate was drawn from the deck.
copper was drawn from the deck.
Player1 bought seahag

Player2 is now starting a turn.
gold was drawn from the deck.
curse was drawn from the deck.
curse was drawn from the deck.
ambassador was drawn from the deck.
seahag was drawn from the deck.
Playing action card: seahag
adventurer was drawn from the deck.
Player1 discarded adventurer
Player1 gained curse to top of deck.
Player2 bought ambassador

Player1 is now starting a turn.
curse was drawn from the deck.
curse was drawn from the deck.
silver was drawn from the deck.
seahag was drawn from the deck.
curse was drawn from the deck.
Playing action card: seahag
gold was drawn from the deck.
Player2 discarded gold
Player2 gained curse to top of deck.
Player1 bought estate

Player2 is now starting a turn.
curse was drawn from the deck.
mine was drawn from the deck.
Shuffling Player2&apos;s deck.
curse was drawn from the deck.
seahag was drawn from the deck.
mine was drawn from the deck.
Playing action card: mine
Player2 bought copper

Player1 is now starting a turn.
curse was drawn from the deck.
gold was drawn from the deck.
copper was drawn from the deck.
copper was drawn from the deck.
great_hall was drawn from the deck.
Playing action card: great_hall
estate was drawn from the deck.
Player1 bought adventurer

Player2 is now starting a turn.
silver was drawn from the deck.
ambassador was drawn from the deck.
estate was drawn from the deck.
curse was drawn from the deck.
ambassador was drawn from the deck.
Playing action card: ambassador
Player2 returned 0 copies of ambassador
Player1 gained ambassador
Player2 bought village

Player1 is now starting a turn.
copper was drawn from the deck.
Shuffling Player1&apos;s deck.
copper was drawn from the deck.
curse was drawn from the deck.
estate was drawn from the deck.
curse was drawn from the deck.
Player1 bought great_hall

Player2 is now starting a turn.
ambassador was drawn from the deck.
copper was drawn from the deck.
copper was drawn from the deck.
copper was drawn from the deck.
copper was drawn from the deck.
Playing action card: ambassador
Player2 returned 0 copies of copper
Player1 gained copper
Player2 bought smithy

Player1 is now starting a turn.
curse was drawn from the deck.
smithy was drawn from the deck.
curse was drawn from the deck.
adventurer was drawn from the deck.
great_hall was drawn from the deck.
Playing action card: smithy
curse was drawn from the deck.
estate was drawn from the deck.
Player1 bought copper

Player2 is now starting a turn.
estate was drawn from the deck.
estate was drawn from the deck.
duchy was drawn from the deck.
gold was drawn from the deck.
copper was drawn from the deck.
Player2 bought adventurer

Player1 is now starting a turn.
curse was drawn from the deck.
gold was drawn from the deck.
gold was drawn from the deck.
copper was drawn from the deck.
estate was drawn from the deck.
Player1 bought province

Player2 is now starting a turn.
gold was drawn from the deck.
curse was drawn from the deck.
estate was drawn from the deck.
curse was drawn from the deck.
copper was drawn from the deck.
Player2 bought duchy

Player1 is now starting a turn.
seahag was drawn from the deck.
estate was drawn from the deck.
ambassador was drawn from the deck.
curse was drawn from the deck.
mine was drawn from the deck.
Playing action card: seahag
great_hall was drawn from the deck.
Player2 discarded great_hall
Player2 gained curse to top of deck.
Player1 bought copper

Player2 is now starting a turn.
curse was drawn from the deck.
copper was drawn from the deck.
curse was drawn from the deck.
village was drawn from the deck.
Shuffling Player2&apos;s deck.
gold was drawn from the deck.
Playing action card: village
seahag was drawn from the deck.
Playing action card: seahag
estate was drawn from the deck.
Player1 discarded estate
Player1 gained curse to top of deck.
Player2 bought smithy

Player1 is now starting a turn.
curse was drawn from the deck.
duchy was drawn from the deck.
copper was drawn from the deck.
curse was drawn from the deck.
copper was drawn from the deck.
Player1 bought estate

Player2 is now starting a turn.
curse was drawn from the deck.
copper was drawn from the deck.
curse was drawn from the deck.
great_hall was drawn from the deck.
mine was drawn from the deck.
Playing action card: mine
Player2 gained gold
Player2 bought seahag

Player1 is now starting a turn.
mine was drawn from the deck.
gold was drawn from the deck.
adventurer was drawn from the deck.
seahag was drawn from the deck.
gold was drawn from the deck.
Playing action card: adventurer
silver was drawn from the deck.
copper was drawn from the deck.
Player1 bought province

Player2 is now starting a turn.
copper was drawn from the deck.
mine was drawn from the deck.
duchy was drawn from the deck.
ambassador was drawn from the deck.
estate was drawn from the deck.
Playing action card: ambassador
Player2 returned 0 copies of copper
Player1 gained copper
Player2 bought estate

Player1 is now starting a turn.
copper was drawn from the deck.
copper was drawn from the deck.
Shuffling Player1&apos;s deck.
silver was drawn from the deck.
mine was drawn from the deck.
seahag was drawn from the deck.
Playing action card: mine
Player1 gained gold
Player1 bought adventurer

Player2 is now starting a turn.
estate was drawn from the deck.
copper was drawn from the deck.
copper was drawn from the deck.
copper was drawn from the deck.
smithy was drawn from the deck.
Playing action card: smithy
copper was drawn from the deck.
ambassador was drawn from the deck.
Player2 bought duchy

Player1 is now starting a turn.
copper was drawn from the deck.
copper was drawn from the deck.
copper was drawn from the deck.
copper was drawn from the deck.
gold was drawn from the deck.
Player1 bought adventurer

Player2 is now starting a turn.
silver was drawn from the deck.
village was drawn from the deck.
estate was drawn from the deck.
duchy was drawn from the deck.
gold was drawn from the deck.
Playing action card: village
curse was drawn from the deck.
Player2 bought adventurer

Player1 is now starting a turn.
curse was drawn from the deck.
curse was drawn from the deck.
curse was drawn from the deck.
province was drawn from the deck.
duchy was drawn from the deck.
Player1 bought copper

Player2 is now starting a turn.
copper was drawn from the deck.
ambassador was drawn from the deck.
curse was drawn from the deck.
curse was drawn from the deck.
adventurer was drawn from the deck.
Playing action card: adventurer
estate was drawn from the deck.
Player2 discarded estate
Player2 bought copper

Player1 is now starting a turn.
curse was drawn from the deck.
estate was drawn from the deck.
curse was drawn from the deck.
curse was drawn from the deck.
estate was drawn from the deck.
Player1 bought estate

Player2 is now starting a turn.
Shuffling Player2&apos;s deck.
smithy was drawn from the deck.
gold was drawn from the deck.
curse was drawn from the deck.
smithy was drawn from the deck.
curse was drawn from the deck.
Playing action card: smithy
duchy was drawn from the deck.
estate was drawn from the deck.
Player2 bought smithy

Player1 is now starting a turn.
curse was drawn from the deck.
smithy was drawn from the deck.
estate was drawn from the deck.
province was drawn from the deck.
estate was drawn from the deck.
Playing action card: smithy
copper was drawn from the deck.
mine was drawn from the deck.
Player1 bought great_hall

Player2 is now starting a turn.
ambassador was drawn from the deck.
mine was drawn from the deck.
curse was drawn from the deck.
seahag was drawn from the deck.
silver was drawn from the deck.
Playing action card: mine
Player2 gained gold
Player2 bought duchy

Player1 is now starting a turn.
copper was drawn from the deck.
great_hall was drawn from the deck.
copper was drawn from the deck.
great_hall was drawn from the deck.
adventurer was drawn from the deck.
Playing action card: great_hall
gold was drawn from the deck.
Playing action card: adventurer
seahag was drawn from the deck.
Player1 discarded seahag
copper was drawn from the deck.
gold was drawn from the deck.
Player1 bought province

Player2 is now starting a turn.
gold was drawn from the deck.
gold was drawn from the deck.
adventurer was drawn from the deck.
great_hall was drawn from the deck.
curse was drawn from the deck.
Playing action card: great_hall
copper was drawn from the deck.
Playing action card: adventurer
duchy was drawn from the deck.
Player2 discarded duchy
ambassador was drawn from the deck.
Player2 discarded ambassador
curse was drawn from the deck.
Player2 discarded curse
village was drawn from the deck.
Player2 discarded village
village was drawn from the deck.
Player2 discarded village
adventurer was drawn from the deck.
Player2 discarded adventurer
mine was drawn from the deck.
Player2 discarded mine
curse was drawn from the deck.
Player2 discarded curse
copper was drawn from the deck.
estate was drawn from the deck.
Player2 discarded estate
copper was drawn from the deck.
Player2 bought province

Player1 is now starting a turn.
gold was drawn from the deck.
curse was drawn from the deck.
adventurer was drawn from the deck.
ambassador was drawn from the deck.
curse was drawn from the deck.
Playing action card: adventurer
copper was drawn from the deck.
copper was drawn from the deck.
Player1 bought mine

Player2 is now starting a turn.
copper was drawn from the deck.
ambassador was drawn from the deck.
copper was drawn from the deck.
estate was drawn from the deck.
curse was drawn from the deck.
Playing action card: ambassador
Player2 returned 0 copies of curse
Player2 bought ambassador

Player1 is now starting a turn.
estate was drawn from the deck.
estate was drawn from the deck.
Shuffling Player1&apos;s deck.
curse was drawn from the deck.
great_hall was drawn from the deck.
adventurer was drawn from the deck.
Playing action card: adventurer
copper was drawn from the deck.
copper was drawn from the deck.
Player1 bought gardens

Player2 is now starting a turn.
copper was drawn from the deck.
seahag was drawn from the deck.
copper was drawn from the deck.
estate was drawn from the deck.
copper was drawn from the deck.
Playing action card: seahag
great_hall was drawn from the deck.
Player1 discarded great_hall
Player1 gained curse to top of deck.
Player2 bought cutpurse

Player1 is now starting a turn.
curse was drawn from the deck.
copper was drawn from the deck.
copper was drawn from the deck.
gold was drawn from the deck.
curse was drawn from the deck.
Player1 bought duchy

Player2 is now starting a turn.
duchy was drawn from the deck.
copper was drawn from the deck.
estate was drawn from the deck.
Shuffling Player2&apos;s deck.
curse was drawn from the deck.
estate was drawn from the deck.
Player2 bought silver

Player1 is now starting a turn.
copper was drawn from the deck.
copper was drawn from the deck.
curse was drawn from the deck.
adventurer was drawn from the deck.
silver was drawn from the deck.
Playing action card: adventurer
seahag was drawn from the deck.
Player1 discarded seahag
mine was drawn from the deck.
Player1 discarded mine
estate was drawn from the deck.
Player1 discarded estate
copper was drawn from the deck.
adventurer was drawn from the deck.
Player1 discarded adventurer
curse was drawn from the deck.
Player1 discarded curse
estate was drawn from the deck.
Player1 discarded estate
province was drawn from the deck.
Player1 discarded province
seahag was drawn from the deck.
Player1 discarded seahag
mine was drawn from the deck.
Player1 discarded mine
copper was drawn from the deck.
Player1 bought adventurer

Player2 is now starting a turn.
smithy was drawn from the deck.
duchy was drawn from the deck.
village was drawn from the deck.
copper was drawn from the deck.
adventurer was drawn from the deck.
Playing action card: village
province was drawn from the deck.
Playing action card: smithy
gold was drawn from the deck.
copper was drawn from the deck.
Playing action card: adventurer
curse was drawn from the deck.
Player2 discarded curse
copper was drawn from the deck.
gold was drawn from the deck.
Player2 bought province

Player1 is now starting a turn.
copper was drawn from the deck.
curse was drawn from the deck.
gold was drawn from the deck.
province was drawn from the deck.
curse was drawn from the deck.
Player1 bought smithy

Player2 is now starting a turn.
curse was drawn from the deck.
seahag was drawn from the deck.
ambassador was drawn from the deck.
ambassador was drawn from the deck.
curse was drawn from the deck.
Playing action card: seahag
ambassador was drawn from the deck.
Player1 discarded ambassador
Player1 gained curse to top of deck.
Player2 bought copper

Player1 is now starting a turn.
curse was drawn from the deck.
copper was drawn from the deck.
gold was drawn from the deck.
smithy was drawn from the deck.
curse was drawn from the deck.
Playing action card: smithy
great_hall was drawn from the deck.
mine was drawn from the deck.
Player1 bought seahag

Player2 is now starting a turn.
village was drawn from the deck.
curse was drawn from the deck.
silver was drawn from the deck.
estate was drawn from the deck.
curse was drawn from the deck.
Playing action card: village
smithy was drawn from the deck.
Playing action card: smithy
copper was drawn from the deck.
gold was drawn from the deck.
Player2 bought adventurer

Player1 is now starting a turn.
adventurer was drawn from the deck.
curse was drawn from the deck.
province was drawn from the deck.
estate was drawn from the deck.
gold was drawn from the deck.
Playing action card: adventurer
copper was drawn from the deck.
estate was drawn from the deck.
Player1 discarded estate
estate was drawn from the deck.
Player1 discarded estate
duchy was drawn from the deck.
Player1 discarded duchy
copper was drawn from the deck.
Player1 bought gold

Player2 is now starting a turn.
estate was drawn from the deck.
smithy was drawn from the deck.
duchy was drawn from the deck.
mine was drawn from the deck.
seahag was drawn from the deck.
Playing action card: seahag
gold was drawn from the deck.
Player1 discarded gold
Player1 gained curse to top of deck.
Player2 bought copper

Player1 is now starting a turn.
curse was drawn from the deck.
curse was drawn from the deck.
copper was drawn from the deck.
Shuffling Player1&apos;s deck.
estate was drawn from the deck.
gold was drawn from the deck.
Player1 bought duchy

Player2 is now starting a turn.
duchy was drawn from the deck.
curse was drawn from the deck.
copper was drawn from the deck.
gold was drawn from the deck.
copper was drawn from the deck.
Player2 bought mine

Player1 is now starting a turn.
adventurer was drawn from the deck.
smithy was drawn from the deck.
gold was drawn from the deck.
copper was drawn from the deck.
silver was drawn from the deck.
Playing action card: smithy
curse was drawn from the deck.
curse was drawn from the deck.
Player1 bought gold

Player2 is now starting a turn.
mine was drawn from the deck.
ambassador was drawn from the deck.
copper was drawn from the deck.
copper was drawn from the deck.
great_hall was drawn from the deck.
Playing action card: mine
Player2 gained gold
Player2 bought mine

Player1 is now starting a turn.
estate was drawn from the deck.
curse was drawn from the deck.
estate was drawn from the deck.
curse was drawn from the deck.
copper was drawn from the deck.
Player1 bought silver

Player2 is now starting a turn.
ambassador was drawn from the deck.
estate was drawn from the deck.
adventurer was drawn from the deck.
cutpurse was drawn from the deck.
Shuffling Player2&apos;s deck.
copper was drawn from the deck.
Playing action card: ambassador
Player2 returned 0 copies of cutpurse
Player1 gained cutpurse
Player2 bought embargo

Player1 is now starting a turn.
mine was drawn from the deck.
duchy was drawn from the deck.
smithy was drawn from the deck.
gardens was drawn from the deck.
estate was drawn from the deck.
Playing action card: mine
Player1 bought copper

Player2 is now starting a turn.
curse was drawn from the deck.
copper was drawn from the deck.
gold was drawn from the deck.
copper was drawn from the deck.
province was drawn from the deck.
Player2 bought duchy

Player1 is now starting a turn.
copper was drawn from the deck.
gold was drawn from the deck.
great_hall was drawn from the deck.
copper was drawn from the deck.
copper was drawn from the deck.
Playing action card: great_hall
copper was drawn from the deck.
Player1 bought gold

Player2 is now starting a turn.
copper was drawn from the deck.
copper was drawn from the deck.
gold was drawn from the deck.
estate was drawn from the deck.
smithy was drawn from the deck.
Playing action card: smithy
copper was drawn from the deck.
copper was drawn from the deck.
Player2 bought province

Player1 is now starting a turn.
seahag was drawn from the deck.
curse was drawn from the deck.
copper was drawn from the deck.
copper was drawn from the deck.
copper was drawn from the deck.
Playing action card: seahag
silver was drawn from the deck.
Player2 discarded silver
Player2 gained curse to top of deck.
Player1 bought ambassador

Player2 is now starting a turn.
curse was drawn from the deck.
duchy was drawn from the deck.
province was drawn from the deck.
great_hall was drawn from the deck.
curse was drawn from the deck.
Playing action card: great_hall
gold was drawn from the deck.
Player2 bought village

Player1 is now starting a turn.
estate was drawn from the deck.
gold was drawn from the deck.
curse was drawn from the deck.
curse was drawn from the deck.
province was drawn from the deck.
Player1 bought smithy

Player2 is now starting a turn.
mine was drawn from the deck.
seahag was drawn from the deck.
mine was drawn from the deck.
silver was drawn from the deck.
ambassador was drawn from the deck.
Playing action card: seahag
great_hall was drawn from the deck.
Player1 discarded great_hall
Player1 gained curse to top of deck.
Player2 bought estate

Player1 is now starting a turn.
curse was drawn from the deck.
copper was drawn from the deck.
curse was drawn from the deck.
copper was drawn from the deck.
curse was drawn from the deck.
Player1 bought estate

Player2 is now starting a turn.
curse was drawn from the deck.
copper was drawn from the deck.
estate was drawn from the deck.
copper was drawn from the deck.
curse was drawn from the deck.
Player2 bought village

Player1 is now starting a turn.
adventurer was drawn from the deck.
adventurer was drawn from the deck.
mine was drawn from the deck.
seahag was drawn from the deck.
estate was drawn from the deck.
Playing action card: adventurer
adventurer was drawn from the deck.
Player1 discarded adventurer
gold was drawn from the deck.
province was drawn from the deck.
Player1 discarded province
seahag was drawn from the deck.
Player1 discarded seahag
mine was drawn from the deck.
Player1 discarded mine
ambassador was drawn from the deck.
Player1 discarded ambassador
great_hall was drawn from the deck.
Player1 discarded great_hall
province was drawn from the deck.
Player1 discarded province
estate was drawn from the deck.
Player1 discarded estate
duchy was drawn from the deck.
Player1 discarded duchy
curse was drawn from the deck.
Player1 discarded curse
gold was drawn from the deck.
Player1 bought adventurer

Player2 is now starting a turn.
smithy was drawn from the deck.
duchy was drawn from the deck.
curse was drawn from the deck.
duchy was drawn from the deck.
smithy was drawn from the deck.
Playing action card: smithy
village was drawn from the deck.
adventurer was drawn from the deck.
Player2 bought copper

Player1 is now starting a turn.
adventurer was drawn from the deck.
copper was drawn from the deck.
Shuffling Player1&apos;s deck.
gold was drawn from the deck.
adventurer was drawn from the deck.
copper was drawn from the deck.
Playing action card: adventurer
curse was drawn from the deck.
Player1 discarded curse
gold was drawn from the deck.
curse was drawn from the deck.
Player1 discarded curse
curse was drawn from the deck.
Player1 discarded curse
gold was drawn from the deck.
Player1 bought province

Player2 is now starting a turn.
gold was drawn from the deck.
mine was drawn from the deck.
estate was drawn from the deck.
ambassador was drawn from the deck.
gold was drawn from the deck.
Playing action card: mine
Player2 gained gold
Player2 bought province
GAME OVER! Province card pile is empty. 
Player1: 379
Player2: 459
</system-out>
  </testcase>
  <testcase classname="RegressionTest" name="test200" time="0"/>
  <testcase classname="RegressionTest" name="test201" time="0.028"/>
  <testcase classname="RegressionTest" name="test202" time="0"/>
  <testcase classname="RegressionTest" name="test203" time="0.025">
    <failure message="&apos;copper&apos; != &apos;estate&apos;" type="java.lang.AssertionError">java.lang.AssertionError: &apos;copper&apos; != &apos;estate&apos;
	at org.junit.Assert.fail(Assert.java:88)
	at org.junit.Assert.assertTrue(Assert.java:41)
	at RegressionTest.test203(RegressionTest.java:12620)
	at sun.reflect.NativeMethodAccessorImpl.invoke0(Native Method)
	at sun.reflect.NativeMethodAccessorImpl.invoke(NativeMethodAccessorImpl.java:62)
	at sun.reflect.DelegatingMethodAccessorImpl.invoke(DelegatingMethodAccessorImpl.java:43)
	at java.lang.reflect.Method.invoke(Method.java:498)
	at org.junit.runners.model.FrameworkMethod$1.runReflectiveCall(FrameworkMethod.java:47)
	at org.junit.internal.runners.model.ReflectiveCallable.run(ReflectiveCallable.java:12)
	at org.junit.runners.model.FrameworkMethod.invokeExplosively(FrameworkMethod.java:44)
	at org.junit.internal.runners.statements.InvokeMethod.evaluate(InvokeMethod.java:17)
	at org.junit.runners.ParentRunner.runLeaf(ParentRunner.java:271)
	at org.junit.runners.BlockJUnit4ClassRunner.runChild(BlockJUnit4ClassRunner.java:70)
	at org.junit.runners.BlockJUnit4ClassRunner.runChild(BlockJUnit4ClassRunner.java:50)
	at org.junit.runners.ParentRunner$3.run(ParentRunner.java:238)
	at org.junit.runners.ParentRunner$1.schedule(ParentRunner.java:63)
	at org.junit.runners.ParentRunner.runChildren(ParentRunner.java:236)
	at org.junit.runners.ParentRunner.access$000(ParentRunner.java:53)
	at org.junit.runners.ParentRunner$2.evaluate(ParentRunner.java:229)
	at org.junit.runners.ParentRunner.run(ParentRunner.java:309)
	at org.apache.maven.surefire.junit4.JUnit4Provider.execute(JUnit4Provider.java:252)
	at org.apache.maven.surefire.junit4.JUnit4Provider.executeTestSet(JUnit4Provider.java:141)
	at org.apache.maven.surefire.junit4.JUnit4Provider.invoke(JUnit4Provider.java:112)
	at sun.reflect.NativeMethodAccessorImpl.invoke0(Native Method)
	at sun.reflect.NativeMethodAccessorImpl.invoke(NativeMethodAccessorImpl.java:62)
	at sun.reflect.DelegatingMethodAccessorImpl.invoke(DelegatingMethodAccessorImpl.java:43)
	at java.lang.reflect.Method.invoke(Method.java:498)
	at org.apache.maven.surefire.util.ReflectionUtils.invokeMethodWithArray(ReflectionUtils.java:189)
	at org.apache.maven.surefire.booter.ProviderFactory$ProviderProxy.invoke(ProviderFactory.java:165)
	at org.apache.maven.surefire.booter.ProviderFactory.invokeProvider(ProviderFactory.java:85)
	at org.apache.maven.surefire.booter.ForkedBooter.runSuitesInProcess(ForkedBooter.java:115)
	at org.apache.maven.surefire.booter.ForkedBooter.main(ForkedBooter.java:75)
</failure>
    <system-out>
STARTING NEW GAME!

Player1 is now starting a turn.
Shuffling Player1&apos;s deck.
copper was drawn from the deck.
copper was drawn from the deck.
estate was drawn from the deck.
copper was drawn from the deck.
estate was drawn from the deck.
Player1 gained curse card because of embargo token.
Player1 gained curse
Player1 gained curse card because of embargo token.
Player1 gained curse
Player1 bought duchy

Player2 is now starting a turn.
Shuffling Player2&apos;s deck.
copper was drawn from the deck.
copper was drawn from the deck.
estate was drawn from the deck.
copper was drawn from the deck.
copper was drawn from the deck.
Player2 gained curse card because of embargo token.
Player2 gained curse
Player2 gained curse card because of embargo token.
Player2 gained curse
Player2 bought duchy

Player1 is now starting a turn.
copper was drawn from the deck.
estate was drawn from the deck.
copper was drawn from the deck.
copper was drawn from the deck.
copper was drawn from the deck.
Player1 gained curse card because of embargo token.
Player1 gained curse
Player1 gained curse card because of embargo token.
Player1 gained curse
Player1 bought mine

Player2 is now starting a turn.
copper was drawn from the deck.
copper was drawn from the deck.
estate was drawn from the deck.
estate was drawn from the deck.
copper was drawn from the deck.
Player2 gained curse card because of embargo token.
Player2 gained curse
Player2 gained curse card because of embargo token.
Player2 gained curse
Player2 bought mine

Player1 is now starting a turn.
Shuffling Player1&apos;s deck.
copper was drawn from the deck.
curse was drawn from the deck.
copper was drawn from the deck.
curse was drawn from the deck.
estate was drawn from the deck.
Player1 gained curse card because of embargo token.
Player1 gained curse
Player1 gained curse card because of embargo token.
Player1 gained curse
Player1 bought great_hall

Player2 is now starting a turn.
Shuffling Player2&apos;s deck.
copper was drawn from the deck.
copper was drawn from the deck.
copper was drawn from the deck.
copper was drawn from the deck.
curse was drawn from the deck.
Player2 bought seahag

Player1 is now starting a turn.
copper was drawn from the deck.
copper was drawn from the deck.
copper was drawn from the deck.
curse was drawn from the deck.
curse was drawn from the deck.
Player1 bought silver

Player2 is now starting a turn.
mine was drawn from the deck.
estate was drawn from the deck.
estate was drawn from the deck.
estate was drawn from the deck.
curse was drawn from the deck.
Playing action card: mine
Player2 bought village

Player1 is now starting a turn.
duchy was drawn from the deck.
estate was drawn from the deck.
copper was drawn from the deck.
copper was drawn from the deck.
estate was drawn from the deck.
Player1 bought seahag

Player2 is now starting a turn.
curse was drawn from the deck.
curse was drawn from the deck.
copper was drawn from the deck.
duchy was drawn from the deck.
copper was drawn from the deck.
Player2 bought estate

Player1 is now starting a turn.
mine was drawn from the deck.
Shuffling Player1&apos;s deck.
copper was drawn from the deck.
curse was drawn from the deck.
estate was drawn from the deck.
curse was drawn from the deck.
Playing action card: mine
Player1 gained gold
Player1 bought mine

Player2 is now starting a turn.
copper was drawn from the deck.
Shuffling Player2&apos;s deck.
copper was drawn from the deck.
mine was drawn from the deck.
copper was drawn from the deck.
curse was drawn from the deck.
Playing action card: mine
Player2 gained gold
Player2 bought gold

Player1 is now starting a turn.
copper was drawn from the deck.
copper was drawn from the deck.
estate was drawn from the deck.
copper was drawn from the deck.
silver was drawn from the deck.
Player1 bought adventurer

Player2 is now starting a turn.
copper was drawn from the deck.
estate was drawn from the deck.
estate was drawn from the deck.
duchy was drawn from the deck.
curse was drawn from the deck.
Player2 bought great_hall

Player1 is now starting a turn.
copper was drawn from the deck.
curse was drawn from the deck.
seahag was drawn from the deck.
copper was drawn from the deck.
curse was drawn from the deck.
Playing action card: seahag
curse was drawn from the deck.
Player2 discarded curse
Player2 gained curse to top of deck.
Player1 bought estate

Player2 is now starting a turn.
curse was drawn from the deck.
village was drawn from the deck.
seahag was drawn from the deck.
estate was drawn from the deck.
copper was drawn from the deck.
Playing action card: village
estate was drawn from the deck.
Playing action card: seahag
copper was drawn from the deck.
Player1 discarded copper
Player1 gained curse to top of deck.
Player2 bought ambassador

Player1 is now starting a turn.
curse was drawn from the deck.
curse was drawn from the deck.
curse was drawn from the deck.
estate was drawn from the deck.
great_hall was drawn from the deck.
Playing action card: great_hall
duchy was drawn from the deck.
Player1 bought copper

Player2 is now starting a turn.
curse was drawn from the deck.
copper was drawn from the deck.
copper was drawn from the deck.
Shuffling Player2&apos;s deck.
copper was drawn from the deck.
curse was drawn from the deck.
Player2 bought silver

Player1 is now starting a turn.
Shuffling Player1&apos;s deck.
curse was drawn from the deck.
curse was drawn from the deck.
mine was drawn from the deck.
copper was drawn from the deck.
curse was drawn from the deck.
Playing action card: mine
Player1 gained gold
Player1 bought smithy

Player2 is now starting a turn.
estate was drawn from the deck.
estate was drawn from the deck.
estate was drawn from the deck.
estate was drawn from the deck.
copper was drawn from the deck.
Player2 bought mine

Player1 is now starting a turn.
estate was drawn from the deck.
mine was drawn from the deck.
estate was drawn from the deck.
copper was drawn from the deck.
curse was drawn from the deck.
Playing action card: mine
Player1 gained gold
Player1 bought gold

Player2 is now starting a turn.
copper was drawn from the deck.
copper was drawn from the deck.
curse was drawn from the deck.
duchy was drawn from the deck.
great_hall was drawn from the deck.
Playing action card: great_hall
village was drawn from the deck.
Playing action card: village
copper was drawn from the deck.
Player2 bought ambassador

Player1 is now starting a turn.
copper was drawn from the deck.
duchy was drawn from the deck.
copper was drawn from the deck.
estate was drawn from the deck.
copper was drawn from the deck.
Player1 bought seahag

Player2 is now starting a turn.
gold was drawn from the deck.
curse was drawn from the deck.
curse was drawn from the deck.
ambassador was drawn from the deck.
seahag was drawn from the deck.
Playing action card: seahag
adventurer was drawn from the deck.
Player1 discarded adventurer
Player1 gained curse to top of deck.
Player2 bought ambassador

Player1 is now starting a turn.
curse was drawn from the deck.
curse was drawn from the deck.
silver was drawn from the deck.
seahag was drawn from the deck.
curse was drawn from the deck.
Playing action card: seahag
gold was drawn from the deck.
Player2 discarded gold
Player2 gained curse to top of deck.
Player1 bought estate

Player2 is now starting a turn.
curse was drawn from the deck.
mine was drawn from the deck.
Shuffling Player2&apos;s deck.
curse was drawn from the deck.
seahag was drawn from the deck.
mine was drawn from the deck.
Playing action card: mine
Player2 bought copper

Player1 is now starting a turn.
curse was drawn from the deck.
gold was drawn from the deck.
copper was drawn from the deck.
copper was drawn from the deck.
great_hall was drawn from the deck.
Playing action card: great_hall
estate was drawn from the deck.
Player1 bought adventurer

Player2 is now starting a turn.
silver was drawn from the deck.
ambassador was drawn from the deck.
estate was drawn from the deck.
curse was drawn from the deck.
ambassador was drawn from the deck.
Playing action card: ambassador
Player2 returned 0 copies of ambassador
Player1 gained ambassador
Player2 bought village

Player1 is now starting a turn.
copper was drawn from the deck.
Shuffling Player1&apos;s deck.
copper was drawn from the deck.
curse was drawn from the deck.
estate was drawn from the deck.
curse was drawn from the deck.
Player1 bought great_hall

Player2 is now starting a turn.
ambassador was drawn from the deck.
copper was drawn from the deck.
copper was drawn from the deck.
copper was drawn from the deck.
copper was drawn from the deck.
Playing action card: ambassador
Player2 returned 0 copies of copper
Player1 gained copper
Player2 bought smithy

Player1 is now starting a turn.
curse was drawn from the deck.
smithy was drawn from the deck.
curse was drawn from the deck.
adventurer was drawn from the deck.
great_hall was drawn from the deck.
Playing action card: smithy
curse was drawn from the deck.
estate was drawn from the deck.
Player1 bought copper

Player2 is now starting a turn.
estate was drawn from the deck.
estate was drawn from the deck.
duchy was drawn from the deck.
gold was drawn from the deck.
copper was drawn from the deck.
Player2 bought adventurer

Player1 is now starting a turn.
curse was drawn from the deck.
gold was drawn from the deck.
gold was drawn from the deck.
copper was drawn from the deck.
estate was drawn from the deck.
Player1 bought province

Player2 is now starting a turn.
gold was drawn from the deck.
curse was drawn from the deck.
estate was drawn from the deck.
curse was drawn from the deck.
copper was drawn from the deck.
Player2 bought duchy

Player1 is now starting a turn.
seahag was drawn from the deck.
estate was drawn from the deck.
ambassador was drawn from the deck.
curse was drawn from the deck.
mine was drawn from the deck.
Playing action card: seahag
great_hall was drawn from the deck.
Player2 discarded great_hall
Player2 gained curse to top of deck.
Player1 bought copper

Player2 is now starting a turn.
curse was drawn from the deck.
copper was drawn from the deck.
curse was drawn from the deck.
village was drawn from the deck.
Shuffling Player2&apos;s deck.
gold was drawn from the deck.
Playing action card: village
seahag was drawn from the deck.
Playing action card: seahag
estate was drawn from the deck.
Player1 discarded estate
Player1 gained curse to top of deck.
Player2 bought smithy

Player1 is now starting a turn.
curse was drawn from the deck.
duchy was drawn from the deck.
copper was drawn from the deck.
curse was drawn from the deck.
copper was drawn from the deck.
Player1 bought estate

Player2 is now starting a turn.
curse was drawn from the deck.
copper was drawn from the deck.
curse was drawn from the deck.
great_hall was drawn from the deck.
mine was drawn from the deck.
Playing action card: mine
Player2 gained gold
Player2 bought seahag

Player1 is now starting a turn.
mine was drawn from the deck.
gold was drawn from the deck.
adventurer was drawn from the deck.
seahag was drawn from the deck.
gold was drawn from the deck.
Playing action card: adventurer
silver was drawn from the deck.
copper was drawn from the deck.
Player1 bought province

Player2 is now starting a turn.
copper was drawn from the deck.
mine was drawn from the deck.
duchy was drawn from the deck.
ambassador was drawn from the deck.
estate was drawn from the deck.
Playing action card: ambassador
Player2 returned 0 copies of copper
Player1 gained copper
Player2 bought estate

Player1 is now starting a turn.
copper was drawn from the deck.
copper was drawn from the deck.
Shuffling Player1&apos;s deck.
silver was drawn from the deck.
mine was drawn from the deck.
seahag was drawn from the deck.
Playing action card: mine
Player1 gained gold
Player1 bought adventurer

Player2 is now starting a turn.
estate was drawn from the deck.
copper was drawn from the deck.
copper was drawn from the deck.
copper was drawn from the deck.
smithy was drawn from the deck.
Playing action card: smithy
copper was drawn from the deck.
ambassador was drawn from the deck.
Player2 bought duchy

Player1 is now starting a turn.
copper was drawn from the deck.
copper was drawn from the deck.
copper was drawn from the deck.
copper was drawn from the deck.
gold was drawn from the deck.
Player1 bought adventurer

Player2 is now starting a turn.
silver was drawn from the deck.
village was drawn from the deck.
estate was drawn from the deck.
duchy was drawn from the deck.
gold was drawn from the deck.
Playing action card: village
curse was drawn from the deck.
Player2 bought adventurer

Player1 is now starting a turn.
curse was drawn from the deck.
curse was drawn from the deck.
curse was drawn from the deck.
province was drawn from the deck.
duchy was drawn from the deck.
Player1 bought copper

Player2 is now starting a turn.
copper was drawn from the deck.
ambassador was drawn from the deck.
curse was drawn from the deck.
curse was drawn from the deck.
adventurer was drawn from the deck.
Playing action card: adventurer
estate was drawn from the deck.
Player2 discarded estate
Player2 bought copper

Player1 is now starting a turn.
curse was drawn from the deck.
estate was drawn from the deck.
curse was drawn from the deck.
curse was drawn from the deck.
estate was drawn from the deck.
Player1 bought estate

Player2 is now starting a turn.
Shuffling Player2&apos;s deck.
smithy was drawn from the deck.
gold was drawn from the deck.
curse was drawn from the deck.
smithy was drawn from the deck.
curse was drawn from the deck.
Playing action card: smithy
duchy was drawn from the deck.
estate was drawn from the deck.
Player2 bought smithy

Player1 is now starting a turn.
curse was drawn from the deck.
smithy was drawn from the deck.
estate was drawn from the deck.
province was drawn from the deck.
estate was drawn from the deck.
Playing action card: smithy
copper was drawn from the deck.
mine was drawn from the deck.
Player1 bought great_hall

Player2 is now starting a turn.
ambassador was drawn from the deck.
mine was drawn from the deck.
curse was drawn from the deck.
seahag was drawn from the deck.
silver was drawn from the deck.
Playing action card: mine
Player2 gained gold
Player2 bought duchy

Player1 is now starting a turn.
copper was drawn from the deck.
great_hall was drawn from the deck.
copper was drawn from the deck.
great_hall was drawn from the deck.
adventurer was drawn from the deck.
Playing action card: great_hall
gold was drawn from the deck.
Playing action card: adventurer
seahag was drawn from the deck.
Player1 discarded seahag
copper was drawn from the deck.
gold was drawn from the deck.
Player1 bought province

Player2 is now starting a turn.
gold was drawn from the deck.
gold was drawn from the deck.
adventurer was drawn from the deck.
great_hall was drawn from the deck.
curse was drawn from the deck.
Playing action card: great_hall
copper was drawn from the deck.
Playing action card: adventurer
duchy was drawn from the deck.
Player2 discarded duchy
ambassador was drawn from the deck.
Player2 discarded ambassador
curse was drawn from the deck.
Player2 discarded curse
village was drawn from the deck.
Player2 discarded village
village was drawn from the deck.
Player2 discarded village
adventurer was drawn from the deck.
Player2 discarded adventurer
mine was drawn from the deck.
Player2 discarded mine
curse was drawn from the deck.
Player2 discarded curse
copper was drawn from the deck.
estate was drawn from the deck.
Player2 discarded estate
copper was drawn from the deck.
Player2 bought province

Player1 is now starting a turn.
gold was drawn from the deck.
curse was drawn from the deck.
adventurer was drawn from the deck.
ambassador was drawn from the deck.
curse was drawn from the deck.
Playing action card: adventurer
copper was drawn from the deck.
copper was drawn from the deck.
Player1 bought mine

Player2 is now starting a turn.
copper was drawn from the deck.
ambassador was drawn from the deck.
copper was drawn from the deck.
estate was drawn from the deck.
curse was drawn from the deck.
Playing action card: ambassador
Player2 returned 0 copies of curse
Player2 bought ambassador

Player1 is now starting a turn.
estate was drawn from the deck.
estate was drawn from the deck.
Shuffling Player1&apos;s deck.
curse was drawn from the deck.
great_hall was drawn from the deck.
adventurer was drawn from the deck.
Playing action card: adventurer
copper was drawn from the deck.
copper was drawn from the deck.
Player1 bought gardens

Player2 is now starting a turn.
copper was drawn from the deck.
seahag was drawn from the deck.
copper was drawn from the deck.
estate was drawn from the deck.
copper was drawn from the deck.
Playing action card: seahag
great_hall was drawn from the deck.
Player1 discarded great_hall
Player1 gained curse to top of deck.
Player2 bought cutpurse

Player1 is now starting a turn.
curse was drawn from the deck.
copper was drawn from the deck.
copper was drawn from the deck.
gold was drawn from the deck.
curse was drawn from the deck.
Player1 bought duchy

Player2 is now starting a turn.
duchy was drawn from the deck.
copper was drawn from the deck.
estate was drawn from the deck.
Shuffling Player2&apos;s deck.
curse was drawn from the deck.
estate was drawn from the deck.
Player2 bought silver

Player1 is now starting a turn.
copper was drawn from the deck.
copper was drawn from the deck.
curse was drawn from the deck.
adventurer was drawn from the deck.
silver was drawn from the deck.
Playing action card: adventurer
seahag was drawn from the deck.
Player1 discarded seahag
mine was drawn from the deck.
Player1 discarded mine
estate was drawn from the deck.
Player1 discarded estate
copper was drawn from the deck.
adventurer was drawn from the deck.
Player1 discarded adventurer
curse was drawn from the deck.
Player1 discarded curse
estate was drawn from the deck.
Player1 discarded estate
province was drawn from the deck.
Player1 discarded province
seahag was drawn from the deck.
Player1 discarded seahag
mine was drawn from the deck.
Player1 discarded mine
copper was drawn from the deck.
Player1 bought adventurer

Player2 is now starting a turn.
smithy was drawn from the deck.
duchy was drawn from the deck.
village was drawn from the deck.
copper was drawn from the deck.
adventurer was drawn from the deck.
Playing action card: village
province was drawn from the deck.
Playing action card: smithy
gold was drawn from the deck.
copper was drawn from the deck.
Playing action card: adventurer
curse was drawn from the deck.
Player2 discarded curse
copper was drawn from the deck.
gold was drawn from the deck.
Player2 bought province

Player1 is now starting a turn.
copper was drawn from the deck.
curse was drawn from the deck.
gold was drawn from the deck.
province was drawn from the deck.
curse was drawn from the deck.
Player1 bought smithy

Player2 is now starting a turn.
curse was drawn from the deck.
seahag was drawn from the deck.
ambassador was drawn from the deck.
ambassador was drawn from the deck.
curse was drawn from the deck.
Playing action card: seahag
ambassador was drawn from the deck.
Player1 discarded ambassador
Player1 gained curse to top of deck.
Player2 bought copper

Player1 is now starting a turn.
curse was drawn from the deck.
copper was drawn from the deck.
gold was drawn from the deck.
smithy was drawn from the deck.
curse was drawn from the deck.
Playing action card: smithy
great_hall was drawn from the deck.
mine was drawn from the deck.
Player1 bought seahag

Player2 is now starting a turn.
village was drawn from the deck.
curse was drawn from the deck.
silver was drawn from the deck.
estate was drawn from the deck.
curse was drawn from the deck.
Playing action card: village
smithy was drawn from the deck.
Playing action card: smithy
copper was drawn from the deck.
gold was drawn from the deck.
Player2 bought adventurer

Player1 is now starting a turn.
adventurer was drawn from the deck.
curse was drawn from the deck.
province was drawn from the deck.
estate was drawn from the deck.
gold was drawn from the deck.
Playing action card: adventurer
copper was drawn from the deck.
estate was drawn from the deck.
Player1 discarded estate
estate was drawn from the deck.
Player1 discarded estate
duchy was drawn from the deck.
Player1 discarded duchy
copper was drawn from the deck.
Player1 bought gold

Player2 is now starting a turn.
estate was drawn from the deck.
smithy was drawn from the deck.
duchy was drawn from the deck.
mine was drawn from the deck.
seahag was drawn from the deck.
Playing action card: seahag
gold was drawn from the deck.
Player1 discarded gold
Player1 gained curse to top of deck.
Player2 bought copper

Player1 is now starting a turn.
curse was drawn from the deck.
curse was drawn from the deck.
copper was drawn from the deck.
Shuffling Player1&apos;s deck.
estate was drawn from the deck.
gold was drawn from the deck.
Player1 bought duchy

Player2 is now starting a turn.
duchy was drawn from the deck.
curse was drawn from the deck.
copper was drawn from the deck.
gold was drawn from the deck.
copper was drawn from the deck.
Player2 bought mine

Player1 is now starting a turn.
adventurer was drawn from the deck.
smithy was drawn from the deck.
gold was drawn from the deck.
copper was drawn from the deck.
silver was drawn from the deck.
Playing action card: smithy
curse was drawn from the deck.
curse was drawn from the deck.
Player1 bought gold

Player2 is now starting a turn.
mine was drawn from the deck.
ambassador was drawn from the deck.
copper was drawn from the deck.
copper was drawn from the deck.
great_hall was drawn from the deck.
Playing action card: mine
Player2 gained gold
Player2 bought mine

Player1 is now starting a turn.
estate was drawn from the deck.
curse was drawn from the deck.
estate was drawn from the deck.
curse was drawn from the deck.
copper was drawn from the deck.
Player1 bought silver

Player2 is now starting a turn.
ambassador was drawn from the deck.
estate was drawn from the deck.
adventurer was drawn from the deck.
cutpurse was drawn from the deck.
Shuffling Player2&apos;s deck.
copper was drawn from the deck.
Playing action card: ambassador
Player2 returned 0 copies of cutpurse
Player1 gained cutpurse
Player2 bought embargo

Player1 is now starting a turn.
mine was drawn from the deck.
duchy was drawn from the deck.
smithy was drawn from the deck.
gardens was drawn from the deck.
estate was drawn from the deck.
Playing action card: mine
Player1 bought copper

Player2 is now starting a turn.
curse was drawn from the deck.
copper was drawn from the deck.
gold was drawn from the deck.
copper was drawn from the deck.
province was drawn from the deck.
Player2 bought duchy

Player1 is now starting a turn.
copper was drawn from the deck.
gold was drawn from the deck.
great_hall was drawn from the deck.
copper was drawn from the deck.
copper was drawn from the deck.
Playing action card: great_hall
copper was drawn from the deck.
Player1 bought gold

Player2 is now starting a turn.
copper was drawn from the deck.
copper was drawn from the deck.
gold was drawn from the deck.
estate was drawn from the deck.
smithy was drawn from the deck.
Playing action card: smithy
copper was drawn from the deck.
copper was drawn from the deck.
Player2 bought province

Player1 is now starting a turn.
seahag was drawn from the deck.
curse was drawn from the deck.
copper was drawn from the deck.
copper was drawn from the deck.
copper was drawn from the deck.
Playing action card: seahag
silver was drawn from the deck.
Player2 discarded silver
Player2 gained curse to top of deck.
Player1 bought ambassador

Player2 is now starting a turn.
curse was drawn from the deck.
duchy was drawn from the deck.
province was drawn from the deck.
great_hall was drawn from the deck.
curse was drawn from the deck.
Playing action card: great_hall
gold was drawn from the deck.
Player2 bought village

Player1 is now starting a turn.
estate was drawn from the deck.
gold was drawn from the deck.
curse was drawn from the deck.
curse was drawn from the deck.
province was drawn from the deck.
Player1 bought smithy

Player2 is now starting a turn.
mine was drawn from the deck.
seahag was drawn from the deck.
mine was drawn from the deck.
silver was drawn from the deck.
ambassador was drawn from the deck.
Playing action card: seahag
great_hall was drawn from the deck.
Player1 discarded great_hall
Player1 gained curse to top of deck.
Player2 bought estate

Player1 is now starting a turn.
curse was drawn from the deck.
copper was drawn from the deck.
curse was drawn from the deck.
copper was drawn from the deck.
curse was drawn from the deck.
Player1 bought estate

Player2 is now starting a turn.
curse was drawn from the deck.
copper was drawn from the deck.
estate was drawn from the deck.
copper was drawn from the deck.
curse was drawn from the deck.
Player2 bought village

Player1 is now starting a turn.
adventurer was drawn from the deck.
adventurer was drawn from the deck.
mine was drawn from the deck.
seahag was drawn from the deck.
estate was drawn from the deck.
Playing action card: adventurer
adventurer was drawn from the deck.
Player1 discarded adventurer
gold was drawn from the deck.
province was drawn from the deck.
Player1 discarded province
seahag was drawn from the deck.
Player1 discarded seahag
mine was drawn from the deck.
Player1 discarded mine
ambassador was drawn from the deck.
Player1 discarded ambassador
great_hall was drawn from the deck.
Player1 discarded great_hall
province was drawn from the deck.
Player1 discarded province
estate was drawn from the deck.
Player1 discarded estate
duchy was drawn from the deck.
Player1 discarded duchy
curse was drawn from the deck.
Player1 discarded curse
gold was drawn from the deck.
Player1 bought adventurer

Player2 is now starting a turn.
smithy was drawn from the deck.
duchy was drawn from the deck.
curse was drawn from the deck.
duchy was drawn from the deck.
smithy was drawn from the deck.
Playing action card: smithy
village was drawn from the deck.
adventurer was drawn from the deck.
Player2 bought copper

Player1 is now starting a turn.
adventurer was drawn from the deck.
copper was drawn from the deck.
Shuffling Player1&apos;s deck.
gold was drawn from the deck.
adventurer was drawn from the deck.
copper was drawn from the deck.
Playing action card: adventurer
curse was drawn from the deck.
Player1 discarded curse
gold was drawn from the deck.
curse was drawn from the deck.
Player1 discarded curse
curse was drawn from the deck.
Player1 discarded curse
gold was drawn from the deck.
Player1 bought province

Player2 is now starting a turn.
gold was drawn from the deck.
mine was drawn from the deck.
estate was drawn from the deck.
ambassador was drawn from the deck.
gold was drawn from the deck.
Playing action card: mine
Player2 gained gold
Player2 bought province
GAME OVER! Province card pile is empty. 
Player1: 379
Player2: 459
Player1: 379
Player2: 459
GAME OVER! Province card pile is empty. 
GAME OVER! Province card pile is empty. 
Shuffling hi!&apos;s deck.
copper was drawn from the deck.
</system-out>
  </testcase>
  <testcase classname="RegressionTest" name="test204" time="0.051"/>
  <testcase classname="RegressionTest" name="test205" time="0.053">
    <failure message="&apos;curse&apos; != &apos;copper&apos;" type="java.lang.AssertionError">java.lang.AssertionError: &apos;curse&apos; != &apos;copper&apos;
	at org.junit.Assert.fail(Assert.java:88)
	at org.junit.Assert.assertTrue(Assert.java:41)
	at RegressionTest.test205(RegressionTest.java:12819)
	at sun.reflect.NativeMethodAccessorImpl.invoke0(Native Method)
	at sun.reflect.NativeMethodAccessorImpl.invoke(NativeMethodAccessorImpl.java:62)
	at sun.reflect.DelegatingMethodAccessorImpl.invoke(DelegatingMethodAccessorImpl.java:43)
	at java.lang.reflect.Method.invoke(Method.java:498)
	at org.junit.runners.model.FrameworkMethod$1.runReflectiveCall(FrameworkMethod.java:47)
	at org.junit.internal.runners.model.ReflectiveCallable.run(ReflectiveCallable.java:12)
	at org.junit.runners.model.FrameworkMethod.invokeExplosively(FrameworkMethod.java:44)
	at org.junit.internal.runners.statements.InvokeMethod.evaluate(InvokeMethod.java:17)
	at org.junit.runners.ParentRunner.runLeaf(ParentRunner.java:271)
	at org.junit.runners.BlockJUnit4ClassRunner.runChild(BlockJUnit4ClassRunner.java:70)
	at org.junit.runners.BlockJUnit4ClassRunner.runChild(BlockJUnit4ClassRunner.java:50)
	at org.junit.runners.ParentRunner$3.run(ParentRunner.java:238)
	at org.junit.runners.ParentRunner$1.schedule(ParentRunner.java:63)
	at org.junit.runners.ParentRunner.runChildren(ParentRunner.java:236)
	at org.junit.runners.ParentRunner.access$000(ParentRunner.java:53)
	at org.junit.runners.ParentRunner$2.evaluate(ParentRunner.java:229)
	at org.junit.runners.ParentRunner.run(ParentRunner.java:309)
	at org.apache.maven.surefire.junit4.JUnit4Provider.execute(JUnit4Provider.java:252)
	at org.apache.maven.surefire.junit4.JUnit4Provider.executeTestSet(JUnit4Provider.java:141)
	at org.apache.maven.surefire.junit4.JUnit4Provider.invoke(JUnit4Provider.java:112)
	at sun.reflect.NativeMethodAccessorImpl.invoke0(Native Method)
	at sun.reflect.NativeMethodAccessorImpl.invoke(NativeMethodAccessorImpl.java:62)
	at sun.reflect.DelegatingMethodAccessorImpl.invoke(DelegatingMethodAccessorImpl.java:43)
	at java.lang.reflect.Method.invoke(Method.java:498)
	at org.apache.maven.surefire.util.ReflectionUtils.invokeMethodWithArray(ReflectionUtils.java:189)
	at org.apache.maven.surefire.booter.ProviderFactory$ProviderProxy.invoke(ProviderFactory.java:165)
	at org.apache.maven.surefire.booter.ProviderFactory.invokeProvider(ProviderFactory.java:85)
	at org.apache.maven.surefire.booter.ForkedBooter.runSuitesInProcess(ForkedBooter.java:115)
	at org.apache.maven.surefire.booter.ForkedBooter.main(ForkedBooter.java:75)
</failure>
    <system-out>hi! gained curse

STARTING NEW GAME!

Player1 is now starting a turn.
Shuffling Player1&apos;s deck.
copper was drawn from the deck.
copper was drawn from the deck.
estate was drawn from the deck.
copper was drawn from the deck.
estate was drawn from the deck.
Player1 gained curse card because of embargo token.
Player1 gained curse
Player1 gained curse card because of embargo token.
Player1 gained curse
Player1 bought duchy

Player2 is now starting a turn.
Shuffling Player2&apos;s deck.
copper was drawn from the deck.
copper was drawn from the deck.
estate was drawn from the deck.
copper was drawn from the deck.
copper was drawn from the deck.
Player2 gained curse card because of embargo token.
Player2 gained curse
Player2 gained curse card because of embargo token.
Player2 gained curse
Player2 bought duchy

Player1 is now starting a turn.
copper was drawn from the deck.
estate was drawn from the deck.
copper was drawn from the deck.
copper was drawn from the deck.
copper was drawn from the deck.
Player1 gained curse card because of embargo token.
Player1 gained curse
Player1 gained curse card because of embargo token.
Player1 gained curse
Player1 bought mine

Player2 is now starting a turn.
copper was drawn from the deck.
copper was drawn from the deck.
estate was drawn from the deck.
estate was drawn from the deck.
copper was drawn from the deck.
Player2 gained curse card because of embargo token.
Player2 gained curse
Player2 gained curse card because of embargo token.
Player2 gained curse
Player2 bought mine

Player1 is now starting a turn.
Shuffling Player1&apos;s deck.
copper was drawn from the deck.
curse was drawn from the deck.
copper was drawn from the deck.
curse was drawn from the deck.
estate was drawn from the deck.
Player1 gained curse card because of embargo token.
Player1 gained curse
Player1 gained curse card because of embargo token.
Player1 gained curse
Player1 bought great_hall

Player2 is now starting a turn.
Shuffling Player2&apos;s deck.
copper was drawn from the deck.
copper was drawn from the deck.
copper was drawn from the deck.
copper was drawn from the deck.
curse was drawn from the deck.
Player2 bought seahag

Player1 is now starting a turn.
copper was drawn from the deck.
copper was drawn from the deck.
copper was drawn from the deck.
curse was drawn from the deck.
curse was drawn from the deck.
Player1 bought silver

Player2 is now starting a turn.
mine was drawn from the deck.
estate was drawn from the deck.
estate was drawn from the deck.
estate was drawn from the deck.
curse was drawn from the deck.
Playing action card: mine
Player2 bought village

Player1 is now starting a turn.
duchy was drawn from the deck.
estate was drawn from the deck.
copper was drawn from the deck.
copper was drawn from the deck.
estate was drawn from the deck.
Player1 bought seahag

Player2 is now starting a turn.
curse was drawn from the deck.
curse was drawn from the deck.
copper was drawn from the deck.
duchy was drawn from the deck.
copper was drawn from the deck.
Player2 bought estate

Player1 is now starting a turn.
mine was drawn from the deck.
Shuffling Player1&apos;s deck.
copper was drawn from the deck.
curse was drawn from the deck.
estate was drawn from the deck.
curse was drawn from the deck.
Playing action card: mine
Player1 gained gold
Player1 bought mine

Player2 is now starting a turn.
copper was drawn from the deck.
Shuffling Player2&apos;s deck.
copper was drawn from the deck.
mine was drawn from the deck.
copper was drawn from the deck.
curse was drawn from the deck.
Playing action card: mine
Player2 gained gold
Player2 bought gold

Player1 is now starting a turn.
copper was drawn from the deck.
copper was drawn from the deck.
estate was drawn from the deck.
copper was drawn from the deck.
silver was drawn from the deck.
Player1 bought adventurer

Player2 is now starting a turn.
copper was drawn from the deck.
estate was drawn from the deck.
estate was drawn from the deck.
duchy was drawn from the deck.
curse was drawn from the deck.
Player2 bought great_hall

Player1 is now starting a turn.
copper was drawn from the deck.
curse was drawn from the deck.
seahag was drawn from the deck.
copper was drawn from the deck.
curse was drawn from the deck.
Playing action card: seahag
curse was drawn from the deck.
Player2 discarded curse
Player2 gained curse to top of deck.
Player1 bought estate

Player2 is now starting a turn.
curse was drawn from the deck.
village was drawn from the deck.
seahag was drawn from the deck.
estate was drawn from the deck.
copper was drawn from the deck.
Playing action card: village
estate was drawn from the deck.
Playing action card: seahag
copper was drawn from the deck.
Player1 discarded copper
Player1 gained curse to top of deck.
Player2 bought ambassador

Player1 is now starting a turn.
curse was drawn from the deck.
curse was drawn from the deck.
curse was drawn from the deck.
estate was drawn from the deck.
great_hall was drawn from the deck.
Playing action card: great_hall
duchy was drawn from the deck.
Player1 bought copper

Player2 is now starting a turn.
curse was drawn from the deck.
copper was drawn from the deck.
copper was drawn from the deck.
Shuffling Player2&apos;s deck.
copper was drawn from the deck.
curse was drawn from the deck.
Player2 bought silver

Player1 is now starting a turn.
Shuffling Player1&apos;s deck.
curse was drawn from the deck.
curse was drawn from the deck.
mine was drawn from the deck.
copper was drawn from the deck.
curse was drawn from the deck.
Playing action card: mine
Player1 gained gold
Player1 bought smithy

Player2 is now starting a turn.
estate was drawn from the deck.
estate was drawn from the deck.
estate was drawn from the deck.
estate was drawn from the deck.
copper was drawn from the deck.
Player2 bought mine

Player1 is now starting a turn.
estate was drawn from the deck.
mine was drawn from the deck.
estate was drawn from the deck.
copper was drawn from the deck.
curse was drawn from the deck.
Playing action card: mine
Player1 gained gold
Player1 bought gold

Player2 is now starting a turn.
copper was drawn from the deck.
copper was drawn from the deck.
curse was drawn from the deck.
duchy was drawn from the deck.
great_hall was drawn from the deck.
Playing action card: great_hall
village was drawn from the deck.
Playing action card: village
copper was drawn from the deck.
Player2 bought ambassador

Player1 is now starting a turn.
copper was drawn from the deck.
duchy was drawn from the deck.
copper was drawn from the deck.
estate was drawn from the deck.
copper was drawn from the deck.
Player1 bought seahag

Player2 is now starting a turn.
gold was drawn from the deck.
curse was drawn from the deck.
curse was drawn from the deck.
ambassador was drawn from the deck.
seahag was drawn from the deck.
Playing action card: seahag
adventurer was drawn from the deck.
Player1 discarded adventurer
Player1 gained curse to top of deck.
Player2 bought ambassador

Player1 is now starting a turn.
curse was drawn from the deck.
curse was drawn from the deck.
silver was drawn from the deck.
seahag was drawn from the deck.
curse was drawn from the deck.
Playing action card: seahag
gold was drawn from the deck.
Player2 discarded gold
Player2 gained curse to top of deck.
Player1 bought estate

Player2 is now starting a turn.
curse was drawn from the deck.
mine was drawn from the deck.
Shuffling Player2&apos;s deck.
curse was drawn from the deck.
seahag was drawn from the deck.
mine was drawn from the deck.
Playing action card: mine
Player2 bought copper

Player1 is now starting a turn.
curse was drawn from the deck.
gold was drawn from the deck.
copper was drawn from the deck.
copper was drawn from the deck.
great_hall was drawn from the deck.
Playing action card: great_hall
estate was drawn from the deck.
Player1 bought adventurer

Player2 is now starting a turn.
silver was drawn from the deck.
ambassador was drawn from the deck.
estate was drawn from the deck.
curse was drawn from the deck.
ambassador was drawn from the deck.
Playing action card: ambassador
Player2 returned 0 copies of ambassador
Player1 gained ambassador
Player2 bought village

Player1 is now starting a turn.
copper was drawn from the deck.
Shuffling Player1&apos;s deck.
copper was drawn from the deck.
curse was drawn from the deck.
estate was drawn from the deck.
curse was drawn from the deck.
Player1 bought great_hall

Player2 is now starting a turn.
ambassador was drawn from the deck.
copper was drawn from the deck.
copper was drawn from the deck.
copper was drawn from the deck.
copper was drawn from the deck.
Playing action card: ambassador
Player2 returned 0 copies of copper
Player1 gained copper
Player2 bought smithy

Player1 is now starting a turn.
curse was drawn from the deck.
smithy was drawn from the deck.
curse was drawn from the deck.
adventurer was drawn from the deck.
great_hall was drawn from the deck.
Playing action card: smithy
curse was drawn from the deck.
estate was drawn from the deck.
Player1 bought copper

Player2 is now starting a turn.
estate was drawn from the deck.
estate was drawn from the deck.
duchy was drawn from the deck.
gold was drawn from the deck.
copper was drawn from the deck.
Player2 bought adventurer

Player1 is now starting a turn.
curse was drawn from the deck.
gold was drawn from the deck.
gold was drawn from the deck.
copper was drawn from the deck.
estate was drawn from the deck.
Player1 bought province

Player2 is now starting a turn.
gold was drawn from the deck.
curse was drawn from the deck.
estate was drawn from the deck.
curse was drawn from the deck.
copper was drawn from the deck.
Player2 bought duchy

Player1 is now starting a turn.
seahag was drawn from the deck.
estate was drawn from the deck.
ambassador was drawn from the deck.
curse was drawn from the deck.
mine was drawn from the deck.
Playing action card: seahag
great_hall was drawn from the deck.
Player2 discarded great_hall
Player2 gained curse to top of deck.
Player1 bought copper

Player2 is now starting a turn.
curse was drawn from the deck.
copper was drawn from the deck.
curse was drawn from the deck.
village was drawn from the deck.
Shuffling Player2&apos;s deck.
gold was drawn from the deck.
Playing action card: village
seahag was drawn from the deck.
Playing action card: seahag
estate was drawn from the deck.
Player1 discarded estate
Player1 gained curse to top of deck.
Player2 bought smithy

Player1 is now starting a turn.
curse was drawn from the deck.
duchy was drawn from the deck.
copper was drawn from the deck.
curse was drawn from the deck.
copper was drawn from the deck.
Player1 bought estate

Player2 is now starting a turn.
curse was drawn from the deck.
copper was drawn from the deck.
curse was drawn from the deck.
great_hall was drawn from the deck.
mine was drawn from the deck.
Playing action card: mine
Player2 gained gold
Player2 bought seahag

Player1 is now starting a turn.
mine was drawn from the deck.
gold was drawn from the deck.
adventurer was drawn from the deck.
seahag was drawn from the deck.
gold was drawn from the deck.
Playing action card: adventurer
silver was drawn from the deck.
copper was drawn from the deck.
Player1 bought province

Player2 is now starting a turn.
copper was drawn from the deck.
mine was drawn from the deck.
duchy was drawn from the deck.
ambassador was drawn from the deck.
estate was drawn from the deck.
Playing action card: ambassador
Player2 returned 0 copies of copper
Player1 gained copper
Player2 bought estate

Player1 is now starting a turn.
copper was drawn from the deck.
copper was drawn from the deck.
Shuffling Player1&apos;s deck.
silver was drawn from the deck.
mine was drawn from the deck.
seahag was drawn from the deck.
Playing action card: mine
Player1 gained gold
Player1 bought adventurer

Player2 is now starting a turn.
estate was drawn from the deck.
copper was drawn from the deck.
copper was drawn from the deck.
copper was drawn from the deck.
smithy was drawn from the deck.
Playing action card: smithy
copper was drawn from the deck.
ambassador was drawn from the deck.
Player2 bought duchy

Player1 is now starting a turn.
copper was drawn from the deck.
copper was drawn from the deck.
copper was drawn from the deck.
copper was drawn from the deck.
gold was drawn from the deck.
Player1 bought adventurer

Player2 is now starting a turn.
silver was drawn from the deck.
village was drawn from the deck.
estate was drawn from the deck.
duchy was drawn from the deck.
gold was drawn from the deck.
Playing action card: village
curse was drawn from the deck.
Player2 bought adventurer

Player1 is now starting a turn.
curse was drawn from the deck.
curse was drawn from the deck.
curse was drawn from the deck.
province was drawn from the deck.
duchy was drawn from the deck.
Player1 bought copper

Player2 is now starting a turn.
copper was drawn from the deck.
ambassador was drawn from the deck.
curse was drawn from the deck.
curse was drawn from the deck.
adventurer was drawn from the deck.
Playing action card: adventurer
estate was drawn from the deck.
Player2 discarded estate
Player2 bought copper

Player1 is now starting a turn.
curse was drawn from the deck.
estate was drawn from the deck.
curse was drawn from the deck.
curse was drawn from the deck.
estate was drawn from the deck.
Player1 bought estate

Player2 is now starting a turn.
Shuffling Player2&apos;s deck.
smithy was drawn from the deck.
gold was drawn from the deck.
curse was drawn from the deck.
smithy was drawn from the deck.
curse was drawn from the deck.
Playing action card: smithy
duchy was drawn from the deck.
estate was drawn from the deck.
Player2 bought smithy

Player1 is now starting a turn.
curse was drawn from the deck.
smithy was drawn from the deck.
estate was drawn from the deck.
province was drawn from the deck.
estate was drawn from the deck.
Playing action card: smithy
copper was drawn from the deck.
mine was drawn from the deck.
Player1 bought great_hall

Player2 is now starting a turn.
ambassador was drawn from the deck.
mine was drawn from the deck.
curse was drawn from the deck.
seahag was drawn from the deck.
silver was drawn from the deck.
Playing action card: mine
Player2 gained gold
Player2 bought duchy

Player1 is now starting a turn.
copper was drawn from the deck.
great_hall was drawn from the deck.
copper was drawn from the deck.
great_hall was drawn from the deck.
adventurer was drawn from the deck.
Playing action card: great_hall
gold was drawn from the deck.
Playing action card: adventurer
seahag was drawn from the deck.
Player1 discarded seahag
copper was drawn from the deck.
gold was drawn from the deck.
Player1 bought province

Player2 is now starting a turn.
gold was drawn from the deck.
gold was drawn from the deck.
adventurer was drawn from the deck.
great_hall was drawn from the deck.
curse was drawn from the deck.
Playing action card: great_hall
copper was drawn from the deck.
Playing action card: adventurer
duchy was drawn from the deck.
Player2 discarded duchy
ambassador was drawn from the deck.
Player2 discarded ambassador
curse was drawn from the deck.
Player2 discarded curse
village was drawn from the deck.
Player2 discarded village
village was drawn from the deck.
Player2 discarded village
adventurer was drawn from the deck.
Player2 discarded adventurer
mine was drawn from the deck.
Player2 discarded mine
curse was drawn from the deck.
Player2 discarded curse
copper was drawn from the deck.
estate was drawn from the deck.
Player2 discarded estate
copper was drawn from the deck.
Player2 bought province

Player1 is now starting a turn.
gold was drawn from the deck.
curse was drawn from the deck.
adventurer was drawn from the deck.
ambassador was drawn from the deck.
curse was drawn from the deck.
Playing action card: adventurer
copper was drawn from the deck.
copper was drawn from the deck.
Player1 bought mine

Player2 is now starting a turn.
copper was drawn from the deck.
ambassador was drawn from the deck.
copper was drawn from the deck.
estate was drawn from the deck.
curse was drawn from the deck.
Playing action card: ambassador
Player2 returned 0 copies of curse
Player2 bought ambassador

Player1 is now starting a turn.
estate was drawn from the deck.
estate was drawn from the deck.
Shuffling Player1&apos;s deck.
curse was drawn from the deck.
great_hall was drawn from the deck.
adventurer was drawn from the deck.
Playing action card: adventurer
copper was drawn from the deck.
copper was drawn from the deck.
Player1 bought gardens

Player2 is now starting a turn.
copper was drawn from the deck.
seahag was drawn from the deck.
copper was drawn from the deck.
estate was drawn from the deck.
copper was drawn from the deck.
Playing action card: seahag
great_hall was drawn from the deck.
Player1 discarded great_hall
Player1 gained curse to top of deck.
Player2 bought cutpurse

Player1 is now starting a turn.
curse was drawn from the deck.
copper was drawn from the deck.
copper was drawn from the deck.
gold was drawn from the deck.
curse was drawn from the deck.
Player1 bought duchy

Player2 is now starting a turn.
duchy was drawn from the deck.
copper was drawn from the deck.
estate was drawn from the deck.
Shuffling Player2&apos;s deck.
curse was drawn from the deck.
estate was drawn from the deck.
Player2 bought silver

Player1 is now starting a turn.
copper was drawn from the deck.
copper was drawn from the deck.
curse was drawn from the deck.
adventurer was drawn from the deck.
silver was drawn from the deck.
Playing action card: adventurer
seahag was drawn from the deck.
Player1 discarded seahag
mine was drawn from the deck.
Player1 discarded mine
estate was drawn from the deck.
Player1 discarded estate
copper was drawn from the deck.
adventurer was drawn from the deck.
Player1 discarded adventurer
curse was drawn from the deck.
Player1 discarded curse
estate was drawn from the deck.
Player1 discarded estate
province was drawn from the deck.
Player1 discarded province
seahag was drawn from the deck.
Player1 discarded seahag
mine was drawn from the deck.
Player1 discarded mine
copper was drawn from the deck.
Player1 bought adventurer

Player2 is now starting a turn.
smithy was drawn from the deck.
duchy was drawn from the deck.
village was drawn from the deck.
copper was drawn from the deck.
adventurer was drawn from the deck.
Playing action card: village
province was drawn from the deck.
Playing action card: smithy
gold was drawn from the deck.
copper was drawn from the deck.
Playing action card: adventurer
curse was drawn from the deck.
Player2 discarded curse
copper was drawn from the deck.
gold was drawn from the deck.
Player2 bought province

Player1 is now starting a turn.
copper was drawn from the deck.
curse was drawn from the deck.
gold was drawn from the deck.
province was drawn from the deck.
curse was drawn from the deck.
Player1 bought smithy

Player2 is now starting a turn.
curse was drawn from the deck.
seahag was drawn from the deck.
ambassador was drawn from the deck.
ambassador was drawn from the deck.
curse was drawn from the deck.
Playing action card: seahag
ambassador was drawn from the deck.
Player1 discarded ambassador
Player1 gained curse to top of deck.
Player2 bought copper

Player1 is now starting a turn.
curse was drawn from the deck.
copper was drawn from the deck.
gold was drawn from the deck.
smithy was drawn from the deck.
curse was drawn from the deck.
Playing action card: smithy
great_hall was drawn from the deck.
mine was drawn from the deck.
Player1 bought seahag

Player2 is now starting a turn.
village was drawn from the deck.
curse was drawn from the deck.
silver was drawn from the deck.
estate was drawn from the deck.
curse was drawn from the deck.
Playing action card: village
smithy was drawn from the deck.
Playing action card: smithy
copper was drawn from the deck.
gold was drawn from the deck.
Player2 bought adventurer

Player1 is now starting a turn.
adventurer was drawn from the deck.
curse was drawn from the deck.
province was drawn from the deck.
estate was drawn from the deck.
gold was drawn from the deck.
Playing action card: adventurer
copper was drawn from the deck.
estate was drawn from the deck.
Player1 discarded estate
estate was drawn from the deck.
Player1 discarded estate
duchy was drawn from the deck.
Player1 discarded duchy
copper was drawn from the deck.
Player1 bought gold

Player2 is now starting a turn.
estate was drawn from the deck.
smithy was drawn from the deck.
duchy was drawn from the deck.
mine was drawn from the deck.
seahag was drawn from the deck.
Playing action card: seahag
gold was drawn from the deck.
Player1 discarded gold
Player1 gained curse to top of deck.
Player2 bought copper

Player1 is now starting a turn.
curse was drawn from the deck.
curse was drawn from the deck.
copper was drawn from the deck.
Shuffling Player1&apos;s deck.
estate was drawn from the deck.
gold was drawn from the deck.
Player1 bought duchy

Player2 is now starting a turn.
duchy was drawn from the deck.
curse was drawn from the deck.
copper was drawn from the deck.
gold was drawn from the deck.
copper was drawn from the deck.
Player2 bought mine

Player1 is now starting a turn.
adventurer was drawn from the deck.
smithy was drawn from the deck.
gold was drawn from the deck.
copper was drawn from the deck.
silver was drawn from the deck.
Playing action card: smithy
curse was drawn from the deck.
curse was drawn from the deck.
Player1 bought gold

Player2 is now starting a turn.
mine was drawn from the deck.
ambassador was drawn from the deck.
copper was drawn from the deck.
copper was drawn from the deck.
great_hall was drawn from the deck.
Playing action card: mine
Player2 gained gold
Player2 bought mine

Player1 is now starting a turn.
estate was drawn from the deck.
curse was drawn from the deck.
estate was drawn from the deck.
curse was drawn from the deck.
copper was drawn from the deck.
Player1 bought silver

Player2 is now starting a turn.
ambassador was drawn from the deck.
estate was drawn from the deck.
adventurer was drawn from the deck.
cutpurse was drawn from the deck.
Shuffling Player2&apos;s deck.
copper was drawn from the deck.
Playing action card: ambassador
Player2 returned 0 copies of cutpurse
Player1 gained cutpurse
Player2 bought embargo

Player1 is now starting a turn.
mine was drawn from the deck.
duchy was drawn from the deck.
smithy was drawn from the deck.
gardens was drawn from the deck.
estate was drawn from the deck.
Playing action card: mine
Player1 bought copper

Player2 is now starting a turn.
curse was drawn from the deck.
copper was drawn from the deck.
gold was drawn from the deck.
copper was drawn from the deck.
province was drawn from the deck.
Player2 bought duchy

Player1 is now starting a turn.
copper was drawn from the deck.
gold was drawn from the deck.
great_hall was drawn from the deck.
copper was drawn from the deck.
copper was drawn from the deck.
Playing action card: great_hall
copper was drawn from the deck.
Player1 bought gold

Player2 is now starting a turn.
copper was drawn from the deck.
copper was drawn from the deck.
gold was drawn from the deck.
estate was drawn from the deck.
smithy was drawn from the deck.
Playing action card: smithy
copper was drawn from the deck.
copper was drawn from the deck.
Player2 bought province

Player1 is now starting a turn.
seahag was drawn from the deck.
curse was drawn from the deck.
copper was drawn from the deck.
copper was drawn from the deck.
copper was drawn from the deck.
Playing action card: seahag
silver was drawn from the deck.
Player2 discarded silver
Player2 gained curse to top of deck.
Player1 bought ambassador

Player2 is now starting a turn.
curse was drawn from the deck.
duchy was drawn from the deck.
province was drawn from the deck.
great_hall was drawn from the deck.
curse was drawn from the deck.
Playing action card: great_hall
gold was drawn from the deck.
Player2 bought village

Player1 is now starting a turn.
estate was drawn from the deck.
gold was drawn from the deck.
curse was drawn from the deck.
curse was drawn from the deck.
province was drawn from the deck.
Player1 bought smithy

Player2 is now starting a turn.
mine was drawn from the deck.
seahag was drawn from the deck.
mine was drawn from the deck.
silver was drawn from the deck.
ambassador was drawn from the deck.
Playing action card: seahag
great_hall was drawn from the deck.
Player1 discarded great_hall
Player1 gained curse to top of deck.
Player2 bought estate

Player1 is now starting a turn.
curse was drawn from the deck.
copper was drawn from the deck.
curse was drawn from the deck.
copper was drawn from the deck.
curse was drawn from the deck.
Player1 bought estate

Player2 is now starting a turn.
curse was drawn from the deck.
copper was drawn from the deck.
estate was drawn from the deck.
copper was drawn from the deck.
curse was drawn from the deck.
Player2 bought village

Player1 is now starting a turn.
adventurer was drawn from the deck.
adventurer was drawn from the deck.
mine was drawn from the deck.
seahag was drawn from the deck.
estate was drawn from the deck.
Playing action card: adventurer
adventurer was drawn from the deck.
Player1 discarded adventurer
gold was drawn from the deck.
province was drawn from the deck.
Player1 discarded province
seahag was drawn from the deck.
Player1 discarded seahag
mine was drawn from the deck.
Player1 discarded mine
ambassador was drawn from the deck.
Player1 discarded ambassador
great_hall was drawn from the deck.
Player1 discarded great_hall
province was drawn from the deck.
Player1 discarded province
estate was drawn from the deck.
Player1 discarded estate
duchy was drawn from the deck.
Player1 discarded duchy
curse was drawn from the deck.
Player1 discarded curse
gold was drawn from the deck.
Player1 bought adventurer

Player2 is now starting a turn.
smithy was drawn from the deck.
duchy was drawn from the deck.
curse was drawn from the deck.
duchy was drawn from the deck.
smithy was drawn from the deck.
Playing action card: smithy
village was drawn from the deck.
adventurer was drawn from the deck.
Player2 bought copper

Player1 is now starting a turn.
adventurer was drawn from the deck.
copper was drawn from the deck.
Shuffling Player1&apos;s deck.
gold was drawn from the deck.
adventurer was drawn from the deck.
copper was drawn from the deck.
Playing action card: adventurer
curse was drawn from the deck.
Player1 discarded curse
gold was drawn from the deck.
curse was drawn from the deck.
Player1 discarded curse
curse was drawn from the deck.
Player1 discarded curse
gold was drawn from the deck.
Player1 bought province

Player2 is now starting a turn.
gold was drawn from the deck.
mine was drawn from the deck.
estate was drawn from the deck.
ambassador was drawn from the deck.
gold was drawn from the deck.
Playing action card: mine
Player2 gained gold
Player2 bought province
GAME OVER! Province card pile is empty. 
Player1: 379
Player2: 459
Player1: 379
Player2: 459

STARTING NEW GAME!

Player1 is now starting a turn.
Shuffling Player1&apos;s deck.
copper was drawn from the deck.
copper was drawn from the deck.
estate was drawn from the deck.
copper was drawn from the deck.
estate was drawn from the deck.
Player1 gained curse card because of embargo token.
Player1 gained curse
Player1 gained curse card because of embargo token.
Player1 gained curse
Player1 bought duchy

Player2 is now starting a turn.
Shuffling Player2&apos;s deck.
copper was drawn from the deck.
copper was drawn from the deck.
estate was drawn from the deck.
copper was drawn from the deck.
copper was drawn from the deck.
Player2 gained curse card because of embargo token.
Player2 gained curse
Player2 gained curse card because of embargo token.
Player2 gained curse
Player2 bought duchy

Player1 is now starting a turn.
copper was drawn from the deck.
estate was drawn from the deck.
copper was drawn from the deck.
copper was drawn from the deck.
copper was drawn from the deck.
Player1 gained curse card because of embargo token.
Player1 gained curse
Player1 gained curse card because of embargo token.
Player1 gained curse
Player1 bought mine

Player2 is now starting a turn.
copper was drawn from the deck.
copper was drawn from the deck.
estate was drawn from the deck.
estate was drawn from the deck.
copper was drawn from the deck.
Player2 gained curse card because of embargo token.
Player2 gained curse
Player2 gained curse card because of embargo token.
Player2 gained curse
Player2 bought mine

Player1 is now starting a turn.
Shuffling Player1&apos;s deck.
copper was drawn from the deck.
curse was drawn from the deck.
copper was drawn from the deck.
curse was drawn from the deck.
estate was drawn from the deck.
Player1 gained curse card because of embargo token.
Player1 gained curse
Player1 gained curse card because of embargo token.
Player1 gained curse
Player1 bought great_hall

Player2 is now starting a turn.
Shuffling Player2&apos;s deck.
copper was drawn from the deck.
copper was drawn from the deck.
copper was drawn from the deck.
copper was drawn from the deck.
curse was drawn from the deck.
Player2 bought seahag

Player1 is now starting a turn.
copper was drawn from the deck.
copper was drawn from the deck.
copper was drawn from the deck.
curse was drawn from the deck.
curse was drawn from the deck.
Player1 bought silver

Player2 is now starting a turn.
mine was drawn from the deck.
estate was drawn from the deck.
estate was drawn from the deck.
estate was drawn from the deck.
curse was drawn from the deck.
Playing action card: mine
Player2 bought village

Player1 is now starting a turn.
duchy was drawn from the deck.
estate was drawn from the deck.
copper was drawn from the deck.
copper was drawn from the deck.
estate was drawn from the deck.
Player1 bought seahag

Player2 is now starting a turn.
curse was drawn from the deck.
curse was drawn from the deck.
copper was drawn from the deck.
duchy was drawn from the deck.
copper was drawn from the deck.
Player2 bought estate

Player1 is now starting a turn.
mine was drawn from the deck.
Shuffling Player1&apos;s deck.
copper was drawn from the deck.
curse was drawn from the deck.
estate was drawn from the deck.
curse was drawn from the deck.
Playing action card: mine
Player1 gained gold
Player1 bought mine

Player2 is now starting a turn.
copper was drawn from the deck.
Shuffling Player2&apos;s deck.
copper was drawn from the deck.
mine was drawn from the deck.
copper was drawn from the deck.
curse was drawn from the deck.
Playing action card: mine
Player2 gained gold
Player2 bought gold

Player1 is now starting a turn.
copper was drawn from the deck.
copper was drawn from the deck.
estate was drawn from the deck.
copper was drawn from the deck.
silver was drawn from the deck.
Player1 bought adventurer

Player2 is now starting a turn.
copper was drawn from the deck.
estate was drawn from the deck.
estate was drawn from the deck.
duchy was drawn from the deck.
curse was drawn from the deck.
Player2 bought great_hall

Player1 is now starting a turn.
copper was drawn from the deck.
curse was drawn from the deck.
seahag was drawn from the deck.
copper was drawn from the deck.
curse was drawn from the deck.
Playing action card: seahag
curse was drawn from the deck.
Player2 discarded curse
Player2 gained curse to top of deck.
Player1 bought estate

Player2 is now starting a turn.
curse was drawn from the deck.
village was drawn from the deck.
seahag was drawn from the deck.
estate was drawn from the deck.
copper was drawn from the deck.
Playing action card: village
estate was drawn from the deck.
Playing action card: seahag
copper was drawn from the deck.
Player1 discarded copper
Player1 gained curse to top of deck.
Player2 bought ambassador

Player1 is now starting a turn.
curse was drawn from the deck.
curse was drawn from the deck.
curse was drawn from the deck.
estate was drawn from the deck.
great_hall was drawn from the deck.
Playing action card: great_hall
duchy was drawn from the deck.
Player1 bought copper

Player2 is now starting a turn.
curse was drawn from the deck.
copper was drawn from the deck.
copper was drawn from the deck.
Shuffling Player2&apos;s deck.
copper was drawn from the deck.
curse was drawn from the deck.
Player2 bought silver

Player1 is now starting a turn.
Shuffling Player1&apos;s deck.
curse was drawn from the deck.
curse was drawn from the deck.
mine was drawn from the deck.
copper was drawn from the deck.
curse was drawn from the deck.
Playing action card: mine
Player1 gained gold
Player1 bought smithy

Player2 is now starting a turn.
estate was drawn from the deck.
estate was drawn from the deck.
estate was drawn from the deck.
estate was drawn from the deck.
copper was drawn from the deck.
Player2 bought mine

Player1 is now starting a turn.
estate was drawn from the deck.
mine was drawn from the deck.
estate was drawn from the deck.
copper was drawn from the deck.
curse was drawn from the deck.
Playing action card: mine
Player1 gained gold
Player1 bought gold

Player2 is now starting a turn.
copper was drawn from the deck.
copper was drawn from the deck.
curse was drawn from the deck.
duchy was drawn from the deck.
great_hall was drawn from the deck.
Playing action card: great_hall
village was drawn from the deck.
Playing action card: village
copper was drawn from the deck.
Player2 bought ambassador

Player1 is now starting a turn.
copper was drawn from the deck.
duchy was drawn from the deck.
copper was drawn from the deck.
estate was drawn from the deck.
copper was drawn from the deck.
Player1 bought seahag

Player2 is now starting a turn.
gold was drawn from the deck.
curse was drawn from the deck.
curse was drawn from the deck.
ambassador was drawn from the deck.
seahag was drawn from the deck.
Playing action card: seahag
adventurer was drawn from the deck.
Player1 discarded adventurer
Player1 gained curse to top of deck.
Player2 bought ambassador

Player1 is now starting a turn.
curse was drawn from the deck.
curse was drawn from the deck.
silver was drawn from the deck.
seahag was drawn from the deck.
curse was drawn from the deck.
Playing action card: seahag
gold was drawn from the deck.
Player2 discarded gold
Player2 gained curse to top of deck.
Player1 bought estate

Player2 is now starting a turn.
curse was drawn from the deck.
mine was drawn from the deck.
Shuffling Player2&apos;s deck.
curse was drawn from the deck.
seahag was drawn from the deck.
mine was drawn from the deck.
Playing action card: mine
Player2 bought copper

Player1 is now starting a turn.
curse was drawn from the deck.
gold was drawn from the deck.
copper was drawn from the deck.
copper was drawn from the deck.
great_hall was drawn from the deck.
Playing action card: great_hall
estate was drawn from the deck.
Player1 bought adventurer

Player2 is now starting a turn.
silver was drawn from the deck.
ambassador was drawn from the deck.
estate was drawn from the deck.
curse was drawn from the deck.
ambassador was drawn from the deck.
Playing action card: ambassador
Player2 returned 0 copies of ambassador
Player1 gained ambassador
Player2 bought village

Player1 is now starting a turn.
copper was drawn from the deck.
Shuffling Player1&apos;s deck.
copper was drawn from the deck.
curse was drawn from the deck.
estate was drawn from the deck.
curse was drawn from the deck.
Player1 bought great_hall

Player2 is now starting a turn.
ambassador was drawn from the deck.
copper was drawn from the deck.
copper was drawn from the deck.
copper was drawn from the deck.
copper was drawn from the deck.
Playing action card: ambassador
Player2 returned 0 copies of copper
Player1 gained copper
Player2 bought smithy

Player1 is now starting a turn.
curse was drawn from the deck.
smithy was drawn from the deck.
curse was drawn from the deck.
adventurer was drawn from the deck.
great_hall was drawn from the deck.
Playing action card: smithy
curse was drawn from the deck.
estate was drawn from the deck.
Player1 bought copper

Player2 is now starting a turn.
estate was drawn from the deck.
estate was drawn from the deck.
duchy was drawn from the deck.
gold was drawn from the deck.
copper was drawn from the deck.
Player2 bought adventurer

Player1 is now starting a turn.
curse was drawn from the deck.
gold was drawn from the deck.
gold was drawn from the deck.
copper was drawn from the deck.
estate was drawn from the deck.
Player1 bought province

Player2 is now starting a turn.
gold was drawn from the deck.
curse was drawn from the deck.
estate was drawn from the deck.
curse was drawn from the deck.
copper was drawn from the deck.
Player2 bought duchy

Player1 is now starting a turn.
seahag was drawn from the deck.
estate was drawn from the deck.
ambassador was drawn from the deck.
curse was drawn from the deck.
mine was drawn from the deck.
Playing action card: seahag
great_hall was drawn from the deck.
Player2 discarded great_hall
Player2 gained curse to top of deck.
Player1 bought copper

Player2 is now starting a turn.
curse was drawn from the deck.
copper was drawn from the deck.
curse was drawn from the deck.
village was drawn from the deck.
Shuffling Player2&apos;s deck.
gold was drawn from the deck.
Playing action card: village
seahag was drawn from the deck.
Playing action card: seahag
estate was drawn from the deck.
Player1 discarded estate
Player1 gained curse to top of deck.
Player2 bought smithy

Player1 is now starting a turn.
curse was drawn from the deck.
duchy was drawn from the deck.
copper was drawn from the deck.
curse was drawn from the deck.
copper was drawn from the deck.
Player1 bought estate

Player2 is now starting a turn.
curse was drawn from the deck.
copper was drawn from the deck.
curse was drawn from the deck.
great_hall was drawn from the deck.
mine was drawn from the deck.
Playing action card: mine
Player2 gained gold
Player2 bought seahag

Player1 is now starting a turn.
mine was drawn from the deck.
gold was drawn from the deck.
adventurer was drawn from the deck.
seahag was drawn from the deck.
gold was drawn from the deck.
Playing action card: adventurer
silver was drawn from the deck.
copper was drawn from the deck.
Player1 bought province

Player2 is now starting a turn.
copper was drawn from the deck.
mine was drawn from the deck.
duchy was drawn from the deck.
ambassador was drawn from the deck.
estate was drawn from the deck.
Playing action card: ambassador
Player2 returned 0 copies of copper
Player1 gained copper
Player2 bought estate

Player1 is now starting a turn.
copper was drawn from the deck.
copper was drawn from the deck.
Shuffling Player1&apos;s deck.
silver was drawn from the deck.
mine was drawn from the deck.
seahag was drawn from the deck.
Playing action card: mine
Player1 gained gold
Player1 bought adventurer

Player2 is now starting a turn.
estate was drawn from the deck.
copper was drawn from the deck.
copper was drawn from the deck.
copper was drawn from the deck.
smithy was drawn from the deck.
Playing action card: smithy
copper was drawn from the deck.
ambassador was drawn from the deck.
Player2 bought duchy

Player1 is now starting a turn.
copper was drawn from the deck.
copper was drawn from the deck.
copper was drawn from the deck.
copper was drawn from the deck.
gold was drawn from the deck.
Player1 bought adventurer

Player2 is now starting a turn.
silver was drawn from the deck.
village was drawn from the deck.
estate was drawn from the deck.
duchy was drawn from the deck.
gold was drawn from the deck.
Playing action card: village
curse was drawn from the deck.
Player2 bought adventurer

Player1 is now starting a turn.
curse was drawn from the deck.
curse was drawn from the deck.
curse was drawn from the deck.
province was drawn from the deck.
duchy was drawn from the deck.
Player1 bought copper

Player2 is now starting a turn.
copper was drawn from the deck.
ambassador was drawn from the deck.
curse was drawn from the deck.
curse was drawn from the deck.
adventurer was drawn from the deck.
Playing action card: adventurer
estate was drawn from the deck.
Player2 discarded estate
Player2 bought copper

Player1 is now starting a turn.
curse was drawn from the deck.
estate was drawn from the deck.
curse was drawn from the deck.
curse was drawn from the deck.
estate was drawn from the deck.
Player1 bought estate

Player2 is now starting a turn.
Shuffling Player2&apos;s deck.
smithy was drawn from the deck.
gold was drawn from the deck.
curse was drawn from the deck.
smithy was drawn from the deck.
curse was drawn from the deck.
Playing action card: smithy
duchy was drawn from the deck.
estate was drawn from the deck.
Player2 bought smithy

Player1 is now starting a turn.
curse was drawn from the deck.
smithy was drawn from the deck.
estate was drawn from the deck.
province was drawn from the deck.
estate was drawn from the deck.
Playing action card: smithy
copper was drawn from the deck.
mine was drawn from the deck.
Player1 bought great_hall

Player2 is now starting a turn.
ambassador was drawn from the deck.
mine was drawn from the deck.
curse was drawn from the deck.
seahag was drawn from the deck.
silver was drawn from the deck.
Playing action card: mine
Player2 gained gold
Player2 bought duchy

Player1 is now starting a turn.
copper was drawn from the deck.
great_hall was drawn from the deck.
copper was drawn from the deck.
great_hall was drawn from the deck.
adventurer was drawn from the deck.
Playing action card: great_hall
gold was drawn from the deck.
Playing action card: adventurer
seahag was drawn from the deck.
Player1 discarded seahag
copper was drawn from the deck.
gold was drawn from the deck.
Player1 bought province

Player2 is now starting a turn.
gold was drawn from the deck.
gold was drawn from the deck.
adventurer was drawn from the deck.
great_hall was drawn from the deck.
curse was drawn from the deck.
Playing action card: great_hall
copper was drawn from the deck.
Playing action card: adventurer
duchy was drawn from the deck.
Player2 discarded duchy
ambassador was drawn from the deck.
Player2 discarded ambassador
curse was drawn from the deck.
Player2 discarded curse
village was drawn from the deck.
Player2 discarded village
village was drawn from the deck.
Player2 discarded village
adventurer was drawn from the deck.
Player2 discarded adventurer
mine was drawn from the deck.
Player2 discarded mine
curse was drawn from the deck.
Player2 discarded curse
copper was drawn from the deck.
estate was drawn from the deck.
Player2 discarded estate
copper was drawn from the deck.
Player2 bought province

Player1 is now starting a turn.
gold was drawn from the deck.
curse was drawn from the deck.
adventurer was drawn from the deck.
ambassador was drawn from the deck.
curse was drawn from the deck.
Playing action card: adventurer
copper was drawn from the deck.
copper was drawn from the deck.
Player1 bought mine

Player2 is now starting a turn.
copper was drawn from the deck.
ambassador was drawn from the deck.
copper was drawn from the deck.
estate was drawn from the deck.
curse was drawn from the deck.
Playing action card: ambassador
Player2 returned 0 copies of curse
Player2 bought ambassador

Player1 is now starting a turn.
estate was drawn from the deck.
estate was drawn from the deck.
Shuffling Player1&apos;s deck.
curse was drawn from the deck.
great_hall was drawn from the deck.
adventurer was drawn from the deck.
Playing action card: adventurer
copper was drawn from the deck.
copper was drawn from the deck.
Player1 bought gardens

Player2 is now starting a turn.
copper was drawn from the deck.
seahag was drawn from the deck.
copper was drawn from the deck.
estate was drawn from the deck.
copper was drawn from the deck.
Playing action card: seahag
great_hall was drawn from the deck.
Player1 discarded great_hall
Player1 gained curse to top of deck.
Player2 bought cutpurse

Player1 is now starting a turn.
curse was drawn from the deck.
copper was drawn from the deck.
copper was drawn from the deck.
gold was drawn from the deck.
curse was drawn from the deck.
Player1 bought duchy

Player2 is now starting a turn.
duchy was drawn from the deck.
copper was drawn from the deck.
estate was drawn from the deck.
Shuffling Player2&apos;s deck.
curse was drawn from the deck.
estate was drawn from the deck.
Player2 bought silver

Player1 is now starting a turn.
copper was drawn from the deck.
copper was drawn from the deck.
curse was drawn from the deck.
adventurer was drawn from the deck.
silver was drawn from the deck.
Playing action card: adventurer
seahag was drawn from the deck.
Player1 discarded seahag
mine was drawn from the deck.
Player1 discarded mine
estate was drawn from the deck.
Player1 discarded estate
copper was drawn from the deck.
adventurer was drawn from the deck.
Player1 discarded adventurer
curse was drawn from the deck.
Player1 discarded curse
estate was drawn from the deck.
Player1 discarded estate
province was drawn from the deck.
Player1 discarded province
seahag was drawn from the deck.
Player1 discarded seahag
mine was drawn from the deck.
Player1 discarded mine
copper was drawn from the deck.
Player1 bought adventurer

Player2 is now starting a turn.
smithy was drawn from the deck.
duchy was drawn from the deck.
village was drawn from the deck.
copper was drawn from the deck.
adventurer was drawn from the deck.
Playing action card: village
province was drawn from the deck.
Playing action card: smithy
gold was drawn from the deck.
copper was drawn from the deck.
Playing action card: adventurer
curse was drawn from the deck.
Player2 discarded curse
copper was drawn from the deck.
gold was drawn from the deck.
Player2 bought province

Player1 is now starting a turn.
copper was drawn from the deck.
curse was drawn from the deck.
gold was drawn from the deck.
province was drawn from the deck.
curse was drawn from the deck.
Player1 bought smithy

Player2 is now starting a turn.
curse was drawn from the deck.
seahag was drawn from the deck.
ambassador was drawn from the deck.
ambassador was drawn from the deck.
curse was drawn from the deck.
Playing action card: seahag
ambassador was drawn from the deck.
Player1 discarded ambassador
Player1 gained curse to top of deck.
Player2 bought copper

Player1 is now starting a turn.
curse was drawn from the deck.
copper was drawn from the deck.
gold was drawn from the deck.
smithy was drawn from the deck.
curse was drawn from the deck.
Playing action card: smithy
great_hall was drawn from the deck.
mine was drawn from the deck.
Player1 bought seahag

Player2 is now starting a turn.
village was drawn from the deck.
curse was drawn from the deck.
silver was drawn from the deck.
estate was drawn from the deck.
curse was drawn from the deck.
Playing action card: village
smithy was drawn from the deck.
Playing action card: smithy
copper was drawn from the deck.
gold was drawn from the deck.
Player2 bought adventurer

Player1 is now starting a turn.
adventurer was drawn from the deck.
curse was drawn from the deck.
province was drawn from the deck.
estate was drawn from the deck.
gold was drawn from the deck.
Playing action card: adventurer
copper was drawn from the deck.
estate was drawn from the deck.
Player1 discarded estate
estate was drawn from the deck.
Player1 discarded estate
duchy was drawn from the deck.
Player1 discarded duchy
copper was drawn from the deck.
Player1 bought gold

Player2 is now starting a turn.
estate was drawn from the deck.
smithy was drawn from the deck.
duchy was drawn from the deck.
mine was drawn from the deck.
seahag was drawn from the deck.
Playing action card: seahag
gold was drawn from the deck.
Player1 discarded gold
Player1 gained curse to top of deck.
Player2 bought copper

Player1 is now starting a turn.
curse was drawn from the deck.
curse was drawn from the deck.
copper was drawn from the deck.
Shuffling Player1&apos;s deck.
estate was drawn from the deck.
gold was drawn from the deck.
Player1 bought duchy

Player2 is now starting a turn.
duchy was drawn from the deck.
curse was drawn from the deck.
copper was drawn from the deck.
gold was drawn from the deck.
copper was drawn from the deck.
Player2 bought mine

Player1 is now starting a turn.
adventurer was drawn from the deck.
smithy was drawn from the deck.
gold was drawn from the deck.
copper was drawn from the deck.
silver was drawn from the deck.
Playing action card: smithy
curse was drawn from the deck.
curse was drawn from the deck.
Player1 bought gold

Player2 is now starting a turn.
mine was drawn from the deck.
ambassador was drawn from the deck.
copper was drawn from the deck.
copper was drawn from the deck.
great_hall was drawn from the deck.
Playing action card: mine
Player2 gained gold
Player2 bought mine

Player1 is now starting a turn.
estate was drawn from the deck.
curse was drawn from the deck.
estate was drawn from the deck.
curse was drawn from the deck.
copper was drawn from the deck.
Player1 bought silver

Player2 is now starting a turn.
ambassador was drawn from the deck.
estate was drawn from the deck.
adventurer was drawn from the deck.
cutpurse was drawn from the deck.
Shuffling Player2&apos;s deck.
copper was drawn from the deck.
Playing action card: ambassador
Player2 returned 0 copies of cutpurse
Player1 gained cutpurse
Player2 bought embargo

Player1 is now starting a turn.
mine was drawn from the deck.
duchy was drawn from the deck.
smithy was drawn from the deck.
gardens was drawn from the deck.
estate was drawn from the deck.
Playing action card: mine
Player1 bought copper

Player2 is now starting a turn.
curse was drawn from the deck.
copper was drawn from the deck.
gold was drawn from the deck.
copper was drawn from the deck.
province was drawn from the deck.
Player2 bought duchy

Player1 is now starting a turn.
copper was drawn from the deck.
gold was drawn from the deck.
great_hall was drawn from the deck.
copper was drawn from the deck.
copper was drawn from the deck.
Playing action card: great_hall
copper was drawn from the deck.
Player1 bought gold

Player2 is now starting a turn.
copper was drawn from the deck.
copper was drawn from the deck.
gold was drawn from the deck.
estate was drawn from the deck.
smithy was drawn from the deck.
Playing action card: smithy
copper was drawn from the deck.
copper was drawn from the deck.
Player2 bought province

Player1 is now starting a turn.
seahag was drawn from the deck.
curse was drawn from the deck.
copper was drawn from the deck.
copper was drawn from the deck.
copper was drawn from the deck.
Playing action card: seahag
silver was drawn from the deck.
Player2 discarded silver
Player2 gained curse to top of deck.
Player1 bought ambassador

Player2 is now starting a turn.
curse was drawn from the deck.
duchy was drawn from the deck.
province was drawn from the deck.
great_hall was drawn from the deck.
curse was drawn from the deck.
Playing action card: great_hall
gold was drawn from the deck.
Player2 bought village

Player1 is now starting a turn.
estate was drawn from the deck.
gold was drawn from the deck.
curse was drawn from the deck.
curse was drawn from the deck.
province was drawn from the deck.
Player1 bought smithy

Player2 is now starting a turn.
mine was drawn from the deck.
seahag was drawn from the deck.
mine was drawn from the deck.
silver was drawn from the deck.
ambassador was drawn from the deck.
Playing action card: seahag
great_hall was drawn from the deck.
Player1 discarded great_hall
Player1 gained curse to top of deck.
Player2 bought estate

Player1 is now starting a turn.
curse was drawn from the deck.
copper was drawn from the deck.
curse was drawn from the deck.
copper was drawn from the deck.
curse was drawn from the deck.
Player1 bought estate

Player2 is now starting a turn.
curse was drawn from the deck.
copper was drawn from the deck.
estate was drawn from the deck.
copper was drawn from the deck.
curse was drawn from the deck.
Player2 bought village

Player1 is now starting a turn.
adventurer was drawn from the deck.
adventurer was drawn from the deck.
mine was drawn from the deck.
seahag was drawn from the deck.
estate was drawn from the deck.
Playing action card: adventurer
adventurer was drawn from the deck.
Player1 discarded adventurer
gold was drawn from the deck.
province was drawn from the deck.
Player1 discarded province
seahag was drawn from the deck.
Player1 discarded seahag
mine was drawn from the deck.
Player1 discarded mine
ambassador was drawn from the deck.
Player1 discarded ambassador
great_hall was drawn from the deck.
Player1 discarded great_hall
province was drawn from the deck.
Player1 discarded province
estate was drawn from the deck.
Player1 discarded estate
duchy was drawn from the deck.
Player1 discarded duchy
curse was drawn from the deck.
Player1 discarded curse
gold was drawn from the deck.
Player1 bought adventurer

Player2 is now starting a turn.
smithy was drawn from the deck.
duchy was drawn from the deck.
curse was drawn from the deck.
duchy was drawn from the deck.
smithy was drawn from the deck.
Playing action card: smithy
village was drawn from the deck.
adventurer was drawn from the deck.
Player2 bought copper

Player1 is now starting a turn.
adventurer was drawn from the deck.
copper was drawn from the deck.
Shuffling Player1&apos;s deck.
gold was drawn from the deck.
adventurer was drawn from the deck.
copper was drawn from the deck.
Playing action card: adventurer
curse was drawn from the deck.
Player1 discarded curse
gold was drawn from the deck.
curse was drawn from the deck.
Player1 discarded curse
curse was drawn from the deck.
Player1 discarded curse
gold was drawn from the deck.
Player1 bought province

Player2 is now starting a turn.
gold was drawn from the deck.
mine was drawn from the deck.
estate was drawn from the deck.
ambassador was drawn from the deck.
gold was drawn from the deck.
Playing action card: mine
Player2 gained gold
Player2 bought province
GAME OVER! Province card pile is empty. 
Player1: 379
Player2: 459
Player1: 379
Player2: 459
Shuffling Player1&apos;s deck.
copper was drawn from the deck.
Shuffling Player2&apos;s deck.
copper was drawn from the deck.
 gained silver
</system-out>
  </testcase>
  <testcase classname="RegressionTest" name="test206" time="0.04">
    <failure message="&apos;copper&apos; != &apos;estate&apos;" type="java.lang.AssertionError">java.lang.AssertionError: &apos;copper&apos; != &apos;estate&apos;
	at org.junit.Assert.fail(Assert.java:88)
	at org.junit.Assert.assertTrue(Assert.java:41)
	at RegressionTest.test206(RegressionTest.java:12957)
	at sun.reflect.NativeMethodAccessorImpl.invoke0(Native Method)
	at sun.reflect.NativeMethodAccessorImpl.invoke(NativeMethodAccessorImpl.java:62)
	at sun.reflect.DelegatingMethodAccessorImpl.invoke(DelegatingMethodAccessorImpl.java:43)
	at java.lang.reflect.Method.invoke(Method.java:498)
	at org.junit.runners.model.FrameworkMethod$1.runReflectiveCall(FrameworkMethod.java:47)
	at org.junit.internal.runners.model.ReflectiveCallable.run(ReflectiveCallable.java:12)
	at org.junit.runners.model.FrameworkMethod.invokeExplosively(FrameworkMethod.java:44)
	at org.junit.internal.runners.statements.InvokeMethod.evaluate(InvokeMethod.java:17)
	at org.junit.runners.ParentRunner.runLeaf(ParentRunner.java:271)
	at org.junit.runners.BlockJUnit4ClassRunner.runChild(BlockJUnit4ClassRunner.java:70)
	at org.junit.runners.BlockJUnit4ClassRunner.runChild(BlockJUnit4ClassRunner.java:50)
	at org.junit.runners.ParentRunner$3.run(ParentRunner.java:238)
	at org.junit.runners.ParentRunner$1.schedule(ParentRunner.java:63)
	at org.junit.runners.ParentRunner.runChildren(ParentRunner.java:236)
	at org.junit.runners.ParentRunner.access$000(ParentRunner.java:53)
	at org.junit.runners.ParentRunner$2.evaluate(ParentRunner.java:229)
	at org.junit.runners.ParentRunner.run(ParentRunner.java:309)
	at org.apache.maven.surefire.junit4.JUnit4Provider.execute(JUnit4Provider.java:252)
	at org.apache.maven.surefire.junit4.JUnit4Provider.executeTestSet(JUnit4Provider.java:141)
	at org.apache.maven.surefire.junit4.JUnit4Provider.invoke(JUnit4Provider.java:112)
	at sun.reflect.NativeMethodAccessorImpl.invoke0(Native Method)
	at sun.reflect.NativeMethodAccessorImpl.invoke(NativeMethodAccessorImpl.java:62)
	at sun.reflect.DelegatingMethodAccessorImpl.invoke(DelegatingMethodAccessorImpl.java:43)
	at java.lang.reflect.Method.invoke(Method.java:498)
	at org.apache.maven.surefire.util.ReflectionUtils.invokeMethodWithArray(ReflectionUtils.java:189)
	at org.apache.maven.surefire.booter.ProviderFactory$ProviderProxy.invoke(ProviderFactory.java:165)
	at org.apache.maven.surefire.booter.ProviderFactory.invokeProvider(ProviderFactory.java:85)
	at org.apache.maven.surefire.booter.ForkedBooter.runSuitesInProcess(ForkedBooter.java:115)
	at org.apache.maven.surefire.booter.ForkedBooter.main(ForkedBooter.java:75)
</failure>
    <system-out>Player1 had no coppers to discard. 
Player2 had no coppers to discard. 
hi! gained mine to top of deck.
mine was drawn from the deck.

STARTING NEW GAME!

Player1 is now starting a turn.
Shuffling Player1&apos;s deck.
copper was drawn from the deck.
copper was drawn from the deck.
estate was drawn from the deck.
copper was drawn from the deck.
estate was drawn from the deck.
Player1 gained curse card because of embargo token.
Player1 gained curse
Player1 gained curse card because of embargo token.
Player1 gained curse
Player1 bought duchy

Player2 is now starting a turn.
Shuffling Player2&apos;s deck.
copper was drawn from the deck.
copper was drawn from the deck.
estate was drawn from the deck.
copper was drawn from the deck.
copper was drawn from the deck.
Player2 gained curse card because of embargo token.
Player2 gained curse
Player2 gained curse card because of embargo token.
Player2 gained curse
Player2 bought duchy

Player1 is now starting a turn.
copper was drawn from the deck.
estate was drawn from the deck.
copper was drawn from the deck.
copper was drawn from the deck.
copper was drawn from the deck.
Player1 gained curse card because of embargo token.
Player1 gained curse
Player1 gained curse card because of embargo token.
Player1 gained curse
Player1 bought mine

Player2 is now starting a turn.
copper was drawn from the deck.
copper was drawn from the deck.
estate was drawn from the deck.
estate was drawn from the deck.
copper was drawn from the deck.
Player2 gained curse card because of embargo token.
Player2 gained curse
Player2 gained curse card because of embargo token.
Player2 gained curse
Player2 bought mine

Player1 is now starting a turn.
Shuffling Player1&apos;s deck.
copper was drawn from the deck.
curse was drawn from the deck.
copper was drawn from the deck.
curse was drawn from the deck.
estate was drawn from the deck.
Player1 gained curse card because of embargo token.
Player1 gained curse
Player1 gained curse card because of embargo token.
Player1 gained curse
Player1 bought great_hall

Player2 is now starting a turn.
Shuffling Player2&apos;s deck.
copper was drawn from the deck.
copper was drawn from the deck.
copper was drawn from the deck.
copper was drawn from the deck.
curse was drawn from the deck.
Player2 bought seahag

Player1 is now starting a turn.
copper was drawn from the deck.
copper was drawn from the deck.
copper was drawn from the deck.
curse was drawn from the deck.
curse was drawn from the deck.
Player1 bought silver

Player2 is now starting a turn.
mine was drawn from the deck.
estate was drawn from the deck.
estate was drawn from the deck.
estate was drawn from the deck.
curse was drawn from the deck.
Playing action card: mine
Player2 bought village

Player1 is now starting a turn.
duchy was drawn from the deck.
estate was drawn from the deck.
copper was drawn from the deck.
copper was drawn from the deck.
estate was drawn from the deck.
Player1 bought seahag

Player2 is now starting a turn.
curse was drawn from the deck.
curse was drawn from the deck.
copper was drawn from the deck.
duchy was drawn from the deck.
copper was drawn from the deck.
Player2 bought estate

Player1 is now starting a turn.
mine was drawn from the deck.
Shuffling Player1&apos;s deck.
copper was drawn from the deck.
curse was drawn from the deck.
estate was drawn from the deck.
curse was drawn from the deck.
Playing action card: mine
Player1 gained gold
Player1 bought mine

Player2 is now starting a turn.
copper was drawn from the deck.
Shuffling Player2&apos;s deck.
copper was drawn from the deck.
mine was drawn from the deck.
copper was drawn from the deck.
curse was drawn from the deck.
Playing action card: mine
Player2 gained gold
Player2 bought gold

Player1 is now starting a turn.
copper was drawn from the deck.
copper was drawn from the deck.
estate was drawn from the deck.
copper was drawn from the deck.
silver was drawn from the deck.
Player1 bought adventurer

Player2 is now starting a turn.
copper was drawn from the deck.
estate was drawn from the deck.
estate was drawn from the deck.
duchy was drawn from the deck.
curse was drawn from the deck.
Player2 bought great_hall

Player1 is now starting a turn.
copper was drawn from the deck.
curse was drawn from the deck.
seahag was drawn from the deck.
copper was drawn from the deck.
curse was drawn from the deck.
Playing action card: seahag
curse was drawn from the deck.
Player2 discarded curse
Player2 gained curse to top of deck.
Player1 bought estate

Player2 is now starting a turn.
curse was drawn from the deck.
village was drawn from the deck.
seahag was drawn from the deck.
estate was drawn from the deck.
copper was drawn from the deck.
Playing action card: village
estate was drawn from the deck.
Playing action card: seahag
copper was drawn from the deck.
Player1 discarded copper
Player1 gained curse to top of deck.
Player2 bought ambassador

Player1 is now starting a turn.
curse was drawn from the deck.
curse was drawn from the deck.
curse was drawn from the deck.
estate was drawn from the deck.
great_hall was drawn from the deck.
Playing action card: great_hall
duchy was drawn from the deck.
Player1 bought copper

Player2 is now starting a turn.
curse was drawn from the deck.
copper was drawn from the deck.
copper was drawn from the deck.
Shuffling Player2&apos;s deck.
copper was drawn from the deck.
curse was drawn from the deck.
Player2 bought silver

Player1 is now starting a turn.
Shuffling Player1&apos;s deck.
curse was drawn from the deck.
curse was drawn from the deck.
mine was drawn from the deck.
copper was drawn from the deck.
curse was drawn from the deck.
Playing action card: mine
Player1 gained gold
Player1 bought smithy

Player2 is now starting a turn.
estate was drawn from the deck.
estate was drawn from the deck.
estate was drawn from the deck.
estate was drawn from the deck.
copper was drawn from the deck.
Player2 bought mine

Player1 is now starting a turn.
estate was drawn from the deck.
mine was drawn from the deck.
estate was drawn from the deck.
copper was drawn from the deck.
curse was drawn from the deck.
Playing action card: mine
Player1 gained gold
Player1 bought gold

Player2 is now starting a turn.
copper was drawn from the deck.
copper was drawn from the deck.
curse was drawn from the deck.
duchy was drawn from the deck.
great_hall was drawn from the deck.
Playing action card: great_hall
village was drawn from the deck.
Playing action card: village
copper was drawn from the deck.
Player2 bought ambassador

Player1 is now starting a turn.
copper was drawn from the deck.
duchy was drawn from the deck.
copper was drawn from the deck.
estate was drawn from the deck.
copper was drawn from the deck.
Player1 bought seahag

Player2 is now starting a turn.
gold was drawn from the deck.
curse was drawn from the deck.
curse was drawn from the deck.
ambassador was drawn from the deck.
seahag was drawn from the deck.
Playing action card: seahag
adventurer was drawn from the deck.
Player1 discarded adventurer
Player1 gained curse to top of deck.
Player2 bought ambassador

Player1 is now starting a turn.
curse was drawn from the deck.
curse was drawn from the deck.
silver was drawn from the deck.
seahag was drawn from the deck.
curse was drawn from the deck.
Playing action card: seahag
gold was drawn from the deck.
Player2 discarded gold
Player2 gained curse to top of deck.
Player1 bought estate

Player2 is now starting a turn.
curse was drawn from the deck.
mine was drawn from the deck.
Shuffling Player2&apos;s deck.
curse was drawn from the deck.
seahag was drawn from the deck.
mine was drawn from the deck.
Playing action card: mine
Player2 bought copper

Player1 is now starting a turn.
curse was drawn from the deck.
gold was drawn from the deck.
copper was drawn from the deck.
copper was drawn from the deck.
great_hall was drawn from the deck.
Playing action card: great_hall
estate was drawn from the deck.
Player1 bought adventurer

Player2 is now starting a turn.
silver was drawn from the deck.
ambassador was drawn from the deck.
estate was drawn from the deck.
curse was drawn from the deck.
ambassador was drawn from the deck.
Playing action card: ambassador
Player2 returned 0 copies of ambassador
Player1 gained ambassador
Player2 bought village

Player1 is now starting a turn.
copper was drawn from the deck.
Shuffling Player1&apos;s deck.
copper was drawn from the deck.
curse was drawn from the deck.
estate was drawn from the deck.
curse was drawn from the deck.
Player1 bought great_hall

Player2 is now starting a turn.
ambassador was drawn from the deck.
copper was drawn from the deck.
copper was drawn from the deck.
copper was drawn from the deck.
copper was drawn from the deck.
Playing action card: ambassador
Player2 returned 0 copies of copper
Player1 gained copper
Player2 bought smithy

Player1 is now starting a turn.
curse was drawn from the deck.
smithy was drawn from the deck.
curse was drawn from the deck.
adventurer was drawn from the deck.
great_hall was drawn from the deck.
Playing action card: smithy
curse was drawn from the deck.
estate was drawn from the deck.
Player1 bought copper

Player2 is now starting a turn.
estate was drawn from the deck.
estate was drawn from the deck.
duchy was drawn from the deck.
gold was drawn from the deck.
copper was drawn from the deck.
Player2 bought adventurer

Player1 is now starting a turn.
curse was drawn from the deck.
gold was drawn from the deck.
gold was drawn from the deck.
copper was drawn from the deck.
estate was drawn from the deck.
Player1 bought province

Player2 is now starting a turn.
gold was drawn from the deck.
curse was drawn from the deck.
estate was drawn from the deck.
curse was drawn from the deck.
copper was drawn from the deck.
Player2 bought duchy

Player1 is now starting a turn.
seahag was drawn from the deck.
estate was drawn from the deck.
ambassador was drawn from the deck.
curse was drawn from the deck.
mine was drawn from the deck.
Playing action card: seahag
great_hall was drawn from the deck.
Player2 discarded great_hall
Player2 gained curse to top of deck.
Player1 bought copper

Player2 is now starting a turn.
curse was drawn from the deck.
copper was drawn from the deck.
curse was drawn from the deck.
village was drawn from the deck.
Shuffling Player2&apos;s deck.
gold was drawn from the deck.
Playing action card: village
seahag was drawn from the deck.
Playing action card: seahag
estate was drawn from the deck.
Player1 discarded estate
Player1 gained curse to top of deck.
Player2 bought smithy

Player1 is now starting a turn.
curse was drawn from the deck.
duchy was drawn from the deck.
copper was drawn from the deck.
curse was drawn from the deck.
copper was drawn from the deck.
Player1 bought estate

Player2 is now starting a turn.
curse was drawn from the deck.
copper was drawn from the deck.
curse was drawn from the deck.
great_hall was drawn from the deck.
mine was drawn from the deck.
Playing action card: mine
Player2 gained gold
Player2 bought seahag

Player1 is now starting a turn.
mine was drawn from the deck.
gold was drawn from the deck.
adventurer was drawn from the deck.
seahag was drawn from the deck.
gold was drawn from the deck.
Playing action card: adventurer
silver was drawn from the deck.
copper was drawn from the deck.
Player1 bought province

Player2 is now starting a turn.
copper was drawn from the deck.
mine was drawn from the deck.
duchy was drawn from the deck.
ambassador was drawn from the deck.
estate was drawn from the deck.
Playing action card: ambassador
Player2 returned 0 copies of copper
Player1 gained copper
Player2 bought estate

Player1 is now starting a turn.
copper was drawn from the deck.
copper was drawn from the deck.
Shuffling Player1&apos;s deck.
silver was drawn from the deck.
mine was drawn from the deck.
seahag was drawn from the deck.
Playing action card: mine
Player1 gained gold
Player1 bought adventurer

Player2 is now starting a turn.
estate was drawn from the deck.
copper was drawn from the deck.
copper was drawn from the deck.
copper was drawn from the deck.
smithy was drawn from the deck.
Playing action card: smithy
copper was drawn from the deck.
ambassador was drawn from the deck.
Player2 bought duchy

Player1 is now starting a turn.
copper was drawn from the deck.
copper was drawn from the deck.
copper was drawn from the deck.
copper was drawn from the deck.
gold was drawn from the deck.
Player1 bought adventurer

Player2 is now starting a turn.
silver was drawn from the deck.
village was drawn from the deck.
estate was drawn from the deck.
duchy was drawn from the deck.
gold was drawn from the deck.
Playing action card: village
curse was drawn from the deck.
Player2 bought adventurer

Player1 is now starting a turn.
curse was drawn from the deck.
curse was drawn from the deck.
curse was drawn from the deck.
province was drawn from the deck.
duchy was drawn from the deck.
Player1 bought copper

Player2 is now starting a turn.
copper was drawn from the deck.
ambassador was drawn from the deck.
curse was drawn from the deck.
curse was drawn from the deck.
adventurer was drawn from the deck.
Playing action card: adventurer
estate was drawn from the deck.
Player2 discarded estate
Player2 bought copper

Player1 is now starting a turn.
curse was drawn from the deck.
estate was drawn from the deck.
curse was drawn from the deck.
curse was drawn from the deck.
estate was drawn from the deck.
Player1 bought estate

Player2 is now starting a turn.
Shuffling Player2&apos;s deck.
smithy was drawn from the deck.
gold was drawn from the deck.
curse was drawn from the deck.
smithy was drawn from the deck.
curse was drawn from the deck.
Playing action card: smithy
duchy was drawn from the deck.
estate was drawn from the deck.
Player2 bought smithy

Player1 is now starting a turn.
curse was drawn from the deck.
smithy was drawn from the deck.
estate was drawn from the deck.
province was drawn from the deck.
estate was drawn from the deck.
Playing action card: smithy
copper was drawn from the deck.
mine was drawn from the deck.
Player1 bought great_hall

Player2 is now starting a turn.
ambassador was drawn from the deck.
mine was drawn from the deck.
curse was drawn from the deck.
seahag was drawn from the deck.
silver was drawn from the deck.
Playing action card: mine
Player2 gained gold
Player2 bought duchy

Player1 is now starting a turn.
copper was drawn from the deck.
great_hall was drawn from the deck.
copper was drawn from the deck.
great_hall was drawn from the deck.
adventurer was drawn from the deck.
Playing action card: great_hall
gold was drawn from the deck.
Playing action card: adventurer
seahag was drawn from the deck.
Player1 discarded seahag
copper was drawn from the deck.
gold was drawn from the deck.
Player1 bought province

Player2 is now starting a turn.
gold was drawn from the deck.
gold was drawn from the deck.
adventurer was drawn from the deck.
great_hall was drawn from the deck.
curse was drawn from the deck.
Playing action card: great_hall
copper was drawn from the deck.
Playing action card: adventurer
duchy was drawn from the deck.
Player2 discarded duchy
ambassador was drawn from the deck.
Player2 discarded ambassador
curse was drawn from the deck.
Player2 discarded curse
village was drawn from the deck.
Player2 discarded village
village was drawn from the deck.
Player2 discarded village
adventurer was drawn from the deck.
Player2 discarded adventurer
mine was drawn from the deck.
Player2 discarded mine
curse was drawn from the deck.
Player2 discarded curse
copper was drawn from the deck.
estate was drawn from the deck.
Player2 discarded estate
copper was drawn from the deck.
Player2 bought province

Player1 is now starting a turn.
gold was drawn from the deck.
curse was drawn from the deck.
adventurer was drawn from the deck.
ambassador was drawn from the deck.
curse was drawn from the deck.
Playing action card: adventurer
copper was drawn from the deck.
copper was drawn from the deck.
Player1 bought mine

Player2 is now starting a turn.
copper was drawn from the deck.
ambassador was drawn from the deck.
copper was drawn from the deck.
estate was drawn from the deck.
curse was drawn from the deck.
Playing action card: ambassador
Player2 returned 0 copies of curse
Player2 bought ambassador

Player1 is now starting a turn.
estate was drawn from the deck.
estate was drawn from the deck.
Shuffling Player1&apos;s deck.
curse was drawn from the deck.
great_hall was drawn from the deck.
adventurer was drawn from the deck.
Playing action card: adventurer
copper was drawn from the deck.
copper was drawn from the deck.
Player1 bought gardens

Player2 is now starting a turn.
copper was drawn from the deck.
seahag was drawn from the deck.
copper was drawn from the deck.
estate was drawn from the deck.
copper was drawn from the deck.
Playing action card: seahag
great_hall was drawn from the deck.
Player1 discarded great_hall
Player1 gained curse to top of deck.
Player2 bought cutpurse

Player1 is now starting a turn.
curse was drawn from the deck.
copper was drawn from the deck.
copper was drawn from the deck.
gold was drawn from the deck.
curse was drawn from the deck.
Player1 bought duchy

Player2 is now starting a turn.
duchy was drawn from the deck.
copper was drawn from the deck.
estate was drawn from the deck.
Shuffling Player2&apos;s deck.
curse was drawn from the deck.
estate was drawn from the deck.
Player2 bought silver

Player1 is now starting a turn.
copper was drawn from the deck.
copper was drawn from the deck.
curse was drawn from the deck.
adventurer was drawn from the deck.
silver was drawn from the deck.
Playing action card: adventurer
seahag was drawn from the deck.
Player1 discarded seahag
mine was drawn from the deck.
Player1 discarded mine
estate was drawn from the deck.
Player1 discarded estate
copper was drawn from the deck.
adventurer was drawn from the deck.
Player1 discarded adventurer
curse was drawn from the deck.
Player1 discarded curse
estate was drawn from the deck.
Player1 discarded estate
province was drawn from the deck.
Player1 discarded province
seahag was drawn from the deck.
Player1 discarded seahag
mine was drawn from the deck.
Player1 discarded mine
copper was drawn from the deck.
Player1 bought adventurer

Player2 is now starting a turn.
smithy was drawn from the deck.
duchy was drawn from the deck.
village was drawn from the deck.
copper was drawn from the deck.
adventurer was drawn from the deck.
Playing action card: village
province was drawn from the deck.
Playing action card: smithy
gold was drawn from the deck.
copper was drawn from the deck.
Playing action card: adventurer
curse was drawn from the deck.
Player2 discarded curse
copper was drawn from the deck.
gold was drawn from the deck.
Player2 bought province

Player1 is now starting a turn.
copper was drawn from the deck.
curse was drawn from the deck.
gold was drawn from the deck.
province was drawn from the deck.
curse was drawn from the deck.
Player1 bought smithy

Player2 is now starting a turn.
curse was drawn from the deck.
seahag was drawn from the deck.
ambassador was drawn from the deck.
ambassador was drawn from the deck.
curse was drawn from the deck.
Playing action card: seahag
ambassador was drawn from the deck.
Player1 discarded ambassador
Player1 gained curse to top of deck.
Player2 bought copper

Player1 is now starting a turn.
curse was drawn from the deck.
copper was drawn from the deck.
gold was drawn from the deck.
smithy was drawn from the deck.
curse was drawn from the deck.
Playing action card: smithy
great_hall was drawn from the deck.
mine was drawn from the deck.
Player1 bought seahag

Player2 is now starting a turn.
village was drawn from the deck.
curse was drawn from the deck.
silver was drawn from the deck.
estate was drawn from the deck.
curse was drawn from the deck.
Playing action card: village
smithy was drawn from the deck.
Playing action card: smithy
copper was drawn from the deck.
gold was drawn from the deck.
Player2 bought adventurer

Player1 is now starting a turn.
adventurer was drawn from the deck.
curse was drawn from the deck.
province was drawn from the deck.
estate was drawn from the deck.
gold was drawn from the deck.
Playing action card: adventurer
copper was drawn from the deck.
estate was drawn from the deck.
Player1 discarded estate
estate was drawn from the deck.
Player1 discarded estate
duchy was drawn from the deck.
Player1 discarded duchy
copper was drawn from the deck.
Player1 bought gold

Player2 is now starting a turn.
estate was drawn from the deck.
smithy was drawn from the deck.
duchy was drawn from the deck.
mine was drawn from the deck.
seahag was drawn from the deck.
Playing action card: seahag
gold was drawn from the deck.
Player1 discarded gold
Player1 gained curse to top of deck.
Player2 bought copper

Player1 is now starting a turn.
curse was drawn from the deck.
curse was drawn from the deck.
copper was drawn from the deck.
Shuffling Player1&apos;s deck.
estate was drawn from the deck.
gold was drawn from the deck.
Player1 bought duchy

Player2 is now starting a turn.
duchy was drawn from the deck.
curse was drawn from the deck.
copper was drawn from the deck.
gold was drawn from the deck.
copper was drawn from the deck.
Player2 bought mine

Player1 is now starting a turn.
adventurer was drawn from the deck.
smithy was drawn from the deck.
gold was drawn from the deck.
copper was drawn from the deck.
silver was drawn from the deck.
Playing action card: smithy
curse was drawn from the deck.
curse was drawn from the deck.
Player1 bought gold

Player2 is now starting a turn.
mine was drawn from the deck.
ambassador was drawn from the deck.
copper was drawn from the deck.
copper was drawn from the deck.
great_hall was drawn from the deck.
Playing action card: mine
Player2 gained gold
Player2 bought mine

Player1 is now starting a turn.
estate was drawn from the deck.
curse was drawn from the deck.
estate was drawn from the deck.
curse was drawn from the deck.
copper was drawn from the deck.
Player1 bought silver

Player2 is now starting a turn.
ambassador was drawn from the deck.
estate was drawn from the deck.
adventurer was drawn from the deck.
cutpurse was drawn from the deck.
Shuffling Player2&apos;s deck.
copper was drawn from the deck.
Playing action card: ambassador
Player2 returned 0 copies of cutpurse
Player1 gained cutpurse
Player2 bought embargo

Player1 is now starting a turn.
mine was drawn from the deck.
duchy was drawn from the deck.
smithy was drawn from the deck.
gardens was drawn from the deck.
estate was drawn from the deck.
Playing action card: mine
Player1 bought copper

Player2 is now starting a turn.
curse was drawn from the deck.
copper was drawn from the deck.
gold was drawn from the deck.
copper was drawn from the deck.
province was drawn from the deck.
Player2 bought duchy

Player1 is now starting a turn.
copper was drawn from the deck.
gold was drawn from the deck.
great_hall was drawn from the deck.
copper was drawn from the deck.
copper was drawn from the deck.
Playing action card: great_hall
copper was drawn from the deck.
Player1 bought gold

Player2 is now starting a turn.
copper was drawn from the deck.
copper was drawn from the deck.
gold was drawn from the deck.
estate was drawn from the deck.
smithy was drawn from the deck.
Playing action card: smithy
copper was drawn from the deck.
copper was drawn from the deck.
Player2 bought province

Player1 is now starting a turn.
seahag was drawn from the deck.
curse was drawn from the deck.
copper was drawn from the deck.
copper was drawn from the deck.
copper was drawn from the deck.
Playing action card: seahag
silver was drawn from the deck.
Player2 discarded silver
Player2 gained curse to top of deck.
Player1 bought ambassador

Player2 is now starting a turn.
curse was drawn from the deck.
duchy was drawn from the deck.
province was drawn from the deck.
great_hall was drawn from the deck.
curse was drawn from the deck.
Playing action card: great_hall
gold was drawn from the deck.
Player2 bought village

Player1 is now starting a turn.
estate was drawn from the deck.
gold was drawn from the deck.
curse was drawn from the deck.
curse was drawn from the deck.
province was drawn from the deck.
Player1 bought smithy

Player2 is now starting a turn.
mine was drawn from the deck.
seahag was drawn from the deck.
mine was drawn from the deck.
silver was drawn from the deck.
ambassador was drawn from the deck.
Playing action card: seahag
great_hall was drawn from the deck.
Player1 discarded great_hall
Player1 gained curse to top of deck.
Player2 bought estate

Player1 is now starting a turn.
curse was drawn from the deck.
copper was drawn from the deck.
curse was drawn from the deck.
copper was drawn from the deck.
curse was drawn from the deck.
Player1 bought estate

Player2 is now starting a turn.
curse was drawn from the deck.
copper was drawn from the deck.
estate was drawn from the deck.
copper was drawn from the deck.
curse was drawn from the deck.
Player2 bought village

Player1 is now starting a turn.
adventurer was drawn from the deck.
adventurer was drawn from the deck.
mine was drawn from the deck.
seahag was drawn from the deck.
estate was drawn from the deck.
Playing action card: adventurer
adventurer was drawn from the deck.
Player1 discarded adventurer
gold was drawn from the deck.
province was drawn from the deck.
Player1 discarded province
seahag was drawn from the deck.
Player1 discarded seahag
mine was drawn from the deck.
Player1 discarded mine
ambassador was drawn from the deck.
Player1 discarded ambassador
great_hall was drawn from the deck.
Player1 discarded great_hall
province was drawn from the deck.
Player1 discarded province
estate was drawn from the deck.
Player1 discarded estate
duchy was drawn from the deck.
Player1 discarded duchy
curse was drawn from the deck.
Player1 discarded curse
gold was drawn from the deck.
Player1 bought adventurer

Player2 is now starting a turn.
smithy was drawn from the deck.
duchy was drawn from the deck.
curse was drawn from the deck.
duchy was drawn from the deck.
smithy was drawn from the deck.
Playing action card: smithy
village was drawn from the deck.
adventurer was drawn from the deck.
Player2 bought copper

Player1 is now starting a turn.
adventurer was drawn from the deck.
copper was drawn from the deck.
Shuffling Player1&apos;s deck.
gold was drawn from the deck.
adventurer was drawn from the deck.
copper was drawn from the deck.
Playing action card: adventurer
curse was drawn from the deck.
Player1 discarded curse
gold was drawn from the deck.
curse was drawn from the deck.
Player1 discarded curse
curse was drawn from the deck.
Player1 discarded curse
gold was drawn from the deck.
Player1 bought province

Player2 is now starting a turn.
gold was drawn from the deck.
mine was drawn from the deck.
estate was drawn from the deck.
ambassador was drawn from the deck.
gold was drawn from the deck.
Playing action card: mine
Player2 gained gold
Player2 bought province
GAME OVER! Province card pile is empty. 
Player1: 379
Player2: 459

STARTING NEW GAME!

Player1 is now starting a turn.
Shuffling Player1&apos;s deck.
copper was drawn from the deck.
copper was drawn from the deck.
estate was drawn from the deck.
copper was drawn from the deck.
estate was drawn from the deck.
Player1 gained curse card because of embargo token.
Player1 gained curse
Player1 gained curse card because of embargo token.
Player1 gained curse
Player1 bought duchy

Player2 is now starting a turn.
Shuffling Player2&apos;s deck.
copper was drawn from the deck.
copper was drawn from the deck.
estate was drawn from the deck.
copper was drawn from the deck.
copper was drawn from the deck.
Player2 gained curse card because of embargo token.
Player2 gained curse
Player2 gained curse card because of embargo token.
Player2 gained curse
Player2 bought duchy

Player1 is now starting a turn.
copper was drawn from the deck.
estate was drawn from the deck.
copper was drawn from the deck.
copper was drawn from the deck.
copper was drawn from the deck.
Player1 gained curse card because of embargo token.
Player1 gained curse
Player1 gained curse card because of embargo token.
Player1 gained curse
Player1 bought mine

Player2 is now starting a turn.
copper was drawn from the deck.
copper was drawn from the deck.
estate was drawn from the deck.
estate was drawn from the deck.
copper was drawn from the deck.
Player2 gained curse card because of embargo token.
Player2 gained curse
Player2 gained curse card because of embargo token.
Player2 gained curse
Player2 bought mine

Player1 is now starting a turn.
Shuffling Player1&apos;s deck.
copper was drawn from the deck.
curse was drawn from the deck.
copper was drawn from the deck.
curse was drawn from the deck.
estate was drawn from the deck.
Player1 gained curse card because of embargo token.
Player1 gained curse
Player1 gained curse card because of embargo token.
Player1 gained curse
Player1 bought great_hall

Player2 is now starting a turn.
Shuffling Player2&apos;s deck.
copper was drawn from the deck.
copper was drawn from the deck.
copper was drawn from the deck.
copper was drawn from the deck.
curse was drawn from the deck.
Player2 bought seahag

Player1 is now starting a turn.
copper was drawn from the deck.
copper was drawn from the deck.
copper was drawn from the deck.
curse was drawn from the deck.
curse was drawn from the deck.
Player1 bought silver

Player2 is now starting a turn.
mine was drawn from the deck.
estate was drawn from the deck.
estate was drawn from the deck.
estate was drawn from the deck.
curse was drawn from the deck.
Playing action card: mine
Player2 bought village

Player1 is now starting a turn.
duchy was drawn from the deck.
estate was drawn from the deck.
copper was drawn from the deck.
copper was drawn from the deck.
estate was drawn from the deck.
Player1 bought seahag

Player2 is now starting a turn.
curse was drawn from the deck.
curse was drawn from the deck.
copper was drawn from the deck.
duchy was drawn from the deck.
copper was drawn from the deck.
Player2 bought estate

Player1 is now starting a turn.
mine was drawn from the deck.
Shuffling Player1&apos;s deck.
copper was drawn from the deck.
curse was drawn from the deck.
estate was drawn from the deck.
curse was drawn from the deck.
Playing action card: mine
Player1 gained gold
Player1 bought mine

Player2 is now starting a turn.
copper was drawn from the deck.
Shuffling Player2&apos;s deck.
copper was drawn from the deck.
mine was drawn from the deck.
copper was drawn from the deck.
curse was drawn from the deck.
Playing action card: mine
Player2 gained gold
Player2 bought gold

Player1 is now starting a turn.
copper was drawn from the deck.
copper was drawn from the deck.
estate was drawn from the deck.
copper was drawn from the deck.
silver was drawn from the deck.
Player1 bought adventurer

Player2 is now starting a turn.
copper was drawn from the deck.
estate was drawn from the deck.
estate was drawn from the deck.
duchy was drawn from the deck.
curse was drawn from the deck.
Player2 bought great_hall

Player1 is now starting a turn.
copper was drawn from the deck.
curse was drawn from the deck.
seahag was drawn from the deck.
copper was drawn from the deck.
curse was drawn from the deck.
Playing action card: seahag
curse was drawn from the deck.
Player2 discarded curse
Player2 gained curse to top of deck.
Player1 bought estate

Player2 is now starting a turn.
curse was drawn from the deck.
village was drawn from the deck.
seahag was drawn from the deck.
estate was drawn from the deck.
copper was drawn from the deck.
Playing action card: village
estate was drawn from the deck.
Playing action card: seahag
copper was drawn from the deck.
Player1 discarded copper
Player1 gained curse to top of deck.
Player2 bought ambassador

Player1 is now starting a turn.
curse was drawn from the deck.
curse was drawn from the deck.
curse was drawn from the deck.
estate was drawn from the deck.
great_hall was drawn from the deck.
Playing action card: great_hall
duchy was drawn from the deck.
Player1 bought copper

Player2 is now starting a turn.
curse was drawn from the deck.
copper was drawn from the deck.
copper was drawn from the deck.
Shuffling Player2&apos;s deck.
copper was drawn from the deck.
curse was drawn from the deck.
Player2 bought silver

Player1 is now starting a turn.
Shuffling Player1&apos;s deck.
curse was drawn from the deck.
curse was drawn from the deck.
mine was drawn from the deck.
copper was drawn from the deck.
curse was drawn from the deck.
Playing action card: mine
Player1 gained gold
Player1 bought smithy

Player2 is now starting a turn.
estate was drawn from the deck.
estate was drawn from the deck.
estate was drawn from the deck.
estate was drawn from the deck.
copper was drawn from the deck.
Player2 bought mine

Player1 is now starting a turn.
estate was drawn from the deck.
mine was drawn from the deck.
estate was drawn from the deck.
copper was drawn from the deck.
curse was drawn from the deck.
Playing action card: mine
Player1 gained gold
Player1 bought gold

Player2 is now starting a turn.
copper was drawn from the deck.
copper was drawn from the deck.
curse was drawn from the deck.
duchy was drawn from the deck.
great_hall was drawn from the deck.
Playing action card: great_hall
village was drawn from the deck.
Playing action card: village
copper was drawn from the deck.
Player2 bought ambassador

Player1 is now starting a turn.
copper was drawn from the deck.
duchy was drawn from the deck.
copper was drawn from the deck.
estate was drawn from the deck.
copper was drawn from the deck.
Player1 bought seahag

Player2 is now starting a turn.
gold was drawn from the deck.
curse was drawn from the deck.
curse was drawn from the deck.
ambassador was drawn from the deck.
seahag was drawn from the deck.
Playing action card: seahag
adventurer was drawn from the deck.
Player1 discarded adventurer
Player1 gained curse to top of deck.
Player2 bought ambassador

Player1 is now starting a turn.
curse was drawn from the deck.
curse was drawn from the deck.
silver was drawn from the deck.
seahag was drawn from the deck.
curse was drawn from the deck.
Playing action card: seahag
gold was drawn from the deck.
Player2 discarded gold
Player2 gained curse to top of deck.
Player1 bought estate

Player2 is now starting a turn.
curse was drawn from the deck.
mine was drawn from the deck.
Shuffling Player2&apos;s deck.
curse was drawn from the deck.
seahag was drawn from the deck.
mine was drawn from the deck.
Playing action card: mine
Player2 bought copper

Player1 is now starting a turn.
curse was drawn from the deck.
gold was drawn from the deck.
copper was drawn from the deck.
copper was drawn from the deck.
great_hall was drawn from the deck.
Playing action card: great_hall
estate was drawn from the deck.
Player1 bought adventurer

Player2 is now starting a turn.
silver was drawn from the deck.
ambassador was drawn from the deck.
estate was drawn from the deck.
curse was drawn from the deck.
ambassador was drawn from the deck.
Playing action card: ambassador
Player2 returned 0 copies of ambassador
Player1 gained ambassador
Player2 bought village

Player1 is now starting a turn.
copper was drawn from the deck.
Shuffling Player1&apos;s deck.
copper was drawn from the deck.
curse was drawn from the deck.
estate was drawn from the deck.
curse was drawn from the deck.
Player1 bought great_hall

Player2 is now starting a turn.
ambassador was drawn from the deck.
copper was drawn from the deck.
copper was drawn from the deck.
copper was drawn from the deck.
copper was drawn from the deck.
Playing action card: ambassador
Player2 returned 0 copies of copper
Player1 gained copper
Player2 bought smithy

Player1 is now starting a turn.
curse was drawn from the deck.
smithy was drawn from the deck.
curse was drawn from the deck.
adventurer was drawn from the deck.
great_hall was drawn from the deck.
Playing action card: smithy
curse was drawn from the deck.
estate was drawn from the deck.
Player1 bought copper

Player2 is now starting a turn.
estate was drawn from the deck.
estate was drawn from the deck.
duchy was drawn from the deck.
gold was drawn from the deck.
copper was drawn from the deck.
Player2 bought adventurer

Player1 is now starting a turn.
curse was drawn from the deck.
gold was drawn from the deck.
gold was drawn from the deck.
copper was drawn from the deck.
estate was drawn from the deck.
Player1 bought province

Player2 is now starting a turn.
gold was drawn from the deck.
curse was drawn from the deck.
estate was drawn from the deck.
curse was drawn from the deck.
copper was drawn from the deck.
Player2 bought duchy

Player1 is now starting a turn.
seahag was drawn from the deck.
estate was drawn from the deck.
ambassador was drawn from the deck.
curse was drawn from the deck.
mine was drawn from the deck.
Playing action card: seahag
great_hall was drawn from the deck.
Player2 discarded great_hall
Player2 gained curse to top of deck.
Player1 bought copper

Player2 is now starting a turn.
curse was drawn from the deck.
copper was drawn from the deck.
curse was drawn from the deck.
village was drawn from the deck.
Shuffling Player2&apos;s deck.
gold was drawn from the deck.
Playing action card: village
seahag was drawn from the deck.
Playing action card: seahag
estate was drawn from the deck.
Player1 discarded estate
Player1 gained curse to top of deck.
Player2 bought smithy

Player1 is now starting a turn.
curse was drawn from the deck.
duchy was drawn from the deck.
copper was drawn from the deck.
curse was drawn from the deck.
copper was drawn from the deck.
Player1 bought estate

Player2 is now starting a turn.
curse was drawn from the deck.
copper was drawn from the deck.
curse was drawn from the deck.
great_hall was drawn from the deck.
mine was drawn from the deck.
Playing action card: mine
Player2 gained gold
Player2 bought seahag

Player1 is now starting a turn.
mine was drawn from the deck.
gold was drawn from the deck.
adventurer was drawn from the deck.
seahag was drawn from the deck.
gold was drawn from the deck.
Playing action card: adventurer
silver was drawn from the deck.
copper was drawn from the deck.
Player1 bought province

Player2 is now starting a turn.
copper was drawn from the deck.
mine was drawn from the deck.
duchy was drawn from the deck.
ambassador was drawn from the deck.
estate was drawn from the deck.
Playing action card: ambassador
Player2 returned 0 copies of copper
Player1 gained copper
Player2 bought estate

Player1 is now starting a turn.
copper was drawn from the deck.
copper was drawn from the deck.
Shuffling Player1&apos;s deck.
silver was drawn from the deck.
mine was drawn from the deck.
seahag was drawn from the deck.
Playing action card: mine
Player1 gained gold
Player1 bought adventurer

Player2 is now starting a turn.
estate was drawn from the deck.
copper was drawn from the deck.
copper was drawn from the deck.
copper was drawn from the deck.
smithy was drawn from the deck.
Playing action card: smithy
copper was drawn from the deck.
ambassador was drawn from the deck.
Player2 bought duchy

Player1 is now starting a turn.
copper was drawn from the deck.
copper was drawn from the deck.
copper was drawn from the deck.
copper was drawn from the deck.
gold was drawn from the deck.
Player1 bought adventurer

Player2 is now starting a turn.
silver was drawn from the deck.
village was drawn from the deck.
estate was drawn from the deck.
duchy was drawn from the deck.
gold was drawn from the deck.
Playing action card: village
curse was drawn from the deck.
Player2 bought adventurer

Player1 is now starting a turn.
curse was drawn from the deck.
curse was drawn from the deck.
curse was drawn from the deck.
province was drawn from the deck.
duchy was drawn from the deck.
Player1 bought copper

Player2 is now starting a turn.
copper was drawn from the deck.
ambassador was drawn from the deck.
curse was drawn from the deck.
curse was drawn from the deck.
adventurer was drawn from the deck.
Playing action card: adventurer
estate was drawn from the deck.
Player2 discarded estate
Player2 bought copper

Player1 is now starting a turn.
curse was drawn from the deck.
estate was drawn from the deck.
curse was drawn from the deck.
curse was drawn from the deck.
estate was drawn from the deck.
Player1 bought estate

Player2 is now starting a turn.
Shuffling Player2&apos;s deck.
smithy was drawn from the deck.
gold was drawn from the deck.
curse was drawn from the deck.
smithy was drawn from the deck.
curse was drawn from the deck.
Playing action card: smithy
duchy was drawn from the deck.
estate was drawn from the deck.
Player2 bought smithy

Player1 is now starting a turn.
curse was drawn from the deck.
smithy was drawn from the deck.
estate was drawn from the deck.
province was drawn from the deck.
estate was drawn from the deck.
Playing action card: smithy
copper was drawn from the deck.
mine was drawn from the deck.
Player1 bought great_hall

Player2 is now starting a turn.
ambassador was drawn from the deck.
mine was drawn from the deck.
curse was drawn from the deck.
seahag was drawn from the deck.
silver was drawn from the deck.
Playing action card: mine
Player2 gained gold
Player2 bought duchy

Player1 is now starting a turn.
copper was drawn from the deck.
great_hall was drawn from the deck.
copper was drawn from the deck.
great_hall was drawn from the deck.
adventurer was drawn from the deck.
Playing action card: great_hall
gold was drawn from the deck.
Playing action card: adventurer
seahag was drawn from the deck.
Player1 discarded seahag
copper was drawn from the deck.
gold was drawn from the deck.
Player1 bought province

Player2 is now starting a turn.
gold was drawn from the deck.
gold was drawn from the deck.
adventurer was drawn from the deck.
great_hall was drawn from the deck.
curse was drawn from the deck.
Playing action card: great_hall
copper was drawn from the deck.
Playing action card: adventurer
duchy was drawn from the deck.
Player2 discarded duchy
ambassador was drawn from the deck.
Player2 discarded ambassador
curse was drawn from the deck.
Player2 discarded curse
village was drawn from the deck.
Player2 discarded village
village was drawn from the deck.
Player2 discarded village
adventurer was drawn from the deck.
Player2 discarded adventurer
mine was drawn from the deck.
Player2 discarded mine
curse was drawn from the deck.
Player2 discarded curse
copper was drawn from the deck.
estate was drawn from the deck.
Player2 discarded estate
copper was drawn from the deck.
Player2 bought province

Player1 is now starting a turn.
gold was drawn from the deck.
curse was drawn from the deck.
adventurer was drawn from the deck.
ambassador was drawn from the deck.
curse was drawn from the deck.
Playing action card: adventurer
copper was drawn from the deck.
copper was drawn from the deck.
Player1 bought mine

Player2 is now starting a turn.
copper was drawn from the deck.
ambassador was drawn from the deck.
copper was drawn from the deck.
estate was drawn from the deck.
curse was drawn from the deck.
Playing action card: ambassador
Player2 returned 0 copies of curse
Player2 bought ambassador

Player1 is now starting a turn.
estate was drawn from the deck.
estate was drawn from the deck.
Shuffling Player1&apos;s deck.
curse was drawn from the deck.
great_hall was drawn from the deck.
adventurer was drawn from the deck.
Playing action card: adventurer
copper was drawn from the deck.
copper was drawn from the deck.
Player1 bought gardens

Player2 is now starting a turn.
copper was drawn from the deck.
seahag was drawn from the deck.
copper was drawn from the deck.
estate was drawn from the deck.
copper was drawn from the deck.
Playing action card: seahag
great_hall was drawn from the deck.
Player1 discarded great_hall
Player1 gained curse to top of deck.
Player2 bought cutpurse

Player1 is now starting a turn.
curse was drawn from the deck.
copper was drawn from the deck.
copper was drawn from the deck.
gold was drawn from the deck.
curse was drawn from the deck.
Player1 bought duchy

Player2 is now starting a turn.
duchy was drawn from the deck.
copper was drawn from the deck.
estate was drawn from the deck.
Shuffling Player2&apos;s deck.
curse was drawn from the deck.
estate was drawn from the deck.
Player2 bought silver

Player1 is now starting a turn.
copper was drawn from the deck.
copper was drawn from the deck.
curse was drawn from the deck.
adventurer was drawn from the deck.
silver was drawn from the deck.
Playing action card: adventurer
seahag was drawn from the deck.
Player1 discarded seahag
mine was drawn from the deck.
Player1 discarded mine
estate was drawn from the deck.
Player1 discarded estate
copper was drawn from the deck.
adventurer was drawn from the deck.
Player1 discarded adventurer
curse was drawn from the deck.
Player1 discarded curse
estate was drawn from the deck.
Player1 discarded estate
province was drawn from the deck.
Player1 discarded province
seahag was drawn from the deck.
Player1 discarded seahag
mine was drawn from the deck.
Player1 discarded mine
copper was drawn from the deck.
Player1 bought adventurer

Player2 is now starting a turn.
smithy was drawn from the deck.
duchy was drawn from the deck.
village was drawn from the deck.
copper was drawn from the deck.
adventurer was drawn from the deck.
Playing action card: village
province was drawn from the deck.
Playing action card: smithy
gold was drawn from the deck.
copper was drawn from the deck.
Playing action card: adventurer
curse was drawn from the deck.
Player2 discarded curse
copper was drawn from the deck.
gold was drawn from the deck.
Player2 bought province

Player1 is now starting a turn.
copper was drawn from the deck.
curse was drawn from the deck.
gold was drawn from the deck.
province was drawn from the deck.
curse was drawn from the deck.
Player1 bought smithy

Player2 is now starting a turn.
curse was drawn from the deck.
seahag was drawn from the deck.
ambassador was drawn from the deck.
ambassador was drawn from the deck.
curse was drawn from the deck.
Playing action card: seahag
ambassador was drawn from the deck.
Player1 discarded ambassador
Player1 gained curse to top of deck.
Player2 bought copper

Player1 is now starting a turn.
curse was drawn from the deck.
copper was drawn from the deck.
gold was drawn from the deck.
smithy was drawn from the deck.
curse was drawn from the deck.
Playing action card: smithy
great_hall was drawn from the deck.
mine was drawn from the deck.
Player1 bought seahag

Player2 is now starting a turn.
village was drawn from the deck.
curse was drawn from the deck.
silver was drawn from the deck.
estate was drawn from the deck.
curse was drawn from the deck.
Playing action card: village
smithy was drawn from the deck.
Playing action card: smithy
copper was drawn from the deck.
gold was drawn from the deck.
Player2 bought adventurer

Player1 is now starting a turn.
adventurer was drawn from the deck.
curse was drawn from the deck.
province was drawn from the deck.
estate was drawn from the deck.
gold was drawn from the deck.
Playing action card: adventurer
copper was drawn from the deck.
estate was drawn from the deck.
Player1 discarded estate
estate was drawn from the deck.
Player1 discarded estate
duchy was drawn from the deck.
Player1 discarded duchy
copper was drawn from the deck.
Player1 bought gold

Player2 is now starting a turn.
estate was drawn from the deck.
smithy was drawn from the deck.
duchy was drawn from the deck.
mine was drawn from the deck.
seahag was drawn from the deck.
Playing action card: seahag
gold was drawn from the deck.
Player1 discarded gold
Player1 gained curse to top of deck.
Player2 bought copper

Player1 is now starting a turn.
curse was drawn from the deck.
curse was drawn from the deck.
copper was drawn from the deck.
Shuffling Player1&apos;s deck.
estate was drawn from the deck.
gold was drawn from the deck.
Player1 bought duchy

Player2 is now starting a turn.
duchy was drawn from the deck.
curse was drawn from the deck.
copper was drawn from the deck.
gold was drawn from the deck.
copper was drawn from the deck.
Player2 bought mine

Player1 is now starting a turn.
adventurer was drawn from the deck.
smithy was drawn from the deck.
gold was drawn from the deck.
copper was drawn from the deck.
silver was drawn from the deck.
Playing action card: smithy
curse was drawn from the deck.
curse was drawn from the deck.
Player1 bought gold

Player2 is now starting a turn.
mine was drawn from the deck.
ambassador was drawn from the deck.
copper was drawn from the deck.
copper was drawn from the deck.
great_hall was drawn from the deck.
Playing action card: mine
Player2 gained gold
Player2 bought mine

Player1 is now starting a turn.
estate was drawn from the deck.
curse was drawn from the deck.
estate was drawn from the deck.
curse was drawn from the deck.
copper was drawn from the deck.
Player1 bought silver

Player2 is now starting a turn.
ambassador was drawn from the deck.
estate was drawn from the deck.
adventurer was drawn from the deck.
cutpurse was drawn from the deck.
Shuffling Player2&apos;s deck.
copper was drawn from the deck.
Playing action card: ambassador
Player2 returned 0 copies of cutpurse
Player1 gained cutpurse
Player2 bought embargo

Player1 is now starting a turn.
mine was drawn from the deck.
duchy was drawn from the deck.
smithy was drawn from the deck.
gardens was drawn from the deck.
estate was drawn from the deck.
Playing action card: mine
Player1 bought copper

Player2 is now starting a turn.
curse was drawn from the deck.
copper was drawn from the deck.
gold was drawn from the deck.
copper was drawn from the deck.
province was drawn from the deck.
Player2 bought duchy

Player1 is now starting a turn.
copper was drawn from the deck.
gold was drawn from the deck.
great_hall was drawn from the deck.
copper was drawn from the deck.
copper was drawn from the deck.
Playing action card: great_hall
copper was drawn from the deck.
Player1 bought gold

Player2 is now starting a turn.
copper was drawn from the deck.
copper was drawn from the deck.
gold was drawn from the deck.
estate was drawn from the deck.
smithy was drawn from the deck.
Playing action card: smithy
copper was drawn from the deck.
copper was drawn from the deck.
Player2 bought province

Player1 is now starting a turn.
seahag was drawn from the deck.
curse was drawn from the deck.
copper was drawn from the deck.
copper was drawn from the deck.
copper was drawn from the deck.
Playing action card: seahag
silver was drawn from the deck.
Player2 discarded silver
Player2 gained curse to top of deck.
Player1 bought ambassador

Player2 is now starting a turn.
curse was drawn from the deck.
duchy was drawn from the deck.
province was drawn from the deck.
great_hall was drawn from the deck.
curse was drawn from the deck.
Playing action card: great_hall
gold was drawn from the deck.
Player2 bought village

Player1 is now starting a turn.
estate was drawn from the deck.
gold was drawn from the deck.
curse was drawn from the deck.
curse was drawn from the deck.
province was drawn from the deck.
Player1 bought smithy

Player2 is now starting a turn.
mine was drawn from the deck.
seahag was drawn from the deck.
mine was drawn from the deck.
silver was drawn from the deck.
ambassador was drawn from the deck.
Playing action card: seahag
great_hall was drawn from the deck.
Player1 discarded great_hall
Player1 gained curse to top of deck.
Player2 bought estate

Player1 is now starting a turn.
curse was drawn from the deck.
copper was drawn from the deck.
curse was drawn from the deck.
copper was drawn from the deck.
curse was drawn from the deck.
Player1 bought estate

Player2 is now starting a turn.
curse was drawn from the deck.
copper was drawn from the deck.
estate was drawn from the deck.
copper was drawn from the deck.
curse was drawn from the deck.
Player2 bought village

Player1 is now starting a turn.
adventurer was drawn from the deck.
adventurer was drawn from the deck.
mine was drawn from the deck.
seahag was drawn from the deck.
estate was drawn from the deck.
Playing action card: adventurer
adventurer was drawn from the deck.
Player1 discarded adventurer
gold was drawn from the deck.
province was drawn from the deck.
Player1 discarded province
seahag was drawn from the deck.
Player1 discarded seahag
mine was drawn from the deck.
Player1 discarded mine
ambassador was drawn from the deck.
Player1 discarded ambassador
great_hall was drawn from the deck.
Player1 discarded great_hall
province was drawn from the deck.
Player1 discarded province
estate was drawn from the deck.
Player1 discarded estate
duchy was drawn from the deck.
Player1 discarded duchy
curse was drawn from the deck.
Player1 discarded curse
gold was drawn from the deck.
Player1 bought adventurer

Player2 is now starting a turn.
smithy was drawn from the deck.
duchy was drawn from the deck.
curse was drawn from the deck.
duchy was drawn from the deck.
smithy was drawn from the deck.
Playing action card: smithy
village was drawn from the deck.
adventurer was drawn from the deck.
Player2 bought copper

Player1 is now starting a turn.
adventurer was drawn from the deck.
copper was drawn from the deck.
Shuffling Player1&apos;s deck.
gold was drawn from the deck.
adventurer was drawn from the deck.
copper was drawn from the deck.
Playing action card: adventurer
curse was drawn from the deck.
Player1 discarded curse
gold was drawn from the deck.
curse was drawn from the deck.
Player1 discarded curse
curse was drawn from the deck.
Player1 discarded curse
gold was drawn from the deck.
Player1 bought province

Player2 is now starting a turn.
gold was drawn from the deck.
mine was drawn from the deck.
estate was drawn from the deck.
ambassador was drawn from the deck.
gold was drawn from the deck.
Playing action card: mine
Player2 gained gold
Player2 bought province
GAME OVER! Province card pile is empty. 
Player1: 379
Player2: 459
Player1 had no coppers to discard. 
Player2 had no coppers to discard. 
Player1 gained embargo
Player2 gained embargo
hi! gained great_hall
Shuffling hi!&apos;s deck.
copper was drawn from the deck.
</system-out>
  </testcase>
  <testcase classname="RegressionTest" name="test207" time="0.019"/>
  <testcase classname="RegressionTest" name="test208" time="0"/>
  <testcase classname="RegressionTest" name="test209" time="0.037">
    <failure type="java.lang.AssertionError">java.lang.AssertionError
	at org.junit.Assert.fail(Assert.java:86)
	at org.junit.Assert.assertTrue(Assert.java:41)
	at org.junit.Assert.assertTrue(Assert.java:52)
	at RegressionTest.test209(RegressionTest.java:13122)
	at sun.reflect.NativeMethodAccessorImpl.invoke0(Native Method)
	at sun.reflect.NativeMethodAccessorImpl.invoke(NativeMethodAccessorImpl.java:62)
	at sun.reflect.DelegatingMethodAccessorImpl.invoke(DelegatingMethodAccessorImpl.java:43)
	at java.lang.reflect.Method.invoke(Method.java:498)
	at org.junit.runners.model.FrameworkMethod$1.runReflectiveCall(FrameworkMethod.java:47)
	at org.junit.internal.runners.model.ReflectiveCallable.run(ReflectiveCallable.java:12)
	at org.junit.runners.model.FrameworkMethod.invokeExplosively(FrameworkMethod.java:44)
	at org.junit.internal.runners.statements.InvokeMethod.evaluate(InvokeMethod.java:17)
	at org.junit.runners.ParentRunner.runLeaf(ParentRunner.java:271)
	at org.junit.runners.BlockJUnit4ClassRunner.runChild(BlockJUnit4ClassRunner.java:70)
	at org.junit.runners.BlockJUnit4ClassRunner.runChild(BlockJUnit4ClassRunner.java:50)
	at org.junit.runners.ParentRunner$3.run(ParentRunner.java:238)
	at org.junit.runners.ParentRunner$1.schedule(ParentRunner.java:63)
	at org.junit.runners.ParentRunner.runChildren(ParentRunner.java:236)
	at org.junit.runners.ParentRunner.access$000(ParentRunner.java:53)
	at org.junit.runners.ParentRunner$2.evaluate(ParentRunner.java:229)
	at org.junit.runners.ParentRunner.run(ParentRunner.java:309)
	at org.apache.maven.surefire.junit4.JUnit4Provider.execute(JUnit4Provider.java:252)
	at org.apache.maven.surefire.junit4.JUnit4Provider.executeTestSet(JUnit4Provider.java:141)
	at org.apache.maven.surefire.junit4.JUnit4Provider.invoke(JUnit4Provider.java:112)
	at sun.reflect.NativeMethodAccessorImpl.invoke0(Native Method)
	at sun.reflect.NativeMethodAccessorImpl.invoke(NativeMethodAccessorImpl.java:62)
	at sun.reflect.DelegatingMethodAccessorImpl.invoke(DelegatingMethodAccessorImpl.java:43)
	at java.lang.reflect.Method.invoke(Method.java:498)
	at org.apache.maven.surefire.util.ReflectionUtils.invokeMethodWithArray(ReflectionUtils.java:189)
	at org.apache.maven.surefire.booter.ProviderFactory$ProviderProxy.invoke(ProviderFactory.java:165)
	at org.apache.maven.surefire.booter.ProviderFactory.invokeProvider(ProviderFactory.java:85)
	at org.apache.maven.surefire.booter.ForkedBooter.runSuitesInProcess(ForkedBooter.java:115)
	at org.apache.maven.surefire.booter.ForkedBooter.main(ForkedBooter.java:75)
</failure>
    <system-out>
STARTING NEW GAME!

Player1 is now starting a turn.
Shuffling Player1&apos;s deck.
copper was drawn from the deck.
copper was drawn from the deck.
estate was drawn from the deck.
copper was drawn from the deck.
estate was drawn from the deck.
Player1 gained curse card because of embargo token.
Player1 gained curse
Player1 gained curse card because of embargo token.
Player1 gained curse
Player1 bought duchy

Player2 is now starting a turn.
Shuffling Player2&apos;s deck.
copper was drawn from the deck.
copper was drawn from the deck.
estate was drawn from the deck.
copper was drawn from the deck.
copper was drawn from the deck.
Player2 gained curse card because of embargo token.
Player2 gained curse
Player2 gained curse card because of embargo token.
Player2 gained curse
Player2 bought duchy

Player1 is now starting a turn.
copper was drawn from the deck.
estate was drawn from the deck.
copper was drawn from the deck.
copper was drawn from the deck.
copper was drawn from the deck.
Player1 gained curse card because of embargo token.
Player1 gained curse
Player1 gained curse card because of embargo token.
Player1 gained curse
Player1 bought mine

Player2 is now starting a turn.
copper was drawn from the deck.
copper was drawn from the deck.
estate was drawn from the deck.
estate was drawn from the deck.
copper was drawn from the deck.
Player2 gained curse card because of embargo token.
Player2 gained curse
Player2 gained curse card because of embargo token.
Player2 gained curse
Player2 bought mine

Player1 is now starting a turn.
Shuffling Player1&apos;s deck.
copper was drawn from the deck.
curse was drawn from the deck.
copper was drawn from the deck.
curse was drawn from the deck.
estate was drawn from the deck.
Player1 gained curse card because of embargo token.
Player1 gained curse
Player1 gained curse card because of embargo token.
Player1 gained curse
Player1 bought great_hall

Player2 is now starting a turn.
Shuffling Player2&apos;s deck.
copper was drawn from the deck.
copper was drawn from the deck.
copper was drawn from the deck.
copper was drawn from the deck.
curse was drawn from the deck.
Player2 bought seahag

Player1 is now starting a turn.
copper was drawn from the deck.
copper was drawn from the deck.
copper was drawn from the deck.
curse was drawn from the deck.
curse was drawn from the deck.
Player1 bought silver

Player2 is now starting a turn.
mine was drawn from the deck.
estate was drawn from the deck.
estate was drawn from the deck.
estate was drawn from the deck.
curse was drawn from the deck.
Playing action card: mine
Player2 bought village

Player1 is now starting a turn.
duchy was drawn from the deck.
estate was drawn from the deck.
copper was drawn from the deck.
copper was drawn from the deck.
estate was drawn from the deck.
Player1 bought seahag

Player2 is now starting a turn.
curse was drawn from the deck.
curse was drawn from the deck.
copper was drawn from the deck.
duchy was drawn from the deck.
copper was drawn from the deck.
Player2 bought estate

Player1 is now starting a turn.
mine was drawn from the deck.
Shuffling Player1&apos;s deck.
copper was drawn from the deck.
curse was drawn from the deck.
estate was drawn from the deck.
curse was drawn from the deck.
Playing action card: mine
Player1 gained gold
Player1 bought mine

Player2 is now starting a turn.
copper was drawn from the deck.
Shuffling Player2&apos;s deck.
copper was drawn from the deck.
mine was drawn from the deck.
copper was drawn from the deck.
curse was drawn from the deck.
Playing action card: mine
Player2 gained gold
Player2 bought gold

Player1 is now starting a turn.
copper was drawn from the deck.
copper was drawn from the deck.
estate was drawn from the deck.
copper was drawn from the deck.
silver was drawn from the deck.
Player1 bought adventurer

Player2 is now starting a turn.
copper was drawn from the deck.
estate was drawn from the deck.
estate was drawn from the deck.
duchy was drawn from the deck.
curse was drawn from the deck.
Player2 bought great_hall

Player1 is now starting a turn.
copper was drawn from the deck.
curse was drawn from the deck.
seahag was drawn from the deck.
copper was drawn from the deck.
curse was drawn from the deck.
Playing action card: seahag
curse was drawn from the deck.
Player2 discarded curse
Player2 gained curse to top of deck.
Player1 bought estate

Player2 is now starting a turn.
curse was drawn from the deck.
village was drawn from the deck.
seahag was drawn from the deck.
estate was drawn from the deck.
copper was drawn from the deck.
Playing action card: village
estate was drawn from the deck.
Playing action card: seahag
copper was drawn from the deck.
Player1 discarded copper
Player1 gained curse to top of deck.
Player2 bought ambassador

Player1 is now starting a turn.
curse was drawn from the deck.
curse was drawn from the deck.
curse was drawn from the deck.
estate was drawn from the deck.
great_hall was drawn from the deck.
Playing action card: great_hall
duchy was drawn from the deck.
Player1 bought copper

Player2 is now starting a turn.
curse was drawn from the deck.
copper was drawn from the deck.
copper was drawn from the deck.
Shuffling Player2&apos;s deck.
copper was drawn from the deck.
curse was drawn from the deck.
Player2 bought silver

Player1 is now starting a turn.
Shuffling Player1&apos;s deck.
curse was drawn from the deck.
curse was drawn from the deck.
mine was drawn from the deck.
copper was drawn from the deck.
curse was drawn from the deck.
Playing action card: mine
Player1 gained gold
Player1 bought smithy

Player2 is now starting a turn.
estate was drawn from the deck.
estate was drawn from the deck.
estate was drawn from the deck.
estate was drawn from the deck.
copper was drawn from the deck.
Player2 bought mine

Player1 is now starting a turn.
estate was drawn from the deck.
mine was drawn from the deck.
estate was drawn from the deck.
copper was drawn from the deck.
curse was drawn from the deck.
Playing action card: mine
Player1 gained gold
Player1 bought gold

Player2 is now starting a turn.
copper was drawn from the deck.
copper was drawn from the deck.
curse was drawn from the deck.
duchy was drawn from the deck.
great_hall was drawn from the deck.
Playing action card: great_hall
village was drawn from the deck.
Playing action card: village
copper was drawn from the deck.
Player2 bought ambassador

Player1 is now starting a turn.
copper was drawn from the deck.
duchy was drawn from the deck.
copper was drawn from the deck.
estate was drawn from the deck.
copper was drawn from the deck.
Player1 bought seahag

Player2 is now starting a turn.
gold was drawn from the deck.
curse was drawn from the deck.
curse was drawn from the deck.
ambassador was drawn from the deck.
seahag was drawn from the deck.
Playing action card: seahag
adventurer was drawn from the deck.
Player1 discarded adventurer
Player1 gained curse to top of deck.
Player2 bought ambassador

Player1 is now starting a turn.
curse was drawn from the deck.
curse was drawn from the deck.
silver was drawn from the deck.
seahag was drawn from the deck.
curse was drawn from the deck.
Playing action card: seahag
gold was drawn from the deck.
Player2 discarded gold
Player2 gained curse to top of deck.
Player1 bought estate

Player2 is now starting a turn.
curse was drawn from the deck.
mine was drawn from the deck.
Shuffling Player2&apos;s deck.
curse was drawn from the deck.
seahag was drawn from the deck.
mine was drawn from the deck.
Playing action card: mine
Player2 bought copper

Player1 is now starting a turn.
curse was drawn from the deck.
gold was drawn from the deck.
copper was drawn from the deck.
copper was drawn from the deck.
great_hall was drawn from the deck.
Playing action card: great_hall
estate was drawn from the deck.
Player1 bought adventurer

Player2 is now starting a turn.
silver was drawn from the deck.
ambassador was drawn from the deck.
estate was drawn from the deck.
curse was drawn from the deck.
ambassador was drawn from the deck.
Playing action card: ambassador
Player2 returned 0 copies of ambassador
Player1 gained ambassador
Player2 bought village

Player1 is now starting a turn.
copper was drawn from the deck.
Shuffling Player1&apos;s deck.
copper was drawn from the deck.
curse was drawn from the deck.
estate was drawn from the deck.
curse was drawn from the deck.
Player1 bought great_hall

Player2 is now starting a turn.
ambassador was drawn from the deck.
copper was drawn from the deck.
copper was drawn from the deck.
copper was drawn from the deck.
copper was drawn from the deck.
Playing action card: ambassador
Player2 returned 0 copies of copper
Player1 gained copper
Player2 bought smithy

Player1 is now starting a turn.
curse was drawn from the deck.
smithy was drawn from the deck.
curse was drawn from the deck.
adventurer was drawn from the deck.
great_hall was drawn from the deck.
Playing action card: smithy
curse was drawn from the deck.
estate was drawn from the deck.
Player1 bought copper

Player2 is now starting a turn.
estate was drawn from the deck.
estate was drawn from the deck.
duchy was drawn from the deck.
gold was drawn from the deck.
copper was drawn from the deck.
Player2 bought adventurer

Player1 is now starting a turn.
curse was drawn from the deck.
gold was drawn from the deck.
gold was drawn from the deck.
copper was drawn from the deck.
estate was drawn from the deck.
Player1 bought province

Player2 is now starting a turn.
gold was drawn from the deck.
curse was drawn from the deck.
estate was drawn from the deck.
curse was drawn from the deck.
copper was drawn from the deck.
Player2 bought duchy

Player1 is now starting a turn.
seahag was drawn from the deck.
estate was drawn from the deck.
ambassador was drawn from the deck.
curse was drawn from the deck.
mine was drawn from the deck.
Playing action card: seahag
great_hall was drawn from the deck.
Player2 discarded great_hall
Player2 gained curse to top of deck.
Player1 bought copper

Player2 is now starting a turn.
curse was drawn from the deck.
copper was drawn from the deck.
curse was drawn from the deck.
village was drawn from the deck.
Shuffling Player2&apos;s deck.
gold was drawn from the deck.
Playing action card: village
seahag was drawn from the deck.
Playing action card: seahag
estate was drawn from the deck.
Player1 discarded estate
Player1 gained curse to top of deck.
Player2 bought smithy

Player1 is now starting a turn.
curse was drawn from the deck.
duchy was drawn from the deck.
copper was drawn from the deck.
curse was drawn from the deck.
copper was drawn from the deck.
Player1 bought estate

Player2 is now starting a turn.
curse was drawn from the deck.
copper was drawn from the deck.
curse was drawn from the deck.
great_hall was drawn from the deck.
mine was drawn from the deck.
Playing action card: mine
Player2 gained gold
Player2 bought seahag

Player1 is now starting a turn.
mine was drawn from the deck.
gold was drawn from the deck.
adventurer was drawn from the deck.
seahag was drawn from the deck.
gold was drawn from the deck.
Playing action card: adventurer
silver was drawn from the deck.
copper was drawn from the deck.
Player1 bought province

Player2 is now starting a turn.
copper was drawn from the deck.
mine was drawn from the deck.
duchy was drawn from the deck.
ambassador was drawn from the deck.
estate was drawn from the deck.
Playing action card: ambassador
Player2 returned 0 copies of copper
Player1 gained copper
Player2 bought estate

Player1 is now starting a turn.
copper was drawn from the deck.
copper was drawn from the deck.
Shuffling Player1&apos;s deck.
silver was drawn from the deck.
mine was drawn from the deck.
seahag was drawn from the deck.
Playing action card: mine
Player1 gained gold
Player1 bought adventurer

Player2 is now starting a turn.
estate was drawn from the deck.
copper was drawn from the deck.
copper was drawn from the deck.
copper was drawn from the deck.
smithy was drawn from the deck.
Playing action card: smithy
copper was drawn from the deck.
ambassador was drawn from the deck.
Player2 bought duchy

Player1 is now starting a turn.
copper was drawn from the deck.
copper was drawn from the deck.
copper was drawn from the deck.
copper was drawn from the deck.
gold was drawn from the deck.
Player1 bought adventurer

Player2 is now starting a turn.
silver was drawn from the deck.
village was drawn from the deck.
estate was drawn from the deck.
duchy was drawn from the deck.
gold was drawn from the deck.
Playing action card: village
curse was drawn from the deck.
Player2 bought adventurer

Player1 is now starting a turn.
curse was drawn from the deck.
curse was drawn from the deck.
curse was drawn from the deck.
province was drawn from the deck.
duchy was drawn from the deck.
Player1 bought copper

Player2 is now starting a turn.
copper was drawn from the deck.
ambassador was drawn from the deck.
curse was drawn from the deck.
curse was drawn from the deck.
adventurer was drawn from the deck.
Playing action card: adventurer
estate was drawn from the deck.
Player2 discarded estate
Player2 bought copper

Player1 is now starting a turn.
curse was drawn from the deck.
estate was drawn from the deck.
curse was drawn from the deck.
curse was drawn from the deck.
estate was drawn from the deck.
Player1 bought estate

Player2 is now starting a turn.
Shuffling Player2&apos;s deck.
smithy was drawn from the deck.
gold was drawn from the deck.
curse was drawn from the deck.
smithy was drawn from the deck.
curse was drawn from the deck.
Playing action card: smithy
duchy was drawn from the deck.
estate was drawn from the deck.
Player2 bought smithy

Player1 is now starting a turn.
curse was drawn from the deck.
smithy was drawn from the deck.
estate was drawn from the deck.
province was drawn from the deck.
estate was drawn from the deck.
Playing action card: smithy
copper was drawn from the deck.
mine was drawn from the deck.
Player1 bought great_hall

Player2 is now starting a turn.
ambassador was drawn from the deck.
mine was drawn from the deck.
curse was drawn from the deck.
seahag was drawn from the deck.
silver was drawn from the deck.
Playing action card: mine
Player2 gained gold
Player2 bought duchy

Player1 is now starting a turn.
copper was drawn from the deck.
great_hall was drawn from the deck.
copper was drawn from the deck.
great_hall was drawn from the deck.
adventurer was drawn from the deck.
Playing action card: great_hall
gold was drawn from the deck.
Playing action card: adventurer
seahag was drawn from the deck.
Player1 discarded seahag
copper was drawn from the deck.
gold was drawn from the deck.
Player1 bought province

Player2 is now starting a turn.
gold was drawn from the deck.
gold was drawn from the deck.
adventurer was drawn from the deck.
great_hall was drawn from the deck.
curse was drawn from the deck.
Playing action card: great_hall
copper was drawn from the deck.
Playing action card: adventurer
duchy was drawn from the deck.
Player2 discarded duchy
ambassador was drawn from the deck.
Player2 discarded ambassador
curse was drawn from the deck.
Player2 discarded curse
village was drawn from the deck.
Player2 discarded village
village was drawn from the deck.
Player2 discarded village
adventurer was drawn from the deck.
Player2 discarded adventurer
mine was drawn from the deck.
Player2 discarded mine
curse was drawn from the deck.
Player2 discarded curse
copper was drawn from the deck.
estate was drawn from the deck.
Player2 discarded estate
copper was drawn from the deck.
Player2 bought province

Player1 is now starting a turn.
gold was drawn from the deck.
curse was drawn from the deck.
adventurer was drawn from the deck.
ambassador was drawn from the deck.
curse was drawn from the deck.
Playing action card: adventurer
copper was drawn from the deck.
copper was drawn from the deck.
Player1 bought mine

Player2 is now starting a turn.
copper was drawn from the deck.
ambassador was drawn from the deck.
copper was drawn from the deck.
estate was drawn from the deck.
curse was drawn from the deck.
Playing action card: ambassador
Player2 returned 0 copies of curse
Player2 bought ambassador

Player1 is now starting a turn.
estate was drawn from the deck.
estate was drawn from the deck.
Shuffling Player1&apos;s deck.
curse was drawn from the deck.
great_hall was drawn from the deck.
adventurer was drawn from the deck.
Playing action card: adventurer
copper was drawn from the deck.
copper was drawn from the deck.
Player1 bought gardens

Player2 is now starting a turn.
copper was drawn from the deck.
seahag was drawn from the deck.
copper was drawn from the deck.
estate was drawn from the deck.
copper was drawn from the deck.
Playing action card: seahag
great_hall was drawn from the deck.
Player1 discarded great_hall
Player1 gained curse to top of deck.
Player2 bought cutpurse

Player1 is now starting a turn.
curse was drawn from the deck.
copper was drawn from the deck.
copper was drawn from the deck.
gold was drawn from the deck.
curse was drawn from the deck.
Player1 bought duchy

Player2 is now starting a turn.
duchy was drawn from the deck.
copper was drawn from the deck.
estate was drawn from the deck.
Shuffling Player2&apos;s deck.
curse was drawn from the deck.
estate was drawn from the deck.
Player2 bought silver

Player1 is now starting a turn.
copper was drawn from the deck.
copper was drawn from the deck.
curse was drawn from the deck.
adventurer was drawn from the deck.
silver was drawn from the deck.
Playing action card: adventurer
seahag was drawn from the deck.
Player1 discarded seahag
mine was drawn from the deck.
Player1 discarded mine
estate was drawn from the deck.
Player1 discarded estate
copper was drawn from the deck.
adventurer was drawn from the deck.
Player1 discarded adventurer
curse was drawn from the deck.
Player1 discarded curse
estate was drawn from the deck.
Player1 discarded estate
province was drawn from the deck.
Player1 discarded province
seahag was drawn from the deck.
Player1 discarded seahag
mine was drawn from the deck.
Player1 discarded mine
copper was drawn from the deck.
Player1 bought adventurer

Player2 is now starting a turn.
smithy was drawn from the deck.
duchy was drawn from the deck.
village was drawn from the deck.
copper was drawn from the deck.
adventurer was drawn from the deck.
Playing action card: village
province was drawn from the deck.
Playing action card: smithy
gold was drawn from the deck.
copper was drawn from the deck.
Playing action card: adventurer
curse was drawn from the deck.
Player2 discarded curse
copper was drawn from the deck.
gold was drawn from the deck.
Player2 bought province

Player1 is now starting a turn.
copper was drawn from the deck.
curse was drawn from the deck.
gold was drawn from the deck.
province was drawn from the deck.
curse was drawn from the deck.
Player1 bought smithy

Player2 is now starting a turn.
curse was drawn from the deck.
seahag was drawn from the deck.
ambassador was drawn from the deck.
ambassador was drawn from the deck.
curse was drawn from the deck.
Playing action card: seahag
ambassador was drawn from the deck.
Player1 discarded ambassador
Player1 gained curse to top of deck.
Player2 bought copper

Player1 is now starting a turn.
curse was drawn from the deck.
copper was drawn from the deck.
gold was drawn from the deck.
smithy was drawn from the deck.
curse was drawn from the deck.
Playing action card: smithy
great_hall was drawn from the deck.
mine was drawn from the deck.
Player1 bought seahag

Player2 is now starting a turn.
village was drawn from the deck.
curse was drawn from the deck.
silver was drawn from the deck.
estate was drawn from the deck.
curse was drawn from the deck.
Playing action card: village
smithy was drawn from the deck.
Playing action card: smithy
copper was drawn from the deck.
gold was drawn from the deck.
Player2 bought adventurer

Player1 is now starting a turn.
adventurer was drawn from the deck.
curse was drawn from the deck.
province was drawn from the deck.
estate was drawn from the deck.
gold was drawn from the deck.
Playing action card: adventurer
copper was drawn from the deck.
estate was drawn from the deck.
Player1 discarded estate
estate was drawn from the deck.
Player1 discarded estate
duchy was drawn from the deck.
Player1 discarded duchy
copper was drawn from the deck.
Player1 bought gold

Player2 is now starting a turn.
estate was drawn from the deck.
smithy was drawn from the deck.
duchy was drawn from the deck.
mine was drawn from the deck.
seahag was drawn from the deck.
Playing action card: seahag
gold was drawn from the deck.
Player1 discarded gold
Player1 gained curse to top of deck.
Player2 bought copper

Player1 is now starting a turn.
curse was drawn from the deck.
curse was drawn from the deck.
copper was drawn from the deck.
Shuffling Player1&apos;s deck.
estate was drawn from the deck.
gold was drawn from the deck.
Player1 bought duchy

Player2 is now starting a turn.
duchy was drawn from the deck.
curse was drawn from the deck.
copper was drawn from the deck.
gold was drawn from the deck.
copper was drawn from the deck.
Player2 bought mine

Player1 is now starting a turn.
adventurer was drawn from the deck.
smithy was drawn from the deck.
gold was drawn from the deck.
copper was drawn from the deck.
silver was drawn from the deck.
Playing action card: smithy
curse was drawn from the deck.
curse was drawn from the deck.
Player1 bought gold

Player2 is now starting a turn.
mine was drawn from the deck.
ambassador was drawn from the deck.
copper was drawn from the deck.
copper was drawn from the deck.
great_hall was drawn from the deck.
Playing action card: mine
Player2 gained gold
Player2 bought mine

Player1 is now starting a turn.
estate was drawn from the deck.
curse was drawn from the deck.
estate was drawn from the deck.
curse was drawn from the deck.
copper was drawn from the deck.
Player1 bought silver

Player2 is now starting a turn.
ambassador was drawn from the deck.
estate was drawn from the deck.
adventurer was drawn from the deck.
cutpurse was drawn from the deck.
Shuffling Player2&apos;s deck.
copper was drawn from the deck.
Playing action card: ambassador
Player2 returned 0 copies of cutpurse
Player1 gained cutpurse
Player2 bought embargo

Player1 is now starting a turn.
mine was drawn from the deck.
duchy was drawn from the deck.
smithy was drawn from the deck.
gardens was drawn from the deck.
estate was drawn from the deck.
Playing action card: mine
Player1 bought copper

Player2 is now starting a turn.
curse was drawn from the deck.
copper was drawn from the deck.
gold was drawn from the deck.
copper was drawn from the deck.
province was drawn from the deck.
Player2 bought duchy

Player1 is now starting a turn.
copper was drawn from the deck.
gold was drawn from the deck.
great_hall was drawn from the deck.
copper was drawn from the deck.
copper was drawn from the deck.
Playing action card: great_hall
copper was drawn from the deck.
Player1 bought gold

Player2 is now starting a turn.
copper was drawn from the deck.
copper was drawn from the deck.
gold was drawn from the deck.
estate was drawn from the deck.
smithy was drawn from the deck.
Playing action card: smithy
copper was drawn from the deck.
copper was drawn from the deck.
Player2 bought province

Player1 is now starting a turn.
seahag was drawn from the deck.
curse was drawn from the deck.
copper was drawn from the deck.
copper was drawn from the deck.
copper was drawn from the deck.
Playing action card: seahag
silver was drawn from the deck.
Player2 discarded silver
Player2 gained curse to top of deck.
Player1 bought ambassador

Player2 is now starting a turn.
curse was drawn from the deck.
duchy was drawn from the deck.
province was drawn from the deck.
great_hall was drawn from the deck.
curse was drawn from the deck.
Playing action card: great_hall
gold was drawn from the deck.
Player2 bought village

Player1 is now starting a turn.
estate was drawn from the deck.
gold was drawn from the deck.
curse was drawn from the deck.
curse was drawn from the deck.
province was drawn from the deck.
Player1 bought smithy

Player2 is now starting a turn.
mine was drawn from the deck.
seahag was drawn from the deck.
mine was drawn from the deck.
silver was drawn from the deck.
ambassador was drawn from the deck.
Playing action card: seahag
great_hall was drawn from the deck.
Player1 discarded great_hall
Player1 gained curse to top of deck.
Player2 bought estate

Player1 is now starting a turn.
curse was drawn from the deck.
copper was drawn from the deck.
curse was drawn from the deck.
copper was drawn from the deck.
curse was drawn from the deck.
Player1 bought estate

Player2 is now starting a turn.
curse was drawn from the deck.
copper was drawn from the deck.
estate was drawn from the deck.
copper was drawn from the deck.
curse was drawn from the deck.
Player2 bought village

Player1 is now starting a turn.
adventurer was drawn from the deck.
adventurer was drawn from the deck.
mine was drawn from the deck.
seahag was drawn from the deck.
estate was drawn from the deck.
Playing action card: adventurer
adventurer was drawn from the deck.
Player1 discarded adventurer
gold was drawn from the deck.
province was drawn from the deck.
Player1 discarded province
seahag was drawn from the deck.
Player1 discarded seahag
mine was drawn from the deck.
Player1 discarded mine
ambassador was drawn from the deck.
Player1 discarded ambassador
great_hall was drawn from the deck.
Player1 discarded great_hall
province was drawn from the deck.
Player1 discarded province
estate was drawn from the deck.
Player1 discarded estate
duchy was drawn from the deck.
Player1 discarded duchy
curse was drawn from the deck.
Player1 discarded curse
gold was drawn from the deck.
Player1 bought adventurer

Player2 is now starting a turn.
smithy was drawn from the deck.
duchy was drawn from the deck.
curse was drawn from the deck.
duchy was drawn from the deck.
smithy was drawn from the deck.
Playing action card: smithy
village was drawn from the deck.
adventurer was drawn from the deck.
Player2 bought copper

Player1 is now starting a turn.
adventurer was drawn from the deck.
copper was drawn from the deck.
Shuffling Player1&apos;s deck.
gold was drawn from the deck.
adventurer was drawn from the deck.
copper was drawn from the deck.
Playing action card: adventurer
curse was drawn from the deck.
Player1 discarded curse
gold was drawn from the deck.
curse was drawn from the deck.
Player1 discarded curse
curse was drawn from the deck.
Player1 discarded curse
gold was drawn from the deck.
Player1 bought province

Player2 is now starting a turn.
gold was drawn from the deck.
mine was drawn from the deck.
estate was drawn from the deck.
ambassador was drawn from the deck.
gold was drawn from the deck.
Playing action card: mine
Player2 gained gold
Player2 bought province
GAME OVER! Province card pile is empty. 
Player1: 379
Player2: 459
Player1: 379
Player2: 459
estate was drawn from the deck.
Player2 discarded estate
Player2 gained curse to top of deck.
curse was drawn from the deck.
Player2 discarded curse
Player2 gained curse to top of deck.
hi! gained smithy

STARTING NEW GAME!

Player1 is now starting a turn.
Shuffling Player1&apos;s deck.
copper was drawn from the deck.
copper was drawn from the deck.
estate was drawn from the deck.
copper was drawn from the deck.
estate was drawn from the deck.
Player1 gained curse card because of embargo token.
Player1 gained curse
Player1 gained curse card because of embargo token.
Player1 gained curse
Player1 bought duchy

Player2 is now starting a turn.
Shuffling Player2&apos;s deck.
copper was drawn from the deck.
copper was drawn from the deck.
estate was drawn from the deck.
copper was drawn from the deck.
copper was drawn from the deck.
Player2 gained curse card because of embargo token.
Player2 gained curse
Player2 gained curse card because of embargo token.
Player2 gained curse
Player2 bought duchy

Player1 is now starting a turn.
copper was drawn from the deck.
estate was drawn from the deck.
copper was drawn from the deck.
copper was drawn from the deck.
copper was drawn from the deck.
Player1 gained curse card because of embargo token.
Player1 gained curse
Player1 gained curse card because of embargo token.
Player1 gained curse
Player1 bought mine

Player2 is now starting a turn.
copper was drawn from the deck.
copper was drawn from the deck.
estate was drawn from the deck.
estate was drawn from the deck.
copper was drawn from the deck.
Player2 gained curse card because of embargo token.
Player2 gained curse
Player2 gained curse card because of embargo token.
Player2 gained curse
Player2 bought mine

Player1 is now starting a turn.
Shuffling Player1&apos;s deck.
copper was drawn from the deck.
curse was drawn from the deck.
copper was drawn from the deck.
curse was drawn from the deck.
estate was drawn from the deck.
Player1 gained curse card because of embargo token.
Player1 gained curse
Player1 gained curse card because of embargo token.
Player1 gained curse
Player1 bought great_hall

Player2 is now starting a turn.
Shuffling Player2&apos;s deck.
copper was drawn from the deck.
copper was drawn from the deck.
copper was drawn from the deck.
copper was drawn from the deck.
curse was drawn from the deck.
Player2 bought seahag

Player1 is now starting a turn.
copper was drawn from the deck.
copper was drawn from the deck.
copper was drawn from the deck.
curse was drawn from the deck.
curse was drawn from the deck.
Player1 bought silver

Player2 is now starting a turn.
mine was drawn from the deck.
estate was drawn from the deck.
estate was drawn from the deck.
estate was drawn from the deck.
curse was drawn from the deck.
Playing action card: mine
Player2 bought village

Player1 is now starting a turn.
duchy was drawn from the deck.
estate was drawn from the deck.
copper was drawn from the deck.
copper was drawn from the deck.
estate was drawn from the deck.
Player1 bought seahag

Player2 is now starting a turn.
curse was drawn from the deck.
curse was drawn from the deck.
copper was drawn from the deck.
duchy was drawn from the deck.
copper was drawn from the deck.
Player2 bought estate

Player1 is now starting a turn.
mine was drawn from the deck.
Shuffling Player1&apos;s deck.
copper was drawn from the deck.
curse was drawn from the deck.
estate was drawn from the deck.
curse was drawn from the deck.
Playing action card: mine
Player1 gained gold
Player1 bought mine

Player2 is now starting a turn.
copper was drawn from the deck.
Shuffling Player2&apos;s deck.
copper was drawn from the deck.
mine was drawn from the deck.
copper was drawn from the deck.
curse was drawn from the deck.
Playing action card: mine
Player2 gained gold
Player2 bought gold

Player1 is now starting a turn.
copper was drawn from the deck.
copper was drawn from the deck.
estate was drawn from the deck.
copper was drawn from the deck.
silver was drawn from the deck.
Player1 bought adventurer

Player2 is now starting a turn.
copper was drawn from the deck.
estate was drawn from the deck.
estate was drawn from the deck.
duchy was drawn from the deck.
curse was drawn from the deck.
Player2 bought great_hall

Player1 is now starting a turn.
copper was drawn from the deck.
curse was drawn from the deck.
seahag was drawn from the deck.
copper was drawn from the deck.
curse was drawn from the deck.
Playing action card: seahag
curse was drawn from the deck.
Player2 discarded curse
Player2 gained curse to top of deck.
Player1 bought estate

Player2 is now starting a turn.
curse was drawn from the deck.
village was drawn from the deck.
seahag was drawn from the deck.
estate was drawn from the deck.
copper was drawn from the deck.
Playing action card: village
estate was drawn from the deck.
Playing action card: seahag
copper was drawn from the deck.
Player1 discarded copper
Player1 gained curse to top of deck.
Player2 bought ambassador

Player1 is now starting a turn.
curse was drawn from the deck.
curse was drawn from the deck.
curse was drawn from the deck.
estate was drawn from the deck.
great_hall was drawn from the deck.
Playing action card: great_hall
duchy was drawn from the deck.
Player1 bought copper

Player2 is now starting a turn.
curse was drawn from the deck.
copper was drawn from the deck.
copper was drawn from the deck.
Shuffling Player2&apos;s deck.
copper was drawn from the deck.
curse was drawn from the deck.
Player2 bought silver

Player1 is now starting a turn.
Shuffling Player1&apos;s deck.
curse was drawn from the deck.
curse was drawn from the deck.
mine was drawn from the deck.
copper was drawn from the deck.
curse was drawn from the deck.
Playing action card: mine
Player1 gained gold
Player1 bought smithy

Player2 is now starting a turn.
estate was drawn from the deck.
estate was drawn from the deck.
estate was drawn from the deck.
estate was drawn from the deck.
copper was drawn from the deck.
Player2 bought mine

Player1 is now starting a turn.
estate was drawn from the deck.
mine was drawn from the deck.
estate was drawn from the deck.
copper was drawn from the deck.
curse was drawn from the deck.
Playing action card: mine
Player1 gained gold
Player1 bought gold

Player2 is now starting a turn.
copper was drawn from the deck.
copper was drawn from the deck.
curse was drawn from the deck.
duchy was drawn from the deck.
great_hall was drawn from the deck.
Playing action card: great_hall
village was drawn from the deck.
Playing action card: village
copper was drawn from the deck.
Player2 bought ambassador

Player1 is now starting a turn.
copper was drawn from the deck.
duchy was drawn from the deck.
copper was drawn from the deck.
estate was drawn from the deck.
copper was drawn from the deck.
Player1 bought seahag

Player2 is now starting a turn.
gold was drawn from the deck.
curse was drawn from the deck.
curse was drawn from the deck.
ambassador was drawn from the deck.
seahag was drawn from the deck.
Playing action card: seahag
adventurer was drawn from the deck.
Player1 discarded adventurer
Player1 gained curse to top of deck.
Player2 bought ambassador

Player1 is now starting a turn.
curse was drawn from the deck.
curse was drawn from the deck.
silver was drawn from the deck.
seahag was drawn from the deck.
curse was drawn from the deck.
Playing action card: seahag
gold was drawn from the deck.
Player2 discarded gold
Player2 gained curse to top of deck.
Player1 bought estate

Player2 is now starting a turn.
curse was drawn from the deck.
mine was drawn from the deck.
Shuffling Player2&apos;s deck.
curse was drawn from the deck.
seahag was drawn from the deck.
mine was drawn from the deck.
Playing action card: mine
Player2 bought copper

Player1 is now starting a turn.
curse was drawn from the deck.
gold was drawn from the deck.
copper was drawn from the deck.
copper was drawn from the deck.
great_hall was drawn from the deck.
Playing action card: great_hall
estate was drawn from the deck.
Player1 bought adventurer

Player2 is now starting a turn.
silver was drawn from the deck.
ambassador was drawn from the deck.
estate was drawn from the deck.
curse was drawn from the deck.
ambassador was drawn from the deck.
Playing action card: ambassador
Player2 returned 0 copies of ambassador
Player1 gained ambassador
Player2 bought village

Player1 is now starting a turn.
copper was drawn from the deck.
Shuffling Player1&apos;s deck.
copper was drawn from the deck.
curse was drawn from the deck.
estate was drawn from the deck.
curse was drawn from the deck.
Player1 bought great_hall

Player2 is now starting a turn.
ambassador was drawn from the deck.
copper was drawn from the deck.
copper was drawn from the deck.
copper was drawn from the deck.
copper was drawn from the deck.
Playing action card: ambassador
Player2 returned 0 copies of copper
Player1 gained copper
Player2 bought smithy

Player1 is now starting a turn.
curse was drawn from the deck.
smithy was drawn from the deck.
curse was drawn from the deck.
adventurer was drawn from the deck.
great_hall was drawn from the deck.
Playing action card: smithy
curse was drawn from the deck.
estate was drawn from the deck.
Player1 bought copper

Player2 is now starting a turn.
estate was drawn from the deck.
estate was drawn from the deck.
duchy was drawn from the deck.
gold was drawn from the deck.
copper was drawn from the deck.
Player2 bought adventurer

Player1 is now starting a turn.
curse was drawn from the deck.
gold was drawn from the deck.
gold was drawn from the deck.
copper was drawn from the deck.
estate was drawn from the deck.
Player1 bought province

Player2 is now starting a turn.
gold was drawn from the deck.
curse was drawn from the deck.
estate was drawn from the deck.
curse was drawn from the deck.
copper was drawn from the deck.
Player2 bought duchy

Player1 is now starting a turn.
seahag was drawn from the deck.
estate was drawn from the deck.
ambassador was drawn from the deck.
curse was drawn from the deck.
mine was drawn from the deck.
Playing action card: seahag
great_hall was drawn from the deck.
Player2 discarded great_hall
Player2 gained curse to top of deck.
Player1 bought copper

Player2 is now starting a turn.
curse was drawn from the deck.
copper was drawn from the deck.
curse was drawn from the deck.
village was drawn from the deck.
Shuffling Player2&apos;s deck.
gold was drawn from the deck.
Playing action card: village
seahag was drawn from the deck.
Playing action card: seahag
estate was drawn from the deck.
Player1 discarded estate
Player1 gained curse to top of deck.
Player2 bought smithy

Player1 is now starting a turn.
curse was drawn from the deck.
duchy was drawn from the deck.
copper was drawn from the deck.
curse was drawn from the deck.
copper was drawn from the deck.
Player1 bought estate

Player2 is now starting a turn.
curse was drawn from the deck.
copper was drawn from the deck.
curse was drawn from the deck.
great_hall was drawn from the deck.
mine was drawn from the deck.
Playing action card: mine
Player2 gained gold
Player2 bought seahag

Player1 is now starting a turn.
mine was drawn from the deck.
gold was drawn from the deck.
adventurer was drawn from the deck.
seahag was drawn from the deck.
gold was drawn from the deck.
Playing action card: adventurer
silver was drawn from the deck.
copper was drawn from the deck.
Player1 bought province

Player2 is now starting a turn.
copper was drawn from the deck.
mine was drawn from the deck.
duchy was drawn from the deck.
ambassador was drawn from the deck.
estate was drawn from the deck.
Playing action card: ambassador
Player2 returned 0 copies of copper
Player1 gained copper
Player2 bought estate

Player1 is now starting a turn.
copper was drawn from the deck.
copper was drawn from the deck.
Shuffling Player1&apos;s deck.
silver was drawn from the deck.
mine was drawn from the deck.
seahag was drawn from the deck.
Playing action card: mine
Player1 gained gold
Player1 bought adventurer

Player2 is now starting a turn.
estate was drawn from the deck.
copper was drawn from the deck.
copper was drawn from the deck.
copper was drawn from the deck.
smithy was drawn from the deck.
Playing action card: smithy
copper was drawn from the deck.
ambassador was drawn from the deck.
Player2 bought duchy

Player1 is now starting a turn.
copper was drawn from the deck.
copper was drawn from the deck.
copper was drawn from the deck.
copper was drawn from the deck.
gold was drawn from the deck.
Player1 bought adventurer

Player2 is now starting a turn.
silver was drawn from the deck.
village was drawn from the deck.
estate was drawn from the deck.
duchy was drawn from the deck.
gold was drawn from the deck.
Playing action card: village
curse was drawn from the deck.
Player2 bought adventurer

Player1 is now starting a turn.
curse was drawn from the deck.
curse was drawn from the deck.
curse was drawn from the deck.
province was drawn from the deck.
duchy was drawn from the deck.
Player1 bought copper

Player2 is now starting a turn.
copper was drawn from the deck.
ambassador was drawn from the deck.
curse was drawn from the deck.
curse was drawn from the deck.
adventurer was drawn from the deck.
Playing action card: adventurer
estate was drawn from the deck.
Player2 discarded estate
Player2 bought copper

Player1 is now starting a turn.
curse was drawn from the deck.
estate was drawn from the deck.
curse was drawn from the deck.
curse was drawn from the deck.
estate was drawn from the deck.
Player1 bought estate

Player2 is now starting a turn.
Shuffling Player2&apos;s deck.
smithy was drawn from the deck.
gold was drawn from the deck.
curse was drawn from the deck.
smithy was drawn from the deck.
curse was drawn from the deck.
Playing action card: smithy
duchy was drawn from the deck.
estate was drawn from the deck.
Player2 bought smithy

Player1 is now starting a turn.
curse was drawn from the deck.
smithy was drawn from the deck.
estate was drawn from the deck.
province was drawn from the deck.
estate was drawn from the deck.
Playing action card: smithy
copper was drawn from the deck.
mine was drawn from the deck.
Player1 bought great_hall

Player2 is now starting a turn.
ambassador was drawn from the deck.
mine was drawn from the deck.
curse was drawn from the deck.
seahag was drawn from the deck.
silver was drawn from the deck.
Playing action card: mine
Player2 gained gold
Player2 bought duchy

Player1 is now starting a turn.
copper was drawn from the deck.
great_hall was drawn from the deck.
copper was drawn from the deck.
great_hall was drawn from the deck.
adventurer was drawn from the deck.
Playing action card: great_hall
gold was drawn from the deck.
Playing action card: adventurer
seahag was drawn from the deck.
Player1 discarded seahag
copper was drawn from the deck.
gold was drawn from the deck.
Player1 bought province

Player2 is now starting a turn.
gold was drawn from the deck.
gold was drawn from the deck.
adventurer was drawn from the deck.
great_hall was drawn from the deck.
curse was drawn from the deck.
Playing action card: great_hall
copper was drawn from the deck.
Playing action card: adventurer
duchy was drawn from the deck.
Player2 discarded duchy
ambassador was drawn from the deck.
Player2 discarded ambassador
curse was drawn from the deck.
Player2 discarded curse
village was drawn from the deck.
Player2 discarded village
village was drawn from the deck.
Player2 discarded village
adventurer was drawn from the deck.
Player2 discarded adventurer
mine was drawn from the deck.
Player2 discarded mine
curse was drawn from the deck.
Player2 discarded curse
copper was drawn from the deck.
estate was drawn from the deck.
Player2 discarded estate
copper was drawn from the deck.
Player2 bought province

Player1 is now starting a turn.
gold was drawn from the deck.
curse was drawn from the deck.
adventurer was drawn from the deck.
ambassador was drawn from the deck.
curse was drawn from the deck.
Playing action card: adventurer
copper was drawn from the deck.
copper was drawn from the deck.
Player1 bought mine

Player2 is now starting a turn.
copper was drawn from the deck.
ambassador was drawn from the deck.
copper was drawn from the deck.
estate was drawn from the deck.
curse was drawn from the deck.
Playing action card: ambassador
Player2 returned 0 copies of curse
Player2 bought ambassador

Player1 is now starting a turn.
estate was drawn from the deck.
estate was drawn from the deck.
Shuffling Player1&apos;s deck.
curse was drawn from the deck.
great_hall was drawn from the deck.
adventurer was drawn from the deck.
Playing action card: adventurer
copper was drawn from the deck.
copper was drawn from the deck.
Player1 bought gardens

Player2 is now starting a turn.
copper was drawn from the deck.
seahag was drawn from the deck.
copper was drawn from the deck.
estate was drawn from the deck.
copper was drawn from the deck.
Playing action card: seahag
great_hall was drawn from the deck.
Player1 discarded great_hall
Player1 gained curse to top of deck.
Player2 bought cutpurse

Player1 is now starting a turn.
curse was drawn from the deck.
copper was drawn from the deck.
copper was drawn from the deck.
gold was drawn from the deck.
curse was drawn from the deck.
Player1 bought duchy

Player2 is now starting a turn.
duchy was drawn from the deck.
copper was drawn from the deck.
estate was drawn from the deck.
Shuffling Player2&apos;s deck.
curse was drawn from the deck.
estate was drawn from the deck.
Player2 bought silver

Player1 is now starting a turn.
copper was drawn from the deck.
copper was drawn from the deck.
curse was drawn from the deck.
adventurer was drawn from the deck.
silver was drawn from the deck.
Playing action card: adventurer
seahag was drawn from the deck.
Player1 discarded seahag
mine was drawn from the deck.
Player1 discarded mine
estate was drawn from the deck.
Player1 discarded estate
copper was drawn from the deck.
adventurer was drawn from the deck.
Player1 discarded adventurer
curse was drawn from the deck.
Player1 discarded curse
estate was drawn from the deck.
Player1 discarded estate
province was drawn from the deck.
Player1 discarded province
seahag was drawn from the deck.
Player1 discarded seahag
mine was drawn from the deck.
Player1 discarded mine
copper was drawn from the deck.
Player1 bought adventurer

Player2 is now starting a turn.
smithy was drawn from the deck.
duchy was drawn from the deck.
village was drawn from the deck.
copper was drawn from the deck.
adventurer was drawn from the deck.
Playing action card: village
province was drawn from the deck.
Playing action card: smithy
gold was drawn from the deck.
copper was drawn from the deck.
Playing action card: adventurer
curse was drawn from the deck.
Player2 discarded curse
copper was drawn from the deck.
gold was drawn from the deck.
Player2 bought province

Player1 is now starting a turn.
copper was drawn from the deck.
curse was drawn from the deck.
gold was drawn from the deck.
province was drawn from the deck.
curse was drawn from the deck.
Player1 bought smithy

Player2 is now starting a turn.
curse was drawn from the deck.
seahag was drawn from the deck.
ambassador was drawn from the deck.
ambassador was drawn from the deck.
curse was drawn from the deck.
Playing action card: seahag
ambassador was drawn from the deck.
Player1 discarded ambassador
Player1 gained curse to top of deck.
Player2 bought copper

Player1 is now starting a turn.
curse was drawn from the deck.
copper was drawn from the deck.
gold was drawn from the deck.
smithy was drawn from the deck.
curse was drawn from the deck.
Playing action card: smithy
great_hall was drawn from the deck.
mine was drawn from the deck.
Player1 bought seahag

Player2 is now starting a turn.
village was drawn from the deck.
curse was drawn from the deck.
silver was drawn from the deck.
estate was drawn from the deck.
curse was drawn from the deck.
Playing action card: village
smithy was drawn from the deck.
Playing action card: smithy
copper was drawn from the deck.
gold was drawn from the deck.
Player2 bought adventurer

Player1 is now starting a turn.
adventurer was drawn from the deck.
curse was drawn from the deck.
province was drawn from the deck.
estate was drawn from the deck.
gold was drawn from the deck.
Playing action card: adventurer
copper was drawn from the deck.
estate was drawn from the deck.
Player1 discarded estate
estate was drawn from the deck.
Player1 discarded estate
duchy was drawn from the deck.
Player1 discarded duchy
copper was drawn from the deck.
Player1 bought gold

Player2 is now starting a turn.
estate was drawn from the deck.
smithy was drawn from the deck.
duchy was drawn from the deck.
mine was drawn from the deck.
seahag was drawn from the deck.
Playing action card: seahag
gold was drawn from the deck.
Player1 discarded gold
Player1 gained curse to top of deck.
Player2 bought copper

Player1 is now starting a turn.
curse was drawn from the deck.
curse was drawn from the deck.
copper was drawn from the deck.
Shuffling Player1&apos;s deck.
estate was drawn from the deck.
gold was drawn from the deck.
Player1 bought duchy

Player2 is now starting a turn.
duchy was drawn from the deck.
curse was drawn from the deck.
copper was drawn from the deck.
gold was drawn from the deck.
copper was drawn from the deck.
Player2 bought mine

Player1 is now starting a turn.
adventurer was drawn from the deck.
smithy was drawn from the deck.
gold was drawn from the deck.
copper was drawn from the deck.
silver was drawn from the deck.
Playing action card: smithy
curse was drawn from the deck.
curse was drawn from the deck.
Player1 bought gold

Player2 is now starting a turn.
mine was drawn from the deck.
ambassador was drawn from the deck.
copper was drawn from the deck.
copper was drawn from the deck.
great_hall was drawn from the deck.
Playing action card: mine
Player2 gained gold
Player2 bought mine

Player1 is now starting a turn.
estate was drawn from the deck.
curse was drawn from the deck.
estate was drawn from the deck.
curse was drawn from the deck.
copper was drawn from the deck.
Player1 bought silver

Player2 is now starting a turn.
ambassador was drawn from the deck.
estate was drawn from the deck.
adventurer was drawn from the deck.
cutpurse was drawn from the deck.
Shuffling Player2&apos;s deck.
copper was drawn from the deck.
Playing action card: ambassador
Player2 returned 0 copies of cutpurse
Player1 gained cutpurse
Player2 bought embargo

Player1 is now starting a turn.
mine was drawn from the deck.
duchy was drawn from the deck.
smithy was drawn from the deck.
gardens was drawn from the deck.
estate was drawn from the deck.
Playing action card: mine
Player1 bought copper

Player2 is now starting a turn.
curse was drawn from the deck.
copper was drawn from the deck.
gold was drawn from the deck.
copper was drawn from the deck.
province was drawn from the deck.
Player2 bought duchy

Player1 is now starting a turn.
copper was drawn from the deck.
gold was drawn from the deck.
great_hall was drawn from the deck.
copper was drawn from the deck.
copper was drawn from the deck.
Playing action card: great_hall
copper was drawn from the deck.
Player1 bought gold

Player2 is now starting a turn.
copper was drawn from the deck.
copper was drawn from the deck.
gold was drawn from the deck.
estate was drawn from the deck.
smithy was drawn from the deck.
Playing action card: smithy
copper was drawn from the deck.
copper was drawn from the deck.
Player2 bought province

Player1 is now starting a turn.
seahag was drawn from the deck.
curse was drawn from the deck.
copper was drawn from the deck.
copper was drawn from the deck.
copper was drawn from the deck.
Playing action card: seahag
silver was drawn from the deck.
Player2 discarded silver
Player2 gained curse to top of deck.
Player1 bought ambassador

Player2 is now starting a turn.
curse was drawn from the deck.
duchy was drawn from the deck.
province was drawn from the deck.
great_hall was drawn from the deck.
curse was drawn from the deck.
Playing action card: great_hall
gold was drawn from the deck.
Player2 bought village

Player1 is now starting a turn.
estate was drawn from the deck.
gold was drawn from the deck.
curse was drawn from the deck.
curse was drawn from the deck.
province was drawn from the deck.
Player1 bought smithy

Player2 is now starting a turn.
mine was drawn from the deck.
seahag was drawn from the deck.
mine was drawn from the deck.
silver was drawn from the deck.
ambassador was drawn from the deck.
Playing action card: seahag
great_hall was drawn from the deck.
Player1 discarded great_hall
Player1 gained curse to top of deck.
Player2 bought estate

Player1 is now starting a turn.
curse was drawn from the deck.
copper was drawn from the deck.
curse was drawn from the deck.
copper was drawn from the deck.
curse was drawn from the deck.
Player1 bought estate

Player2 is now starting a turn.
curse was drawn from the deck.
copper was drawn from the deck.
estate was drawn from the deck.
copper was drawn from the deck.
curse was drawn from the deck.
Player2 bought village

Player1 is now starting a turn.
adventurer was drawn from the deck.
adventurer was drawn from the deck.
mine was drawn from the deck.
seahag was drawn from the deck.
estate was drawn from the deck.
Playing action card: adventurer
adventurer was drawn from the deck.
Player1 discarded adventurer
gold was drawn from the deck.
province was drawn from the deck.
Player1 discarded province
seahag was drawn from the deck.
Player1 discarded seahag
mine was drawn from the deck.
Player1 discarded mine
ambassador was drawn from the deck.
Player1 discarded ambassador
great_hall was drawn from the deck.
Player1 discarded great_hall
province was drawn from the deck.
Player1 discarded province
estate was drawn from the deck.
Player1 discarded estate
duchy was drawn from the deck.
Player1 discarded duchy
curse was drawn from the deck.
Player1 discarded curse
gold was drawn from the deck.
Player1 bought adventurer

Player2 is now starting a turn.
smithy was drawn from the deck.
duchy was drawn from the deck.
curse was drawn from the deck.
duchy was drawn from the deck.
smithy was drawn from the deck.
Playing action card: smithy
village was drawn from the deck.
adventurer was drawn from the deck.
Player2 bought copper

Player1 is now starting a turn.
adventurer was drawn from the deck.
copper was drawn from the deck.
Shuffling Player1&apos;s deck.
gold was drawn from the deck.
adventurer was drawn from the deck.
copper was drawn from the deck.
Playing action card: adventurer
curse was drawn from the deck.
Player1 discarded curse
gold was drawn from the deck.
curse was drawn from the deck.
Player1 discarded curse
curse was drawn from the deck.
Player1 discarded curse
gold was drawn from the deck.
Player1 bought province

Player2 is now starting a turn.
gold was drawn from the deck.
mine was drawn from the deck.
estate was drawn from the deck.
ambassador was drawn from the deck.
gold was drawn from the deck.
Playing action card: mine
Player2 gained gold
Player2 bought province
GAME OVER! Province card pile is empty. 
Player1: 379
Player2: 459
Player1: 379
Player2: 459
hi! gained smithy
hi! gained mine
</system-out>
  </testcase>
  <testcase classname="RegressionTest" name="test210" time="0">
    <failure type="java.lang.AssertionError">java.lang.AssertionError
	at org.junit.Assert.fail(Assert.java:86)
	at org.junit.Assert.assertTrue(Assert.java:41)
	at org.junit.Assert.assertTrue(Assert.java:52)
	at RegressionTest.test210(RegressionTest.java:13222)
	at sun.reflect.NativeMethodAccessorImpl.invoke0(Native Method)
	at sun.reflect.NativeMethodAccessorImpl.invoke(NativeMethodAccessorImpl.java:62)
	at sun.reflect.DelegatingMethodAccessorImpl.invoke(DelegatingMethodAccessorImpl.java:43)
	at java.lang.reflect.Method.invoke(Method.java:498)
	at org.junit.runners.model.FrameworkMethod$1.runReflectiveCall(FrameworkMethod.java:47)
	at org.junit.internal.runners.model.ReflectiveCallable.run(ReflectiveCallable.java:12)
	at org.junit.runners.model.FrameworkMethod.invokeExplosively(FrameworkMethod.java:44)
	at org.junit.internal.runners.statements.InvokeMethod.evaluate(InvokeMethod.java:17)
	at org.junit.runners.ParentRunner.runLeaf(ParentRunner.java:271)
	at org.junit.runners.BlockJUnit4ClassRunner.runChild(BlockJUnit4ClassRunner.java:70)
	at org.junit.runners.BlockJUnit4ClassRunner.runChild(BlockJUnit4ClassRunner.java:50)
	at org.junit.runners.ParentRunner$3.run(ParentRunner.java:238)
	at org.junit.runners.ParentRunner$1.schedule(ParentRunner.java:63)
	at org.junit.runners.ParentRunner.runChildren(ParentRunner.java:236)
	at org.junit.runners.ParentRunner.access$000(ParentRunner.java:53)
	at org.junit.runners.ParentRunner$2.evaluate(ParentRunner.java:229)
	at org.junit.runners.ParentRunner.run(ParentRunner.java:309)
	at org.apache.maven.surefire.junit4.JUnit4Provider.execute(JUnit4Provider.java:252)
	at org.apache.maven.surefire.junit4.JUnit4Provider.executeTestSet(JUnit4Provider.java:141)
	at org.apache.maven.surefire.junit4.JUnit4Provider.invoke(JUnit4Provider.java:112)
	at sun.reflect.NativeMethodAccessorImpl.invoke0(Native Method)
	at sun.reflect.NativeMethodAccessorImpl.invoke(NativeMethodAccessorImpl.java:62)
	at sun.reflect.DelegatingMethodAccessorImpl.invoke(DelegatingMethodAccessorImpl.java:43)
	at java.lang.reflect.Method.invoke(Method.java:498)
	at org.apache.maven.surefire.util.ReflectionUtils.invokeMethodWithArray(ReflectionUtils.java:189)
	at org.apache.maven.surefire.booter.ProviderFactory$ProviderProxy.invoke(ProviderFactory.java:165)
	at org.apache.maven.surefire.booter.ProviderFactory.invokeProvider(ProviderFactory.java:85)
	at org.apache.maven.surefire.booter.ForkedBooter.runSuitesInProcess(ForkedBooter.java:115)
	at org.apache.maven.surefire.booter.ForkedBooter.main(ForkedBooter.java:75)
</failure>
    <system-out>Player33 is now starting a turn.
Shuffling hi!&apos;s deck.
copper was drawn from the deck.
copper was drawn from the deck.
estate was drawn from the deck.
copper was drawn from the deck.
estate was drawn from the deck.
</system-out>
  </testcase>
  <testcase classname="RegressionTest" name="test211" time="0">
    <failure type="java.lang.AssertionError">java.lang.AssertionError
	at org.junit.Assert.fail(Assert.java:86)
	at org.junit.Assert.assertTrue(Assert.java:41)
	at org.junit.Assert.assertTrue(Assert.java:52)
	at RegressionTest.test211(RegressionTest.java:13288)
	at sun.reflect.NativeMethodAccessorImpl.invoke0(Native Method)
	at sun.reflect.NativeMethodAccessorImpl.invoke(NativeMethodAccessorImpl.java:62)
	at sun.reflect.DelegatingMethodAccessorImpl.invoke(DelegatingMethodAccessorImpl.java:43)
	at java.lang.reflect.Method.invoke(Method.java:498)
	at org.junit.runners.model.FrameworkMethod$1.runReflectiveCall(FrameworkMethod.java:47)
	at org.junit.internal.runners.model.ReflectiveCallable.run(ReflectiveCallable.java:12)
	at org.junit.runners.model.FrameworkMethod.invokeExplosively(FrameworkMethod.java:44)
	at org.junit.internal.runners.statements.InvokeMethod.evaluate(InvokeMethod.java:17)
	at org.junit.runners.ParentRunner.runLeaf(ParentRunner.java:271)
	at org.junit.runners.BlockJUnit4ClassRunner.runChild(BlockJUnit4ClassRunner.java:70)
	at org.junit.runners.BlockJUnit4ClassRunner.runChild(BlockJUnit4ClassRunner.java:50)
	at org.junit.runners.ParentRunner$3.run(ParentRunner.java:238)
	at org.junit.runners.ParentRunner$1.schedule(ParentRunner.java:63)
	at org.junit.runners.ParentRunner.runChildren(ParentRunner.java:236)
	at org.junit.runners.ParentRunner.access$000(ParentRunner.java:53)
	at org.junit.runners.ParentRunner$2.evaluate(ParentRunner.java:229)
	at org.junit.runners.ParentRunner.run(ParentRunner.java:309)
	at org.apache.maven.surefire.junit4.JUnit4Provider.execute(JUnit4Provider.java:252)
	at org.apache.maven.surefire.junit4.JUnit4Provider.executeTestSet(JUnit4Provider.java:141)
	at org.apache.maven.surefire.junit4.JUnit4Provider.invoke(JUnit4Provider.java:112)
	at sun.reflect.NativeMethodAccessorImpl.invoke0(Native Method)
	at sun.reflect.NativeMethodAccessorImpl.invoke(NativeMethodAccessorImpl.java:62)
	at sun.reflect.DelegatingMethodAccessorImpl.invoke(DelegatingMethodAccessorImpl.java:43)
	at java.lang.reflect.Method.invoke(Method.java:498)
	at org.apache.maven.surefire.util.ReflectionUtils.invokeMethodWithArray(ReflectionUtils.java:189)
	at org.apache.maven.surefire.booter.ProviderFactory$ProviderProxy.invoke(ProviderFactory.java:165)
	at org.apache.maven.surefire.booter.ProviderFactory.invokeProvider(ProviderFactory.java:85)
	at org.apache.maven.surefire.booter.ForkedBooter.runSuitesInProcess(ForkedBooter.java:115)
	at org.apache.maven.surefire.booter.ForkedBooter.main(ForkedBooter.java:75)
</failure>
    <system-out>hi! gained curse
</system-out>
  </testcase>
  <testcase classname="RegressionTest" name="test212" time="0"/>
  <testcase classname="RegressionTest" name="test213" time="0.02">
    <failure message="&apos;curse&apos; != &apos;copper&apos;" type="java.lang.AssertionError">java.lang.AssertionError: &apos;curse&apos; != &apos;copper&apos;
	at org.junit.Assert.fail(Assert.java:88)
	at org.junit.Assert.assertTrue(Assert.java:41)
	at RegressionTest.test213(RegressionTest.java:13372)
	at sun.reflect.NativeMethodAccessorImpl.invoke0(Native Method)
	at sun.reflect.NativeMethodAccessorImpl.invoke(NativeMethodAccessorImpl.java:62)
	at sun.reflect.DelegatingMethodAccessorImpl.invoke(DelegatingMethodAccessorImpl.java:43)
	at java.lang.reflect.Method.invoke(Method.java:498)
	at org.junit.runners.model.FrameworkMethod$1.runReflectiveCall(FrameworkMethod.java:47)
	at org.junit.internal.runners.model.ReflectiveCallable.run(ReflectiveCallable.java:12)
	at org.junit.runners.model.FrameworkMethod.invokeExplosively(FrameworkMethod.java:44)
	at org.junit.internal.runners.statements.InvokeMethod.evaluate(InvokeMethod.java:17)
	at org.junit.runners.ParentRunner.runLeaf(ParentRunner.java:271)
	at org.junit.runners.BlockJUnit4ClassRunner.runChild(BlockJUnit4ClassRunner.java:70)
	at org.junit.runners.BlockJUnit4ClassRunner.runChild(BlockJUnit4ClassRunner.java:50)
	at org.junit.runners.ParentRunner$3.run(ParentRunner.java:238)
	at org.junit.runners.ParentRunner$1.schedule(ParentRunner.java:63)
	at org.junit.runners.ParentRunner.runChildren(ParentRunner.java:236)
	at org.junit.runners.ParentRunner.access$000(ParentRunner.java:53)
	at org.junit.runners.ParentRunner$2.evaluate(ParentRunner.java:229)
	at org.junit.runners.ParentRunner.run(ParentRunner.java:309)
	at org.apache.maven.surefire.junit4.JUnit4Provider.execute(JUnit4Provider.java:252)
	at org.apache.maven.surefire.junit4.JUnit4Provider.executeTestSet(JUnit4Provider.java:141)
	at org.apache.maven.surefire.junit4.JUnit4Provider.invoke(JUnit4Provider.java:112)
	at sun.reflect.NativeMethodAccessorImpl.invoke0(Native Method)
	at sun.reflect.NativeMethodAccessorImpl.invoke(NativeMethodAccessorImpl.java:62)
	at sun.reflect.DelegatingMethodAccessorImpl.invoke(DelegatingMethodAccessorImpl.java:43)
	at java.lang.reflect.Method.invoke(Method.java:498)
	at org.apache.maven.surefire.util.ReflectionUtils.invokeMethodWithArray(ReflectionUtils.java:189)
	at org.apache.maven.surefire.booter.ProviderFactory$ProviderProxy.invoke(ProviderFactory.java:165)
	at org.apache.maven.surefire.booter.ProviderFactory.invokeProvider(ProviderFactory.java:85)
	at org.apache.maven.surefire.booter.ForkedBooter.runSuitesInProcess(ForkedBooter.java:115)
	at org.apache.maven.surefire.booter.ForkedBooter.main(ForkedBooter.java:75)
</failure>
    <system-out>hi! gained curse

STARTING NEW GAME!

Player1 is now starting a turn.
Shuffling Player1&apos;s deck.
copper was drawn from the deck.
copper was drawn from the deck.
estate was drawn from the deck.
copper was drawn from the deck.
estate was drawn from the deck.
Player1 gained curse card because of embargo token.
Player1 gained curse
Player1 gained curse card because of embargo token.
Player1 gained curse
Player1 bought duchy

Player2 is now starting a turn.
Shuffling Player2&apos;s deck.
copper was drawn from the deck.
copper was drawn from the deck.
estate was drawn from the deck.
copper was drawn from the deck.
copper was drawn from the deck.
Player2 gained curse card because of embargo token.
Player2 gained curse
Player2 gained curse card because of embargo token.
Player2 gained curse
Player2 bought duchy

Player1 is now starting a turn.
copper was drawn from the deck.
estate was drawn from the deck.
copper was drawn from the deck.
copper was drawn from the deck.
copper was drawn from the deck.
Player1 gained curse card because of embargo token.
Player1 gained curse
Player1 gained curse card because of embargo token.
Player1 gained curse
Player1 bought mine

Player2 is now starting a turn.
copper was drawn from the deck.
copper was drawn from the deck.
estate was drawn from the deck.
estate was drawn from the deck.
copper was drawn from the deck.
Player2 gained curse card because of embargo token.
Player2 gained curse
Player2 gained curse card because of embargo token.
Player2 gained curse
Player2 bought mine

Player1 is now starting a turn.
Shuffling Player1&apos;s deck.
copper was drawn from the deck.
curse was drawn from the deck.
copper was drawn from the deck.
curse was drawn from the deck.
estate was drawn from the deck.
Player1 gained curse card because of embargo token.
Player1 gained curse
Player1 gained curse card because of embargo token.
Player1 gained curse
Player1 bought great_hall

Player2 is now starting a turn.
Shuffling Player2&apos;s deck.
copper was drawn from the deck.
copper was drawn from the deck.
copper was drawn from the deck.
copper was drawn from the deck.
curse was drawn from the deck.
Player2 bought seahag

Player1 is now starting a turn.
copper was drawn from the deck.
copper was drawn from the deck.
copper was drawn from the deck.
curse was drawn from the deck.
curse was drawn from the deck.
Player1 bought silver

Player2 is now starting a turn.
mine was drawn from the deck.
estate was drawn from the deck.
estate was drawn from the deck.
estate was drawn from the deck.
curse was drawn from the deck.
Playing action card: mine
Player2 bought village

Player1 is now starting a turn.
duchy was drawn from the deck.
estate was drawn from the deck.
copper was drawn from the deck.
copper was drawn from the deck.
estate was drawn from the deck.
Player1 bought seahag

Player2 is now starting a turn.
curse was drawn from the deck.
curse was drawn from the deck.
copper was drawn from the deck.
duchy was drawn from the deck.
copper was drawn from the deck.
Player2 bought estate

Player1 is now starting a turn.
mine was drawn from the deck.
Shuffling Player1&apos;s deck.
copper was drawn from the deck.
curse was drawn from the deck.
estate was drawn from the deck.
curse was drawn from the deck.
Playing action card: mine
Player1 gained gold
Player1 bought mine

Player2 is now starting a turn.
copper was drawn from the deck.
Shuffling Player2&apos;s deck.
copper was drawn from the deck.
mine was drawn from the deck.
copper was drawn from the deck.
curse was drawn from the deck.
Playing action card: mine
Player2 gained gold
Player2 bought gold

Player1 is now starting a turn.
copper was drawn from the deck.
copper was drawn from the deck.
estate was drawn from the deck.
copper was drawn from the deck.
silver was drawn from the deck.
Player1 bought adventurer

Player2 is now starting a turn.
copper was drawn from the deck.
estate was drawn from the deck.
estate was drawn from the deck.
duchy was drawn from the deck.
curse was drawn from the deck.
Player2 bought great_hall

Player1 is now starting a turn.
copper was drawn from the deck.
curse was drawn from the deck.
seahag was drawn from the deck.
copper was drawn from the deck.
curse was drawn from the deck.
Playing action card: seahag
curse was drawn from the deck.
Player2 discarded curse
Player2 gained curse to top of deck.
Player1 bought estate

Player2 is now starting a turn.
curse was drawn from the deck.
village was drawn from the deck.
seahag was drawn from the deck.
estate was drawn from the deck.
copper was drawn from the deck.
Playing action card: village
estate was drawn from the deck.
Playing action card: seahag
copper was drawn from the deck.
Player1 discarded copper
Player1 gained curse to top of deck.
Player2 bought ambassador

Player1 is now starting a turn.
curse was drawn from the deck.
curse was drawn from the deck.
curse was drawn from the deck.
estate was drawn from the deck.
great_hall was drawn from the deck.
Playing action card: great_hall
duchy was drawn from the deck.
Player1 bought copper

Player2 is now starting a turn.
curse was drawn from the deck.
copper was drawn from the deck.
copper was drawn from the deck.
Shuffling Player2&apos;s deck.
copper was drawn from the deck.
curse was drawn from the deck.
Player2 bought silver

Player1 is now starting a turn.
Shuffling Player1&apos;s deck.
curse was drawn from the deck.
curse was drawn from the deck.
mine was drawn from the deck.
copper was drawn from the deck.
curse was drawn from the deck.
Playing action card: mine
Player1 gained gold
Player1 bought smithy

Player2 is now starting a turn.
estate was drawn from the deck.
estate was drawn from the deck.
estate was drawn from the deck.
estate was drawn from the deck.
copper was drawn from the deck.
Player2 bought mine

Player1 is now starting a turn.
estate was drawn from the deck.
mine was drawn from the deck.
estate was drawn from the deck.
copper was drawn from the deck.
curse was drawn from the deck.
Playing action card: mine
Player1 gained gold
Player1 bought gold

Player2 is now starting a turn.
copper was drawn from the deck.
copper was drawn from the deck.
curse was drawn from the deck.
duchy was drawn from the deck.
great_hall was drawn from the deck.
Playing action card: great_hall
village was drawn from the deck.
Playing action card: village
copper was drawn from the deck.
Player2 bought ambassador

Player1 is now starting a turn.
copper was drawn from the deck.
duchy was drawn from the deck.
copper was drawn from the deck.
estate was drawn from the deck.
copper was drawn from the deck.
Player1 bought seahag

Player2 is now starting a turn.
gold was drawn from the deck.
curse was drawn from the deck.
curse was drawn from the deck.
ambassador was drawn from the deck.
seahag was drawn from the deck.
Playing action card: seahag
adventurer was drawn from the deck.
Player1 discarded adventurer
Player1 gained curse to top of deck.
Player2 bought ambassador

Player1 is now starting a turn.
curse was drawn from the deck.
curse was drawn from the deck.
silver was drawn from the deck.
seahag was drawn from the deck.
curse was drawn from the deck.
Playing action card: seahag
gold was drawn from the deck.
Player2 discarded gold
Player2 gained curse to top of deck.
Player1 bought estate

Player2 is now starting a turn.
curse was drawn from the deck.
mine was drawn from the deck.
Shuffling Player2&apos;s deck.
curse was drawn from the deck.
seahag was drawn from the deck.
mine was drawn from the deck.
Playing action card: mine
Player2 bought copper

Player1 is now starting a turn.
curse was drawn from the deck.
gold was drawn from the deck.
copper was drawn from the deck.
copper was drawn from the deck.
great_hall was drawn from the deck.
Playing action card: great_hall
estate was drawn from the deck.
Player1 bought adventurer

Player2 is now starting a turn.
silver was drawn from the deck.
ambassador was drawn from the deck.
estate was drawn from the deck.
curse was drawn from the deck.
ambassador was drawn from the deck.
Playing action card: ambassador
Player2 returned 0 copies of ambassador
Player1 gained ambassador
Player2 bought village

Player1 is now starting a turn.
copper was drawn from the deck.
Shuffling Player1&apos;s deck.
copper was drawn from the deck.
curse was drawn from the deck.
estate was drawn from the deck.
curse was drawn from the deck.
Player1 bought great_hall

Player2 is now starting a turn.
ambassador was drawn from the deck.
copper was drawn from the deck.
copper was drawn from the deck.
copper was drawn from the deck.
copper was drawn from the deck.
Playing action card: ambassador
Player2 returned 0 copies of copper
Player1 gained copper
Player2 bought smithy

Player1 is now starting a turn.
curse was drawn from the deck.
smithy was drawn from the deck.
curse was drawn from the deck.
adventurer was drawn from the deck.
great_hall was drawn from the deck.
Playing action card: smithy
curse was drawn from the deck.
estate was drawn from the deck.
Player1 bought copper

Player2 is now starting a turn.
estate was drawn from the deck.
estate was drawn from the deck.
duchy was drawn from the deck.
gold was drawn from the deck.
copper was drawn from the deck.
Player2 bought adventurer

Player1 is now starting a turn.
curse was drawn from the deck.
gold was drawn from the deck.
gold was drawn from the deck.
copper was drawn from the deck.
estate was drawn from the deck.
Player1 bought province

Player2 is now starting a turn.
gold was drawn from the deck.
curse was drawn from the deck.
estate was drawn from the deck.
curse was drawn from the deck.
copper was drawn from the deck.
Player2 bought duchy

Player1 is now starting a turn.
seahag was drawn from the deck.
estate was drawn from the deck.
ambassador was drawn from the deck.
curse was drawn from the deck.
mine was drawn from the deck.
Playing action card: seahag
great_hall was drawn from the deck.
Player2 discarded great_hall
Player2 gained curse to top of deck.
Player1 bought copper

Player2 is now starting a turn.
curse was drawn from the deck.
copper was drawn from the deck.
curse was drawn from the deck.
village was drawn from the deck.
Shuffling Player2&apos;s deck.
gold was drawn from the deck.
Playing action card: village
seahag was drawn from the deck.
Playing action card: seahag
estate was drawn from the deck.
Player1 discarded estate
Player1 gained curse to top of deck.
Player2 bought smithy

Player1 is now starting a turn.
curse was drawn from the deck.
duchy was drawn from the deck.
copper was drawn from the deck.
curse was drawn from the deck.
copper was drawn from the deck.
Player1 bought estate

Player2 is now starting a turn.
curse was drawn from the deck.
copper was drawn from the deck.
curse was drawn from the deck.
great_hall was drawn from the deck.
mine was drawn from the deck.
Playing action card: mine
Player2 gained gold
Player2 bought seahag

Player1 is now starting a turn.
mine was drawn from the deck.
gold was drawn from the deck.
adventurer was drawn from the deck.
seahag was drawn from the deck.
gold was drawn from the deck.
Playing action card: adventurer
silver was drawn from the deck.
copper was drawn from the deck.
Player1 bought province

Player2 is now starting a turn.
copper was drawn from the deck.
mine was drawn from the deck.
duchy was drawn from the deck.
ambassador was drawn from the deck.
estate was drawn from the deck.
Playing action card: ambassador
Player2 returned 0 copies of copper
Player1 gained copper
Player2 bought estate

Player1 is now starting a turn.
copper was drawn from the deck.
copper was drawn from the deck.
Shuffling Player1&apos;s deck.
silver was drawn from the deck.
mine was drawn from the deck.
seahag was drawn from the deck.
Playing action card: mine
Player1 gained gold
Player1 bought adventurer

Player2 is now starting a turn.
estate was drawn from the deck.
copper was drawn from the deck.
copper was drawn from the deck.
copper was drawn from the deck.
smithy was drawn from the deck.
Playing action card: smithy
copper was drawn from the deck.
ambassador was drawn from the deck.
Player2 bought duchy

Player1 is now starting a turn.
copper was drawn from the deck.
copper was drawn from the deck.
copper was drawn from the deck.
copper was drawn from the deck.
gold was drawn from the deck.
Player1 bought adventurer

Player2 is now starting a turn.
silver was drawn from the deck.
village was drawn from the deck.
estate was drawn from the deck.
duchy was drawn from the deck.
gold was drawn from the deck.
Playing action card: village
curse was drawn from the deck.
Player2 bought adventurer

Player1 is now starting a turn.
curse was drawn from the deck.
curse was drawn from the deck.
curse was drawn from the deck.
province was drawn from the deck.
duchy was drawn from the deck.
Player1 bought copper

Player2 is now starting a turn.
copper was drawn from the deck.
ambassador was drawn from the deck.
curse was drawn from the deck.
curse was drawn from the deck.
adventurer was drawn from the deck.
Playing action card: adventurer
estate was drawn from the deck.
Player2 discarded estate
Player2 bought copper

Player1 is now starting a turn.
curse was drawn from the deck.
estate was drawn from the deck.
curse was drawn from the deck.
curse was drawn from the deck.
estate was drawn from the deck.
Player1 bought estate

Player2 is now starting a turn.
Shuffling Player2&apos;s deck.
smithy was drawn from the deck.
gold was drawn from the deck.
curse was drawn from the deck.
smithy was drawn from the deck.
curse was drawn from the deck.
Playing action card: smithy
duchy was drawn from the deck.
estate was drawn from the deck.
Player2 bought smithy

Player1 is now starting a turn.
curse was drawn from the deck.
smithy was drawn from the deck.
estate was drawn from the deck.
province was drawn from the deck.
estate was drawn from the deck.
Playing action card: smithy
copper was drawn from the deck.
mine was drawn from the deck.
Player1 bought great_hall

Player2 is now starting a turn.
ambassador was drawn from the deck.
mine was drawn from the deck.
curse was drawn from the deck.
seahag was drawn from the deck.
silver was drawn from the deck.
Playing action card: mine
Player2 gained gold
Player2 bought duchy

Player1 is now starting a turn.
copper was drawn from the deck.
great_hall was drawn from the deck.
copper was drawn from the deck.
great_hall was drawn from the deck.
adventurer was drawn from the deck.
Playing action card: great_hall
gold was drawn from the deck.
Playing action card: adventurer
seahag was drawn from the deck.
Player1 discarded seahag
copper was drawn from the deck.
gold was drawn from the deck.
Player1 bought province

Player2 is now starting a turn.
gold was drawn from the deck.
gold was drawn from the deck.
adventurer was drawn from the deck.
great_hall was drawn from the deck.
curse was drawn from the deck.
Playing action card: great_hall
copper was drawn from the deck.
Playing action card: adventurer
duchy was drawn from the deck.
Player2 discarded duchy
ambassador was drawn from the deck.
Player2 discarded ambassador
curse was drawn from the deck.
Player2 discarded curse
village was drawn from the deck.
Player2 discarded village
village was drawn from the deck.
Player2 discarded village
adventurer was drawn from the deck.
Player2 discarded adventurer
mine was drawn from the deck.
Player2 discarded mine
curse was drawn from the deck.
Player2 discarded curse
copper was drawn from the deck.
estate was drawn from the deck.
Player2 discarded estate
copper was drawn from the deck.
Player2 bought province

Player1 is now starting a turn.
gold was drawn from the deck.
curse was drawn from the deck.
adventurer was drawn from the deck.
ambassador was drawn from the deck.
curse was drawn from the deck.
Playing action card: adventurer
copper was drawn from the deck.
copper was drawn from the deck.
Player1 bought mine

Player2 is now starting a turn.
copper was drawn from the deck.
ambassador was drawn from the deck.
copper was drawn from the deck.
estate was drawn from the deck.
curse was drawn from the deck.
Playing action card: ambassador
Player2 returned 0 copies of curse
Player2 bought ambassador

Player1 is now starting a turn.
estate was drawn from the deck.
estate was drawn from the deck.
Shuffling Player1&apos;s deck.
curse was drawn from the deck.
great_hall was drawn from the deck.
adventurer was drawn from the deck.
Playing action card: adventurer
copper was drawn from the deck.
copper was drawn from the deck.
Player1 bought gardens

Player2 is now starting a turn.
copper was drawn from the deck.
seahag was drawn from the deck.
copper was drawn from the deck.
estate was drawn from the deck.
copper was drawn from the deck.
Playing action card: seahag
great_hall was drawn from the deck.
Player1 discarded great_hall
Player1 gained curse to top of deck.
Player2 bought cutpurse

Player1 is now starting a turn.
curse was drawn from the deck.
copper was drawn from the deck.
copper was drawn from the deck.
gold was drawn from the deck.
curse was drawn from the deck.
Player1 bought duchy

Player2 is now starting a turn.
duchy was drawn from the deck.
copper was drawn from the deck.
estate was drawn from the deck.
Shuffling Player2&apos;s deck.
curse was drawn from the deck.
estate was drawn from the deck.
Player2 bought silver

Player1 is now starting a turn.
copper was drawn from the deck.
copper was drawn from the deck.
curse was drawn from the deck.
adventurer was drawn from the deck.
silver was drawn from the deck.
Playing action card: adventurer
seahag was drawn from the deck.
Player1 discarded seahag
mine was drawn from the deck.
Player1 discarded mine
estate was drawn from the deck.
Player1 discarded estate
copper was drawn from the deck.
adventurer was drawn from the deck.
Player1 discarded adventurer
curse was drawn from the deck.
Player1 discarded curse
estate was drawn from the deck.
Player1 discarded estate
province was drawn from the deck.
Player1 discarded province
seahag was drawn from the deck.
Player1 discarded seahag
mine was drawn from the deck.
Player1 discarded mine
copper was drawn from the deck.
Player1 bought adventurer

Player2 is now starting a turn.
smithy was drawn from the deck.
duchy was drawn from the deck.
village was drawn from the deck.
copper was drawn from the deck.
adventurer was drawn from the deck.
Playing action card: village
province was drawn from the deck.
Playing action card: smithy
gold was drawn from the deck.
copper was drawn from the deck.
Playing action card: adventurer
curse was drawn from the deck.
Player2 discarded curse
copper was drawn from the deck.
gold was drawn from the deck.
Player2 bought province

Player1 is now starting a turn.
copper was drawn from the deck.
curse was drawn from the deck.
gold was drawn from the deck.
province was drawn from the deck.
curse was drawn from the deck.
Player1 bought smithy

Player2 is now starting a turn.
curse was drawn from the deck.
seahag was drawn from the deck.
ambassador was drawn from the deck.
ambassador was drawn from the deck.
curse was drawn from the deck.
Playing action card: seahag
ambassador was drawn from the deck.
Player1 discarded ambassador
Player1 gained curse to top of deck.
Player2 bought copper

Player1 is now starting a turn.
curse was drawn from the deck.
copper was drawn from the deck.
gold was drawn from the deck.
smithy was drawn from the deck.
curse was drawn from the deck.
Playing action card: smithy
great_hall was drawn from the deck.
mine was drawn from the deck.
Player1 bought seahag

Player2 is now starting a turn.
village was drawn from the deck.
curse was drawn from the deck.
silver was drawn from the deck.
estate was drawn from the deck.
curse was drawn from the deck.
Playing action card: village
smithy was drawn from the deck.
Playing action card: smithy
copper was drawn from the deck.
gold was drawn from the deck.
Player2 bought adventurer

Player1 is now starting a turn.
adventurer was drawn from the deck.
curse was drawn from the deck.
province was drawn from the deck.
estate was drawn from the deck.
gold was drawn from the deck.
Playing action card: adventurer
copper was drawn from the deck.
estate was drawn from the deck.
Player1 discarded estate
estate was drawn from the deck.
Player1 discarded estate
duchy was drawn from the deck.
Player1 discarded duchy
copper was drawn from the deck.
Player1 bought gold

Player2 is now starting a turn.
estate was drawn from the deck.
smithy was drawn from the deck.
duchy was drawn from the deck.
mine was drawn from the deck.
seahag was drawn from the deck.
Playing action card: seahag
gold was drawn from the deck.
Player1 discarded gold
Player1 gained curse to top of deck.
Player2 bought copper

Player1 is now starting a turn.
curse was drawn from the deck.
curse was drawn from the deck.
copper was drawn from the deck.
Shuffling Player1&apos;s deck.
estate was drawn from the deck.
gold was drawn from the deck.
Player1 bought duchy

Player2 is now starting a turn.
duchy was drawn from the deck.
curse was drawn from the deck.
copper was drawn from the deck.
gold was drawn from the deck.
copper was drawn from the deck.
Player2 bought mine

Player1 is now starting a turn.
adventurer was drawn from the deck.
smithy was drawn from the deck.
gold was drawn from the deck.
copper was drawn from the deck.
silver was drawn from the deck.
Playing action card: smithy
curse was drawn from the deck.
curse was drawn from the deck.
Player1 bought gold

Player2 is now starting a turn.
mine was drawn from the deck.
ambassador was drawn from the deck.
copper was drawn from the deck.
copper was drawn from the deck.
great_hall was drawn from the deck.
Playing action card: mine
Player2 gained gold
Player2 bought mine

Player1 is now starting a turn.
estate was drawn from the deck.
curse was drawn from the deck.
estate was drawn from the deck.
curse was drawn from the deck.
copper was drawn from the deck.
Player1 bought silver

Player2 is now starting a turn.
ambassador was drawn from the deck.
estate was drawn from the deck.
adventurer was drawn from the deck.
cutpurse was drawn from the deck.
Shuffling Player2&apos;s deck.
copper was drawn from the deck.
Playing action card: ambassador
Player2 returned 0 copies of cutpurse
Player1 gained cutpurse
Player2 bought embargo

Player1 is now starting a turn.
mine was drawn from the deck.
duchy was drawn from the deck.
smithy was drawn from the deck.
gardens was drawn from the deck.
estate was drawn from the deck.
Playing action card: mine
Player1 bought copper

Player2 is now starting a turn.
curse was drawn from the deck.
copper was drawn from the deck.
gold was drawn from the deck.
copper was drawn from the deck.
province was drawn from the deck.
Player2 bought duchy

Player1 is now starting a turn.
copper was drawn from the deck.
gold was drawn from the deck.
great_hall was drawn from the deck.
copper was drawn from the deck.
copper was drawn from the deck.
Playing action card: great_hall
copper was drawn from the deck.
Player1 bought gold

Player2 is now starting a turn.
copper was drawn from the deck.
copper was drawn from the deck.
gold was drawn from the deck.
estate was drawn from the deck.
smithy was drawn from the deck.
Playing action card: smithy
copper was drawn from the deck.
copper was drawn from the deck.
Player2 bought province

Player1 is now starting a turn.
seahag was drawn from the deck.
curse was drawn from the deck.
copper was drawn from the deck.
copper was drawn from the deck.
copper was drawn from the deck.
Playing action card: seahag
silver was drawn from the deck.
Player2 discarded silver
Player2 gained curse to top of deck.
Player1 bought ambassador

Player2 is now starting a turn.
curse was drawn from the deck.
duchy was drawn from the deck.
province was drawn from the deck.
great_hall was drawn from the deck.
curse was drawn from the deck.
Playing action card: great_hall
gold was drawn from the deck.
Player2 bought village

Player1 is now starting a turn.
estate was drawn from the deck.
gold was drawn from the deck.
curse was drawn from the deck.
curse was drawn from the deck.
province was drawn from the deck.
Player1 bought smithy

Player2 is now starting a turn.
mine was drawn from the deck.
seahag was drawn from the deck.
mine was drawn from the deck.
silver was drawn from the deck.
ambassador was drawn from the deck.
Playing action card: seahag
great_hall was drawn from the deck.
Player1 discarded great_hall
Player1 gained curse to top of deck.
Player2 bought estate

Player1 is now starting a turn.
curse was drawn from the deck.
copper was drawn from the deck.
curse was drawn from the deck.
copper was drawn from the deck.
curse was drawn from the deck.
Player1 bought estate

Player2 is now starting a turn.
curse was drawn from the deck.
copper was drawn from the deck.
estate was drawn from the deck.
copper was drawn from the deck.
curse was drawn from the deck.
Player2 bought village

Player1 is now starting a turn.
adventurer was drawn from the deck.
adventurer was drawn from the deck.
mine was drawn from the deck.
seahag was drawn from the deck.
estate was drawn from the deck.
Playing action card: adventurer
adventurer was drawn from the deck.
Player1 discarded adventurer
gold was drawn from the deck.
province was drawn from the deck.
Player1 discarded province
seahag was drawn from the deck.
Player1 discarded seahag
mine was drawn from the deck.
Player1 discarded mine
ambassador was drawn from the deck.
Player1 discarded ambassador
great_hall was drawn from the deck.
Player1 discarded great_hall
province was drawn from the deck.
Player1 discarded province
estate was drawn from the deck.
Player1 discarded estate
duchy was drawn from the deck.
Player1 discarded duchy
curse was drawn from the deck.
Player1 discarded curse
gold was drawn from the deck.
Player1 bought adventurer

Player2 is now starting a turn.
smithy was drawn from the deck.
duchy was drawn from the deck.
curse was drawn from the deck.
duchy was drawn from the deck.
smithy was drawn from the deck.
Playing action card: smithy
village was drawn from the deck.
adventurer was drawn from the deck.
Player2 bought copper

Player1 is now starting a turn.
adventurer was drawn from the deck.
copper was drawn from the deck.
Shuffling Player1&apos;s deck.
gold was drawn from the deck.
adventurer was drawn from the deck.
copper was drawn from the deck.
Playing action card: adventurer
curse was drawn from the deck.
Player1 discarded curse
gold was drawn from the deck.
curse was drawn from the deck.
Player1 discarded curse
curse was drawn from the deck.
Player1 discarded curse
gold was drawn from the deck.
Player1 bought province

Player2 is now starting a turn.
gold was drawn from the deck.
mine was drawn from the deck.
estate was drawn from the deck.
ambassador was drawn from the deck.
gold was drawn from the deck.
Playing action card: mine
Player2 gained gold
Player2 bought province
GAME OVER! Province card pile is empty. 
Player1: 379
Player2: 459
Player1: 379
Player2: 459
</system-out>
  </testcase>
  <testcase classname="RegressionTest" name="test214" time="0"/>
  <testcase classname="RegressionTest" name="test215" time="0"/>
  <testcase classname="RegressionTest" name="test216" time="0">
    <failure type="java.lang.AssertionError">java.lang.AssertionError
	at org.junit.Assert.fail(Assert.java:86)
	at org.junit.Assert.assertTrue(Assert.java:41)
	at org.junit.Assert.assertTrue(Assert.java:52)
	at RegressionTest.test216(RegressionTest.java:13454)
	at sun.reflect.NativeMethodAccessorImpl.invoke0(Native Method)
	at sun.reflect.NativeMethodAccessorImpl.invoke(NativeMethodAccessorImpl.java:62)
	at sun.reflect.DelegatingMethodAccessorImpl.invoke(DelegatingMethodAccessorImpl.java:43)
	at java.lang.reflect.Method.invoke(Method.java:498)
	at org.junit.runners.model.FrameworkMethod$1.runReflectiveCall(FrameworkMethod.java:47)
	at org.junit.internal.runners.model.ReflectiveCallable.run(ReflectiveCallable.java:12)
	at org.junit.runners.model.FrameworkMethod.invokeExplosively(FrameworkMethod.java:44)
	at org.junit.internal.runners.statements.InvokeMethod.evaluate(InvokeMethod.java:17)
	at org.junit.runners.ParentRunner.runLeaf(ParentRunner.java:271)
	at org.junit.runners.BlockJUnit4ClassRunner.runChild(BlockJUnit4ClassRunner.java:70)
	at org.junit.runners.BlockJUnit4ClassRunner.runChild(BlockJUnit4ClassRunner.java:50)
	at org.junit.runners.ParentRunner$3.run(ParentRunner.java:238)
	at org.junit.runners.ParentRunner$1.schedule(ParentRunner.java:63)
	at org.junit.runners.ParentRunner.runChildren(ParentRunner.java:236)
	at org.junit.runners.ParentRunner.access$000(ParentRunner.java:53)
	at org.junit.runners.ParentRunner$2.evaluate(ParentRunner.java:229)
	at org.junit.runners.ParentRunner.run(ParentRunner.java:309)
	at org.apache.maven.surefire.junit4.JUnit4Provider.execute(JUnit4Provider.java:252)
	at org.apache.maven.surefire.junit4.JUnit4Provider.executeTestSet(JUnit4Provider.java:141)
	at org.apache.maven.surefire.junit4.JUnit4Provider.invoke(JUnit4Provider.java:112)
	at sun.reflect.NativeMethodAccessorImpl.invoke0(Native Method)
	at sun.reflect.NativeMethodAccessorImpl.invoke(NativeMethodAccessorImpl.java:62)
	at sun.reflect.DelegatingMethodAccessorImpl.invoke(DelegatingMethodAccessorImpl.java:43)
	at java.lang.reflect.Method.invoke(Method.java:498)
	at org.apache.maven.surefire.util.ReflectionUtils.invokeMethodWithArray(ReflectionUtils.java:189)
	at org.apache.maven.surefire.booter.ProviderFactory$ProviderProxy.invoke(ProviderFactory.java:165)
	at org.apache.maven.surefire.booter.ProviderFactory.invokeProvider(ProviderFactory.java:85)
	at org.apache.maven.surefire.booter.ForkedBooter.runSuitesInProcess(ForkedBooter.java:115)
	at org.apache.maven.surefire.booter.ForkedBooter.main(ForkedBooter.java:75)
</failure>
  </testcase>
  <testcase classname="RegressionTest" name="test217" time="0">
    <failure type="java.lang.AssertionError">java.lang.AssertionError
	at org.junit.Assert.fail(Assert.java:86)
	at org.junit.Assert.assertTrue(Assert.java:41)
	at org.junit.Assert.assertTrue(Assert.java:52)
	at RegressionTest.test217(RegressionTest.java:13506)
	at sun.reflect.NativeMethodAccessorImpl.invoke0(Native Method)
	at sun.reflect.NativeMethodAccessorImpl.invoke(NativeMethodAccessorImpl.java:62)
	at sun.reflect.DelegatingMethodAccessorImpl.invoke(DelegatingMethodAccessorImpl.java:43)
	at java.lang.reflect.Method.invoke(Method.java:498)
	at org.junit.runners.model.FrameworkMethod$1.runReflectiveCall(FrameworkMethod.java:47)
	at org.junit.internal.runners.model.ReflectiveCallable.run(ReflectiveCallable.java:12)
	at org.junit.runners.model.FrameworkMethod.invokeExplosively(FrameworkMethod.java:44)
	at org.junit.internal.runners.statements.InvokeMethod.evaluate(InvokeMethod.java:17)
	at org.junit.runners.ParentRunner.runLeaf(ParentRunner.java:271)
	at org.junit.runners.BlockJUnit4ClassRunner.runChild(BlockJUnit4ClassRunner.java:70)
	at org.junit.runners.BlockJUnit4ClassRunner.runChild(BlockJUnit4ClassRunner.java:50)
	at org.junit.runners.ParentRunner$3.run(ParentRunner.java:238)
	at org.junit.runners.ParentRunner$1.schedule(ParentRunner.java:63)
	at org.junit.runners.ParentRunner.runChildren(ParentRunner.java:236)
	at org.junit.runners.ParentRunner.access$000(ParentRunner.java:53)
	at org.junit.runners.ParentRunner$2.evaluate(ParentRunner.java:229)
	at org.junit.runners.ParentRunner.run(ParentRunner.java:309)
	at org.apache.maven.surefire.junit4.JUnit4Provider.execute(JUnit4Provider.java:252)
	at org.apache.maven.surefire.junit4.JUnit4Provider.executeTestSet(JUnit4Provider.java:141)
	at org.apache.maven.surefire.junit4.JUnit4Provider.invoke(JUnit4Provider.java:112)
	at sun.reflect.NativeMethodAccessorImpl.invoke0(Native Method)
	at sun.reflect.NativeMethodAccessorImpl.invoke(NativeMethodAccessorImpl.java:62)
	at sun.reflect.DelegatingMethodAccessorImpl.invoke(DelegatingMethodAccessorImpl.java:43)
	at java.lang.reflect.Method.invoke(Method.java:498)
	at org.apache.maven.surefire.util.ReflectionUtils.invokeMethodWithArray(ReflectionUtils.java:189)
	at org.apache.maven.surefire.booter.ProviderFactory$ProviderProxy.invoke(ProviderFactory.java:165)
	at org.apache.maven.surefire.booter.ProviderFactory.invokeProvider(ProviderFactory.java:85)
	at org.apache.maven.surefire.booter.ForkedBooter.runSuitesInProcess(ForkedBooter.java:115)
	at org.apache.maven.surefire.booter.ForkedBooter.main(ForkedBooter.java:75)
</failure>
  </testcase>
  <testcase classname="RegressionTest" name="test218" time="0"/>
  <testcase classname="RegressionTest" name="test219" time="0.027"/>
  <testcase classname="RegressionTest" name="test220" time="0.025"/>
  <testcase classname="RegressionTest" name="test221" time="0"/>
  <testcase classname="RegressionTest" name="test222" time="0"/>
  <testcase classname="RegressionTest" name="test223" time="0.027"/>
  <testcase classname="RegressionTest" name="test224" time="0">
    <failure message="&apos;curse&apos; != &apos;copper&apos;" type="java.lang.AssertionError">java.lang.AssertionError: &apos;curse&apos; != &apos;copper&apos;
	at org.junit.Assert.fail(Assert.java:88)
	at org.junit.Assert.assertTrue(Assert.java:41)
	at RegressionTest.test224(RegressionTest.java:13931)
	at sun.reflect.NativeMethodAccessorImpl.invoke0(Native Method)
	at sun.reflect.NativeMethodAccessorImpl.invoke(NativeMethodAccessorImpl.java:62)
	at sun.reflect.DelegatingMethodAccessorImpl.invoke(DelegatingMethodAccessorImpl.java:43)
	at java.lang.reflect.Method.invoke(Method.java:498)
	at org.junit.runners.model.FrameworkMethod$1.runReflectiveCall(FrameworkMethod.java:47)
	at org.junit.internal.runners.model.ReflectiveCallable.run(ReflectiveCallable.java:12)
	at org.junit.runners.model.FrameworkMethod.invokeExplosively(FrameworkMethod.java:44)
	at org.junit.internal.runners.statements.InvokeMethod.evaluate(InvokeMethod.java:17)
	at org.junit.runners.ParentRunner.runLeaf(ParentRunner.java:271)
	at org.junit.runners.BlockJUnit4ClassRunner.runChild(BlockJUnit4ClassRunner.java:70)
	at org.junit.runners.BlockJUnit4ClassRunner.runChild(BlockJUnit4ClassRunner.java:50)
	at org.junit.runners.ParentRunner$3.run(ParentRunner.java:238)
	at org.junit.runners.ParentRunner$1.schedule(ParentRunner.java:63)
	at org.junit.runners.ParentRunner.runChildren(ParentRunner.java:236)
	at org.junit.runners.ParentRunner.access$000(ParentRunner.java:53)
	at org.junit.runners.ParentRunner$2.evaluate(ParentRunner.java:229)
	at org.junit.runners.ParentRunner.run(ParentRunner.java:309)
	at org.apache.maven.surefire.junit4.JUnit4Provider.execute(JUnit4Provider.java:252)
	at org.apache.maven.surefire.junit4.JUnit4Provider.executeTestSet(JUnit4Provider.java:141)
	at org.apache.maven.surefire.junit4.JUnit4Provider.invoke(JUnit4Provider.java:112)
	at sun.reflect.NativeMethodAccessorImpl.invoke0(Native Method)
	at sun.reflect.NativeMethodAccessorImpl.invoke(NativeMethodAccessorImpl.java:62)
	at sun.reflect.DelegatingMethodAccessorImpl.invoke(DelegatingMethodAccessorImpl.java:43)
	at java.lang.reflect.Method.invoke(Method.java:498)
	at org.apache.maven.surefire.util.ReflectionUtils.invokeMethodWithArray(ReflectionUtils.java:189)
	at org.apache.maven.surefire.booter.ProviderFactory$ProviderProxy.invoke(ProviderFactory.java:165)
	at org.apache.maven.surefire.booter.ProviderFactory.invokeProvider(ProviderFactory.java:85)
	at org.apache.maven.surefire.booter.ForkedBooter.runSuitesInProcess(ForkedBooter.java:115)
	at org.apache.maven.surefire.booter.ForkedBooter.main(ForkedBooter.java:75)
</failure>
  </testcase>
  <testcase classname="RegressionTest" name="test225" time="0">
    <failure type="java.lang.AssertionError">java.lang.AssertionError
	at org.junit.Assert.fail(Assert.java:86)
	at org.junit.Assert.assertTrue(Assert.java:41)
	at org.junit.Assert.assertTrue(Assert.java:52)
	at RegressionTest.test225(RegressionTest.java:13969)
	at sun.reflect.NativeMethodAccessorImpl.invoke0(Native Method)
	at sun.reflect.NativeMethodAccessorImpl.invoke(NativeMethodAccessorImpl.java:62)
	at sun.reflect.DelegatingMethodAccessorImpl.invoke(DelegatingMethodAccessorImpl.java:43)
	at java.lang.reflect.Method.invoke(Method.java:498)
	at org.junit.runners.model.FrameworkMethod$1.runReflectiveCall(FrameworkMethod.java:47)
	at org.junit.internal.runners.model.ReflectiveCallable.run(ReflectiveCallable.java:12)
	at org.junit.runners.model.FrameworkMethod.invokeExplosively(FrameworkMethod.java:44)
	at org.junit.internal.runners.statements.InvokeMethod.evaluate(InvokeMethod.java:17)
	at org.junit.runners.ParentRunner.runLeaf(ParentRunner.java:271)
	at org.junit.runners.BlockJUnit4ClassRunner.runChild(BlockJUnit4ClassRunner.java:70)
	at org.junit.runners.BlockJUnit4ClassRunner.runChild(BlockJUnit4ClassRunner.java:50)
	at org.junit.runners.ParentRunner$3.run(ParentRunner.java:238)
	at org.junit.runners.ParentRunner$1.schedule(ParentRunner.java:63)
	at org.junit.runners.ParentRunner.runChildren(ParentRunner.java:236)
	at org.junit.runners.ParentRunner.access$000(ParentRunner.java:53)
	at org.junit.runners.ParentRunner$2.evaluate(ParentRunner.java:229)
	at org.junit.runners.ParentRunner.run(ParentRunner.java:309)
	at org.apache.maven.surefire.junit4.JUnit4Provider.execute(JUnit4Provider.java:252)
	at org.apache.maven.surefire.junit4.JUnit4Provider.executeTestSet(JUnit4Provider.java:141)
	at org.apache.maven.surefire.junit4.JUnit4Provider.invoke(JUnit4Provider.java:112)
	at sun.reflect.NativeMethodAccessorImpl.invoke0(Native Method)
	at sun.reflect.NativeMethodAccessorImpl.invoke(NativeMethodAccessorImpl.java:62)
	at sun.reflect.DelegatingMethodAccessorImpl.invoke(DelegatingMethodAccessorImpl.java:43)
	at java.lang.reflect.Method.invoke(Method.java:498)
	at org.apache.maven.surefire.util.ReflectionUtils.invokeMethodWithArray(ReflectionUtils.java:189)
	at org.apache.maven.surefire.booter.ProviderFactory$ProviderProxy.invoke(ProviderFactory.java:165)
	at org.apache.maven.surefire.booter.ProviderFactory.invokeProvider(ProviderFactory.java:85)
	at org.apache.maven.surefire.booter.ForkedBooter.runSuitesInProcess(ForkedBooter.java:115)
	at org.apache.maven.surefire.booter.ForkedBooter.main(ForkedBooter.java:75)
</failure>
  </testcase>
  <testcase classname="RegressionTest" name="test226" time="0"/>
  <testcase classname="RegressionTest" name="test227" time="0.093"/>
  <testcase classname="RegressionTest" name="test228" time="0.019">
    <failure message="&apos;copper&apos; != &apos;estate&apos;" type="java.lang.AssertionError">java.lang.AssertionError: &apos;copper&apos; != &apos;estate&apos;
	at org.junit.Assert.fail(Assert.java:88)
	at org.junit.Assert.assertTrue(Assert.java:41)
	at RegressionTest.test228(RegressionTest.java:14207)
	at sun.reflect.NativeMethodAccessorImpl.invoke0(Native Method)
	at sun.reflect.NativeMethodAccessorImpl.invoke(NativeMethodAccessorImpl.java:62)
	at sun.reflect.DelegatingMethodAccessorImpl.invoke(DelegatingMethodAccessorImpl.java:43)
	at java.lang.reflect.Method.invoke(Method.java:498)
	at org.junit.runners.model.FrameworkMethod$1.runReflectiveCall(FrameworkMethod.java:47)
	at org.junit.internal.runners.model.ReflectiveCallable.run(ReflectiveCallable.java:12)
	at org.junit.runners.model.FrameworkMethod.invokeExplosively(FrameworkMethod.java:44)
	at org.junit.internal.runners.statements.InvokeMethod.evaluate(InvokeMethod.java:17)
	at org.junit.runners.ParentRunner.runLeaf(ParentRunner.java:271)
	at org.junit.runners.BlockJUnit4ClassRunner.runChild(BlockJUnit4ClassRunner.java:70)
	at org.junit.runners.BlockJUnit4ClassRunner.runChild(BlockJUnit4ClassRunner.java:50)
	at org.junit.runners.ParentRunner$3.run(ParentRunner.java:238)
	at org.junit.runners.ParentRunner$1.schedule(ParentRunner.java:63)
	at org.junit.runners.ParentRunner.runChildren(ParentRunner.java:236)
	at org.junit.runners.ParentRunner.access$000(ParentRunner.java:53)
	at org.junit.runners.ParentRunner$2.evaluate(ParentRunner.java:229)
	at org.junit.runners.ParentRunner.run(ParentRunner.java:309)
	at org.apache.maven.surefire.junit4.JUnit4Provider.execute(JUnit4Provider.java:252)
	at org.apache.maven.surefire.junit4.JUnit4Provider.executeTestSet(JUnit4Provider.java:141)
	at org.apache.maven.surefire.junit4.JUnit4Provider.invoke(JUnit4Provider.java:112)
	at sun.reflect.NativeMethodAccessorImpl.invoke0(Native Method)
	at sun.reflect.NativeMethodAccessorImpl.invoke(NativeMethodAccessorImpl.java:62)
	at sun.reflect.DelegatingMethodAccessorImpl.invoke(DelegatingMethodAccessorImpl.java:43)
	at java.lang.reflect.Method.invoke(Method.java:498)
	at org.apache.maven.surefire.util.ReflectionUtils.invokeMethodWithArray(ReflectionUtils.java:189)
	at org.apache.maven.surefire.booter.ProviderFactory$ProviderProxy.invoke(ProviderFactory.java:165)
	at org.apache.maven.surefire.booter.ProviderFactory.invokeProvider(ProviderFactory.java:85)
	at org.apache.maven.surefire.booter.ForkedBooter.runSuitesInProcess(ForkedBooter.java:115)
	at org.apache.maven.surefire.booter.ForkedBooter.main(ForkedBooter.java:75)
</failure>
    <system-out>
STARTING NEW GAME!

Player1 is now starting a turn.
Shuffling Player1&apos;s deck.
copper was drawn from the deck.
copper was drawn from the deck.
estate was drawn from the deck.
copper was drawn from the deck.
estate was drawn from the deck.
Player1 gained curse card because of embargo token.
Player1 gained curse
Player1 gained curse card because of embargo token.
Player1 gained curse
Player1 bought duchy

Player2 is now starting a turn.
Shuffling Player2&apos;s deck.
copper was drawn from the deck.
copper was drawn from the deck.
estate was drawn from the deck.
copper was drawn from the deck.
copper was drawn from the deck.
Player2 gained curse card because of embargo token.
Player2 gained curse
Player2 gained curse card because of embargo token.
Player2 gained curse
Player2 bought duchy

Player1 is now starting a turn.
copper was drawn from the deck.
estate was drawn from the deck.
copper was drawn from the deck.
copper was drawn from the deck.
copper was drawn from the deck.
Player1 gained curse card because of embargo token.
Player1 gained curse
Player1 gained curse card because of embargo token.
Player1 gained curse
Player1 bought mine

Player2 is now starting a turn.
copper was drawn from the deck.
copper was drawn from the deck.
estate was drawn from the deck.
estate was drawn from the deck.
copper was drawn from the deck.
Player2 gained curse card because of embargo token.
Player2 gained curse
Player2 gained curse card because of embargo token.
Player2 gained curse
Player2 bought mine

Player1 is now starting a turn.
Shuffling Player1&apos;s deck.
copper was drawn from the deck.
curse was drawn from the deck.
copper was drawn from the deck.
curse was drawn from the deck.
estate was drawn from the deck.
Player1 gained curse card because of embargo token.
Player1 gained curse
Player1 gained curse card because of embargo token.
Player1 gained curse
Player1 bought great_hall

Player2 is now starting a turn.
Shuffling Player2&apos;s deck.
copper was drawn from the deck.
copper was drawn from the deck.
copper was drawn from the deck.
copper was drawn from the deck.
curse was drawn from the deck.
Player2 bought seahag

Player1 is now starting a turn.
copper was drawn from the deck.
copper was drawn from the deck.
copper was drawn from the deck.
curse was drawn from the deck.
curse was drawn from the deck.
Player1 bought silver

Player2 is now starting a turn.
mine was drawn from the deck.
estate was drawn from the deck.
estate was drawn from the deck.
estate was drawn from the deck.
curse was drawn from the deck.
Playing action card: mine
Player2 bought village

Player1 is now starting a turn.
duchy was drawn from the deck.
estate was drawn from the deck.
copper was drawn from the deck.
copper was drawn from the deck.
estate was drawn from the deck.
Player1 bought seahag

Player2 is now starting a turn.
curse was drawn from the deck.
curse was drawn from the deck.
copper was drawn from the deck.
duchy was drawn from the deck.
copper was drawn from the deck.
Player2 bought estate

Player1 is now starting a turn.
mine was drawn from the deck.
Shuffling Player1&apos;s deck.
copper was drawn from the deck.
curse was drawn from the deck.
estate was drawn from the deck.
curse was drawn from the deck.
Playing action card: mine
Player1 gained gold
Player1 bought mine

Player2 is now starting a turn.
copper was drawn from the deck.
Shuffling Player2&apos;s deck.
copper was drawn from the deck.
mine was drawn from the deck.
copper was drawn from the deck.
curse was drawn from the deck.
Playing action card: mine
Player2 gained gold
Player2 bought gold

Player1 is now starting a turn.
copper was drawn from the deck.
copper was drawn from the deck.
estate was drawn from the deck.
copper was drawn from the deck.
silver was drawn from the deck.
Player1 bought adventurer

Player2 is now starting a turn.
copper was drawn from the deck.
estate was drawn from the deck.
estate was drawn from the deck.
duchy was drawn from the deck.
curse was drawn from the deck.
Player2 bought great_hall

Player1 is now starting a turn.
copper was drawn from the deck.
curse was drawn from the deck.
seahag was drawn from the deck.
copper was drawn from the deck.
curse was drawn from the deck.
Playing action card: seahag
curse was drawn from the deck.
Player2 discarded curse
Player2 gained curse to top of deck.
Player1 bought estate

Player2 is now starting a turn.
curse was drawn from the deck.
village was drawn from the deck.
seahag was drawn from the deck.
estate was drawn from the deck.
copper was drawn from the deck.
Playing action card: village
estate was drawn from the deck.
Playing action card: seahag
copper was drawn from the deck.
Player1 discarded copper
Player1 gained curse to top of deck.
Player2 bought ambassador

Player1 is now starting a turn.
curse was drawn from the deck.
curse was drawn from the deck.
curse was drawn from the deck.
estate was drawn from the deck.
great_hall was drawn from the deck.
Playing action card: great_hall
duchy was drawn from the deck.
Player1 bought copper

Player2 is now starting a turn.
curse was drawn from the deck.
copper was drawn from the deck.
copper was drawn from the deck.
Shuffling Player2&apos;s deck.
copper was drawn from the deck.
curse was drawn from the deck.
Player2 bought silver

Player1 is now starting a turn.
Shuffling Player1&apos;s deck.
curse was drawn from the deck.
curse was drawn from the deck.
mine was drawn from the deck.
copper was drawn from the deck.
curse was drawn from the deck.
Playing action card: mine
Player1 gained gold
Player1 bought smithy

Player2 is now starting a turn.
estate was drawn from the deck.
estate was drawn from the deck.
estate was drawn from the deck.
estate was drawn from the deck.
copper was drawn from the deck.
Player2 bought mine

Player1 is now starting a turn.
estate was drawn from the deck.
mine was drawn from the deck.
estate was drawn from the deck.
copper was drawn from the deck.
curse was drawn from the deck.
Playing action card: mine
Player1 gained gold
Player1 bought gold

Player2 is now starting a turn.
copper was drawn from the deck.
copper was drawn from the deck.
curse was drawn from the deck.
duchy was drawn from the deck.
great_hall was drawn from the deck.
Playing action card: great_hall
village was drawn from the deck.
Playing action card: village
copper was drawn from the deck.
Player2 bought ambassador

Player1 is now starting a turn.
copper was drawn from the deck.
duchy was drawn from the deck.
copper was drawn from the deck.
estate was drawn from the deck.
copper was drawn from the deck.
Player1 bought seahag

Player2 is now starting a turn.
gold was drawn from the deck.
curse was drawn from the deck.
curse was drawn from the deck.
ambassador was drawn from the deck.
seahag was drawn from the deck.
Playing action card: seahag
adventurer was drawn from the deck.
Player1 discarded adventurer
Player1 gained curse to top of deck.
Player2 bought ambassador

Player1 is now starting a turn.
curse was drawn from the deck.
curse was drawn from the deck.
silver was drawn from the deck.
seahag was drawn from the deck.
curse was drawn from the deck.
Playing action card: seahag
gold was drawn from the deck.
Player2 discarded gold
Player2 gained curse to top of deck.
Player1 bought estate

Player2 is now starting a turn.
curse was drawn from the deck.
mine was drawn from the deck.
Shuffling Player2&apos;s deck.
curse was drawn from the deck.
seahag was drawn from the deck.
mine was drawn from the deck.
Playing action card: mine
Player2 bought copper

Player1 is now starting a turn.
curse was drawn from the deck.
gold was drawn from the deck.
copper was drawn from the deck.
copper was drawn from the deck.
great_hall was drawn from the deck.
Playing action card: great_hall
estate was drawn from the deck.
Player1 bought adventurer

Player2 is now starting a turn.
silver was drawn from the deck.
ambassador was drawn from the deck.
estate was drawn from the deck.
curse was drawn from the deck.
ambassador was drawn from the deck.
Playing action card: ambassador
Player2 returned 0 copies of ambassador
Player1 gained ambassador
Player2 bought village

Player1 is now starting a turn.
copper was drawn from the deck.
Shuffling Player1&apos;s deck.
copper was drawn from the deck.
curse was drawn from the deck.
estate was drawn from the deck.
curse was drawn from the deck.
Player1 bought great_hall

Player2 is now starting a turn.
ambassador was drawn from the deck.
copper was drawn from the deck.
copper was drawn from the deck.
copper was drawn from the deck.
copper was drawn from the deck.
Playing action card: ambassador
Player2 returned 0 copies of copper
Player1 gained copper
Player2 bought smithy

Player1 is now starting a turn.
curse was drawn from the deck.
smithy was drawn from the deck.
curse was drawn from the deck.
adventurer was drawn from the deck.
great_hall was drawn from the deck.
Playing action card: smithy
curse was drawn from the deck.
estate was drawn from the deck.
Player1 bought copper

Player2 is now starting a turn.
estate was drawn from the deck.
estate was drawn from the deck.
duchy was drawn from the deck.
gold was drawn from the deck.
copper was drawn from the deck.
Player2 bought adventurer

Player1 is now starting a turn.
curse was drawn from the deck.
gold was drawn from the deck.
gold was drawn from the deck.
copper was drawn from the deck.
estate was drawn from the deck.
Player1 bought province

Player2 is now starting a turn.
gold was drawn from the deck.
curse was drawn from the deck.
estate was drawn from the deck.
curse was drawn from the deck.
copper was drawn from the deck.
Player2 bought duchy

Player1 is now starting a turn.
seahag was drawn from the deck.
estate was drawn from the deck.
ambassador was drawn from the deck.
curse was drawn from the deck.
mine was drawn from the deck.
Playing action card: seahag
great_hall was drawn from the deck.
Player2 discarded great_hall
Player2 gained curse to top of deck.
Player1 bought copper

Player2 is now starting a turn.
curse was drawn from the deck.
copper was drawn from the deck.
curse was drawn from the deck.
village was drawn from the deck.
Shuffling Player2&apos;s deck.
gold was drawn from the deck.
Playing action card: village
seahag was drawn from the deck.
Playing action card: seahag
estate was drawn from the deck.
Player1 discarded estate
Player1 gained curse to top of deck.
Player2 bought smithy

Player1 is now starting a turn.
curse was drawn from the deck.
duchy was drawn from the deck.
copper was drawn from the deck.
curse was drawn from the deck.
copper was drawn from the deck.
Player1 bought estate

Player2 is now starting a turn.
curse was drawn from the deck.
copper was drawn from the deck.
curse was drawn from the deck.
great_hall was drawn from the deck.
mine was drawn from the deck.
Playing action card: mine
Player2 gained gold
Player2 bought seahag

Player1 is now starting a turn.
mine was drawn from the deck.
gold was drawn from the deck.
adventurer was drawn from the deck.
seahag was drawn from the deck.
gold was drawn from the deck.
Playing action card: adventurer
silver was drawn from the deck.
copper was drawn from the deck.
Player1 bought province

Player2 is now starting a turn.
copper was drawn from the deck.
mine was drawn from the deck.
duchy was drawn from the deck.
ambassador was drawn from the deck.
estate was drawn from the deck.
Playing action card: ambassador
Player2 returned 0 copies of copper
Player1 gained copper
Player2 bought estate

Player1 is now starting a turn.
copper was drawn from the deck.
copper was drawn from the deck.
Shuffling Player1&apos;s deck.
silver was drawn from the deck.
mine was drawn from the deck.
seahag was drawn from the deck.
Playing action card: mine
Player1 gained gold
Player1 bought adventurer

Player2 is now starting a turn.
estate was drawn from the deck.
copper was drawn from the deck.
copper was drawn from the deck.
copper was drawn from the deck.
smithy was drawn from the deck.
Playing action card: smithy
copper was drawn from the deck.
ambassador was drawn from the deck.
Player2 bought duchy

Player1 is now starting a turn.
copper was drawn from the deck.
copper was drawn from the deck.
copper was drawn from the deck.
copper was drawn from the deck.
gold was drawn from the deck.
Player1 bought adventurer

Player2 is now starting a turn.
silver was drawn from the deck.
village was drawn from the deck.
estate was drawn from the deck.
duchy was drawn from the deck.
gold was drawn from the deck.
Playing action card: village
curse was drawn from the deck.
Player2 bought adventurer

Player1 is now starting a turn.
curse was drawn from the deck.
curse was drawn from the deck.
curse was drawn from the deck.
province was drawn from the deck.
duchy was drawn from the deck.
Player1 bought copper

Player2 is now starting a turn.
copper was drawn from the deck.
ambassador was drawn from the deck.
curse was drawn from the deck.
curse was drawn from the deck.
adventurer was drawn from the deck.
Playing action card: adventurer
estate was drawn from the deck.
Player2 discarded estate
Player2 bought copper

Player1 is now starting a turn.
curse was drawn from the deck.
estate was drawn from the deck.
curse was drawn from the deck.
curse was drawn from the deck.
estate was drawn from the deck.
Player1 bought estate

Player2 is now starting a turn.
Shuffling Player2&apos;s deck.
smithy was drawn from the deck.
gold was drawn from the deck.
curse was drawn from the deck.
smithy was drawn from the deck.
curse was drawn from the deck.
Playing action card: smithy
duchy was drawn from the deck.
estate was drawn from the deck.
Player2 bought smithy

Player1 is now starting a turn.
curse was drawn from the deck.
smithy was drawn from the deck.
estate was drawn from the deck.
province was drawn from the deck.
estate was drawn from the deck.
Playing action card: smithy
copper was drawn from the deck.
mine was drawn from the deck.
Player1 bought great_hall

Player2 is now starting a turn.
ambassador was drawn from the deck.
mine was drawn from the deck.
curse was drawn from the deck.
seahag was drawn from the deck.
silver was drawn from the deck.
Playing action card: mine
Player2 gained gold
Player2 bought duchy

Player1 is now starting a turn.
copper was drawn from the deck.
great_hall was drawn from the deck.
copper was drawn from the deck.
great_hall was drawn from the deck.
adventurer was drawn from the deck.
Playing action card: great_hall
gold was drawn from the deck.
Playing action card: adventurer
seahag was drawn from the deck.
Player1 discarded seahag
copper was drawn from the deck.
gold was drawn from the deck.
Player1 bought province

Player2 is now starting a turn.
gold was drawn from the deck.
gold was drawn from the deck.
adventurer was drawn from the deck.
great_hall was drawn from the deck.
curse was drawn from the deck.
Playing action card: great_hall
copper was drawn from the deck.
Playing action card: adventurer
duchy was drawn from the deck.
Player2 discarded duchy
ambassador was drawn from the deck.
Player2 discarded ambassador
curse was drawn from the deck.
Player2 discarded curse
village was drawn from the deck.
Player2 discarded village
village was drawn from the deck.
Player2 discarded village
adventurer was drawn from the deck.
Player2 discarded adventurer
mine was drawn from the deck.
Player2 discarded mine
curse was drawn from the deck.
Player2 discarded curse
copper was drawn from the deck.
estate was drawn from the deck.
Player2 discarded estate
copper was drawn from the deck.
Player2 bought province

Player1 is now starting a turn.
gold was drawn from the deck.
curse was drawn from the deck.
adventurer was drawn from the deck.
ambassador was drawn from the deck.
curse was drawn from the deck.
Playing action card: adventurer
copper was drawn from the deck.
copper was drawn from the deck.
Player1 bought mine

Player2 is now starting a turn.
copper was drawn from the deck.
ambassador was drawn from the deck.
copper was drawn from the deck.
estate was drawn from the deck.
curse was drawn from the deck.
Playing action card: ambassador
Player2 returned 0 copies of curse
Player2 bought ambassador

Player1 is now starting a turn.
estate was drawn from the deck.
estate was drawn from the deck.
Shuffling Player1&apos;s deck.
curse was drawn from the deck.
great_hall was drawn from the deck.
adventurer was drawn from the deck.
Playing action card: adventurer
copper was drawn from the deck.
copper was drawn from the deck.
Player1 bought gardens

Player2 is now starting a turn.
copper was drawn from the deck.
seahag was drawn from the deck.
copper was drawn from the deck.
estate was drawn from the deck.
copper was drawn from the deck.
Playing action card: seahag
great_hall was drawn from the deck.
Player1 discarded great_hall
Player1 gained curse to top of deck.
Player2 bought cutpurse

Player1 is now starting a turn.
curse was drawn from the deck.
copper was drawn from the deck.
copper was drawn from the deck.
gold was drawn from the deck.
curse was drawn from the deck.
Player1 bought duchy

Player2 is now starting a turn.
duchy was drawn from the deck.
copper was drawn from the deck.
estate was drawn from the deck.
Shuffling Player2&apos;s deck.
curse was drawn from the deck.
estate was drawn from the deck.
Player2 bought silver

Player1 is now starting a turn.
copper was drawn from the deck.
copper was drawn from the deck.
curse was drawn from the deck.
adventurer was drawn from the deck.
silver was drawn from the deck.
Playing action card: adventurer
seahag was drawn from the deck.
Player1 discarded seahag
mine was drawn from the deck.
Player1 discarded mine
estate was drawn from the deck.
Player1 discarded estate
copper was drawn from the deck.
adventurer was drawn from the deck.
Player1 discarded adventurer
curse was drawn from the deck.
Player1 discarded curse
estate was drawn from the deck.
Player1 discarded estate
province was drawn from the deck.
Player1 discarded province
seahag was drawn from the deck.
Player1 discarded seahag
mine was drawn from the deck.
Player1 discarded mine
copper was drawn from the deck.
Player1 bought adventurer

Player2 is now starting a turn.
smithy was drawn from the deck.
duchy was drawn from the deck.
village was drawn from the deck.
copper was drawn from the deck.
adventurer was drawn from the deck.
Playing action card: village
province was drawn from the deck.
Playing action card: smithy
gold was drawn from the deck.
copper was drawn from the deck.
Playing action card: adventurer
curse was drawn from the deck.
Player2 discarded curse
copper was drawn from the deck.
gold was drawn from the deck.
Player2 bought province

Player1 is now starting a turn.
copper was drawn from the deck.
curse was drawn from the deck.
gold was drawn from the deck.
province was drawn from the deck.
curse was drawn from the deck.
Player1 bought smithy

Player2 is now starting a turn.
curse was drawn from the deck.
seahag was drawn from the deck.
ambassador was drawn from the deck.
ambassador was drawn from the deck.
curse was drawn from the deck.
Playing action card: seahag
ambassador was drawn from the deck.
Player1 discarded ambassador
Player1 gained curse to top of deck.
Player2 bought copper

Player1 is now starting a turn.
curse was drawn from the deck.
copper was drawn from the deck.
gold was drawn from the deck.
smithy was drawn from the deck.
curse was drawn from the deck.
Playing action card: smithy
great_hall was drawn from the deck.
mine was drawn from the deck.
Player1 bought seahag

Player2 is now starting a turn.
village was drawn from the deck.
curse was drawn from the deck.
silver was drawn from the deck.
estate was drawn from the deck.
curse was drawn from the deck.
Playing action card: village
smithy was drawn from the deck.
Playing action card: smithy
copper was drawn from the deck.
gold was drawn from the deck.
Player2 bought adventurer

Player1 is now starting a turn.
adventurer was drawn from the deck.
curse was drawn from the deck.
province was drawn from the deck.
estate was drawn from the deck.
gold was drawn from the deck.
Playing action card: adventurer
copper was drawn from the deck.
estate was drawn from the deck.
Player1 discarded estate
estate was drawn from the deck.
Player1 discarded estate
duchy was drawn from the deck.
Player1 discarded duchy
copper was drawn from the deck.
Player1 bought gold

Player2 is now starting a turn.
estate was drawn from the deck.
smithy was drawn from the deck.
duchy was drawn from the deck.
mine was drawn from the deck.
seahag was drawn from the deck.
Playing action card: seahag
gold was drawn from the deck.
Player1 discarded gold
Player1 gained curse to top of deck.
Player2 bought copper

Player1 is now starting a turn.
curse was drawn from the deck.
curse was drawn from the deck.
copper was drawn from the deck.
Shuffling Player1&apos;s deck.
estate was drawn from the deck.
gold was drawn from the deck.
Player1 bought duchy

Player2 is now starting a turn.
duchy was drawn from the deck.
curse was drawn from the deck.
copper was drawn from the deck.
gold was drawn from the deck.
copper was drawn from the deck.
Player2 bought mine

Player1 is now starting a turn.
adventurer was drawn from the deck.
smithy was drawn from the deck.
gold was drawn from the deck.
copper was drawn from the deck.
silver was drawn from the deck.
Playing action card: smithy
curse was drawn from the deck.
curse was drawn from the deck.
Player1 bought gold

Player2 is now starting a turn.
mine was drawn from the deck.
ambassador was drawn from the deck.
copper was drawn from the deck.
copper was drawn from the deck.
great_hall was drawn from the deck.
Playing action card: mine
Player2 gained gold
Player2 bought mine

Player1 is now starting a turn.
estate was drawn from the deck.
curse was drawn from the deck.
estate was drawn from the deck.
curse was drawn from the deck.
copper was drawn from the deck.
Player1 bought silver

Player2 is now starting a turn.
ambassador was drawn from the deck.
estate was drawn from the deck.
adventurer was drawn from the deck.
cutpurse was drawn from the deck.
Shuffling Player2&apos;s deck.
copper was drawn from the deck.
Playing action card: ambassador
Player2 returned 0 copies of cutpurse
Player1 gained cutpurse
Player2 bought embargo

Player1 is now starting a turn.
mine was drawn from the deck.
duchy was drawn from the deck.
smithy was drawn from the deck.
gardens was drawn from the deck.
estate was drawn from the deck.
Playing action card: mine
Player1 bought copper

Player2 is now starting a turn.
curse was drawn from the deck.
copper was drawn from the deck.
gold was drawn from the deck.
copper was drawn from the deck.
province was drawn from the deck.
Player2 bought duchy

Player1 is now starting a turn.
copper was drawn from the deck.
gold was drawn from the deck.
great_hall was drawn from the deck.
copper was drawn from the deck.
copper was drawn from the deck.
Playing action card: great_hall
copper was drawn from the deck.
Player1 bought gold

Player2 is now starting a turn.
copper was drawn from the deck.
copper was drawn from the deck.
gold was drawn from the deck.
estate was drawn from the deck.
smithy was drawn from the deck.
Playing action card: smithy
copper was drawn from the deck.
copper was drawn from the deck.
Player2 bought province

Player1 is now starting a turn.
seahag was drawn from the deck.
curse was drawn from the deck.
copper was drawn from the deck.
copper was drawn from the deck.
copper was drawn from the deck.
Playing action card: seahag
silver was drawn from the deck.
Player2 discarded silver
Player2 gained curse to top of deck.
Player1 bought ambassador

Player2 is now starting a turn.
curse was drawn from the deck.
duchy was drawn from the deck.
province was drawn from the deck.
great_hall was drawn from the deck.
curse was drawn from the deck.
Playing action card: great_hall
gold was drawn from the deck.
Player2 bought village

Player1 is now starting a turn.
estate was drawn from the deck.
gold was drawn from the deck.
curse was drawn from the deck.
curse was drawn from the deck.
province was drawn from the deck.
Player1 bought smithy

Player2 is now starting a turn.
mine was drawn from the deck.
seahag was drawn from the deck.
mine was drawn from the deck.
silver was drawn from the deck.
ambassador was drawn from the deck.
Playing action card: seahag
great_hall was drawn from the deck.
Player1 discarded great_hall
Player1 gained curse to top of deck.
Player2 bought estate

Player1 is now starting a turn.
curse was drawn from the deck.
copper was drawn from the deck.
curse was drawn from the deck.
copper was drawn from the deck.
curse was drawn from the deck.
Player1 bought estate

Player2 is now starting a turn.
curse was drawn from the deck.
copper was drawn from the deck.
estate was drawn from the deck.
copper was drawn from the deck.
curse was drawn from the deck.
Player2 bought village

Player1 is now starting a turn.
adventurer was drawn from the deck.
adventurer was drawn from the deck.
mine was drawn from the deck.
seahag was drawn from the deck.
estate was drawn from the deck.
Playing action card: adventurer
adventurer was drawn from the deck.
Player1 discarded adventurer
gold was drawn from the deck.
province was drawn from the deck.
Player1 discarded province
seahag was drawn from the deck.
Player1 discarded seahag
mine was drawn from the deck.
Player1 discarded mine
ambassador was drawn from the deck.
Player1 discarded ambassador
great_hall was drawn from the deck.
Player1 discarded great_hall
province was drawn from the deck.
Player1 discarded province
estate was drawn from the deck.
Player1 discarded estate
duchy was drawn from the deck.
Player1 discarded duchy
curse was drawn from the deck.
Player1 discarded curse
gold was drawn from the deck.
Player1 bought adventurer

Player2 is now starting a turn.
smithy was drawn from the deck.
duchy was drawn from the deck.
curse was drawn from the deck.
duchy was drawn from the deck.
smithy was drawn from the deck.
Playing action card: smithy
village was drawn from the deck.
adventurer was drawn from the deck.
Player2 bought copper

Player1 is now starting a turn.
adventurer was drawn from the deck.
copper was drawn from the deck.
Shuffling Player1&apos;s deck.
gold was drawn from the deck.
adventurer was drawn from the deck.
copper was drawn from the deck.
Playing action card: adventurer
curse was drawn from the deck.
Player1 discarded curse
gold was drawn from the deck.
curse was drawn from the deck.
Player1 discarded curse
curse was drawn from the deck.
Player1 discarded curse
gold was drawn from the deck.
Player1 bought province

Player2 is now starting a turn.
gold was drawn from the deck.
mine was drawn from the deck.
estate was drawn from the deck.
ambassador was drawn from the deck.
gold was drawn from the deck.
Playing action card: mine
Player2 gained gold
Player2 bought province
GAME OVER! Province card pile is empty. 
Player1: 379
Player2: 459
Player1: 379
Player2: 459
GAME OVER! Province card pile is empty. 
GAME OVER! Province card pile is empty. 
Shuffling hi!&apos;s deck.
copper was drawn from the deck.
hi! gained smithy
</system-out>
  </testcase>
  <testcase classname="RegressionTest" name="test229" time="0.018">
    <failure type="java.lang.AssertionError">java.lang.AssertionError
	at org.junit.Assert.fail(Assert.java:86)
	at org.junit.Assert.assertTrue(Assert.java:41)
	at org.junit.Assert.assertTrue(Assert.java:52)
	at RegressionTest.test229(RegressionTest.java:14346)
	at sun.reflect.NativeMethodAccessorImpl.invoke0(Native Method)
	at sun.reflect.NativeMethodAccessorImpl.invoke(NativeMethodAccessorImpl.java:62)
	at sun.reflect.DelegatingMethodAccessorImpl.invoke(DelegatingMethodAccessorImpl.java:43)
	at java.lang.reflect.Method.invoke(Method.java:498)
	at org.junit.runners.model.FrameworkMethod$1.runReflectiveCall(FrameworkMethod.java:47)
	at org.junit.internal.runners.model.ReflectiveCallable.run(ReflectiveCallable.java:12)
	at org.junit.runners.model.FrameworkMethod.invokeExplosively(FrameworkMethod.java:44)
	at org.junit.internal.runners.statements.InvokeMethod.evaluate(InvokeMethod.java:17)
	at org.junit.runners.ParentRunner.runLeaf(ParentRunner.java:271)
	at org.junit.runners.BlockJUnit4ClassRunner.runChild(BlockJUnit4ClassRunner.java:70)
	at org.junit.runners.BlockJUnit4ClassRunner.runChild(BlockJUnit4ClassRunner.java:50)
	at org.junit.runners.ParentRunner$3.run(ParentRunner.java:238)
	at org.junit.runners.ParentRunner$1.schedule(ParentRunner.java:63)
	at org.junit.runners.ParentRunner.runChildren(ParentRunner.java:236)
	at org.junit.runners.ParentRunner.access$000(ParentRunner.java:53)
	at org.junit.runners.ParentRunner$2.evaluate(ParentRunner.java:229)
	at org.junit.runners.ParentRunner.run(ParentRunner.java:309)
	at org.apache.maven.surefire.junit4.JUnit4Provider.execute(JUnit4Provider.java:252)
	at org.apache.maven.surefire.junit4.JUnit4Provider.executeTestSet(JUnit4Provider.java:141)
	at org.apache.maven.surefire.junit4.JUnit4Provider.invoke(JUnit4Provider.java:112)
	at sun.reflect.NativeMethodAccessorImpl.invoke0(Native Method)
	at sun.reflect.NativeMethodAccessorImpl.invoke(NativeMethodAccessorImpl.java:62)
	at sun.reflect.DelegatingMethodAccessorImpl.invoke(DelegatingMethodAccessorImpl.java:43)
	at java.lang.reflect.Method.invoke(Method.java:498)
	at org.apache.maven.surefire.util.ReflectionUtils.invokeMethodWithArray(ReflectionUtils.java:189)
	at org.apache.maven.surefire.booter.ProviderFactory$ProviderProxy.invoke(ProviderFactory.java:165)
	at org.apache.maven.surefire.booter.ProviderFactory.invokeProvider(ProviderFactory.java:85)
	at org.apache.maven.surefire.booter.ForkedBooter.runSuitesInProcess(ForkedBooter.java:115)
	at org.apache.maven.surefire.booter.ForkedBooter.main(ForkedBooter.java:75)
</failure>
    <system-out>
STARTING NEW GAME!

Player1 is now starting a turn.
Shuffling Player1&apos;s deck.
copper was drawn from the deck.
copper was drawn from the deck.
estate was drawn from the deck.
copper was drawn from the deck.
estate was drawn from the deck.
Player1 gained curse card because of embargo token.
Player1 gained curse
Player1 gained curse card because of embargo token.
Player1 gained curse
Player1 bought duchy

Player2 is now starting a turn.
Shuffling Player2&apos;s deck.
copper was drawn from the deck.
copper was drawn from the deck.
estate was drawn from the deck.
copper was drawn from the deck.
copper was drawn from the deck.
Player2 gained curse card because of embargo token.
Player2 gained curse
Player2 gained curse card because of embargo token.
Player2 gained curse
Player2 bought duchy

Player1 is now starting a turn.
copper was drawn from the deck.
estate was drawn from the deck.
copper was drawn from the deck.
copper was drawn from the deck.
copper was drawn from the deck.
Player1 gained curse card because of embargo token.
Player1 gained curse
Player1 gained curse card because of embargo token.
Player1 gained curse
Player1 bought mine

Player2 is now starting a turn.
copper was drawn from the deck.
copper was drawn from the deck.
estate was drawn from the deck.
estate was drawn from the deck.
copper was drawn from the deck.
Player2 gained curse card because of embargo token.
Player2 gained curse
Player2 gained curse card because of embargo token.
Player2 gained curse
Player2 bought mine

Player1 is now starting a turn.
Shuffling Player1&apos;s deck.
copper was drawn from the deck.
curse was drawn from the deck.
copper was drawn from the deck.
curse was drawn from the deck.
estate was drawn from the deck.
Player1 gained curse card because of embargo token.
Player1 gained curse
Player1 gained curse card because of embargo token.
Player1 gained curse
Player1 bought great_hall

Player2 is now starting a turn.
Shuffling Player2&apos;s deck.
copper was drawn from the deck.
copper was drawn from the deck.
copper was drawn from the deck.
copper was drawn from the deck.
curse was drawn from the deck.
Player2 bought seahag

Player1 is now starting a turn.
copper was drawn from the deck.
copper was drawn from the deck.
copper was drawn from the deck.
curse was drawn from the deck.
curse was drawn from the deck.
Player1 bought silver

Player2 is now starting a turn.
mine was drawn from the deck.
estate was drawn from the deck.
estate was drawn from the deck.
estate was drawn from the deck.
curse was drawn from the deck.
Playing action card: mine
Player2 bought village

Player1 is now starting a turn.
duchy was drawn from the deck.
estate was drawn from the deck.
copper was drawn from the deck.
copper was drawn from the deck.
estate was drawn from the deck.
Player1 bought seahag

Player2 is now starting a turn.
curse was drawn from the deck.
curse was drawn from the deck.
copper was drawn from the deck.
duchy was drawn from the deck.
copper was drawn from the deck.
Player2 bought estate

Player1 is now starting a turn.
mine was drawn from the deck.
Shuffling Player1&apos;s deck.
copper was drawn from the deck.
curse was drawn from the deck.
estate was drawn from the deck.
curse was drawn from the deck.
Playing action card: mine
Player1 gained gold
Player1 bought mine

Player2 is now starting a turn.
copper was drawn from the deck.
Shuffling Player2&apos;s deck.
copper was drawn from the deck.
mine was drawn from the deck.
copper was drawn from the deck.
curse was drawn from the deck.
Playing action card: mine
Player2 gained gold
Player2 bought gold

Player1 is now starting a turn.
copper was drawn from the deck.
copper was drawn from the deck.
estate was drawn from the deck.
copper was drawn from the deck.
silver was drawn from the deck.
Player1 bought adventurer

Player2 is now starting a turn.
copper was drawn from the deck.
estate was drawn from the deck.
estate was drawn from the deck.
duchy was drawn from the deck.
curse was drawn from the deck.
Player2 bought great_hall

Player1 is now starting a turn.
copper was drawn from the deck.
curse was drawn from the deck.
seahag was drawn from the deck.
copper was drawn from the deck.
curse was drawn from the deck.
Playing action card: seahag
curse was drawn from the deck.
Player2 discarded curse
Player2 gained curse to top of deck.
Player1 bought estate

Player2 is now starting a turn.
curse was drawn from the deck.
village was drawn from the deck.
seahag was drawn from the deck.
estate was drawn from the deck.
copper was drawn from the deck.
Playing action card: village
estate was drawn from the deck.
Playing action card: seahag
copper was drawn from the deck.
Player1 discarded copper
Player1 gained curse to top of deck.
Player2 bought ambassador

Player1 is now starting a turn.
curse was drawn from the deck.
curse was drawn from the deck.
curse was drawn from the deck.
estate was drawn from the deck.
great_hall was drawn from the deck.
Playing action card: great_hall
duchy was drawn from the deck.
Player1 bought copper

Player2 is now starting a turn.
curse was drawn from the deck.
copper was drawn from the deck.
copper was drawn from the deck.
Shuffling Player2&apos;s deck.
copper was drawn from the deck.
curse was drawn from the deck.
Player2 bought silver

Player1 is now starting a turn.
Shuffling Player1&apos;s deck.
curse was drawn from the deck.
curse was drawn from the deck.
mine was drawn from the deck.
copper was drawn from the deck.
curse was drawn from the deck.
Playing action card: mine
Player1 gained gold
Player1 bought smithy

Player2 is now starting a turn.
estate was drawn from the deck.
estate was drawn from the deck.
estate was drawn from the deck.
estate was drawn from the deck.
copper was drawn from the deck.
Player2 bought mine

Player1 is now starting a turn.
estate was drawn from the deck.
mine was drawn from the deck.
estate was drawn from the deck.
copper was drawn from the deck.
curse was drawn from the deck.
Playing action card: mine
Player1 gained gold
Player1 bought gold

Player2 is now starting a turn.
copper was drawn from the deck.
copper was drawn from the deck.
curse was drawn from the deck.
duchy was drawn from the deck.
great_hall was drawn from the deck.
Playing action card: great_hall
village was drawn from the deck.
Playing action card: village
copper was drawn from the deck.
Player2 bought ambassador

Player1 is now starting a turn.
copper was drawn from the deck.
duchy was drawn from the deck.
copper was drawn from the deck.
estate was drawn from the deck.
copper was drawn from the deck.
Player1 bought seahag

Player2 is now starting a turn.
gold was drawn from the deck.
curse was drawn from the deck.
curse was drawn from the deck.
ambassador was drawn from the deck.
seahag was drawn from the deck.
Playing action card: seahag
adventurer was drawn from the deck.
Player1 discarded adventurer
Player1 gained curse to top of deck.
Player2 bought ambassador

Player1 is now starting a turn.
curse was drawn from the deck.
curse was drawn from the deck.
silver was drawn from the deck.
seahag was drawn from the deck.
curse was drawn from the deck.
Playing action card: seahag
gold was drawn from the deck.
Player2 discarded gold
Player2 gained curse to top of deck.
Player1 bought estate

Player2 is now starting a turn.
curse was drawn from the deck.
mine was drawn from the deck.
Shuffling Player2&apos;s deck.
curse was drawn from the deck.
seahag was drawn from the deck.
mine was drawn from the deck.
Playing action card: mine
Player2 bought copper

Player1 is now starting a turn.
curse was drawn from the deck.
gold was drawn from the deck.
copper was drawn from the deck.
copper was drawn from the deck.
great_hall was drawn from the deck.
Playing action card: great_hall
estate was drawn from the deck.
Player1 bought adventurer

Player2 is now starting a turn.
silver was drawn from the deck.
ambassador was drawn from the deck.
estate was drawn from the deck.
curse was drawn from the deck.
ambassador was drawn from the deck.
Playing action card: ambassador
Player2 returned 0 copies of ambassador
Player1 gained ambassador
Player2 bought village

Player1 is now starting a turn.
copper was drawn from the deck.
Shuffling Player1&apos;s deck.
copper was drawn from the deck.
curse was drawn from the deck.
estate was drawn from the deck.
curse was drawn from the deck.
Player1 bought great_hall

Player2 is now starting a turn.
ambassador was drawn from the deck.
copper was drawn from the deck.
copper was drawn from the deck.
copper was drawn from the deck.
copper was drawn from the deck.
Playing action card: ambassador
Player2 returned 0 copies of copper
Player1 gained copper
Player2 bought smithy

Player1 is now starting a turn.
curse was drawn from the deck.
smithy was drawn from the deck.
curse was drawn from the deck.
adventurer was drawn from the deck.
great_hall was drawn from the deck.
Playing action card: smithy
curse was drawn from the deck.
estate was drawn from the deck.
Player1 bought copper

Player2 is now starting a turn.
estate was drawn from the deck.
estate was drawn from the deck.
duchy was drawn from the deck.
gold was drawn from the deck.
copper was drawn from the deck.
Player2 bought adventurer

Player1 is now starting a turn.
curse was drawn from the deck.
gold was drawn from the deck.
gold was drawn from the deck.
copper was drawn from the deck.
estate was drawn from the deck.
Player1 bought province

Player2 is now starting a turn.
gold was drawn from the deck.
curse was drawn from the deck.
estate was drawn from the deck.
curse was drawn from the deck.
copper was drawn from the deck.
Player2 bought duchy

Player1 is now starting a turn.
seahag was drawn from the deck.
estate was drawn from the deck.
ambassador was drawn from the deck.
curse was drawn from the deck.
mine was drawn from the deck.
Playing action card: seahag
great_hall was drawn from the deck.
Player2 discarded great_hall
Player2 gained curse to top of deck.
Player1 bought copper

Player2 is now starting a turn.
curse was drawn from the deck.
copper was drawn from the deck.
curse was drawn from the deck.
village was drawn from the deck.
Shuffling Player2&apos;s deck.
gold was drawn from the deck.
Playing action card: village
seahag was drawn from the deck.
Playing action card: seahag
estate was drawn from the deck.
Player1 discarded estate
Player1 gained curse to top of deck.
Player2 bought smithy

Player1 is now starting a turn.
curse was drawn from the deck.
duchy was drawn from the deck.
copper was drawn from the deck.
curse was drawn from the deck.
copper was drawn from the deck.
Player1 bought estate

Player2 is now starting a turn.
curse was drawn from the deck.
copper was drawn from the deck.
curse was drawn from the deck.
great_hall was drawn from the deck.
mine was drawn from the deck.
Playing action card: mine
Player2 gained gold
Player2 bought seahag

Player1 is now starting a turn.
mine was drawn from the deck.
gold was drawn from the deck.
adventurer was drawn from the deck.
seahag was drawn from the deck.
gold was drawn from the deck.
Playing action card: adventurer
silver was drawn from the deck.
copper was drawn from the deck.
Player1 bought province

Player2 is now starting a turn.
copper was drawn from the deck.
mine was drawn from the deck.
duchy was drawn from the deck.
ambassador was drawn from the deck.
estate was drawn from the deck.
Playing action card: ambassador
Player2 returned 0 copies of copper
Player1 gained copper
Player2 bought estate

Player1 is now starting a turn.
copper was drawn from the deck.
copper was drawn from the deck.
Shuffling Player1&apos;s deck.
silver was drawn from the deck.
mine was drawn from the deck.
seahag was drawn from the deck.
Playing action card: mine
Player1 gained gold
Player1 bought adventurer

Player2 is now starting a turn.
estate was drawn from the deck.
copper was drawn from the deck.
copper was drawn from the deck.
copper was drawn from the deck.
smithy was drawn from the deck.
Playing action card: smithy
copper was drawn from the deck.
ambassador was drawn from the deck.
Player2 bought duchy

Player1 is now starting a turn.
copper was drawn from the deck.
copper was drawn from the deck.
copper was drawn from the deck.
copper was drawn from the deck.
gold was drawn from the deck.
Player1 bought adventurer

Player2 is now starting a turn.
silver was drawn from the deck.
village was drawn from the deck.
estate was drawn from the deck.
duchy was drawn from the deck.
gold was drawn from the deck.
Playing action card: village
curse was drawn from the deck.
Player2 bought adventurer

Player1 is now starting a turn.
curse was drawn from the deck.
curse was drawn from the deck.
curse was drawn from the deck.
province was drawn from the deck.
duchy was drawn from the deck.
Player1 bought copper

Player2 is now starting a turn.
copper was drawn from the deck.
ambassador was drawn from the deck.
curse was drawn from the deck.
curse was drawn from the deck.
adventurer was drawn from the deck.
Playing action card: adventurer
estate was drawn from the deck.
Player2 discarded estate
Player2 bought copper

Player1 is now starting a turn.
curse was drawn from the deck.
estate was drawn from the deck.
curse was drawn from the deck.
curse was drawn from the deck.
estate was drawn from the deck.
Player1 bought estate

Player2 is now starting a turn.
Shuffling Player2&apos;s deck.
smithy was drawn from the deck.
gold was drawn from the deck.
curse was drawn from the deck.
smithy was drawn from the deck.
curse was drawn from the deck.
Playing action card: smithy
duchy was drawn from the deck.
estate was drawn from the deck.
Player2 bought smithy

Player1 is now starting a turn.
curse was drawn from the deck.
smithy was drawn from the deck.
estate was drawn from the deck.
province was drawn from the deck.
estate was drawn from the deck.
Playing action card: smithy
copper was drawn from the deck.
mine was drawn from the deck.
Player1 bought great_hall

Player2 is now starting a turn.
ambassador was drawn from the deck.
mine was drawn from the deck.
curse was drawn from the deck.
seahag was drawn from the deck.
silver was drawn from the deck.
Playing action card: mine
Player2 gained gold
Player2 bought duchy

Player1 is now starting a turn.
copper was drawn from the deck.
great_hall was drawn from the deck.
copper was drawn from the deck.
great_hall was drawn from the deck.
adventurer was drawn from the deck.
Playing action card: great_hall
gold was drawn from the deck.
Playing action card: adventurer
seahag was drawn from the deck.
Player1 discarded seahag
copper was drawn from the deck.
gold was drawn from the deck.
Player1 bought province

Player2 is now starting a turn.
gold was drawn from the deck.
gold was drawn from the deck.
adventurer was drawn from the deck.
great_hall was drawn from the deck.
curse was drawn from the deck.
Playing action card: great_hall
copper was drawn from the deck.
Playing action card: adventurer
duchy was drawn from the deck.
Player2 discarded duchy
ambassador was drawn from the deck.
Player2 discarded ambassador
curse was drawn from the deck.
Player2 discarded curse
village was drawn from the deck.
Player2 discarded village
village was drawn from the deck.
Player2 discarded village
adventurer was drawn from the deck.
Player2 discarded adventurer
mine was drawn from the deck.
Player2 discarded mine
curse was drawn from the deck.
Player2 discarded curse
copper was drawn from the deck.
estate was drawn from the deck.
Player2 discarded estate
copper was drawn from the deck.
Player2 bought province

Player1 is now starting a turn.
gold was drawn from the deck.
curse was drawn from the deck.
adventurer was drawn from the deck.
ambassador was drawn from the deck.
curse was drawn from the deck.
Playing action card: adventurer
copper was drawn from the deck.
copper was drawn from the deck.
Player1 bought mine

Player2 is now starting a turn.
copper was drawn from the deck.
ambassador was drawn from the deck.
copper was drawn from the deck.
estate was drawn from the deck.
curse was drawn from the deck.
Playing action card: ambassador
Player2 returned 0 copies of curse
Player2 bought ambassador

Player1 is now starting a turn.
estate was drawn from the deck.
estate was drawn from the deck.
Shuffling Player1&apos;s deck.
curse was drawn from the deck.
great_hall was drawn from the deck.
adventurer was drawn from the deck.
Playing action card: adventurer
copper was drawn from the deck.
copper was drawn from the deck.
Player1 bought gardens

Player2 is now starting a turn.
copper was drawn from the deck.
seahag was drawn from the deck.
copper was drawn from the deck.
estate was drawn from the deck.
copper was drawn from the deck.
Playing action card: seahag
great_hall was drawn from the deck.
Player1 discarded great_hall
Player1 gained curse to top of deck.
Player2 bought cutpurse

Player1 is now starting a turn.
curse was drawn from the deck.
copper was drawn from the deck.
copper was drawn from the deck.
gold was drawn from the deck.
curse was drawn from the deck.
Player1 bought duchy

Player2 is now starting a turn.
duchy was drawn from the deck.
copper was drawn from the deck.
estate was drawn from the deck.
Shuffling Player2&apos;s deck.
curse was drawn from the deck.
estate was drawn from the deck.
Player2 bought silver

Player1 is now starting a turn.
copper was drawn from the deck.
copper was drawn from the deck.
curse was drawn from the deck.
adventurer was drawn from the deck.
silver was drawn from the deck.
Playing action card: adventurer
seahag was drawn from the deck.
Player1 discarded seahag
mine was drawn from the deck.
Player1 discarded mine
estate was drawn from the deck.
Player1 discarded estate
copper was drawn from the deck.
adventurer was drawn from the deck.
Player1 discarded adventurer
curse was drawn from the deck.
Player1 discarded curse
estate was drawn from the deck.
Player1 discarded estate
province was drawn from the deck.
Player1 discarded province
seahag was drawn from the deck.
Player1 discarded seahag
mine was drawn from the deck.
Player1 discarded mine
copper was drawn from the deck.
Player1 bought adventurer

Player2 is now starting a turn.
smithy was drawn from the deck.
duchy was drawn from the deck.
village was drawn from the deck.
copper was drawn from the deck.
adventurer was drawn from the deck.
Playing action card: village
province was drawn from the deck.
Playing action card: smithy
gold was drawn from the deck.
copper was drawn from the deck.
Playing action card: adventurer
curse was drawn from the deck.
Player2 discarded curse
copper was drawn from the deck.
gold was drawn from the deck.
Player2 bought province

Player1 is now starting a turn.
copper was drawn from the deck.
curse was drawn from the deck.
gold was drawn from the deck.
province was drawn from the deck.
curse was drawn from the deck.
Player1 bought smithy

Player2 is now starting a turn.
curse was drawn from the deck.
seahag was drawn from the deck.
ambassador was drawn from the deck.
ambassador was drawn from the deck.
curse was drawn from the deck.
Playing action card: seahag
ambassador was drawn from the deck.
Player1 discarded ambassador
Player1 gained curse to top of deck.
Player2 bought copper

Player1 is now starting a turn.
curse was drawn from the deck.
copper was drawn from the deck.
gold was drawn from the deck.
smithy was drawn from the deck.
curse was drawn from the deck.
Playing action card: smithy
great_hall was drawn from the deck.
mine was drawn from the deck.
Player1 bought seahag

Player2 is now starting a turn.
village was drawn from the deck.
curse was drawn from the deck.
silver was drawn from the deck.
estate was drawn from the deck.
curse was drawn from the deck.
Playing action card: village
smithy was drawn from the deck.
Playing action card: smithy
copper was drawn from the deck.
gold was drawn from the deck.
Player2 bought adventurer

Player1 is now starting a turn.
adventurer was drawn from the deck.
curse was drawn from the deck.
province was drawn from the deck.
estate was drawn from the deck.
gold was drawn from the deck.
Playing action card: adventurer
copper was drawn from the deck.
estate was drawn from the deck.
Player1 discarded estate
estate was drawn from the deck.
Player1 discarded estate
duchy was drawn from the deck.
Player1 discarded duchy
copper was drawn from the deck.
Player1 bought gold

Player2 is now starting a turn.
estate was drawn from the deck.
smithy was drawn from the deck.
duchy was drawn from the deck.
mine was drawn from the deck.
seahag was drawn from the deck.
Playing action card: seahag
gold was drawn from the deck.
Player1 discarded gold
Player1 gained curse to top of deck.
Player2 bought copper

Player1 is now starting a turn.
curse was drawn from the deck.
curse was drawn from the deck.
copper was drawn from the deck.
Shuffling Player1&apos;s deck.
estate was drawn from the deck.
gold was drawn from the deck.
Player1 bought duchy

Player2 is now starting a turn.
duchy was drawn from the deck.
curse was drawn from the deck.
copper was drawn from the deck.
gold was drawn from the deck.
copper was drawn from the deck.
Player2 bought mine

Player1 is now starting a turn.
adventurer was drawn from the deck.
smithy was drawn from the deck.
gold was drawn from the deck.
copper was drawn from the deck.
silver was drawn from the deck.
Playing action card: smithy
curse was drawn from the deck.
curse was drawn from the deck.
Player1 bought gold

Player2 is now starting a turn.
mine was drawn from the deck.
ambassador was drawn from the deck.
copper was drawn from the deck.
copper was drawn from the deck.
great_hall was drawn from the deck.
Playing action card: mine
Player2 gained gold
Player2 bought mine

Player1 is now starting a turn.
estate was drawn from the deck.
curse was drawn from the deck.
estate was drawn from the deck.
curse was drawn from the deck.
copper was drawn from the deck.
Player1 bought silver

Player2 is now starting a turn.
ambassador was drawn from the deck.
estate was drawn from the deck.
adventurer was drawn from the deck.
cutpurse was drawn from the deck.
Shuffling Player2&apos;s deck.
copper was drawn from the deck.
Playing action card: ambassador
Player2 returned 0 copies of cutpurse
Player1 gained cutpurse
Player2 bought embargo

Player1 is now starting a turn.
mine was drawn from the deck.
duchy was drawn from the deck.
smithy was drawn from the deck.
gardens was drawn from the deck.
estate was drawn from the deck.
Playing action card: mine
Player1 bought copper

Player2 is now starting a turn.
curse was drawn from the deck.
copper was drawn from the deck.
gold was drawn from the deck.
copper was drawn from the deck.
province was drawn from the deck.
Player2 bought duchy

Player1 is now starting a turn.
copper was drawn from the deck.
gold was drawn from the deck.
great_hall was drawn from the deck.
copper was drawn from the deck.
copper was drawn from the deck.
Playing action card: great_hall
copper was drawn from the deck.
Player1 bought gold

Player2 is now starting a turn.
copper was drawn from the deck.
copper was drawn from the deck.
gold was drawn from the deck.
estate was drawn from the deck.
smithy was drawn from the deck.
Playing action card: smithy
copper was drawn from the deck.
copper was drawn from the deck.
Player2 bought province

Player1 is now starting a turn.
seahag was drawn from the deck.
curse was drawn from the deck.
copper was drawn from the deck.
copper was drawn from the deck.
copper was drawn from the deck.
Playing action card: seahag
silver was drawn from the deck.
Player2 discarded silver
Player2 gained curse to top of deck.
Player1 bought ambassador

Player2 is now starting a turn.
curse was drawn from the deck.
duchy was drawn from the deck.
province was drawn from the deck.
great_hall was drawn from the deck.
curse was drawn from the deck.
Playing action card: great_hall
gold was drawn from the deck.
Player2 bought village

Player1 is now starting a turn.
estate was drawn from the deck.
gold was drawn from the deck.
curse was drawn from the deck.
curse was drawn from the deck.
province was drawn from the deck.
Player1 bought smithy

Player2 is now starting a turn.
mine was drawn from the deck.
seahag was drawn from the deck.
mine was drawn from the deck.
silver was drawn from the deck.
ambassador was drawn from the deck.
Playing action card: seahag
great_hall was drawn from the deck.
Player1 discarded great_hall
Player1 gained curse to top of deck.
Player2 bought estate

Player1 is now starting a turn.
curse was drawn from the deck.
copper was drawn from the deck.
curse was drawn from the deck.
copper was drawn from the deck.
curse was drawn from the deck.
Player1 bought estate

Player2 is now starting a turn.
curse was drawn from the deck.
copper was drawn from the deck.
estate was drawn from the deck.
copper was drawn from the deck.
curse was drawn from the deck.
Player2 bought village

Player1 is now starting a turn.
adventurer was drawn from the deck.
adventurer was drawn from the deck.
mine was drawn from the deck.
seahag was drawn from the deck.
estate was drawn from the deck.
Playing action card: adventurer
adventurer was drawn from the deck.
Player1 discarded adventurer
gold was drawn from the deck.
province was drawn from the deck.
Player1 discarded province
seahag was drawn from the deck.
Player1 discarded seahag
mine was drawn from the deck.
Player1 discarded mine
ambassador was drawn from the deck.
Player1 discarded ambassador
great_hall was drawn from the deck.
Player1 discarded great_hall
province was drawn from the deck.
Player1 discarded province
estate was drawn from the deck.
Player1 discarded estate
duchy was drawn from the deck.
Player1 discarded duchy
curse was drawn from the deck.
Player1 discarded curse
gold was drawn from the deck.
Player1 bought adventurer

Player2 is now starting a turn.
smithy was drawn from the deck.
duchy was drawn from the deck.
curse was drawn from the deck.
duchy was drawn from the deck.
smithy was drawn from the deck.
Playing action card: smithy
village was drawn from the deck.
adventurer was drawn from the deck.
Player2 bought copper

Player1 is now starting a turn.
adventurer was drawn from the deck.
copper was drawn from the deck.
Shuffling Player1&apos;s deck.
gold was drawn from the deck.
adventurer was drawn from the deck.
copper was drawn from the deck.
Playing action card: adventurer
curse was drawn from the deck.
Player1 discarded curse
gold was drawn from the deck.
curse was drawn from the deck.
Player1 discarded curse
curse was drawn from the deck.
Player1 discarded curse
gold was drawn from the deck.
Player1 bought province

Player2 is now starting a turn.
gold was drawn from the deck.
mine was drawn from the deck.
estate was drawn from the deck.
ambassador was drawn from the deck.
gold was drawn from the deck.
Playing action card: mine
Player2 gained gold
Player2 bought province
GAME OVER! Province card pile is empty. 
Player1: 379
Player2: 459
Player1: 379
Player2: 459
GAME OVER! Province card pile is empty. 
hi! gained curse
GAME OVER! Province card pile is empty. 
hi! gained curse
</system-out>
  </testcase>
  <testcase classname="RegressionTest" name="test230" time="0"/>
  <testcase classname="RegressionTest" name="test231" time="0"/>
  <testcase classname="RegressionTest" name="test232" time="0.001">
    <failure type="java.lang.AssertionError">java.lang.AssertionError
	at org.junit.Assert.fail(Assert.java:86)
	at org.junit.Assert.assertTrue(Assert.java:41)
	at org.junit.Assert.assertTrue(Assert.java:52)
	at RegressionTest.test232(RegressionTest.java:14497)
	at sun.reflect.NativeMethodAccessorImpl.invoke0(Native Method)
	at sun.reflect.NativeMethodAccessorImpl.invoke(NativeMethodAccessorImpl.java:62)
	at sun.reflect.DelegatingMethodAccessorImpl.invoke(DelegatingMethodAccessorImpl.java:43)
	at java.lang.reflect.Method.invoke(Method.java:498)
	at org.junit.runners.model.FrameworkMethod$1.runReflectiveCall(FrameworkMethod.java:47)
	at org.junit.internal.runners.model.ReflectiveCallable.run(ReflectiveCallable.java:12)
	at org.junit.runners.model.FrameworkMethod.invokeExplosively(FrameworkMethod.java:44)
	at org.junit.internal.runners.statements.InvokeMethod.evaluate(InvokeMethod.java:17)
	at org.junit.runners.ParentRunner.runLeaf(ParentRunner.java:271)
	at org.junit.runners.BlockJUnit4ClassRunner.runChild(BlockJUnit4ClassRunner.java:70)
	at org.junit.runners.BlockJUnit4ClassRunner.runChild(BlockJUnit4ClassRunner.java:50)
	at org.junit.runners.ParentRunner$3.run(ParentRunner.java:238)
	at org.junit.runners.ParentRunner$1.schedule(ParentRunner.java:63)
	at org.junit.runners.ParentRunner.runChildren(ParentRunner.java:236)
	at org.junit.runners.ParentRunner.access$000(ParentRunner.java:53)
	at org.junit.runners.ParentRunner$2.evaluate(ParentRunner.java:229)
	at org.junit.runners.ParentRunner.run(ParentRunner.java:309)
	at org.apache.maven.surefire.junit4.JUnit4Provider.execute(JUnit4Provider.java:252)
	at org.apache.maven.surefire.junit4.JUnit4Provider.executeTestSet(JUnit4Provider.java:141)
	at org.apache.maven.surefire.junit4.JUnit4Provider.invoke(JUnit4Provider.java:112)
	at sun.reflect.NativeMethodAccessorImpl.invoke0(Native Method)
	at sun.reflect.NativeMethodAccessorImpl.invoke(NativeMethodAccessorImpl.java:62)
	at sun.reflect.DelegatingMethodAccessorImpl.invoke(DelegatingMethodAccessorImpl.java:43)
	at java.lang.reflect.Method.invoke(Method.java:498)
	at org.apache.maven.surefire.util.ReflectionUtils.invokeMethodWithArray(ReflectionUtils.java:189)
	at org.apache.maven.surefire.booter.ProviderFactory$ProviderProxy.invoke(ProviderFactory.java:165)
	at org.apache.maven.surefire.booter.ProviderFactory.invokeProvider(ProviderFactory.java:85)
	at org.apache.maven.surefire.booter.ForkedBooter.runSuitesInProcess(ForkedBooter.java:115)
	at org.apache.maven.surefire.booter.ForkedBooter.main(ForkedBooter.java:75)
</failure>
    <system-out>hi! discarded embargo
</system-out>
  </testcase>
  <testcase classname="RegressionTest" name="test233" time="0.018"/>
  <testcase classname="RegressionTest" name="test234" time="0">
    <failure message="&apos;curse&apos; != &apos;copper&apos;" type="java.lang.AssertionError">java.lang.AssertionError: &apos;curse&apos; != &apos;copper&apos;
	at org.junit.Assert.fail(Assert.java:88)
	at org.junit.Assert.assertTrue(Assert.java:41)
	at RegressionTest.test234(RegressionTest.java:14667)
	at sun.reflect.NativeMethodAccessorImpl.invoke0(Native Method)
	at sun.reflect.NativeMethodAccessorImpl.invoke(NativeMethodAccessorImpl.java:62)
	at sun.reflect.DelegatingMethodAccessorImpl.invoke(DelegatingMethodAccessorImpl.java:43)
	at java.lang.reflect.Method.invoke(Method.java:498)
	at org.junit.runners.model.FrameworkMethod$1.runReflectiveCall(FrameworkMethod.java:47)
	at org.junit.internal.runners.model.ReflectiveCallable.run(ReflectiveCallable.java:12)
	at org.junit.runners.model.FrameworkMethod.invokeExplosively(FrameworkMethod.java:44)
	at org.junit.internal.runners.statements.InvokeMethod.evaluate(InvokeMethod.java:17)
	at org.junit.runners.ParentRunner.runLeaf(ParentRunner.java:271)
	at org.junit.runners.BlockJUnit4ClassRunner.runChild(BlockJUnit4ClassRunner.java:70)
	at org.junit.runners.BlockJUnit4ClassRunner.runChild(BlockJUnit4ClassRunner.java:50)
	at org.junit.runners.ParentRunner$3.run(ParentRunner.java:238)
	at org.junit.runners.ParentRunner$1.schedule(ParentRunner.java:63)
	at org.junit.runners.ParentRunner.runChildren(ParentRunner.java:236)
	at org.junit.runners.ParentRunner.access$000(ParentRunner.java:53)
	at org.junit.runners.ParentRunner$2.evaluate(ParentRunner.java:229)
	at org.junit.runners.ParentRunner.run(ParentRunner.java:309)
	at org.apache.maven.surefire.junit4.JUnit4Provider.execute(JUnit4Provider.java:252)
	at org.apache.maven.surefire.junit4.JUnit4Provider.executeTestSet(JUnit4Provider.java:141)
	at org.apache.maven.surefire.junit4.JUnit4Provider.invoke(JUnit4Provider.java:112)
	at sun.reflect.NativeMethodAccessorImpl.invoke0(Native Method)
	at sun.reflect.NativeMethodAccessorImpl.invoke(NativeMethodAccessorImpl.java:62)
	at sun.reflect.DelegatingMethodAccessorImpl.invoke(DelegatingMethodAccessorImpl.java:43)
	at java.lang.reflect.Method.invoke(Method.java:498)
	at org.apache.maven.surefire.util.ReflectionUtils.invokeMethodWithArray(ReflectionUtils.java:189)
	at org.apache.maven.surefire.booter.ProviderFactory$ProviderProxy.invoke(ProviderFactory.java:165)
	at org.apache.maven.surefire.booter.ProviderFactory.invokeProvider(ProviderFactory.java:85)
	at org.apache.maven.surefire.booter.ForkedBooter.runSuitesInProcess(ForkedBooter.java:115)
	at org.apache.maven.surefire.booter.ForkedBooter.main(ForkedBooter.java:75)
</failure>
    <system-out>Player1 had no coppers to discard. 
Player2 had no coppers to discard. 
hi! gained mine to top of deck.
hi! discarded council_room
hi! gained feast to top of deck.
</system-out>
  </testcase>
  <testcase classname="RegressionTest" name="test235" time="0">
    <failure message="&apos;curse&apos; != &apos;copper&apos;" type="java.lang.AssertionError">java.lang.AssertionError: &apos;curse&apos; != &apos;copper&apos;
	at org.junit.Assert.fail(Assert.java:88)
	at org.junit.Assert.assertTrue(Assert.java:41)
	at RegressionTest.test235(RegressionTest.java:14730)
	at sun.reflect.NativeMethodAccessorImpl.invoke0(Native Method)
	at sun.reflect.NativeMethodAccessorImpl.invoke(NativeMethodAccessorImpl.java:62)
	at sun.reflect.DelegatingMethodAccessorImpl.invoke(DelegatingMethodAccessorImpl.java:43)
	at java.lang.reflect.Method.invoke(Method.java:498)
	at org.junit.runners.model.FrameworkMethod$1.runReflectiveCall(FrameworkMethod.java:47)
	at org.junit.internal.runners.model.ReflectiveCallable.run(ReflectiveCallable.java:12)
	at org.junit.runners.model.FrameworkMethod.invokeExplosively(FrameworkMethod.java:44)
	at org.junit.internal.runners.statements.InvokeMethod.evaluate(InvokeMethod.java:17)
	at org.junit.runners.ParentRunner.runLeaf(ParentRunner.java:271)
	at org.junit.runners.BlockJUnit4ClassRunner.runChild(BlockJUnit4ClassRunner.java:70)
	at org.junit.runners.BlockJUnit4ClassRunner.runChild(BlockJUnit4ClassRunner.java:50)
	at org.junit.runners.ParentRunner$3.run(ParentRunner.java:238)
	at org.junit.runners.ParentRunner$1.schedule(ParentRunner.java:63)
	at org.junit.runners.ParentRunner.runChildren(ParentRunner.java:236)
	at org.junit.runners.ParentRunner.access$000(ParentRunner.java:53)
	at org.junit.runners.ParentRunner$2.evaluate(ParentRunner.java:229)
	at org.junit.runners.ParentRunner.run(ParentRunner.java:309)
	at org.apache.maven.surefire.junit4.JUnit4Provider.execute(JUnit4Provider.java:252)
	at org.apache.maven.surefire.junit4.JUnit4Provider.executeTestSet(JUnit4Provider.java:141)
	at org.apache.maven.surefire.junit4.JUnit4Provider.invoke(JUnit4Provider.java:112)
	at sun.reflect.NativeMethodAccessorImpl.invoke0(Native Method)
	at sun.reflect.NativeMethodAccessorImpl.invoke(NativeMethodAccessorImpl.java:62)
	at sun.reflect.DelegatingMethodAccessorImpl.invoke(DelegatingMethodAccessorImpl.java:43)
	at java.lang.reflect.Method.invoke(Method.java:498)
	at org.apache.maven.surefire.util.ReflectionUtils.invokeMethodWithArray(ReflectionUtils.java:189)
	at org.apache.maven.surefire.booter.ProviderFactory$ProviderProxy.invoke(ProviderFactory.java:165)
	at org.apache.maven.surefire.booter.ProviderFactory.invokeProvider(ProviderFactory.java:85)
	at org.apache.maven.surefire.booter.ForkedBooter.runSuitesInProcess(ForkedBooter.java:115)
	at org.apache.maven.surefire.booter.ForkedBooter.main(ForkedBooter.java:75)
</failure>
  </testcase>
  <testcase classname="RegressionTest" name="test236" time="0"/>
  <testcase classname="RegressionTest" name="test237" time="0.001"/>
  <testcase classname="RegressionTest" name="test238" time="0"/>
  <testcase classname="RegressionTest" name="test239" time="0">
    <failure type="java.lang.AssertionError">java.lang.AssertionError
	at org.junit.Assert.fail(Assert.java:86)
	at org.junit.Assert.assertTrue(Assert.java:41)
	at org.junit.Assert.assertTrue(Assert.java:52)
	at RegressionTest.test239(RegressionTest.java:14982)
	at sun.reflect.NativeMethodAccessorImpl.invoke0(Native Method)
	at sun.reflect.NativeMethodAccessorImpl.invoke(NativeMethodAccessorImpl.java:62)
	at sun.reflect.DelegatingMethodAccessorImpl.invoke(DelegatingMethodAccessorImpl.java:43)
	at java.lang.reflect.Method.invoke(Method.java:498)
	at org.junit.runners.model.FrameworkMethod$1.runReflectiveCall(FrameworkMethod.java:47)
	at org.junit.internal.runners.model.ReflectiveCallable.run(ReflectiveCallable.java:12)
	at org.junit.runners.model.FrameworkMethod.invokeExplosively(FrameworkMethod.java:44)
	at org.junit.internal.runners.statements.InvokeMethod.evaluate(InvokeMethod.java:17)
	at org.junit.runners.ParentRunner.runLeaf(ParentRunner.java:271)
	at org.junit.runners.BlockJUnit4ClassRunner.runChild(BlockJUnit4ClassRunner.java:70)
	at org.junit.runners.BlockJUnit4ClassRunner.runChild(BlockJUnit4ClassRunner.java:50)
	at org.junit.runners.ParentRunner$3.run(ParentRunner.java:238)
	at org.junit.runners.ParentRunner$1.schedule(ParentRunner.java:63)
	at org.junit.runners.ParentRunner.runChildren(ParentRunner.java:236)
	at org.junit.runners.ParentRunner.access$000(ParentRunner.java:53)
	at org.junit.runners.ParentRunner$2.evaluate(ParentRunner.java:229)
	at org.junit.runners.ParentRunner.run(ParentRunner.java:309)
	at org.apache.maven.surefire.junit4.JUnit4Provider.execute(JUnit4Provider.java:252)
	at org.apache.maven.surefire.junit4.JUnit4Provider.executeTestSet(JUnit4Provider.java:141)
	at org.apache.maven.surefire.junit4.JUnit4Provider.invoke(JUnit4Provider.java:112)
	at sun.reflect.NativeMethodAccessorImpl.invoke0(Native Method)
	at sun.reflect.NativeMethodAccessorImpl.invoke(NativeMethodAccessorImpl.java:62)
	at sun.reflect.DelegatingMethodAccessorImpl.invoke(DelegatingMethodAccessorImpl.java:43)
	at java.lang.reflect.Method.invoke(Method.java:498)
	at org.apache.maven.surefire.util.ReflectionUtils.invokeMethodWithArray(ReflectionUtils.java:189)
	at org.apache.maven.surefire.booter.ProviderFactory$ProviderProxy.invoke(ProviderFactory.java:165)
	at org.apache.maven.surefire.booter.ProviderFactory.invokeProvider(ProviderFactory.java:85)
	at org.apache.maven.surefire.booter.ForkedBooter.runSuitesInProcess(ForkedBooter.java:115)
	at org.apache.maven.surefire.booter.ForkedBooter.main(ForkedBooter.java:75)
</failure>
    <system-out>hi! gained curse
</system-out>
  </testcase>
  <testcase classname="RegressionTest" name="test240" time="0.018"/>
  <testcase classname="RegressionTest" name="test241" time="0">
    <failure type="java.lang.AssertionError">java.lang.AssertionError
	at org.junit.Assert.fail(Assert.java:86)
	at org.junit.Assert.assertTrue(Assert.java:41)
	at org.junit.Assert.assertTrue(Assert.java:52)
	at RegressionTest.test241(RegressionTest.java:15085)
	at sun.reflect.NativeMethodAccessorImpl.invoke0(Native Method)
	at sun.reflect.NativeMethodAccessorImpl.invoke(NativeMethodAccessorImpl.java:62)
	at sun.reflect.DelegatingMethodAccessorImpl.invoke(DelegatingMethodAccessorImpl.java:43)
	at java.lang.reflect.Method.invoke(Method.java:498)
	at org.junit.runners.model.FrameworkMethod$1.runReflectiveCall(FrameworkMethod.java:47)
	at org.junit.internal.runners.model.ReflectiveCallable.run(ReflectiveCallable.java:12)
	at org.junit.runners.model.FrameworkMethod.invokeExplosively(FrameworkMethod.java:44)
	at org.junit.internal.runners.statements.InvokeMethod.evaluate(InvokeMethod.java:17)
	at org.junit.runners.ParentRunner.runLeaf(ParentRunner.java:271)
	at org.junit.runners.BlockJUnit4ClassRunner.runChild(BlockJUnit4ClassRunner.java:70)
	at org.junit.runners.BlockJUnit4ClassRunner.runChild(BlockJUnit4ClassRunner.java:50)
	at org.junit.runners.ParentRunner$3.run(ParentRunner.java:238)
	at org.junit.runners.ParentRunner$1.schedule(ParentRunner.java:63)
	at org.junit.runners.ParentRunner.runChildren(ParentRunner.java:236)
	at org.junit.runners.ParentRunner.access$000(ParentRunner.java:53)
	at org.junit.runners.ParentRunner$2.evaluate(ParentRunner.java:229)
	at org.junit.runners.ParentRunner.run(ParentRunner.java:309)
	at org.apache.maven.surefire.junit4.JUnit4Provider.execute(JUnit4Provider.java:252)
	at org.apache.maven.surefire.junit4.JUnit4Provider.executeTestSet(JUnit4Provider.java:141)
	at org.apache.maven.surefire.junit4.JUnit4Provider.invoke(JUnit4Provider.java:112)
	at sun.reflect.NativeMethodAccessorImpl.invoke0(Native Method)
	at sun.reflect.NativeMethodAccessorImpl.invoke(NativeMethodAccessorImpl.java:62)
	at sun.reflect.DelegatingMethodAccessorImpl.invoke(DelegatingMethodAccessorImpl.java:43)
	at java.lang.reflect.Method.invoke(Method.java:498)
	at org.apache.maven.surefire.util.ReflectionUtils.invokeMethodWithArray(ReflectionUtils.java:189)
	at org.apache.maven.surefire.booter.ProviderFactory$ProviderProxy.invoke(ProviderFactory.java:165)
	at org.apache.maven.surefire.booter.ProviderFactory.invokeProvider(ProviderFactory.java:85)
	at org.apache.maven.surefire.booter.ForkedBooter.runSuitesInProcess(ForkedBooter.java:115)
	at org.apache.maven.surefire.booter.ForkedBooter.main(ForkedBooter.java:75)
</failure>
  </testcase>
  <testcase classname="RegressionTest" name="test242" time="0.001"/>
  <testcase classname="RegressionTest" name="test243" time="0.037">
    <failure type="java.lang.AssertionError">java.lang.AssertionError
	at org.junit.Assert.fail(Assert.java:86)
	at org.junit.Assert.assertTrue(Assert.java:41)
	at org.junit.Assert.assertTrue(Assert.java:52)
	at RegressionTest.test243(RegressionTest.java:15284)
	at sun.reflect.NativeMethodAccessorImpl.invoke0(Native Method)
	at sun.reflect.NativeMethodAccessorImpl.invoke(NativeMethodAccessorImpl.java:62)
	at sun.reflect.DelegatingMethodAccessorImpl.invoke(DelegatingMethodAccessorImpl.java:43)
	at java.lang.reflect.Method.invoke(Method.java:498)
	at org.junit.runners.model.FrameworkMethod$1.runReflectiveCall(FrameworkMethod.java:47)
	at org.junit.internal.runners.model.ReflectiveCallable.run(ReflectiveCallable.java:12)
	at org.junit.runners.model.FrameworkMethod.invokeExplosively(FrameworkMethod.java:44)
	at org.junit.internal.runners.statements.InvokeMethod.evaluate(InvokeMethod.java:17)
	at org.junit.runners.ParentRunner.runLeaf(ParentRunner.java:271)
	at org.junit.runners.BlockJUnit4ClassRunner.runChild(BlockJUnit4ClassRunner.java:70)
	at org.junit.runners.BlockJUnit4ClassRunner.runChild(BlockJUnit4ClassRunner.java:50)
	at org.junit.runners.ParentRunner$3.run(ParentRunner.java:238)
	at org.junit.runners.ParentRunner$1.schedule(ParentRunner.java:63)
	at org.junit.runners.ParentRunner.runChildren(ParentRunner.java:236)
	at org.junit.runners.ParentRunner.access$000(ParentRunner.java:53)
	at org.junit.runners.ParentRunner$2.evaluate(ParentRunner.java:229)
	at org.junit.runners.ParentRunner.run(ParentRunner.java:309)
	at org.apache.maven.surefire.junit4.JUnit4Provider.execute(JUnit4Provider.java:252)
	at org.apache.maven.surefire.junit4.JUnit4Provider.executeTestSet(JUnit4Provider.java:141)
	at org.apache.maven.surefire.junit4.JUnit4Provider.invoke(JUnit4Provider.java:112)
	at sun.reflect.NativeMethodAccessorImpl.invoke0(Native Method)
	at sun.reflect.NativeMethodAccessorImpl.invoke(NativeMethodAccessorImpl.java:62)
	at sun.reflect.DelegatingMethodAccessorImpl.invoke(DelegatingMethodAccessorImpl.java:43)
	at java.lang.reflect.Method.invoke(Method.java:498)
	at org.apache.maven.surefire.util.ReflectionUtils.invokeMethodWithArray(ReflectionUtils.java:189)
	at org.apache.maven.surefire.booter.ProviderFactory$ProviderProxy.invoke(ProviderFactory.java:165)
	at org.apache.maven.surefire.booter.ProviderFactory.invokeProvider(ProviderFactory.java:85)
	at org.apache.maven.surefire.booter.ForkedBooter.runSuitesInProcess(ForkedBooter.java:115)
	at org.apache.maven.surefire.booter.ForkedBooter.main(ForkedBooter.java:75)
</failure>
    <system-out>
STARTING NEW GAME!

Player1 is now starting a turn.
Shuffling Player1&apos;s deck.
copper was drawn from the deck.
copper was drawn from the deck.
estate was drawn from the deck.
copper was drawn from the deck.
estate was drawn from the deck.
Player1 gained curse card because of embargo token.
Player1 gained curse
Player1 gained curse card because of embargo token.
Player1 gained curse
Player1 bought duchy

Player2 is now starting a turn.
Shuffling Player2&apos;s deck.
copper was drawn from the deck.
copper was drawn from the deck.
estate was drawn from the deck.
copper was drawn from the deck.
copper was drawn from the deck.
Player2 gained curse card because of embargo token.
Player2 gained curse
Player2 gained curse card because of embargo token.
Player2 gained curse
Player2 bought duchy

Player1 is now starting a turn.
copper was drawn from the deck.
estate was drawn from the deck.
copper was drawn from the deck.
copper was drawn from the deck.
copper was drawn from the deck.
Player1 gained curse card because of embargo token.
Player1 gained curse
Player1 gained curse card because of embargo token.
Player1 gained curse
Player1 bought mine

Player2 is now starting a turn.
copper was drawn from the deck.
copper was drawn from the deck.
estate was drawn from the deck.
estate was drawn from the deck.
copper was drawn from the deck.
Player2 gained curse card because of embargo token.
Player2 gained curse
Player2 gained curse card because of embargo token.
Player2 gained curse
Player2 bought mine

Player1 is now starting a turn.
Shuffling Player1&apos;s deck.
copper was drawn from the deck.
curse was drawn from the deck.
copper was drawn from the deck.
curse was drawn from the deck.
estate was drawn from the deck.
Player1 gained curse card because of embargo token.
Player1 gained curse
Player1 gained curse card because of embargo token.
Player1 gained curse
Player1 bought great_hall

Player2 is now starting a turn.
Shuffling Player2&apos;s deck.
copper was drawn from the deck.
copper was drawn from the deck.
copper was drawn from the deck.
copper was drawn from the deck.
curse was drawn from the deck.
Player2 bought seahag

Player1 is now starting a turn.
copper was drawn from the deck.
copper was drawn from the deck.
copper was drawn from the deck.
curse was drawn from the deck.
curse was drawn from the deck.
Player1 bought silver

Player2 is now starting a turn.
mine was drawn from the deck.
estate was drawn from the deck.
estate was drawn from the deck.
estate was drawn from the deck.
curse was drawn from the deck.
Playing action card: mine
Player2 bought village

Player1 is now starting a turn.
duchy was drawn from the deck.
estate was drawn from the deck.
copper was drawn from the deck.
copper was drawn from the deck.
estate was drawn from the deck.
Player1 bought seahag

Player2 is now starting a turn.
curse was drawn from the deck.
curse was drawn from the deck.
copper was drawn from the deck.
duchy was drawn from the deck.
copper was drawn from the deck.
Player2 bought estate

Player1 is now starting a turn.
mine was drawn from the deck.
Shuffling Player1&apos;s deck.
copper was drawn from the deck.
curse was drawn from the deck.
estate was drawn from the deck.
curse was drawn from the deck.
Playing action card: mine
Player1 gained gold
Player1 bought mine

Player2 is now starting a turn.
copper was drawn from the deck.
Shuffling Player2&apos;s deck.
copper was drawn from the deck.
mine was drawn from the deck.
copper was drawn from the deck.
curse was drawn from the deck.
Playing action card: mine
Player2 gained gold
Player2 bought gold

Player1 is now starting a turn.
copper was drawn from the deck.
copper was drawn from the deck.
estate was drawn from the deck.
copper was drawn from the deck.
silver was drawn from the deck.
Player1 bought adventurer

Player2 is now starting a turn.
copper was drawn from the deck.
estate was drawn from the deck.
estate was drawn from the deck.
duchy was drawn from the deck.
curse was drawn from the deck.
Player2 bought great_hall

Player1 is now starting a turn.
copper was drawn from the deck.
curse was drawn from the deck.
seahag was drawn from the deck.
copper was drawn from the deck.
curse was drawn from the deck.
Playing action card: seahag
curse was drawn from the deck.
Player2 discarded curse
Player2 gained curse to top of deck.
Player1 bought estate

Player2 is now starting a turn.
curse was drawn from the deck.
village was drawn from the deck.
seahag was drawn from the deck.
estate was drawn from the deck.
copper was drawn from the deck.
Playing action card: village
estate was drawn from the deck.
Playing action card: seahag
copper was drawn from the deck.
Player1 discarded copper
Player1 gained curse to top of deck.
Player2 bought ambassador

Player1 is now starting a turn.
curse was drawn from the deck.
curse was drawn from the deck.
curse was drawn from the deck.
estate was drawn from the deck.
great_hall was drawn from the deck.
Playing action card: great_hall
duchy was drawn from the deck.
Player1 bought copper

Player2 is now starting a turn.
curse was drawn from the deck.
copper was drawn from the deck.
copper was drawn from the deck.
Shuffling Player2&apos;s deck.
copper was drawn from the deck.
curse was drawn from the deck.
Player2 bought silver

Player1 is now starting a turn.
Shuffling Player1&apos;s deck.
curse was drawn from the deck.
curse was drawn from the deck.
mine was drawn from the deck.
copper was drawn from the deck.
curse was drawn from the deck.
Playing action card: mine
Player1 gained gold
Player1 bought smithy

Player2 is now starting a turn.
estate was drawn from the deck.
estate was drawn from the deck.
estate was drawn from the deck.
estate was drawn from the deck.
copper was drawn from the deck.
Player2 bought mine

Player1 is now starting a turn.
estate was drawn from the deck.
mine was drawn from the deck.
estate was drawn from the deck.
copper was drawn from the deck.
curse was drawn from the deck.
Playing action card: mine
Player1 gained gold
Player1 bought gold

Player2 is now starting a turn.
copper was drawn from the deck.
copper was drawn from the deck.
curse was drawn from the deck.
duchy was drawn from the deck.
great_hall was drawn from the deck.
Playing action card: great_hall
village was drawn from the deck.
Playing action card: village
copper was drawn from the deck.
Player2 bought ambassador

Player1 is now starting a turn.
copper was drawn from the deck.
duchy was drawn from the deck.
copper was drawn from the deck.
estate was drawn from the deck.
copper was drawn from the deck.
Player1 bought seahag

Player2 is now starting a turn.
gold was drawn from the deck.
curse was drawn from the deck.
curse was drawn from the deck.
ambassador was drawn from the deck.
seahag was drawn from the deck.
Playing action card: seahag
adventurer was drawn from the deck.
Player1 discarded adventurer
Player1 gained curse to top of deck.
Player2 bought ambassador

Player1 is now starting a turn.
curse was drawn from the deck.
curse was drawn from the deck.
silver was drawn from the deck.
seahag was drawn from the deck.
curse was drawn from the deck.
Playing action card: seahag
gold was drawn from the deck.
Player2 discarded gold
Player2 gained curse to top of deck.
Player1 bought estate

Player2 is now starting a turn.
curse was drawn from the deck.
mine was drawn from the deck.
Shuffling Player2&apos;s deck.
curse was drawn from the deck.
seahag was drawn from the deck.
mine was drawn from the deck.
Playing action card: mine
Player2 bought copper

Player1 is now starting a turn.
curse was drawn from the deck.
gold was drawn from the deck.
copper was drawn from the deck.
copper was drawn from the deck.
great_hall was drawn from the deck.
Playing action card: great_hall
estate was drawn from the deck.
Player1 bought adventurer

Player2 is now starting a turn.
silver was drawn from the deck.
ambassador was drawn from the deck.
estate was drawn from the deck.
curse was drawn from the deck.
ambassador was drawn from the deck.
Playing action card: ambassador
Player2 returned 0 copies of ambassador
Player1 gained ambassador
Player2 bought village

Player1 is now starting a turn.
copper was drawn from the deck.
Shuffling Player1&apos;s deck.
copper was drawn from the deck.
curse was drawn from the deck.
estate was drawn from the deck.
curse was drawn from the deck.
Player1 bought great_hall

Player2 is now starting a turn.
ambassador was drawn from the deck.
copper was drawn from the deck.
copper was drawn from the deck.
copper was drawn from the deck.
copper was drawn from the deck.
Playing action card: ambassador
Player2 returned 0 copies of copper
Player1 gained copper
Player2 bought smithy

Player1 is now starting a turn.
curse was drawn from the deck.
smithy was drawn from the deck.
curse was drawn from the deck.
adventurer was drawn from the deck.
great_hall was drawn from the deck.
Playing action card: smithy
curse was drawn from the deck.
estate was drawn from the deck.
Player1 bought copper

Player2 is now starting a turn.
estate was drawn from the deck.
estate was drawn from the deck.
duchy was drawn from the deck.
gold was drawn from the deck.
copper was drawn from the deck.
Player2 bought adventurer

Player1 is now starting a turn.
curse was drawn from the deck.
gold was drawn from the deck.
gold was drawn from the deck.
copper was drawn from the deck.
estate was drawn from the deck.
Player1 bought province

Player2 is now starting a turn.
gold was drawn from the deck.
curse was drawn from the deck.
estate was drawn from the deck.
curse was drawn from the deck.
copper was drawn from the deck.
Player2 bought duchy

Player1 is now starting a turn.
seahag was drawn from the deck.
estate was drawn from the deck.
ambassador was drawn from the deck.
curse was drawn from the deck.
mine was drawn from the deck.
Playing action card: seahag
great_hall was drawn from the deck.
Player2 discarded great_hall
Player2 gained curse to top of deck.
Player1 bought copper

Player2 is now starting a turn.
curse was drawn from the deck.
copper was drawn from the deck.
curse was drawn from the deck.
village was drawn from the deck.
Shuffling Player2&apos;s deck.
gold was drawn from the deck.
Playing action card: village
seahag was drawn from the deck.
Playing action card: seahag
estate was drawn from the deck.
Player1 discarded estate
Player1 gained curse to top of deck.
Player2 bought smithy

Player1 is now starting a turn.
curse was drawn from the deck.
duchy was drawn from the deck.
copper was drawn from the deck.
curse was drawn from the deck.
copper was drawn from the deck.
Player1 bought estate

Player2 is now starting a turn.
curse was drawn from the deck.
copper was drawn from the deck.
curse was drawn from the deck.
great_hall was drawn from the deck.
mine was drawn from the deck.
Playing action card: mine
Player2 gained gold
Player2 bought seahag

Player1 is now starting a turn.
mine was drawn from the deck.
gold was drawn from the deck.
adventurer was drawn from the deck.
seahag was drawn from the deck.
gold was drawn from the deck.
Playing action card: adventurer
silver was drawn from the deck.
copper was drawn from the deck.
Player1 bought province

Player2 is now starting a turn.
copper was drawn from the deck.
mine was drawn from the deck.
duchy was drawn from the deck.
ambassador was drawn from the deck.
estate was drawn from the deck.
Playing action card: ambassador
Player2 returned 0 copies of copper
Player1 gained copper
Player2 bought estate

Player1 is now starting a turn.
copper was drawn from the deck.
copper was drawn from the deck.
Shuffling Player1&apos;s deck.
silver was drawn from the deck.
mine was drawn from the deck.
seahag was drawn from the deck.
Playing action card: mine
Player1 gained gold
Player1 bought adventurer

Player2 is now starting a turn.
estate was drawn from the deck.
copper was drawn from the deck.
copper was drawn from the deck.
copper was drawn from the deck.
smithy was drawn from the deck.
Playing action card: smithy
copper was drawn from the deck.
ambassador was drawn from the deck.
Player2 bought duchy

Player1 is now starting a turn.
copper was drawn from the deck.
copper was drawn from the deck.
copper was drawn from the deck.
copper was drawn from the deck.
gold was drawn from the deck.
Player1 bought adventurer

Player2 is now starting a turn.
silver was drawn from the deck.
village was drawn from the deck.
estate was drawn from the deck.
duchy was drawn from the deck.
gold was drawn from the deck.
Playing action card: village
curse was drawn from the deck.
Player2 bought adventurer

Player1 is now starting a turn.
curse was drawn from the deck.
curse was drawn from the deck.
curse was drawn from the deck.
province was drawn from the deck.
duchy was drawn from the deck.
Player1 bought copper

Player2 is now starting a turn.
copper was drawn from the deck.
ambassador was drawn from the deck.
curse was drawn from the deck.
curse was drawn from the deck.
adventurer was drawn from the deck.
Playing action card: adventurer
estate was drawn from the deck.
Player2 discarded estate
Player2 bought copper

Player1 is now starting a turn.
curse was drawn from the deck.
estate was drawn from the deck.
curse was drawn from the deck.
curse was drawn from the deck.
estate was drawn from the deck.
Player1 bought estate

Player2 is now starting a turn.
Shuffling Player2&apos;s deck.
smithy was drawn from the deck.
gold was drawn from the deck.
curse was drawn from the deck.
smithy was drawn from the deck.
curse was drawn from the deck.
Playing action card: smithy
duchy was drawn from the deck.
estate was drawn from the deck.
Player2 bought smithy

Player1 is now starting a turn.
curse was drawn from the deck.
smithy was drawn from the deck.
estate was drawn from the deck.
province was drawn from the deck.
estate was drawn from the deck.
Playing action card: smithy
copper was drawn from the deck.
mine was drawn from the deck.
Player1 bought great_hall

Player2 is now starting a turn.
ambassador was drawn from the deck.
mine was drawn from the deck.
curse was drawn from the deck.
seahag was drawn from the deck.
silver was drawn from the deck.
Playing action card: mine
Player2 gained gold
Player2 bought duchy

Player1 is now starting a turn.
copper was drawn from the deck.
great_hall was drawn from the deck.
copper was drawn from the deck.
great_hall was drawn from the deck.
adventurer was drawn from the deck.
Playing action card: great_hall
gold was drawn from the deck.
Playing action card: adventurer
seahag was drawn from the deck.
Player1 discarded seahag
copper was drawn from the deck.
gold was drawn from the deck.
Player1 bought province

Player2 is now starting a turn.
gold was drawn from the deck.
gold was drawn from the deck.
adventurer was drawn from the deck.
great_hall was drawn from the deck.
curse was drawn from the deck.
Playing action card: great_hall
copper was drawn from the deck.
Playing action card: adventurer
duchy was drawn from the deck.
Player2 discarded duchy
ambassador was drawn from the deck.
Player2 discarded ambassador
curse was drawn from the deck.
Player2 discarded curse
village was drawn from the deck.
Player2 discarded village
village was drawn from the deck.
Player2 discarded village
adventurer was drawn from the deck.
Player2 discarded adventurer
mine was drawn from the deck.
Player2 discarded mine
curse was drawn from the deck.
Player2 discarded curse
copper was drawn from the deck.
estate was drawn from the deck.
Player2 discarded estate
copper was drawn from the deck.
Player2 bought province

Player1 is now starting a turn.
gold was drawn from the deck.
curse was drawn from the deck.
adventurer was drawn from the deck.
ambassador was drawn from the deck.
curse was drawn from the deck.
Playing action card: adventurer
copper was drawn from the deck.
copper was drawn from the deck.
Player1 bought mine

Player2 is now starting a turn.
copper was drawn from the deck.
ambassador was drawn from the deck.
copper was drawn from the deck.
estate was drawn from the deck.
curse was drawn from the deck.
Playing action card: ambassador
Player2 returned 0 copies of curse
Player2 bought ambassador

Player1 is now starting a turn.
estate was drawn from the deck.
estate was drawn from the deck.
Shuffling Player1&apos;s deck.
curse was drawn from the deck.
great_hall was drawn from the deck.
adventurer was drawn from the deck.
Playing action card: adventurer
copper was drawn from the deck.
copper was drawn from the deck.
Player1 bought gardens

Player2 is now starting a turn.
copper was drawn from the deck.
seahag was drawn from the deck.
copper was drawn from the deck.
estate was drawn from the deck.
copper was drawn from the deck.
Playing action card: seahag
great_hall was drawn from the deck.
Player1 discarded great_hall
Player1 gained curse to top of deck.
Player2 bought cutpurse

Player1 is now starting a turn.
curse was drawn from the deck.
copper was drawn from the deck.
copper was drawn from the deck.
gold was drawn from the deck.
curse was drawn from the deck.
Player1 bought duchy

Player2 is now starting a turn.
duchy was drawn from the deck.
copper was drawn from the deck.
estate was drawn from the deck.
Shuffling Player2&apos;s deck.
curse was drawn from the deck.
estate was drawn from the deck.
Player2 bought silver

Player1 is now starting a turn.
copper was drawn from the deck.
copper was drawn from the deck.
curse was drawn from the deck.
adventurer was drawn from the deck.
silver was drawn from the deck.
Playing action card: adventurer
seahag was drawn from the deck.
Player1 discarded seahag
mine was drawn from the deck.
Player1 discarded mine
estate was drawn from the deck.
Player1 discarded estate
copper was drawn from the deck.
adventurer was drawn from the deck.
Player1 discarded adventurer
curse was drawn from the deck.
Player1 discarded curse
estate was drawn from the deck.
Player1 discarded estate
province was drawn from the deck.
Player1 discarded province
seahag was drawn from the deck.
Player1 discarded seahag
mine was drawn from the deck.
Player1 discarded mine
copper was drawn from the deck.
Player1 bought adventurer

Player2 is now starting a turn.
smithy was drawn from the deck.
duchy was drawn from the deck.
village was drawn from the deck.
copper was drawn from the deck.
adventurer was drawn from the deck.
Playing action card: village
province was drawn from the deck.
Playing action card: smithy
gold was drawn from the deck.
copper was drawn from the deck.
Playing action card: adventurer
curse was drawn from the deck.
Player2 discarded curse
copper was drawn from the deck.
gold was drawn from the deck.
Player2 bought province

Player1 is now starting a turn.
copper was drawn from the deck.
curse was drawn from the deck.
gold was drawn from the deck.
province was drawn from the deck.
curse was drawn from the deck.
Player1 bought smithy

Player2 is now starting a turn.
curse was drawn from the deck.
seahag was drawn from the deck.
ambassador was drawn from the deck.
ambassador was drawn from the deck.
curse was drawn from the deck.
Playing action card: seahag
ambassador was drawn from the deck.
Player1 discarded ambassador
Player1 gained curse to top of deck.
Player2 bought copper

Player1 is now starting a turn.
curse was drawn from the deck.
copper was drawn from the deck.
gold was drawn from the deck.
smithy was drawn from the deck.
curse was drawn from the deck.
Playing action card: smithy
great_hall was drawn from the deck.
mine was drawn from the deck.
Player1 bought seahag

Player2 is now starting a turn.
village was drawn from the deck.
curse was drawn from the deck.
silver was drawn from the deck.
estate was drawn from the deck.
curse was drawn from the deck.
Playing action card: village
smithy was drawn from the deck.
Playing action card: smithy
copper was drawn from the deck.
gold was drawn from the deck.
Player2 bought adventurer

Player1 is now starting a turn.
adventurer was drawn from the deck.
curse was drawn from the deck.
province was drawn from the deck.
estate was drawn from the deck.
gold was drawn from the deck.
Playing action card: adventurer
copper was drawn from the deck.
estate was drawn from the deck.
Player1 discarded estate
estate was drawn from the deck.
Player1 discarded estate
duchy was drawn from the deck.
Player1 discarded duchy
copper was drawn from the deck.
Player1 bought gold

Player2 is now starting a turn.
estate was drawn from the deck.
smithy was drawn from the deck.
duchy was drawn from the deck.
mine was drawn from the deck.
seahag was drawn from the deck.
Playing action card: seahag
gold was drawn from the deck.
Player1 discarded gold
Player1 gained curse to top of deck.
Player2 bought copper

Player1 is now starting a turn.
curse was drawn from the deck.
curse was drawn from the deck.
copper was drawn from the deck.
Shuffling Player1&apos;s deck.
estate was drawn from the deck.
gold was drawn from the deck.
Player1 bought duchy

Player2 is now starting a turn.
duchy was drawn from the deck.
curse was drawn from the deck.
copper was drawn from the deck.
gold was drawn from the deck.
copper was drawn from the deck.
Player2 bought mine

Player1 is now starting a turn.
adventurer was drawn from the deck.
smithy was drawn from the deck.
gold was drawn from the deck.
copper was drawn from the deck.
silver was drawn from the deck.
Playing action card: smithy
curse was drawn from the deck.
curse was drawn from the deck.
Player1 bought gold

Player2 is now starting a turn.
mine was drawn from the deck.
ambassador was drawn from the deck.
copper was drawn from the deck.
copper was drawn from the deck.
great_hall was drawn from the deck.
Playing action card: mine
Player2 gained gold
Player2 bought mine

Player1 is now starting a turn.
estate was drawn from the deck.
curse was drawn from the deck.
estate was drawn from the deck.
curse was drawn from the deck.
copper was drawn from the deck.
Player1 bought silver

Player2 is now starting a turn.
ambassador was drawn from the deck.
estate was drawn from the deck.
adventurer was drawn from the deck.
cutpurse was drawn from the deck.
Shuffling Player2&apos;s deck.
copper was drawn from the deck.
Playing action card: ambassador
Player2 returned 0 copies of cutpurse
Player1 gained cutpurse
Player2 bought embargo

Player1 is now starting a turn.
mine was drawn from the deck.
duchy was drawn from the deck.
smithy was drawn from the deck.
gardens was drawn from the deck.
estate was drawn from the deck.
Playing action card: mine
Player1 bought copper

Player2 is now starting a turn.
curse was drawn from the deck.
copper was drawn from the deck.
gold was drawn from the deck.
copper was drawn from the deck.
province was drawn from the deck.
Player2 bought duchy

Player1 is now starting a turn.
copper was drawn from the deck.
gold was drawn from the deck.
great_hall was drawn from the deck.
copper was drawn from the deck.
copper was drawn from the deck.
Playing action card: great_hall
copper was drawn from the deck.
Player1 bought gold

Player2 is now starting a turn.
copper was drawn from the deck.
copper was drawn from the deck.
gold was drawn from the deck.
estate was drawn from the deck.
smithy was drawn from the deck.
Playing action card: smithy
copper was drawn from the deck.
copper was drawn from the deck.
Player2 bought province

Player1 is now starting a turn.
seahag was drawn from the deck.
curse was drawn from the deck.
copper was drawn from the deck.
copper was drawn from the deck.
copper was drawn from the deck.
Playing action card: seahag
silver was drawn from the deck.
Player2 discarded silver
Player2 gained curse to top of deck.
Player1 bought ambassador

Player2 is now starting a turn.
curse was drawn from the deck.
duchy was drawn from the deck.
province was drawn from the deck.
great_hall was drawn from the deck.
curse was drawn from the deck.
Playing action card: great_hall
gold was drawn from the deck.
Player2 bought village

Player1 is now starting a turn.
estate was drawn from the deck.
gold was drawn from the deck.
curse was drawn from the deck.
curse was drawn from the deck.
province was drawn from the deck.
Player1 bought smithy

Player2 is now starting a turn.
mine was drawn from the deck.
seahag was drawn from the deck.
mine was drawn from the deck.
silver was drawn from the deck.
ambassador was drawn from the deck.
Playing action card: seahag
great_hall was drawn from the deck.
Player1 discarded great_hall
Player1 gained curse to top of deck.
Player2 bought estate

Player1 is now starting a turn.
curse was drawn from the deck.
copper was drawn from the deck.
curse was drawn from the deck.
copper was drawn from the deck.
curse was drawn from the deck.
Player1 bought estate

Player2 is now starting a turn.
curse was drawn from the deck.
copper was drawn from the deck.
estate was drawn from the deck.
copper was drawn from the deck.
curse was drawn from the deck.
Player2 bought village

Player1 is now starting a turn.
adventurer was drawn from the deck.
adventurer was drawn from the deck.
mine was drawn from the deck.
seahag was drawn from the deck.
estate was drawn from the deck.
Playing action card: adventurer
adventurer was drawn from the deck.
Player1 discarded adventurer
gold was drawn from the deck.
province was drawn from the deck.
Player1 discarded province
seahag was drawn from the deck.
Player1 discarded seahag
mine was drawn from the deck.
Player1 discarded mine
ambassador was drawn from the deck.
Player1 discarded ambassador
great_hall was drawn from the deck.
Player1 discarded great_hall
province was drawn from the deck.
Player1 discarded province
estate was drawn from the deck.
Player1 discarded estate
duchy was drawn from the deck.
Player1 discarded duchy
curse was drawn from the deck.
Player1 discarded curse
gold was drawn from the deck.
Player1 bought adventurer

Player2 is now starting a turn.
smithy was drawn from the deck.
duchy was drawn from the deck.
curse was drawn from the deck.
duchy was drawn from the deck.
smithy was drawn from the deck.
Playing action card: smithy
village was drawn from the deck.
adventurer was drawn from the deck.
Player2 bought copper

Player1 is now starting a turn.
adventurer was drawn from the deck.
copper was drawn from the deck.
Shuffling Player1&apos;s deck.
gold was drawn from the deck.
adventurer was drawn from the deck.
copper was drawn from the deck.
Playing action card: adventurer
curse was drawn from the deck.
Player1 discarded curse
gold was drawn from the deck.
curse was drawn from the deck.
Player1 discarded curse
curse was drawn from the deck.
Player1 discarded curse
gold was drawn from the deck.
Player1 bought province

Player2 is now starting a turn.
gold was drawn from the deck.
mine was drawn from the deck.
estate was drawn from the deck.
ambassador was drawn from the deck.
gold was drawn from the deck.
Playing action card: mine
Player2 gained gold
Player2 bought province
GAME OVER! Province card pile is empty. 
Player1: 379
Player2: 459
ambassador was drawn from the deck.
estate was drawn from the deck.
Player1 had no coppers to discard. 
Player2 had no coppers to discard. 
hi! gained great_hall to top of deck.

STARTING NEW GAME!

Player1 is now starting a turn.
Shuffling Player1&apos;s deck.
copper was drawn from the deck.
copper was drawn from the deck.
estate was drawn from the deck.
copper was drawn from the deck.
estate was drawn from the deck.
Player1 gained curse card because of embargo token.
Player1 gained curse
Player1 gained curse card because of embargo token.
Player1 gained curse
Player1 bought duchy

Player2 is now starting a turn.
Shuffling Player2&apos;s deck.
copper was drawn from the deck.
copper was drawn from the deck.
estate was drawn from the deck.
copper was drawn from the deck.
copper was drawn from the deck.
Player2 gained curse card because of embargo token.
Player2 gained curse
Player2 gained curse card because of embargo token.
Player2 gained curse
Player2 bought duchy

Player1 is now starting a turn.
copper was drawn from the deck.
estate was drawn from the deck.
copper was drawn from the deck.
copper was drawn from the deck.
copper was drawn from the deck.
Player1 gained curse card because of embargo token.
Player1 gained curse
Player1 gained curse card because of embargo token.
Player1 gained curse
Player1 bought mine

Player2 is now starting a turn.
copper was drawn from the deck.
copper was drawn from the deck.
estate was drawn from the deck.
estate was drawn from the deck.
copper was drawn from the deck.
Player2 gained curse card because of embargo token.
Player2 gained curse
Player2 gained curse card because of embargo token.
Player2 gained curse
Player2 bought mine

Player1 is now starting a turn.
Shuffling Player1&apos;s deck.
copper was drawn from the deck.
curse was drawn from the deck.
copper was drawn from the deck.
curse was drawn from the deck.
estate was drawn from the deck.
Player1 gained curse card because of embargo token.
Player1 gained curse
Player1 gained curse card because of embargo token.
Player1 gained curse
Player1 bought great_hall

Player2 is now starting a turn.
Shuffling Player2&apos;s deck.
copper was drawn from the deck.
copper was drawn from the deck.
copper was drawn from the deck.
copper was drawn from the deck.
curse was drawn from the deck.
Player2 bought seahag

Player1 is now starting a turn.
copper was drawn from the deck.
copper was drawn from the deck.
copper was drawn from the deck.
curse was drawn from the deck.
curse was drawn from the deck.
Player1 bought silver

Player2 is now starting a turn.
mine was drawn from the deck.
estate was drawn from the deck.
estate was drawn from the deck.
estate was drawn from the deck.
curse was drawn from the deck.
Playing action card: mine
Player2 bought village

Player1 is now starting a turn.
duchy was drawn from the deck.
estate was drawn from the deck.
copper was drawn from the deck.
copper was drawn from the deck.
estate was drawn from the deck.
Player1 bought seahag

Player2 is now starting a turn.
curse was drawn from the deck.
curse was drawn from the deck.
copper was drawn from the deck.
duchy was drawn from the deck.
copper was drawn from the deck.
Player2 bought estate

Player1 is now starting a turn.
mine was drawn from the deck.
Shuffling Player1&apos;s deck.
copper was drawn from the deck.
curse was drawn from the deck.
estate was drawn from the deck.
curse was drawn from the deck.
Playing action card: mine
Player1 gained gold
Player1 bought mine

Player2 is now starting a turn.
copper was drawn from the deck.
Shuffling Player2&apos;s deck.
copper was drawn from the deck.
mine was drawn from the deck.
copper was drawn from the deck.
curse was drawn from the deck.
Playing action card: mine
Player2 gained gold
Player2 bought gold

Player1 is now starting a turn.
copper was drawn from the deck.
copper was drawn from the deck.
estate was drawn from the deck.
copper was drawn from the deck.
silver was drawn from the deck.
Player1 bought adventurer

Player2 is now starting a turn.
copper was drawn from the deck.
estate was drawn from the deck.
estate was drawn from the deck.
duchy was drawn from the deck.
curse was drawn from the deck.
Player2 bought great_hall

Player1 is now starting a turn.
copper was drawn from the deck.
curse was drawn from the deck.
seahag was drawn from the deck.
copper was drawn from the deck.
curse was drawn from the deck.
Playing action card: seahag
curse was drawn from the deck.
Player2 discarded curse
Player2 gained curse to top of deck.
Player1 bought estate

Player2 is now starting a turn.
curse was drawn from the deck.
village was drawn from the deck.
seahag was drawn from the deck.
estate was drawn from the deck.
copper was drawn from the deck.
Playing action card: village
estate was drawn from the deck.
Playing action card: seahag
copper was drawn from the deck.
Player1 discarded copper
Player1 gained curse to top of deck.
Player2 bought ambassador

Player1 is now starting a turn.
curse was drawn from the deck.
curse was drawn from the deck.
curse was drawn from the deck.
estate was drawn from the deck.
great_hall was drawn from the deck.
Playing action card: great_hall
duchy was drawn from the deck.
Player1 bought copper

Player2 is now starting a turn.
curse was drawn from the deck.
copper was drawn from the deck.
copper was drawn from the deck.
Shuffling Player2&apos;s deck.
copper was drawn from the deck.
curse was drawn from the deck.
Player2 bought silver

Player1 is now starting a turn.
Shuffling Player1&apos;s deck.
curse was drawn from the deck.
curse was drawn from the deck.
mine was drawn from the deck.
copper was drawn from the deck.
curse was drawn from the deck.
Playing action card: mine
Player1 gained gold
Player1 bought smithy

Player2 is now starting a turn.
estate was drawn from the deck.
estate was drawn from the deck.
estate was drawn from the deck.
estate was drawn from the deck.
copper was drawn from the deck.
Player2 bought mine

Player1 is now starting a turn.
estate was drawn from the deck.
mine was drawn from the deck.
estate was drawn from the deck.
copper was drawn from the deck.
curse was drawn from the deck.
Playing action card: mine
Player1 gained gold
Player1 bought gold

Player2 is now starting a turn.
copper was drawn from the deck.
copper was drawn from the deck.
curse was drawn from the deck.
duchy was drawn from the deck.
great_hall was drawn from the deck.
Playing action card: great_hall
village was drawn from the deck.
Playing action card: village
copper was drawn from the deck.
Player2 bought ambassador

Player1 is now starting a turn.
copper was drawn from the deck.
duchy was drawn from the deck.
copper was drawn from the deck.
estate was drawn from the deck.
copper was drawn from the deck.
Player1 bought seahag

Player2 is now starting a turn.
gold was drawn from the deck.
curse was drawn from the deck.
curse was drawn from the deck.
ambassador was drawn from the deck.
seahag was drawn from the deck.
Playing action card: seahag
adventurer was drawn from the deck.
Player1 discarded adventurer
Player1 gained curse to top of deck.
Player2 bought ambassador

Player1 is now starting a turn.
curse was drawn from the deck.
curse was drawn from the deck.
silver was drawn from the deck.
seahag was drawn from the deck.
curse was drawn from the deck.
Playing action card: seahag
gold was drawn from the deck.
Player2 discarded gold
Player2 gained curse to top of deck.
Player1 bought estate

Player2 is now starting a turn.
curse was drawn from the deck.
mine was drawn from the deck.
Shuffling Player2&apos;s deck.
curse was drawn from the deck.
seahag was drawn from the deck.
mine was drawn from the deck.
Playing action card: mine
Player2 bought copper

Player1 is now starting a turn.
curse was drawn from the deck.
gold was drawn from the deck.
copper was drawn from the deck.
copper was drawn from the deck.
great_hall was drawn from the deck.
Playing action card: great_hall
estate was drawn from the deck.
Player1 bought adventurer

Player2 is now starting a turn.
silver was drawn from the deck.
ambassador was drawn from the deck.
estate was drawn from the deck.
curse was drawn from the deck.
ambassador was drawn from the deck.
Playing action card: ambassador
Player2 returned 0 copies of ambassador
Player1 gained ambassador
Player2 bought village

Player1 is now starting a turn.
copper was drawn from the deck.
Shuffling Player1&apos;s deck.
copper was drawn from the deck.
curse was drawn from the deck.
estate was drawn from the deck.
curse was drawn from the deck.
Player1 bought great_hall

Player2 is now starting a turn.
ambassador was drawn from the deck.
copper was drawn from the deck.
copper was drawn from the deck.
copper was drawn from the deck.
copper was drawn from the deck.
Playing action card: ambassador
Player2 returned 0 copies of copper
Player1 gained copper
Player2 bought smithy

Player1 is now starting a turn.
curse was drawn from the deck.
smithy was drawn from the deck.
curse was drawn from the deck.
adventurer was drawn from the deck.
great_hall was drawn from the deck.
Playing action card: smithy
curse was drawn from the deck.
estate was drawn from the deck.
Player1 bought copper

Player2 is now starting a turn.
estate was drawn from the deck.
estate was drawn from the deck.
duchy was drawn from the deck.
gold was drawn from the deck.
copper was drawn from the deck.
Player2 bought adventurer

Player1 is now starting a turn.
curse was drawn from the deck.
gold was drawn from the deck.
gold was drawn from the deck.
copper was drawn from the deck.
estate was drawn from the deck.
Player1 bought province

Player2 is now starting a turn.
gold was drawn from the deck.
curse was drawn from the deck.
estate was drawn from the deck.
curse was drawn from the deck.
copper was drawn from the deck.
Player2 bought duchy

Player1 is now starting a turn.
seahag was drawn from the deck.
estate was drawn from the deck.
ambassador was drawn from the deck.
curse was drawn from the deck.
mine was drawn from the deck.
Playing action card: seahag
great_hall was drawn from the deck.
Player2 discarded great_hall
Player2 gained curse to top of deck.
Player1 bought copper

Player2 is now starting a turn.
curse was drawn from the deck.
copper was drawn from the deck.
curse was drawn from the deck.
village was drawn from the deck.
Shuffling Player2&apos;s deck.
gold was drawn from the deck.
Playing action card: village
seahag was drawn from the deck.
Playing action card: seahag
estate was drawn from the deck.
Player1 discarded estate
Player1 gained curse to top of deck.
Player2 bought smithy

Player1 is now starting a turn.
curse was drawn from the deck.
duchy was drawn from the deck.
copper was drawn from the deck.
curse was drawn from the deck.
copper was drawn from the deck.
Player1 bought estate

Player2 is now starting a turn.
curse was drawn from the deck.
copper was drawn from the deck.
curse was drawn from the deck.
great_hall was drawn from the deck.
mine was drawn from the deck.
Playing action card: mine
Player2 gained gold
Player2 bought seahag

Player1 is now starting a turn.
mine was drawn from the deck.
gold was drawn from the deck.
adventurer was drawn from the deck.
seahag was drawn from the deck.
gold was drawn from the deck.
Playing action card: adventurer
silver was drawn from the deck.
copper was drawn from the deck.
Player1 bought province

Player2 is now starting a turn.
copper was drawn from the deck.
mine was drawn from the deck.
duchy was drawn from the deck.
ambassador was drawn from the deck.
estate was drawn from the deck.
Playing action card: ambassador
Player2 returned 0 copies of copper
Player1 gained copper
Player2 bought estate

Player1 is now starting a turn.
copper was drawn from the deck.
copper was drawn from the deck.
Shuffling Player1&apos;s deck.
silver was drawn from the deck.
mine was drawn from the deck.
seahag was drawn from the deck.
Playing action card: mine
Player1 gained gold
Player1 bought adventurer

Player2 is now starting a turn.
estate was drawn from the deck.
copper was drawn from the deck.
copper was drawn from the deck.
copper was drawn from the deck.
smithy was drawn from the deck.
Playing action card: smithy
copper was drawn from the deck.
ambassador was drawn from the deck.
Player2 bought duchy

Player1 is now starting a turn.
copper was drawn from the deck.
copper was drawn from the deck.
copper was drawn from the deck.
copper was drawn from the deck.
gold was drawn from the deck.
Player1 bought adventurer

Player2 is now starting a turn.
silver was drawn from the deck.
village was drawn from the deck.
estate was drawn from the deck.
duchy was drawn from the deck.
gold was drawn from the deck.
Playing action card: village
curse was drawn from the deck.
Player2 bought adventurer

Player1 is now starting a turn.
curse was drawn from the deck.
curse was drawn from the deck.
curse was drawn from the deck.
province was drawn from the deck.
duchy was drawn from the deck.
Player1 bought copper

Player2 is now starting a turn.
copper was drawn from the deck.
ambassador was drawn from the deck.
curse was drawn from the deck.
curse was drawn from the deck.
adventurer was drawn from the deck.
Playing action card: adventurer
estate was drawn from the deck.
Player2 discarded estate
Player2 bought copper

Player1 is now starting a turn.
curse was drawn from the deck.
estate was drawn from the deck.
curse was drawn from the deck.
curse was drawn from the deck.
estate was drawn from the deck.
Player1 bought estate

Player2 is now starting a turn.
Shuffling Player2&apos;s deck.
smithy was drawn from the deck.
gold was drawn from the deck.
curse was drawn from the deck.
smithy was drawn from the deck.
curse was drawn from the deck.
Playing action card: smithy
duchy was drawn from the deck.
estate was drawn from the deck.
Player2 bought smithy

Player1 is now starting a turn.
curse was drawn from the deck.
smithy was drawn from the deck.
estate was drawn from the deck.
province was drawn from the deck.
estate was drawn from the deck.
Playing action card: smithy
copper was drawn from the deck.
mine was drawn from the deck.
Player1 bought great_hall

Player2 is now starting a turn.
ambassador was drawn from the deck.
mine was drawn from the deck.
curse was drawn from the deck.
seahag was drawn from the deck.
silver was drawn from the deck.
Playing action card: mine
Player2 gained gold
Player2 bought duchy

Player1 is now starting a turn.
copper was drawn from the deck.
great_hall was drawn from the deck.
copper was drawn from the deck.
great_hall was drawn from the deck.
adventurer was drawn from the deck.
Playing action card: great_hall
gold was drawn from the deck.
Playing action card: adventurer
seahag was drawn from the deck.
Player1 discarded seahag
copper was drawn from the deck.
gold was drawn from the deck.
Player1 bought province

Player2 is now starting a turn.
gold was drawn from the deck.
gold was drawn from the deck.
adventurer was drawn from the deck.
great_hall was drawn from the deck.
curse was drawn from the deck.
Playing action card: great_hall
copper was drawn from the deck.
Playing action card: adventurer
duchy was drawn from the deck.
Player2 discarded duchy
ambassador was drawn from the deck.
Player2 discarded ambassador
curse was drawn from the deck.
Player2 discarded curse
village was drawn from the deck.
Player2 discarded village
village was drawn from the deck.
Player2 discarded village
adventurer was drawn from the deck.
Player2 discarded adventurer
mine was drawn from the deck.
Player2 discarded mine
curse was drawn from the deck.
Player2 discarded curse
copper was drawn from the deck.
estate was drawn from the deck.
Player2 discarded estate
copper was drawn from the deck.
Player2 bought province

Player1 is now starting a turn.
gold was drawn from the deck.
curse was drawn from the deck.
adventurer was drawn from the deck.
ambassador was drawn from the deck.
curse was drawn from the deck.
Playing action card: adventurer
copper was drawn from the deck.
copper was drawn from the deck.
Player1 bought mine

Player2 is now starting a turn.
copper was drawn from the deck.
ambassador was drawn from the deck.
copper was drawn from the deck.
estate was drawn from the deck.
curse was drawn from the deck.
Playing action card: ambassador
Player2 returned 0 copies of curse
Player2 bought ambassador

Player1 is now starting a turn.
estate was drawn from the deck.
estate was drawn from the deck.
Shuffling Player1&apos;s deck.
curse was drawn from the deck.
great_hall was drawn from the deck.
adventurer was drawn from the deck.
Playing action card: adventurer
copper was drawn from the deck.
copper was drawn from the deck.
Player1 bought gardens

Player2 is now starting a turn.
copper was drawn from the deck.
seahag was drawn from the deck.
copper was drawn from the deck.
estate was drawn from the deck.
copper was drawn from the deck.
Playing action card: seahag
great_hall was drawn from the deck.
Player1 discarded great_hall
Player1 gained curse to top of deck.
Player2 bought cutpurse

Player1 is now starting a turn.
curse was drawn from the deck.
copper was drawn from the deck.
copper was drawn from the deck.
gold was drawn from the deck.
curse was drawn from the deck.
Player1 bought duchy

Player2 is now starting a turn.
duchy was drawn from the deck.
copper was drawn from the deck.
estate was drawn from the deck.
Shuffling Player2&apos;s deck.
curse was drawn from the deck.
estate was drawn from the deck.
Player2 bought silver

Player1 is now starting a turn.
copper was drawn from the deck.
copper was drawn from the deck.
curse was drawn from the deck.
adventurer was drawn from the deck.
silver was drawn from the deck.
Playing action card: adventurer
seahag was drawn from the deck.
Player1 discarded seahag
mine was drawn from the deck.
Player1 discarded mine
estate was drawn from the deck.
Player1 discarded estate
copper was drawn from the deck.
adventurer was drawn from the deck.
Player1 discarded adventurer
curse was drawn from the deck.
Player1 discarded curse
estate was drawn from the deck.
Player1 discarded estate
province was drawn from the deck.
Player1 discarded province
seahag was drawn from the deck.
Player1 discarded seahag
mine was drawn from the deck.
Player1 discarded mine
copper was drawn from the deck.
Player1 bought adventurer

Player2 is now starting a turn.
smithy was drawn from the deck.
duchy was drawn from the deck.
village was drawn from the deck.
copper was drawn from the deck.
adventurer was drawn from the deck.
Playing action card: village
province was drawn from the deck.
Playing action card: smithy
gold was drawn from the deck.
copper was drawn from the deck.
Playing action card: adventurer
curse was drawn from the deck.
Player2 discarded curse
copper was drawn from the deck.
gold was drawn from the deck.
Player2 bought province

Player1 is now starting a turn.
copper was drawn from the deck.
curse was drawn from the deck.
gold was drawn from the deck.
province was drawn from the deck.
curse was drawn from the deck.
Player1 bought smithy

Player2 is now starting a turn.
curse was drawn from the deck.
seahag was drawn from the deck.
ambassador was drawn from the deck.
ambassador was drawn from the deck.
curse was drawn from the deck.
Playing action card: seahag
ambassador was drawn from the deck.
Player1 discarded ambassador
Player1 gained curse to top of deck.
Player2 bought copper

Player1 is now starting a turn.
curse was drawn from the deck.
copper was drawn from the deck.
gold was drawn from the deck.
smithy was drawn from the deck.
curse was drawn from the deck.
Playing action card: smithy
great_hall was drawn from the deck.
mine was drawn from the deck.
Player1 bought seahag

Player2 is now starting a turn.
village was drawn from the deck.
curse was drawn from the deck.
silver was drawn from the deck.
estate was drawn from the deck.
curse was drawn from the deck.
Playing action card: village
smithy was drawn from the deck.
Playing action card: smithy
copper was drawn from the deck.
gold was drawn from the deck.
Player2 bought adventurer

Player1 is now starting a turn.
adventurer was drawn from the deck.
curse was drawn from the deck.
province was drawn from the deck.
estate was drawn from the deck.
gold was drawn from the deck.
Playing action card: adventurer
copper was drawn from the deck.
estate was drawn from the deck.
Player1 discarded estate
estate was drawn from the deck.
Player1 discarded estate
duchy was drawn from the deck.
Player1 discarded duchy
copper was drawn from the deck.
Player1 bought gold

Player2 is now starting a turn.
estate was drawn from the deck.
smithy was drawn from the deck.
duchy was drawn from the deck.
mine was drawn from the deck.
seahag was drawn from the deck.
Playing action card: seahag
gold was drawn from the deck.
Player1 discarded gold
Player1 gained curse to top of deck.
Player2 bought copper

Player1 is now starting a turn.
curse was drawn from the deck.
curse was drawn from the deck.
copper was drawn from the deck.
Shuffling Player1&apos;s deck.
estate was drawn from the deck.
gold was drawn from the deck.
Player1 bought duchy

Player2 is now starting a turn.
duchy was drawn from the deck.
curse was drawn from the deck.
copper was drawn from the deck.
gold was drawn from the deck.
copper was drawn from the deck.
Player2 bought mine

Player1 is now starting a turn.
adventurer was drawn from the deck.
smithy was drawn from the deck.
gold was drawn from the deck.
copper was drawn from the deck.
silver was drawn from the deck.
Playing action card: smithy
curse was drawn from the deck.
curse was drawn from the deck.
Player1 bought gold

Player2 is now starting a turn.
mine was drawn from the deck.
ambassador was drawn from the deck.
copper was drawn from the deck.
copper was drawn from the deck.
great_hall was drawn from the deck.
Playing action card: mine
Player2 gained gold
Player2 bought mine

Player1 is now starting a turn.
estate was drawn from the deck.
curse was drawn from the deck.
estate was drawn from the deck.
curse was drawn from the deck.
copper was drawn from the deck.
Player1 bought silver

Player2 is now starting a turn.
ambassador was drawn from the deck.
estate was drawn from the deck.
adventurer was drawn from the deck.
cutpurse was drawn from the deck.
Shuffling Player2&apos;s deck.
copper was drawn from the deck.
Playing action card: ambassador
Player2 returned 0 copies of cutpurse
Player1 gained cutpurse
Player2 bought embargo

Player1 is now starting a turn.
mine was drawn from the deck.
duchy was drawn from the deck.
smithy was drawn from the deck.
gardens was drawn from the deck.
estate was drawn from the deck.
Playing action card: mine
Player1 bought copper

Player2 is now starting a turn.
curse was drawn from the deck.
copper was drawn from the deck.
gold was drawn from the deck.
copper was drawn from the deck.
province was drawn from the deck.
Player2 bought duchy

Player1 is now starting a turn.
copper was drawn from the deck.
gold was drawn from the deck.
great_hall was drawn from the deck.
copper was drawn from the deck.
copper was drawn from the deck.
Playing action card: great_hall
copper was drawn from the deck.
Player1 bought gold

Player2 is now starting a turn.
copper was drawn from the deck.
copper was drawn from the deck.
gold was drawn from the deck.
estate was drawn from the deck.
smithy was drawn from the deck.
Playing action card: smithy
copper was drawn from the deck.
copper was drawn from the deck.
Player2 bought province

Player1 is now starting a turn.
seahag was drawn from the deck.
curse was drawn from the deck.
copper was drawn from the deck.
copper was drawn from the deck.
copper was drawn from the deck.
Playing action card: seahag
silver was drawn from the deck.
Player2 discarded silver
Player2 gained curse to top of deck.
Player1 bought ambassador

Player2 is now starting a turn.
curse was drawn from the deck.
duchy was drawn from the deck.
province was drawn from the deck.
great_hall was drawn from the deck.
curse was drawn from the deck.
Playing action card: great_hall
gold was drawn from the deck.
Player2 bought village

Player1 is now starting a turn.
estate was drawn from the deck.
gold was drawn from the deck.
curse was drawn from the deck.
curse was drawn from the deck.
province was drawn from the deck.
Player1 bought smithy

Player2 is now starting a turn.
mine was drawn from the deck.
seahag was drawn from the deck.
mine was drawn from the deck.
silver was drawn from the deck.
ambassador was drawn from the deck.
Playing action card: seahag
great_hall was drawn from the deck.
Player1 discarded great_hall
Player1 gained curse to top of deck.
Player2 bought estate

Player1 is now starting a turn.
curse was drawn from the deck.
copper was drawn from the deck.
curse was drawn from the deck.
copper was drawn from the deck.
curse was drawn from the deck.
Player1 bought estate

Player2 is now starting a turn.
curse was drawn from the deck.
copper was drawn from the deck.
estate was drawn from the deck.
copper was drawn from the deck.
curse was drawn from the deck.
Player2 bought village

Player1 is now starting a turn.
adventurer was drawn from the deck.
adventurer was drawn from the deck.
mine was drawn from the deck.
seahag was drawn from the deck.
estate was drawn from the deck.
Playing action card: adventurer
adventurer was drawn from the deck.
Player1 discarded adventurer
gold was drawn from the deck.
province was drawn from the deck.
Player1 discarded province
seahag was drawn from the deck.
Player1 discarded seahag
mine was drawn from the deck.
Player1 discarded mine
ambassador was drawn from the deck.
Player1 discarded ambassador
great_hall was drawn from the deck.
Player1 discarded great_hall
province was drawn from the deck.
Player1 discarded province
estate was drawn from the deck.
Player1 discarded estate
duchy was drawn from the deck.
Player1 discarded duchy
curse was drawn from the deck.
Player1 discarded curse
gold was drawn from the deck.
Player1 bought adventurer

Player2 is now starting a turn.
smithy was drawn from the deck.
duchy was drawn from the deck.
curse was drawn from the deck.
duchy was drawn from the deck.
smithy was drawn from the deck.
Playing action card: smithy
village was drawn from the deck.
adventurer was drawn from the deck.
Player2 bought copper

Player1 is now starting a turn.
adventurer was drawn from the deck.
copper was drawn from the deck.
Shuffling Player1&apos;s deck.
gold was drawn from the deck.
adventurer was drawn from the deck.
copper was drawn from the deck.
Playing action card: adventurer
curse was drawn from the deck.
Player1 discarded curse
gold was drawn from the deck.
curse was drawn from the deck.
Player1 discarded curse
curse was drawn from the deck.
Player1 discarded curse
gold was drawn from the deck.
Player1 bought province

Player2 is now starting a turn.
gold was drawn from the deck.
mine was drawn from the deck.
estate was drawn from the deck.
ambassador was drawn from the deck.
gold was drawn from the deck.
Playing action card: mine
Player2 gained gold
Player2 bought province
GAME OVER! Province card pile is empty. 
Player1: 379
Player2: 459
Player1: 379
Player2: 459
estate was drawn from the deck.
Player2 discarded estate
Player2 gained curse to top of deck.
curse was drawn from the deck.
Player2 discarded curse
Player2 gained curse to top of deck.
hi! gained smithy
</system-out>
  </testcase>
  <testcase classname="RegressionTest" name="test244" time="0.019"/>
  <testcase classname="RegressionTest" name="test245" time="0.037">
    <failure type="java.lang.AssertionError">java.lang.AssertionError
	at org.junit.Assert.fail(Assert.java:86)
	at org.junit.Assert.assertTrue(Assert.java:41)
	at org.junit.Assert.assertTrue(Assert.java:52)
	at RegressionTest.test245(RegressionTest.java:15469)
	at sun.reflect.NativeMethodAccessorImpl.invoke0(Native Method)
	at sun.reflect.NativeMethodAccessorImpl.invoke(NativeMethodAccessorImpl.java:62)
	at sun.reflect.DelegatingMethodAccessorImpl.invoke(DelegatingMethodAccessorImpl.java:43)
	at java.lang.reflect.Method.invoke(Method.java:498)
	at org.junit.runners.model.FrameworkMethod$1.runReflectiveCall(FrameworkMethod.java:47)
	at org.junit.internal.runners.model.ReflectiveCallable.run(ReflectiveCallable.java:12)
	at org.junit.runners.model.FrameworkMethod.invokeExplosively(FrameworkMethod.java:44)
	at org.junit.internal.runners.statements.InvokeMethod.evaluate(InvokeMethod.java:17)
	at org.junit.runners.ParentRunner.runLeaf(ParentRunner.java:271)
	at org.junit.runners.BlockJUnit4ClassRunner.runChild(BlockJUnit4ClassRunner.java:70)
	at org.junit.runners.BlockJUnit4ClassRunner.runChild(BlockJUnit4ClassRunner.java:50)
	at org.junit.runners.ParentRunner$3.run(ParentRunner.java:238)
	at org.junit.runners.ParentRunner$1.schedule(ParentRunner.java:63)
	at org.junit.runners.ParentRunner.runChildren(ParentRunner.java:236)
	at org.junit.runners.ParentRunner.access$000(ParentRunner.java:53)
	at org.junit.runners.ParentRunner$2.evaluate(ParentRunner.java:229)
	at org.junit.runners.ParentRunner.run(ParentRunner.java:309)
	at org.apache.maven.surefire.junit4.JUnit4Provider.execute(JUnit4Provider.java:252)
	at org.apache.maven.surefire.junit4.JUnit4Provider.executeTestSet(JUnit4Provider.java:141)
	at org.apache.maven.surefire.junit4.JUnit4Provider.invoke(JUnit4Provider.java:112)
	at sun.reflect.NativeMethodAccessorImpl.invoke0(Native Method)
	at sun.reflect.NativeMethodAccessorImpl.invoke(NativeMethodAccessorImpl.java:62)
	at sun.reflect.DelegatingMethodAccessorImpl.invoke(DelegatingMethodAccessorImpl.java:43)
	at java.lang.reflect.Method.invoke(Method.java:498)
	at org.apache.maven.surefire.util.ReflectionUtils.invokeMethodWithArray(ReflectionUtils.java:189)
	at org.apache.maven.surefire.booter.ProviderFactory$ProviderProxy.invoke(ProviderFactory.java:165)
	at org.apache.maven.surefire.booter.ProviderFactory.invokeProvider(ProviderFactory.java:85)
	at org.apache.maven.surefire.booter.ForkedBooter.runSuitesInProcess(ForkedBooter.java:115)
	at org.apache.maven.surefire.booter.ForkedBooter.main(ForkedBooter.java:75)
</failure>
    <system-out>
STARTING NEW GAME!

Player1 is now starting a turn.
Shuffling Player1&apos;s deck.
copper was drawn from the deck.
copper was drawn from the deck.
estate was drawn from the deck.
copper was drawn from the deck.
estate was drawn from the deck.
Player1 gained curse card because of embargo token.
Player1 gained curse
Player1 gained curse card because of embargo token.
Player1 gained curse
Player1 bought duchy

Player2 is now starting a turn.
Shuffling Player2&apos;s deck.
copper was drawn from the deck.
copper was drawn from the deck.
estate was drawn from the deck.
copper was drawn from the deck.
copper was drawn from the deck.
Player2 gained curse card because of embargo token.
Player2 gained curse
Player2 gained curse card because of embargo token.
Player2 gained curse
Player2 bought duchy

Player1 is now starting a turn.
copper was drawn from the deck.
estate was drawn from the deck.
copper was drawn from the deck.
copper was drawn from the deck.
copper was drawn from the deck.
Player1 gained curse card because of embargo token.
Player1 gained curse
Player1 gained curse card because of embargo token.
Player1 gained curse
Player1 bought mine

Player2 is now starting a turn.
copper was drawn from the deck.
copper was drawn from the deck.
estate was drawn from the deck.
estate was drawn from the deck.
copper was drawn from the deck.
Player2 gained curse card because of embargo token.
Player2 gained curse
Player2 gained curse card because of embargo token.
Player2 gained curse
Player2 bought mine

Player1 is now starting a turn.
Shuffling Player1&apos;s deck.
copper was drawn from the deck.
curse was drawn from the deck.
copper was drawn from the deck.
curse was drawn from the deck.
estate was drawn from the deck.
Player1 gained curse card because of embargo token.
Player1 gained curse
Player1 gained curse card because of embargo token.
Player1 gained curse
Player1 bought great_hall

Player2 is now starting a turn.
Shuffling Player2&apos;s deck.
copper was drawn from the deck.
copper was drawn from the deck.
copper was drawn from the deck.
copper was drawn from the deck.
curse was drawn from the deck.
Player2 bought seahag

Player1 is now starting a turn.
copper was drawn from the deck.
copper was drawn from the deck.
copper was drawn from the deck.
curse was drawn from the deck.
curse was drawn from the deck.
Player1 bought silver

Player2 is now starting a turn.
mine was drawn from the deck.
estate was drawn from the deck.
estate was drawn from the deck.
estate was drawn from the deck.
curse was drawn from the deck.
Playing action card: mine
Player2 bought village

Player1 is now starting a turn.
duchy was drawn from the deck.
estate was drawn from the deck.
copper was drawn from the deck.
copper was drawn from the deck.
estate was drawn from the deck.
Player1 bought seahag

Player2 is now starting a turn.
curse was drawn from the deck.
curse was drawn from the deck.
copper was drawn from the deck.
duchy was drawn from the deck.
copper was drawn from the deck.
Player2 bought estate

Player1 is now starting a turn.
mine was drawn from the deck.
Shuffling Player1&apos;s deck.
copper was drawn from the deck.
curse was drawn from the deck.
estate was drawn from the deck.
curse was drawn from the deck.
Playing action card: mine
Player1 gained gold
Player1 bought mine

Player2 is now starting a turn.
copper was drawn from the deck.
Shuffling Player2&apos;s deck.
copper was drawn from the deck.
mine was drawn from the deck.
copper was drawn from the deck.
curse was drawn from the deck.
Playing action card: mine
Player2 gained gold
Player2 bought gold

Player1 is now starting a turn.
copper was drawn from the deck.
copper was drawn from the deck.
estate was drawn from the deck.
copper was drawn from the deck.
silver was drawn from the deck.
Player1 bought adventurer

Player2 is now starting a turn.
copper was drawn from the deck.
estate was drawn from the deck.
estate was drawn from the deck.
duchy was drawn from the deck.
curse was drawn from the deck.
Player2 bought great_hall

Player1 is now starting a turn.
copper was drawn from the deck.
curse was drawn from the deck.
seahag was drawn from the deck.
copper was drawn from the deck.
curse was drawn from the deck.
Playing action card: seahag
curse was drawn from the deck.
Player2 discarded curse
Player2 gained curse to top of deck.
Player1 bought estate

Player2 is now starting a turn.
curse was drawn from the deck.
village was drawn from the deck.
seahag was drawn from the deck.
estate was drawn from the deck.
copper was drawn from the deck.
Playing action card: village
estate was drawn from the deck.
Playing action card: seahag
copper was drawn from the deck.
Player1 discarded copper
Player1 gained curse to top of deck.
Player2 bought ambassador

Player1 is now starting a turn.
curse was drawn from the deck.
curse was drawn from the deck.
curse was drawn from the deck.
estate was drawn from the deck.
great_hall was drawn from the deck.
Playing action card: great_hall
duchy was drawn from the deck.
Player1 bought copper

Player2 is now starting a turn.
curse was drawn from the deck.
copper was drawn from the deck.
copper was drawn from the deck.
Shuffling Player2&apos;s deck.
copper was drawn from the deck.
curse was drawn from the deck.
Player2 bought silver

Player1 is now starting a turn.
Shuffling Player1&apos;s deck.
curse was drawn from the deck.
curse was drawn from the deck.
mine was drawn from the deck.
copper was drawn from the deck.
curse was drawn from the deck.
Playing action card: mine
Player1 gained gold
Player1 bought smithy

Player2 is now starting a turn.
estate was drawn from the deck.
estate was drawn from the deck.
estate was drawn from the deck.
estate was drawn from the deck.
copper was drawn from the deck.
Player2 bought mine

Player1 is now starting a turn.
estate was drawn from the deck.
mine was drawn from the deck.
estate was drawn from the deck.
copper was drawn from the deck.
curse was drawn from the deck.
Playing action card: mine
Player1 gained gold
Player1 bought gold

Player2 is now starting a turn.
copper was drawn from the deck.
copper was drawn from the deck.
curse was drawn from the deck.
duchy was drawn from the deck.
great_hall was drawn from the deck.
Playing action card: great_hall
village was drawn from the deck.
Playing action card: village
copper was drawn from the deck.
Player2 bought ambassador

Player1 is now starting a turn.
copper was drawn from the deck.
duchy was drawn from the deck.
copper was drawn from the deck.
estate was drawn from the deck.
copper was drawn from the deck.
Player1 bought seahag

Player2 is now starting a turn.
gold was drawn from the deck.
curse was drawn from the deck.
curse was drawn from the deck.
ambassador was drawn from the deck.
seahag was drawn from the deck.
Playing action card: seahag
adventurer was drawn from the deck.
Player1 discarded adventurer
Player1 gained curse to top of deck.
Player2 bought ambassador

Player1 is now starting a turn.
curse was drawn from the deck.
curse was drawn from the deck.
silver was drawn from the deck.
seahag was drawn from the deck.
curse was drawn from the deck.
Playing action card: seahag
gold was drawn from the deck.
Player2 discarded gold
Player2 gained curse to top of deck.
Player1 bought estate

Player2 is now starting a turn.
curse was drawn from the deck.
mine was drawn from the deck.
Shuffling Player2&apos;s deck.
curse was drawn from the deck.
seahag was drawn from the deck.
mine was drawn from the deck.
Playing action card: mine
Player2 bought copper

Player1 is now starting a turn.
curse was drawn from the deck.
gold was drawn from the deck.
copper was drawn from the deck.
copper was drawn from the deck.
great_hall was drawn from the deck.
Playing action card: great_hall
estate was drawn from the deck.
Player1 bought adventurer

Player2 is now starting a turn.
silver was drawn from the deck.
ambassador was drawn from the deck.
estate was drawn from the deck.
curse was drawn from the deck.
ambassador was drawn from the deck.
Playing action card: ambassador
Player2 returned 0 copies of ambassador
Player1 gained ambassador
Player2 bought village

Player1 is now starting a turn.
copper was drawn from the deck.
Shuffling Player1&apos;s deck.
copper was drawn from the deck.
curse was drawn from the deck.
estate was drawn from the deck.
curse was drawn from the deck.
Player1 bought great_hall

Player2 is now starting a turn.
ambassador was drawn from the deck.
copper was drawn from the deck.
copper was drawn from the deck.
copper was drawn from the deck.
copper was drawn from the deck.
Playing action card: ambassador
Player2 returned 0 copies of copper
Player1 gained copper
Player2 bought smithy

Player1 is now starting a turn.
curse was drawn from the deck.
smithy was drawn from the deck.
curse was drawn from the deck.
adventurer was drawn from the deck.
great_hall was drawn from the deck.
Playing action card: smithy
curse was drawn from the deck.
estate was drawn from the deck.
Player1 bought copper

Player2 is now starting a turn.
estate was drawn from the deck.
estate was drawn from the deck.
duchy was drawn from the deck.
gold was drawn from the deck.
copper was drawn from the deck.
Player2 bought adventurer

Player1 is now starting a turn.
curse was drawn from the deck.
gold was drawn from the deck.
gold was drawn from the deck.
copper was drawn from the deck.
estate was drawn from the deck.
Player1 bought province

Player2 is now starting a turn.
gold was drawn from the deck.
curse was drawn from the deck.
estate was drawn from the deck.
curse was drawn from the deck.
copper was drawn from the deck.
Player2 bought duchy

Player1 is now starting a turn.
seahag was drawn from the deck.
estate was drawn from the deck.
ambassador was drawn from the deck.
curse was drawn from the deck.
mine was drawn from the deck.
Playing action card: seahag
great_hall was drawn from the deck.
Player2 discarded great_hall
Player2 gained curse to top of deck.
Player1 bought copper

Player2 is now starting a turn.
curse was drawn from the deck.
copper was drawn from the deck.
curse was drawn from the deck.
village was drawn from the deck.
Shuffling Player2&apos;s deck.
gold was drawn from the deck.
Playing action card: village
seahag was drawn from the deck.
Playing action card: seahag
estate was drawn from the deck.
Player1 discarded estate
Player1 gained curse to top of deck.
Player2 bought smithy

Player1 is now starting a turn.
curse was drawn from the deck.
duchy was drawn from the deck.
copper was drawn from the deck.
curse was drawn from the deck.
copper was drawn from the deck.
Player1 bought estate

Player2 is now starting a turn.
curse was drawn from the deck.
copper was drawn from the deck.
curse was drawn from the deck.
great_hall was drawn from the deck.
mine was drawn from the deck.
Playing action card: mine
Player2 gained gold
Player2 bought seahag

Player1 is now starting a turn.
mine was drawn from the deck.
gold was drawn from the deck.
adventurer was drawn from the deck.
seahag was drawn from the deck.
gold was drawn from the deck.
Playing action card: adventurer
silver was drawn from the deck.
copper was drawn from the deck.
Player1 bought province

Player2 is now starting a turn.
copper was drawn from the deck.
mine was drawn from the deck.
duchy was drawn from the deck.
ambassador was drawn from the deck.
estate was drawn from the deck.
Playing action card: ambassador
Player2 returned 0 copies of copper
Player1 gained copper
Player2 bought estate

Player1 is now starting a turn.
copper was drawn from the deck.
copper was drawn from the deck.
Shuffling Player1&apos;s deck.
silver was drawn from the deck.
mine was drawn from the deck.
seahag was drawn from the deck.
Playing action card: mine
Player1 gained gold
Player1 bought adventurer

Player2 is now starting a turn.
estate was drawn from the deck.
copper was drawn from the deck.
copper was drawn from the deck.
copper was drawn from the deck.
smithy was drawn from the deck.
Playing action card: smithy
copper was drawn from the deck.
ambassador was drawn from the deck.
Player2 bought duchy

Player1 is now starting a turn.
copper was drawn from the deck.
copper was drawn from the deck.
copper was drawn from the deck.
copper was drawn from the deck.
gold was drawn from the deck.
Player1 bought adventurer

Player2 is now starting a turn.
silver was drawn from the deck.
village was drawn from the deck.
estate was drawn from the deck.
duchy was drawn from the deck.
gold was drawn from the deck.
Playing action card: village
curse was drawn from the deck.
Player2 bought adventurer

Player1 is now starting a turn.
curse was drawn from the deck.
curse was drawn from the deck.
curse was drawn from the deck.
province was drawn from the deck.
duchy was drawn from the deck.
Player1 bought copper

Player2 is now starting a turn.
copper was drawn from the deck.
ambassador was drawn from the deck.
curse was drawn from the deck.
curse was drawn from the deck.
adventurer was drawn from the deck.
Playing action card: adventurer
estate was drawn from the deck.
Player2 discarded estate
Player2 bought copper

Player1 is now starting a turn.
curse was drawn from the deck.
estate was drawn from the deck.
curse was drawn from the deck.
curse was drawn from the deck.
estate was drawn from the deck.
Player1 bought estate

Player2 is now starting a turn.
Shuffling Player2&apos;s deck.
smithy was drawn from the deck.
gold was drawn from the deck.
curse was drawn from the deck.
smithy was drawn from the deck.
curse was drawn from the deck.
Playing action card: smithy
duchy was drawn from the deck.
estate was drawn from the deck.
Player2 bought smithy

Player1 is now starting a turn.
curse was drawn from the deck.
smithy was drawn from the deck.
estate was drawn from the deck.
province was drawn from the deck.
estate was drawn from the deck.
Playing action card: smithy
copper was drawn from the deck.
mine was drawn from the deck.
Player1 bought great_hall

Player2 is now starting a turn.
ambassador was drawn from the deck.
mine was drawn from the deck.
curse was drawn from the deck.
seahag was drawn from the deck.
silver was drawn from the deck.
Playing action card: mine
Player2 gained gold
Player2 bought duchy

Player1 is now starting a turn.
copper was drawn from the deck.
great_hall was drawn from the deck.
copper was drawn from the deck.
great_hall was drawn from the deck.
adventurer was drawn from the deck.
Playing action card: great_hall
gold was drawn from the deck.
Playing action card: adventurer
seahag was drawn from the deck.
Player1 discarded seahag
copper was drawn from the deck.
gold was drawn from the deck.
Player1 bought province

Player2 is now starting a turn.
gold was drawn from the deck.
gold was drawn from the deck.
adventurer was drawn from the deck.
great_hall was drawn from the deck.
curse was drawn from the deck.
Playing action card: great_hall
copper was drawn from the deck.
Playing action card: adventurer
duchy was drawn from the deck.
Player2 discarded duchy
ambassador was drawn from the deck.
Player2 discarded ambassador
curse was drawn from the deck.
Player2 discarded curse
village was drawn from the deck.
Player2 discarded village
village was drawn from the deck.
Player2 discarded village
adventurer was drawn from the deck.
Player2 discarded adventurer
mine was drawn from the deck.
Player2 discarded mine
curse was drawn from the deck.
Player2 discarded curse
copper was drawn from the deck.
estate was drawn from the deck.
Player2 discarded estate
copper was drawn from the deck.
Player2 bought province

Player1 is now starting a turn.
gold was drawn from the deck.
curse was drawn from the deck.
adventurer was drawn from the deck.
ambassador was drawn from the deck.
curse was drawn from the deck.
Playing action card: adventurer
copper was drawn from the deck.
copper was drawn from the deck.
Player1 bought mine

Player2 is now starting a turn.
copper was drawn from the deck.
ambassador was drawn from the deck.
copper was drawn from the deck.
estate was drawn from the deck.
curse was drawn from the deck.
Playing action card: ambassador
Player2 returned 0 copies of curse
Player2 bought ambassador

Player1 is now starting a turn.
estate was drawn from the deck.
estate was drawn from the deck.
Shuffling Player1&apos;s deck.
curse was drawn from the deck.
great_hall was drawn from the deck.
adventurer was drawn from the deck.
Playing action card: adventurer
copper was drawn from the deck.
copper was drawn from the deck.
Player1 bought gardens

Player2 is now starting a turn.
copper was drawn from the deck.
seahag was drawn from the deck.
copper was drawn from the deck.
estate was drawn from the deck.
copper was drawn from the deck.
Playing action card: seahag
great_hall was drawn from the deck.
Player1 discarded great_hall
Player1 gained curse to top of deck.
Player2 bought cutpurse

Player1 is now starting a turn.
curse was drawn from the deck.
copper was drawn from the deck.
copper was drawn from the deck.
gold was drawn from the deck.
curse was drawn from the deck.
Player1 bought duchy

Player2 is now starting a turn.
duchy was drawn from the deck.
copper was drawn from the deck.
estate was drawn from the deck.
Shuffling Player2&apos;s deck.
curse was drawn from the deck.
estate was drawn from the deck.
Player2 bought silver

Player1 is now starting a turn.
copper was drawn from the deck.
copper was drawn from the deck.
curse was drawn from the deck.
adventurer was drawn from the deck.
silver was drawn from the deck.
Playing action card: adventurer
seahag was drawn from the deck.
Player1 discarded seahag
mine was drawn from the deck.
Player1 discarded mine
estate was drawn from the deck.
Player1 discarded estate
copper was drawn from the deck.
adventurer was drawn from the deck.
Player1 discarded adventurer
curse was drawn from the deck.
Player1 discarded curse
estate was drawn from the deck.
Player1 discarded estate
province was drawn from the deck.
Player1 discarded province
seahag was drawn from the deck.
Player1 discarded seahag
mine was drawn from the deck.
Player1 discarded mine
copper was drawn from the deck.
Player1 bought adventurer

Player2 is now starting a turn.
smithy was drawn from the deck.
duchy was drawn from the deck.
village was drawn from the deck.
copper was drawn from the deck.
adventurer was drawn from the deck.
Playing action card: village
province was drawn from the deck.
Playing action card: smithy
gold was drawn from the deck.
copper was drawn from the deck.
Playing action card: adventurer
curse was drawn from the deck.
Player2 discarded curse
copper was drawn from the deck.
gold was drawn from the deck.
Player2 bought province

Player1 is now starting a turn.
copper was drawn from the deck.
curse was drawn from the deck.
gold was drawn from the deck.
province was drawn from the deck.
curse was drawn from the deck.
Player1 bought smithy

Player2 is now starting a turn.
curse was drawn from the deck.
seahag was drawn from the deck.
ambassador was drawn from the deck.
ambassador was drawn from the deck.
curse was drawn from the deck.
Playing action card: seahag
ambassador was drawn from the deck.
Player1 discarded ambassador
Player1 gained curse to top of deck.
Player2 bought copper

Player1 is now starting a turn.
curse was drawn from the deck.
copper was drawn from the deck.
gold was drawn from the deck.
smithy was drawn from the deck.
curse was drawn from the deck.
Playing action card: smithy
great_hall was drawn from the deck.
mine was drawn from the deck.
Player1 bought seahag

Player2 is now starting a turn.
village was drawn from the deck.
curse was drawn from the deck.
silver was drawn from the deck.
estate was drawn from the deck.
curse was drawn from the deck.
Playing action card: village
smithy was drawn from the deck.
Playing action card: smithy
copper was drawn from the deck.
gold was drawn from the deck.
Player2 bought adventurer

Player1 is now starting a turn.
adventurer was drawn from the deck.
curse was drawn from the deck.
province was drawn from the deck.
estate was drawn from the deck.
gold was drawn from the deck.
Playing action card: adventurer
copper was drawn from the deck.
estate was drawn from the deck.
Player1 discarded estate
estate was drawn from the deck.
Player1 discarded estate
duchy was drawn from the deck.
Player1 discarded duchy
copper was drawn from the deck.
Player1 bought gold

Player2 is now starting a turn.
estate was drawn from the deck.
smithy was drawn from the deck.
duchy was drawn from the deck.
mine was drawn from the deck.
seahag was drawn from the deck.
Playing action card: seahag
gold was drawn from the deck.
Player1 discarded gold
Player1 gained curse to top of deck.
Player2 bought copper

Player1 is now starting a turn.
curse was drawn from the deck.
curse was drawn from the deck.
copper was drawn from the deck.
Shuffling Player1&apos;s deck.
estate was drawn from the deck.
gold was drawn from the deck.
Player1 bought duchy

Player2 is now starting a turn.
duchy was drawn from the deck.
curse was drawn from the deck.
copper was drawn from the deck.
gold was drawn from the deck.
copper was drawn from the deck.
Player2 bought mine

Player1 is now starting a turn.
adventurer was drawn from the deck.
smithy was drawn from the deck.
gold was drawn from the deck.
copper was drawn from the deck.
silver was drawn from the deck.
Playing action card: smithy
curse was drawn from the deck.
curse was drawn from the deck.
Player1 bought gold

Player2 is now starting a turn.
mine was drawn from the deck.
ambassador was drawn from the deck.
copper was drawn from the deck.
copper was drawn from the deck.
great_hall was drawn from the deck.
Playing action card: mine
Player2 gained gold
Player2 bought mine

Player1 is now starting a turn.
estate was drawn from the deck.
curse was drawn from the deck.
estate was drawn from the deck.
curse was drawn from the deck.
copper was drawn from the deck.
Player1 bought silver

Player2 is now starting a turn.
ambassador was drawn from the deck.
estate was drawn from the deck.
adventurer was drawn from the deck.
cutpurse was drawn from the deck.
Shuffling Player2&apos;s deck.
copper was drawn from the deck.
Playing action card: ambassador
Player2 returned 0 copies of cutpurse
Player1 gained cutpurse
Player2 bought embargo

Player1 is now starting a turn.
mine was drawn from the deck.
duchy was drawn from the deck.
smithy was drawn from the deck.
gardens was drawn from the deck.
estate was drawn from the deck.
Playing action card: mine
Player1 bought copper

Player2 is now starting a turn.
curse was drawn from the deck.
copper was drawn from the deck.
gold was drawn from the deck.
copper was drawn from the deck.
province was drawn from the deck.
Player2 bought duchy

Player1 is now starting a turn.
copper was drawn from the deck.
gold was drawn from the deck.
great_hall was drawn from the deck.
copper was drawn from the deck.
copper was drawn from the deck.
Playing action card: great_hall
copper was drawn from the deck.
Player1 bought gold

Player2 is now starting a turn.
copper was drawn from the deck.
copper was drawn from the deck.
gold was drawn from the deck.
estate was drawn from the deck.
smithy was drawn from the deck.
Playing action card: smithy
copper was drawn from the deck.
copper was drawn from the deck.
Player2 bought province

Player1 is now starting a turn.
seahag was drawn from the deck.
curse was drawn from the deck.
copper was drawn from the deck.
copper was drawn from the deck.
copper was drawn from the deck.
Playing action card: seahag
silver was drawn from the deck.
Player2 discarded silver
Player2 gained curse to top of deck.
Player1 bought ambassador

Player2 is now starting a turn.
curse was drawn from the deck.
duchy was drawn from the deck.
province was drawn from the deck.
great_hall was drawn from the deck.
curse was drawn from the deck.
Playing action card: great_hall
gold was drawn from the deck.
Player2 bought village

Player1 is now starting a turn.
estate was drawn from the deck.
gold was drawn from the deck.
curse was drawn from the deck.
curse was drawn from the deck.
province was drawn from the deck.
Player1 bought smithy

Player2 is now starting a turn.
mine was drawn from the deck.
seahag was drawn from the deck.
mine was drawn from the deck.
silver was drawn from the deck.
ambassador was drawn from the deck.
Playing action card: seahag
great_hall was drawn from the deck.
Player1 discarded great_hall
Player1 gained curse to top of deck.
Player2 bought estate

Player1 is now starting a turn.
curse was drawn from the deck.
copper was drawn from the deck.
curse was drawn from the deck.
copper was drawn from the deck.
curse was drawn from the deck.
Player1 bought estate

Player2 is now starting a turn.
curse was drawn from the deck.
copper was drawn from the deck.
estate was drawn from the deck.
copper was drawn from the deck.
curse was drawn from the deck.
Player2 bought village

Player1 is now starting a turn.
adventurer was drawn from the deck.
adventurer was drawn from the deck.
mine was drawn from the deck.
seahag was drawn from the deck.
estate was drawn from the deck.
Playing action card: adventurer
adventurer was drawn from the deck.
Player1 discarded adventurer
gold was drawn from the deck.
province was drawn from the deck.
Player1 discarded province
seahag was drawn from the deck.
Player1 discarded seahag
mine was drawn from the deck.
Player1 discarded mine
ambassador was drawn from the deck.
Player1 discarded ambassador
great_hall was drawn from the deck.
Player1 discarded great_hall
province was drawn from the deck.
Player1 discarded province
estate was drawn from the deck.
Player1 discarded estate
duchy was drawn from the deck.
Player1 discarded duchy
curse was drawn from the deck.
Player1 discarded curse
gold was drawn from the deck.
Player1 bought adventurer

Player2 is now starting a turn.
smithy was drawn from the deck.
duchy was drawn from the deck.
curse was drawn from the deck.
duchy was drawn from the deck.
smithy was drawn from the deck.
Playing action card: smithy
village was drawn from the deck.
adventurer was drawn from the deck.
Player2 bought copper

Player1 is now starting a turn.
adventurer was drawn from the deck.
copper was drawn from the deck.
Shuffling Player1&apos;s deck.
gold was drawn from the deck.
adventurer was drawn from the deck.
copper was drawn from the deck.
Playing action card: adventurer
curse was drawn from the deck.
Player1 discarded curse
gold was drawn from the deck.
curse was drawn from the deck.
Player1 discarded curse
curse was drawn from the deck.
Player1 discarded curse
gold was drawn from the deck.
Player1 bought province

Player2 is now starting a turn.
gold was drawn from the deck.
mine was drawn from the deck.
estate was drawn from the deck.
ambassador was drawn from the deck.
gold was drawn from the deck.
Playing action card: mine
Player2 gained gold
Player2 bought province
GAME OVER! Province card pile is empty. 
Player1: 379
Player2: 459
Player1: 379
Player2: 459
GAME OVER! Province card pile is empty. 

STARTING NEW GAME!

Player1 is now starting a turn.
Shuffling Player1&apos;s deck.
copper was drawn from the deck.
copper was drawn from the deck.
estate was drawn from the deck.
copper was drawn from the deck.
estate was drawn from the deck.
Player1 gained curse card because of embargo token.
Player1 gained curse
Player1 gained curse card because of embargo token.
Player1 gained curse
Player1 bought duchy

Player2 is now starting a turn.
Shuffling Player2&apos;s deck.
copper was drawn from the deck.
copper was drawn from the deck.
estate was drawn from the deck.
copper was drawn from the deck.
copper was drawn from the deck.
Player2 gained curse card because of embargo token.
Player2 gained curse
Player2 gained curse card because of embargo token.
Player2 gained curse
Player2 bought duchy

Player1 is now starting a turn.
copper was drawn from the deck.
estate was drawn from the deck.
copper was drawn from the deck.
copper was drawn from the deck.
copper was drawn from the deck.
Player1 gained curse card because of embargo token.
Player1 gained curse
Player1 gained curse card because of embargo token.
Player1 gained curse
Player1 bought mine

Player2 is now starting a turn.
copper was drawn from the deck.
copper was drawn from the deck.
estate was drawn from the deck.
estate was drawn from the deck.
copper was drawn from the deck.
Player2 gained curse card because of embargo token.
Player2 gained curse
Player2 gained curse card because of embargo token.
Player2 gained curse
Player2 bought mine

Player1 is now starting a turn.
Shuffling Player1&apos;s deck.
copper was drawn from the deck.
curse was drawn from the deck.
copper was drawn from the deck.
curse was drawn from the deck.
estate was drawn from the deck.
Player1 gained curse card because of embargo token.
Player1 gained curse
Player1 gained curse card because of embargo token.
Player1 gained curse
Player1 bought great_hall

Player2 is now starting a turn.
Shuffling Player2&apos;s deck.
copper was drawn from the deck.
copper was drawn from the deck.
copper was drawn from the deck.
copper was drawn from the deck.
curse was drawn from the deck.
Player2 bought seahag

Player1 is now starting a turn.
copper was drawn from the deck.
copper was drawn from the deck.
copper was drawn from the deck.
curse was drawn from the deck.
curse was drawn from the deck.
Player1 bought silver

Player2 is now starting a turn.
mine was drawn from the deck.
estate was drawn from the deck.
estate was drawn from the deck.
estate was drawn from the deck.
curse was drawn from the deck.
Playing action card: mine
Player2 bought village

Player1 is now starting a turn.
duchy was drawn from the deck.
estate was drawn from the deck.
copper was drawn from the deck.
copper was drawn from the deck.
estate was drawn from the deck.
Player1 bought seahag

Player2 is now starting a turn.
curse was drawn from the deck.
curse was drawn from the deck.
copper was drawn from the deck.
duchy was drawn from the deck.
copper was drawn from the deck.
Player2 bought estate

Player1 is now starting a turn.
mine was drawn from the deck.
Shuffling Player1&apos;s deck.
copper was drawn from the deck.
curse was drawn from the deck.
estate was drawn from the deck.
curse was drawn from the deck.
Playing action card: mine
Player1 gained gold
Player1 bought mine

Player2 is now starting a turn.
copper was drawn from the deck.
Shuffling Player2&apos;s deck.
copper was drawn from the deck.
mine was drawn from the deck.
copper was drawn from the deck.
curse was drawn from the deck.
Playing action card: mine
Player2 gained gold
Player2 bought gold

Player1 is now starting a turn.
copper was drawn from the deck.
copper was drawn from the deck.
estate was drawn from the deck.
copper was drawn from the deck.
silver was drawn from the deck.
Player1 bought adventurer

Player2 is now starting a turn.
copper was drawn from the deck.
estate was drawn from the deck.
estate was drawn from the deck.
duchy was drawn from the deck.
curse was drawn from the deck.
Player2 bought great_hall

Player1 is now starting a turn.
copper was drawn from the deck.
curse was drawn from the deck.
seahag was drawn from the deck.
copper was drawn from the deck.
curse was drawn from the deck.
Playing action card: seahag
curse was drawn from the deck.
Player2 discarded curse
Player2 gained curse to top of deck.
Player1 bought estate

Player2 is now starting a turn.
curse was drawn from the deck.
village was drawn from the deck.
seahag was drawn from the deck.
estate was drawn from the deck.
copper was drawn from the deck.
Playing action card: village
estate was drawn from the deck.
Playing action card: seahag
copper was drawn from the deck.
Player1 discarded copper
Player1 gained curse to top of deck.
Player2 bought ambassador

Player1 is now starting a turn.
curse was drawn from the deck.
curse was drawn from the deck.
curse was drawn from the deck.
estate was drawn from the deck.
great_hall was drawn from the deck.
Playing action card: great_hall
duchy was drawn from the deck.
Player1 bought copper

Player2 is now starting a turn.
curse was drawn from the deck.
copper was drawn from the deck.
copper was drawn from the deck.
Shuffling Player2&apos;s deck.
copper was drawn from the deck.
curse was drawn from the deck.
Player2 bought silver

Player1 is now starting a turn.
Shuffling Player1&apos;s deck.
curse was drawn from the deck.
curse was drawn from the deck.
mine was drawn from the deck.
copper was drawn from the deck.
curse was drawn from the deck.
Playing action card: mine
Player1 gained gold
Player1 bought smithy

Player2 is now starting a turn.
estate was drawn from the deck.
estate was drawn from the deck.
estate was drawn from the deck.
estate was drawn from the deck.
copper was drawn from the deck.
Player2 bought mine

Player1 is now starting a turn.
estate was drawn from the deck.
mine was drawn from the deck.
estate was drawn from the deck.
copper was drawn from the deck.
curse was drawn from the deck.
Playing action card: mine
Player1 gained gold
Player1 bought gold

Player2 is now starting a turn.
copper was drawn from the deck.
copper was drawn from the deck.
curse was drawn from the deck.
duchy was drawn from the deck.
great_hall was drawn from the deck.
Playing action card: great_hall
village was drawn from the deck.
Playing action card: village
copper was drawn from the deck.
Player2 bought ambassador

Player1 is now starting a turn.
copper was drawn from the deck.
duchy was drawn from the deck.
copper was drawn from the deck.
estate was drawn from the deck.
copper was drawn from the deck.
Player1 bought seahag

Player2 is now starting a turn.
gold was drawn from the deck.
curse was drawn from the deck.
curse was drawn from the deck.
ambassador was drawn from the deck.
seahag was drawn from the deck.
Playing action card: seahag
adventurer was drawn from the deck.
Player1 discarded adventurer
Player1 gained curse to top of deck.
Player2 bought ambassador

Player1 is now starting a turn.
curse was drawn from the deck.
curse was drawn from the deck.
silver was drawn from the deck.
seahag was drawn from the deck.
curse was drawn from the deck.
Playing action card: seahag
gold was drawn from the deck.
Player2 discarded gold
Player2 gained curse to top of deck.
Player1 bought estate

Player2 is now starting a turn.
curse was drawn from the deck.
mine was drawn from the deck.
Shuffling Player2&apos;s deck.
curse was drawn from the deck.
seahag was drawn from the deck.
mine was drawn from the deck.
Playing action card: mine
Player2 bought copper

Player1 is now starting a turn.
curse was drawn from the deck.
gold was drawn from the deck.
copper was drawn from the deck.
copper was drawn from the deck.
great_hall was drawn from the deck.
Playing action card: great_hall
estate was drawn from the deck.
Player1 bought adventurer

Player2 is now starting a turn.
silver was drawn from the deck.
ambassador was drawn from the deck.
estate was drawn from the deck.
curse was drawn from the deck.
ambassador was drawn from the deck.
Playing action card: ambassador
Player2 returned 0 copies of ambassador
Player1 gained ambassador
Player2 bought village

Player1 is now starting a turn.
copper was drawn from the deck.
Shuffling Player1&apos;s deck.
copper was drawn from the deck.
curse was drawn from the deck.
estate was drawn from the deck.
curse was drawn from the deck.
Player1 bought great_hall

Player2 is now starting a turn.
ambassador was drawn from the deck.
copper was drawn from the deck.
copper was drawn from the deck.
copper was drawn from the deck.
copper was drawn from the deck.
Playing action card: ambassador
Player2 returned 0 copies of copper
Player1 gained copper
Player2 bought smithy

Player1 is now starting a turn.
curse was drawn from the deck.
smithy was drawn from the deck.
curse was drawn from the deck.
adventurer was drawn from the deck.
great_hall was drawn from the deck.
Playing action card: smithy
curse was drawn from the deck.
estate was drawn from the deck.
Player1 bought copper

Player2 is now starting a turn.
estate was drawn from the deck.
estate was drawn from the deck.
duchy was drawn from the deck.
gold was drawn from the deck.
copper was drawn from the deck.
Player2 bought adventurer

Player1 is now starting a turn.
curse was drawn from the deck.
gold was drawn from the deck.
gold was drawn from the deck.
copper was drawn from the deck.
estate was drawn from the deck.
Player1 bought province

Player2 is now starting a turn.
gold was drawn from the deck.
curse was drawn from the deck.
estate was drawn from the deck.
curse was drawn from the deck.
copper was drawn from the deck.
Player2 bought duchy

Player1 is now starting a turn.
seahag was drawn from the deck.
estate was drawn from the deck.
ambassador was drawn from the deck.
curse was drawn from the deck.
mine was drawn from the deck.
Playing action card: seahag
great_hall was drawn from the deck.
Player2 discarded great_hall
Player2 gained curse to top of deck.
Player1 bought copper

Player2 is now starting a turn.
curse was drawn from the deck.
copper was drawn from the deck.
curse was drawn from the deck.
village was drawn from the deck.
Shuffling Player2&apos;s deck.
gold was drawn from the deck.
Playing action card: village
seahag was drawn from the deck.
Playing action card: seahag
estate was drawn from the deck.
Player1 discarded estate
Player1 gained curse to top of deck.
Player2 bought smithy

Player1 is now starting a turn.
curse was drawn from the deck.
duchy was drawn from the deck.
copper was drawn from the deck.
curse was drawn from the deck.
copper was drawn from the deck.
Player1 bought estate

Player2 is now starting a turn.
curse was drawn from the deck.
copper was drawn from the deck.
curse was drawn from the deck.
great_hall was drawn from the deck.
mine was drawn from the deck.
Playing action card: mine
Player2 gained gold
Player2 bought seahag

Player1 is now starting a turn.
mine was drawn from the deck.
gold was drawn from the deck.
adventurer was drawn from the deck.
seahag was drawn from the deck.
gold was drawn from the deck.
Playing action card: adventurer
silver was drawn from the deck.
copper was drawn from the deck.
Player1 bought province

Player2 is now starting a turn.
copper was drawn from the deck.
mine was drawn from the deck.
duchy was drawn from the deck.
ambassador was drawn from the deck.
estate was drawn from the deck.
Playing action card: ambassador
Player2 returned 0 copies of copper
Player1 gained copper
Player2 bought estate

Player1 is now starting a turn.
copper was drawn from the deck.
copper was drawn from the deck.
Shuffling Player1&apos;s deck.
silver was drawn from the deck.
mine was drawn from the deck.
seahag was drawn from the deck.
Playing action card: mine
Player1 gained gold
Player1 bought adventurer

Player2 is now starting a turn.
estate was drawn from the deck.
copper was drawn from the deck.
copper was drawn from the deck.
copper was drawn from the deck.
smithy was drawn from the deck.
Playing action card: smithy
copper was drawn from the deck.
ambassador was drawn from the deck.
Player2 bought duchy

Player1 is now starting a turn.
copper was drawn from the deck.
copper was drawn from the deck.
copper was drawn from the deck.
copper was drawn from the deck.
gold was drawn from the deck.
Player1 bought adventurer

Player2 is now starting a turn.
silver was drawn from the deck.
village was drawn from the deck.
estate was drawn from the deck.
duchy was drawn from the deck.
gold was drawn from the deck.
Playing action card: village
curse was drawn from the deck.
Player2 bought adventurer

Player1 is now starting a turn.
curse was drawn from the deck.
curse was drawn from the deck.
curse was drawn from the deck.
province was drawn from the deck.
duchy was drawn from the deck.
Player1 bought copper

Player2 is now starting a turn.
copper was drawn from the deck.
ambassador was drawn from the deck.
curse was drawn from the deck.
curse was drawn from the deck.
adventurer was drawn from the deck.
Playing action card: adventurer
estate was drawn from the deck.
Player2 discarded estate
Player2 bought copper

Player1 is now starting a turn.
curse was drawn from the deck.
estate was drawn from the deck.
curse was drawn from the deck.
curse was drawn from the deck.
estate was drawn from the deck.
Player1 bought estate

Player2 is now starting a turn.
Shuffling Player2&apos;s deck.
smithy was drawn from the deck.
gold was drawn from the deck.
curse was drawn from the deck.
smithy was drawn from the deck.
curse was drawn from the deck.
Playing action card: smithy
duchy was drawn from the deck.
estate was drawn from the deck.
Player2 bought smithy

Player1 is now starting a turn.
curse was drawn from the deck.
smithy was drawn from the deck.
estate was drawn from the deck.
province was drawn from the deck.
estate was drawn from the deck.
Playing action card: smithy
copper was drawn from the deck.
mine was drawn from the deck.
Player1 bought great_hall

Player2 is now starting a turn.
ambassador was drawn from the deck.
mine was drawn from the deck.
curse was drawn from the deck.
seahag was drawn from the deck.
silver was drawn from the deck.
Playing action card: mine
Player2 gained gold
Player2 bought duchy

Player1 is now starting a turn.
copper was drawn from the deck.
great_hall was drawn from the deck.
copper was drawn from the deck.
great_hall was drawn from the deck.
adventurer was drawn from the deck.
Playing action card: great_hall
gold was drawn from the deck.
Playing action card: adventurer
seahag was drawn from the deck.
Player1 discarded seahag
copper was drawn from the deck.
gold was drawn from the deck.
Player1 bought province

Player2 is now starting a turn.
gold was drawn from the deck.
gold was drawn from the deck.
adventurer was drawn from the deck.
great_hall was drawn from the deck.
curse was drawn from the deck.
Playing action card: great_hall
copper was drawn from the deck.
Playing action card: adventurer
duchy was drawn from the deck.
Player2 discarded duchy
ambassador was drawn from the deck.
Player2 discarded ambassador
curse was drawn from the deck.
Player2 discarded curse
village was drawn from the deck.
Player2 discarded village
village was drawn from the deck.
Player2 discarded village
adventurer was drawn from the deck.
Player2 discarded adventurer
mine was drawn from the deck.
Player2 discarded mine
curse was drawn from the deck.
Player2 discarded curse
copper was drawn from the deck.
estate was drawn from the deck.
Player2 discarded estate
copper was drawn from the deck.
Player2 bought province

Player1 is now starting a turn.
gold was drawn from the deck.
curse was drawn from the deck.
adventurer was drawn from the deck.
ambassador was drawn from the deck.
curse was drawn from the deck.
Playing action card: adventurer
copper was drawn from the deck.
copper was drawn from the deck.
Player1 bought mine

Player2 is now starting a turn.
copper was drawn from the deck.
ambassador was drawn from the deck.
copper was drawn from the deck.
estate was drawn from the deck.
curse was drawn from the deck.
Playing action card: ambassador
Player2 returned 0 copies of curse
Player2 bought ambassador

Player1 is now starting a turn.
estate was drawn from the deck.
estate was drawn from the deck.
Shuffling Player1&apos;s deck.
curse was drawn from the deck.
great_hall was drawn from the deck.
adventurer was drawn from the deck.
Playing action card: adventurer
copper was drawn from the deck.
copper was drawn from the deck.
Player1 bought gardens

Player2 is now starting a turn.
copper was drawn from the deck.
seahag was drawn from the deck.
copper was drawn from the deck.
estate was drawn from the deck.
copper was drawn from the deck.
Playing action card: seahag
great_hall was drawn from the deck.
Player1 discarded great_hall
Player1 gained curse to top of deck.
Player2 bought cutpurse

Player1 is now starting a turn.
curse was drawn from the deck.
copper was drawn from the deck.
copper was drawn from the deck.
gold was drawn from the deck.
curse was drawn from the deck.
Player1 bought duchy

Player2 is now starting a turn.
duchy was drawn from the deck.
copper was drawn from the deck.
estate was drawn from the deck.
Shuffling Player2&apos;s deck.
curse was drawn from the deck.
estate was drawn from the deck.
Player2 bought silver

Player1 is now starting a turn.
copper was drawn from the deck.
copper was drawn from the deck.
curse was drawn from the deck.
adventurer was drawn from the deck.
silver was drawn from the deck.
Playing action card: adventurer
seahag was drawn from the deck.
Player1 discarded seahag
mine was drawn from the deck.
Player1 discarded mine
estate was drawn from the deck.
Player1 discarded estate
copper was drawn from the deck.
adventurer was drawn from the deck.
Player1 discarded adventurer
curse was drawn from the deck.
Player1 discarded curse
estate was drawn from the deck.
Player1 discarded estate
province was drawn from the deck.
Player1 discarded province
seahag was drawn from the deck.
Player1 discarded seahag
mine was drawn from the deck.
Player1 discarded mine
copper was drawn from the deck.
Player1 bought adventurer

Player2 is now starting a turn.
smithy was drawn from the deck.
duchy was drawn from the deck.
village was drawn from the deck.
copper was drawn from the deck.
adventurer was drawn from the deck.
Playing action card: village
province was drawn from the deck.
Playing action card: smithy
gold was drawn from the deck.
copper was drawn from the deck.
Playing action card: adventurer
curse was drawn from the deck.
Player2 discarded curse
copper was drawn from the deck.
gold was drawn from the deck.
Player2 bought province

Player1 is now starting a turn.
copper was drawn from the deck.
curse was drawn from the deck.
gold was drawn from the deck.
province was drawn from the deck.
curse was drawn from the deck.
Player1 bought smithy

Player2 is now starting a turn.
curse was drawn from the deck.
seahag was drawn from the deck.
ambassador was drawn from the deck.
ambassador was drawn from the deck.
curse was drawn from the deck.
Playing action card: seahag
ambassador was drawn from the deck.
Player1 discarded ambassador
Player1 gained curse to top of deck.
Player2 bought copper

Player1 is now starting a turn.
curse was drawn from the deck.
copper was drawn from the deck.
gold was drawn from the deck.
smithy was drawn from the deck.
curse was drawn from the deck.
Playing action card: smithy
great_hall was drawn from the deck.
mine was drawn from the deck.
Player1 bought seahag

Player2 is now starting a turn.
village was drawn from the deck.
curse was drawn from the deck.
silver was drawn from the deck.
estate was drawn from the deck.
curse was drawn from the deck.
Playing action card: village
smithy was drawn from the deck.
Playing action card: smithy
copper was drawn from the deck.
gold was drawn from the deck.
Player2 bought adventurer

Player1 is now starting a turn.
adventurer was drawn from the deck.
curse was drawn from the deck.
province was drawn from the deck.
estate was drawn from the deck.
gold was drawn from the deck.
Playing action card: adventurer
copper was drawn from the deck.
estate was drawn from the deck.
Player1 discarded estate
estate was drawn from the deck.
Player1 discarded estate
duchy was drawn from the deck.
Player1 discarded duchy
copper was drawn from the deck.
Player1 bought gold

Player2 is now starting a turn.
estate was drawn from the deck.
smithy was drawn from the deck.
duchy was drawn from the deck.
mine was drawn from the deck.
seahag was drawn from the deck.
Playing action card: seahag
gold was drawn from the deck.
Player1 discarded gold
Player1 gained curse to top of deck.
Player2 bought copper

Player1 is now starting a turn.
curse was drawn from the deck.
curse was drawn from the deck.
copper was drawn from the deck.
Shuffling Player1&apos;s deck.
estate was drawn from the deck.
gold was drawn from the deck.
Player1 bought duchy

Player2 is now starting a turn.
duchy was drawn from the deck.
curse was drawn from the deck.
copper was drawn from the deck.
gold was drawn from the deck.
copper was drawn from the deck.
Player2 bought mine

Player1 is now starting a turn.
adventurer was drawn from the deck.
smithy was drawn from the deck.
gold was drawn from the deck.
copper was drawn from the deck.
silver was drawn from the deck.
Playing action card: smithy
curse was drawn from the deck.
curse was drawn from the deck.
Player1 bought gold

Player2 is now starting a turn.
mine was drawn from the deck.
ambassador was drawn from the deck.
copper was drawn from the deck.
copper was drawn from the deck.
great_hall was drawn from the deck.
Playing action card: mine
Player2 gained gold
Player2 bought mine

Player1 is now starting a turn.
estate was drawn from the deck.
curse was drawn from the deck.
estate was drawn from the deck.
curse was drawn from the deck.
copper was drawn from the deck.
Player1 bought silver

Player2 is now starting a turn.
ambassador was drawn from the deck.
estate was drawn from the deck.
adventurer was drawn from the deck.
cutpurse was drawn from the deck.
Shuffling Player2&apos;s deck.
copper was drawn from the deck.
Playing action card: ambassador
Player2 returned 0 copies of cutpurse
Player1 gained cutpurse
Player2 bought embargo

Player1 is now starting a turn.
mine was drawn from the deck.
duchy was drawn from the deck.
smithy was drawn from the deck.
gardens was drawn from the deck.
estate was drawn from the deck.
Playing action card: mine
Player1 bought copper

Player2 is now starting a turn.
curse was drawn from the deck.
copper was drawn from the deck.
gold was drawn from the deck.
copper was drawn from the deck.
province was drawn from the deck.
Player2 bought duchy

Player1 is now starting a turn.
copper was drawn from the deck.
gold was drawn from the deck.
great_hall was drawn from the deck.
copper was drawn from the deck.
copper was drawn from the deck.
Playing action card: great_hall
copper was drawn from the deck.
Player1 bought gold

Player2 is now starting a turn.
copper was drawn from the deck.
copper was drawn from the deck.
gold was drawn from the deck.
estate was drawn from the deck.
smithy was drawn from the deck.
Playing action card: smithy
copper was drawn from the deck.
copper was drawn from the deck.
Player2 bought province

Player1 is now starting a turn.
seahag was drawn from the deck.
curse was drawn from the deck.
copper was drawn from the deck.
copper was drawn from the deck.
copper was drawn from the deck.
Playing action card: seahag
silver was drawn from the deck.
Player2 discarded silver
Player2 gained curse to top of deck.
Player1 bought ambassador

Player2 is now starting a turn.
curse was drawn from the deck.
duchy was drawn from the deck.
province was drawn from the deck.
great_hall was drawn from the deck.
curse was drawn from the deck.
Playing action card: great_hall
gold was drawn from the deck.
Player2 bought village

Player1 is now starting a turn.
estate was drawn from the deck.
gold was drawn from the deck.
curse was drawn from the deck.
curse was drawn from the deck.
province was drawn from the deck.
Player1 bought smithy

Player2 is now starting a turn.
mine was drawn from the deck.
seahag was drawn from the deck.
mine was drawn from the deck.
silver was drawn from the deck.
ambassador was drawn from the deck.
Playing action card: seahag
great_hall was drawn from the deck.
Player1 discarded great_hall
Player1 gained curse to top of deck.
Player2 bought estate

Player1 is now starting a turn.
curse was drawn from the deck.
copper was drawn from the deck.
curse was drawn from the deck.
copper was drawn from the deck.
curse was drawn from the deck.
Player1 bought estate

Player2 is now starting a turn.
curse was drawn from the deck.
copper was drawn from the deck.
estate was drawn from the deck.
copper was drawn from the deck.
curse was drawn from the deck.
Player2 bought village

Player1 is now starting a turn.
adventurer was drawn from the deck.
adventurer was drawn from the deck.
mine was drawn from the deck.
seahag was drawn from the deck.
estate was drawn from the deck.
Playing action card: adventurer
adventurer was drawn from the deck.
Player1 discarded adventurer
gold was drawn from the deck.
province was drawn from the deck.
Player1 discarded province
seahag was drawn from the deck.
Player1 discarded seahag
mine was drawn from the deck.
Player1 discarded mine
ambassador was drawn from the deck.
Player1 discarded ambassador
great_hall was drawn from the deck.
Player1 discarded great_hall
province was drawn from the deck.
Player1 discarded province
estate was drawn from the deck.
Player1 discarded estate
duchy was drawn from the deck.
Player1 discarded duchy
curse was drawn from the deck.
Player1 discarded curse
gold was drawn from the deck.
Player1 bought adventurer

Player2 is now starting a turn.
smithy was drawn from the deck.
duchy was drawn from the deck.
curse was drawn from the deck.
duchy was drawn from the deck.
smithy was drawn from the deck.
Playing action card: smithy
village was drawn from the deck.
adventurer was drawn from the deck.
Player2 bought copper

Player1 is now starting a turn.
adventurer was drawn from the deck.
copper was drawn from the deck.
Shuffling Player1&apos;s deck.
gold was drawn from the deck.
adventurer was drawn from the deck.
copper was drawn from the deck.
Playing action card: adventurer
curse was drawn from the deck.
Player1 discarded curse
gold was drawn from the deck.
curse was drawn from the deck.
Player1 discarded curse
curse was drawn from the deck.
Player1 discarded curse
gold was drawn from the deck.
Player1 bought province

Player2 is now starting a turn.
gold was drawn from the deck.
mine was drawn from the deck.
estate was drawn from the deck.
ambassador was drawn from the deck.
gold was drawn from the deck.
Playing action card: mine
Player2 gained gold
Player2 bought province
GAME OVER! Province card pile is empty. 
Player1: 379
Player2: 459
Player1: 379
Player2: 459
</system-out>
  </testcase>
  <testcase classname="RegressionTest" name="test246" time="0.021"/>
  <testcase classname="RegressionTest" name="test247" time="0.018"/>
  <testcase classname="RegressionTest" name="test248" time="0">
    <failure message="&apos;curse&apos; != &apos;copper&apos;" type="java.lang.AssertionError">java.lang.AssertionError: &apos;curse&apos; != &apos;copper&apos;
	at org.junit.Assert.fail(Assert.java:88)
	at org.junit.Assert.assertTrue(Assert.java:41)
	at RegressionTest.test248(RegressionTest.java:15675)
	at sun.reflect.NativeMethodAccessorImpl.invoke0(Native Method)
	at sun.reflect.NativeMethodAccessorImpl.invoke(NativeMethodAccessorImpl.java:62)
	at sun.reflect.DelegatingMethodAccessorImpl.invoke(DelegatingMethodAccessorImpl.java:43)
	at java.lang.reflect.Method.invoke(Method.java:498)
	at org.junit.runners.model.FrameworkMethod$1.runReflectiveCall(FrameworkMethod.java:47)
	at org.junit.internal.runners.model.ReflectiveCallable.run(ReflectiveCallable.java:12)
	at org.junit.runners.model.FrameworkMethod.invokeExplosively(FrameworkMethod.java:44)
	at org.junit.internal.runners.statements.InvokeMethod.evaluate(InvokeMethod.java:17)
	at org.junit.runners.ParentRunner.runLeaf(ParentRunner.java:271)
	at org.junit.runners.BlockJUnit4ClassRunner.runChild(BlockJUnit4ClassRunner.java:70)
	at org.junit.runners.BlockJUnit4ClassRunner.runChild(BlockJUnit4ClassRunner.java:50)
	at org.junit.runners.ParentRunner$3.run(ParentRunner.java:238)
	at org.junit.runners.ParentRunner$1.schedule(ParentRunner.java:63)
	at org.junit.runners.ParentRunner.runChildren(ParentRunner.java:236)
	at org.junit.runners.ParentRunner.access$000(ParentRunner.java:53)
	at org.junit.runners.ParentRunner$2.evaluate(ParentRunner.java:229)
	at org.junit.runners.ParentRunner.run(ParentRunner.java:309)
	at org.apache.maven.surefire.junit4.JUnit4Provider.execute(JUnit4Provider.java:252)
	at org.apache.maven.surefire.junit4.JUnit4Provider.executeTestSet(JUnit4Provider.java:141)
	at org.apache.maven.surefire.junit4.JUnit4Provider.invoke(JUnit4Provider.java:112)
	at sun.reflect.NativeMethodAccessorImpl.invoke0(Native Method)
	at sun.reflect.NativeMethodAccessorImpl.invoke(NativeMethodAccessorImpl.java:62)
	at sun.reflect.DelegatingMethodAccessorImpl.invoke(DelegatingMethodAccessorImpl.java:43)
	at java.lang.reflect.Method.invoke(Method.java:498)
	at org.apache.maven.surefire.util.ReflectionUtils.invokeMethodWithArray(ReflectionUtils.java:189)
	at org.apache.maven.surefire.booter.ProviderFactory$ProviderProxy.invoke(ProviderFactory.java:165)
	at org.apache.maven.surefire.booter.ProviderFactory.invokeProvider(ProviderFactory.java:85)
	at org.apache.maven.surefire.booter.ForkedBooter.runSuitesInProcess(ForkedBooter.java:115)
	at org.apache.maven.surefire.booter.ForkedBooter.main(ForkedBooter.java:75)
</failure>
    <system-out>Shuffling hi!&apos;s deck.
copper was drawn from the deck.
</system-out>
  </testcase>
  <testcase classname="RegressionTest" name="test249" time="0"/>
  <testcase classname="RegressionTest" name="test250" time="0.018">
    <failure type="java.lang.AssertionError">java.lang.AssertionError
	at org.junit.Assert.fail(Assert.java:86)
	at org.junit.Assert.assertTrue(Assert.java:41)
	at org.junit.Assert.assertTrue(Assert.java:52)
	at RegressionTest.test250(RegressionTest.java:15793)
	at sun.reflect.NativeMethodAccessorImpl.invoke0(Native Method)
	at sun.reflect.NativeMethodAccessorImpl.invoke(NativeMethodAccessorImpl.java:62)
	at sun.reflect.DelegatingMethodAccessorImpl.invoke(DelegatingMethodAccessorImpl.java:43)
	at java.lang.reflect.Method.invoke(Method.java:498)
	at org.junit.runners.model.FrameworkMethod$1.runReflectiveCall(FrameworkMethod.java:47)
	at org.junit.internal.runners.model.ReflectiveCallable.run(ReflectiveCallable.java:12)
	at org.junit.runners.model.FrameworkMethod.invokeExplosively(FrameworkMethod.java:44)
	at org.junit.internal.runners.statements.InvokeMethod.evaluate(InvokeMethod.java:17)
	at org.junit.runners.ParentRunner.runLeaf(ParentRunner.java:271)
	at org.junit.runners.BlockJUnit4ClassRunner.runChild(BlockJUnit4ClassRunner.java:70)
	at org.junit.runners.BlockJUnit4ClassRunner.runChild(BlockJUnit4ClassRunner.java:50)
	at org.junit.runners.ParentRunner$3.run(ParentRunner.java:238)
	at org.junit.runners.ParentRunner$1.schedule(ParentRunner.java:63)
	at org.junit.runners.ParentRunner.runChildren(ParentRunner.java:236)
	at org.junit.runners.ParentRunner.access$000(ParentRunner.java:53)
	at org.junit.runners.ParentRunner$2.evaluate(ParentRunner.java:229)
	at org.junit.runners.ParentRunner.run(ParentRunner.java:309)
	at org.apache.maven.surefire.junit4.JUnit4Provider.execute(JUnit4Provider.java:252)
	at org.apache.maven.surefire.junit4.JUnit4Provider.executeTestSet(JUnit4Provider.java:141)
	at org.apache.maven.surefire.junit4.JUnit4Provider.invoke(JUnit4Provider.java:112)
	at sun.reflect.NativeMethodAccessorImpl.invoke0(Native Method)
	at sun.reflect.NativeMethodAccessorImpl.invoke(NativeMethodAccessorImpl.java:62)
	at sun.reflect.DelegatingMethodAccessorImpl.invoke(DelegatingMethodAccessorImpl.java:43)
	at java.lang.reflect.Method.invoke(Method.java:498)
	at org.apache.maven.surefire.util.ReflectionUtils.invokeMethodWithArray(ReflectionUtils.java:189)
	at org.apache.maven.surefire.booter.ProviderFactory$ProviderProxy.invoke(ProviderFactory.java:165)
	at org.apache.maven.surefire.booter.ProviderFactory.invokeProvider(ProviderFactory.java:85)
	at org.apache.maven.surefire.booter.ForkedBooter.runSuitesInProcess(ForkedBooter.java:115)
	at org.apache.maven.surefire.booter.ForkedBooter.main(ForkedBooter.java:75)
</failure>
    <system-out>
STARTING NEW GAME!

Player1 is now starting a turn.
Shuffling Player1&apos;s deck.
copper was drawn from the deck.
copper was drawn from the deck.
estate was drawn from the deck.
copper was drawn from the deck.
estate was drawn from the deck.
Player1 gained curse card because of embargo token.
Player1 gained curse
Player1 gained curse card because of embargo token.
Player1 gained curse
Player1 bought duchy

Player2 is now starting a turn.
Shuffling Player2&apos;s deck.
copper was drawn from the deck.
copper was drawn from the deck.
estate was drawn from the deck.
copper was drawn from the deck.
copper was drawn from the deck.
Player2 gained curse card because of embargo token.
Player2 gained curse
Player2 gained curse card because of embargo token.
Player2 gained curse
Player2 bought duchy

Player1 is now starting a turn.
copper was drawn from the deck.
estate was drawn from the deck.
copper was drawn from the deck.
copper was drawn from the deck.
copper was drawn from the deck.
Player1 gained curse card because of embargo token.
Player1 gained curse
Player1 gained curse card because of embargo token.
Player1 gained curse
Player1 bought mine

Player2 is now starting a turn.
copper was drawn from the deck.
copper was drawn from the deck.
estate was drawn from the deck.
estate was drawn from the deck.
copper was drawn from the deck.
Player2 gained curse card because of embargo token.
Player2 gained curse
Player2 gained curse card because of embargo token.
Player2 gained curse
Player2 bought mine

Player1 is now starting a turn.
Shuffling Player1&apos;s deck.
copper was drawn from the deck.
curse was drawn from the deck.
copper was drawn from the deck.
curse was drawn from the deck.
estate was drawn from the deck.
Player1 gained curse card because of embargo token.
Player1 gained curse
Player1 gained curse card because of embargo token.
Player1 gained curse
Player1 bought great_hall

Player2 is now starting a turn.
Shuffling Player2&apos;s deck.
copper was drawn from the deck.
copper was drawn from the deck.
copper was drawn from the deck.
copper was drawn from the deck.
curse was drawn from the deck.
Player2 bought seahag

Player1 is now starting a turn.
copper was drawn from the deck.
copper was drawn from the deck.
copper was drawn from the deck.
curse was drawn from the deck.
curse was drawn from the deck.
Player1 bought silver

Player2 is now starting a turn.
mine was drawn from the deck.
estate was drawn from the deck.
estate was drawn from the deck.
estate was drawn from the deck.
curse was drawn from the deck.
Playing action card: mine
Player2 bought village

Player1 is now starting a turn.
duchy was drawn from the deck.
estate was drawn from the deck.
copper was drawn from the deck.
copper was drawn from the deck.
estate was drawn from the deck.
Player1 bought seahag

Player2 is now starting a turn.
curse was drawn from the deck.
curse was drawn from the deck.
copper was drawn from the deck.
duchy was drawn from the deck.
copper was drawn from the deck.
Player2 bought estate

Player1 is now starting a turn.
mine was drawn from the deck.
Shuffling Player1&apos;s deck.
copper was drawn from the deck.
curse was drawn from the deck.
estate was drawn from the deck.
curse was drawn from the deck.
Playing action card: mine
Player1 gained gold
Player1 bought mine

Player2 is now starting a turn.
copper was drawn from the deck.
Shuffling Player2&apos;s deck.
copper was drawn from the deck.
mine was drawn from the deck.
copper was drawn from the deck.
curse was drawn from the deck.
Playing action card: mine
Player2 gained gold
Player2 bought gold

Player1 is now starting a turn.
copper was drawn from the deck.
copper was drawn from the deck.
estate was drawn from the deck.
copper was drawn from the deck.
silver was drawn from the deck.
Player1 bought adventurer

Player2 is now starting a turn.
copper was drawn from the deck.
estate was drawn from the deck.
estate was drawn from the deck.
duchy was drawn from the deck.
curse was drawn from the deck.
Player2 bought great_hall

Player1 is now starting a turn.
copper was drawn from the deck.
curse was drawn from the deck.
seahag was drawn from the deck.
copper was drawn from the deck.
curse was drawn from the deck.
Playing action card: seahag
curse was drawn from the deck.
Player2 discarded curse
Player2 gained curse to top of deck.
Player1 bought estate

Player2 is now starting a turn.
curse was drawn from the deck.
village was drawn from the deck.
seahag was drawn from the deck.
estate was drawn from the deck.
copper was drawn from the deck.
Playing action card: village
estate was drawn from the deck.
Playing action card: seahag
copper was drawn from the deck.
Player1 discarded copper
Player1 gained curse to top of deck.
Player2 bought ambassador

Player1 is now starting a turn.
curse was drawn from the deck.
curse was drawn from the deck.
curse was drawn from the deck.
estate was drawn from the deck.
great_hall was drawn from the deck.
Playing action card: great_hall
duchy was drawn from the deck.
Player1 bought copper

Player2 is now starting a turn.
curse was drawn from the deck.
copper was drawn from the deck.
copper was drawn from the deck.
Shuffling Player2&apos;s deck.
copper was drawn from the deck.
curse was drawn from the deck.
Player2 bought silver

Player1 is now starting a turn.
Shuffling Player1&apos;s deck.
curse was drawn from the deck.
curse was drawn from the deck.
mine was drawn from the deck.
copper was drawn from the deck.
curse was drawn from the deck.
Playing action card: mine
Player1 gained gold
Player1 bought smithy

Player2 is now starting a turn.
estate was drawn from the deck.
estate was drawn from the deck.
estate was drawn from the deck.
estate was drawn from the deck.
copper was drawn from the deck.
Player2 bought mine

Player1 is now starting a turn.
estate was drawn from the deck.
mine was drawn from the deck.
estate was drawn from the deck.
copper was drawn from the deck.
curse was drawn from the deck.
Playing action card: mine
Player1 gained gold
Player1 bought gold

Player2 is now starting a turn.
copper was drawn from the deck.
copper was drawn from the deck.
curse was drawn from the deck.
duchy was drawn from the deck.
great_hall was drawn from the deck.
Playing action card: great_hall
village was drawn from the deck.
Playing action card: village
copper was drawn from the deck.
Player2 bought ambassador

Player1 is now starting a turn.
copper was drawn from the deck.
duchy was drawn from the deck.
copper was drawn from the deck.
estate was drawn from the deck.
copper was drawn from the deck.
Player1 bought seahag

Player2 is now starting a turn.
gold was drawn from the deck.
curse was drawn from the deck.
curse was drawn from the deck.
ambassador was drawn from the deck.
seahag was drawn from the deck.
Playing action card: seahag
adventurer was drawn from the deck.
Player1 discarded adventurer
Player1 gained curse to top of deck.
Player2 bought ambassador

Player1 is now starting a turn.
curse was drawn from the deck.
curse was drawn from the deck.
silver was drawn from the deck.
seahag was drawn from the deck.
curse was drawn from the deck.
Playing action card: seahag
gold was drawn from the deck.
Player2 discarded gold
Player2 gained curse to top of deck.
Player1 bought estate

Player2 is now starting a turn.
curse was drawn from the deck.
mine was drawn from the deck.
Shuffling Player2&apos;s deck.
curse was drawn from the deck.
seahag was drawn from the deck.
mine was drawn from the deck.
Playing action card: mine
Player2 bought copper

Player1 is now starting a turn.
curse was drawn from the deck.
gold was drawn from the deck.
copper was drawn from the deck.
copper was drawn from the deck.
great_hall was drawn from the deck.
Playing action card: great_hall
estate was drawn from the deck.
Player1 bought adventurer

Player2 is now starting a turn.
silver was drawn from the deck.
ambassador was drawn from the deck.
estate was drawn from the deck.
curse was drawn from the deck.
ambassador was drawn from the deck.
Playing action card: ambassador
Player2 returned 0 copies of ambassador
Player1 gained ambassador
Player2 bought village

Player1 is now starting a turn.
copper was drawn from the deck.
Shuffling Player1&apos;s deck.
copper was drawn from the deck.
curse was drawn from the deck.
estate was drawn from the deck.
curse was drawn from the deck.
Player1 bought great_hall

Player2 is now starting a turn.
ambassador was drawn from the deck.
copper was drawn from the deck.
copper was drawn from the deck.
copper was drawn from the deck.
copper was drawn from the deck.
Playing action card: ambassador
Player2 returned 0 copies of copper
Player1 gained copper
Player2 bought smithy

Player1 is now starting a turn.
curse was drawn from the deck.
smithy was drawn from the deck.
curse was drawn from the deck.
adventurer was drawn from the deck.
great_hall was drawn from the deck.
Playing action card: smithy
curse was drawn from the deck.
estate was drawn from the deck.
Player1 bought copper

Player2 is now starting a turn.
estate was drawn from the deck.
estate was drawn from the deck.
duchy was drawn from the deck.
gold was drawn from the deck.
copper was drawn from the deck.
Player2 bought adventurer

Player1 is now starting a turn.
curse was drawn from the deck.
gold was drawn from the deck.
gold was drawn from the deck.
copper was drawn from the deck.
estate was drawn from the deck.
Player1 bought province

Player2 is now starting a turn.
gold was drawn from the deck.
curse was drawn from the deck.
estate was drawn from the deck.
curse was drawn from the deck.
copper was drawn from the deck.
Player2 bought duchy

Player1 is now starting a turn.
seahag was drawn from the deck.
estate was drawn from the deck.
ambassador was drawn from the deck.
curse was drawn from the deck.
mine was drawn from the deck.
Playing action card: seahag
great_hall was drawn from the deck.
Player2 discarded great_hall
Player2 gained curse to top of deck.
Player1 bought copper

Player2 is now starting a turn.
curse was drawn from the deck.
copper was drawn from the deck.
curse was drawn from the deck.
village was drawn from the deck.
Shuffling Player2&apos;s deck.
gold was drawn from the deck.
Playing action card: village
seahag was drawn from the deck.
Playing action card: seahag
estate was drawn from the deck.
Player1 discarded estate
Player1 gained curse to top of deck.
Player2 bought smithy

Player1 is now starting a turn.
curse was drawn from the deck.
duchy was drawn from the deck.
copper was drawn from the deck.
curse was drawn from the deck.
copper was drawn from the deck.
Player1 bought estate

Player2 is now starting a turn.
curse was drawn from the deck.
copper was drawn from the deck.
curse was drawn from the deck.
great_hall was drawn from the deck.
mine was drawn from the deck.
Playing action card: mine
Player2 gained gold
Player2 bought seahag

Player1 is now starting a turn.
mine was drawn from the deck.
gold was drawn from the deck.
adventurer was drawn from the deck.
seahag was drawn from the deck.
gold was drawn from the deck.
Playing action card: adventurer
silver was drawn from the deck.
copper was drawn from the deck.
Player1 bought province

Player2 is now starting a turn.
copper was drawn from the deck.
mine was drawn from the deck.
duchy was drawn from the deck.
ambassador was drawn from the deck.
estate was drawn from the deck.
Playing action card: ambassador
Player2 returned 0 copies of copper
Player1 gained copper
Player2 bought estate

Player1 is now starting a turn.
copper was drawn from the deck.
copper was drawn from the deck.
Shuffling Player1&apos;s deck.
silver was drawn from the deck.
mine was drawn from the deck.
seahag was drawn from the deck.
Playing action card: mine
Player1 gained gold
Player1 bought adventurer

Player2 is now starting a turn.
estate was drawn from the deck.
copper was drawn from the deck.
copper was drawn from the deck.
copper was drawn from the deck.
smithy was drawn from the deck.
Playing action card: smithy
copper was drawn from the deck.
ambassador was drawn from the deck.
Player2 bought duchy

Player1 is now starting a turn.
copper was drawn from the deck.
copper was drawn from the deck.
copper was drawn from the deck.
copper was drawn from the deck.
gold was drawn from the deck.
Player1 bought adventurer

Player2 is now starting a turn.
silver was drawn from the deck.
village was drawn from the deck.
estate was drawn from the deck.
duchy was drawn from the deck.
gold was drawn from the deck.
Playing action card: village
curse was drawn from the deck.
Player2 bought adventurer

Player1 is now starting a turn.
curse was drawn from the deck.
curse was drawn from the deck.
curse was drawn from the deck.
province was drawn from the deck.
duchy was drawn from the deck.
Player1 bought copper

Player2 is now starting a turn.
copper was drawn from the deck.
ambassador was drawn from the deck.
curse was drawn from the deck.
curse was drawn from the deck.
adventurer was drawn from the deck.
Playing action card: adventurer
estate was drawn from the deck.
Player2 discarded estate
Player2 bought copper

Player1 is now starting a turn.
curse was drawn from the deck.
estate was drawn from the deck.
curse was drawn from the deck.
curse was drawn from the deck.
estate was drawn from the deck.
Player1 bought estate

Player2 is now starting a turn.
Shuffling Player2&apos;s deck.
smithy was drawn from the deck.
gold was drawn from the deck.
curse was drawn from the deck.
smithy was drawn from the deck.
curse was drawn from the deck.
Playing action card: smithy
duchy was drawn from the deck.
estate was drawn from the deck.
Player2 bought smithy

Player1 is now starting a turn.
curse was drawn from the deck.
smithy was drawn from the deck.
estate was drawn from the deck.
province was drawn from the deck.
estate was drawn from the deck.
Playing action card: smithy
copper was drawn from the deck.
mine was drawn from the deck.
Player1 bought great_hall

Player2 is now starting a turn.
ambassador was drawn from the deck.
mine was drawn from the deck.
curse was drawn from the deck.
seahag was drawn from the deck.
silver was drawn from the deck.
Playing action card: mine
Player2 gained gold
Player2 bought duchy

Player1 is now starting a turn.
copper was drawn from the deck.
great_hall was drawn from the deck.
copper was drawn from the deck.
great_hall was drawn from the deck.
adventurer was drawn from the deck.
Playing action card: great_hall
gold was drawn from the deck.
Playing action card: adventurer
seahag was drawn from the deck.
Player1 discarded seahag
copper was drawn from the deck.
gold was drawn from the deck.
Player1 bought province

Player2 is now starting a turn.
gold was drawn from the deck.
gold was drawn from the deck.
adventurer was drawn from the deck.
great_hall was drawn from the deck.
curse was drawn from the deck.
Playing action card: great_hall
copper was drawn from the deck.
Playing action card: adventurer
duchy was drawn from the deck.
Player2 discarded duchy
ambassador was drawn from the deck.
Player2 discarded ambassador
curse was drawn from the deck.
Player2 discarded curse
village was drawn from the deck.
Player2 discarded village
village was drawn from the deck.
Player2 discarded village
adventurer was drawn from the deck.
Player2 discarded adventurer
mine was drawn from the deck.
Player2 discarded mine
curse was drawn from the deck.
Player2 discarded curse
copper was drawn from the deck.
estate was drawn from the deck.
Player2 discarded estate
copper was drawn from the deck.
Player2 bought province

Player1 is now starting a turn.
gold was drawn from the deck.
curse was drawn from the deck.
adventurer was drawn from the deck.
ambassador was drawn from the deck.
curse was drawn from the deck.
Playing action card: adventurer
copper was drawn from the deck.
copper was drawn from the deck.
Player1 bought mine

Player2 is now starting a turn.
copper was drawn from the deck.
ambassador was drawn from the deck.
copper was drawn from the deck.
estate was drawn from the deck.
curse was drawn from the deck.
Playing action card: ambassador
Player2 returned 0 copies of curse
Player2 bought ambassador

Player1 is now starting a turn.
estate was drawn from the deck.
estate was drawn from the deck.
Shuffling Player1&apos;s deck.
curse was drawn from the deck.
great_hall was drawn from the deck.
adventurer was drawn from the deck.
Playing action card: adventurer
copper was drawn from the deck.
copper was drawn from the deck.
Player1 bought gardens

Player2 is now starting a turn.
copper was drawn from the deck.
seahag was drawn from the deck.
copper was drawn from the deck.
estate was drawn from the deck.
copper was drawn from the deck.
Playing action card: seahag
great_hall was drawn from the deck.
Player1 discarded great_hall
Player1 gained curse to top of deck.
Player2 bought cutpurse

Player1 is now starting a turn.
curse was drawn from the deck.
copper was drawn from the deck.
copper was drawn from the deck.
gold was drawn from the deck.
curse was drawn from the deck.
Player1 bought duchy

Player2 is now starting a turn.
duchy was drawn from the deck.
copper was drawn from the deck.
estate was drawn from the deck.
Shuffling Player2&apos;s deck.
curse was drawn from the deck.
estate was drawn from the deck.
Player2 bought silver

Player1 is now starting a turn.
copper was drawn from the deck.
copper was drawn from the deck.
curse was drawn from the deck.
adventurer was drawn from the deck.
silver was drawn from the deck.
Playing action card: adventurer
seahag was drawn from the deck.
Player1 discarded seahag
mine was drawn from the deck.
Player1 discarded mine
estate was drawn from the deck.
Player1 discarded estate
copper was drawn from the deck.
adventurer was drawn from the deck.
Player1 discarded adventurer
curse was drawn from the deck.
Player1 discarded curse
estate was drawn from the deck.
Player1 discarded estate
province was drawn from the deck.
Player1 discarded province
seahag was drawn from the deck.
Player1 discarded seahag
mine was drawn from the deck.
Player1 discarded mine
copper was drawn from the deck.
Player1 bought adventurer

Player2 is now starting a turn.
smithy was drawn from the deck.
duchy was drawn from the deck.
village was drawn from the deck.
copper was drawn from the deck.
adventurer was drawn from the deck.
Playing action card: village
province was drawn from the deck.
Playing action card: smithy
gold was drawn from the deck.
copper was drawn from the deck.
Playing action card: adventurer
curse was drawn from the deck.
Player2 discarded curse
copper was drawn from the deck.
gold was drawn from the deck.
Player2 bought province

Player1 is now starting a turn.
copper was drawn from the deck.
curse was drawn from the deck.
gold was drawn from the deck.
province was drawn from the deck.
curse was drawn from the deck.
Player1 bought smithy

Player2 is now starting a turn.
curse was drawn from the deck.
seahag was drawn from the deck.
ambassador was drawn from the deck.
ambassador was drawn from the deck.
curse was drawn from the deck.
Playing action card: seahag
ambassador was drawn from the deck.
Player1 discarded ambassador
Player1 gained curse to top of deck.
Player2 bought copper

Player1 is now starting a turn.
curse was drawn from the deck.
copper was drawn from the deck.
gold was drawn from the deck.
smithy was drawn from the deck.
curse was drawn from the deck.
Playing action card: smithy
great_hall was drawn from the deck.
mine was drawn from the deck.
Player1 bought seahag

Player2 is now starting a turn.
village was drawn from the deck.
curse was drawn from the deck.
silver was drawn from the deck.
estate was drawn from the deck.
curse was drawn from the deck.
Playing action card: village
smithy was drawn from the deck.
Playing action card: smithy
copper was drawn from the deck.
gold was drawn from the deck.
Player2 bought adventurer

Player1 is now starting a turn.
adventurer was drawn from the deck.
curse was drawn from the deck.
province was drawn from the deck.
estate was drawn from the deck.
gold was drawn from the deck.
Playing action card: adventurer
copper was drawn from the deck.
estate was drawn from the deck.
Player1 discarded estate
estate was drawn from the deck.
Player1 discarded estate
duchy was drawn from the deck.
Player1 discarded duchy
copper was drawn from the deck.
Player1 bought gold

Player2 is now starting a turn.
estate was drawn from the deck.
smithy was drawn from the deck.
duchy was drawn from the deck.
mine was drawn from the deck.
seahag was drawn from the deck.
Playing action card: seahag
gold was drawn from the deck.
Player1 discarded gold
Player1 gained curse to top of deck.
Player2 bought copper

Player1 is now starting a turn.
curse was drawn from the deck.
curse was drawn from the deck.
copper was drawn from the deck.
Shuffling Player1&apos;s deck.
estate was drawn from the deck.
gold was drawn from the deck.
Player1 bought duchy

Player2 is now starting a turn.
duchy was drawn from the deck.
curse was drawn from the deck.
copper was drawn from the deck.
gold was drawn from the deck.
copper was drawn from the deck.
Player2 bought mine

Player1 is now starting a turn.
adventurer was drawn from the deck.
smithy was drawn from the deck.
gold was drawn from the deck.
copper was drawn from the deck.
silver was drawn from the deck.
Playing action card: smithy
curse was drawn from the deck.
curse was drawn from the deck.
Player1 bought gold

Player2 is now starting a turn.
mine was drawn from the deck.
ambassador was drawn from the deck.
copper was drawn from the deck.
copper was drawn from the deck.
great_hall was drawn from the deck.
Playing action card: mine
Player2 gained gold
Player2 bought mine

Player1 is now starting a turn.
estate was drawn from the deck.
curse was drawn from the deck.
estate was drawn from the deck.
curse was drawn from the deck.
copper was drawn from the deck.
Player1 bought silver

Player2 is now starting a turn.
ambassador was drawn from the deck.
estate was drawn from the deck.
adventurer was drawn from the deck.
cutpurse was drawn from the deck.
Shuffling Player2&apos;s deck.
copper was drawn from the deck.
Playing action card: ambassador
Player2 returned 0 copies of cutpurse
Player1 gained cutpurse
Player2 bought embargo

Player1 is now starting a turn.
mine was drawn from the deck.
duchy was drawn from the deck.
smithy was drawn from the deck.
gardens was drawn from the deck.
estate was drawn from the deck.
Playing action card: mine
Player1 bought copper

Player2 is now starting a turn.
curse was drawn from the deck.
copper was drawn from the deck.
gold was drawn from the deck.
copper was drawn from the deck.
province was drawn from the deck.
Player2 bought duchy

Player1 is now starting a turn.
copper was drawn from the deck.
gold was drawn from the deck.
great_hall was drawn from the deck.
copper was drawn from the deck.
copper was drawn from the deck.
Playing action card: great_hall
copper was drawn from the deck.
Player1 bought gold

Player2 is now starting a turn.
copper was drawn from the deck.
copper was drawn from the deck.
gold was drawn from the deck.
estate was drawn from the deck.
smithy was drawn from the deck.
Playing action card: smithy
copper was drawn from the deck.
copper was drawn from the deck.
Player2 bought province

Player1 is now starting a turn.
seahag was drawn from the deck.
curse was drawn from the deck.
copper was drawn from the deck.
copper was drawn from the deck.
copper was drawn from the deck.
Playing action card: seahag
silver was drawn from the deck.
Player2 discarded silver
Player2 gained curse to top of deck.
Player1 bought ambassador

Player2 is now starting a turn.
curse was drawn from the deck.
duchy was drawn from the deck.
province was drawn from the deck.
great_hall was drawn from the deck.
curse was drawn from the deck.
Playing action card: great_hall
gold was drawn from the deck.
Player2 bought village

Player1 is now starting a turn.
estate was drawn from the deck.
gold was drawn from the deck.
curse was drawn from the deck.
curse was drawn from the deck.
province was drawn from the deck.
Player1 bought smithy

Player2 is now starting a turn.
mine was drawn from the deck.
seahag was drawn from the deck.
mine was drawn from the deck.
silver was drawn from the deck.
ambassador was drawn from the deck.
Playing action card: seahag
great_hall was drawn from the deck.
Player1 discarded great_hall
Player1 gained curse to top of deck.
Player2 bought estate

Player1 is now starting a turn.
curse was drawn from the deck.
copper was drawn from the deck.
curse was drawn from the deck.
copper was drawn from the deck.
curse was drawn from the deck.
Player1 bought estate

Player2 is now starting a turn.
curse was drawn from the deck.
copper was drawn from the deck.
estate was drawn from the deck.
copper was drawn from the deck.
curse was drawn from the deck.
Player2 bought village

Player1 is now starting a turn.
adventurer was drawn from the deck.
adventurer was drawn from the deck.
mine was drawn from the deck.
seahag was drawn from the deck.
estate was drawn from the deck.
Playing action card: adventurer
adventurer was drawn from the deck.
Player1 discarded adventurer
gold was drawn from the deck.
province was drawn from the deck.
Player1 discarded province
seahag was drawn from the deck.
Player1 discarded seahag
mine was drawn from the deck.
Player1 discarded mine
ambassador was drawn from the deck.
Player1 discarded ambassador
great_hall was drawn from the deck.
Player1 discarded great_hall
province was drawn from the deck.
Player1 discarded province
estate was drawn from the deck.
Player1 discarded estate
duchy was drawn from the deck.
Player1 discarded duchy
curse was drawn from the deck.
Player1 discarded curse
gold was drawn from the deck.
Player1 bought adventurer

Player2 is now starting a turn.
smithy was drawn from the deck.
duchy was drawn from the deck.
curse was drawn from the deck.
duchy was drawn from the deck.
smithy was drawn from the deck.
Playing action card: smithy
village was drawn from the deck.
adventurer was drawn from the deck.
Player2 bought copper

Player1 is now starting a turn.
adventurer was drawn from the deck.
copper was drawn from the deck.
Shuffling Player1&apos;s deck.
gold was drawn from the deck.
adventurer was drawn from the deck.
copper was drawn from the deck.
Playing action card: adventurer
curse was drawn from the deck.
Player1 discarded curse
gold was drawn from the deck.
curse was drawn from the deck.
Player1 discarded curse
curse was drawn from the deck.
Player1 discarded curse
gold was drawn from the deck.
Player1 bought province

Player2 is now starting a turn.
gold was drawn from the deck.
mine was drawn from the deck.
estate was drawn from the deck.
ambassador was drawn from the deck.
gold was drawn from the deck.
Playing action card: mine
Player2 gained gold
Player2 bought province
GAME OVER! Province card pile is empty. 
Player1: 379
Player2: 459
Player1: 379
Player2: 459
estate was drawn from the deck.
Player2 discarded estate
Player2 gained curse to top of deck.
curse was drawn from the deck.
Player2 discarded curse
Player2 gained curse to top of deck.
hi! gained smithy
</system-out>
  </testcase>
  <testcase classname="RegressionTest" name="test251" time="0.07">
    <failure message="&apos;curse&apos; != &apos;copper&apos;" type="java.lang.AssertionError">java.lang.AssertionError: &apos;curse&apos; != &apos;copper&apos;
	at org.junit.Assert.fail(Assert.java:88)
	at org.junit.Assert.assertTrue(Assert.java:41)
	at RegressionTest.test251(RegressionTest.java:15980)
	at sun.reflect.NativeMethodAccessorImpl.invoke0(Native Method)
	at sun.reflect.NativeMethodAccessorImpl.invoke(NativeMethodAccessorImpl.java:62)
	at sun.reflect.DelegatingMethodAccessorImpl.invoke(DelegatingMethodAccessorImpl.java:43)
	at java.lang.reflect.Method.invoke(Method.java:498)
	at org.junit.runners.model.FrameworkMethod$1.runReflectiveCall(FrameworkMethod.java:47)
	at org.junit.internal.runners.model.ReflectiveCallable.run(ReflectiveCallable.java:12)
	at org.junit.runners.model.FrameworkMethod.invokeExplosively(FrameworkMethod.java:44)
	at org.junit.internal.runners.statements.InvokeMethod.evaluate(InvokeMethod.java:17)
	at org.junit.runners.ParentRunner.runLeaf(ParentRunner.java:271)
	at org.junit.runners.BlockJUnit4ClassRunner.runChild(BlockJUnit4ClassRunner.java:70)
	at org.junit.runners.BlockJUnit4ClassRunner.runChild(BlockJUnit4ClassRunner.java:50)
	at org.junit.runners.ParentRunner$3.run(ParentRunner.java:238)
	at org.junit.runners.ParentRunner$1.schedule(ParentRunner.java:63)
	at org.junit.runners.ParentRunner.runChildren(ParentRunner.java:236)
	at org.junit.runners.ParentRunner.access$000(ParentRunner.java:53)
	at org.junit.runners.ParentRunner$2.evaluate(ParentRunner.java:229)
	at org.junit.runners.ParentRunner.run(ParentRunner.java:309)
	at org.apache.maven.surefire.junit4.JUnit4Provider.execute(JUnit4Provider.java:252)
	at org.apache.maven.surefire.junit4.JUnit4Provider.executeTestSet(JUnit4Provider.java:141)
	at org.apache.maven.surefire.junit4.JUnit4Provider.invoke(JUnit4Provider.java:112)
	at sun.reflect.NativeMethodAccessorImpl.invoke0(Native Method)
	at sun.reflect.NativeMethodAccessorImpl.invoke(NativeMethodAccessorImpl.java:62)
	at sun.reflect.DelegatingMethodAccessorImpl.invoke(DelegatingMethodAccessorImpl.java:43)
	at java.lang.reflect.Method.invoke(Method.java:498)
	at org.apache.maven.surefire.util.ReflectionUtils.invokeMethodWithArray(ReflectionUtils.java:189)
	at org.apache.maven.surefire.booter.ProviderFactory$ProviderProxy.invoke(ProviderFactory.java:165)
	at org.apache.maven.surefire.booter.ProviderFactory.invokeProvider(ProviderFactory.java:85)
	at org.apache.maven.surefire.booter.ForkedBooter.runSuitesInProcess(ForkedBooter.java:115)
	at org.apache.maven.surefire.booter.ForkedBooter.main(ForkedBooter.java:75)
</failure>
    <system-out>Player1 had no coppers to discard. 
Player2 had no coppers to discard. 
hi! gained mine to top of deck.
mine was drawn from the deck.

STARTING NEW GAME!

Player1 is now starting a turn.
Shuffling Player1&apos;s deck.
copper was drawn from the deck.
copper was drawn from the deck.
estate was drawn from the deck.
copper was drawn from the deck.
estate was drawn from the deck.
Player1 gained curse card because of embargo token.
Player1 gained curse
Player1 gained curse card because of embargo token.
Player1 gained curse
Player1 bought duchy

Player2 is now starting a turn.
Shuffling Player2&apos;s deck.
copper was drawn from the deck.
copper was drawn from the deck.
estate was drawn from the deck.
copper was drawn from the deck.
copper was drawn from the deck.
Player2 gained curse card because of embargo token.
Player2 gained curse
Player2 gained curse card because of embargo token.
Player2 gained curse
Player2 bought duchy

Player1 is now starting a turn.
copper was drawn from the deck.
estate was drawn from the deck.
copper was drawn from the deck.
copper was drawn from the deck.
copper was drawn from the deck.
Player1 gained curse card because of embargo token.
Player1 gained curse
Player1 gained curse card because of embargo token.
Player1 gained curse
Player1 bought mine

Player2 is now starting a turn.
copper was drawn from the deck.
copper was drawn from the deck.
estate was drawn from the deck.
estate was drawn from the deck.
copper was drawn from the deck.
Player2 gained curse card because of embargo token.
Player2 gained curse
Player2 gained curse card because of embargo token.
Player2 gained curse
Player2 bought mine

Player1 is now starting a turn.
Shuffling Player1&apos;s deck.
copper was drawn from the deck.
curse was drawn from the deck.
copper was drawn from the deck.
curse was drawn from the deck.
estate was drawn from the deck.
Player1 gained curse card because of embargo token.
Player1 gained curse
Player1 gained curse card because of embargo token.
Player1 gained curse
Player1 bought great_hall

Player2 is now starting a turn.
Shuffling Player2&apos;s deck.
copper was drawn from the deck.
copper was drawn from the deck.
copper was drawn from the deck.
copper was drawn from the deck.
curse was drawn from the deck.
Player2 bought seahag

Player1 is now starting a turn.
copper was drawn from the deck.
copper was drawn from the deck.
copper was drawn from the deck.
curse was drawn from the deck.
curse was drawn from the deck.
Player1 bought silver

Player2 is now starting a turn.
mine was drawn from the deck.
estate was drawn from the deck.
estate was drawn from the deck.
estate was drawn from the deck.
curse was drawn from the deck.
Playing action card: mine
Player2 bought village

Player1 is now starting a turn.
duchy was drawn from the deck.
estate was drawn from the deck.
copper was drawn from the deck.
copper was drawn from the deck.
estate was drawn from the deck.
Player1 bought seahag

Player2 is now starting a turn.
curse was drawn from the deck.
curse was drawn from the deck.
copper was drawn from the deck.
duchy was drawn from the deck.
copper was drawn from the deck.
Player2 bought estate

Player1 is now starting a turn.
mine was drawn from the deck.
Shuffling Player1&apos;s deck.
copper was drawn from the deck.
curse was drawn from the deck.
estate was drawn from the deck.
curse was drawn from the deck.
Playing action card: mine
Player1 gained gold
Player1 bought mine

Player2 is now starting a turn.
copper was drawn from the deck.
Shuffling Player2&apos;s deck.
copper was drawn from the deck.
mine was drawn from the deck.
copper was drawn from the deck.
curse was drawn from the deck.
Playing action card: mine
Player2 gained gold
Player2 bought gold

Player1 is now starting a turn.
copper was drawn from the deck.
copper was drawn from the deck.
estate was drawn from the deck.
copper was drawn from the deck.
silver was drawn from the deck.
Player1 bought adventurer

Player2 is now starting a turn.
copper was drawn from the deck.
estate was drawn from the deck.
estate was drawn from the deck.
duchy was drawn from the deck.
curse was drawn from the deck.
Player2 bought great_hall

Player1 is now starting a turn.
copper was drawn from the deck.
curse was drawn from the deck.
seahag was drawn from the deck.
copper was drawn from the deck.
curse was drawn from the deck.
Playing action card: seahag
curse was drawn from the deck.
Player2 discarded curse
Player2 gained curse to top of deck.
Player1 bought estate

Player2 is now starting a turn.
curse was drawn from the deck.
village was drawn from the deck.
seahag was drawn from the deck.
estate was drawn from the deck.
copper was drawn from the deck.
Playing action card: village
estate was drawn from the deck.
Playing action card: seahag
copper was drawn from the deck.
Player1 discarded copper
Player1 gained curse to top of deck.
Player2 bought ambassador

Player1 is now starting a turn.
curse was drawn from the deck.
curse was drawn from the deck.
curse was drawn from the deck.
estate was drawn from the deck.
great_hall was drawn from the deck.
Playing action card: great_hall
duchy was drawn from the deck.
Player1 bought copper

Player2 is now starting a turn.
curse was drawn from the deck.
copper was drawn from the deck.
copper was drawn from the deck.
Shuffling Player2&apos;s deck.
copper was drawn from the deck.
curse was drawn from the deck.
Player2 bought silver

Player1 is now starting a turn.
Shuffling Player1&apos;s deck.
curse was drawn from the deck.
curse was drawn from the deck.
mine was drawn from the deck.
copper was drawn from the deck.
curse was drawn from the deck.
Playing action card: mine
Player1 gained gold
Player1 bought smithy

Player2 is now starting a turn.
estate was drawn from the deck.
estate was drawn from the deck.
estate was drawn from the deck.
estate was drawn from the deck.
copper was drawn from the deck.
Player2 bought mine

Player1 is now starting a turn.
estate was drawn from the deck.
mine was drawn from the deck.
estate was drawn from the deck.
copper was drawn from the deck.
curse was drawn from the deck.
Playing action card: mine
Player1 gained gold
Player1 bought gold

Player2 is now starting a turn.
copper was drawn from the deck.
copper was drawn from the deck.
curse was drawn from the deck.
duchy was drawn from the deck.
great_hall was drawn from the deck.
Playing action card: great_hall
village was drawn from the deck.
Playing action card: village
copper was drawn from the deck.
Player2 bought ambassador

Player1 is now starting a turn.
copper was drawn from the deck.
duchy was drawn from the deck.
copper was drawn from the deck.
estate was drawn from the deck.
copper was drawn from the deck.
Player1 bought seahag

Player2 is now starting a turn.
gold was drawn from the deck.
curse was drawn from the deck.
curse was drawn from the deck.
ambassador was drawn from the deck.
seahag was drawn from the deck.
Playing action card: seahag
adventurer was drawn from the deck.
Player1 discarded adventurer
Player1 gained curse to top of deck.
Player2 bought ambassador

Player1 is now starting a turn.
curse was drawn from the deck.
curse was drawn from the deck.
silver was drawn from the deck.
seahag was drawn from the deck.
curse was drawn from the deck.
Playing action card: seahag
gold was drawn from the deck.
Player2 discarded gold
Player2 gained curse to top of deck.
Player1 bought estate

Player2 is now starting a turn.
curse was drawn from the deck.
mine was drawn from the deck.
Shuffling Player2&apos;s deck.
curse was drawn from the deck.
seahag was drawn from the deck.
mine was drawn from the deck.
Playing action card: mine
Player2 bought copper

Player1 is now starting a turn.
curse was drawn from the deck.
gold was drawn from the deck.
copper was drawn from the deck.
copper was drawn from the deck.
great_hall was drawn from the deck.
Playing action card: great_hall
estate was drawn from the deck.
Player1 bought adventurer

Player2 is now starting a turn.
silver was drawn from the deck.
ambassador was drawn from the deck.
estate was drawn from the deck.
curse was drawn from the deck.
ambassador was drawn from the deck.
Playing action card: ambassador
Player2 returned 0 copies of ambassador
Player1 gained ambassador
Player2 bought village

Player1 is now starting a turn.
copper was drawn from the deck.
Shuffling Player1&apos;s deck.
copper was drawn from the deck.
curse was drawn from the deck.
estate was drawn from the deck.
curse was drawn from the deck.
Player1 bought great_hall

Player2 is now starting a turn.
ambassador was drawn from the deck.
copper was drawn from the deck.
copper was drawn from the deck.
copper was drawn from the deck.
copper was drawn from the deck.
Playing action card: ambassador
Player2 returned 0 copies of copper
Player1 gained copper
Player2 bought smithy

Player1 is now starting a turn.
curse was drawn from the deck.
smithy was drawn from the deck.
curse was drawn from the deck.
adventurer was drawn from the deck.
great_hall was drawn from the deck.
Playing action card: smithy
curse was drawn from the deck.
estate was drawn from the deck.
Player1 bought copper

Player2 is now starting a turn.
estate was drawn from the deck.
estate was drawn from the deck.
duchy was drawn from the deck.
gold was drawn from the deck.
copper was drawn from the deck.
Player2 bought adventurer

Player1 is now starting a turn.
curse was drawn from the deck.
gold was drawn from the deck.
gold was drawn from the deck.
copper was drawn from the deck.
estate was drawn from the deck.
Player1 bought province

Player2 is now starting a turn.
gold was drawn from the deck.
curse was drawn from the deck.
estate was drawn from the deck.
curse was drawn from the deck.
copper was drawn from the deck.
Player2 bought duchy

Player1 is now starting a turn.
seahag was drawn from the deck.
estate was drawn from the deck.
ambassador was drawn from the deck.
curse was drawn from the deck.
mine was drawn from the deck.
Playing action card: seahag
great_hall was drawn from the deck.
Player2 discarded great_hall
Player2 gained curse to top of deck.
Player1 bought copper

Player2 is now starting a turn.
curse was drawn from the deck.
copper was drawn from the deck.
curse was drawn from the deck.
village was drawn from the deck.
Shuffling Player2&apos;s deck.
gold was drawn from the deck.
Playing action card: village
seahag was drawn from the deck.
Playing action card: seahag
estate was drawn from the deck.
Player1 discarded estate
Player1 gained curse to top of deck.
Player2 bought smithy

Player1 is now starting a turn.
curse was drawn from the deck.
duchy was drawn from the deck.
copper was drawn from the deck.
curse was drawn from the deck.
copper was drawn from the deck.
Player1 bought estate

Player2 is now starting a turn.
curse was drawn from the deck.
copper was drawn from the deck.
curse was drawn from the deck.
great_hall was drawn from the deck.
mine was drawn from the deck.
Playing action card: mine
Player2 gained gold
Player2 bought seahag

Player1 is now starting a turn.
mine was drawn from the deck.
gold was drawn from the deck.
adventurer was drawn from the deck.
seahag was drawn from the deck.
gold was drawn from the deck.
Playing action card: adventurer
silver was drawn from the deck.
copper was drawn from the deck.
Player1 bought province

Player2 is now starting a turn.
copper was drawn from the deck.
mine was drawn from the deck.
duchy was drawn from the deck.
ambassador was drawn from the deck.
estate was drawn from the deck.
Playing action card: ambassador
Player2 returned 0 copies of copper
Player1 gained copper
Player2 bought estate

Player1 is now starting a turn.
copper was drawn from the deck.
copper was drawn from the deck.
Shuffling Player1&apos;s deck.
silver was drawn from the deck.
mine was drawn from the deck.
seahag was drawn from the deck.
Playing action card: mine
Player1 gained gold
Player1 bought adventurer

Player2 is now starting a turn.
estate was drawn from the deck.
copper was drawn from the deck.
copper was drawn from the deck.
copper was drawn from the deck.
smithy was drawn from the deck.
Playing action card: smithy
copper was drawn from the deck.
ambassador was drawn from the deck.
Player2 bought duchy

Player1 is now starting a turn.
copper was drawn from the deck.
copper was drawn from the deck.
copper was drawn from the deck.
copper was drawn from the deck.
gold was drawn from the deck.
Player1 bought adventurer

Player2 is now starting a turn.
silver was drawn from the deck.
village was drawn from the deck.
estate was drawn from the deck.
duchy was drawn from the deck.
gold was drawn from the deck.
Playing action card: village
curse was drawn from the deck.
Player2 bought adventurer

Player1 is now starting a turn.
curse was drawn from the deck.
curse was drawn from the deck.
curse was drawn from the deck.
province was drawn from the deck.
duchy was drawn from the deck.
Player1 bought copper

Player2 is now starting a turn.
copper was drawn from the deck.
ambassador was drawn from the deck.
curse was drawn from the deck.
curse was drawn from the deck.
adventurer was drawn from the deck.
Playing action card: adventurer
estate was drawn from the deck.
Player2 discarded estate
Player2 bought copper

Player1 is now starting a turn.
curse was drawn from the deck.
estate was drawn from the deck.
curse was drawn from the deck.
curse was drawn from the deck.
estate was drawn from the deck.
Player1 bought estate

Player2 is now starting a turn.
Shuffling Player2&apos;s deck.
smithy was drawn from the deck.
gold was drawn from the deck.
curse was drawn from the deck.
smithy was drawn from the deck.
curse was drawn from the deck.
Playing action card: smithy
duchy was drawn from the deck.
estate was drawn from the deck.
Player2 bought smithy

Player1 is now starting a turn.
curse was drawn from the deck.
smithy was drawn from the deck.
estate was drawn from the deck.
province was drawn from the deck.
estate was drawn from the deck.
Playing action card: smithy
copper was drawn from the deck.
mine was drawn from the deck.
Player1 bought great_hall

Player2 is now starting a turn.
ambassador was drawn from the deck.
mine was drawn from the deck.
curse was drawn from the deck.
seahag was drawn from the deck.
silver was drawn from the deck.
Playing action card: mine
Player2 gained gold
Player2 bought duchy

Player1 is now starting a turn.
copper was drawn from the deck.
great_hall was drawn from the deck.
copper was drawn from the deck.
great_hall was drawn from the deck.
adventurer was drawn from the deck.
Playing action card: great_hall
gold was drawn from the deck.
Playing action card: adventurer
seahag was drawn from the deck.
Player1 discarded seahag
copper was drawn from the deck.
gold was drawn from the deck.
Player1 bought province

Player2 is now starting a turn.
gold was drawn from the deck.
gold was drawn from the deck.
adventurer was drawn from the deck.
great_hall was drawn from the deck.
curse was drawn from the deck.
Playing action card: great_hall
copper was drawn from the deck.
Playing action card: adventurer
duchy was drawn from the deck.
Player2 discarded duchy
ambassador was drawn from the deck.
Player2 discarded ambassador
curse was drawn from the deck.
Player2 discarded curse
village was drawn from the deck.
Player2 discarded village
village was drawn from the deck.
Player2 discarded village
adventurer was drawn from the deck.
Player2 discarded adventurer
mine was drawn from the deck.
Player2 discarded mine
curse was drawn from the deck.
Player2 discarded curse
copper was drawn from the deck.
estate was drawn from the deck.
Player2 discarded estate
copper was drawn from the deck.
Player2 bought province

Player1 is now starting a turn.
gold was drawn from the deck.
curse was drawn from the deck.
adventurer was drawn from the deck.
ambassador was drawn from the deck.
curse was drawn from the deck.
Playing action card: adventurer
copper was drawn from the deck.
copper was drawn from the deck.
Player1 bought mine

Player2 is now starting a turn.
copper was drawn from the deck.
ambassador was drawn from the deck.
copper was drawn from the deck.
estate was drawn from the deck.
curse was drawn from the deck.
Playing action card: ambassador
Player2 returned 0 copies of curse
Player2 bought ambassador

Player1 is now starting a turn.
estate was drawn from the deck.
estate was drawn from the deck.
Shuffling Player1&apos;s deck.
curse was drawn from the deck.
great_hall was drawn from the deck.
adventurer was drawn from the deck.
Playing action card: adventurer
copper was drawn from the deck.
copper was drawn from the deck.
Player1 bought gardens

Player2 is now starting a turn.
copper was drawn from the deck.
seahag was drawn from the deck.
copper was drawn from the deck.
estate was drawn from the deck.
copper was drawn from the deck.
Playing action card: seahag
great_hall was drawn from the deck.
Player1 discarded great_hall
Player1 gained curse to top of deck.
Player2 bought cutpurse

Player1 is now starting a turn.
curse was drawn from the deck.
copper was drawn from the deck.
copper was drawn from the deck.
gold was drawn from the deck.
curse was drawn from the deck.
Player1 bought duchy

Player2 is now starting a turn.
duchy was drawn from the deck.
copper was drawn from the deck.
estate was drawn from the deck.
Shuffling Player2&apos;s deck.
curse was drawn from the deck.
estate was drawn from the deck.
Player2 bought silver

Player1 is now starting a turn.
copper was drawn from the deck.
copper was drawn from the deck.
curse was drawn from the deck.
adventurer was drawn from the deck.
silver was drawn from the deck.
Playing action card: adventurer
seahag was drawn from the deck.
Player1 discarded seahag
mine was drawn from the deck.
Player1 discarded mine
estate was drawn from the deck.
Player1 discarded estate
copper was drawn from the deck.
adventurer was drawn from the deck.
Player1 discarded adventurer
curse was drawn from the deck.
Player1 discarded curse
estate was drawn from the deck.
Player1 discarded estate
province was drawn from the deck.
Player1 discarded province
seahag was drawn from the deck.
Player1 discarded seahag
mine was drawn from the deck.
Player1 discarded mine
copper was drawn from the deck.
Player1 bought adventurer

Player2 is now starting a turn.
smithy was drawn from the deck.
duchy was drawn from the deck.
village was drawn from the deck.
copper was drawn from the deck.
adventurer was drawn from the deck.
Playing action card: village
province was drawn from the deck.
Playing action card: smithy
gold was drawn from the deck.
copper was drawn from the deck.
Playing action card: adventurer
curse was drawn from the deck.
Player2 discarded curse
copper was drawn from the deck.
gold was drawn from the deck.
Player2 bought province

Player1 is now starting a turn.
copper was drawn from the deck.
curse was drawn from the deck.
gold was drawn from the deck.
province was drawn from the deck.
curse was drawn from the deck.
Player1 bought smithy

Player2 is now starting a turn.
curse was drawn from the deck.
seahag was drawn from the deck.
ambassador was drawn from the deck.
ambassador was drawn from the deck.
curse was drawn from the deck.
Playing action card: seahag
ambassador was drawn from the deck.
Player1 discarded ambassador
Player1 gained curse to top of deck.
Player2 bought copper

Player1 is now starting a turn.
curse was drawn from the deck.
copper was drawn from the deck.
gold was drawn from the deck.
smithy was drawn from the deck.
curse was drawn from the deck.
Playing action card: smithy
great_hall was drawn from the deck.
mine was drawn from the deck.
Player1 bought seahag

Player2 is now starting a turn.
village was drawn from the deck.
curse was drawn from the deck.
silver was drawn from the deck.
estate was drawn from the deck.
curse was drawn from the deck.
Playing action card: village
smithy was drawn from the deck.
Playing action card: smithy
copper was drawn from the deck.
gold was drawn from the deck.
Player2 bought adventurer

Player1 is now starting a turn.
adventurer was drawn from the deck.
curse was drawn from the deck.
province was drawn from the deck.
estate was drawn from the deck.
gold was drawn from the deck.
Playing action card: adventurer
copper was drawn from the deck.
estate was drawn from the deck.
Player1 discarded estate
estate was drawn from the deck.
Player1 discarded estate
duchy was drawn from the deck.
Player1 discarded duchy
copper was drawn from the deck.
Player1 bought gold

Player2 is now starting a turn.
estate was drawn from the deck.
smithy was drawn from the deck.
duchy was drawn from the deck.
mine was drawn from the deck.
seahag was drawn from the deck.
Playing action card: seahag
gold was drawn from the deck.
Player1 discarded gold
Player1 gained curse to top of deck.
Player2 bought copper

Player1 is now starting a turn.
curse was drawn from the deck.
curse was drawn from the deck.
copper was drawn from the deck.
Shuffling Player1&apos;s deck.
estate was drawn from the deck.
gold was drawn from the deck.
Player1 bought duchy

Player2 is now starting a turn.
duchy was drawn from the deck.
curse was drawn from the deck.
copper was drawn from the deck.
gold was drawn from the deck.
copper was drawn from the deck.
Player2 bought mine

Player1 is now starting a turn.
adventurer was drawn from the deck.
smithy was drawn from the deck.
gold was drawn from the deck.
copper was drawn from the deck.
silver was drawn from the deck.
Playing action card: smithy
curse was drawn from the deck.
curse was drawn from the deck.
Player1 bought gold

Player2 is now starting a turn.
mine was drawn from the deck.
ambassador was drawn from the deck.
copper was drawn from the deck.
copper was drawn from the deck.
great_hall was drawn from the deck.
Playing action card: mine
Player2 gained gold
Player2 bought mine

Player1 is now starting a turn.
estate was drawn from the deck.
curse was drawn from the deck.
estate was drawn from the deck.
curse was drawn from the deck.
copper was drawn from the deck.
Player1 bought silver

Player2 is now starting a turn.
ambassador was drawn from the deck.
estate was drawn from the deck.
adventurer was drawn from the deck.
cutpurse was drawn from the deck.
Shuffling Player2&apos;s deck.
copper was drawn from the deck.
Playing action card: ambassador
Player2 returned 0 copies of cutpurse
Player1 gained cutpurse
Player2 bought embargo

Player1 is now starting a turn.
mine was drawn from the deck.
duchy was drawn from the deck.
smithy was drawn from the deck.
gardens was drawn from the deck.
estate was drawn from the deck.
Playing action card: mine
Player1 bought copper

Player2 is now starting a turn.
curse was drawn from the deck.
copper was drawn from the deck.
gold was drawn from the deck.
copper was drawn from the deck.
province was drawn from the deck.
Player2 bought duchy

Player1 is now starting a turn.
copper was drawn from the deck.
gold was drawn from the deck.
great_hall was drawn from the deck.
copper was drawn from the deck.
copper was drawn from the deck.
Playing action card: great_hall
copper was drawn from the deck.
Player1 bought gold

Player2 is now starting a turn.
copper was drawn from the deck.
copper was drawn from the deck.
gold was drawn from the deck.
estate was drawn from the deck.
smithy was drawn from the deck.
Playing action card: smithy
copper was drawn from the deck.
copper was drawn from the deck.
Player2 bought province

Player1 is now starting a turn.
seahag was drawn from the deck.
curse was drawn from the deck.
copper was drawn from the deck.
copper was drawn from the deck.
copper was drawn from the deck.
Playing action card: seahag
silver was drawn from the deck.
Player2 discarded silver
Player2 gained curse to top of deck.
Player1 bought ambassador

Player2 is now starting a turn.
curse was drawn from the deck.
duchy was drawn from the deck.
province was drawn from the deck.
great_hall was drawn from the deck.
curse was drawn from the deck.
Playing action card: great_hall
gold was drawn from the deck.
Player2 bought village

Player1 is now starting a turn.
estate was drawn from the deck.
gold was drawn from the deck.
curse was drawn from the deck.
curse was drawn from the deck.
province was drawn from the deck.
Player1 bought smithy

Player2 is now starting a turn.
mine was drawn from the deck.
seahag was drawn from the deck.
mine was drawn from the deck.
silver was drawn from the deck.
ambassador was drawn from the deck.
Playing action card: seahag
great_hall was drawn from the deck.
Player1 discarded great_hall
Player1 gained curse to top of deck.
Player2 bought estate

Player1 is now starting a turn.
curse was drawn from the deck.
copper was drawn from the deck.
curse was drawn from the deck.
copper was drawn from the deck.
curse was drawn from the deck.
Player1 bought estate

Player2 is now starting a turn.
curse was drawn from the deck.
copper was drawn from the deck.
estate was drawn from the deck.
copper was drawn from the deck.
curse was drawn from the deck.
Player2 bought village

Player1 is now starting a turn.
adventurer was drawn from the deck.
adventurer was drawn from the deck.
mine was drawn from the deck.
seahag was drawn from the deck.
estate was drawn from the deck.
Playing action card: adventurer
adventurer was drawn from the deck.
Player1 discarded adventurer
gold was drawn from the deck.
province was drawn from the deck.
Player1 discarded province
seahag was drawn from the deck.
Player1 discarded seahag
mine was drawn from the deck.
Player1 discarded mine
ambassador was drawn from the deck.
Player1 discarded ambassador
great_hall was drawn from the deck.
Player1 discarded great_hall
province was drawn from the deck.
Player1 discarded province
estate was drawn from the deck.
Player1 discarded estate
duchy was drawn from the deck.
Player1 discarded duchy
curse was drawn from the deck.
Player1 discarded curse
gold was drawn from the deck.
Player1 bought adventurer

Player2 is now starting a turn.
smithy was drawn from the deck.
duchy was drawn from the deck.
curse was drawn from the deck.
duchy was drawn from the deck.
smithy was drawn from the deck.
Playing action card: smithy
village was drawn from the deck.
adventurer was drawn from the deck.
Player2 bought copper

Player1 is now starting a turn.
adventurer was drawn from the deck.
copper was drawn from the deck.
Shuffling Player1&apos;s deck.
gold was drawn from the deck.
adventurer was drawn from the deck.
copper was drawn from the deck.
Playing action card: adventurer
curse was drawn from the deck.
Player1 discarded curse
gold was drawn from the deck.
curse was drawn from the deck.
Player1 discarded curse
curse was drawn from the deck.
Player1 discarded curse
gold was drawn from the deck.
Player1 bought province

Player2 is now starting a turn.
gold was drawn from the deck.
mine was drawn from the deck.
estate was drawn from the deck.
ambassador was drawn from the deck.
gold was drawn from the deck.
Playing action card: mine
Player2 gained gold
Player2 bought province
GAME OVER! Province card pile is empty. 
Player1: 379
Player2: 459

STARTING NEW GAME!

Player1 is now starting a turn.
Shuffling Player1&apos;s deck.
copper was drawn from the deck.
copper was drawn from the deck.
estate was drawn from the deck.
copper was drawn from the deck.
estate was drawn from the deck.
Player1 gained curse card because of embargo token.
Player1 gained curse
Player1 gained curse card because of embargo token.
Player1 gained curse
Player1 bought duchy

Player2 is now starting a turn.
Shuffling Player2&apos;s deck.
copper was drawn from the deck.
copper was drawn from the deck.
estate was drawn from the deck.
copper was drawn from the deck.
copper was drawn from the deck.
Player2 gained curse card because of embargo token.
Player2 gained curse
Player2 gained curse card because of embargo token.
Player2 gained curse
Player2 bought duchy

Player1 is now starting a turn.
copper was drawn from the deck.
estate was drawn from the deck.
copper was drawn from the deck.
copper was drawn from the deck.
copper was drawn from the deck.
Player1 gained curse card because of embargo token.
Player1 gained curse
Player1 gained curse card because of embargo token.
Player1 gained curse
Player1 bought mine

Player2 is now starting a turn.
copper was drawn from the deck.
copper was drawn from the deck.
estate was drawn from the deck.
estate was drawn from the deck.
copper was drawn from the deck.
Player2 gained curse card because of embargo token.
Player2 gained curse
Player2 gained curse card because of embargo token.
Player2 gained curse
Player2 bought mine

Player1 is now starting a turn.
Shuffling Player1&apos;s deck.
copper was drawn from the deck.
curse was drawn from the deck.
copper was drawn from the deck.
curse was drawn from the deck.
estate was drawn from the deck.
Player1 gained curse card because of embargo token.
Player1 gained curse
Player1 gained curse card because of embargo token.
Player1 gained curse
Player1 bought great_hall

Player2 is now starting a turn.
Shuffling Player2&apos;s deck.
copper was drawn from the deck.
copper was drawn from the deck.
copper was drawn from the deck.
copper was drawn from the deck.
curse was drawn from the deck.
Player2 bought seahag

Player1 is now starting a turn.
copper was drawn from the deck.
copper was drawn from the deck.
copper was drawn from the deck.
curse was drawn from the deck.
curse was drawn from the deck.
Player1 bought silver

Player2 is now starting a turn.
mine was drawn from the deck.
estate was drawn from the deck.
estate was drawn from the deck.
estate was drawn from the deck.
curse was drawn from the deck.
Playing action card: mine
Player2 bought village

Player1 is now starting a turn.
duchy was drawn from the deck.
estate was drawn from the deck.
copper was drawn from the deck.
copper was drawn from the deck.
estate was drawn from the deck.
Player1 bought seahag

Player2 is now starting a turn.
curse was drawn from the deck.
curse was drawn from the deck.
copper was drawn from the deck.
duchy was drawn from the deck.
copper was drawn from the deck.
Player2 bought estate

Player1 is now starting a turn.
mine was drawn from the deck.
Shuffling Player1&apos;s deck.
copper was drawn from the deck.
curse was drawn from the deck.
estate was drawn from the deck.
curse was drawn from the deck.
Playing action card: mine
Player1 gained gold
Player1 bought mine

Player2 is now starting a turn.
copper was drawn from the deck.
Shuffling Player2&apos;s deck.
copper was drawn from the deck.
mine was drawn from the deck.
copper was drawn from the deck.
curse was drawn from the deck.
Playing action card: mine
Player2 gained gold
Player2 bought gold

Player1 is now starting a turn.
copper was drawn from the deck.
copper was drawn from the deck.
estate was drawn from the deck.
copper was drawn from the deck.
silver was drawn from the deck.
Player1 bought adventurer

Player2 is now starting a turn.
copper was drawn from the deck.
estate was drawn from the deck.
estate was drawn from the deck.
duchy was drawn from the deck.
curse was drawn from the deck.
Player2 bought great_hall

Player1 is now starting a turn.
copper was drawn from the deck.
curse was drawn from the deck.
seahag was drawn from the deck.
copper was drawn from the deck.
curse was drawn from the deck.
Playing action card: seahag
curse was drawn from the deck.
Player2 discarded curse
Player2 gained curse to top of deck.
Player1 bought estate

Player2 is now starting a turn.
curse was drawn from the deck.
village was drawn from the deck.
seahag was drawn from the deck.
estate was drawn from the deck.
copper was drawn from the deck.
Playing action card: village
estate was drawn from the deck.
Playing action card: seahag
copper was drawn from the deck.
Player1 discarded copper
Player1 gained curse to top of deck.
Player2 bought ambassador

Player1 is now starting a turn.
curse was drawn from the deck.
curse was drawn from the deck.
curse was drawn from the deck.
estate was drawn from the deck.
great_hall was drawn from the deck.
Playing action card: great_hall
duchy was drawn from the deck.
Player1 bought copper

Player2 is now starting a turn.
curse was drawn from the deck.
copper was drawn from the deck.
copper was drawn from the deck.
Shuffling Player2&apos;s deck.
copper was drawn from the deck.
curse was drawn from the deck.
Player2 bought silver

Player1 is now starting a turn.
Shuffling Player1&apos;s deck.
curse was drawn from the deck.
curse was drawn from the deck.
mine was drawn from the deck.
copper was drawn from the deck.
curse was drawn from the deck.
Playing action card: mine
Player1 gained gold
Player1 bought smithy

Player2 is now starting a turn.
estate was drawn from the deck.
estate was drawn from the deck.
estate was drawn from the deck.
estate was drawn from the deck.
copper was drawn from the deck.
Player2 bought mine

Player1 is now starting a turn.
estate was drawn from the deck.
mine was drawn from the deck.
estate was drawn from the deck.
copper was drawn from the deck.
curse was drawn from the deck.
Playing action card: mine
Player1 gained gold
Player1 bought gold

Player2 is now starting a turn.
copper was drawn from the deck.
copper was drawn from the deck.
curse was drawn from the deck.
duchy was drawn from the deck.
great_hall was drawn from the deck.
Playing action card: great_hall
village was drawn from the deck.
Playing action card: village
copper was drawn from the deck.
Player2 bought ambassador

Player1 is now starting a turn.
copper was drawn from the deck.
duchy was drawn from the deck.
copper was drawn from the deck.
estate was drawn from the deck.
copper was drawn from the deck.
Player1 bought seahag

Player2 is now starting a turn.
gold was drawn from the deck.
curse was drawn from the deck.
curse was drawn from the deck.
ambassador was drawn from the deck.
seahag was drawn from the deck.
Playing action card: seahag
adventurer was drawn from the deck.
Player1 discarded adventurer
Player1 gained curse to top of deck.
Player2 bought ambassador

Player1 is now starting a turn.
curse was drawn from the deck.
curse was drawn from the deck.
silver was drawn from the deck.
seahag was drawn from the deck.
curse was drawn from the deck.
Playing action card: seahag
gold was drawn from the deck.
Player2 discarded gold
Player2 gained curse to top of deck.
Player1 bought estate

Player2 is now starting a turn.
curse was drawn from the deck.
mine was drawn from the deck.
Shuffling Player2&apos;s deck.
curse was drawn from the deck.
seahag was drawn from the deck.
mine was drawn from the deck.
Playing action card: mine
Player2 bought copper

Player1 is now starting a turn.
curse was drawn from the deck.
gold was drawn from the deck.
copper was drawn from the deck.
copper was drawn from the deck.
great_hall was drawn from the deck.
Playing action card: great_hall
estate was drawn from the deck.
Player1 bought adventurer

Player2 is now starting a turn.
silver was drawn from the deck.
ambassador was drawn from the deck.
estate was drawn from the deck.
curse was drawn from the deck.
ambassador was drawn from the deck.
Playing action card: ambassador
Player2 returned 0 copies of ambassador
Player1 gained ambassador
Player2 bought village

Player1 is now starting a turn.
copper was drawn from the deck.
Shuffling Player1&apos;s deck.
copper was drawn from the deck.
curse was drawn from the deck.
estate was drawn from the deck.
curse was drawn from the deck.
Player1 bought great_hall

Player2 is now starting a turn.
ambassador was drawn from the deck.
copper was drawn from the deck.
copper was drawn from the deck.
copper was drawn from the deck.
copper was drawn from the deck.
Playing action card: ambassador
Player2 returned 0 copies of copper
Player1 gained copper
Player2 bought smithy

Player1 is now starting a turn.
curse was drawn from the deck.
smithy was drawn from the deck.
curse was drawn from the deck.
adventurer was drawn from the deck.
great_hall was drawn from the deck.
Playing action card: smithy
curse was drawn from the deck.
estate was drawn from the deck.
Player1 bought copper

Player2 is now starting a turn.
estate was drawn from the deck.
estate was drawn from the deck.
duchy was drawn from the deck.
gold was drawn from the deck.
copper was drawn from the deck.
Player2 bought adventurer

Player1 is now starting a turn.
curse was drawn from the deck.
gold was drawn from the deck.
gold was drawn from the deck.
copper was drawn from the deck.
estate was drawn from the deck.
Player1 bought province

Player2 is now starting a turn.
gold was drawn from the deck.
curse was drawn from the deck.
estate was drawn from the deck.
curse was drawn from the deck.
copper was drawn from the deck.
Player2 bought duchy

Player1 is now starting a turn.
seahag was drawn from the deck.
estate was drawn from the deck.
ambassador was drawn from the deck.
curse was drawn from the deck.
mine was drawn from the deck.
Playing action card: seahag
great_hall was drawn from the deck.
Player2 discarded great_hall
Player2 gained curse to top of deck.
Player1 bought copper

Player2 is now starting a turn.
curse was drawn from the deck.
copper was drawn from the deck.
curse was drawn from the deck.
village was drawn from the deck.
Shuffling Player2&apos;s deck.
gold was drawn from the deck.
Playing action card: village
seahag was drawn from the deck.
Playing action card: seahag
estate was drawn from the deck.
Player1 discarded estate
Player1 gained curse to top of deck.
Player2 bought smithy

Player1 is now starting a turn.
curse was drawn from the deck.
duchy was drawn from the deck.
copper was drawn from the deck.
curse was drawn from the deck.
copper was drawn from the deck.
Player1 bought estate

Player2 is now starting a turn.
curse was drawn from the deck.
copper was drawn from the deck.
curse was drawn from the deck.
great_hall was drawn from the deck.
mine was drawn from the deck.
Playing action card: mine
Player2 gained gold
Player2 bought seahag

Player1 is now starting a turn.
mine was drawn from the deck.
gold was drawn from the deck.
adventurer was drawn from the deck.
seahag was drawn from the deck.
gold was drawn from the deck.
Playing action card: adventurer
silver was drawn from the deck.
copper was drawn from the deck.
Player1 bought province

Player2 is now starting a turn.
copper was drawn from the deck.
mine was drawn from the deck.
duchy was drawn from the deck.
ambassador was drawn from the deck.
estate was drawn from the deck.
Playing action card: ambassador
Player2 returned 0 copies of copper
Player1 gained copper
Player2 bought estate

Player1 is now starting a turn.
copper was drawn from the deck.
copper was drawn from the deck.
Shuffling Player1&apos;s deck.
silver was drawn from the deck.
mine was drawn from the deck.
seahag was drawn from the deck.
Playing action card: mine
Player1 gained gold
Player1 bought adventurer

Player2 is now starting a turn.
estate was drawn from the deck.
copper was drawn from the deck.
copper was drawn from the deck.
copper was drawn from the deck.
smithy was drawn from the deck.
Playing action card: smithy
copper was drawn from the deck.
ambassador was drawn from the deck.
Player2 bought duchy

Player1 is now starting a turn.
copper was drawn from the deck.
copper was drawn from the deck.
copper was drawn from the deck.
copper was drawn from the deck.
gold was drawn from the deck.
Player1 bought adventurer

Player2 is now starting a turn.
silver was drawn from the deck.
village was drawn from the deck.
estate was drawn from the deck.
duchy was drawn from the deck.
gold was drawn from the deck.
Playing action card: village
curse was drawn from the deck.
Player2 bought adventurer

Player1 is now starting a turn.
curse was drawn from the deck.
curse was drawn from the deck.
curse was drawn from the deck.
province was drawn from the deck.
duchy was drawn from the deck.
Player1 bought copper

Player2 is now starting a turn.
copper was drawn from the deck.
ambassador was drawn from the deck.
curse was drawn from the deck.
curse was drawn from the deck.
adventurer was drawn from the deck.
Playing action card: adventurer
estate was drawn from the deck.
Player2 discarded estate
Player2 bought copper

Player1 is now starting a turn.
curse was drawn from the deck.
estate was drawn from the deck.
curse was drawn from the deck.
curse was drawn from the deck.
estate was drawn from the deck.
Player1 bought estate

Player2 is now starting a turn.
Shuffling Player2&apos;s deck.
smithy was drawn from the deck.
gold was drawn from the deck.
curse was drawn from the deck.
smithy was drawn from the deck.
curse was drawn from the deck.
Playing action card: smithy
duchy was drawn from the deck.
estate was drawn from the deck.
Player2 bought smithy

Player1 is now starting a turn.
curse was drawn from the deck.
smithy was drawn from the deck.
estate was drawn from the deck.
province was drawn from the deck.
estate was drawn from the deck.
Playing action card: smithy
copper was drawn from the deck.
mine was drawn from the deck.
Player1 bought great_hall

Player2 is now starting a turn.
ambassador was drawn from the deck.
mine was drawn from the deck.
curse was drawn from the deck.
seahag was drawn from the deck.
silver was drawn from the deck.
Playing action card: mine
Player2 gained gold
Player2 bought duchy

Player1 is now starting a turn.
copper was drawn from the deck.
great_hall was drawn from the deck.
copper was drawn from the deck.
great_hall was drawn from the deck.
adventurer was drawn from the deck.
Playing action card: great_hall
gold was drawn from the deck.
Playing action card: adventurer
seahag was drawn from the deck.
Player1 discarded seahag
copper was drawn from the deck.
gold was drawn from the deck.
Player1 bought province

Player2 is now starting a turn.
gold was drawn from the deck.
gold was drawn from the deck.
adventurer was drawn from the deck.
great_hall was drawn from the deck.
curse was drawn from the deck.
Playing action card: great_hall
copper was drawn from the deck.
Playing action card: adventurer
duchy was drawn from the deck.
Player2 discarded duchy
ambassador was drawn from the deck.
Player2 discarded ambassador
curse was drawn from the deck.
Player2 discarded curse
village was drawn from the deck.
Player2 discarded village
village was drawn from the deck.
Player2 discarded village
adventurer was drawn from the deck.
Player2 discarded adventurer
mine was drawn from the deck.
Player2 discarded mine
curse was drawn from the deck.
Player2 discarded curse
copper was drawn from the deck.
estate was drawn from the deck.
Player2 discarded estate
copper was drawn from the deck.
Player2 bought province

Player1 is now starting a turn.
gold was drawn from the deck.
curse was drawn from the deck.
adventurer was drawn from the deck.
ambassador was drawn from the deck.
curse was drawn from the deck.
Playing action card: adventurer
copper was drawn from the deck.
copper was drawn from the deck.
Player1 bought mine

Player2 is now starting a turn.
copper was drawn from the deck.
ambassador was drawn from the deck.
copper was drawn from the deck.
estate was drawn from the deck.
curse was drawn from the deck.
Playing action card: ambassador
Player2 returned 0 copies of curse
Player2 bought ambassador

Player1 is now starting a turn.
estate was drawn from the deck.
estate was drawn from the deck.
Shuffling Player1&apos;s deck.
curse was drawn from the deck.
great_hall was drawn from the deck.
adventurer was drawn from the deck.
Playing action card: adventurer
copper was drawn from the deck.
copper was drawn from the deck.
Player1 bought gardens

Player2 is now starting a turn.
copper was drawn from the deck.
seahag was drawn from the deck.
copper was drawn from the deck.
estate was drawn from the deck.
copper was drawn from the deck.
Playing action card: seahag
great_hall was drawn from the deck.
Player1 discarded great_hall
Player1 gained curse to top of deck.
Player2 bought cutpurse

Player1 is now starting a turn.
curse was drawn from the deck.
copper was drawn from the deck.
copper was drawn from the deck.
gold was drawn from the deck.
curse was drawn from the deck.
Player1 bought duchy

Player2 is now starting a turn.
duchy was drawn from the deck.
copper was drawn from the deck.
estate was drawn from the deck.
Shuffling Player2&apos;s deck.
curse was drawn from the deck.
estate was drawn from the deck.
Player2 bought silver

Player1 is now starting a turn.
copper was drawn from the deck.
copper was drawn from the deck.
curse was drawn from the deck.
adventurer was drawn from the deck.
silver was drawn from the deck.
Playing action card: adventurer
seahag was drawn from the deck.
Player1 discarded seahag
mine was drawn from the deck.
Player1 discarded mine
estate was drawn from the deck.
Player1 discarded estate
copper was drawn from the deck.
adventurer was drawn from the deck.
Player1 discarded adventurer
curse was drawn from the deck.
Player1 discarded curse
estate was drawn from the deck.
Player1 discarded estate
province was drawn from the deck.
Player1 discarded province
seahag was drawn from the deck.
Player1 discarded seahag
mine was drawn from the deck.
Player1 discarded mine
copper was drawn from the deck.
Player1 bought adventurer

Player2 is now starting a turn.
smithy was drawn from the deck.
duchy was drawn from the deck.
village was drawn from the deck.
copper was drawn from the deck.
adventurer was drawn from the deck.
Playing action card: village
province was drawn from the deck.
Playing action card: smithy
gold was drawn from the deck.
copper was drawn from the deck.
Playing action card: adventurer
curse was drawn from the deck.
Player2 discarded curse
copper was drawn from the deck.
gold was drawn from the deck.
Player2 bought province

Player1 is now starting a turn.
copper was drawn from the deck.
curse was drawn from the deck.
gold was drawn from the deck.
province was drawn from the deck.
curse was drawn from the deck.
Player1 bought smithy

Player2 is now starting a turn.
curse was drawn from the deck.
seahag was drawn from the deck.
ambassador was drawn from the deck.
ambassador was drawn from the deck.
curse was drawn from the deck.
Playing action card: seahag
ambassador was drawn from the deck.
Player1 discarded ambassador
Player1 gained curse to top of deck.
Player2 bought copper

Player1 is now starting a turn.
curse was drawn from the deck.
copper was drawn from the deck.
gold was drawn from the deck.
smithy was drawn from the deck.
curse was drawn from the deck.
Playing action card: smithy
great_hall was drawn from the deck.
mine was drawn from the deck.
Player1 bought seahag

Player2 is now starting a turn.
village was drawn from the deck.
curse was drawn from the deck.
silver was drawn from the deck.
estate was drawn from the deck.
curse was drawn from the deck.
Playing action card: village
smithy was drawn from the deck.
Playing action card: smithy
copper was drawn from the deck.
gold was drawn from the deck.
Player2 bought adventurer

Player1 is now starting a turn.
adventurer was drawn from the deck.
curse was drawn from the deck.
province was drawn from the deck.
estate was drawn from the deck.
gold was drawn from the deck.
Playing action card: adventurer
copper was drawn from the deck.
estate was drawn from the deck.
Player1 discarded estate
estate was drawn from the deck.
Player1 discarded estate
duchy was drawn from the deck.
Player1 discarded duchy
copper was drawn from the deck.
Player1 bought gold

Player2 is now starting a turn.
estate was drawn from the deck.
smithy was drawn from the deck.
duchy was drawn from the deck.
mine was drawn from the deck.
seahag was drawn from the deck.
Playing action card: seahag
gold was drawn from the deck.
Player1 discarded gold
Player1 gained curse to top of deck.
Player2 bought copper

Player1 is now starting a turn.
curse was drawn from the deck.
curse was drawn from the deck.
copper was drawn from the deck.
Shuffling Player1&apos;s deck.
estate was drawn from the deck.
gold was drawn from the deck.
Player1 bought duchy

Player2 is now starting a turn.
duchy was drawn from the deck.
curse was drawn from the deck.
copper was drawn from the deck.
gold was drawn from the deck.
copper was drawn from the deck.
Player2 bought mine

Player1 is now starting a turn.
adventurer was drawn from the deck.
smithy was drawn from the deck.
gold was drawn from the deck.
copper was drawn from the deck.
silver was drawn from the deck.
Playing action card: smithy
curse was drawn from the deck.
curse was drawn from the deck.
Player1 bought gold

Player2 is now starting a turn.
mine was drawn from the deck.
ambassador was drawn from the deck.
copper was drawn from the deck.
copper was drawn from the deck.
great_hall was drawn from the deck.
Playing action card: mine
Player2 gained gold
Player2 bought mine

Player1 is now starting a turn.
estate was drawn from the deck.
curse was drawn from the deck.
estate was drawn from the deck.
curse was drawn from the deck.
copper was drawn from the deck.
Player1 bought silver

Player2 is now starting a turn.
ambassador was drawn from the deck.
estate was drawn from the deck.
adventurer was drawn from the deck.
cutpurse was drawn from the deck.
Shuffling Player2&apos;s deck.
copper was drawn from the deck.
Playing action card: ambassador
Player2 returned 0 copies of cutpurse
Player1 gained cutpurse
Player2 bought embargo

Player1 is now starting a turn.
mine was drawn from the deck.
duchy was drawn from the deck.
smithy was drawn from the deck.
gardens was drawn from the deck.
estate was drawn from the deck.
Playing action card: mine
Player1 bought copper

Player2 is now starting a turn.
curse was drawn from the deck.
copper was drawn from the deck.
gold was drawn from the deck.
copper was drawn from the deck.
province was drawn from the deck.
Player2 bought duchy

Player1 is now starting a turn.
copper was drawn from the deck.
gold was drawn from the deck.
great_hall was drawn from the deck.
copper was drawn from the deck.
copper was drawn from the deck.
Playing action card: great_hall
copper was drawn from the deck.
Player1 bought gold

Player2 is now starting a turn.
copper was drawn from the deck.
copper was drawn from the deck.
gold was drawn from the deck.
estate was drawn from the deck.
smithy was drawn from the deck.
Playing action card: smithy
copper was drawn from the deck.
copper was drawn from the deck.
Player2 bought province

Player1 is now starting a turn.
seahag was drawn from the deck.
curse was drawn from the deck.
copper was drawn from the deck.
copper was drawn from the deck.
copper was drawn from the deck.
Playing action card: seahag
silver was drawn from the deck.
Player2 discarded silver
Player2 gained curse to top of deck.
Player1 bought ambassador

Player2 is now starting a turn.
curse was drawn from the deck.
duchy was drawn from the deck.
province was drawn from the deck.
great_hall was drawn from the deck.
curse was drawn from the deck.
Playing action card: great_hall
gold was drawn from the deck.
Player2 bought village

Player1 is now starting a turn.
estate was drawn from the deck.
gold was drawn from the deck.
curse was drawn from the deck.
curse was drawn from the deck.
province was drawn from the deck.
Player1 bought smithy

Player2 is now starting a turn.
mine was drawn from the deck.
seahag was drawn from the deck.
mine was drawn from the deck.
silver was drawn from the deck.
ambassador was drawn from the deck.
Playing action card: seahag
great_hall was drawn from the deck.
Player1 discarded great_hall
Player1 gained curse to top of deck.
Player2 bought estate

Player1 is now starting a turn.
curse was drawn from the deck.
copper was drawn from the deck.
curse was drawn from the deck.
copper was drawn from the deck.
curse was drawn from the deck.
Player1 bought estate

Player2 is now starting a turn.
curse was drawn from the deck.
copper was drawn from the deck.
estate was drawn from the deck.
copper was drawn from the deck.
curse was drawn from the deck.
Player2 bought village

Player1 is now starting a turn.
adventurer was drawn from the deck.
adventurer was drawn from the deck.
mine was drawn from the deck.
seahag was drawn from the deck.
estate was drawn from the deck.
Playing action card: adventurer
adventurer was drawn from the deck.
Player1 discarded adventurer
gold was drawn from the deck.
province was drawn from the deck.
Player1 discarded province
seahag was drawn from the deck.
Player1 discarded seahag
mine was drawn from the deck.
Player1 discarded mine
ambassador was drawn from the deck.
Player1 discarded ambassador
great_hall was drawn from the deck.
Player1 discarded great_hall
province was drawn from the deck.
Player1 discarded province
estate was drawn from the deck.
Player1 discarded estate
duchy was drawn from the deck.
Player1 discarded duchy
curse was drawn from the deck.
Player1 discarded curse
gold was drawn from the deck.
Player1 bought adventurer

Player2 is now starting a turn.
smithy was drawn from the deck.
duchy was drawn from the deck.
curse was drawn from the deck.
duchy was drawn from the deck.
smithy was drawn from the deck.
Playing action card: smithy
village was drawn from the deck.
adventurer was drawn from the deck.
Player2 bought copper

Player1 is now starting a turn.
adventurer was drawn from the deck.
copper was drawn from the deck.
Shuffling Player1&apos;s deck.
gold was drawn from the deck.
adventurer was drawn from the deck.
copper was drawn from the deck.
Playing action card: adventurer
curse was drawn from the deck.
Player1 discarded curse
gold was drawn from the deck.
curse was drawn from the deck.
Player1 discarded curse
curse was drawn from the deck.
Player1 discarded curse
gold was drawn from the deck.
Player1 bought province

Player2 is now starting a turn.
gold was drawn from the deck.
mine was drawn from the deck.
estate was drawn from the deck.
ambassador was drawn from the deck.
gold was drawn from the deck.
Playing action card: mine
Player2 gained gold
Player2 bought province
GAME OVER! Province card pile is empty. 
Player1: 379
Player2: 459
Player1 had no coppers to discard. 
Player2 had no coppers to discard. 
Player1 gained embargo
Player2 gained embargo
hi! gained great_hall
hi! gained curse

STARTING NEW GAME!

Player1 is now starting a turn.
Shuffling Player1&apos;s deck.
copper was drawn from the deck.
copper was drawn from the deck.
estate was drawn from the deck.
copper was drawn from the deck.
estate was drawn from the deck.
Player1 gained curse card because of embargo token.
Player1 gained curse
Player1 gained curse card because of embargo token.
Player1 gained curse
Player1 bought duchy

Player2 is now starting a turn.
Shuffling Player2&apos;s deck.
copper was drawn from the deck.
copper was drawn from the deck.
estate was drawn from the deck.
copper was drawn from the deck.
copper was drawn from the deck.
Player2 gained curse card because of embargo token.
Player2 gained curse
Player2 gained curse card because of embargo token.
Player2 gained curse
Player2 bought duchy

Player1 is now starting a turn.
copper was drawn from the deck.
estate was drawn from the deck.
copper was drawn from the deck.
copper was drawn from the deck.
copper was drawn from the deck.
Player1 gained curse card because of embargo token.
Player1 gained curse
Player1 gained curse card because of embargo token.
Player1 gained curse
Player1 bought mine

Player2 is now starting a turn.
copper was drawn from the deck.
copper was drawn from the deck.
estate was drawn from the deck.
estate was drawn from the deck.
copper was drawn from the deck.
Player2 gained curse card because of embargo token.
Player2 gained curse
Player2 gained curse card because of embargo token.
Player2 gained curse
Player2 bought mine

Player1 is now starting a turn.
Shuffling Player1&apos;s deck.
copper was drawn from the deck.
curse was drawn from the deck.
copper was drawn from the deck.
curse was drawn from the deck.
estate was drawn from the deck.
Player1 gained curse card because of embargo token.
Player1 gained curse
Player1 gained curse card because of embargo token.
Player1 gained curse
Player1 bought great_hall

Player2 is now starting a turn.
Shuffling Player2&apos;s deck.
copper was drawn from the deck.
copper was drawn from the deck.
copper was drawn from the deck.
copper was drawn from the deck.
curse was drawn from the deck.
Player2 bought seahag

Player1 is now starting a turn.
copper was drawn from the deck.
copper was drawn from the deck.
copper was drawn from the deck.
curse was drawn from the deck.
curse was drawn from the deck.
Player1 bought silver

Player2 is now starting a turn.
mine was drawn from the deck.
estate was drawn from the deck.
estate was drawn from the deck.
estate was drawn from the deck.
curse was drawn from the deck.
Playing action card: mine
Player2 bought village

Player1 is now starting a turn.
duchy was drawn from the deck.
estate was drawn from the deck.
copper was drawn from the deck.
copper was drawn from the deck.
estate was drawn from the deck.
Player1 bought seahag

Player2 is now starting a turn.
curse was drawn from the deck.
curse was drawn from the deck.
copper was drawn from the deck.
duchy was drawn from the deck.
copper was drawn from the deck.
Player2 bought estate

Player1 is now starting a turn.
mine was drawn from the deck.
Shuffling Player1&apos;s deck.
copper was drawn from the deck.
curse was drawn from the deck.
estate was drawn from the deck.
curse was drawn from the deck.
Playing action card: mine
Player1 gained gold
Player1 bought mine

Player2 is now starting a turn.
copper was drawn from the deck.
Shuffling Player2&apos;s deck.
copper was drawn from the deck.
mine was drawn from the deck.
copper was drawn from the deck.
curse was drawn from the deck.
Playing action card: mine
Player2 gained gold
Player2 bought gold

Player1 is now starting a turn.
copper was drawn from the deck.
copper was drawn from the deck.
estate was drawn from the deck.
copper was drawn from the deck.
silver was drawn from the deck.
Player1 bought adventurer

Player2 is now starting a turn.
copper was drawn from the deck.
estate was drawn from the deck.
estate was drawn from the deck.
duchy was drawn from the deck.
curse was drawn from the deck.
Player2 bought great_hall

Player1 is now starting a turn.
copper was drawn from the deck.
curse was drawn from the deck.
seahag was drawn from the deck.
copper was drawn from the deck.
curse was drawn from the deck.
Playing action card: seahag
curse was drawn from the deck.
Player2 discarded curse
Player2 gained curse to top of deck.
Player1 bought estate

Player2 is now starting a turn.
curse was drawn from the deck.
village was drawn from the deck.
seahag was drawn from the deck.
estate was drawn from the deck.
copper was drawn from the deck.
Playing action card: village
estate was drawn from the deck.
Playing action card: seahag
copper was drawn from the deck.
Player1 discarded copper
Player1 gained curse to top of deck.
Player2 bought ambassador

Player1 is now starting a turn.
curse was drawn from the deck.
curse was drawn from the deck.
curse was drawn from the deck.
estate was drawn from the deck.
great_hall was drawn from the deck.
Playing action card: great_hall
duchy was drawn from the deck.
Player1 bought copper

Player2 is now starting a turn.
curse was drawn from the deck.
copper was drawn from the deck.
copper was drawn from the deck.
Shuffling Player2&apos;s deck.
copper was drawn from the deck.
curse was drawn from the deck.
Player2 bought silver

Player1 is now starting a turn.
Shuffling Player1&apos;s deck.
curse was drawn from the deck.
curse was drawn from the deck.
mine was drawn from the deck.
copper was drawn from the deck.
curse was drawn from the deck.
Playing action card: mine
Player1 gained gold
Player1 bought smithy

Player2 is now starting a turn.
estate was drawn from the deck.
estate was drawn from the deck.
estate was drawn from the deck.
estate was drawn from the deck.
copper was drawn from the deck.
Player2 bought mine

Player1 is now starting a turn.
estate was drawn from the deck.
mine was drawn from the deck.
estate was drawn from the deck.
copper was drawn from the deck.
curse was drawn from the deck.
Playing action card: mine
Player1 gained gold
Player1 bought gold

Player2 is now starting a turn.
copper was drawn from the deck.
copper was drawn from the deck.
curse was drawn from the deck.
duchy was drawn from the deck.
great_hall was drawn from the deck.
Playing action card: great_hall
village was drawn from the deck.
Playing action card: village
copper was drawn from the deck.
Player2 bought ambassador

Player1 is now starting a turn.
copper was drawn from the deck.
duchy was drawn from the deck.
copper was drawn from the deck.
estate was drawn from the deck.
copper was drawn from the deck.
Player1 bought seahag

Player2 is now starting a turn.
gold was drawn from the deck.
curse was drawn from the deck.
curse was drawn from the deck.
ambassador was drawn from the deck.
seahag was drawn from the deck.
Playing action card: seahag
adventurer was drawn from the deck.
Player1 discarded adventurer
Player1 gained curse to top of deck.
Player2 bought ambassador

Player1 is now starting a turn.
curse was drawn from the deck.
curse was drawn from the deck.
silver was drawn from the deck.
seahag was drawn from the deck.
curse was drawn from the deck.
Playing action card: seahag
gold was drawn from the deck.
Player2 discarded gold
Player2 gained curse to top of deck.
Player1 bought estate

Player2 is now starting a turn.
curse was drawn from the deck.
mine was drawn from the deck.
Shuffling Player2&apos;s deck.
curse was drawn from the deck.
seahag was drawn from the deck.
mine was drawn from the deck.
Playing action card: mine
Player2 bought copper

Player1 is now starting a turn.
curse was drawn from the deck.
gold was drawn from the deck.
copper was drawn from the deck.
copper was drawn from the deck.
great_hall was drawn from the deck.
Playing action card: great_hall
estate was drawn from the deck.
Player1 bought adventurer

Player2 is now starting a turn.
silver was drawn from the deck.
ambassador was drawn from the deck.
estate was drawn from the deck.
curse was drawn from the deck.
ambassador was drawn from the deck.
Playing action card: ambassador
Player2 returned 0 copies of ambassador
Player1 gained ambassador
Player2 bought village

Player1 is now starting a turn.
copper was drawn from the deck.
Shuffling Player1&apos;s deck.
copper was drawn from the deck.
curse was drawn from the deck.
estate was drawn from the deck.
curse was drawn from the deck.
Player1 bought great_hall

Player2 is now starting a turn.
ambassador was drawn from the deck.
copper was drawn from the deck.
copper was drawn from the deck.
copper was drawn from the deck.
copper was drawn from the deck.
Playing action card: ambassador
Player2 returned 0 copies of copper
Player1 gained copper
Player2 bought smithy

Player1 is now starting a turn.
curse was drawn from the deck.
smithy was drawn from the deck.
curse was drawn from the deck.
adventurer was drawn from the deck.
great_hall was drawn from the deck.
Playing action card: smithy
curse was drawn from the deck.
estate was drawn from the deck.
Player1 bought copper

Player2 is now starting a turn.
estate was drawn from the deck.
estate was drawn from the deck.
duchy was drawn from the deck.
gold was drawn from the deck.
copper was drawn from the deck.
Player2 bought adventurer

Player1 is now starting a turn.
curse was drawn from the deck.
gold was drawn from the deck.
gold was drawn from the deck.
copper was drawn from the deck.
estate was drawn from the deck.
Player1 bought province

Player2 is now starting a turn.
gold was drawn from the deck.
curse was drawn from the deck.
estate was drawn from the deck.
curse was drawn from the deck.
copper was drawn from the deck.
Player2 bought duchy

Player1 is now starting a turn.
seahag was drawn from the deck.
estate was drawn from the deck.
ambassador was drawn from the deck.
curse was drawn from the deck.
mine was drawn from the deck.
Playing action card: seahag
great_hall was drawn from the deck.
Player2 discarded great_hall
Player2 gained curse to top of deck.
Player1 bought copper

Player2 is now starting a turn.
curse was drawn from the deck.
copper was drawn from the deck.
curse was drawn from the deck.
village was drawn from the deck.
Shuffling Player2&apos;s deck.
gold was drawn from the deck.
Playing action card: village
seahag was drawn from the deck.
Playing action card: seahag
estate was drawn from the deck.
Player1 discarded estate
Player1 gained curse to top of deck.
Player2 bought smithy

Player1 is now starting a turn.
curse was drawn from the deck.
duchy was drawn from the deck.
copper was drawn from the deck.
curse was drawn from the deck.
copper was drawn from the deck.
Player1 bought estate

Player2 is now starting a turn.
curse was drawn from the deck.
copper was drawn from the deck.
curse was drawn from the deck.
great_hall was drawn from the deck.
mine was drawn from the deck.
Playing action card: mine
Player2 gained gold
Player2 bought seahag

Player1 is now starting a turn.
mine was drawn from the deck.
gold was drawn from the deck.
adventurer was drawn from the deck.
seahag was drawn from the deck.
gold was drawn from the deck.
Playing action card: adventurer
silver was drawn from the deck.
copper was drawn from the deck.
Player1 bought province

Player2 is now starting a turn.
copper was drawn from the deck.
mine was drawn from the deck.
duchy was drawn from the deck.
ambassador was drawn from the deck.
estate was drawn from the deck.
Playing action card: ambassador
Player2 returned 0 copies of copper
Player1 gained copper
Player2 bought estate

Player1 is now starting a turn.
copper was drawn from the deck.
copper was drawn from the deck.
Shuffling Player1&apos;s deck.
silver was drawn from the deck.
mine was drawn from the deck.
seahag was drawn from the deck.
Playing action card: mine
Player1 gained gold
Player1 bought adventurer

Player2 is now starting a turn.
estate was drawn from the deck.
copper was drawn from the deck.
copper was drawn from the deck.
copper was drawn from the deck.
smithy was drawn from the deck.
Playing action card: smithy
copper was drawn from the deck.
ambassador was drawn from the deck.
Player2 bought duchy

Player1 is now starting a turn.
copper was drawn from the deck.
copper was drawn from the deck.
copper was drawn from the deck.
copper was drawn from the deck.
gold was drawn from the deck.
Player1 bought adventurer

Player2 is now starting a turn.
silver was drawn from the deck.
village was drawn from the deck.
estate was drawn from the deck.
duchy was drawn from the deck.
gold was drawn from the deck.
Playing action card: village
curse was drawn from the deck.
Player2 bought adventurer

Player1 is now starting a turn.
curse was drawn from the deck.
curse was drawn from the deck.
curse was drawn from the deck.
province was drawn from the deck.
duchy was drawn from the deck.
Player1 bought copper

Player2 is now starting a turn.
copper was drawn from the deck.
ambassador was drawn from the deck.
curse was drawn from the deck.
curse was drawn from the deck.
adventurer was drawn from the deck.
Playing action card: adventurer
estate was drawn from the deck.
Player2 discarded estate
Player2 bought copper

Player1 is now starting a turn.
curse was drawn from the deck.
estate was drawn from the deck.
curse was drawn from the deck.
curse was drawn from the deck.
estate was drawn from the deck.
Player1 bought estate

Player2 is now starting a turn.
Shuffling Player2&apos;s deck.
smithy was drawn from the deck.
gold was drawn from the deck.
curse was drawn from the deck.
smithy was drawn from the deck.
curse was drawn from the deck.
Playing action card: smithy
duchy was drawn from the deck.
estate was drawn from the deck.
Player2 bought smithy

Player1 is now starting a turn.
curse was drawn from the deck.
smithy was drawn from the deck.
estate was drawn from the deck.
province was drawn from the deck.
estate was drawn from the deck.
Playing action card: smithy
copper was drawn from the deck.
mine was drawn from the deck.
Player1 bought great_hall

Player2 is now starting a turn.
ambassador was drawn from the deck.
mine was drawn from the deck.
curse was drawn from the deck.
seahag was drawn from the deck.
silver was drawn from the deck.
Playing action card: mine
Player2 gained gold
Player2 bought duchy

Player1 is now starting a turn.
copper was drawn from the deck.
great_hall was drawn from the deck.
copper was drawn from the deck.
great_hall was drawn from the deck.
adventurer was drawn from the deck.
Playing action card: great_hall
gold was drawn from the deck.
Playing action card: adventurer
seahag was drawn from the deck.
Player1 discarded seahag
copper was drawn from the deck.
gold was drawn from the deck.
Player1 bought province

Player2 is now starting a turn.
gold was drawn from the deck.
gold was drawn from the deck.
adventurer was drawn from the deck.
great_hall was drawn from the deck.
curse was drawn from the deck.
Playing action card: great_hall
copper was drawn from the deck.
Playing action card: adventurer
duchy was drawn from the deck.
Player2 discarded duchy
ambassador was drawn from the deck.
Player2 discarded ambassador
curse was drawn from the deck.
Player2 discarded curse
village was drawn from the deck.
Player2 discarded village
village was drawn from the deck.
Player2 discarded village
adventurer was drawn from the deck.
Player2 discarded adventurer
mine was drawn from the deck.
Player2 discarded mine
curse was drawn from the deck.
Player2 discarded curse
copper was drawn from the deck.
estate was drawn from the deck.
Player2 discarded estate
copper was drawn from the deck.
Player2 bought province

Player1 is now starting a turn.
gold was drawn from the deck.
curse was drawn from the deck.
adventurer was drawn from the deck.
ambassador was drawn from the deck.
curse was drawn from the deck.
Playing action card: adventurer
copper was drawn from the deck.
copper was drawn from the deck.
Player1 bought mine

Player2 is now starting a turn.
copper was drawn from the deck.
ambassador was drawn from the deck.
copper was drawn from the deck.
estate was drawn from the deck.
curse was drawn from the deck.
Playing action card: ambassador
Player2 returned 0 copies of curse
Player2 bought ambassador

Player1 is now starting a turn.
estate was drawn from the deck.
estate was drawn from the deck.
Shuffling Player1&apos;s deck.
curse was drawn from the deck.
great_hall was drawn from the deck.
adventurer was drawn from the deck.
Playing action card: adventurer
copper was drawn from the deck.
copper was drawn from the deck.
Player1 bought gardens

Player2 is now starting a turn.
copper was drawn from the deck.
seahag was drawn from the deck.
copper was drawn from the deck.
estate was drawn from the deck.
copper was drawn from the deck.
Playing action card: seahag
great_hall was drawn from the deck.
Player1 discarded great_hall
Player1 gained curse to top of deck.
Player2 bought cutpurse

Player1 is now starting a turn.
curse was drawn from the deck.
copper was drawn from the deck.
copper was drawn from the deck.
gold was drawn from the deck.
curse was drawn from the deck.
Player1 bought duchy

Player2 is now starting a turn.
duchy was drawn from the deck.
copper was drawn from the deck.
estate was drawn from the deck.
Shuffling Player2&apos;s deck.
curse was drawn from the deck.
estate was drawn from the deck.
Player2 bought silver

Player1 is now starting a turn.
copper was drawn from the deck.
copper was drawn from the deck.
curse was drawn from the deck.
adventurer was drawn from the deck.
silver was drawn from the deck.
Playing action card: adventurer
seahag was drawn from the deck.
Player1 discarded seahag
mine was drawn from the deck.
Player1 discarded mine
estate was drawn from the deck.
Player1 discarded estate
copper was drawn from the deck.
adventurer was drawn from the deck.
Player1 discarded adventurer
curse was drawn from the deck.
Player1 discarded curse
estate was drawn from the deck.
Player1 discarded estate
province was drawn from the deck.
Player1 discarded province
seahag was drawn from the deck.
Player1 discarded seahag
mine was drawn from the deck.
Player1 discarded mine
copper was drawn from the deck.
Player1 bought adventurer

Player2 is now starting a turn.
smithy was drawn from the deck.
duchy was drawn from the deck.
village was drawn from the deck.
copper was drawn from the deck.
adventurer was drawn from the deck.
Playing action card: village
province was drawn from the deck.
Playing action card: smithy
gold was drawn from the deck.
copper was drawn from the deck.
Playing action card: adventurer
curse was drawn from the deck.
Player2 discarded curse
copper was drawn from the deck.
gold was drawn from the deck.
Player2 bought province

Player1 is now starting a turn.
copper was drawn from the deck.
curse was drawn from the deck.
gold was drawn from the deck.
province was drawn from the deck.
curse was drawn from the deck.
Player1 bought smithy

Player2 is now starting a turn.
curse was drawn from the deck.
seahag was drawn from the deck.
ambassador was drawn from the deck.
ambassador was drawn from the deck.
curse was drawn from the deck.
Playing action card: seahag
ambassador was drawn from the deck.
Player1 discarded ambassador
Player1 gained curse to top of deck.
Player2 bought copper

Player1 is now starting a turn.
curse was drawn from the deck.
copper was drawn from the deck.
gold was drawn from the deck.
smithy was drawn from the deck.
curse was drawn from the deck.
Playing action card: smithy
great_hall was drawn from the deck.
mine was drawn from the deck.
Player1 bought seahag

Player2 is now starting a turn.
village was drawn from the deck.
curse was drawn from the deck.
silver was drawn from the deck.
estate was drawn from the deck.
curse was drawn from the deck.
Playing action card: village
smithy was drawn from the deck.
Playing action card: smithy
copper was drawn from the deck.
gold was drawn from the deck.
Player2 bought adventurer

Player1 is now starting a turn.
adventurer was drawn from the deck.
curse was drawn from the deck.
province was drawn from the deck.
estate was drawn from the deck.
gold was drawn from the deck.
Playing action card: adventurer
copper was drawn from the deck.
estate was drawn from the deck.
Player1 discarded estate
estate was drawn from the deck.
Player1 discarded estate
duchy was drawn from the deck.
Player1 discarded duchy
copper was drawn from the deck.
Player1 bought gold

Player2 is now starting a turn.
estate was drawn from the deck.
smithy was drawn from the deck.
duchy was drawn from the deck.
mine was drawn from the deck.
seahag was drawn from the deck.
Playing action card: seahag
gold was drawn from the deck.
Player1 discarded gold
Player1 gained curse to top of deck.
Player2 bought copper

Player1 is now starting a turn.
curse was drawn from the deck.
curse was drawn from the deck.
copper was drawn from the deck.
Shuffling Player1&apos;s deck.
estate was drawn from the deck.
gold was drawn from the deck.
Player1 bought duchy

Player2 is now starting a turn.
duchy was drawn from the deck.
curse was drawn from the deck.
copper was drawn from the deck.
gold was drawn from the deck.
copper was drawn from the deck.
Player2 bought mine

Player1 is now starting a turn.
adventurer was drawn from the deck.
smithy was drawn from the deck.
gold was drawn from the deck.
copper was drawn from the deck.
silver was drawn from the deck.
Playing action card: smithy
curse was drawn from the deck.
curse was drawn from the deck.
Player1 bought gold

Player2 is now starting a turn.
mine was drawn from the deck.
ambassador was drawn from the deck.
copper was drawn from the deck.
copper was drawn from the deck.
great_hall was drawn from the deck.
Playing action card: mine
Player2 gained gold
Player2 bought mine

Player1 is now starting a turn.
estate was drawn from the deck.
curse was drawn from the deck.
estate was drawn from the deck.
curse was drawn from the deck.
copper was drawn from the deck.
Player1 bought silver

Player2 is now starting a turn.
ambassador was drawn from the deck.
estate was drawn from the deck.
adventurer was drawn from the deck.
cutpurse was drawn from the deck.
Shuffling Player2&apos;s deck.
copper was drawn from the deck.
Playing action card: ambassador
Player2 returned 0 copies of cutpurse
Player1 gained cutpurse
Player2 bought embargo

Player1 is now starting a turn.
mine was drawn from the deck.
duchy was drawn from the deck.
smithy was drawn from the deck.
gardens was drawn from the deck.
estate was drawn from the deck.
Playing action card: mine
Player1 bought copper

Player2 is now starting a turn.
curse was drawn from the deck.
copper was drawn from the deck.
gold was drawn from the deck.
copper was drawn from the deck.
province was drawn from the deck.
Player2 bought duchy

Player1 is now starting a turn.
copper was drawn from the deck.
gold was drawn from the deck.
great_hall was drawn from the deck.
copper was drawn from the deck.
copper was drawn from the deck.
Playing action card: great_hall
copper was drawn from the deck.
Player1 bought gold

Player2 is now starting a turn.
copper was drawn from the deck.
copper was drawn from the deck.
gold was drawn from the deck.
estate was drawn from the deck.
smithy was drawn from the deck.
Playing action card: smithy
copper was drawn from the deck.
copper was drawn from the deck.
Player2 bought province

Player1 is now starting a turn.
seahag was drawn from the deck.
curse was drawn from the deck.
copper was drawn from the deck.
copper was drawn from the deck.
copper was drawn from the deck.
Playing action card: seahag
silver was drawn from the deck.
Player2 discarded silver
Player2 gained curse to top of deck.
Player1 bought ambassador

Player2 is now starting a turn.
curse was drawn from the deck.
duchy was drawn from the deck.
province was drawn from the deck.
great_hall was drawn from the deck.
curse was drawn from the deck.
Playing action card: great_hall
gold was drawn from the deck.
Player2 bought village

Player1 is now starting a turn.
estate was drawn from the deck.
gold was drawn from the deck.
curse was drawn from the deck.
curse was drawn from the deck.
province was drawn from the deck.
Player1 bought smithy

Player2 is now starting a turn.
mine was drawn from the deck.
seahag was drawn from the deck.
mine was drawn from the deck.
silver was drawn from the deck.
ambassador was drawn from the deck.
Playing action card: seahag
great_hall was drawn from the deck.
Player1 discarded great_hall
Player1 gained curse to top of deck.
Player2 bought estate

Player1 is now starting a turn.
curse was drawn from the deck.
copper was drawn from the deck.
curse was drawn from the deck.
copper was drawn from the deck.
curse was drawn from the deck.
Player1 bought estate

Player2 is now starting a turn.
curse was drawn from the deck.
copper was drawn from the deck.
estate was drawn from the deck.
copper was drawn from the deck.
curse was drawn from the deck.
Player2 bought village

Player1 is now starting a turn.
adventurer was drawn from the deck.
adventurer was drawn from the deck.
mine was drawn from the deck.
seahag was drawn from the deck.
estate was drawn from the deck.
Playing action card: adventurer
adventurer was drawn from the deck.
Player1 discarded adventurer
gold was drawn from the deck.
province was drawn from the deck.
Player1 discarded province
seahag was drawn from the deck.
Player1 discarded seahag
mine was drawn from the deck.
Player1 discarded mine
ambassador was drawn from the deck.
Player1 discarded ambassador
great_hall was drawn from the deck.
Player1 discarded great_hall
province was drawn from the deck.
Player1 discarded province
estate was drawn from the deck.
Player1 discarded estate
duchy was drawn from the deck.
Player1 discarded duchy
curse was drawn from the deck.
Player1 discarded curse
gold was drawn from the deck.
Player1 bought adventurer

Player2 is now starting a turn.
smithy was drawn from the deck.
duchy was drawn from the deck.
curse was drawn from the deck.
duchy was drawn from the deck.
smithy was drawn from the deck.
Playing action card: smithy
village was drawn from the deck.
adventurer was drawn from the deck.
Player2 bought copper

Player1 is now starting a turn.
adventurer was drawn from the deck.
copper was drawn from the deck.
Shuffling Player1&apos;s deck.
gold was drawn from the deck.
adventurer was drawn from the deck.
copper was drawn from the deck.
Playing action card: adventurer
curse was drawn from the deck.
Player1 discarded curse
gold was drawn from the deck.
curse was drawn from the deck.
Player1 discarded curse
curse was drawn from the deck.
Player1 discarded curse
gold was drawn from the deck.
Player1 bought province

Player2 is now starting a turn.
gold was drawn from the deck.
mine was drawn from the deck.
estate was drawn from the deck.
ambassador was drawn from the deck.
gold was drawn from the deck.
Playing action card: mine
Player2 gained gold
Player2 bought province
GAME OVER! Province card pile is empty. 
Player1: 379
Player2: 459
Player1: 379
Player2: 459
</system-out>
  </testcase>
  <testcase classname="RegressionTest" name="test252" time="0.043"/>
  <testcase classname="RegressionTest" name="test253" time="0.025"/>
  <testcase classname="RegressionTest" name="test254" time="0.028"/>
  <testcase classname="RegressionTest" name="test255" time="0"/>
  <testcase classname="RegressionTest" name="test256" time="0"/>
  <testcase classname="RegressionTest" name="test257" time="0"/>
  <testcase classname="RegressionTest" name="test258" time="0">
    <failure type="java.lang.AssertionError">java.lang.AssertionError
	at org.junit.Assert.fail(Assert.java:86)
	at org.junit.Assert.assertTrue(Assert.java:41)
	at org.junit.Assert.assertTrue(Assert.java:52)
	at RegressionTest.test258(RegressionTest.java:16400)
	at sun.reflect.NativeMethodAccessorImpl.invoke0(Native Method)
	at sun.reflect.NativeMethodAccessorImpl.invoke(NativeMethodAccessorImpl.java:62)
	at sun.reflect.DelegatingMethodAccessorImpl.invoke(DelegatingMethodAccessorImpl.java:43)
	at java.lang.reflect.Method.invoke(Method.java:498)
	at org.junit.runners.model.FrameworkMethod$1.runReflectiveCall(FrameworkMethod.java:47)
	at org.junit.internal.runners.model.ReflectiveCallable.run(ReflectiveCallable.java:12)
	at org.junit.runners.model.FrameworkMethod.invokeExplosively(FrameworkMethod.java:44)
	at org.junit.internal.runners.statements.InvokeMethod.evaluate(InvokeMethod.java:17)
	at org.junit.runners.ParentRunner.runLeaf(ParentRunner.java:271)
	at org.junit.runners.BlockJUnit4ClassRunner.runChild(BlockJUnit4ClassRunner.java:70)
	at org.junit.runners.BlockJUnit4ClassRunner.runChild(BlockJUnit4ClassRunner.java:50)
	at org.junit.runners.ParentRunner$3.run(ParentRunner.java:238)
	at org.junit.runners.ParentRunner$1.schedule(ParentRunner.java:63)
	at org.junit.runners.ParentRunner.runChildren(ParentRunner.java:236)
	at org.junit.runners.ParentRunner.access$000(ParentRunner.java:53)
	at org.junit.runners.ParentRunner$2.evaluate(ParentRunner.java:229)
	at org.junit.runners.ParentRunner.run(ParentRunner.java:309)
	at org.apache.maven.surefire.junit4.JUnit4Provider.execute(JUnit4Provider.java:252)
	at org.apache.maven.surefire.junit4.JUnit4Provider.executeTestSet(JUnit4Provider.java:141)
	at org.apache.maven.surefire.junit4.JUnit4Provider.invoke(JUnit4Provider.java:112)
	at sun.reflect.NativeMethodAccessorImpl.invoke0(Native Method)
	at sun.reflect.NativeMethodAccessorImpl.invoke(NativeMethodAccessorImpl.java:62)
	at sun.reflect.DelegatingMethodAccessorImpl.invoke(DelegatingMethodAccessorImpl.java:43)
	at java.lang.reflect.Method.invoke(Method.java:498)
	at org.apache.maven.surefire.util.ReflectionUtils.invokeMethodWithArray(ReflectionUtils.java:189)
	at org.apache.maven.surefire.booter.ProviderFactory$ProviderProxy.invoke(ProviderFactory.java:165)
	at org.apache.maven.surefire.booter.ProviderFactory.invokeProvider(ProviderFactory.java:85)
	at org.apache.maven.surefire.booter.ForkedBooter.runSuitesInProcess(ForkedBooter.java:115)
	at org.apache.maven.surefire.booter.ForkedBooter.main(ForkedBooter.java:75)
</failure>
    <system-out>hi! gained curse
</system-out>
  </testcase>
  <testcase classname="RegressionTest" name="test259" time="0.001">
    <failure type="java.lang.AssertionError">java.lang.AssertionError
	at org.junit.Assert.fail(Assert.java:86)
	at org.junit.Assert.assertTrue(Assert.java:41)
	at org.junit.Assert.assertTrue(Assert.java:52)
	at RegressionTest.test259(RegressionTest.java:16561)
	at sun.reflect.NativeMethodAccessorImpl.invoke0(Native Method)
	at sun.reflect.NativeMethodAccessorImpl.invoke(NativeMethodAccessorImpl.java:62)
	at sun.reflect.DelegatingMethodAccessorImpl.invoke(DelegatingMethodAccessorImpl.java:43)
	at java.lang.reflect.Method.invoke(Method.java:498)
	at org.junit.runners.model.FrameworkMethod$1.runReflectiveCall(FrameworkMethod.java:47)
	at org.junit.internal.runners.model.ReflectiveCallable.run(ReflectiveCallable.java:12)
	at org.junit.runners.model.FrameworkMethod.invokeExplosively(FrameworkMethod.java:44)
	at org.junit.internal.runners.statements.InvokeMethod.evaluate(InvokeMethod.java:17)
	at org.junit.runners.ParentRunner.runLeaf(ParentRunner.java:271)
	at org.junit.runners.BlockJUnit4ClassRunner.runChild(BlockJUnit4ClassRunner.java:70)
	at org.junit.runners.BlockJUnit4ClassRunner.runChild(BlockJUnit4ClassRunner.java:50)
	at org.junit.runners.ParentRunner$3.run(ParentRunner.java:238)
	at org.junit.runners.ParentRunner$1.schedule(ParentRunner.java:63)
	at org.junit.runners.ParentRunner.runChildren(ParentRunner.java:236)
	at org.junit.runners.ParentRunner.access$000(ParentRunner.java:53)
	at org.junit.runners.ParentRunner$2.evaluate(ParentRunner.java:229)
	at org.junit.runners.ParentRunner.run(ParentRunner.java:309)
	at org.apache.maven.surefire.junit4.JUnit4Provider.execute(JUnit4Provider.java:252)
	at org.apache.maven.surefire.junit4.JUnit4Provider.executeTestSet(JUnit4Provider.java:141)
	at org.apache.maven.surefire.junit4.JUnit4Provider.invoke(JUnit4Provider.java:112)
	at sun.reflect.NativeMethodAccessorImpl.invoke0(Native Method)
	at sun.reflect.NativeMethodAccessorImpl.invoke(NativeMethodAccessorImpl.java:62)
	at sun.reflect.DelegatingMethodAccessorImpl.invoke(DelegatingMethodAccessorImpl.java:43)
	at java.lang.reflect.Method.invoke(Method.java:498)
	at org.apache.maven.surefire.util.ReflectionUtils.invokeMethodWithArray(ReflectionUtils.java:189)
	at org.apache.maven.surefire.booter.ProviderFactory$ProviderProxy.invoke(ProviderFactory.java:165)
	at org.apache.maven.surefire.booter.ProviderFactory.invokeProvider(ProviderFactory.java:85)
	at org.apache.maven.surefire.booter.ForkedBooter.runSuitesInProcess(ForkedBooter.java:115)
	at org.apache.maven.surefire.booter.ForkedBooter.main(ForkedBooter.java:75)
</failure>
    <system-out>hi! gained curse
Player1 gained great_hall
Player2 gained great_hall
hi! gained great_hall to top of deck.
hi! gained curse
</system-out>
  </testcase>
  <testcase classname="RegressionTest" name="test260" time="0.027">
    <failure type="java.lang.AssertionError">java.lang.AssertionError
	at org.junit.Assert.fail(Assert.java:86)
	at org.junit.Assert.assertTrue(Assert.java:41)
	at org.junit.Assert.assertTrue(Assert.java:52)
	at RegressionTest.test260(RegressionTest.java:16646)
	at sun.reflect.NativeMethodAccessorImpl.invoke0(Native Method)
	at sun.reflect.NativeMethodAccessorImpl.invoke(NativeMethodAccessorImpl.java:62)
	at sun.reflect.DelegatingMethodAccessorImpl.invoke(DelegatingMethodAccessorImpl.java:43)
	at java.lang.reflect.Method.invoke(Method.java:498)
	at org.junit.runners.model.FrameworkMethod$1.runReflectiveCall(FrameworkMethod.java:47)
	at org.junit.internal.runners.model.ReflectiveCallable.run(ReflectiveCallable.java:12)
	at org.junit.runners.model.FrameworkMethod.invokeExplosively(FrameworkMethod.java:44)
	at org.junit.internal.runners.statements.InvokeMethod.evaluate(InvokeMethod.java:17)
	at org.junit.runners.ParentRunner.runLeaf(ParentRunner.java:271)
	at org.junit.runners.BlockJUnit4ClassRunner.runChild(BlockJUnit4ClassRunner.java:70)
	at org.junit.runners.BlockJUnit4ClassRunner.runChild(BlockJUnit4ClassRunner.java:50)
	at org.junit.runners.ParentRunner$3.run(ParentRunner.java:238)
	at org.junit.runners.ParentRunner$1.schedule(ParentRunner.java:63)
	at org.junit.runners.ParentRunner.runChildren(ParentRunner.java:236)
	at org.junit.runners.ParentRunner.access$000(ParentRunner.java:53)
	at org.junit.runners.ParentRunner$2.evaluate(ParentRunner.java:229)
	at org.junit.runners.ParentRunner.run(ParentRunner.java:309)
	at org.apache.maven.surefire.junit4.JUnit4Provider.execute(JUnit4Provider.java:252)
	at org.apache.maven.surefire.junit4.JUnit4Provider.executeTestSet(JUnit4Provider.java:141)
	at org.apache.maven.surefire.junit4.JUnit4Provider.invoke(JUnit4Provider.java:112)
	at sun.reflect.NativeMethodAccessorImpl.invoke0(Native Method)
	at sun.reflect.NativeMethodAccessorImpl.invoke(NativeMethodAccessorImpl.java:62)
	at sun.reflect.DelegatingMethodAccessorImpl.invoke(DelegatingMethodAccessorImpl.java:43)
	at java.lang.reflect.Method.invoke(Method.java:498)
	at org.apache.maven.surefire.util.ReflectionUtils.invokeMethodWithArray(ReflectionUtils.java:189)
	at org.apache.maven.surefire.booter.ProviderFactory$ProviderProxy.invoke(ProviderFactory.java:165)
	at org.apache.maven.surefire.booter.ProviderFactory.invokeProvider(ProviderFactory.java:85)
	at org.apache.maven.surefire.booter.ForkedBooter.runSuitesInProcess(ForkedBooter.java:115)
	at org.apache.maven.surefire.booter.ForkedBooter.main(ForkedBooter.java:75)
</failure>
    <system-out>
STARTING NEW GAME!

Player1 is now starting a turn.
Shuffling Player1&apos;s deck.
copper was drawn from the deck.
copper was drawn from the deck.
estate was drawn from the deck.
copper was drawn from the deck.
estate was drawn from the deck.
Player1 gained curse card because of embargo token.
Player1 gained curse
Player1 gained curse card because of embargo token.
Player1 gained curse
Player1 bought duchy

Player2 is now starting a turn.
Shuffling Player2&apos;s deck.
copper was drawn from the deck.
copper was drawn from the deck.
estate was drawn from the deck.
copper was drawn from the deck.
copper was drawn from the deck.
Player2 gained curse card because of embargo token.
Player2 gained curse
Player2 gained curse card because of embargo token.
Player2 gained curse
Player2 bought duchy

Player1 is now starting a turn.
copper was drawn from the deck.
estate was drawn from the deck.
copper was drawn from the deck.
copper was drawn from the deck.
copper was drawn from the deck.
Player1 gained curse card because of embargo token.
Player1 gained curse
Player1 gained curse card because of embargo token.
Player1 gained curse
Player1 bought mine

Player2 is now starting a turn.
copper was drawn from the deck.
copper was drawn from the deck.
estate was drawn from the deck.
estate was drawn from the deck.
copper was drawn from the deck.
Player2 gained curse card because of embargo token.
Player2 gained curse
Player2 gained curse card because of embargo token.
Player2 gained curse
Player2 bought mine

Player1 is now starting a turn.
Shuffling Player1&apos;s deck.
copper was drawn from the deck.
curse was drawn from the deck.
copper was drawn from the deck.
curse was drawn from the deck.
estate was drawn from the deck.
Player1 gained curse card because of embargo token.
Player1 gained curse
Player1 gained curse card because of embargo token.
Player1 gained curse
Player1 bought great_hall

Player2 is now starting a turn.
Shuffling Player2&apos;s deck.
copper was drawn from the deck.
copper was drawn from the deck.
copper was drawn from the deck.
copper was drawn from the deck.
curse was drawn from the deck.
Player2 bought seahag

Player1 is now starting a turn.
copper was drawn from the deck.
copper was drawn from the deck.
copper was drawn from the deck.
curse was drawn from the deck.
curse was drawn from the deck.
Player1 bought silver

Player2 is now starting a turn.
mine was drawn from the deck.
estate was drawn from the deck.
estate was drawn from the deck.
estate was drawn from the deck.
curse was drawn from the deck.
Playing action card: mine
Player2 bought village

Player1 is now starting a turn.
duchy was drawn from the deck.
estate was drawn from the deck.
copper was drawn from the deck.
copper was drawn from the deck.
estate was drawn from the deck.
Player1 bought seahag

Player2 is now starting a turn.
curse was drawn from the deck.
curse was drawn from the deck.
copper was drawn from the deck.
duchy was drawn from the deck.
copper was drawn from the deck.
Player2 bought estate

Player1 is now starting a turn.
mine was drawn from the deck.
Shuffling Player1&apos;s deck.
copper was drawn from the deck.
curse was drawn from the deck.
estate was drawn from the deck.
curse was drawn from the deck.
Playing action card: mine
Player1 gained gold
Player1 bought mine

Player2 is now starting a turn.
copper was drawn from the deck.
Shuffling Player2&apos;s deck.
copper was drawn from the deck.
mine was drawn from the deck.
copper was drawn from the deck.
curse was drawn from the deck.
Playing action card: mine
Player2 gained gold
Player2 bought gold

Player1 is now starting a turn.
copper was drawn from the deck.
copper was drawn from the deck.
estate was drawn from the deck.
copper was drawn from the deck.
silver was drawn from the deck.
Player1 bought adventurer

Player2 is now starting a turn.
copper was drawn from the deck.
estate was drawn from the deck.
estate was drawn from the deck.
duchy was drawn from the deck.
curse was drawn from the deck.
Player2 bought great_hall

Player1 is now starting a turn.
copper was drawn from the deck.
curse was drawn from the deck.
seahag was drawn from the deck.
copper was drawn from the deck.
curse was drawn from the deck.
Playing action card: seahag
curse was drawn from the deck.
Player2 discarded curse
Player2 gained curse to top of deck.
Player1 bought estate

Player2 is now starting a turn.
curse was drawn from the deck.
village was drawn from the deck.
seahag was drawn from the deck.
estate was drawn from the deck.
copper was drawn from the deck.
Playing action card: village
estate was drawn from the deck.
Playing action card: seahag
copper was drawn from the deck.
Player1 discarded copper
Player1 gained curse to top of deck.
Player2 bought ambassador

Player1 is now starting a turn.
curse was drawn from the deck.
curse was drawn from the deck.
curse was drawn from the deck.
estate was drawn from the deck.
great_hall was drawn from the deck.
Playing action card: great_hall
duchy was drawn from the deck.
Player1 bought copper

Player2 is now starting a turn.
curse was drawn from the deck.
copper was drawn from the deck.
copper was drawn from the deck.
Shuffling Player2&apos;s deck.
copper was drawn from the deck.
curse was drawn from the deck.
Player2 bought silver

Player1 is now starting a turn.
Shuffling Player1&apos;s deck.
curse was drawn from the deck.
curse was drawn from the deck.
mine was drawn from the deck.
copper was drawn from the deck.
curse was drawn from the deck.
Playing action card: mine
Player1 gained gold
Player1 bought smithy

Player2 is now starting a turn.
estate was drawn from the deck.
estate was drawn from the deck.
estate was drawn from the deck.
estate was drawn from the deck.
copper was drawn from the deck.
Player2 bought mine

Player1 is now starting a turn.
estate was drawn from the deck.
mine was drawn from the deck.
estate was drawn from the deck.
copper was drawn from the deck.
curse was drawn from the deck.
Playing action card: mine
Player1 gained gold
Player1 bought gold

Player2 is now starting a turn.
copper was drawn from the deck.
copper was drawn from the deck.
curse was drawn from the deck.
duchy was drawn from the deck.
great_hall was drawn from the deck.
Playing action card: great_hall
village was drawn from the deck.
Playing action card: village
copper was drawn from the deck.
Player2 bought ambassador

Player1 is now starting a turn.
copper was drawn from the deck.
duchy was drawn from the deck.
copper was drawn from the deck.
estate was drawn from the deck.
copper was drawn from the deck.
Player1 bought seahag

Player2 is now starting a turn.
gold was drawn from the deck.
curse was drawn from the deck.
curse was drawn from the deck.
ambassador was drawn from the deck.
seahag was drawn from the deck.
Playing action card: seahag
adventurer was drawn from the deck.
Player1 discarded adventurer
Player1 gained curse to top of deck.
Player2 bought ambassador

Player1 is now starting a turn.
curse was drawn from the deck.
curse was drawn from the deck.
silver was drawn from the deck.
seahag was drawn from the deck.
curse was drawn from the deck.
Playing action card: seahag
gold was drawn from the deck.
Player2 discarded gold
Player2 gained curse to top of deck.
Player1 bought estate

Player2 is now starting a turn.
curse was drawn from the deck.
mine was drawn from the deck.
Shuffling Player2&apos;s deck.
curse was drawn from the deck.
seahag was drawn from the deck.
mine was drawn from the deck.
Playing action card: mine
Player2 bought copper

Player1 is now starting a turn.
curse was drawn from the deck.
gold was drawn from the deck.
copper was drawn from the deck.
copper was drawn from the deck.
great_hall was drawn from the deck.
Playing action card: great_hall
estate was drawn from the deck.
Player1 bought adventurer

Player2 is now starting a turn.
silver was drawn from the deck.
ambassador was drawn from the deck.
estate was drawn from the deck.
curse was drawn from the deck.
ambassador was drawn from the deck.
Playing action card: ambassador
Player2 returned 0 copies of ambassador
Player1 gained ambassador
Player2 bought village

Player1 is now starting a turn.
copper was drawn from the deck.
Shuffling Player1&apos;s deck.
copper was drawn from the deck.
curse was drawn from the deck.
estate was drawn from the deck.
curse was drawn from the deck.
Player1 bought great_hall

Player2 is now starting a turn.
ambassador was drawn from the deck.
copper was drawn from the deck.
copper was drawn from the deck.
copper was drawn from the deck.
copper was drawn from the deck.
Playing action card: ambassador
Player2 returned 0 copies of copper
Player1 gained copper
Player2 bought smithy

Player1 is now starting a turn.
curse was drawn from the deck.
smithy was drawn from the deck.
curse was drawn from the deck.
adventurer was drawn from the deck.
great_hall was drawn from the deck.
Playing action card: smithy
curse was drawn from the deck.
estate was drawn from the deck.
Player1 bought copper

Player2 is now starting a turn.
estate was drawn from the deck.
estate was drawn from the deck.
duchy was drawn from the deck.
gold was drawn from the deck.
copper was drawn from the deck.
Player2 bought adventurer

Player1 is now starting a turn.
curse was drawn from the deck.
gold was drawn from the deck.
gold was drawn from the deck.
copper was drawn from the deck.
estate was drawn from the deck.
Player1 bought province

Player2 is now starting a turn.
gold was drawn from the deck.
curse was drawn from the deck.
estate was drawn from the deck.
curse was drawn from the deck.
copper was drawn from the deck.
Player2 bought duchy

Player1 is now starting a turn.
seahag was drawn from the deck.
estate was drawn from the deck.
ambassador was drawn from the deck.
curse was drawn from the deck.
mine was drawn from the deck.
Playing action card: seahag
great_hall was drawn from the deck.
Player2 discarded great_hall
Player2 gained curse to top of deck.
Player1 bought copper

Player2 is now starting a turn.
curse was drawn from the deck.
copper was drawn from the deck.
curse was drawn from the deck.
village was drawn from the deck.
Shuffling Player2&apos;s deck.
gold was drawn from the deck.
Playing action card: village
seahag was drawn from the deck.
Playing action card: seahag
estate was drawn from the deck.
Player1 discarded estate
Player1 gained curse to top of deck.
Player2 bought smithy

Player1 is now starting a turn.
curse was drawn from the deck.
duchy was drawn from the deck.
copper was drawn from the deck.
curse was drawn from the deck.
copper was drawn from the deck.
Player1 bought estate

Player2 is now starting a turn.
curse was drawn from the deck.
copper was drawn from the deck.
curse was drawn from the deck.
great_hall was drawn from the deck.
mine was drawn from the deck.
Playing action card: mine
Player2 gained gold
Player2 bought seahag

Player1 is now starting a turn.
mine was drawn from the deck.
gold was drawn from the deck.
adventurer was drawn from the deck.
seahag was drawn from the deck.
gold was drawn from the deck.
Playing action card: adventurer
silver was drawn from the deck.
copper was drawn from the deck.
Player1 bought province

Player2 is now starting a turn.
copper was drawn from the deck.
mine was drawn from the deck.
duchy was drawn from the deck.
ambassador was drawn from the deck.
estate was drawn from the deck.
Playing action card: ambassador
Player2 returned 0 copies of copper
Player1 gained copper
Player2 bought estate

Player1 is now starting a turn.
copper was drawn from the deck.
copper was drawn from the deck.
Shuffling Player1&apos;s deck.
silver was drawn from the deck.
mine was drawn from the deck.
seahag was drawn from the deck.
Playing action card: mine
Player1 gained gold
Player1 bought adventurer

Player2 is now starting a turn.
estate was drawn from the deck.
copper was drawn from the deck.
copper was drawn from the deck.
copper was drawn from the deck.
smithy was drawn from the deck.
Playing action card: smithy
copper was drawn from the deck.
ambassador was drawn from the deck.
Player2 bought duchy

Player1 is now starting a turn.
copper was drawn from the deck.
copper was drawn from the deck.
copper was drawn from the deck.
copper was drawn from the deck.
gold was drawn from the deck.
Player1 bought adventurer

Player2 is now starting a turn.
silver was drawn from the deck.
village was drawn from the deck.
estate was drawn from the deck.
duchy was drawn from the deck.
gold was drawn from the deck.
Playing action card: village
curse was drawn from the deck.
Player2 bought adventurer

Player1 is now starting a turn.
curse was drawn from the deck.
curse was drawn from the deck.
curse was drawn from the deck.
province was drawn from the deck.
duchy was drawn from the deck.
Player1 bought copper

Player2 is now starting a turn.
copper was drawn from the deck.
ambassador was drawn from the deck.
curse was drawn from the deck.
curse was drawn from the deck.
adventurer was drawn from the deck.
Playing action card: adventurer
estate was drawn from the deck.
Player2 discarded estate
Player2 bought copper

Player1 is now starting a turn.
curse was drawn from the deck.
estate was drawn from the deck.
curse was drawn from the deck.
curse was drawn from the deck.
estate was drawn from the deck.
Player1 bought estate

Player2 is now starting a turn.
Shuffling Player2&apos;s deck.
smithy was drawn from the deck.
gold was drawn from the deck.
curse was drawn from the deck.
smithy was drawn from the deck.
curse was drawn from the deck.
Playing action card: smithy
duchy was drawn from the deck.
estate was drawn from the deck.
Player2 bought smithy

Player1 is now starting a turn.
curse was drawn from the deck.
smithy was drawn from the deck.
estate was drawn from the deck.
province was drawn from the deck.
estate was drawn from the deck.
Playing action card: smithy
copper was drawn from the deck.
mine was drawn from the deck.
Player1 bought great_hall

Player2 is now starting a turn.
ambassador was drawn from the deck.
mine was drawn from the deck.
curse was drawn from the deck.
seahag was drawn from the deck.
silver was drawn from the deck.
Playing action card: mine
Player2 gained gold
Player2 bought duchy

Player1 is now starting a turn.
copper was drawn from the deck.
great_hall was drawn from the deck.
copper was drawn from the deck.
great_hall was drawn from the deck.
adventurer was drawn from the deck.
Playing action card: great_hall
gold was drawn from the deck.
Playing action card: adventurer
seahag was drawn from the deck.
Player1 discarded seahag
copper was drawn from the deck.
gold was drawn from the deck.
Player1 bought province

Player2 is now starting a turn.
gold was drawn from the deck.
gold was drawn from the deck.
adventurer was drawn from the deck.
great_hall was drawn from the deck.
curse was drawn from the deck.
Playing action card: great_hall
copper was drawn from the deck.
Playing action card: adventurer
duchy was drawn from the deck.
Player2 discarded duchy
ambassador was drawn from the deck.
Player2 discarded ambassador
curse was drawn from the deck.
Player2 discarded curse
village was drawn from the deck.
Player2 discarded village
village was drawn from the deck.
Player2 discarded village
adventurer was drawn from the deck.
Player2 discarded adventurer
mine was drawn from the deck.
Player2 discarded mine
curse was drawn from the deck.
Player2 discarded curse
copper was drawn from the deck.
estate was drawn from the deck.
Player2 discarded estate
copper was drawn from the deck.
Player2 bought province

Player1 is now starting a turn.
gold was drawn from the deck.
curse was drawn from the deck.
adventurer was drawn from the deck.
ambassador was drawn from the deck.
curse was drawn from the deck.
Playing action card: adventurer
copper was drawn from the deck.
copper was drawn from the deck.
Player1 bought mine

Player2 is now starting a turn.
copper was drawn from the deck.
ambassador was drawn from the deck.
copper was drawn from the deck.
estate was drawn from the deck.
curse was drawn from the deck.
Playing action card: ambassador
Player2 returned 0 copies of curse
Player2 bought ambassador

Player1 is now starting a turn.
estate was drawn from the deck.
estate was drawn from the deck.
Shuffling Player1&apos;s deck.
curse was drawn from the deck.
great_hall was drawn from the deck.
adventurer was drawn from the deck.
Playing action card: adventurer
copper was drawn from the deck.
copper was drawn from the deck.
Player1 bought gardens

Player2 is now starting a turn.
copper was drawn from the deck.
seahag was drawn from the deck.
copper was drawn from the deck.
estate was drawn from the deck.
copper was drawn from the deck.
Playing action card: seahag
great_hall was drawn from the deck.
Player1 discarded great_hall
Player1 gained curse to top of deck.
Player2 bought cutpurse

Player1 is now starting a turn.
curse was drawn from the deck.
copper was drawn from the deck.
copper was drawn from the deck.
gold was drawn from the deck.
curse was drawn from the deck.
Player1 bought duchy

Player2 is now starting a turn.
duchy was drawn from the deck.
copper was drawn from the deck.
estate was drawn from the deck.
Shuffling Player2&apos;s deck.
curse was drawn from the deck.
estate was drawn from the deck.
Player2 bought silver

Player1 is now starting a turn.
copper was drawn from the deck.
copper was drawn from the deck.
curse was drawn from the deck.
adventurer was drawn from the deck.
silver was drawn from the deck.
Playing action card: adventurer
seahag was drawn from the deck.
Player1 discarded seahag
mine was drawn from the deck.
Player1 discarded mine
estate was drawn from the deck.
Player1 discarded estate
copper was drawn from the deck.
adventurer was drawn from the deck.
Player1 discarded adventurer
curse was drawn from the deck.
Player1 discarded curse
estate was drawn from the deck.
Player1 discarded estate
province was drawn from the deck.
Player1 discarded province
seahag was drawn from the deck.
Player1 discarded seahag
mine was drawn from the deck.
Player1 discarded mine
copper was drawn from the deck.
Player1 bought adventurer

Player2 is now starting a turn.
smithy was drawn from the deck.
duchy was drawn from the deck.
village was drawn from the deck.
copper was drawn from the deck.
adventurer was drawn from the deck.
Playing action card: village
province was drawn from the deck.
Playing action card: smithy
gold was drawn from the deck.
copper was drawn from the deck.
Playing action card: adventurer
curse was drawn from the deck.
Player2 discarded curse
copper was drawn from the deck.
gold was drawn from the deck.
Player2 bought province

Player1 is now starting a turn.
copper was drawn from the deck.
curse was drawn from the deck.
gold was drawn from the deck.
province was drawn from the deck.
curse was drawn from the deck.
Player1 bought smithy

Player2 is now starting a turn.
curse was drawn from the deck.
seahag was drawn from the deck.
ambassador was drawn from the deck.
ambassador was drawn from the deck.
curse was drawn from the deck.
Playing action card: seahag
ambassador was drawn from the deck.
Player1 discarded ambassador
Player1 gained curse to top of deck.
Player2 bought copper

Player1 is now starting a turn.
curse was drawn from the deck.
copper was drawn from the deck.
gold was drawn from the deck.
smithy was drawn from the deck.
curse was drawn from the deck.
Playing action card: smithy
great_hall was drawn from the deck.
mine was drawn from the deck.
Player1 bought seahag

Player2 is now starting a turn.
village was drawn from the deck.
curse was drawn from the deck.
silver was drawn from the deck.
estate was drawn from the deck.
curse was drawn from the deck.
Playing action card: village
smithy was drawn from the deck.
Playing action card: smithy
copper was drawn from the deck.
gold was drawn from the deck.
Player2 bought adventurer

Player1 is now starting a turn.
adventurer was drawn from the deck.
curse was drawn from the deck.
province was drawn from the deck.
estate was drawn from the deck.
gold was drawn from the deck.
Playing action card: adventurer
copper was drawn from the deck.
estate was drawn from the deck.
Player1 discarded estate
estate was drawn from the deck.
Player1 discarded estate
duchy was drawn from the deck.
Player1 discarded duchy
copper was drawn from the deck.
Player1 bought gold

Player2 is now starting a turn.
estate was drawn from the deck.
smithy was drawn from the deck.
duchy was drawn from the deck.
mine was drawn from the deck.
seahag was drawn from the deck.
Playing action card: seahag
gold was drawn from the deck.
Player1 discarded gold
Player1 gained curse to top of deck.
Player2 bought copper

Player1 is now starting a turn.
curse was drawn from the deck.
curse was drawn from the deck.
copper was drawn from the deck.
Shuffling Player1&apos;s deck.
estate was drawn from the deck.
gold was drawn from the deck.
Player1 bought duchy

Player2 is now starting a turn.
duchy was drawn from the deck.
curse was drawn from the deck.
copper was drawn from the deck.
gold was drawn from the deck.
copper was drawn from the deck.
Player2 bought mine

Player1 is now starting a turn.
adventurer was drawn from the deck.
smithy was drawn from the deck.
gold was drawn from the deck.
copper was drawn from the deck.
silver was drawn from the deck.
Playing action card: smithy
curse was drawn from the deck.
curse was drawn from the deck.
Player1 bought gold

Player2 is now starting a turn.
mine was drawn from the deck.
ambassador was drawn from the deck.
copper was drawn from the deck.
copper was drawn from the deck.
great_hall was drawn from the deck.
Playing action card: mine
Player2 gained gold
Player2 bought mine

Player1 is now starting a turn.
estate was drawn from the deck.
curse was drawn from the deck.
estate was drawn from the deck.
curse was drawn from the deck.
copper was drawn from the deck.
Player1 bought silver

Player2 is now starting a turn.
ambassador was drawn from the deck.
estate was drawn from the deck.
adventurer was drawn from the deck.
cutpurse was drawn from the deck.
Shuffling Player2&apos;s deck.
copper was drawn from the deck.
Playing action card: ambassador
Player2 returned 0 copies of cutpurse
Player1 gained cutpurse
Player2 bought embargo

Player1 is now starting a turn.
mine was drawn from the deck.
duchy was drawn from the deck.
smithy was drawn from the deck.
gardens was drawn from the deck.
estate was drawn from the deck.
Playing action card: mine
Player1 bought copper

Player2 is now starting a turn.
curse was drawn from the deck.
copper was drawn from the deck.
gold was drawn from the deck.
copper was drawn from the deck.
province was drawn from the deck.
Player2 bought duchy

Player1 is now starting a turn.
copper was drawn from the deck.
gold was drawn from the deck.
great_hall was drawn from the deck.
copper was drawn from the deck.
copper was drawn from the deck.
Playing action card: great_hall
copper was drawn from the deck.
Player1 bought gold

Player2 is now starting a turn.
copper was drawn from the deck.
copper was drawn from the deck.
gold was drawn from the deck.
estate was drawn from the deck.
smithy was drawn from the deck.
Playing action card: smithy
copper was drawn from the deck.
copper was drawn from the deck.
Player2 bought province

Player1 is now starting a turn.
seahag was drawn from the deck.
curse was drawn from the deck.
copper was drawn from the deck.
copper was drawn from the deck.
copper was drawn from the deck.
Playing action card: seahag
silver was drawn from the deck.
Player2 discarded silver
Player2 gained curse to top of deck.
Player1 bought ambassador

Player2 is now starting a turn.
curse was drawn from the deck.
duchy was drawn from the deck.
province was drawn from the deck.
great_hall was drawn from the deck.
curse was drawn from the deck.
Playing action card: great_hall
gold was drawn from the deck.
Player2 bought village

Player1 is now starting a turn.
estate was drawn from the deck.
gold was drawn from the deck.
curse was drawn from the deck.
curse was drawn from the deck.
province was drawn from the deck.
Player1 bought smithy

Player2 is now starting a turn.
mine was drawn from the deck.
seahag was drawn from the deck.
mine was drawn from the deck.
silver was drawn from the deck.
ambassador was drawn from the deck.
Playing action card: seahag
great_hall was drawn from the deck.
Player1 discarded great_hall
Player1 gained curse to top of deck.
Player2 bought estate

Player1 is now starting a turn.
curse was drawn from the deck.
copper was drawn from the deck.
curse was drawn from the deck.
copper was drawn from the deck.
curse was drawn from the deck.
Player1 bought estate

Player2 is now starting a turn.
curse was drawn from the deck.
copper was drawn from the deck.
estate was drawn from the deck.
copper was drawn from the deck.
curse was drawn from the deck.
Player2 bought village

Player1 is now starting a turn.
adventurer was drawn from the deck.
adventurer was drawn from the deck.
mine was drawn from the deck.
seahag was drawn from the deck.
estate was drawn from the deck.
Playing action card: adventurer
adventurer was drawn from the deck.
Player1 discarded adventurer
gold was drawn from the deck.
province was drawn from the deck.
Player1 discarded province
seahag was drawn from the deck.
Player1 discarded seahag
mine was drawn from the deck.
Player1 discarded mine
ambassador was drawn from the deck.
Player1 discarded ambassador
great_hall was drawn from the deck.
Player1 discarded great_hall
province was drawn from the deck.
Player1 discarded province
estate was drawn from the deck.
Player1 discarded estate
duchy was drawn from the deck.
Player1 discarded duchy
curse was drawn from the deck.
Player1 discarded curse
gold was drawn from the deck.
Player1 bought adventurer

Player2 is now starting a turn.
smithy was drawn from the deck.
duchy was drawn from the deck.
curse was drawn from the deck.
duchy was drawn from the deck.
smithy was drawn from the deck.
Playing action card: smithy
village was drawn from the deck.
adventurer was drawn from the deck.
Player2 bought copper

Player1 is now starting a turn.
adventurer was drawn from the deck.
copper was drawn from the deck.
Shuffling Player1&apos;s deck.
gold was drawn from the deck.
adventurer was drawn from the deck.
copper was drawn from the deck.
Playing action card: adventurer
curse was drawn from the deck.
Player1 discarded curse
gold was drawn from the deck.
curse was drawn from the deck.
Player1 discarded curse
curse was drawn from the deck.
Player1 discarded curse
gold was drawn from the deck.
Player1 bought province

Player2 is now starting a turn.
gold was drawn from the deck.
mine was drawn from the deck.
estate was drawn from the deck.
ambassador was drawn from the deck.
gold was drawn from the deck.
Playing action card: mine
Player2 gained gold
Player2 bought province
GAME OVER! Province card pile is empty. 
Player1: 379
Player2: 459
Player1: 379
Player2: 459
estate was drawn from the deck.
Player2 discarded estate
Player2 gained curse to top of deck.
curse was drawn from the deck.
Player2 discarded curse
Player2 gained curse to top of deck.
hi! gained curse
ambassador was drawn from the deck.
Player1 discarded ambassador
Player1 gained curse to top of deck.
curse was drawn from the deck.
Player2 discarded curse
Player2 gained curse to top of deck.
</system-out>
  </testcase>
  <testcase classname="RegressionTest" name="test261" time="0.054"/>
  <testcase classname="RegressionTest" name="test262" time="0">
    <failure message="&apos;curse&apos; != &apos;copper&apos;" type="java.lang.AssertionError">java.lang.AssertionError: &apos;curse&apos; != &apos;copper&apos;
	at org.junit.Assert.fail(Assert.java:88)
	at org.junit.Assert.assertTrue(Assert.java:41)
	at RegressionTest.test262(RegressionTest.java:16858)
	at sun.reflect.NativeMethodAccessorImpl.invoke0(Native Method)
	at sun.reflect.NativeMethodAccessorImpl.invoke(NativeMethodAccessorImpl.java:62)
	at sun.reflect.DelegatingMethodAccessorImpl.invoke(DelegatingMethodAccessorImpl.java:43)
	at java.lang.reflect.Method.invoke(Method.java:498)
	at org.junit.runners.model.FrameworkMethod$1.runReflectiveCall(FrameworkMethod.java:47)
	at org.junit.internal.runners.model.ReflectiveCallable.run(ReflectiveCallable.java:12)
	at org.junit.runners.model.FrameworkMethod.invokeExplosively(FrameworkMethod.java:44)
	at org.junit.internal.runners.statements.InvokeMethod.evaluate(InvokeMethod.java:17)
	at org.junit.runners.ParentRunner.runLeaf(ParentRunner.java:271)
	at org.junit.runners.BlockJUnit4ClassRunner.runChild(BlockJUnit4ClassRunner.java:70)
	at org.junit.runners.BlockJUnit4ClassRunner.runChild(BlockJUnit4ClassRunner.java:50)
	at org.junit.runners.ParentRunner$3.run(ParentRunner.java:238)
	at org.junit.runners.ParentRunner$1.schedule(ParentRunner.java:63)
	at org.junit.runners.ParentRunner.runChildren(ParentRunner.java:236)
	at org.junit.runners.ParentRunner.access$000(ParentRunner.java:53)
	at org.junit.runners.ParentRunner$2.evaluate(ParentRunner.java:229)
	at org.junit.runners.ParentRunner.run(ParentRunner.java:309)
	at org.apache.maven.surefire.junit4.JUnit4Provider.execute(JUnit4Provider.java:252)
	at org.apache.maven.surefire.junit4.JUnit4Provider.executeTestSet(JUnit4Provider.java:141)
	at org.apache.maven.surefire.junit4.JUnit4Provider.invoke(JUnit4Provider.java:112)
	at sun.reflect.NativeMethodAccessorImpl.invoke0(Native Method)
	at sun.reflect.NativeMethodAccessorImpl.invoke(NativeMethodAccessorImpl.java:62)
	at sun.reflect.DelegatingMethodAccessorImpl.invoke(DelegatingMethodAccessorImpl.java:43)
	at java.lang.reflect.Method.invoke(Method.java:498)
	at org.apache.maven.surefire.util.ReflectionUtils.invokeMethodWithArray(ReflectionUtils.java:189)
	at org.apache.maven.surefire.booter.ProviderFactory$ProviderProxy.invoke(ProviderFactory.java:165)
	at org.apache.maven.surefire.booter.ProviderFactory.invokeProvider(ProviderFactory.java:85)
	at org.apache.maven.surefire.booter.ForkedBooter.runSuitesInProcess(ForkedBooter.java:115)
	at org.apache.maven.surefire.booter.ForkedBooter.main(ForkedBooter.java:75)
</failure>
  </testcase>
  <testcase classname="RegressionTest" name="test263" time="0"/>
  <testcase classname="RegressionTest" name="test264" time="0.001"/>
  <testcase classname="RegressionTest" name="test265" time="0"/>
  <testcase classname="RegressionTest" name="test266" time="0">
    <failure type="java.lang.AssertionError">java.lang.AssertionError
	at org.junit.Assert.fail(Assert.java:86)
	at org.junit.Assert.assertTrue(Assert.java:41)
	at org.junit.Assert.assertTrue(Assert.java:52)
	at RegressionTest.test266(RegressionTest.java:17026)
	at sun.reflect.NativeMethodAccessorImpl.invoke0(Native Method)
	at sun.reflect.NativeMethodAccessorImpl.invoke(NativeMethodAccessorImpl.java:62)
	at sun.reflect.DelegatingMethodAccessorImpl.invoke(DelegatingMethodAccessorImpl.java:43)
	at java.lang.reflect.Method.invoke(Method.java:498)
	at org.junit.runners.model.FrameworkMethod$1.runReflectiveCall(FrameworkMethod.java:47)
	at org.junit.internal.runners.model.ReflectiveCallable.run(ReflectiveCallable.java:12)
	at org.junit.runners.model.FrameworkMethod.invokeExplosively(FrameworkMethod.java:44)
	at org.junit.internal.runners.statements.InvokeMethod.evaluate(InvokeMethod.java:17)
	at org.junit.runners.ParentRunner.runLeaf(ParentRunner.java:271)
	at org.junit.runners.BlockJUnit4ClassRunner.runChild(BlockJUnit4ClassRunner.java:70)
	at org.junit.runners.BlockJUnit4ClassRunner.runChild(BlockJUnit4ClassRunner.java:50)
	at org.junit.runners.ParentRunner$3.run(ParentRunner.java:238)
	at org.junit.runners.ParentRunner$1.schedule(ParentRunner.java:63)
	at org.junit.runners.ParentRunner.runChildren(ParentRunner.java:236)
	at org.junit.runners.ParentRunner.access$000(ParentRunner.java:53)
	at org.junit.runners.ParentRunner$2.evaluate(ParentRunner.java:229)
	at org.junit.runners.ParentRunner.run(ParentRunner.java:309)
	at org.apache.maven.surefire.junit4.JUnit4Provider.execute(JUnit4Provider.java:252)
	at org.apache.maven.surefire.junit4.JUnit4Provider.executeTestSet(JUnit4Provider.java:141)
	at org.apache.maven.surefire.junit4.JUnit4Provider.invoke(JUnit4Provider.java:112)
	at sun.reflect.NativeMethodAccessorImpl.invoke0(Native Method)
	at sun.reflect.NativeMethodAccessorImpl.invoke(NativeMethodAccessorImpl.java:62)
	at sun.reflect.DelegatingMethodAccessorImpl.invoke(DelegatingMethodAccessorImpl.java:43)
	at java.lang.reflect.Method.invoke(Method.java:498)
	at org.apache.maven.surefire.util.ReflectionUtils.invokeMethodWithArray(ReflectionUtils.java:189)
	at org.apache.maven.surefire.booter.ProviderFactory$ProviderProxy.invoke(ProviderFactory.java:165)
	at org.apache.maven.surefire.booter.ProviderFactory.invokeProvider(ProviderFactory.java:85)
	at org.apache.maven.surefire.booter.ForkedBooter.runSuitesInProcess(ForkedBooter.java:115)
	at org.apache.maven.surefire.booter.ForkedBooter.main(ForkedBooter.java:75)
</failure>
    <system-out>hi! gained curse
</system-out>
  </testcase>
  <testcase classname="RegressionTest" name="test267" time="0.026"/>
  <testcase classname="RegressionTest" name="test268" time="0.027">
    <failure type="java.lang.AssertionError">java.lang.AssertionError
	at org.junit.Assert.fail(Assert.java:86)
	at org.junit.Assert.assertTrue(Assert.java:41)
	at org.junit.Assert.assertTrue(Assert.java:52)
	at RegressionTest.test268(RegressionTest.java:17169)
	at sun.reflect.NativeMethodAccessorImpl.invoke0(Native Method)
	at sun.reflect.NativeMethodAccessorImpl.invoke(NativeMethodAccessorImpl.java:62)
	at sun.reflect.DelegatingMethodAccessorImpl.invoke(DelegatingMethodAccessorImpl.java:43)
	at java.lang.reflect.Method.invoke(Method.java:498)
	at org.junit.runners.model.FrameworkMethod$1.runReflectiveCall(FrameworkMethod.java:47)
	at org.junit.internal.runners.model.ReflectiveCallable.run(ReflectiveCallable.java:12)
	at org.junit.runners.model.FrameworkMethod.invokeExplosively(FrameworkMethod.java:44)
	at org.junit.internal.runners.statements.InvokeMethod.evaluate(InvokeMethod.java:17)
	at org.junit.runners.ParentRunner.runLeaf(ParentRunner.java:271)
	at org.junit.runners.BlockJUnit4ClassRunner.runChild(BlockJUnit4ClassRunner.java:70)
	at org.junit.runners.BlockJUnit4ClassRunner.runChild(BlockJUnit4ClassRunner.java:50)
	at org.junit.runners.ParentRunner$3.run(ParentRunner.java:238)
	at org.junit.runners.ParentRunner$1.schedule(ParentRunner.java:63)
	at org.junit.runners.ParentRunner.runChildren(ParentRunner.java:236)
	at org.junit.runners.ParentRunner.access$000(ParentRunner.java:53)
	at org.junit.runners.ParentRunner$2.evaluate(ParentRunner.java:229)
	at org.junit.runners.ParentRunner.run(ParentRunner.java:309)
	at org.apache.maven.surefire.junit4.JUnit4Provider.execute(JUnit4Provider.java:252)
	at org.apache.maven.surefire.junit4.JUnit4Provider.executeTestSet(JUnit4Provider.java:141)
	at org.apache.maven.surefire.junit4.JUnit4Provider.invoke(JUnit4Provider.java:112)
	at sun.reflect.NativeMethodAccessorImpl.invoke0(Native Method)
	at sun.reflect.NativeMethodAccessorImpl.invoke(NativeMethodAccessorImpl.java:62)
	at sun.reflect.DelegatingMethodAccessorImpl.invoke(DelegatingMethodAccessorImpl.java:43)
	at java.lang.reflect.Method.invoke(Method.java:498)
	at org.apache.maven.surefire.util.ReflectionUtils.invokeMethodWithArray(ReflectionUtils.java:189)
	at org.apache.maven.surefire.booter.ProviderFactory$ProviderProxy.invoke(ProviderFactory.java:165)
	at org.apache.maven.surefire.booter.ProviderFactory.invokeProvider(ProviderFactory.java:85)
	at org.apache.maven.surefire.booter.ForkedBooter.runSuitesInProcess(ForkedBooter.java:115)
	at org.apache.maven.surefire.booter.ForkedBooter.main(ForkedBooter.java:75)
</failure>
    <system-out>
STARTING NEW GAME!

Player1 is now starting a turn.
Shuffling Player1&apos;s deck.
copper was drawn from the deck.
copper was drawn from the deck.
estate was drawn from the deck.
copper was drawn from the deck.
estate was drawn from the deck.
Player1 gained curse card because of embargo token.
Player1 gained curse
Player1 gained curse card because of embargo token.
Player1 gained curse
Player1 bought duchy

Player2 is now starting a turn.
Shuffling Player2&apos;s deck.
copper was drawn from the deck.
copper was drawn from the deck.
estate was drawn from the deck.
copper was drawn from the deck.
copper was drawn from the deck.
Player2 gained curse card because of embargo token.
Player2 gained curse
Player2 gained curse card because of embargo token.
Player2 gained curse
Player2 bought duchy

Player1 is now starting a turn.
copper was drawn from the deck.
estate was drawn from the deck.
copper was drawn from the deck.
copper was drawn from the deck.
copper was drawn from the deck.
Player1 gained curse card because of embargo token.
Player1 gained curse
Player1 gained curse card because of embargo token.
Player1 gained curse
Player1 bought mine

Player2 is now starting a turn.
copper was drawn from the deck.
copper was drawn from the deck.
estate was drawn from the deck.
estate was drawn from the deck.
copper was drawn from the deck.
Player2 gained curse card because of embargo token.
Player2 gained curse
Player2 gained curse card because of embargo token.
Player2 gained curse
Player2 bought mine

Player1 is now starting a turn.
Shuffling Player1&apos;s deck.
copper was drawn from the deck.
curse was drawn from the deck.
copper was drawn from the deck.
curse was drawn from the deck.
estate was drawn from the deck.
Player1 gained curse card because of embargo token.
Player1 gained curse
Player1 gained curse card because of embargo token.
Player1 gained curse
Player1 bought great_hall

Player2 is now starting a turn.
Shuffling Player2&apos;s deck.
copper was drawn from the deck.
copper was drawn from the deck.
copper was drawn from the deck.
copper was drawn from the deck.
curse was drawn from the deck.
Player2 bought seahag

Player1 is now starting a turn.
copper was drawn from the deck.
copper was drawn from the deck.
copper was drawn from the deck.
curse was drawn from the deck.
curse was drawn from the deck.
Player1 bought silver

Player2 is now starting a turn.
mine was drawn from the deck.
estate was drawn from the deck.
estate was drawn from the deck.
estate was drawn from the deck.
curse was drawn from the deck.
Playing action card: mine
Player2 bought village

Player1 is now starting a turn.
duchy was drawn from the deck.
estate was drawn from the deck.
copper was drawn from the deck.
copper was drawn from the deck.
estate was drawn from the deck.
Player1 bought seahag

Player2 is now starting a turn.
curse was drawn from the deck.
curse was drawn from the deck.
copper was drawn from the deck.
duchy was drawn from the deck.
copper was drawn from the deck.
Player2 bought estate

Player1 is now starting a turn.
mine was drawn from the deck.
Shuffling Player1&apos;s deck.
copper was drawn from the deck.
curse was drawn from the deck.
estate was drawn from the deck.
curse was drawn from the deck.
Playing action card: mine
Player1 gained gold
Player1 bought mine

Player2 is now starting a turn.
copper was drawn from the deck.
Shuffling Player2&apos;s deck.
copper was drawn from the deck.
mine was drawn from the deck.
copper was drawn from the deck.
curse was drawn from the deck.
Playing action card: mine
Player2 gained gold
Player2 bought gold

Player1 is now starting a turn.
copper was drawn from the deck.
copper was drawn from the deck.
estate was drawn from the deck.
copper was drawn from the deck.
silver was drawn from the deck.
Player1 bought adventurer

Player2 is now starting a turn.
copper was drawn from the deck.
estate was drawn from the deck.
estate was drawn from the deck.
duchy was drawn from the deck.
curse was drawn from the deck.
Player2 bought great_hall

Player1 is now starting a turn.
copper was drawn from the deck.
curse was drawn from the deck.
seahag was drawn from the deck.
copper was drawn from the deck.
curse was drawn from the deck.
Playing action card: seahag
curse was drawn from the deck.
Player2 discarded curse
Player2 gained curse to top of deck.
Player1 bought estate

Player2 is now starting a turn.
curse was drawn from the deck.
village was drawn from the deck.
seahag was drawn from the deck.
estate was drawn from the deck.
copper was drawn from the deck.
Playing action card: village
estate was drawn from the deck.
Playing action card: seahag
copper was drawn from the deck.
Player1 discarded copper
Player1 gained curse to top of deck.
Player2 bought ambassador

Player1 is now starting a turn.
curse was drawn from the deck.
curse was drawn from the deck.
curse was drawn from the deck.
estate was drawn from the deck.
great_hall was drawn from the deck.
Playing action card: great_hall
duchy was drawn from the deck.
Player1 bought copper

Player2 is now starting a turn.
curse was drawn from the deck.
copper was drawn from the deck.
copper was drawn from the deck.
Shuffling Player2&apos;s deck.
copper was drawn from the deck.
curse was drawn from the deck.
Player2 bought silver

Player1 is now starting a turn.
Shuffling Player1&apos;s deck.
curse was drawn from the deck.
curse was drawn from the deck.
mine was drawn from the deck.
copper was drawn from the deck.
curse was drawn from the deck.
Playing action card: mine
Player1 gained gold
Player1 bought smithy

Player2 is now starting a turn.
estate was drawn from the deck.
estate was drawn from the deck.
estate was drawn from the deck.
estate was drawn from the deck.
copper was drawn from the deck.
Player2 bought mine

Player1 is now starting a turn.
estate was drawn from the deck.
mine was drawn from the deck.
estate was drawn from the deck.
copper was drawn from the deck.
curse was drawn from the deck.
Playing action card: mine
Player1 gained gold
Player1 bought gold

Player2 is now starting a turn.
copper was drawn from the deck.
copper was drawn from the deck.
curse was drawn from the deck.
duchy was drawn from the deck.
great_hall was drawn from the deck.
Playing action card: great_hall
village was drawn from the deck.
Playing action card: village
copper was drawn from the deck.
Player2 bought ambassador

Player1 is now starting a turn.
copper was drawn from the deck.
duchy was drawn from the deck.
copper was drawn from the deck.
estate was drawn from the deck.
copper was drawn from the deck.
Player1 bought seahag

Player2 is now starting a turn.
gold was drawn from the deck.
curse was drawn from the deck.
curse was drawn from the deck.
ambassador was drawn from the deck.
seahag was drawn from the deck.
Playing action card: seahag
adventurer was drawn from the deck.
Player1 discarded adventurer
Player1 gained curse to top of deck.
Player2 bought ambassador

Player1 is now starting a turn.
curse was drawn from the deck.
curse was drawn from the deck.
silver was drawn from the deck.
seahag was drawn from the deck.
curse was drawn from the deck.
Playing action card: seahag
gold was drawn from the deck.
Player2 discarded gold
Player2 gained curse to top of deck.
Player1 bought estate

Player2 is now starting a turn.
curse was drawn from the deck.
mine was drawn from the deck.
Shuffling Player2&apos;s deck.
curse was drawn from the deck.
seahag was drawn from the deck.
mine was drawn from the deck.
Playing action card: mine
Player2 bought copper

Player1 is now starting a turn.
curse was drawn from the deck.
gold was drawn from the deck.
copper was drawn from the deck.
copper was drawn from the deck.
great_hall was drawn from the deck.
Playing action card: great_hall
estate was drawn from the deck.
Player1 bought adventurer

Player2 is now starting a turn.
silver was drawn from the deck.
ambassador was drawn from the deck.
estate was drawn from the deck.
curse was drawn from the deck.
ambassador was drawn from the deck.
Playing action card: ambassador
Player2 returned 0 copies of ambassador
Player1 gained ambassador
Player2 bought village

Player1 is now starting a turn.
copper was drawn from the deck.
Shuffling Player1&apos;s deck.
copper was drawn from the deck.
curse was drawn from the deck.
estate was drawn from the deck.
curse was drawn from the deck.
Player1 bought great_hall

Player2 is now starting a turn.
ambassador was drawn from the deck.
copper was drawn from the deck.
copper was drawn from the deck.
copper was drawn from the deck.
copper was drawn from the deck.
Playing action card: ambassador
Player2 returned 0 copies of copper
Player1 gained copper
Player2 bought smithy

Player1 is now starting a turn.
curse was drawn from the deck.
smithy was drawn from the deck.
curse was drawn from the deck.
adventurer was drawn from the deck.
great_hall was drawn from the deck.
Playing action card: smithy
curse was drawn from the deck.
estate was drawn from the deck.
Player1 bought copper

Player2 is now starting a turn.
estate was drawn from the deck.
estate was drawn from the deck.
duchy was drawn from the deck.
gold was drawn from the deck.
copper was drawn from the deck.
Player2 bought adventurer

Player1 is now starting a turn.
curse was drawn from the deck.
gold was drawn from the deck.
gold was drawn from the deck.
copper was drawn from the deck.
estate was drawn from the deck.
Player1 bought province

Player2 is now starting a turn.
gold was drawn from the deck.
curse was drawn from the deck.
estate was drawn from the deck.
curse was drawn from the deck.
copper was drawn from the deck.
Player2 bought duchy

Player1 is now starting a turn.
seahag was drawn from the deck.
estate was drawn from the deck.
ambassador was drawn from the deck.
curse was drawn from the deck.
mine was drawn from the deck.
Playing action card: seahag
great_hall was drawn from the deck.
Player2 discarded great_hall
Player2 gained curse to top of deck.
Player1 bought copper

Player2 is now starting a turn.
curse was drawn from the deck.
copper was drawn from the deck.
curse was drawn from the deck.
village was drawn from the deck.
Shuffling Player2&apos;s deck.
gold was drawn from the deck.
Playing action card: village
seahag was drawn from the deck.
Playing action card: seahag
estate was drawn from the deck.
Player1 discarded estate
Player1 gained curse to top of deck.
Player2 bought smithy

Player1 is now starting a turn.
curse was drawn from the deck.
duchy was drawn from the deck.
copper was drawn from the deck.
curse was drawn from the deck.
copper was drawn from the deck.
Player1 bought estate

Player2 is now starting a turn.
curse was drawn from the deck.
copper was drawn from the deck.
curse was drawn from the deck.
great_hall was drawn from the deck.
mine was drawn from the deck.
Playing action card: mine
Player2 gained gold
Player2 bought seahag

Player1 is now starting a turn.
mine was drawn from the deck.
gold was drawn from the deck.
adventurer was drawn from the deck.
seahag was drawn from the deck.
gold was drawn from the deck.
Playing action card: adventurer
silver was drawn from the deck.
copper was drawn from the deck.
Player1 bought province

Player2 is now starting a turn.
copper was drawn from the deck.
mine was drawn from the deck.
duchy was drawn from the deck.
ambassador was drawn from the deck.
estate was drawn from the deck.
Playing action card: ambassador
Player2 returned 0 copies of copper
Player1 gained copper
Player2 bought estate

Player1 is now starting a turn.
copper was drawn from the deck.
copper was drawn from the deck.
Shuffling Player1&apos;s deck.
silver was drawn from the deck.
mine was drawn from the deck.
seahag was drawn from the deck.
Playing action card: mine
Player1 gained gold
Player1 bought adventurer

Player2 is now starting a turn.
estate was drawn from the deck.
copper was drawn from the deck.
copper was drawn from the deck.
copper was drawn from the deck.
smithy was drawn from the deck.
Playing action card: smithy
copper was drawn from the deck.
ambassador was drawn from the deck.
Player2 bought duchy

Player1 is now starting a turn.
copper was drawn from the deck.
copper was drawn from the deck.
copper was drawn from the deck.
copper was drawn from the deck.
gold was drawn from the deck.
Player1 bought adventurer

Player2 is now starting a turn.
silver was drawn from the deck.
village was drawn from the deck.
estate was drawn from the deck.
duchy was drawn from the deck.
gold was drawn from the deck.
Playing action card: village
curse was drawn from the deck.
Player2 bought adventurer

Player1 is now starting a turn.
curse was drawn from the deck.
curse was drawn from the deck.
curse was drawn from the deck.
province was drawn from the deck.
duchy was drawn from the deck.
Player1 bought copper

Player2 is now starting a turn.
copper was drawn from the deck.
ambassador was drawn from the deck.
curse was drawn from the deck.
curse was drawn from the deck.
adventurer was drawn from the deck.
Playing action card: adventurer
estate was drawn from the deck.
Player2 discarded estate
Player2 bought copper

Player1 is now starting a turn.
curse was drawn from the deck.
estate was drawn from the deck.
curse was drawn from the deck.
curse was drawn from the deck.
estate was drawn from the deck.
Player1 bought estate

Player2 is now starting a turn.
Shuffling Player2&apos;s deck.
smithy was drawn from the deck.
gold was drawn from the deck.
curse was drawn from the deck.
smithy was drawn from the deck.
curse was drawn from the deck.
Playing action card: smithy
duchy was drawn from the deck.
estate was drawn from the deck.
Player2 bought smithy

Player1 is now starting a turn.
curse was drawn from the deck.
smithy was drawn from the deck.
estate was drawn from the deck.
province was drawn from the deck.
estate was drawn from the deck.
Playing action card: smithy
copper was drawn from the deck.
mine was drawn from the deck.
Player1 bought great_hall

Player2 is now starting a turn.
ambassador was drawn from the deck.
mine was drawn from the deck.
curse was drawn from the deck.
seahag was drawn from the deck.
silver was drawn from the deck.
Playing action card: mine
Player2 gained gold
Player2 bought duchy

Player1 is now starting a turn.
copper was drawn from the deck.
great_hall was drawn from the deck.
copper was drawn from the deck.
great_hall was drawn from the deck.
adventurer was drawn from the deck.
Playing action card: great_hall
gold was drawn from the deck.
Playing action card: adventurer
seahag was drawn from the deck.
Player1 discarded seahag
copper was drawn from the deck.
gold was drawn from the deck.
Player1 bought province

Player2 is now starting a turn.
gold was drawn from the deck.
gold was drawn from the deck.
adventurer was drawn from the deck.
great_hall was drawn from the deck.
curse was drawn from the deck.
Playing action card: great_hall
copper was drawn from the deck.
Playing action card: adventurer
duchy was drawn from the deck.
Player2 discarded duchy
ambassador was drawn from the deck.
Player2 discarded ambassador
curse was drawn from the deck.
Player2 discarded curse
village was drawn from the deck.
Player2 discarded village
village was drawn from the deck.
Player2 discarded village
adventurer was drawn from the deck.
Player2 discarded adventurer
mine was drawn from the deck.
Player2 discarded mine
curse was drawn from the deck.
Player2 discarded curse
copper was drawn from the deck.
estate was drawn from the deck.
Player2 discarded estate
copper was drawn from the deck.
Player2 bought province

Player1 is now starting a turn.
gold was drawn from the deck.
curse was drawn from the deck.
adventurer was drawn from the deck.
ambassador was drawn from the deck.
curse was drawn from the deck.
Playing action card: adventurer
copper was drawn from the deck.
copper was drawn from the deck.
Player1 bought mine

Player2 is now starting a turn.
copper was drawn from the deck.
ambassador was drawn from the deck.
copper was drawn from the deck.
estate was drawn from the deck.
curse was drawn from the deck.
Playing action card: ambassador
Player2 returned 0 copies of curse
Player2 bought ambassador

Player1 is now starting a turn.
estate was drawn from the deck.
estate was drawn from the deck.
Shuffling Player1&apos;s deck.
curse was drawn from the deck.
great_hall was drawn from the deck.
adventurer was drawn from the deck.
Playing action card: adventurer
copper was drawn from the deck.
copper was drawn from the deck.
Player1 bought gardens

Player2 is now starting a turn.
copper was drawn from the deck.
seahag was drawn from the deck.
copper was drawn from the deck.
estate was drawn from the deck.
copper was drawn from the deck.
Playing action card: seahag
great_hall was drawn from the deck.
Player1 discarded great_hall
Player1 gained curse to top of deck.
Player2 bought cutpurse

Player1 is now starting a turn.
curse was drawn from the deck.
copper was drawn from the deck.
copper was drawn from the deck.
gold was drawn from the deck.
curse was drawn from the deck.
Player1 bought duchy

Player2 is now starting a turn.
duchy was drawn from the deck.
copper was drawn from the deck.
estate was drawn from the deck.
Shuffling Player2&apos;s deck.
curse was drawn from the deck.
estate was drawn from the deck.
Player2 bought silver

Player1 is now starting a turn.
copper was drawn from the deck.
copper was drawn from the deck.
curse was drawn from the deck.
adventurer was drawn from the deck.
silver was drawn from the deck.
Playing action card: adventurer
seahag was drawn from the deck.
Player1 discarded seahag
mine was drawn from the deck.
Player1 discarded mine
estate was drawn from the deck.
Player1 discarded estate
copper was drawn from the deck.
adventurer was drawn from the deck.
Player1 discarded adventurer
curse was drawn from the deck.
Player1 discarded curse
estate was drawn from the deck.
Player1 discarded estate
province was drawn from the deck.
Player1 discarded province
seahag was drawn from the deck.
Player1 discarded seahag
mine was drawn from the deck.
Player1 discarded mine
copper was drawn from the deck.
Player1 bought adventurer

Player2 is now starting a turn.
smithy was drawn from the deck.
duchy was drawn from the deck.
village was drawn from the deck.
copper was drawn from the deck.
adventurer was drawn from the deck.
Playing action card: village
province was drawn from the deck.
Playing action card: smithy
gold was drawn from the deck.
copper was drawn from the deck.
Playing action card: adventurer
curse was drawn from the deck.
Player2 discarded curse
copper was drawn from the deck.
gold was drawn from the deck.
Player2 bought province

Player1 is now starting a turn.
copper was drawn from the deck.
curse was drawn from the deck.
gold was drawn from the deck.
province was drawn from the deck.
curse was drawn from the deck.
Player1 bought smithy

Player2 is now starting a turn.
curse was drawn from the deck.
seahag was drawn from the deck.
ambassador was drawn from the deck.
ambassador was drawn from the deck.
curse was drawn from the deck.
Playing action card: seahag
ambassador was drawn from the deck.
Player1 discarded ambassador
Player1 gained curse to top of deck.
Player2 bought copper

Player1 is now starting a turn.
curse was drawn from the deck.
copper was drawn from the deck.
gold was drawn from the deck.
smithy was drawn from the deck.
curse was drawn from the deck.
Playing action card: smithy
great_hall was drawn from the deck.
mine was drawn from the deck.
Player1 bought seahag

Player2 is now starting a turn.
village was drawn from the deck.
curse was drawn from the deck.
silver was drawn from the deck.
estate was drawn from the deck.
curse was drawn from the deck.
Playing action card: village
smithy was drawn from the deck.
Playing action card: smithy
copper was drawn from the deck.
gold was drawn from the deck.
Player2 bought adventurer

Player1 is now starting a turn.
adventurer was drawn from the deck.
curse was drawn from the deck.
province was drawn from the deck.
estate was drawn from the deck.
gold was drawn from the deck.
Playing action card: adventurer
copper was drawn from the deck.
estate was drawn from the deck.
Player1 discarded estate
estate was drawn from the deck.
Player1 discarded estate
duchy was drawn from the deck.
Player1 discarded duchy
copper was drawn from the deck.
Player1 bought gold

Player2 is now starting a turn.
estate was drawn from the deck.
smithy was drawn from the deck.
duchy was drawn from the deck.
mine was drawn from the deck.
seahag was drawn from the deck.
Playing action card: seahag
gold was drawn from the deck.
Player1 discarded gold
Player1 gained curse to top of deck.
Player2 bought copper

Player1 is now starting a turn.
curse was drawn from the deck.
curse was drawn from the deck.
copper was drawn from the deck.
Shuffling Player1&apos;s deck.
estate was drawn from the deck.
gold was drawn from the deck.
Player1 bought duchy

Player2 is now starting a turn.
duchy was drawn from the deck.
curse was drawn from the deck.
copper was drawn from the deck.
gold was drawn from the deck.
copper was drawn from the deck.
Player2 bought mine

Player1 is now starting a turn.
adventurer was drawn from the deck.
smithy was drawn from the deck.
gold was drawn from the deck.
copper was drawn from the deck.
silver was drawn from the deck.
Playing action card: smithy
curse was drawn from the deck.
curse was drawn from the deck.
Player1 bought gold

Player2 is now starting a turn.
mine was drawn from the deck.
ambassador was drawn from the deck.
copper was drawn from the deck.
copper was drawn from the deck.
great_hall was drawn from the deck.
Playing action card: mine
Player2 gained gold
Player2 bought mine

Player1 is now starting a turn.
estate was drawn from the deck.
curse was drawn from the deck.
estate was drawn from the deck.
curse was drawn from the deck.
copper was drawn from the deck.
Player1 bought silver

Player2 is now starting a turn.
ambassador was drawn from the deck.
estate was drawn from the deck.
adventurer was drawn from the deck.
cutpurse was drawn from the deck.
Shuffling Player2&apos;s deck.
copper was drawn from the deck.
Playing action card: ambassador
Player2 returned 0 copies of cutpurse
Player1 gained cutpurse
Player2 bought embargo

Player1 is now starting a turn.
mine was drawn from the deck.
duchy was drawn from the deck.
smithy was drawn from the deck.
gardens was drawn from the deck.
estate was drawn from the deck.
Playing action card: mine
Player1 bought copper

Player2 is now starting a turn.
curse was drawn from the deck.
copper was drawn from the deck.
gold was drawn from the deck.
copper was drawn from the deck.
province was drawn from the deck.
Player2 bought duchy

Player1 is now starting a turn.
copper was drawn from the deck.
gold was drawn from the deck.
great_hall was drawn from the deck.
copper was drawn from the deck.
copper was drawn from the deck.
Playing action card: great_hall
copper was drawn from the deck.
Player1 bought gold

Player2 is now starting a turn.
copper was drawn from the deck.
copper was drawn from the deck.
gold was drawn from the deck.
estate was drawn from the deck.
smithy was drawn from the deck.
Playing action card: smithy
copper was drawn from the deck.
copper was drawn from the deck.
Player2 bought province

Player1 is now starting a turn.
seahag was drawn from the deck.
curse was drawn from the deck.
copper was drawn from the deck.
copper was drawn from the deck.
copper was drawn from the deck.
Playing action card: seahag
silver was drawn from the deck.
Player2 discarded silver
Player2 gained curse to top of deck.
Player1 bought ambassador

Player2 is now starting a turn.
curse was drawn from the deck.
duchy was drawn from the deck.
province was drawn from the deck.
great_hall was drawn from the deck.
curse was drawn from the deck.
Playing action card: great_hall
gold was drawn from the deck.
Player2 bought village

Player1 is now starting a turn.
estate was drawn from the deck.
gold was drawn from the deck.
curse was drawn from the deck.
curse was drawn from the deck.
province was drawn from the deck.
Player1 bought smithy

Player2 is now starting a turn.
mine was drawn from the deck.
seahag was drawn from the deck.
mine was drawn from the deck.
silver was drawn from the deck.
ambassador was drawn from the deck.
Playing action card: seahag
great_hall was drawn from the deck.
Player1 discarded great_hall
Player1 gained curse to top of deck.
Player2 bought estate

Player1 is now starting a turn.
curse was drawn from the deck.
copper was drawn from the deck.
curse was drawn from the deck.
copper was drawn from the deck.
curse was drawn from the deck.
Player1 bought estate

Player2 is now starting a turn.
curse was drawn from the deck.
copper was drawn from the deck.
estate was drawn from the deck.
copper was drawn from the deck.
curse was drawn from the deck.
Player2 bought village

Player1 is now starting a turn.
adventurer was drawn from the deck.
adventurer was drawn from the deck.
mine was drawn from the deck.
seahag was drawn from the deck.
estate was drawn from the deck.
Playing action card: adventurer
adventurer was drawn from the deck.
Player1 discarded adventurer
gold was drawn from the deck.
province was drawn from the deck.
Player1 discarded province
seahag was drawn from the deck.
Player1 discarded seahag
mine was drawn from the deck.
Player1 discarded mine
ambassador was drawn from the deck.
Player1 discarded ambassador
great_hall was drawn from the deck.
Player1 discarded great_hall
province was drawn from the deck.
Player1 discarded province
estate was drawn from the deck.
Player1 discarded estate
duchy was drawn from the deck.
Player1 discarded duchy
curse was drawn from the deck.
Player1 discarded curse
gold was drawn from the deck.
Player1 bought adventurer

Player2 is now starting a turn.
smithy was drawn from the deck.
duchy was drawn from the deck.
curse was drawn from the deck.
duchy was drawn from the deck.
smithy was drawn from the deck.
Playing action card: smithy
village was drawn from the deck.
adventurer was drawn from the deck.
Player2 bought copper

Player1 is now starting a turn.
adventurer was drawn from the deck.
copper was drawn from the deck.
Shuffling Player1&apos;s deck.
gold was drawn from the deck.
adventurer was drawn from the deck.
copper was drawn from the deck.
Playing action card: adventurer
curse was drawn from the deck.
Player1 discarded curse
gold was drawn from the deck.
curse was drawn from the deck.
Player1 discarded curse
curse was drawn from the deck.
Player1 discarded curse
gold was drawn from the deck.
Player1 bought province

Player2 is now starting a turn.
gold was drawn from the deck.
mine was drawn from the deck.
estate was drawn from the deck.
ambassador was drawn from the deck.
gold was drawn from the deck.
Playing action card: mine
Player2 gained gold
Player2 bought province
GAME OVER! Province card pile is empty. 
Player1: 379
Player2: 459
estate was drawn from the deck.
hi! gained curse
</system-out>
  </testcase>
  <testcase classname="RegressionTest" name="test269" time="0.028"/>
  <testcase classname="RegressionTest" name="test270" time="0"/>
  <testcase classname="RegressionTest" name="test271" time="0.01">
    <failure type="java.lang.AssertionError">java.lang.AssertionError
	at org.junit.Assert.fail(Assert.java:86)
	at org.junit.Assert.assertTrue(Assert.java:41)
	at org.junit.Assert.assertTrue(Assert.java:52)
	at RegressionTest.test271(RegressionTest.java:17290)
	at sun.reflect.NativeMethodAccessorImpl.invoke0(Native Method)
	at sun.reflect.NativeMethodAccessorImpl.invoke(NativeMethodAccessorImpl.java:62)
	at sun.reflect.DelegatingMethodAccessorImpl.invoke(DelegatingMethodAccessorImpl.java:43)
	at java.lang.reflect.Method.invoke(Method.java:498)
	at org.junit.runners.model.FrameworkMethod$1.runReflectiveCall(FrameworkMethod.java:47)
	at org.junit.internal.runners.model.ReflectiveCallable.run(ReflectiveCallable.java:12)
	at org.junit.runners.model.FrameworkMethod.invokeExplosively(FrameworkMethod.java:44)
	at org.junit.internal.runners.statements.InvokeMethod.evaluate(InvokeMethod.java:17)
	at org.junit.runners.ParentRunner.runLeaf(ParentRunner.java:271)
	at org.junit.runners.BlockJUnit4ClassRunner.runChild(BlockJUnit4ClassRunner.java:70)
	at org.junit.runners.BlockJUnit4ClassRunner.runChild(BlockJUnit4ClassRunner.java:50)
	at org.junit.runners.ParentRunner$3.run(ParentRunner.java:238)
	at org.junit.runners.ParentRunner$1.schedule(ParentRunner.java:63)
	at org.junit.runners.ParentRunner.runChildren(ParentRunner.java:236)
	at org.junit.runners.ParentRunner.access$000(ParentRunner.java:53)
	at org.junit.runners.ParentRunner$2.evaluate(ParentRunner.java:229)
	at org.junit.runners.ParentRunner.run(ParentRunner.java:309)
	at org.apache.maven.surefire.junit4.JUnit4Provider.execute(JUnit4Provider.java:252)
	at org.apache.maven.surefire.junit4.JUnit4Provider.executeTestSet(JUnit4Provider.java:141)
	at org.apache.maven.surefire.junit4.JUnit4Provider.invoke(JUnit4Provider.java:112)
	at sun.reflect.NativeMethodAccessorImpl.invoke0(Native Method)
	at sun.reflect.NativeMethodAccessorImpl.invoke(NativeMethodAccessorImpl.java:62)
	at sun.reflect.DelegatingMethodAccessorImpl.invoke(DelegatingMethodAccessorImpl.java:43)
	at java.lang.reflect.Method.invoke(Method.java:498)
	at org.apache.maven.surefire.util.ReflectionUtils.invokeMethodWithArray(ReflectionUtils.java:189)
	at org.apache.maven.surefire.booter.ProviderFactory$ProviderProxy.invoke(ProviderFactory.java:165)
	at org.apache.maven.surefire.booter.ProviderFactory.invokeProvider(ProviderFactory.java:85)
	at org.apache.maven.surefire.booter.ForkedBooter.runSuitesInProcess(ForkedBooter.java:115)
	at org.apache.maven.surefire.booter.ForkedBooter.main(ForkedBooter.java:75)
</failure>
    <system-out>hi! gained curse

STARTING NEW GAME!

Player1 is now starting a turn.
Shuffling Player1&apos;s deck.
copper was drawn from the deck.
copper was drawn from the deck.
estate was drawn from the deck.
copper was drawn from the deck.
estate was drawn from the deck.
Player1 gained curse card because of embargo token.
Player1 gained curse
Player1 gained curse card because of embargo token.
Player1 gained curse
Player1 bought duchy

Player2 is now starting a turn.
Shuffling Player2&apos;s deck.
copper was drawn from the deck.
copper was drawn from the deck.
estate was drawn from the deck.
copper was drawn from the deck.
copper was drawn from the deck.
Player2 gained curse card because of embargo token.
Player2 gained curse
Player2 gained curse card because of embargo token.
Player2 gained curse
Player2 bought duchy

Player1 is now starting a turn.
copper was drawn from the deck.
estate was drawn from the deck.
copper was drawn from the deck.
copper was drawn from the deck.
copper was drawn from the deck.
Player1 gained curse card because of embargo token.
Player1 gained curse
Player1 gained curse card because of embargo token.
Player1 gained curse
Player1 gained curse card because of embargo token.
Player1 gained curse
Player1 bought mine

Player2 is now starting a turn.
copper was drawn from the deck.
copper was drawn from the deck.
estate was drawn from the deck.
estate was drawn from the deck.
copper was drawn from the deck.
Player2 gained curse card because of embargo token.
Player2 gained curse
Player2 gained curse card because of embargo token.
Player2 gained curse
Player2 gained curse card because of embargo token.
Player2 gained curse
Player2 bought mine

Player1 is now starting a turn.
Shuffling Player1&apos;s deck.
copper was drawn from the deck.
duchy was drawn from the deck.
curse was drawn from the deck.
curse was drawn from the deck.
estate was drawn from the deck.
Player1 bought embargo

Player2 is now starting a turn.
Shuffling Player2&apos;s deck.
curse was drawn from the deck.
curse was drawn from the deck.
curse was drawn from the deck.
estate was drawn from the deck.
copper was drawn from the deck.
Player2 bought estate

Player1 is now starting a turn.
curse was drawn from the deck.
copper was drawn from the deck.
curse was drawn from the deck.
copper was drawn from the deck.
estate was drawn from the deck.
Player1 bought village

Player2 is now starting a turn.
copper was drawn from the deck.
estate was drawn from the deck.
curse was drawn from the deck.
mine was drawn from the deck.
curse was drawn from the deck.
Playing action card: mine
Player2 gained gold
Player2 bought duchy

Player1 is now starting a turn.
copper was drawn from the deck.
copper was drawn from the deck.
curse was drawn from the deck.
copper was drawn from the deck.
mine was drawn from the deck.
Playing action card: mine
Player1 gained gold
Player1 bought gold

Player2 is now starting a turn.
copper was drawn from the deck.
copper was drawn from the deck.
copper was drawn from the deck.
estate was drawn from the deck.
duchy was drawn from the deck.
Player2 bought gardens

Player1 is now starting a turn.
copper was drawn from the deck.
estate was drawn from the deck.
Shuffling Player1&apos;s deck.
curse was drawn from the deck.
copper was drawn from the deck.
gold was drawn from the deck.
Player1 bought gold

Player2 is now starting a turn.
copper was drawn from the deck.
copper was drawn from the deck.
Shuffling Player2&apos;s deck.
gold was drawn from the deck.
estate was drawn from the deck.
estate was drawn from the deck.
Player2 bought adventurer

Player1 is now starting a turn.
mine was drawn from the deck.
curse was drawn from the deck.
gold was drawn from the deck.
copper was drawn from the deck.
curse was drawn from the deck.
Playing action card: mine
Player1 gained gold
Player1 bought gold

Player2 is now starting a turn.
copper was drawn from the deck.
curse was drawn from the deck.
curse was drawn from the deck.
duchy was drawn from the deck.
copper was drawn from the deck.
Player2 bought estate

Player1 is now starting a turn.
copper was drawn from the deck.
curse was drawn from the deck.
duchy was drawn from the deck.
estate was drawn from the deck.
copper was drawn from the deck.
Player1 bought silver

Player2 is now starting a turn.
curse was drawn from the deck.
copper was drawn from the deck.
estate was drawn from the deck.
estate was drawn from the deck.
duchy was drawn from the deck.
Player2 bought ambassador

Player1 is now starting a turn.
curse was drawn from the deck.
copper was drawn from the deck.
copper was drawn from the deck.
embargo was drawn from the deck.
village was drawn from the deck.
Playing action card: village
estate was drawn from the deck.
Playing action card: embargo
Player1 added embargo token to province supply pile.
Player1 bought duchy

Player2 is now starting a turn.
copper was drawn from the deck.
curse was drawn from the deck.
gardens was drawn from the deck.
curse was drawn from the deck.
mine was drawn from the deck.
Playing action card: mine
Player2 gained gold
Player2 bought gardens

Player1 is now starting a turn.
Shuffling Player1&apos;s deck.
mine was drawn from the deck.
curse was drawn from the deck.
copper was drawn from the deck.
gold was drawn from the deck.
estate was drawn from the deck.
Playing action card: mine
Player1 gained gold
Player1 bought province

Player2 is now starting a turn.
copper was drawn from the deck.
Shuffling Player2&apos;s deck.
gardens was drawn from the deck.
curse was drawn from the deck.
copper was drawn from the deck.
ambassador was drawn from the deck.
Playing action card: ambassador
Player2 returned 0 copies of gardens
Player1 gained gardens
Player2 bought estate

Player1 is now starting a turn.
curse was drawn from the deck.
curse was drawn from the deck.
gold was drawn from the deck.
gold was drawn from the deck.
gold was drawn from the deck.
Player1 bought province

Player2 is now starting a turn.
copper was drawn from the deck.
estate was drawn from the deck.
curse was drawn from the deck.
copper was drawn from the deck.
duchy was drawn from the deck.
Player2 bought ambassador

Player1 is now starting a turn.
curse was drawn from the deck.
copper was drawn from the deck.
copper was drawn from the deck.
copper was drawn from the deck.
copper was drawn from the deck.
Player1 bought seahag

Player2 is now starting a turn.
copper was drawn from the deck.
curse was drawn from the deck.
mine was drawn from the deck.
estate was drawn from the deck.
gold was drawn from the deck.
Playing action card: mine
Player2 gained gold
Player2 bought province

Player1 is now starting a turn.
duchy was drawn from the deck.
duchy was drawn from the deck.
silver was drawn from the deck.
estate was drawn from the deck.
embargo was drawn from the deck.
Playing action card: embargo
Player1 added embargo token to copper supply pile.
Player1 bought duchy

Player2 is now starting a turn.
adventurer was drawn from the deck.
gardens was drawn from the deck.
copper was drawn from the deck.
estate was drawn from the deck.
gold was drawn from the deck.
Playing action card: adventurer
estate was drawn from the deck.
Player2 discarded estate
curse was drawn from the deck.
Player2 discarded curse
duchy was drawn from the deck.
Player2 discarded duchy
curse was drawn from the deck.
Player2 discarded curse
estate was drawn from the deck.
Player2 discarded estate
copper was drawn from the deck.
Player2 bought adventurer

Player1 is now starting a turn.
gold was drawn from the deck.
copper was drawn from the deck.
estate was drawn from the deck.
copper was drawn from the deck.
village was drawn from the deck.
Playing action card: village
curse was drawn from the deck.
Player1 bought adventurer

Player2 is now starting a turn.
Shuffling Player2&apos;s deck.
gardens was drawn from the deck.
copper was drawn from the deck.
ambassador was drawn from the deck.
copper was drawn from the deck.
adventurer was drawn from the deck.
Playing action card: adventurer
gold was drawn from the deck.
copper was drawn from the deck.
Player2 bought adventurer

Player1 is now starting a turn.
Shuffling Player1&apos;s deck.
copper was drawn from the deck.
duchy was drawn from the deck.
curse was drawn from the deck.
embargo was drawn from the deck.
estate was drawn from the deck.
Playing action card: embargo
Player1 added embargo token to adventurer supply pile.
Player1 bought cutpurse

Player2 is now starting a turn.
mine was drawn from the deck.
curse was drawn from the deck.
estate was drawn from the deck.
ambassador was drawn from the deck.
estate was drawn from the deck.
Playing action card: ambassador
Player2 returned 0 copies of curse
Player2 bought embargo

Player1 is now starting a turn.
copper was drawn from the deck.
duchy was drawn from the deck.
village was drawn from the deck.
gold was drawn from the deck.
silver was drawn from the deck.
Playing action card: village
curse was drawn from the deck.
Player1 bought gold

Player2 is now starting a turn.
curse was drawn from the deck.
duchy was drawn from the deck.
adventurer was drawn from the deck.
curse was drawn from the deck.
gold was drawn from the deck.
Playing action card: adventurer
estate was drawn from the deck.
Player2 discarded estate
province was drawn from the deck.
Player2 discarded province
copper was drawn from the deck.
gardens was drawn from the deck.
Player2 discarded gardens
copper was drawn from the deck.
Player2 bought duchy

Player1 is now starting a turn.
copper was drawn from the deck.
gold was drawn from the deck.
adventurer was drawn from the deck.
province was drawn from the deck.
copper was drawn from the deck.
Playing action card: adventurer
duchy was drawn from the deck.
Player1 discarded duchy
curse was drawn from the deck.
Player1 discarded curse
province was drawn from the deck.
Player1 discarded province
estate was drawn from the deck.
Player1 discarded estate
copper was drawn from the deck.
curse was drawn from the deck.
Player1 discarded curse
gold was drawn from the deck.
Player1 bought province

Player2 is now starting a turn.
estate was drawn from the deck.
copper was drawn from the deck.
curse was drawn from the deck.
estate was drawn from the deck.
copper was drawn from the deck.
Player2 bought smithy

Player1 is now starting a turn.
estate was drawn from the deck.
copper was drawn from the deck.
gardens was drawn from the deck.
mine was drawn from the deck.
gold was drawn from the deck.
Playing action card: mine
Player1 gained gold
Player1 bought province

Player2 is now starting a turn.
estate was drawn from the deck.
duchy was drawn from the deck.
gold was drawn from the deck.
curse was drawn from the deck.
Shuffling Player2&apos;s deck.
estate was drawn from the deck.
Player2 bought mine

Player1 is now starting a turn.
gold was drawn from the deck.
curse was drawn from the deck.
seahag was drawn from the deck.
copper was drawn from the deck.
gold was drawn from the deck.
Playing action card: seahag
estate was drawn from the deck.
Player2 discarded estate
Player2 gained curse to top of deck.
Player1 bought gold

Player2 is now starting a turn.
curse was drawn from the deck.
curse was drawn from the deck.
province was drawn from the deck.
duchy was drawn from the deck.
copper was drawn from the deck.
Player2 bought copper

Player1 is now starting a turn.
Shuffling Player1&apos;s deck.
gold was drawn from the deck.
gold was drawn from the deck.
seahag was drawn from the deck.
province was drawn from the deck.
copper was drawn from the deck.
Playing action card: seahag
gold was drawn from the deck.
Player2 discarded gold
Player2 gained curse to top of deck.
Player1 bought gold

Player2 is now starting a turn.
curse was drawn from the deck.
ambassador was drawn from the deck.
copper was drawn from the deck.
gold was drawn from the deck.
ambassador was drawn from the deck.
Playing action card: ambassador
Player2 returned 0 copies of copper
Player1 gained copper
Player2 bought gardens

Player1 is now starting a turn.
province was drawn from the deck.
estate was drawn from the deck.
copper was drawn from the deck.
gardens was drawn from the deck.
silver was drawn from the deck.
Player1 bought seahag

Player2 is now starting a turn.
copper was drawn from the deck.
adventurer was drawn from the deck.
estate was drawn from the deck.
curse was drawn from the deck.
estate was drawn from the deck.
Playing action card: adventurer
copper was drawn from the deck.
curse was drawn from the deck.
Player2 discarded curse
gardens was drawn from the deck.
Player2 discarded gardens
curse was drawn from the deck.
Player2 discarded curse
gardens was drawn from the deck.
Player2 discarded gardens
adventurer was drawn from the deck.
Player2 discarded adventurer
copper was drawn from the deck.
Player2 bought mine

Player1 is now starting a turn.
adventurer was drawn from the deck.
village was drawn from the deck.
duchy was drawn from the deck.
duchy was drawn from the deck.
curse was drawn from the deck.
Playing action card: adventurer
curse was drawn from the deck.
Player1 discarded curse
curse was drawn from the deck.
Player1 discarded curse
province was drawn from the deck.
Player1 discarded province
copper was drawn from the deck.
copper was drawn from the deck.
Player1 bought embargo

Player2 is now starting a turn.
mine was drawn from the deck.
estate was drawn from the deck.
duchy was drawn from the deck.
embargo was drawn from the deck.
adventurer was drawn from the deck.
Playing action card: mine
Player2 bought copper

Player1 is now starting a turn.
gold was drawn from the deck.
gold was drawn from the deck.
cutpurse was drawn from the deck.
estate was drawn from the deck.
duchy was drawn from the deck.
Playing action card: cutpurse
Player2 had no coppers to discard. 
Player1 bought province

Player2 is now starting a turn.
copper was drawn from the deck.
copper was drawn from the deck.
smithy was drawn from the deck.
Shuffling Player2&apos;s deck.
adventurer was drawn from the deck.
adventurer was drawn from the deck.
Playing action card: adventurer
gold was drawn from the deck.
adventurer was drawn from the deck.
Player2 discarded adventurer
embargo was drawn from the deck.
Player2 discarded embargo
province was drawn from the deck.
Player2 discarded province
duchy was drawn from the deck.
Player2 discarded duchy
gold was drawn from the deck.
Player2 bought province

Player1 is now starting a turn.
gold was drawn from the deck.
province was drawn from the deck.
mine was drawn from the deck.
gold was drawn from the deck.
curse was drawn from the deck.
Playing action card: mine
Player1 gained gold
Player1 bought province
GAME OVER! Province card pile is empty. 
Player1: 161
Player2: 360
Player1: 161
Player2: 360
hi! gained gardens to top of deck.
</system-out>
  </testcase>
  <testcase classname="RegressionTest" name="test272" time="0"/>
  <testcase classname="RegressionTest" name="test273" time="0"/>
  <testcase classname="RegressionTest" name="test274" time="0"/>
  <testcase classname="RegressionTest" name="test275" time="0"/>
  <testcase classname="RegressionTest" name="test276" time="0.01"/>
  <testcase classname="RegressionTest" name="test277" time="0.034"/>
  <testcase classname="RegressionTest" name="test278" time="0.001">
    <failure type="java.lang.AssertionError">java.lang.AssertionError
	at org.junit.Assert.fail(Assert.java:86)
	at org.junit.Assert.assertTrue(Assert.java:41)
	at org.junit.Assert.assertTrue(Assert.java:52)
	at RegressionTest.test278(RegressionTest.java:17702)
	at sun.reflect.NativeMethodAccessorImpl.invoke0(Native Method)
	at sun.reflect.NativeMethodAccessorImpl.invoke(NativeMethodAccessorImpl.java:62)
	at sun.reflect.DelegatingMethodAccessorImpl.invoke(DelegatingMethodAccessorImpl.java:43)
	at java.lang.reflect.Method.invoke(Method.java:498)
	at org.junit.runners.model.FrameworkMethod$1.runReflectiveCall(FrameworkMethod.java:47)
	at org.junit.internal.runners.model.ReflectiveCallable.run(ReflectiveCallable.java:12)
	at org.junit.runners.model.FrameworkMethod.invokeExplosively(FrameworkMethod.java:44)
	at org.junit.internal.runners.statements.InvokeMethod.evaluate(InvokeMethod.java:17)
	at org.junit.runners.ParentRunner.runLeaf(ParentRunner.java:271)
	at org.junit.runners.BlockJUnit4ClassRunner.runChild(BlockJUnit4ClassRunner.java:70)
	at org.junit.runners.BlockJUnit4ClassRunner.runChild(BlockJUnit4ClassRunner.java:50)
	at org.junit.runners.ParentRunner$3.run(ParentRunner.java:238)
	at org.junit.runners.ParentRunner$1.schedule(ParentRunner.java:63)
	at org.junit.runners.ParentRunner.runChildren(ParentRunner.java:236)
	at org.junit.runners.ParentRunner.access$000(ParentRunner.java:53)
	at org.junit.runners.ParentRunner$2.evaluate(ParentRunner.java:229)
	at org.junit.runners.ParentRunner.run(ParentRunner.java:309)
	at org.apache.maven.surefire.junit4.JUnit4Provider.execute(JUnit4Provider.java:252)
	at org.apache.maven.surefire.junit4.JUnit4Provider.executeTestSet(JUnit4Provider.java:141)
	at org.apache.maven.surefire.junit4.JUnit4Provider.invoke(JUnit4Provider.java:112)
	at sun.reflect.NativeMethodAccessorImpl.invoke0(Native Method)
	at sun.reflect.NativeMethodAccessorImpl.invoke(NativeMethodAccessorImpl.java:62)
	at sun.reflect.DelegatingMethodAccessorImpl.invoke(DelegatingMethodAccessorImpl.java:43)
	at java.lang.reflect.Method.invoke(Method.java:498)
	at org.apache.maven.surefire.util.ReflectionUtils.invokeMethodWithArray(ReflectionUtils.java:189)
	at org.apache.maven.surefire.booter.ProviderFactory$ProviderProxy.invoke(ProviderFactory.java:165)
	at org.apache.maven.surefire.booter.ProviderFactory.invokeProvider(ProviderFactory.java:85)
	at org.apache.maven.surefire.booter.ForkedBooter.runSuitesInProcess(ForkedBooter.java:115)
	at org.apache.maven.surefire.booter.ForkedBooter.main(ForkedBooter.java:75)
</failure>
    <system-out>Player1: 3
Player2: 3
</system-out>
  </testcase>
  <testcase classname="RegressionTest" name="test279" time="0.01">
    <failure type="java.lang.AssertionError">java.lang.AssertionError
	at org.junit.Assert.fail(Assert.java:86)
	at org.junit.Assert.assertTrue(Assert.java:41)
	at org.junit.Assert.assertTrue(Assert.java:52)
	at RegressionTest.test279(RegressionTest.java:17858)
	at sun.reflect.NativeMethodAccessorImpl.invoke0(Native Method)
	at sun.reflect.NativeMethodAccessorImpl.invoke(NativeMethodAccessorImpl.java:62)
	at sun.reflect.DelegatingMethodAccessorImpl.invoke(DelegatingMethodAccessorImpl.java:43)
	at java.lang.reflect.Method.invoke(Method.java:498)
	at org.junit.runners.model.FrameworkMethod$1.runReflectiveCall(FrameworkMethod.java:47)
	at org.junit.internal.runners.model.ReflectiveCallable.run(ReflectiveCallable.java:12)
	at org.junit.runners.model.FrameworkMethod.invokeExplosively(FrameworkMethod.java:44)
	at org.junit.internal.runners.statements.InvokeMethod.evaluate(InvokeMethod.java:17)
	at org.junit.runners.ParentRunner.runLeaf(ParentRunner.java:271)
	at org.junit.runners.BlockJUnit4ClassRunner.runChild(BlockJUnit4ClassRunner.java:70)
	at org.junit.runners.BlockJUnit4ClassRunner.runChild(BlockJUnit4ClassRunner.java:50)
	at org.junit.runners.ParentRunner$3.run(ParentRunner.java:238)
	at org.junit.runners.ParentRunner$1.schedule(ParentRunner.java:63)
	at org.junit.runners.ParentRunner.runChildren(ParentRunner.java:236)
	at org.junit.runners.ParentRunner.access$000(ParentRunner.java:53)
	at org.junit.runners.ParentRunner$2.evaluate(ParentRunner.java:229)
	at org.junit.runners.ParentRunner.run(ParentRunner.java:309)
	at org.apache.maven.surefire.junit4.JUnit4Provider.execute(JUnit4Provider.java:252)
	at org.apache.maven.surefire.junit4.JUnit4Provider.executeTestSet(JUnit4Provider.java:141)
	at org.apache.maven.surefire.junit4.JUnit4Provider.invoke(JUnit4Provider.java:112)
	at sun.reflect.NativeMethodAccessorImpl.invoke0(Native Method)
	at sun.reflect.NativeMethodAccessorImpl.invoke(NativeMethodAccessorImpl.java:62)
	at sun.reflect.DelegatingMethodAccessorImpl.invoke(DelegatingMethodAccessorImpl.java:43)
	at java.lang.reflect.Method.invoke(Method.java:498)
	at org.apache.maven.surefire.util.ReflectionUtils.invokeMethodWithArray(ReflectionUtils.java:189)
	at org.apache.maven.surefire.booter.ProviderFactory$ProviderProxy.invoke(ProviderFactory.java:165)
	at org.apache.maven.surefire.booter.ProviderFactory.invokeProvider(ProviderFactory.java:85)
	at org.apache.maven.surefire.booter.ForkedBooter.runSuitesInProcess(ForkedBooter.java:115)
	at org.apache.maven.surefire.booter.ForkedBooter.main(ForkedBooter.java:75)
</failure>
    <system-out>hi! gained curse
Shuffling hi!&apos;s deck.
copper was drawn from the deck.
Shuffling Player1&apos;s deck.
copper was drawn from the deck.
Shuffling Player2&apos;s deck.
copper was drawn from the deck.
Shuffling &apos;s deck.
copper was drawn from the deck.

STARTING NEW GAME!

Player1 is now starting a turn.
Shuffling Player1&apos;s deck.
copper was drawn from the deck.
copper was drawn from the deck.
estate was drawn from the deck.
copper was drawn from the deck.
estate was drawn from the deck.
Player1 gained curse card because of embargo token.
Player1 gained curse
Player1 gained curse card because of embargo token.
Player1 gained curse
Player1 bought duchy

Player2 is now starting a turn.
Shuffling Player2&apos;s deck.
copper was drawn from the deck.
copper was drawn from the deck.
estate was drawn from the deck.
copper was drawn from the deck.
copper was drawn from the deck.
Player2 gained curse card because of embargo token.
Player2 gained curse
Player2 gained curse card because of embargo token.
Player2 gained curse
Player2 bought duchy

Player1 is now starting a turn.
copper was drawn from the deck.
estate was drawn from the deck.
copper was drawn from the deck.
copper was drawn from the deck.
copper was drawn from the deck.
Player1 gained curse card because of embargo token.
Player1 gained curse
Player1 gained curse card because of embargo token.
Player1 gained curse
Player1 gained curse card because of embargo token.
Player1 gained curse
Player1 bought mine

Player2 is now starting a turn.
copper was drawn from the deck.
copper was drawn from the deck.
estate was drawn from the deck.
estate was drawn from the deck.
copper was drawn from the deck.
Player2 gained curse card because of embargo token.
Player2 gained curse
Player2 gained curse card because of embargo token.
Player2 gained curse
Player2 gained curse card because of embargo token.
Player2 gained curse
Player2 bought mine

Player1 is now starting a turn.
Shuffling Player1&apos;s deck.
copper was drawn from the deck.
duchy was drawn from the deck.
curse was drawn from the deck.
curse was drawn from the deck.
estate was drawn from the deck.
Player1 bought embargo

Player2 is now starting a turn.
Shuffling Player2&apos;s deck.
curse was drawn from the deck.
curse was drawn from the deck.
curse was drawn from the deck.
estate was drawn from the deck.
copper was drawn from the deck.
Player2 bought estate

Player1 is now starting a turn.
curse was drawn from the deck.
copper was drawn from the deck.
curse was drawn from the deck.
copper was drawn from the deck.
estate was drawn from the deck.
Player1 bought village

Player2 is now starting a turn.
copper was drawn from the deck.
estate was drawn from the deck.
curse was drawn from the deck.
mine was drawn from the deck.
curse was drawn from the deck.
Playing action card: mine
Player2 gained gold
Player2 bought duchy

Player1 is now starting a turn.
copper was drawn from the deck.
copper was drawn from the deck.
curse was drawn from the deck.
copper was drawn from the deck.
mine was drawn from the deck.
Playing action card: mine
Player1 gained gold
Player1 bought gold

Player2 is now starting a turn.
copper was drawn from the deck.
copper was drawn from the deck.
copper was drawn from the deck.
estate was drawn from the deck.
duchy was drawn from the deck.
Player2 bought gardens

Player1 is now starting a turn.
copper was drawn from the deck.
estate was drawn from the deck.
Shuffling Player1&apos;s deck.
curse was drawn from the deck.
copper was drawn from the deck.
gold was drawn from the deck.
Player1 bought gold

Player2 is now starting a turn.
copper was drawn from the deck.
copper was drawn from the deck.
Shuffling Player2&apos;s deck.
gold was drawn from the deck.
estate was drawn from the deck.
estate was drawn from the deck.
Player2 bought adventurer

Player1 is now starting a turn.
mine was drawn from the deck.
curse was drawn from the deck.
gold was drawn from the deck.
copper was drawn from the deck.
curse was drawn from the deck.
Playing action card: mine
Player1 gained gold
Player1 bought gold

Player2 is now starting a turn.
copper was drawn from the deck.
curse was drawn from the deck.
curse was drawn from the deck.
duchy was drawn from the deck.
copper was drawn from the deck.
Player2 bought estate

Player1 is now starting a turn.
copper was drawn from the deck.
curse was drawn from the deck.
duchy was drawn from the deck.
estate was drawn from the deck.
copper was drawn from the deck.
Player1 bought silver

Player2 is now starting a turn.
curse was drawn from the deck.
copper was drawn from the deck.
estate was drawn from the deck.
estate was drawn from the deck.
duchy was drawn from the deck.
Player2 bought ambassador

Player1 is now starting a turn.
curse was drawn from the deck.
copper was drawn from the deck.
copper was drawn from the deck.
embargo was drawn from the deck.
village was drawn from the deck.
Playing action card: village
estate was drawn from the deck.
Playing action card: embargo
Player1 added embargo token to province supply pile.
Player1 bought duchy

Player2 is now starting a turn.
copper was drawn from the deck.
curse was drawn from the deck.
gardens was drawn from the deck.
curse was drawn from the deck.
mine was drawn from the deck.
Playing action card: mine
Player2 gained gold
Player2 bought gardens

Player1 is now starting a turn.
Shuffling Player1&apos;s deck.
mine was drawn from the deck.
curse was drawn from the deck.
copper was drawn from the deck.
gold was drawn from the deck.
estate was drawn from the deck.
Playing action card: mine
Player1 gained gold
Player1 bought province

Player2 is now starting a turn.
copper was drawn from the deck.
Shuffling Player2&apos;s deck.
gardens was drawn from the deck.
curse was drawn from the deck.
copper was drawn from the deck.
ambassador was drawn from the deck.
Playing action card: ambassador
Player2 returned 0 copies of gardens
Player1 gained gardens
Player2 bought estate

Player1 is now starting a turn.
curse was drawn from the deck.
curse was drawn from the deck.
gold was drawn from the deck.
gold was drawn from the deck.
gold was drawn from the deck.
Player1 bought province

Player2 is now starting a turn.
copper was drawn from the deck.
estate was drawn from the deck.
curse was drawn from the deck.
copper was drawn from the deck.
duchy was drawn from the deck.
Player2 bought ambassador

Player1 is now starting a turn.
curse was drawn from the deck.
copper was drawn from the deck.
copper was drawn from the deck.
copper was drawn from the deck.
copper was drawn from the deck.
Player1 bought seahag

Player2 is now starting a turn.
copper was drawn from the deck.
curse was drawn from the deck.
mine was drawn from the deck.
estate was drawn from the deck.
gold was drawn from the deck.
Playing action card: mine
Player2 gained gold
Player2 bought province

Player1 is now starting a turn.
duchy was drawn from the deck.
duchy was drawn from the deck.
silver was drawn from the deck.
estate was drawn from the deck.
embargo was drawn from the deck.
Playing action card: embargo
Player1 added embargo token to copper supply pile.
Player1 bought duchy

Player2 is now starting a turn.
adventurer was drawn from the deck.
gardens was drawn from the deck.
copper was drawn from the deck.
estate was drawn from the deck.
gold was drawn from the deck.
Playing action card: adventurer
estate was drawn from the deck.
Player2 discarded estate
curse was drawn from the deck.
Player2 discarded curse
duchy was drawn from the deck.
Player2 discarded duchy
curse was drawn from the deck.
Player2 discarded curse
estate was drawn from the deck.
Player2 discarded estate
copper was drawn from the deck.
Player2 bought adventurer

Player1 is now starting a turn.
gold was drawn from the deck.
copper was drawn from the deck.
estate was drawn from the deck.
copper was drawn from the deck.
village was drawn from the deck.
Playing action card: village
curse was drawn from the deck.
Player1 bought adventurer

Player2 is now starting a turn.
Shuffling Player2&apos;s deck.
gardens was drawn from the deck.
copper was drawn from the deck.
ambassador was drawn from the deck.
copper was drawn from the deck.
adventurer was drawn from the deck.
Playing action card: adventurer
gold was drawn from the deck.
copper was drawn from the deck.
Player2 bought adventurer

Player1 is now starting a turn.
Shuffling Player1&apos;s deck.
copper was drawn from the deck.
duchy was drawn from the deck.
curse was drawn from the deck.
embargo was drawn from the deck.
estate was drawn from the deck.
Playing action card: embargo
Player1 added embargo token to adventurer supply pile.
Player1 bought cutpurse

Player2 is now starting a turn.
mine was drawn from the deck.
curse was drawn from the deck.
estate was drawn from the deck.
ambassador was drawn from the deck.
estate was drawn from the deck.
Playing action card: ambassador
Player2 returned 0 copies of curse
Player2 bought embargo

Player1 is now starting a turn.
copper was drawn from the deck.
duchy was drawn from the deck.
village was drawn from the deck.
gold was drawn from the deck.
silver was drawn from the deck.
Playing action card: village
curse was drawn from the deck.
Player1 bought gold

Player2 is now starting a turn.
curse was drawn from the deck.
duchy was drawn from the deck.
adventurer was drawn from the deck.
curse was drawn from the deck.
gold was drawn from the deck.
Playing action card: adventurer
estate was drawn from the deck.
Player2 discarded estate
province was drawn from the deck.
Player2 discarded province
copper was drawn from the deck.
gardens was drawn from the deck.
Player2 discarded gardens
copper was drawn from the deck.
Player2 bought duchy

Player1 is now starting a turn.
copper was drawn from the deck.
gold was drawn from the deck.
adventurer was drawn from the deck.
province was drawn from the deck.
copper was drawn from the deck.
Playing action card: adventurer
duchy was drawn from the deck.
Player1 discarded duchy
curse was drawn from the deck.
Player1 discarded curse
province was drawn from the deck.
Player1 discarded province
estate was drawn from the deck.
Player1 discarded estate
copper was drawn from the deck.
curse was drawn from the deck.
Player1 discarded curse
gold was drawn from the deck.
Player1 bought province

Player2 is now starting a turn.
estate was drawn from the deck.
copper was drawn from the deck.
curse was drawn from the deck.
estate was drawn from the deck.
copper was drawn from the deck.
Player2 bought smithy

Player1 is now starting a turn.
estate was drawn from the deck.
copper was drawn from the deck.
gardens was drawn from the deck.
mine was drawn from the deck.
gold was drawn from the deck.
Playing action card: mine
Player1 gained gold
Player1 bought province

Player2 is now starting a turn.
estate was drawn from the deck.
duchy was drawn from the deck.
gold was drawn from the deck.
curse was drawn from the deck.
Shuffling Player2&apos;s deck.
estate was drawn from the deck.
Player2 bought mine

Player1 is now starting a turn.
gold was drawn from the deck.
curse was drawn from the deck.
seahag was drawn from the deck.
copper was drawn from the deck.
gold was drawn from the deck.
Playing action card: seahag
estate was drawn from the deck.
Player2 discarded estate
Player2 gained curse to top of deck.
Player1 bought gold

Player2 is now starting a turn.
curse was drawn from the deck.
curse was drawn from the deck.
province was drawn from the deck.
duchy was drawn from the deck.
copper was drawn from the deck.
Player2 bought copper

Player1 is now starting a turn.
Shuffling Player1&apos;s deck.
gold was drawn from the deck.
gold was drawn from the deck.
seahag was drawn from the deck.
province was drawn from the deck.
copper was drawn from the deck.
Playing action card: seahag
gold was drawn from the deck.
Player2 discarded gold
Player2 gained curse to top of deck.
Player1 bought gold

Player2 is now starting a turn.
curse was drawn from the deck.
ambassador was drawn from the deck.
copper was drawn from the deck.
gold was drawn from the deck.
ambassador was drawn from the deck.
Playing action card: ambassador
Player2 returned 0 copies of copper
Player1 gained copper
Player2 bought gardens

Player1 is now starting a turn.
province was drawn from the deck.
estate was drawn from the deck.
copper was drawn from the deck.
gardens was drawn from the deck.
silver was drawn from the deck.
Player1 bought seahag

Player2 is now starting a turn.
copper was drawn from the deck.
adventurer was drawn from the deck.
estate was drawn from the deck.
curse was drawn from the deck.
estate was drawn from the deck.
Playing action card: adventurer
copper was drawn from the deck.
curse was drawn from the deck.
Player2 discarded curse
gardens was drawn from the deck.
Player2 discarded gardens
curse was drawn from the deck.
Player2 discarded curse
gardens was drawn from the deck.
Player2 discarded gardens
adventurer was drawn from the deck.
Player2 discarded adventurer
copper was drawn from the deck.
Player2 bought mine

Player1 is now starting a turn.
adventurer was drawn from the deck.
village was drawn from the deck.
duchy was drawn from the deck.
duchy was drawn from the deck.
curse was drawn from the deck.
Playing action card: adventurer
curse was drawn from the deck.
Player1 discarded curse
curse was drawn from the deck.
Player1 discarded curse
province was drawn from the deck.
Player1 discarded province
copper was drawn from the deck.
copper was drawn from the deck.
Player1 bought embargo

Player2 is now starting a turn.
mine was drawn from the deck.
estate was drawn from the deck.
duchy was drawn from the deck.
embargo was drawn from the deck.
adventurer was drawn from the deck.
Playing action card: mine
Player2 bought copper

Player1 is now starting a turn.
gold was drawn from the deck.
gold was drawn from the deck.
cutpurse was drawn from the deck.
estate was drawn from the deck.
duchy was drawn from the deck.
Playing action card: cutpurse
Player2 had no coppers to discard. 
Player1 bought province

Player2 is now starting a turn.
copper was drawn from the deck.
copper was drawn from the deck.
smithy was drawn from the deck.
Shuffling Player2&apos;s deck.
adventurer was drawn from the deck.
adventurer was drawn from the deck.
Playing action card: adventurer
gold was drawn from the deck.
adventurer was drawn from the deck.
Player2 discarded adventurer
embargo was drawn from the deck.
Player2 discarded embargo
province was drawn from the deck.
Player2 discarded province
duchy was drawn from the deck.
Player2 discarded duchy
gold was drawn from the deck.
Player2 bought province

Player1 is now starting a turn.
gold was drawn from the deck.
province was drawn from the deck.
mine was drawn from the deck.
gold was drawn from the deck.
curse was drawn from the deck.
Playing action card: mine
Player1 gained gold
Player1 bought province
GAME OVER! Province card pile is empty. 
Player1: 1086
Player2: 1655
gold was drawn from the deck.
copper was drawn from the deck.
Player1 had no coppers to discard. 
Player2 discarded copper. 
Player2 discarded copper
hi! gained great_hall to top of deck.
hi! gained copper to top of deck.
</system-out>
  </testcase>
  <testcase classname="RegressionTest" name="test280" time="0.02"/>
  <testcase classname="RegressionTest" name="test281" time="0.02"/>
  <testcase classname="RegressionTest" name="test282" time="0.02"/>
  <testcase classname="RegressionTest" name="test283" time="0">
    <failure message="&apos;curse&apos; != &apos;copper&apos;" type="java.lang.AssertionError">java.lang.AssertionError: &apos;curse&apos; != &apos;copper&apos;
	at org.junit.Assert.fail(Assert.java:88)
	at org.junit.Assert.assertTrue(Assert.java:41)
	at RegressionTest.test283(RegressionTest.java:18392)
	at sun.reflect.NativeMethodAccessorImpl.invoke0(Native Method)
	at sun.reflect.NativeMethodAccessorImpl.invoke(NativeMethodAccessorImpl.java:62)
	at sun.reflect.DelegatingMethodAccessorImpl.invoke(DelegatingMethodAccessorImpl.java:43)
	at java.lang.reflect.Method.invoke(Method.java:498)
	at org.junit.runners.model.FrameworkMethod$1.runReflectiveCall(FrameworkMethod.java:47)
	at org.junit.internal.runners.model.ReflectiveCallable.run(ReflectiveCallable.java:12)
	at org.junit.runners.model.FrameworkMethod.invokeExplosively(FrameworkMethod.java:44)
	at org.junit.internal.runners.statements.InvokeMethod.evaluate(InvokeMethod.java:17)
	at org.junit.runners.ParentRunner.runLeaf(ParentRunner.java:271)
	at org.junit.runners.BlockJUnit4ClassRunner.runChild(BlockJUnit4ClassRunner.java:70)
	at org.junit.runners.BlockJUnit4ClassRunner.runChild(BlockJUnit4ClassRunner.java:50)
	at org.junit.runners.ParentRunner$3.run(ParentRunner.java:238)
	at org.junit.runners.ParentRunner$1.schedule(ParentRunner.java:63)
	at org.junit.runners.ParentRunner.runChildren(ParentRunner.java:236)
	at org.junit.runners.ParentRunner.access$000(ParentRunner.java:53)
	at org.junit.runners.ParentRunner$2.evaluate(ParentRunner.java:229)
	at org.junit.runners.ParentRunner.run(ParentRunner.java:309)
	at org.apache.maven.surefire.junit4.JUnit4Provider.execute(JUnit4Provider.java:252)
	at org.apache.maven.surefire.junit4.JUnit4Provider.executeTestSet(JUnit4Provider.java:141)
	at org.apache.maven.surefire.junit4.JUnit4Provider.invoke(JUnit4Provider.java:112)
	at sun.reflect.NativeMethodAccessorImpl.invoke0(Native Method)
	at sun.reflect.NativeMethodAccessorImpl.invoke(NativeMethodAccessorImpl.java:62)
	at sun.reflect.DelegatingMethodAccessorImpl.invoke(DelegatingMethodAccessorImpl.java:43)
	at java.lang.reflect.Method.invoke(Method.java:498)
	at org.apache.maven.surefire.util.ReflectionUtils.invokeMethodWithArray(ReflectionUtils.java:189)
	at org.apache.maven.surefire.booter.ProviderFactory$ProviderProxy.invoke(ProviderFactory.java:165)
	at org.apache.maven.surefire.booter.ProviderFactory.invokeProvider(ProviderFactory.java:85)
	at org.apache.maven.surefire.booter.ForkedBooter.runSuitesInProcess(ForkedBooter.java:115)
	at org.apache.maven.surefire.booter.ForkedBooter.main(ForkedBooter.java:75)
</failure>
    <system-out>hi! gained curse
hi! discarded adventurer
</system-out>
  </testcase>
  <testcase classname="RegressionTest" name="test284" time="0"/>
  <testcase classname="RegressionTest" name="test285" time="0"/>
  <testcase classname="RegressionTest" name="test286" time="0"/>
  <testcase classname="RegressionTest" name="test287" time="0.01">
    <failure type="java.lang.AssertionError">java.lang.AssertionError
	at org.junit.Assert.fail(Assert.java:86)
	at org.junit.Assert.assertTrue(Assert.java:41)
	at org.junit.Assert.assertTrue(Assert.java:52)
	at RegressionTest.test287(RegressionTest.java:18678)
	at sun.reflect.NativeMethodAccessorImpl.invoke0(Native Method)
	at sun.reflect.NativeMethodAccessorImpl.invoke(NativeMethodAccessorImpl.java:62)
	at sun.reflect.DelegatingMethodAccessorImpl.invoke(DelegatingMethodAccessorImpl.java:43)
	at java.lang.reflect.Method.invoke(Method.java:498)
	at org.junit.runners.model.FrameworkMethod$1.runReflectiveCall(FrameworkMethod.java:47)
	at org.junit.internal.runners.model.ReflectiveCallable.run(ReflectiveCallable.java:12)
	at org.junit.runners.model.FrameworkMethod.invokeExplosively(FrameworkMethod.java:44)
	at org.junit.internal.runners.statements.InvokeMethod.evaluate(InvokeMethod.java:17)
	at org.junit.runners.ParentRunner.runLeaf(ParentRunner.java:271)
	at org.junit.runners.BlockJUnit4ClassRunner.runChild(BlockJUnit4ClassRunner.java:70)
	at org.junit.runners.BlockJUnit4ClassRunner.runChild(BlockJUnit4ClassRunner.java:50)
	at org.junit.runners.ParentRunner$3.run(ParentRunner.java:238)
	at org.junit.runners.ParentRunner$1.schedule(ParentRunner.java:63)
	at org.junit.runners.ParentRunner.runChildren(ParentRunner.java:236)
	at org.junit.runners.ParentRunner.access$000(ParentRunner.java:53)
	at org.junit.runners.ParentRunner$2.evaluate(ParentRunner.java:229)
	at org.junit.runners.ParentRunner.run(ParentRunner.java:309)
	at org.apache.maven.surefire.junit4.JUnit4Provider.execute(JUnit4Provider.java:252)
	at org.apache.maven.surefire.junit4.JUnit4Provider.executeTestSet(JUnit4Provider.java:141)
	at org.apache.maven.surefire.junit4.JUnit4Provider.invoke(JUnit4Provider.java:112)
	at sun.reflect.NativeMethodAccessorImpl.invoke0(Native Method)
	at sun.reflect.NativeMethodAccessorImpl.invoke(NativeMethodAccessorImpl.java:62)
	at sun.reflect.DelegatingMethodAccessorImpl.invoke(DelegatingMethodAccessorImpl.java:43)
	at java.lang.reflect.Method.invoke(Method.java:498)
	at org.apache.maven.surefire.util.ReflectionUtils.invokeMethodWithArray(ReflectionUtils.java:189)
	at org.apache.maven.surefire.booter.ProviderFactory$ProviderProxy.invoke(ProviderFactory.java:165)
	at org.apache.maven.surefire.booter.ProviderFactory.invokeProvider(ProviderFactory.java:85)
	at org.apache.maven.surefire.booter.ForkedBooter.runSuitesInProcess(ForkedBooter.java:115)
	at org.apache.maven.surefire.booter.ForkedBooter.main(ForkedBooter.java:75)
</failure>
    <system-out>
STARTING NEW GAME!

Player1 is now starting a turn.
Shuffling Player1&apos;s deck.
copper was drawn from the deck.
copper was drawn from the deck.
estate was drawn from the deck.
copper was drawn from the deck.
estate was drawn from the deck.
Player1 gained curse card because of embargo token.
Player1 gained curse
Player1 gained curse card because of embargo token.
Player1 gained curse
Player1 bought duchy

Player2 is now starting a turn.
Shuffling Player2&apos;s deck.
copper was drawn from the deck.
copper was drawn from the deck.
estate was drawn from the deck.
copper was drawn from the deck.
copper was drawn from the deck.
Player2 gained curse card because of embargo token.
Player2 gained curse
Player2 gained curse card because of embargo token.
Player2 gained curse
Player2 bought duchy

Player1 is now starting a turn.
copper was drawn from the deck.
estate was drawn from the deck.
copper was drawn from the deck.
copper was drawn from the deck.
copper was drawn from the deck.
Player1 gained curse card because of embargo token.
Player1 gained curse
Player1 gained curse card because of embargo token.
Player1 gained curse
Player1 gained curse card because of embargo token.
Player1 gained curse
Player1 bought mine

Player2 is now starting a turn.
copper was drawn from the deck.
copper was drawn from the deck.
estate was drawn from the deck.
estate was drawn from the deck.
copper was drawn from the deck.
Player2 gained curse card because of embargo token.
Player2 gained curse
Player2 gained curse card because of embargo token.
Player2 gained curse
Player2 gained curse card because of embargo token.
Player2 gained curse
Player2 bought mine

Player1 is now starting a turn.
Shuffling Player1&apos;s deck.
copper was drawn from the deck.
duchy was drawn from the deck.
curse was drawn from the deck.
curse was drawn from the deck.
estate was drawn from the deck.
Player1 bought embargo

Player2 is now starting a turn.
Shuffling Player2&apos;s deck.
curse was drawn from the deck.
curse was drawn from the deck.
curse was drawn from the deck.
estate was drawn from the deck.
copper was drawn from the deck.
Player2 bought estate

Player1 is now starting a turn.
curse was drawn from the deck.
copper was drawn from the deck.
curse was drawn from the deck.
copper was drawn from the deck.
estate was drawn from the deck.
Player1 bought village

Player2 is now starting a turn.
copper was drawn from the deck.
estate was drawn from the deck.
curse was drawn from the deck.
mine was drawn from the deck.
curse was drawn from the deck.
Playing action card: mine
Player2 gained gold
Player2 bought duchy

Player1 is now starting a turn.
copper was drawn from the deck.
copper was drawn from the deck.
curse was drawn from the deck.
copper was drawn from the deck.
mine was drawn from the deck.
Playing action card: mine
Player1 gained gold
Player1 bought gold

Player2 is now starting a turn.
copper was drawn from the deck.
copper was drawn from the deck.
copper was drawn from the deck.
estate was drawn from the deck.
duchy was drawn from the deck.
Player2 bought gardens

Player1 is now starting a turn.
copper was drawn from the deck.
estate was drawn from the deck.
Shuffling Player1&apos;s deck.
curse was drawn from the deck.
copper was drawn from the deck.
gold was drawn from the deck.
Player1 bought gold

Player2 is now starting a turn.
copper was drawn from the deck.
copper was drawn from the deck.
Shuffling Player2&apos;s deck.
gold was drawn from the deck.
estate was drawn from the deck.
estate was drawn from the deck.
Player2 bought adventurer

Player1 is now starting a turn.
mine was drawn from the deck.
curse was drawn from the deck.
gold was drawn from the deck.
copper was drawn from the deck.
curse was drawn from the deck.
Playing action card: mine
Player1 gained gold
Player1 bought gold

Player2 is now starting a turn.
copper was drawn from the deck.
curse was drawn from the deck.
curse was drawn from the deck.
duchy was drawn from the deck.
copper was drawn from the deck.
Player2 bought estate

Player1 is now starting a turn.
copper was drawn from the deck.
curse was drawn from the deck.
duchy was drawn from the deck.
estate was drawn from the deck.
copper was drawn from the deck.
Player1 bought silver

Player2 is now starting a turn.
curse was drawn from the deck.
copper was drawn from the deck.
estate was drawn from the deck.
estate was drawn from the deck.
duchy was drawn from the deck.
Player2 bought ambassador

Player1 is now starting a turn.
curse was drawn from the deck.
copper was drawn from the deck.
copper was drawn from the deck.
embargo was drawn from the deck.
village was drawn from the deck.
Playing action card: village
estate was drawn from the deck.
Playing action card: embargo
Player1 added embargo token to province supply pile.
Player1 bought duchy

Player2 is now starting a turn.
copper was drawn from the deck.
curse was drawn from the deck.
gardens was drawn from the deck.
curse was drawn from the deck.
mine was drawn from the deck.
Playing action card: mine
Player2 gained gold
Player2 bought gardens

Player1 is now starting a turn.
Shuffling Player1&apos;s deck.
mine was drawn from the deck.
curse was drawn from the deck.
copper was drawn from the deck.
gold was drawn from the deck.
estate was drawn from the deck.
Playing action card: mine
Player1 gained gold
Player1 bought province

Player2 is now starting a turn.
copper was drawn from the deck.
Shuffling Player2&apos;s deck.
gardens was drawn from the deck.
curse was drawn from the deck.
copper was drawn from the deck.
ambassador was drawn from the deck.
Playing action card: ambassador
Player2 returned 0 copies of gardens
Player1 gained gardens
Player2 bought estate

Player1 is now starting a turn.
curse was drawn from the deck.
curse was drawn from the deck.
gold was drawn from the deck.
gold was drawn from the deck.
gold was drawn from the deck.
Player1 bought province

Player2 is now starting a turn.
copper was drawn from the deck.
estate was drawn from the deck.
curse was drawn from the deck.
copper was drawn from the deck.
duchy was drawn from the deck.
Player2 bought ambassador

Player1 is now starting a turn.
curse was drawn from the deck.
copper was drawn from the deck.
copper was drawn from the deck.
copper was drawn from the deck.
copper was drawn from the deck.
Player1 bought seahag

Player2 is now starting a turn.
copper was drawn from the deck.
curse was drawn from the deck.
mine was drawn from the deck.
estate was drawn from the deck.
gold was drawn from the deck.
Playing action card: mine
Player2 gained gold
Player2 bought province

Player1 is now starting a turn.
duchy was drawn from the deck.
duchy was drawn from the deck.
silver was drawn from the deck.
estate was drawn from the deck.
embargo was drawn from the deck.
Playing action card: embargo
Player1 added embargo token to copper supply pile.
Player1 bought duchy

Player2 is now starting a turn.
adventurer was drawn from the deck.
gardens was drawn from the deck.
copper was drawn from the deck.
estate was drawn from the deck.
gold was drawn from the deck.
Playing action card: adventurer
estate was drawn from the deck.
Player2 discarded estate
curse was drawn from the deck.
Player2 discarded curse
duchy was drawn from the deck.
Player2 discarded duchy
curse was drawn from the deck.
Player2 discarded curse
estate was drawn from the deck.
Player2 discarded estate
copper was drawn from the deck.
Player2 bought adventurer

Player1 is now starting a turn.
gold was drawn from the deck.
copper was drawn from the deck.
estate was drawn from the deck.
copper was drawn from the deck.
village was drawn from the deck.
Playing action card: village
curse was drawn from the deck.
Player1 bought adventurer

Player2 is now starting a turn.
Shuffling Player2&apos;s deck.
gardens was drawn from the deck.
copper was drawn from the deck.
ambassador was drawn from the deck.
copper was drawn from the deck.
adventurer was drawn from the deck.
Playing action card: adventurer
gold was drawn from the deck.
copper was drawn from the deck.
Player2 bought adventurer

Player1 is now starting a turn.
Shuffling Player1&apos;s deck.
copper was drawn from the deck.
duchy was drawn from the deck.
curse was drawn from the deck.
embargo was drawn from the deck.
estate was drawn from the deck.
Playing action card: embargo
Player1 added embargo token to adventurer supply pile.
Player1 bought cutpurse

Player2 is now starting a turn.
mine was drawn from the deck.
curse was drawn from the deck.
estate was drawn from the deck.
ambassador was drawn from the deck.
estate was drawn from the deck.
Playing action card: ambassador
Player2 returned 0 copies of curse
Player2 bought embargo

Player1 is now starting a turn.
copper was drawn from the deck.
duchy was drawn from the deck.
village was drawn from the deck.
gold was drawn from the deck.
silver was drawn from the deck.
Playing action card: village
curse was drawn from the deck.
Player1 bought gold

Player2 is now starting a turn.
curse was drawn from the deck.
duchy was drawn from the deck.
adventurer was drawn from the deck.
curse was drawn from the deck.
gold was drawn from the deck.
Playing action card: adventurer
estate was drawn from the deck.
Player2 discarded estate
province was drawn from the deck.
Player2 discarded province
copper was drawn from the deck.
gardens was drawn from the deck.
Player2 discarded gardens
copper was drawn from the deck.
Player2 bought duchy

Player1 is now starting a turn.
copper was drawn from the deck.
gold was drawn from the deck.
adventurer was drawn from the deck.
province was drawn from the deck.
copper was drawn from the deck.
Playing action card: adventurer
duchy was drawn from the deck.
Player1 discarded duchy
curse was drawn from the deck.
Player1 discarded curse
province was drawn from the deck.
Player1 discarded province
estate was drawn from the deck.
Player1 discarded estate
copper was drawn from the deck.
curse was drawn from the deck.
Player1 discarded curse
gold was drawn from the deck.
Player1 bought province

Player2 is now starting a turn.
estate was drawn from the deck.
copper was drawn from the deck.
curse was drawn from the deck.
estate was drawn from the deck.
copper was drawn from the deck.
Player2 bought smithy

Player1 is now starting a turn.
estate was drawn from the deck.
copper was drawn from the deck.
gardens was drawn from the deck.
mine was drawn from the deck.
gold was drawn from the deck.
Playing action card: mine
Player1 gained gold
Player1 bought province

Player2 is now starting a turn.
estate was drawn from the deck.
duchy was drawn from the deck.
gold was drawn from the deck.
curse was drawn from the deck.
Shuffling Player2&apos;s deck.
estate was drawn from the deck.
Player2 bought mine

Player1 is now starting a turn.
gold was drawn from the deck.
curse was drawn from the deck.
seahag was drawn from the deck.
copper was drawn from the deck.
gold was drawn from the deck.
Playing action card: seahag
estate was drawn from the deck.
Player2 discarded estate
Player2 gained curse to top of deck.
Player1 bought gold

Player2 is now starting a turn.
curse was drawn from the deck.
curse was drawn from the deck.
province was drawn from the deck.
duchy was drawn from the deck.
copper was drawn from the deck.
Player2 bought copper

Player1 is now starting a turn.
Shuffling Player1&apos;s deck.
gold was drawn from the deck.
gold was drawn from the deck.
seahag was drawn from the deck.
province was drawn from the deck.
copper was drawn from the deck.
Playing action card: seahag
gold was drawn from the deck.
Player2 discarded gold
Player2 gained curse to top of deck.
Player1 bought gold

Player2 is now starting a turn.
curse was drawn from the deck.
ambassador was drawn from the deck.
copper was drawn from the deck.
gold was drawn from the deck.
ambassador was drawn from the deck.
Playing action card: ambassador
Player2 returned 0 copies of copper
Player1 gained copper
Player2 bought gardens

Player1 is now starting a turn.
province was drawn from the deck.
estate was drawn from the deck.
copper was drawn from the deck.
gardens was drawn from the deck.
silver was drawn from the deck.
Player1 bought seahag

Player2 is now starting a turn.
copper was drawn from the deck.
adventurer was drawn from the deck.
estate was drawn from the deck.
curse was drawn from the deck.
estate was drawn from the deck.
Playing action card: adventurer
copper was drawn from the deck.
curse was drawn from the deck.
Player2 discarded curse
gardens was drawn from the deck.
Player2 discarded gardens
curse was drawn from the deck.
Player2 discarded curse
gardens was drawn from the deck.
Player2 discarded gardens
adventurer was drawn from the deck.
Player2 discarded adventurer
copper was drawn from the deck.
Player2 bought mine

Player1 is now starting a turn.
adventurer was drawn from the deck.
village was drawn from the deck.
duchy was drawn from the deck.
duchy was drawn from the deck.
curse was drawn from the deck.
Playing action card: adventurer
curse was drawn from the deck.
Player1 discarded curse
curse was drawn from the deck.
Player1 discarded curse
province was drawn from the deck.
Player1 discarded province
copper was drawn from the deck.
copper was drawn from the deck.
Player1 bought embargo

Player2 is now starting a turn.
mine was drawn from the deck.
estate was drawn from the deck.
duchy was drawn from the deck.
embargo was drawn from the deck.
adventurer was drawn from the deck.
Playing action card: mine
Player2 bought copper

Player1 is now starting a turn.
gold was drawn from the deck.
gold was drawn from the deck.
cutpurse was drawn from the deck.
estate was drawn from the deck.
duchy was drawn from the deck.
Playing action card: cutpurse
Player2 had no coppers to discard. 
Player1 bought province

Player2 is now starting a turn.
copper was drawn from the deck.
copper was drawn from the deck.
smithy was drawn from the deck.
Shuffling Player2&apos;s deck.
adventurer was drawn from the deck.
adventurer was drawn from the deck.
Playing action card: adventurer
gold was drawn from the deck.
adventurer was drawn from the deck.
Player2 discarded adventurer
embargo was drawn from the deck.
Player2 discarded embargo
province was drawn from the deck.
Player2 discarded province
duchy was drawn from the deck.
Player2 discarded duchy
gold was drawn from the deck.
Player2 bought province

Player1 is now starting a turn.
gold was drawn from the deck.
province was drawn from the deck.
mine was drawn from the deck.
gold was drawn from the deck.
curse was drawn from the deck.
Playing action card: mine
Player1 gained gold
Player1 bought province
GAME OVER! Province card pile is empty. 
Player1: 1086
Player2: 1655
copper was drawn from the deck.
</system-out>
  </testcase>
  <testcase classname="RegressionTest" name="test288" time="0.01"/>
  <testcase classname="RegressionTest" name="test289" time="0.011"/>
  <testcase classname="RegressionTest" name="test290" time="0.01"/>
  <testcase classname="RegressionTest" name="test291" time="0.01"/>
  <testcase classname="RegressionTest" name="test292" time="0.01"/>
  <testcase classname="RegressionTest" name="test293" time="0"/>
  <testcase classname="RegressionTest" name="test294" time="0">
    <failure message="&apos;curse&apos; != &apos;copper&apos;" type="java.lang.AssertionError">java.lang.AssertionError: &apos;curse&apos; != &apos;copper&apos;
	at org.junit.Assert.fail(Assert.java:88)
	at org.junit.Assert.assertTrue(Assert.java:41)
	at RegressionTest.test294(RegressionTest.java:19227)
	at sun.reflect.NativeMethodAccessorImpl.invoke0(Native Method)
	at sun.reflect.NativeMethodAccessorImpl.invoke(NativeMethodAccessorImpl.java:62)
	at sun.reflect.DelegatingMethodAccessorImpl.invoke(DelegatingMethodAccessorImpl.java:43)
	at java.lang.reflect.Method.invoke(Method.java:498)
	at org.junit.runners.model.FrameworkMethod$1.runReflectiveCall(FrameworkMethod.java:47)
	at org.junit.internal.runners.model.ReflectiveCallable.run(ReflectiveCallable.java:12)
	at org.junit.runners.model.FrameworkMethod.invokeExplosively(FrameworkMethod.java:44)
	at org.junit.internal.runners.statements.InvokeMethod.evaluate(InvokeMethod.java:17)
	at org.junit.runners.ParentRunner.runLeaf(ParentRunner.java:271)
	at org.junit.runners.BlockJUnit4ClassRunner.runChild(BlockJUnit4ClassRunner.java:70)
	at org.junit.runners.BlockJUnit4ClassRunner.runChild(BlockJUnit4ClassRunner.java:50)
	at org.junit.runners.ParentRunner$3.run(ParentRunner.java:238)
	at org.junit.runners.ParentRunner$1.schedule(ParentRunner.java:63)
	at org.junit.runners.ParentRunner.runChildren(ParentRunner.java:236)
	at org.junit.runners.ParentRunner.access$000(ParentRunner.java:53)
	at org.junit.runners.ParentRunner$2.evaluate(ParentRunner.java:229)
	at org.junit.runners.ParentRunner.run(ParentRunner.java:309)
	at org.apache.maven.surefire.junit4.JUnit4Provider.execute(JUnit4Provider.java:252)
	at org.apache.maven.surefire.junit4.JUnit4Provider.executeTestSet(JUnit4Provider.java:141)
	at org.apache.maven.surefire.junit4.JUnit4Provider.invoke(JUnit4Provider.java:112)
	at sun.reflect.NativeMethodAccessorImpl.invoke0(Native Method)
	at sun.reflect.NativeMethodAccessorImpl.invoke(NativeMethodAccessorImpl.java:62)
	at sun.reflect.DelegatingMethodAccessorImpl.invoke(DelegatingMethodAccessorImpl.java:43)
	at java.lang.reflect.Method.invoke(Method.java:498)
	at org.apache.maven.surefire.util.ReflectionUtils.invokeMethodWithArray(ReflectionUtils.java:189)
	at org.apache.maven.surefire.booter.ProviderFactory$ProviderProxy.invoke(ProviderFactory.java:165)
	at org.apache.maven.surefire.booter.ProviderFactory.invokeProvider(ProviderFactory.java:85)
	at org.apache.maven.surefire.booter.ForkedBooter.runSuitesInProcess(ForkedBooter.java:115)
	at org.apache.maven.surefire.booter.ForkedBooter.main(ForkedBooter.java:75)
</failure>
    <system-out>hi! discarded cutpurse
</system-out>
  </testcase>
  <testcase classname="RegressionTest" name="test295" time="0.01">
    <failure type="java.lang.AssertionError">java.lang.AssertionError
	at org.junit.Assert.fail(Assert.java:86)
	at org.junit.Assert.assertTrue(Assert.java:41)
	at org.junit.Assert.assertTrue(Assert.java:52)
	at RegressionTest.test295(RegressionTest.java:19300)
	at sun.reflect.NativeMethodAccessorImpl.invoke0(Native Method)
	at sun.reflect.NativeMethodAccessorImpl.invoke(NativeMethodAccessorImpl.java:62)
	at sun.reflect.DelegatingMethodAccessorImpl.invoke(DelegatingMethodAccessorImpl.java:43)
	at java.lang.reflect.Method.invoke(Method.java:498)
	at org.junit.runners.model.FrameworkMethod$1.runReflectiveCall(FrameworkMethod.java:47)
	at org.junit.internal.runners.model.ReflectiveCallable.run(ReflectiveCallable.java:12)
	at org.junit.runners.model.FrameworkMethod.invokeExplosively(FrameworkMethod.java:44)
	at org.junit.internal.runners.statements.InvokeMethod.evaluate(InvokeMethod.java:17)
	at org.junit.runners.ParentRunner.runLeaf(ParentRunner.java:271)
	at org.junit.runners.BlockJUnit4ClassRunner.runChild(BlockJUnit4ClassRunner.java:70)
	at org.junit.runners.BlockJUnit4ClassRunner.runChild(BlockJUnit4ClassRunner.java:50)
	at org.junit.runners.ParentRunner$3.run(ParentRunner.java:238)
	at org.junit.runners.ParentRunner$1.schedule(ParentRunner.java:63)
	at org.junit.runners.ParentRunner.runChildren(ParentRunner.java:236)
	at org.junit.runners.ParentRunner.access$000(ParentRunner.java:53)
	at org.junit.runners.ParentRunner$2.evaluate(ParentRunner.java:229)
	at org.junit.runners.ParentRunner.run(ParentRunner.java:309)
	at org.apache.maven.surefire.junit4.JUnit4Provider.execute(JUnit4Provider.java:252)
	at org.apache.maven.surefire.junit4.JUnit4Provider.executeTestSet(JUnit4Provider.java:141)
	at org.apache.maven.surefire.junit4.JUnit4Provider.invoke(JUnit4Provider.java:112)
	at sun.reflect.NativeMethodAccessorImpl.invoke0(Native Method)
	at sun.reflect.NativeMethodAccessorImpl.invoke(NativeMethodAccessorImpl.java:62)
	at sun.reflect.DelegatingMethodAccessorImpl.invoke(DelegatingMethodAccessorImpl.java:43)
	at java.lang.reflect.Method.invoke(Method.java:498)
	at org.apache.maven.surefire.util.ReflectionUtils.invokeMethodWithArray(ReflectionUtils.java:189)
	at org.apache.maven.surefire.booter.ProviderFactory$ProviderProxy.invoke(ProviderFactory.java:165)
	at org.apache.maven.surefire.booter.ProviderFactory.invokeProvider(ProviderFactory.java:85)
	at org.apache.maven.surefire.booter.ForkedBooter.runSuitesInProcess(ForkedBooter.java:115)
	at org.apache.maven.surefire.booter.ForkedBooter.main(ForkedBooter.java:75)
</failure>
    <system-out>
STARTING NEW GAME!

Player1 is now starting a turn.
Shuffling Player1&apos;s deck.
copper was drawn from the deck.
copper was drawn from the deck.
estate was drawn from the deck.
copper was drawn from the deck.
estate was drawn from the deck.
Player1 gained curse card because of embargo token.
Player1 gained curse
Player1 gained curse card because of embargo token.
Player1 gained curse
Player1 bought duchy

Player2 is now starting a turn.
Shuffling Player2&apos;s deck.
copper was drawn from the deck.
copper was drawn from the deck.
estate was drawn from the deck.
copper was drawn from the deck.
copper was drawn from the deck.
Player2 gained curse card because of embargo token.
Player2 gained curse
Player2 gained curse card because of embargo token.
Player2 gained curse
Player2 bought duchy

Player1 is now starting a turn.
copper was drawn from the deck.
estate was drawn from the deck.
copper was drawn from the deck.
copper was drawn from the deck.
copper was drawn from the deck.
Player1 gained curse card because of embargo token.
Player1 gained curse
Player1 gained curse card because of embargo token.
Player1 gained curse
Player1 gained curse card because of embargo token.
Player1 gained curse
Player1 bought mine

Player2 is now starting a turn.
copper was drawn from the deck.
copper was drawn from the deck.
estate was drawn from the deck.
estate was drawn from the deck.
copper was drawn from the deck.
Player2 gained curse card because of embargo token.
Player2 gained curse
Player2 gained curse card because of embargo token.
Player2 gained curse
Player2 gained curse card because of embargo token.
Player2 gained curse
Player2 bought mine

Player1 is now starting a turn.
Shuffling Player1&apos;s deck.
copper was drawn from the deck.
duchy was drawn from the deck.
curse was drawn from the deck.
curse was drawn from the deck.
estate was drawn from the deck.
Player1 bought embargo

Player2 is now starting a turn.
Shuffling Player2&apos;s deck.
curse was drawn from the deck.
curse was drawn from the deck.
curse was drawn from the deck.
estate was drawn from the deck.
copper was drawn from the deck.
Player2 bought estate

Player1 is now starting a turn.
curse was drawn from the deck.
copper was drawn from the deck.
curse was drawn from the deck.
copper was drawn from the deck.
estate was drawn from the deck.
Player1 bought village

Player2 is now starting a turn.
copper was drawn from the deck.
estate was drawn from the deck.
curse was drawn from the deck.
mine was drawn from the deck.
curse was drawn from the deck.
Playing action card: mine
Player2 gained gold
Player2 bought duchy

Player1 is now starting a turn.
copper was drawn from the deck.
copper was drawn from the deck.
curse was drawn from the deck.
copper was drawn from the deck.
mine was drawn from the deck.
Playing action card: mine
Player1 gained gold
Player1 bought gold

Player2 is now starting a turn.
copper was drawn from the deck.
copper was drawn from the deck.
copper was drawn from the deck.
estate was drawn from the deck.
duchy was drawn from the deck.
Player2 bought gardens

Player1 is now starting a turn.
copper was drawn from the deck.
estate was drawn from the deck.
Shuffling Player1&apos;s deck.
curse was drawn from the deck.
copper was drawn from the deck.
gold was drawn from the deck.
Player1 bought gold

Player2 is now starting a turn.
copper was drawn from the deck.
copper was drawn from the deck.
Shuffling Player2&apos;s deck.
gold was drawn from the deck.
estate was drawn from the deck.
estate was drawn from the deck.
Player2 bought adventurer

Player1 is now starting a turn.
mine was drawn from the deck.
curse was drawn from the deck.
gold was drawn from the deck.
copper was drawn from the deck.
curse was drawn from the deck.
Playing action card: mine
Player1 gained gold
Player1 bought gold

Player2 is now starting a turn.
copper was drawn from the deck.
curse was drawn from the deck.
curse was drawn from the deck.
duchy was drawn from the deck.
copper was drawn from the deck.
Player2 bought estate

Player1 is now starting a turn.
copper was drawn from the deck.
curse was drawn from the deck.
duchy was drawn from the deck.
estate was drawn from the deck.
copper was drawn from the deck.
Player1 bought silver

Player2 is now starting a turn.
curse was drawn from the deck.
copper was drawn from the deck.
estate was drawn from the deck.
estate was drawn from the deck.
duchy was drawn from the deck.
Player2 bought ambassador

Player1 is now starting a turn.
curse was drawn from the deck.
copper was drawn from the deck.
copper was drawn from the deck.
embargo was drawn from the deck.
village was drawn from the deck.
Playing action card: village
estate was drawn from the deck.
Playing action card: embargo
Player1 added embargo token to province supply pile.
Player1 bought duchy

Player2 is now starting a turn.
copper was drawn from the deck.
curse was drawn from the deck.
gardens was drawn from the deck.
curse was drawn from the deck.
mine was drawn from the deck.
Playing action card: mine
Player2 gained gold
Player2 bought gardens

Player1 is now starting a turn.
Shuffling Player1&apos;s deck.
mine was drawn from the deck.
curse was drawn from the deck.
copper was drawn from the deck.
gold was drawn from the deck.
estate was drawn from the deck.
Playing action card: mine
Player1 gained gold
Player1 bought province

Player2 is now starting a turn.
copper was drawn from the deck.
Shuffling Player2&apos;s deck.
gardens was drawn from the deck.
curse was drawn from the deck.
copper was drawn from the deck.
ambassador was drawn from the deck.
Playing action card: ambassador
Player2 returned 0 copies of gardens
Player1 gained gardens
Player2 bought estate

Player1 is now starting a turn.
curse was drawn from the deck.
curse was drawn from the deck.
gold was drawn from the deck.
gold was drawn from the deck.
gold was drawn from the deck.
Player1 bought province

Player2 is now starting a turn.
copper was drawn from the deck.
estate was drawn from the deck.
curse was drawn from the deck.
copper was drawn from the deck.
duchy was drawn from the deck.
Player2 bought ambassador

Player1 is now starting a turn.
curse was drawn from the deck.
copper was drawn from the deck.
copper was drawn from the deck.
copper was drawn from the deck.
copper was drawn from the deck.
Player1 bought seahag

Player2 is now starting a turn.
copper was drawn from the deck.
curse was drawn from the deck.
mine was drawn from the deck.
estate was drawn from the deck.
gold was drawn from the deck.
Playing action card: mine
Player2 gained gold
Player2 bought province

Player1 is now starting a turn.
duchy was drawn from the deck.
duchy was drawn from the deck.
silver was drawn from the deck.
estate was drawn from the deck.
embargo was drawn from the deck.
Playing action card: embargo
Player1 added embargo token to copper supply pile.
Player1 bought duchy

Player2 is now starting a turn.
adventurer was drawn from the deck.
gardens was drawn from the deck.
copper was drawn from the deck.
estate was drawn from the deck.
gold was drawn from the deck.
Playing action card: adventurer
estate was drawn from the deck.
Player2 discarded estate
curse was drawn from the deck.
Player2 discarded curse
duchy was drawn from the deck.
Player2 discarded duchy
curse was drawn from the deck.
Player2 discarded curse
estate was drawn from the deck.
Player2 discarded estate
copper was drawn from the deck.
Player2 bought adventurer

Player1 is now starting a turn.
gold was drawn from the deck.
copper was drawn from the deck.
estate was drawn from the deck.
copper was drawn from the deck.
village was drawn from the deck.
Playing action card: village
curse was drawn from the deck.
Player1 bought adventurer

Player2 is now starting a turn.
Shuffling Player2&apos;s deck.
gardens was drawn from the deck.
copper was drawn from the deck.
ambassador was drawn from the deck.
copper was drawn from the deck.
adventurer was drawn from the deck.
Playing action card: adventurer
gold was drawn from the deck.
copper was drawn from the deck.
Player2 bought adventurer

Player1 is now starting a turn.
Shuffling Player1&apos;s deck.
copper was drawn from the deck.
duchy was drawn from the deck.
curse was drawn from the deck.
embargo was drawn from the deck.
estate was drawn from the deck.
Playing action card: embargo
Player1 added embargo token to adventurer supply pile.
Player1 bought cutpurse

Player2 is now starting a turn.
mine was drawn from the deck.
curse was drawn from the deck.
estate was drawn from the deck.
ambassador was drawn from the deck.
estate was drawn from the deck.
Playing action card: ambassador
Player2 returned 0 copies of curse
Player2 bought embargo

Player1 is now starting a turn.
copper was drawn from the deck.
duchy was drawn from the deck.
village was drawn from the deck.
gold was drawn from the deck.
silver was drawn from the deck.
Playing action card: village
curse was drawn from the deck.
Player1 bought gold

Player2 is now starting a turn.
curse was drawn from the deck.
duchy was drawn from the deck.
adventurer was drawn from the deck.
curse was drawn from the deck.
gold was drawn from the deck.
Playing action card: adventurer
estate was drawn from the deck.
Player2 discarded estate
province was drawn from the deck.
Player2 discarded province
copper was drawn from the deck.
gardens was drawn from the deck.
Player2 discarded gardens
copper was drawn from the deck.
Player2 bought duchy

Player1 is now starting a turn.
copper was drawn from the deck.
gold was drawn from the deck.
adventurer was drawn from the deck.
province was drawn from the deck.
copper was drawn from the deck.
Playing action card: adventurer
duchy was drawn from the deck.
Player1 discarded duchy
curse was drawn from the deck.
Player1 discarded curse
province was drawn from the deck.
Player1 discarded province
estate was drawn from the deck.
Player1 discarded estate
copper was drawn from the deck.
curse was drawn from the deck.
Player1 discarded curse
gold was drawn from the deck.
Player1 bought province

Player2 is now starting a turn.
estate was drawn from the deck.
copper was drawn from the deck.
curse was drawn from the deck.
estate was drawn from the deck.
copper was drawn from the deck.
Player2 bought smithy

Player1 is now starting a turn.
estate was drawn from the deck.
copper was drawn from the deck.
gardens was drawn from the deck.
mine was drawn from the deck.
gold was drawn from the deck.
Playing action card: mine
Player1 gained gold
Player1 bought province

Player2 is now starting a turn.
estate was drawn from the deck.
duchy was drawn from the deck.
gold was drawn from the deck.
curse was drawn from the deck.
Shuffling Player2&apos;s deck.
estate was drawn from the deck.
Player2 bought mine

Player1 is now starting a turn.
gold was drawn from the deck.
curse was drawn from the deck.
seahag was drawn from the deck.
copper was drawn from the deck.
gold was drawn from the deck.
Playing action card: seahag
estate was drawn from the deck.
Player2 discarded estate
Player2 gained curse to top of deck.
Player1 bought gold

Player2 is now starting a turn.
curse was drawn from the deck.
curse was drawn from the deck.
province was drawn from the deck.
duchy was drawn from the deck.
copper was drawn from the deck.
Player2 bought copper

Player1 is now starting a turn.
Shuffling Player1&apos;s deck.
gold was drawn from the deck.
gold was drawn from the deck.
seahag was drawn from the deck.
province was drawn from the deck.
copper was drawn from the deck.
Playing action card: seahag
gold was drawn from the deck.
Player2 discarded gold
Player2 gained curse to top of deck.
Player1 bought gold

Player2 is now starting a turn.
curse was drawn from the deck.
ambassador was drawn from the deck.
copper was drawn from the deck.
gold was drawn from the deck.
ambassador was drawn from the deck.
Playing action card: ambassador
Player2 returned 0 copies of copper
Player1 gained copper
Player2 bought gardens

Player1 is now starting a turn.
province was drawn from the deck.
estate was drawn from the deck.
copper was drawn from the deck.
gardens was drawn from the deck.
silver was drawn from the deck.
Player1 bought seahag

Player2 is now starting a turn.
copper was drawn from the deck.
adventurer was drawn from the deck.
estate was drawn from the deck.
curse was drawn from the deck.
estate was drawn from the deck.
Playing action card: adventurer
copper was drawn from the deck.
curse was drawn from the deck.
Player2 discarded curse
gardens was drawn from the deck.
Player2 discarded gardens
curse was drawn from the deck.
Player2 discarded curse
gardens was drawn from the deck.
Player2 discarded gardens
adventurer was drawn from the deck.
Player2 discarded adventurer
copper was drawn from the deck.
Player2 bought mine

Player1 is now starting a turn.
adventurer was drawn from the deck.
village was drawn from the deck.
duchy was drawn from the deck.
duchy was drawn from the deck.
curse was drawn from the deck.
Playing action card: adventurer
curse was drawn from the deck.
Player1 discarded curse
curse was drawn from the deck.
Player1 discarded curse
province was drawn from the deck.
Player1 discarded province
copper was drawn from the deck.
copper was drawn from the deck.
Player1 bought embargo

Player2 is now starting a turn.
mine was drawn from the deck.
estate was drawn from the deck.
duchy was drawn from the deck.
embargo was drawn from the deck.
adventurer was drawn from the deck.
Playing action card: mine
Player2 bought copper

Player1 is now starting a turn.
gold was drawn from the deck.
gold was drawn from the deck.
cutpurse was drawn from the deck.
estate was drawn from the deck.
duchy was drawn from the deck.
Playing action card: cutpurse
Player2 had no coppers to discard. 
Player1 bought province

Player2 is now starting a turn.
copper was drawn from the deck.
copper was drawn from the deck.
smithy was drawn from the deck.
Shuffling Player2&apos;s deck.
adventurer was drawn from the deck.
adventurer was drawn from the deck.
Playing action card: adventurer
gold was drawn from the deck.
adventurer was drawn from the deck.
Player2 discarded adventurer
embargo was drawn from the deck.
Player2 discarded embargo
province was drawn from the deck.
Player2 discarded province
duchy was drawn from the deck.
Player2 discarded duchy
gold was drawn from the deck.
Player2 bought province

Player1 is now starting a turn.
gold was drawn from the deck.
province was drawn from the deck.
mine was drawn from the deck.
gold was drawn from the deck.
curse was drawn from the deck.
Playing action card: mine
Player1 gained gold
Player1 bought province
GAME OVER! Province card pile is empty. 
Player1: 1086
Player2: 1655
copper was drawn from the deck.
</system-out>
  </testcase>
  <testcase classname="RegressionTest" name="test296" time="0"/>
  <testcase classname="RegressionTest" name="test297" time="0"/>
  <testcase classname="RegressionTest" name="test298" time="0">
    <failure message="&apos;curse&apos; != &apos;copper&apos;" type="java.lang.AssertionError">java.lang.AssertionError: &apos;curse&apos; != &apos;copper&apos;
	at org.junit.Assert.fail(Assert.java:88)
	at org.junit.Assert.assertTrue(Assert.java:41)
	at RegressionTest.test298(RegressionTest.java:19438)
	at sun.reflect.NativeMethodAccessorImpl.invoke0(Native Method)
	at sun.reflect.NativeMethodAccessorImpl.invoke(NativeMethodAccessorImpl.java:62)
	at sun.reflect.DelegatingMethodAccessorImpl.invoke(DelegatingMethodAccessorImpl.java:43)
	at java.lang.reflect.Method.invoke(Method.java:498)
	at org.junit.runners.model.FrameworkMethod$1.runReflectiveCall(FrameworkMethod.java:47)
	at org.junit.internal.runners.model.ReflectiveCallable.run(ReflectiveCallable.java:12)
	at org.junit.runners.model.FrameworkMethod.invokeExplosively(FrameworkMethod.java:44)
	at org.junit.internal.runners.statements.InvokeMethod.evaluate(InvokeMethod.java:17)
	at org.junit.runners.ParentRunner.runLeaf(ParentRunner.java:271)
	at org.junit.runners.BlockJUnit4ClassRunner.runChild(BlockJUnit4ClassRunner.java:70)
	at org.junit.runners.BlockJUnit4ClassRunner.runChild(BlockJUnit4ClassRunner.java:50)
	at org.junit.runners.ParentRunner$3.run(ParentRunner.java:238)
	at org.junit.runners.ParentRunner$1.schedule(ParentRunner.java:63)
	at org.junit.runners.ParentRunner.runChildren(ParentRunner.java:236)
	at org.junit.runners.ParentRunner.access$000(ParentRunner.java:53)
	at org.junit.runners.ParentRunner$2.evaluate(ParentRunner.java:229)
	at org.junit.runners.ParentRunner.run(ParentRunner.java:309)
	at org.apache.maven.surefire.junit4.JUnit4Provider.execute(JUnit4Provider.java:252)
	at org.apache.maven.surefire.junit4.JUnit4Provider.executeTestSet(JUnit4Provider.java:141)
	at org.apache.maven.surefire.junit4.JUnit4Provider.invoke(JUnit4Provider.java:112)
	at sun.reflect.NativeMethodAccessorImpl.invoke0(Native Method)
	at sun.reflect.NativeMethodAccessorImpl.invoke(NativeMethodAccessorImpl.java:62)
	at sun.reflect.DelegatingMethodAccessorImpl.invoke(DelegatingMethodAccessorImpl.java:43)
	at java.lang.reflect.Method.invoke(Method.java:498)
	at org.apache.maven.surefire.util.ReflectionUtils.invokeMethodWithArray(ReflectionUtils.java:189)
	at org.apache.maven.surefire.booter.ProviderFactory$ProviderProxy.invoke(ProviderFactory.java:165)
	at org.apache.maven.surefire.booter.ProviderFactory.invokeProvider(ProviderFactory.java:85)
	at org.apache.maven.surefire.booter.ForkedBooter.runSuitesInProcess(ForkedBooter.java:115)
	at org.apache.maven.surefire.booter.ForkedBooter.main(ForkedBooter.java:75)
</failure>
    <system-out>Shuffling Player1&apos;s deck.
copper was drawn from the deck.
Shuffling Player2&apos;s deck.
copper was drawn from the deck.
Player1: 3
Player2: 3
</system-out>
  </testcase>
  <testcase classname="RegressionTest" name="test299" time="0"/>
  <testcase classname="RegressionTest" name="test300" time="0"/>
  <testcase classname="RegressionTest" name="test301" time="0">
    <failure message="&apos;curse&apos; != &apos;copper&apos;" type="java.lang.AssertionError">java.lang.AssertionError: &apos;curse&apos; != &apos;copper&apos;
	at org.junit.Assert.fail(Assert.java:88)
	at org.junit.Assert.assertTrue(Assert.java:41)
	at RegressionTest.test301(RegressionTest.java:19621)
	at sun.reflect.NativeMethodAccessorImpl.invoke0(Native Method)
	at sun.reflect.NativeMethodAccessorImpl.invoke(NativeMethodAccessorImpl.java:62)
	at sun.reflect.DelegatingMethodAccessorImpl.invoke(DelegatingMethodAccessorImpl.java:43)
	at java.lang.reflect.Method.invoke(Method.java:498)
	at org.junit.runners.model.FrameworkMethod$1.runReflectiveCall(FrameworkMethod.java:47)
	at org.junit.internal.runners.model.ReflectiveCallable.run(ReflectiveCallable.java:12)
	at org.junit.runners.model.FrameworkMethod.invokeExplosively(FrameworkMethod.java:44)
	at org.junit.internal.runners.statements.InvokeMethod.evaluate(InvokeMethod.java:17)
	at org.junit.runners.ParentRunner.runLeaf(ParentRunner.java:271)
	at org.junit.runners.BlockJUnit4ClassRunner.runChild(BlockJUnit4ClassRunner.java:70)
	at org.junit.runners.BlockJUnit4ClassRunner.runChild(BlockJUnit4ClassRunner.java:50)
	at org.junit.runners.ParentRunner$3.run(ParentRunner.java:238)
	at org.junit.runners.ParentRunner$1.schedule(ParentRunner.java:63)
	at org.junit.runners.ParentRunner.runChildren(ParentRunner.java:236)
	at org.junit.runners.ParentRunner.access$000(ParentRunner.java:53)
	at org.junit.runners.ParentRunner$2.evaluate(ParentRunner.java:229)
	at org.junit.runners.ParentRunner.run(ParentRunner.java:309)
	at org.apache.maven.surefire.junit4.JUnit4Provider.execute(JUnit4Provider.java:252)
	at org.apache.maven.surefire.junit4.JUnit4Provider.executeTestSet(JUnit4Provider.java:141)
	at org.apache.maven.surefire.junit4.JUnit4Provider.invoke(JUnit4Provider.java:112)
	at sun.reflect.NativeMethodAccessorImpl.invoke0(Native Method)
	at sun.reflect.NativeMethodAccessorImpl.invoke(NativeMethodAccessorImpl.java:62)
	at sun.reflect.DelegatingMethodAccessorImpl.invoke(DelegatingMethodAccessorImpl.java:43)
	at java.lang.reflect.Method.invoke(Method.java:498)
	at org.apache.maven.surefire.util.ReflectionUtils.invokeMethodWithArray(ReflectionUtils.java:189)
	at org.apache.maven.surefire.booter.ProviderFactory$ProviderProxy.invoke(ProviderFactory.java:165)
	at org.apache.maven.surefire.booter.ProviderFactory.invokeProvider(ProviderFactory.java:85)
	at org.apache.maven.surefire.booter.ForkedBooter.runSuitesInProcess(ForkedBooter.java:115)
	at org.apache.maven.surefire.booter.ForkedBooter.main(ForkedBooter.java:75)
</failure>
    <system-out>hi! gained curse
Player1 gained great_hall
Player2 gained great_hall
hi! gained great_hall to top of deck.
hi! gained curse
</system-out>
  </testcase>
  <testcase classname="RegressionTest" name="test302" time="0.02"/>
  <testcase classname="RegressionTest" name="test303" time="0">
    <failure message="&apos;curse&apos; != &apos;copper&apos;" type="java.lang.AssertionError">java.lang.AssertionError: &apos;curse&apos; != &apos;copper&apos;
	at org.junit.Assert.fail(Assert.java:88)
	at org.junit.Assert.assertTrue(Assert.java:41)
	at RegressionTest.test303(RegressionTest.java:19755)
	at sun.reflect.NativeMethodAccessorImpl.invoke0(Native Method)
	at sun.reflect.NativeMethodAccessorImpl.invoke(NativeMethodAccessorImpl.java:62)
	at sun.reflect.DelegatingMethodAccessorImpl.invoke(DelegatingMethodAccessorImpl.java:43)
	at java.lang.reflect.Method.invoke(Method.java:498)
	at org.junit.runners.model.FrameworkMethod$1.runReflectiveCall(FrameworkMethod.java:47)
	at org.junit.internal.runners.model.ReflectiveCallable.run(ReflectiveCallable.java:12)
	at org.junit.runners.model.FrameworkMethod.invokeExplosively(FrameworkMethod.java:44)
	at org.junit.internal.runners.statements.InvokeMethod.evaluate(InvokeMethod.java:17)
	at org.junit.runners.ParentRunner.runLeaf(ParentRunner.java:271)
	at org.junit.runners.BlockJUnit4ClassRunner.runChild(BlockJUnit4ClassRunner.java:70)
	at org.junit.runners.BlockJUnit4ClassRunner.runChild(BlockJUnit4ClassRunner.java:50)
	at org.junit.runners.ParentRunner$3.run(ParentRunner.java:238)
	at org.junit.runners.ParentRunner$1.schedule(ParentRunner.java:63)
	at org.junit.runners.ParentRunner.runChildren(ParentRunner.java:236)
	at org.junit.runners.ParentRunner.access$000(ParentRunner.java:53)
	at org.junit.runners.ParentRunner$2.evaluate(ParentRunner.java:229)
	at org.junit.runners.ParentRunner.run(ParentRunner.java:309)
	at org.apache.maven.surefire.junit4.JUnit4Provider.execute(JUnit4Provider.java:252)
	at org.apache.maven.surefire.junit4.JUnit4Provider.executeTestSet(JUnit4Provider.java:141)
	at org.apache.maven.surefire.junit4.JUnit4Provider.invoke(JUnit4Provider.java:112)
	at sun.reflect.NativeMethodAccessorImpl.invoke0(Native Method)
	at sun.reflect.NativeMethodAccessorImpl.invoke(NativeMethodAccessorImpl.java:62)
	at sun.reflect.DelegatingMethodAccessorImpl.invoke(DelegatingMethodAccessorImpl.java:43)
	at java.lang.reflect.Method.invoke(Method.java:498)
	at org.apache.maven.surefire.util.ReflectionUtils.invokeMethodWithArray(ReflectionUtils.java:189)
	at org.apache.maven.surefire.booter.ProviderFactory$ProviderProxy.invoke(ProviderFactory.java:165)
	at org.apache.maven.surefire.booter.ProviderFactory.invokeProvider(ProviderFactory.java:85)
	at org.apache.maven.surefire.booter.ForkedBooter.runSuitesInProcess(ForkedBooter.java:115)
	at org.apache.maven.surefire.booter.ForkedBooter.main(ForkedBooter.java:75)
</failure>
    <system-out>hi! gained curse
Shuffling Player1&apos;s deck.
copper was drawn from the deck.
Shuffling Player2&apos;s deck.
copper was drawn from the deck.
hi! gained gardens to top of deck.
gardens was drawn from the deck.
Shuffling hi!&apos;s deck.
copper was drawn from the deck.
</system-out>
  </testcase>
  <testcase classname="RegressionTest" name="test304" time="0"/>
  <testcase classname="RegressionTest" name="test305" time="0"/>
  <testcase classname="RegressionTest" name="test306" time="0.01">
    <failure message="&apos;curse&apos; != &apos;copper&apos;" type="java.lang.AssertionError">java.lang.AssertionError: &apos;curse&apos; != &apos;copper&apos;
	at org.junit.Assert.fail(Assert.java:88)
	at org.junit.Assert.assertTrue(Assert.java:41)
	at RegressionTest.test306(RegressionTest.java:19980)
	at sun.reflect.NativeMethodAccessorImpl.invoke0(Native Method)
	at sun.reflect.NativeMethodAccessorImpl.invoke(NativeMethodAccessorImpl.java:62)
	at sun.reflect.DelegatingMethodAccessorImpl.invoke(DelegatingMethodAccessorImpl.java:43)
	at java.lang.reflect.Method.invoke(Method.java:498)
	at org.junit.runners.model.FrameworkMethod$1.runReflectiveCall(FrameworkMethod.java:47)
	at org.junit.internal.runners.model.ReflectiveCallable.run(ReflectiveCallable.java:12)
	at org.junit.runners.model.FrameworkMethod.invokeExplosively(FrameworkMethod.java:44)
	at org.junit.internal.runners.statements.InvokeMethod.evaluate(InvokeMethod.java:17)
	at org.junit.runners.ParentRunner.runLeaf(ParentRunner.java:271)
	at org.junit.runners.BlockJUnit4ClassRunner.runChild(BlockJUnit4ClassRunner.java:70)
	at org.junit.runners.BlockJUnit4ClassRunner.runChild(BlockJUnit4ClassRunner.java:50)
	at org.junit.runners.ParentRunner$3.run(ParentRunner.java:238)
	at org.junit.runners.ParentRunner$1.schedule(ParentRunner.java:63)
	at org.junit.runners.ParentRunner.runChildren(ParentRunner.java:236)
	at org.junit.runners.ParentRunner.access$000(ParentRunner.java:53)
	at org.junit.runners.ParentRunner$2.evaluate(ParentRunner.java:229)
	at org.junit.runners.ParentRunner.run(ParentRunner.java:309)
	at org.apache.maven.surefire.junit4.JUnit4Provider.execute(JUnit4Provider.java:252)
	at org.apache.maven.surefire.junit4.JUnit4Provider.executeTestSet(JUnit4Provider.java:141)
	at org.apache.maven.surefire.junit4.JUnit4Provider.invoke(JUnit4Provider.java:112)
	at sun.reflect.NativeMethodAccessorImpl.invoke0(Native Method)
	at sun.reflect.NativeMethodAccessorImpl.invoke(NativeMethodAccessorImpl.java:62)
	at sun.reflect.DelegatingMethodAccessorImpl.invoke(DelegatingMethodAccessorImpl.java:43)
	at java.lang.reflect.Method.invoke(Method.java:498)
	at org.apache.maven.surefire.util.ReflectionUtils.invokeMethodWithArray(ReflectionUtils.java:189)
	at org.apache.maven.surefire.booter.ProviderFactory$ProviderProxy.invoke(ProviderFactory.java:165)
	at org.apache.maven.surefire.booter.ProviderFactory.invokeProvider(ProviderFactory.java:85)
	at org.apache.maven.surefire.booter.ForkedBooter.runSuitesInProcess(ForkedBooter.java:115)
	at org.apache.maven.surefire.booter.ForkedBooter.main(ForkedBooter.java:75)
</failure>
    <system-out>hi! discarded cutpurse

STARTING NEW GAME!

Player1 is now starting a turn.
Shuffling Player1&apos;s deck.
copper was drawn from the deck.
copper was drawn from the deck.
estate was drawn from the deck.
copper was drawn from the deck.
estate was drawn from the deck.
Player1 gained curse card because of embargo token.
Player1 gained curse
Player1 gained curse card because of embargo token.
Player1 gained curse
Player1 bought duchy

Player2 is now starting a turn.
Shuffling Player2&apos;s deck.
copper was drawn from the deck.
copper was drawn from the deck.
estate was drawn from the deck.
copper was drawn from the deck.
copper was drawn from the deck.
Player2 gained curse card because of embargo token.
Player2 gained curse
Player2 gained curse card because of embargo token.
Player2 gained curse
Player2 bought duchy

Player1 is now starting a turn.
copper was drawn from the deck.
estate was drawn from the deck.
copper was drawn from the deck.
copper was drawn from the deck.
copper was drawn from the deck.
Player1 gained curse card because of embargo token.
Player1 gained curse
Player1 gained curse card because of embargo token.
Player1 gained curse
Player1 gained curse card because of embargo token.
Player1 gained curse
Player1 bought mine

Player2 is now starting a turn.
copper was drawn from the deck.
copper was drawn from the deck.
estate was drawn from the deck.
estate was drawn from the deck.
copper was drawn from the deck.
Player2 gained curse card because of embargo token.
Player2 gained curse
Player2 gained curse card because of embargo token.
Player2 gained curse
Player2 gained curse card because of embargo token.
Player2 gained curse
Player2 bought mine

Player1 is now starting a turn.
Shuffling Player1&apos;s deck.
copper was drawn from the deck.
duchy was drawn from the deck.
curse was drawn from the deck.
curse was drawn from the deck.
estate was drawn from the deck.
Player1 bought embargo

Player2 is now starting a turn.
Shuffling Player2&apos;s deck.
curse was drawn from the deck.
curse was drawn from the deck.
curse was drawn from the deck.
estate was drawn from the deck.
copper was drawn from the deck.
Player2 bought estate

Player1 is now starting a turn.
curse was drawn from the deck.
copper was drawn from the deck.
curse was drawn from the deck.
copper was drawn from the deck.
estate was drawn from the deck.
Player1 bought silver

Player2 is now starting a turn.
copper was drawn from the deck.
estate was drawn from the deck.
curse was drawn from the deck.
mine was drawn from the deck.
curse was drawn from the deck.
Playing action card: mine
Player2 gained gold
Player2 bought duchy

Player1 is now starting a turn.
copper was drawn from the deck.
copper was drawn from the deck.
curse was drawn from the deck.
copper was drawn from the deck.
mine was drawn from the deck.
Playing action card: mine
Player1 gained gold
Player1 bought gold

Player2 is now starting a turn.
copper was drawn from the deck.
copper was drawn from the deck.
copper was drawn from the deck.
estate was drawn from the deck.
duchy was drawn from the deck.
Player2 bought gardens

Player1 is now starting a turn.
copper was drawn from the deck.
estate was drawn from the deck.
Shuffling Player1&apos;s deck.
curse was drawn from the deck.
copper was drawn from the deck.
gold was drawn from the deck.
Player1 bought gold

Player2 is now starting a turn.
copper was drawn from the deck.
copper was drawn from the deck.
Shuffling Player2&apos;s deck.
gold was drawn from the deck.
estate was drawn from the deck.
estate was drawn from the deck.
Player2 bought adventurer

Player1 is now starting a turn.
mine was drawn from the deck.
curse was drawn from the deck.
gold was drawn from the deck.
copper was drawn from the deck.
curse was drawn from the deck.
Playing action card: mine
Player1 gained gold
Player1 bought gold

Player2 is now starting a turn.
copper was drawn from the deck.
curse was drawn from the deck.
curse was drawn from the deck.
duchy was drawn from the deck.
copper was drawn from the deck.
Player2 bought estate

Player1 is now starting a turn.
copper was drawn from the deck.
curse was drawn from the deck.
duchy was drawn from the deck.
estate was drawn from the deck.
copper was drawn from the deck.
Player1 bought silver

Player2 is now starting a turn.
curse was drawn from the deck.
copper was drawn from the deck.
estate was drawn from the deck.
estate was drawn from the deck.
duchy was drawn from the deck.
Player2 bought great_hall

Player1 is now starting a turn.
curse was drawn from the deck.
copper was drawn from the deck.
copper was drawn from the deck.
embargo was drawn from the deck.
silver was drawn from the deck.
Playing action card: embargo
Player1 added embargo token to silver supply pile.
Player1 bought adventurer

Player2 is now starting a turn.
copper was drawn from the deck.
curse was drawn from the deck.
gardens was drawn from the deck.
curse was drawn from the deck.
mine was drawn from the deck.
Playing action card: mine
Player2 gained gold
Player2 bought baron

Player1 is now starting a turn.
estate was drawn from the deck.
Shuffling Player1&apos;s deck.
estate was drawn from the deck.
gold was drawn from the deck.
adventurer was drawn from the deck.
curse was drawn from the deck.
Playing action card: adventurer
copper was drawn from the deck.
gold was drawn from the deck.
Player1 bought province

Player2 is now starting a turn.
copper was drawn from the deck.
Shuffling Player2&apos;s deck.
copper was drawn from the deck.
duchy was drawn from the deck.
curse was drawn from the deck.
baron was drawn from the deck.
Playing action card: baron
Player2 gained estate
Player2 bought embargo
Player2 bought copper

Player1 is now starting a turn.
curse was drawn from the deck.
silver was drawn from the deck.
gold was drawn from the deck.
copper was drawn from the deck.
copper was drawn from the deck.
Player1 bought gold

Player2 is now starting a turn.
copper was drawn from the deck.
estate was drawn from the deck.
copper was drawn from the deck.
estate was drawn from the deck.
estate was drawn from the deck.
Player2 bought duchy

Player1 is now starting a turn.
silver was drawn from the deck.
copper was drawn from the deck.
estate was drawn from the deck.
curse was drawn from the deck.
gold was drawn from the deck.
Player1 bought gold

Player2 is now starting a turn.
curse was drawn from the deck.
gold was drawn from the deck.
curse was drawn from the deck.
gold was drawn from the deck.
copper was drawn from the deck.
Player2 bought gold

Player1 is now starting a turn.
copper was drawn from the deck.
duchy was drawn from the deck.
curse was drawn from the deck.
gold was drawn from the deck.
curse was drawn from the deck.
Player1 bought cutpurse

Player2 is now starting a turn.
gardens was drawn from the deck.
estate was drawn from the deck.
adventurer was drawn from the deck.
curse was drawn from the deck.
copper was drawn from the deck.
Playing action card: adventurer
great_hall was drawn from the deck.
Player2 discarded great_hall
copper was drawn from the deck.
curse was drawn from the deck.
Player2 discarded curse
duchy was drawn from the deck.
Player2 discarded duchy
mine was drawn from the deck.
Player2 discarded mine
estate was drawn from the deck.
Player2 discarded estate
Player2 bought great_hall

Player1 is now starting a turn.
copper was drawn from the deck.
mine was drawn from the deck.
copper was drawn from the deck.
embargo was drawn from the deck.
Shuffling Player1&apos;s deck.
copper was drawn from the deck.
Playing action card: embargo
Player1 added embargo token to feast supply pile.
Player1 bought duchy

Player2 is now starting a turn.
Shuffling Player2&apos;s deck.
copper was drawn from the deck.
curse was drawn from the deck.
gardens was drawn from the deck.
copper was drawn from the deck.
copper was drawn from the deck.
Player2 bought great_hall

Player1 is now starting a turn.
gold was drawn from the deck.
gold was drawn from the deck.
adventurer was drawn from the deck.
curse was drawn from the deck.
curse was drawn from the deck.
Playing action card: adventurer
estate was drawn from the deck.
Player1 discarded estate
gold was drawn from the deck.
copper was drawn from the deck.
Player1 bought province

Player2 is now starting a turn.
estate was drawn from the deck.
baron was drawn from the deck.
copper was drawn from the deck.
duchy was drawn from the deck.
curse was drawn from the deck.
Playing action card: baron
Player2 discarded estate
Player2 bought mine
Player2 bought copper

Player1 is now starting a turn.
estate was drawn from the deck.
silver was drawn from the deck.
gold was drawn from the deck.
curse was drawn from the deck.
duchy was drawn from the deck.
Player1 bought gold

Player2 is now starting a turn.
gold was drawn from the deck.
estate was drawn from the deck.
gold was drawn from the deck.
estate was drawn from the deck.
estate was drawn from the deck.
Player2 bought province

Player1 is now starting a turn.
gold was drawn from the deck.
curse was drawn from the deck.
gold was drawn from the deck.
gold was drawn from the deck.
copper was drawn from the deck.
Player1 bought province

Player2 is now starting a turn.
adventurer was drawn from the deck.
copper was drawn from the deck.
gold was drawn from the deck.
great_hall was drawn from the deck.
embargo was drawn from the deck.
Playing action card: great_hall
mine was drawn from the deck.
Playing action card: mine
Player2 gained gold
Player2 bought gold

Player1 is now starting a turn.
copper was drawn from the deck.
estate was drawn from the deck.
province was drawn from the deck.
cutpurse was drawn from the deck.
copper was drawn from the deck.
Playing action card: cutpurse
Player2 had no coppers to discard. 
Player1 bought duchy

Player2 is now starting a turn.
curse was drawn from the deck.
duchy was drawn from the deck.
copper was drawn from the deck.
duchy was drawn from the deck.
curse was drawn from the deck.
Player2 bought copper

Player1 is now starting a turn.
curse was drawn from the deck.
silver was drawn from the deck.
Shuffling Player1&apos;s deck.
estate was drawn from the deck.
gold was drawn from the deck.
gold was drawn from the deck.
Player1 bought province

Player2 is now starting a turn.
estate was drawn from the deck.
copper was drawn from the deck.
great_hall was drawn from the deck.
copper was drawn from the deck.
estate was drawn from the deck.
Playing action card: great_hall
curse was drawn from the deck.
Player2 bought feast

Player1 is now starting a turn.
copper was drawn from the deck.
copper was drawn from the deck.
copper was drawn from the deck.
gold was drawn from the deck.
curse was drawn from the deck.
Player1 bought gold

Player2 is now starting a turn.
Shuffling Player2&apos;s deck.
great_hall was drawn from the deck.
duchy was drawn from the deck.
copper was drawn from the deck.
curse was drawn from the deck.
copper was drawn from the deck.
Playing action card: great_hall
copper was drawn from the deck.
Player2 bought silver

Player1 is now starting a turn.
copper was drawn from the deck.
mine was drawn from the deck.
duchy was drawn from the deck.
gold was drawn from the deck.
duchy was drawn from the deck.
Playing action card: mine
Player1 gained gold
Player1 bought adventurer

Player2 is now starting a turn.
gold was drawn from the deck.
copper was drawn from the deck.
mine was drawn from the deck.
copper was drawn from the deck.
estate was drawn from the deck.
Playing action card: mine
Player2 gained gold
Player2 bought province

Player1 is now starting a turn.
gold was drawn from the deck.
gold was drawn from the deck.
copper was drawn from the deck.
province was drawn from the deck.
curse was drawn from the deck.
Player1 bought gold

Player2 is now starting a turn.
curse was drawn from the deck.
estate was drawn from the deck.
gold was drawn from the deck.
duchy was drawn from the deck.
embargo was drawn from the deck.
Playing action card: embargo
Player2 added embargo token to silver supply pile.
Player2 bought gold

Player1 is now starting a turn.
province was drawn from the deck.
cutpurse was drawn from the deck.
gold was drawn from the deck.
province was drawn from the deck.
silver was drawn from the deck.
Playing action card: cutpurse
Player2 had no coppers to discard. 
Player1 bought gold

Player2 is now starting a turn.
baron was drawn from the deck.
curse was drawn from the deck.
province was drawn from the deck.
gold was drawn from the deck.
curse was drawn from the deck.
Playing action card: baron
Player2 gained estate
Player2 bought silver
Player2 bought copper

Player1 is now starting a turn.
gold was drawn from the deck.
adventurer was drawn from the deck.
curse was drawn from the deck.
embargo was drawn from the deck.
copper was drawn from the deck.
Playing action card: embargo
Player1 added embargo token to baron supply pile.
Player1 bought gold

Player2 is now starting a turn.
copper was drawn from the deck.
great_hall was drawn from the deck.
mine was drawn from the deck.
estate was drawn from the deck.
curse was drawn from the deck.
Playing action card: mine
Player2 gained gold
Player2 bought mine

Player1 is now starting a turn.
curse was drawn from the deck.
estate was drawn from the deck.
copper was drawn from the deck.
estate was drawn from the deck.
duchy was drawn from the deck.
Player1 bought silver

Player2 is now starting a turn.
copper was drawn from the deck.
duchy was drawn from the deck.
adventurer was drawn from the deck.
copper was drawn from the deck.
gardens was drawn from the deck.
Playing action card: adventurer
feast was drawn from the deck.
Player2 discarded feast
estate was drawn from the deck.
Player2 discarded estate
gold was drawn from the deck.
copper was drawn from the deck.
Player2 bought adventurer

Player1 is now starting a turn.
Shuffling Player1&apos;s deck.
curse was drawn from the deck.
cutpurse was drawn from the deck.
copper was drawn from the deck.
gold was drawn from the deck.
gold was drawn from the deck.
Playing action card: cutpurse
Player2 had no coppers to discard. 
Player1 bought province

Player2 is now starting a turn.
gold was drawn from the deck.
great_hall was drawn from the deck.
estate was drawn from the deck.
estate was drawn from the deck.
copper was drawn from the deck.
Playing action card: great_hall
Shuffling Player2&apos;s deck.
curse was drawn from the deck.
Player2 bought adventurer

Player1 is now starting a turn.
gold was drawn from the deck.
silver was drawn from the deck.
embargo was drawn from the deck.
gold was drawn from the deck.
gold was drawn from the deck.
Playing action card: embargo
Player1 added embargo token to baron supply pile.
Player1 bought province
GAME OVER! Province card pile is empty. 
Player1: 1450
Player2: 1522
hi! gained cutpurse to top of deck.
</system-out>
  </testcase>
  <testcase classname="RegressionTest" name="test307" time="0.02"/>
  <testcase classname="RegressionTest" name="test308" time="0"/>
  <testcase classname="RegressionTest" name="test309" time="0.001"/>
  <testcase classname="RegressionTest" name="test310" time="0"/>
  <testcase classname="RegressionTest" name="test311" time="0.01"/>
  <testcase classname="RegressionTest" name="test312" time="0.037">
    <failure type="java.lang.AssertionError">java.lang.AssertionError
	at org.junit.Assert.fail(Assert.java:86)
	at org.junit.Assert.assertTrue(Assert.java:41)
	at org.junit.Assert.assertTrue(Assert.java:52)
	at RegressionTest.test312(RegressionTest.java:20524)
	at sun.reflect.NativeMethodAccessorImpl.invoke0(Native Method)
	at sun.reflect.NativeMethodAccessorImpl.invoke(NativeMethodAccessorImpl.java:62)
	at sun.reflect.DelegatingMethodAccessorImpl.invoke(DelegatingMethodAccessorImpl.java:43)
	at java.lang.reflect.Method.invoke(Method.java:498)
	at org.junit.runners.model.FrameworkMethod$1.runReflectiveCall(FrameworkMethod.java:47)
	at org.junit.internal.runners.model.ReflectiveCallable.run(ReflectiveCallable.java:12)
	at org.junit.runners.model.FrameworkMethod.invokeExplosively(FrameworkMethod.java:44)
	at org.junit.internal.runners.statements.InvokeMethod.evaluate(InvokeMethod.java:17)
	at org.junit.runners.ParentRunner.runLeaf(ParentRunner.java:271)
	at org.junit.runners.BlockJUnit4ClassRunner.runChild(BlockJUnit4ClassRunner.java:70)
	at org.junit.runners.BlockJUnit4ClassRunner.runChild(BlockJUnit4ClassRunner.java:50)
	at org.junit.runners.ParentRunner$3.run(ParentRunner.java:238)
	at org.junit.runners.ParentRunner$1.schedule(ParentRunner.java:63)
	at org.junit.runners.ParentRunner.runChildren(ParentRunner.java:236)
	at org.junit.runners.ParentRunner.access$000(ParentRunner.java:53)
	at org.junit.runners.ParentRunner$2.evaluate(ParentRunner.java:229)
	at org.junit.runners.ParentRunner.run(ParentRunner.java:309)
	at org.apache.maven.surefire.junit4.JUnit4Provider.execute(JUnit4Provider.java:252)
	at org.apache.maven.surefire.junit4.JUnit4Provider.executeTestSet(JUnit4Provider.java:141)
	at org.apache.maven.surefire.junit4.JUnit4Provider.invoke(JUnit4Provider.java:112)
	at sun.reflect.NativeMethodAccessorImpl.invoke0(Native Method)
	at sun.reflect.NativeMethodAccessorImpl.invoke(NativeMethodAccessorImpl.java:62)
	at sun.reflect.DelegatingMethodAccessorImpl.invoke(DelegatingMethodAccessorImpl.java:43)
	at java.lang.reflect.Method.invoke(Method.java:498)
	at org.apache.maven.surefire.util.ReflectionUtils.invokeMethodWithArray(ReflectionUtils.java:189)
	at org.apache.maven.surefire.booter.ProviderFactory$ProviderProxy.invoke(ProviderFactory.java:165)
	at org.apache.maven.surefire.booter.ProviderFactory.invokeProvider(ProviderFactory.java:85)
	at org.apache.maven.surefire.booter.ForkedBooter.runSuitesInProcess(ForkedBooter.java:115)
	at org.apache.maven.surefire.booter.ForkedBooter.main(ForkedBooter.java:75)
</failure>
    <system-out>hi! gained curse

STARTING NEW GAME!

Player1 is now starting a turn.
Shuffling Player1&apos;s deck.
copper was drawn from the deck.
copper was drawn from the deck.
estate was drawn from the deck.
copper was drawn from the deck.
estate was drawn from the deck.
Player1 gained curse card because of embargo token.
Player1 gained curse
Player1 gained curse card because of embargo token.
Player1 gained curse
Player1 bought duchy

Player2 is now starting a turn.
Shuffling Player2&apos;s deck.
copper was drawn from the deck.
copper was drawn from the deck.
estate was drawn from the deck.
copper was drawn from the deck.
copper was drawn from the deck.
Player2 gained curse card because of embargo token.
Player2 gained curse
Player2 gained curse card because of embargo token.
Player2 gained curse
Player2 bought duchy

Player1 is now starting a turn.
copper was drawn from the deck.
estate was drawn from the deck.
copper was drawn from the deck.
copper was drawn from the deck.
copper was drawn from the deck.
Player1 gained curse card because of embargo token.
Player1 gained curse
Player1 gained curse card because of embargo token.
Player1 gained curse
Player1 gained curse card because of embargo token.
Player1 gained curse
Player1 bought mine

Player2 is now starting a turn.
copper was drawn from the deck.
copper was drawn from the deck.
estate was drawn from the deck.
estate was drawn from the deck.
copper was drawn from the deck.
Player2 gained curse card because of embargo token.
Player2 gained curse
Player2 gained curse card because of embargo token.
Player2 gained curse
Player2 gained curse card because of embargo token.
Player2 gained curse
Player2 bought mine

Player1 is now starting a turn.
Shuffling Player1&apos;s deck.
copper was drawn from the deck.
duchy was drawn from the deck.
curse was drawn from the deck.
curse was drawn from the deck.
estate was drawn from the deck.
Player1 bought embargo

Player2 is now starting a turn.
Shuffling Player2&apos;s deck.
curse was drawn from the deck.
curse was drawn from the deck.
curse was drawn from the deck.
estate was drawn from the deck.
copper was drawn from the deck.
Player2 bought estate

Player1 is now starting a turn.
curse was drawn from the deck.
copper was drawn from the deck.
curse was drawn from the deck.
copper was drawn from the deck.
estate was drawn from the deck.
Player1 bought village

Player2 is now starting a turn.
copper was drawn from the deck.
estate was drawn from the deck.
curse was drawn from the deck.
mine was drawn from the deck.
curse was drawn from the deck.
Playing action card: mine
Player2 gained gold
Player2 bought duchy

Player1 is now starting a turn.
copper was drawn from the deck.
copper was drawn from the deck.
curse was drawn from the deck.
copper was drawn from the deck.
mine was drawn from the deck.
Playing action card: mine
Player1 gained gold
Player1 bought gold

Player2 is now starting a turn.
copper was drawn from the deck.
copper was drawn from the deck.
copper was drawn from the deck.
estate was drawn from the deck.
duchy was drawn from the deck.
Player2 bought gardens

Player1 is now starting a turn.
copper was drawn from the deck.
estate was drawn from the deck.
Shuffling Player1&apos;s deck.
curse was drawn from the deck.
copper was drawn from the deck.
gold was drawn from the deck.
Player1 bought gold

Player2 is now starting a turn.
copper was drawn from the deck.
copper was drawn from the deck.
Shuffling Player2&apos;s deck.
gold was drawn from the deck.
estate was drawn from the deck.
estate was drawn from the deck.
Player2 bought adventurer

Player1 is now starting a turn.
mine was drawn from the deck.
curse was drawn from the deck.
gold was drawn from the deck.
copper was drawn from the deck.
curse was drawn from the deck.
Playing action card: mine
Player1 gained gold
Player1 bought gold

Player2 is now starting a turn.
copper was drawn from the deck.
curse was drawn from the deck.
curse was drawn from the deck.
duchy was drawn from the deck.
copper was drawn from the deck.
Player2 bought estate

Player1 is now starting a turn.
copper was drawn from the deck.
curse was drawn from the deck.
duchy was drawn from the deck.
estate was drawn from the deck.
copper was drawn from the deck.
Player1 bought silver

Player2 is now starting a turn.
curse was drawn from the deck.
copper was drawn from the deck.
estate was drawn from the deck.
estate was drawn from the deck.
duchy was drawn from the deck.
Player2 bought ambassador

Player1 is now starting a turn.
curse was drawn from the deck.
copper was drawn from the deck.
copper was drawn from the deck.
embargo was drawn from the deck.
village was drawn from the deck.
Playing action card: village
estate was drawn from the deck.
Playing action card: embargo
Player1 added embargo token to province supply pile.
Player1 bought duchy

Player2 is now starting a turn.
copper was drawn from the deck.
curse was drawn from the deck.
gardens was drawn from the deck.
curse was drawn from the deck.
mine was drawn from the deck.
Playing action card: mine
Player2 gained gold
Player2 bought gardens

Player1 is now starting a turn.
Shuffling Player1&apos;s deck.
mine was drawn from the deck.
curse was drawn from the deck.
copper was drawn from the deck.
gold was drawn from the deck.
estate was drawn from the deck.
Playing action card: mine
Player1 gained gold
Player1 bought province

Player2 is now starting a turn.
copper was drawn from the deck.
Shuffling Player2&apos;s deck.
gardens was drawn from the deck.
curse was drawn from the deck.
copper was drawn from the deck.
ambassador was drawn from the deck.
Playing action card: ambassador
Player2 returned 0 copies of gardens
Player1 gained gardens
Player2 bought estate

Player1 is now starting a turn.
curse was drawn from the deck.
curse was drawn from the deck.
gold was drawn from the deck.
gold was drawn from the deck.
gold was drawn from the deck.
Player1 bought province

Player2 is now starting a turn.
copper was drawn from the deck.
estate was drawn from the deck.
curse was drawn from the deck.
copper was drawn from the deck.
duchy was drawn from the deck.
Player2 bought ambassador

Player1 is now starting a turn.
curse was drawn from the deck.
copper was drawn from the deck.
copper was drawn from the deck.
copper was drawn from the deck.
copper was drawn from the deck.
Player1 bought seahag

Player2 is now starting a turn.
copper was drawn from the deck.
curse was drawn from the deck.
mine was drawn from the deck.
estate was drawn from the deck.
gold was drawn from the deck.
Playing action card: mine
Player2 gained gold
Player2 bought province

Player1 is now starting a turn.
duchy was drawn from the deck.
duchy was drawn from the deck.
silver was drawn from the deck.
estate was drawn from the deck.
embargo was drawn from the deck.
Playing action card: embargo
Player1 added embargo token to copper supply pile.
Player1 bought duchy

Player2 is now starting a turn.
adventurer was drawn from the deck.
gardens was drawn from the deck.
copper was drawn from the deck.
estate was drawn from the deck.
gold was drawn from the deck.
Playing action card: adventurer
estate was drawn from the deck.
Player2 discarded estate
curse was drawn from the deck.
Player2 discarded curse
duchy was drawn from the deck.
Player2 discarded duchy
curse was drawn from the deck.
Player2 discarded curse
estate was drawn from the deck.
Player2 discarded estate
copper was drawn from the deck.
Player2 bought adventurer

Player1 is now starting a turn.
gold was drawn from the deck.
copper was drawn from the deck.
estate was drawn from the deck.
copper was drawn from the deck.
village was drawn from the deck.
Playing action card: village
curse was drawn from the deck.
Player1 bought adventurer

Player2 is now starting a turn.
Shuffling Player2&apos;s deck.
gardens was drawn from the deck.
copper was drawn from the deck.
ambassador was drawn from the deck.
copper was drawn from the deck.
adventurer was drawn from the deck.
Playing action card: adventurer
gold was drawn from the deck.
copper was drawn from the deck.
Player2 bought adventurer

Player1 is now starting a turn.
Shuffling Player1&apos;s deck.
copper was drawn from the deck.
duchy was drawn from the deck.
curse was drawn from the deck.
embargo was drawn from the deck.
estate was drawn from the deck.
Playing action card: embargo
Player1 added embargo token to adventurer supply pile.
Player1 bought cutpurse

Player2 is now starting a turn.
mine was drawn from the deck.
curse was drawn from the deck.
estate was drawn from the deck.
ambassador was drawn from the deck.
estate was drawn from the deck.
Playing action card: ambassador
Player2 returned 0 copies of curse
Player2 bought embargo

Player1 is now starting a turn.
copper was drawn from the deck.
duchy was drawn from the deck.
village was drawn from the deck.
gold was drawn from the deck.
silver was drawn from the deck.
Playing action card: village
curse was drawn from the deck.
Player1 bought gold

Player2 is now starting a turn.
curse was drawn from the deck.
duchy was drawn from the deck.
adventurer was drawn from the deck.
curse was drawn from the deck.
gold was drawn from the deck.
Playing action card: adventurer
estate was drawn from the deck.
Player2 discarded estate
province was drawn from the deck.
Player2 discarded province
copper was drawn from the deck.
gardens was drawn from the deck.
Player2 discarded gardens
copper was drawn from the deck.
Player2 bought duchy

Player1 is now starting a turn.
copper was drawn from the deck.
gold was drawn from the deck.
adventurer was drawn from the deck.
province was drawn from the deck.
copper was drawn from the deck.
Playing action card: adventurer
duchy was drawn from the deck.
Player1 discarded duchy
curse was drawn from the deck.
Player1 discarded curse
province was drawn from the deck.
Player1 discarded province
estate was drawn from the deck.
Player1 discarded estate
copper was drawn from the deck.
curse was drawn from the deck.
Player1 discarded curse
gold was drawn from the deck.
Player1 bought province

Player2 is now starting a turn.
estate was drawn from the deck.
copper was drawn from the deck.
curse was drawn from the deck.
estate was drawn from the deck.
copper was drawn from the deck.
Player2 bought smithy

Player1 is now starting a turn.
estate was drawn from the deck.
copper was drawn from the deck.
gardens was drawn from the deck.
mine was drawn from the deck.
gold was drawn from the deck.
Playing action card: mine
Player1 gained gold
Player1 bought province

Player2 is now starting a turn.
estate was drawn from the deck.
duchy was drawn from the deck.
gold was drawn from the deck.
curse was drawn from the deck.
Shuffling Player2&apos;s deck.
estate was drawn from the deck.
Player2 bought mine

Player1 is now starting a turn.
gold was drawn from the deck.
curse was drawn from the deck.
seahag was drawn from the deck.
copper was drawn from the deck.
gold was drawn from the deck.
Playing action card: seahag
estate was drawn from the deck.
Player2 discarded estate
Player2 gained curse to top of deck.
Player1 bought gold

Player2 is now starting a turn.
curse was drawn from the deck.
curse was drawn from the deck.
province was drawn from the deck.
duchy was drawn from the deck.
copper was drawn from the deck.
Player2 bought copper

Player1 is now starting a turn.
Shuffling Player1&apos;s deck.
gold was drawn from the deck.
gold was drawn from the deck.
seahag was drawn from the deck.
province was drawn from the deck.
copper was drawn from the deck.
Playing action card: seahag
gold was drawn from the deck.
Player2 discarded gold
Player2 gained curse to top of deck.
Player1 bought gold

Player2 is now starting a turn.
curse was drawn from the deck.
ambassador was drawn from the deck.
copper was drawn from the deck.
gold was drawn from the deck.
ambassador was drawn from the deck.
Playing action card: ambassador
Player2 returned 0 copies of copper
Player1 gained copper
Player2 bought gardens

Player1 is now starting a turn.
province was drawn from the deck.
estate was drawn from the deck.
copper was drawn from the deck.
gardens was drawn from the deck.
silver was drawn from the deck.
Player1 bought seahag

Player2 is now starting a turn.
copper was drawn from the deck.
adventurer was drawn from the deck.
estate was drawn from the deck.
curse was drawn from the deck.
estate was drawn from the deck.
Playing action card: adventurer
copper was drawn from the deck.
curse was drawn from the deck.
Player2 discarded curse
gardens was drawn from the deck.
Player2 discarded gardens
curse was drawn from the deck.
Player2 discarded curse
gardens was drawn from the deck.
Player2 discarded gardens
adventurer was drawn from the deck.
Player2 discarded adventurer
copper was drawn from the deck.
Player2 bought mine

Player1 is now starting a turn.
adventurer was drawn from the deck.
village was drawn from the deck.
duchy was drawn from the deck.
duchy was drawn from the deck.
curse was drawn from the deck.
Playing action card: adventurer
curse was drawn from the deck.
Player1 discarded curse
curse was drawn from the deck.
Player1 discarded curse
province was drawn from the deck.
Player1 discarded province
copper was drawn from the deck.
copper was drawn from the deck.
Player1 bought embargo

Player2 is now starting a turn.
mine was drawn from the deck.
estate was drawn from the deck.
duchy was drawn from the deck.
embargo was drawn from the deck.
adventurer was drawn from the deck.
Playing action card: mine
Player2 bought copper

Player1 is now starting a turn.
gold was drawn from the deck.
gold was drawn from the deck.
cutpurse was drawn from the deck.
estate was drawn from the deck.
duchy was drawn from the deck.
Playing action card: cutpurse
Player2 had no coppers to discard. 
Player1 bought province

Player2 is now starting a turn.
copper was drawn from the deck.
copper was drawn from the deck.
smithy was drawn from the deck.
Shuffling Player2&apos;s deck.
adventurer was drawn from the deck.
adventurer was drawn from the deck.
Playing action card: adventurer
gold was drawn from the deck.
adventurer was drawn from the deck.
Player2 discarded adventurer
embargo was drawn from the deck.
Player2 discarded embargo
province was drawn from the deck.
Player2 discarded province
duchy was drawn from the deck.
Player2 discarded duchy
gold was drawn from the deck.
Player2 bought province

Player1 is now starting a turn.
gold was drawn from the deck.
province was drawn from the deck.
mine was drawn from the deck.
gold was drawn from the deck.
curse was drawn from the deck.
Playing action card: mine
Player1 gained gold
Player1 bought province
GAME OVER! Province card pile is empty. 
Player1: 1347
Player2: 1655
Player1: 1347
Player2: 1655

STARTING NEW GAME!

Player1 is now starting a turn.
Shuffling Player1&apos;s deck.
copper was drawn from the deck.
copper was drawn from the deck.
estate was drawn from the deck.
copper was drawn from the deck.
estate was drawn from the deck.
Player1 gained curse card because of embargo token.
Player1 gained curse
Player1 gained curse card because of embargo token.
Player1 gained curse
Player1 bought duchy

Player2 is now starting a turn.
Shuffling Player2&apos;s deck.
copper was drawn from the deck.
copper was drawn from the deck.
estate was drawn from the deck.
copper was drawn from the deck.
copper was drawn from the deck.
Player2 gained curse card because of embargo token.
Player2 gained curse
Player2 gained curse card because of embargo token.
Player2 gained curse
Player2 bought duchy

Player1 is now starting a turn.
copper was drawn from the deck.
estate was drawn from the deck.
copper was drawn from the deck.
copper was drawn from the deck.
copper was drawn from the deck.
Player1 gained curse card because of embargo token.
Player1 gained curse
Player1 gained curse card because of embargo token.
Player1 gained curse
Player1 gained curse card because of embargo token.
Player1 gained curse
Player1 bought mine

Player2 is now starting a turn.
copper was drawn from the deck.
copper was drawn from the deck.
estate was drawn from the deck.
estate was drawn from the deck.
copper was drawn from the deck.
Player2 gained curse card because of embargo token.
Player2 gained curse
Player2 gained curse card because of embargo token.
Player2 gained curse
Player2 gained curse card because of embargo token.
Player2 gained curse
Player2 bought mine

Player1 is now starting a turn.
Shuffling Player1&apos;s deck.
copper was drawn from the deck.
duchy was drawn from the deck.
curse was drawn from the deck.
curse was drawn from the deck.
estate was drawn from the deck.
Player1 bought embargo

Player2 is now starting a turn.
Shuffling Player2&apos;s deck.
curse was drawn from the deck.
curse was drawn from the deck.
curse was drawn from the deck.
estate was drawn from the deck.
copper was drawn from the deck.
Player2 bought estate

Player1 is now starting a turn.
curse was drawn from the deck.
copper was drawn from the deck.
curse was drawn from the deck.
copper was drawn from the deck.
estate was drawn from the deck.
Player1 bought village

Player2 is now starting a turn.
copper was drawn from the deck.
estate was drawn from the deck.
curse was drawn from the deck.
mine was drawn from the deck.
curse was drawn from the deck.
Playing action card: mine
Player2 gained gold
Player2 bought duchy

Player1 is now starting a turn.
copper was drawn from the deck.
copper was drawn from the deck.
curse was drawn from the deck.
copper was drawn from the deck.
mine was drawn from the deck.
Playing action card: mine
Player1 gained gold
Player1 bought gold

Player2 is now starting a turn.
copper was drawn from the deck.
copper was drawn from the deck.
copper was drawn from the deck.
estate was drawn from the deck.
duchy was drawn from the deck.
Player2 bought gardens

Player1 is now starting a turn.
copper was drawn from the deck.
estate was drawn from the deck.
Shuffling Player1&apos;s deck.
curse was drawn from the deck.
copper was drawn from the deck.
gold was drawn from the deck.
Player1 bought gold

Player2 is now starting a turn.
copper was drawn from the deck.
copper was drawn from the deck.
Shuffling Player2&apos;s deck.
gold was drawn from the deck.
estate was drawn from the deck.
estate was drawn from the deck.
Player2 bought adventurer

Player1 is now starting a turn.
mine was drawn from the deck.
curse was drawn from the deck.
gold was drawn from the deck.
copper was drawn from the deck.
curse was drawn from the deck.
Playing action card: mine
Player1 gained gold
Player1 bought gold

Player2 is now starting a turn.
copper was drawn from the deck.
curse was drawn from the deck.
curse was drawn from the deck.
duchy was drawn from the deck.
copper was drawn from the deck.
Player2 bought estate

Player1 is now starting a turn.
copper was drawn from the deck.
curse was drawn from the deck.
duchy was drawn from the deck.
estate was drawn from the deck.
copper was drawn from the deck.
Player1 bought silver

Player2 is now starting a turn.
curse was drawn from the deck.
copper was drawn from the deck.
estate was drawn from the deck.
estate was drawn from the deck.
duchy was drawn from the deck.
Player2 bought ambassador

Player1 is now starting a turn.
curse was drawn from the deck.
copper was drawn from the deck.
copper was drawn from the deck.
embargo was drawn from the deck.
village was drawn from the deck.
Playing action card: village
estate was drawn from the deck.
Playing action card: embargo
Player1 added embargo token to province supply pile.
Player1 bought duchy

Player2 is now starting a turn.
copper was drawn from the deck.
curse was drawn from the deck.
gardens was drawn from the deck.
curse was drawn from the deck.
mine was drawn from the deck.
Playing action card: mine
Player2 gained gold
Player2 bought gardens

Player1 is now starting a turn.
Shuffling Player1&apos;s deck.
mine was drawn from the deck.
curse was drawn from the deck.
copper was drawn from the deck.
gold was drawn from the deck.
estate was drawn from the deck.
Playing action card: mine
Player1 gained gold
Player1 bought province

Player2 is now starting a turn.
copper was drawn from the deck.
Shuffling Player2&apos;s deck.
gardens was drawn from the deck.
curse was drawn from the deck.
copper was drawn from the deck.
ambassador was drawn from the deck.
Playing action card: ambassador
Player2 returned 0 copies of gardens
Player1 gained gardens
Player2 bought estate

Player1 is now starting a turn.
curse was drawn from the deck.
curse was drawn from the deck.
gold was drawn from the deck.
gold was drawn from the deck.
gold was drawn from the deck.
Player1 bought province

Player2 is now starting a turn.
copper was drawn from the deck.
estate was drawn from the deck.
curse was drawn from the deck.
copper was drawn from the deck.
duchy was drawn from the deck.
Player2 bought ambassador

Player1 is now starting a turn.
curse was drawn from the deck.
copper was drawn from the deck.
copper was drawn from the deck.
copper was drawn from the deck.
copper was drawn from the deck.
Player1 bought seahag

Player2 is now starting a turn.
copper was drawn from the deck.
curse was drawn from the deck.
mine was drawn from the deck.
estate was drawn from the deck.
gold was drawn from the deck.
Playing action card: mine
Player2 gained gold
Player2 bought province

Player1 is now starting a turn.
duchy was drawn from the deck.
duchy was drawn from the deck.
silver was drawn from the deck.
estate was drawn from the deck.
embargo was drawn from the deck.
Playing action card: embargo
Player1 added embargo token to copper supply pile.
Player1 bought duchy

Player2 is now starting a turn.
adventurer was drawn from the deck.
gardens was drawn from the deck.
copper was drawn from the deck.
estate was drawn from the deck.
gold was drawn from the deck.
Playing action card: adventurer
estate was drawn from the deck.
Player2 discarded estate
curse was drawn from the deck.
Player2 discarded curse
duchy was drawn from the deck.
Player2 discarded duchy
curse was drawn from the deck.
Player2 discarded curse
estate was drawn from the deck.
Player2 discarded estate
copper was drawn from the deck.
Player2 bought adventurer

Player1 is now starting a turn.
gold was drawn from the deck.
copper was drawn from the deck.
estate was drawn from the deck.
copper was drawn from the deck.
village was drawn from the deck.
Playing action card: village
curse was drawn from the deck.
Player1 bought adventurer

Player2 is now starting a turn.
Shuffling Player2&apos;s deck.
gardens was drawn from the deck.
copper was drawn from the deck.
ambassador was drawn from the deck.
copper was drawn from the deck.
adventurer was drawn from the deck.
Playing action card: adventurer
gold was drawn from the deck.
copper was drawn from the deck.
Player2 bought adventurer

Player1 is now starting a turn.
Shuffling Player1&apos;s deck.
copper was drawn from the deck.
duchy was drawn from the deck.
curse was drawn from the deck.
embargo was drawn from the deck.
estate was drawn from the deck.
Playing action card: embargo
Player1 added embargo token to adventurer supply pile.
Player1 bought cutpurse

Player2 is now starting a turn.
mine was drawn from the deck.
curse was drawn from the deck.
estate was drawn from the deck.
ambassador was drawn from the deck.
estate was drawn from the deck.
Playing action card: ambassador
Player2 returned 0 copies of curse
Player2 bought embargo

Player1 is now starting a turn.
copper was drawn from the deck.
duchy was drawn from the deck.
village was drawn from the deck.
gold was drawn from the deck.
silver was drawn from the deck.
Playing action card: village
curse was drawn from the deck.
Player1 bought gold

Player2 is now starting a turn.
curse was drawn from the deck.
duchy was drawn from the deck.
adventurer was drawn from the deck.
curse was drawn from the deck.
gold was drawn from the deck.
Playing action card: adventurer
estate was drawn from the deck.
Player2 discarded estate
province was drawn from the deck.
Player2 discarded province
copper was drawn from the deck.
gardens was drawn from the deck.
Player2 discarded gardens
copper was drawn from the deck.
Player2 bought duchy

Player1 is now starting a turn.
copper was drawn from the deck.
gold was drawn from the deck.
adventurer was drawn from the deck.
province was drawn from the deck.
copper was drawn from the deck.
Playing action card: adventurer
duchy was drawn from the deck.
Player1 discarded duchy
curse was drawn from the deck.
Player1 discarded curse
province was drawn from the deck.
Player1 discarded province
estate was drawn from the deck.
Player1 discarded estate
copper was drawn from the deck.
curse was drawn from the deck.
Player1 discarded curse
gold was drawn from the deck.
Player1 bought province

Player2 is now starting a turn.
estate was drawn from the deck.
copper was drawn from the deck.
curse was drawn from the deck.
estate was drawn from the deck.
copper was drawn from the deck.
Player2 bought smithy

Player1 is now starting a turn.
estate was drawn from the deck.
copper was drawn from the deck.
gardens was drawn from the deck.
mine was drawn from the deck.
gold was drawn from the deck.
Playing action card: mine
Player1 gained gold
Player1 bought province

Player2 is now starting a turn.
estate was drawn from the deck.
duchy was drawn from the deck.
gold was drawn from the deck.
curse was drawn from the deck.
Shuffling Player2&apos;s deck.
estate was drawn from the deck.
Player2 bought mine

Player1 is now starting a turn.
gold was drawn from the deck.
curse was drawn from the deck.
seahag was drawn from the deck.
copper was drawn from the deck.
gold was drawn from the deck.
Playing action card: seahag
estate was drawn from the deck.
Player2 discarded estate
Player2 gained curse to top of deck.
Player1 bought gold

Player2 is now starting a turn.
curse was drawn from the deck.
curse was drawn from the deck.
province was drawn from the deck.
duchy was drawn from the deck.
copper was drawn from the deck.
Player2 bought copper

Player1 is now starting a turn.
Shuffling Player1&apos;s deck.
gold was drawn from the deck.
gold was drawn from the deck.
seahag was drawn from the deck.
province was drawn from the deck.
copper was drawn from the deck.
Playing action card: seahag
gold was drawn from the deck.
Player2 discarded gold
Player2 gained curse to top of deck.
Player1 bought gold

Player2 is now starting a turn.
curse was drawn from the deck.
ambassador was drawn from the deck.
copper was drawn from the deck.
gold was drawn from the deck.
ambassador was drawn from the deck.
Playing action card: ambassador
Player2 returned 0 copies of copper
Player1 gained copper
Player2 bought gardens

Player1 is now starting a turn.
province was drawn from the deck.
estate was drawn from the deck.
copper was drawn from the deck.
gardens was drawn from the deck.
silver was drawn from the deck.
Player1 bought seahag

Player2 is now starting a turn.
copper was drawn from the deck.
adventurer was drawn from the deck.
estate was drawn from the deck.
curse was drawn from the deck.
estate was drawn from the deck.
Playing action card: adventurer
copper was drawn from the deck.
curse was drawn from the deck.
Player2 discarded curse
gardens was drawn from the deck.
Player2 discarded gardens
curse was drawn from the deck.
Player2 discarded curse
gardens was drawn from the deck.
Player2 discarded gardens
adventurer was drawn from the deck.
Player2 discarded adventurer
copper was drawn from the deck.
Player2 bought mine

Player1 is now starting a turn.
adventurer was drawn from the deck.
village was drawn from the deck.
duchy was drawn from the deck.
duchy was drawn from the deck.
curse was drawn from the deck.
Playing action card: adventurer
curse was drawn from the deck.
Player1 discarded curse
curse was drawn from the deck.
Player1 discarded curse
province was drawn from the deck.
Player1 discarded province
copper was drawn from the deck.
copper was drawn from the deck.
Player1 bought embargo

Player2 is now starting a turn.
mine was drawn from the deck.
estate was drawn from the deck.
duchy was drawn from the deck.
embargo was drawn from the deck.
adventurer was drawn from the deck.
Playing action card: mine
Player2 bought copper

Player1 is now starting a turn.
gold was drawn from the deck.
gold was drawn from the deck.
cutpurse was drawn from the deck.
estate was drawn from the deck.
duchy was drawn from the deck.
Playing action card: cutpurse
Player2 had no coppers to discard. 
Player1 bought province

Player2 is now starting a turn.
copper was drawn from the deck.
copper was drawn from the deck.
smithy was drawn from the deck.
Shuffling Player2&apos;s deck.
adventurer was drawn from the deck.
adventurer was drawn from the deck.
Playing action card: adventurer
gold was drawn from the deck.
adventurer was drawn from the deck.
Player2 discarded adventurer
embargo was drawn from the deck.
Player2 discarded embargo
province was drawn from the deck.
Player2 discarded province
duchy was drawn from the deck.
Player2 discarded duchy
gold was drawn from the deck.
Player2 bought province

Player1 is now starting a turn.
gold was drawn from the deck.
province was drawn from the deck.
mine was drawn from the deck.
gold was drawn from the deck.
curse was drawn from the deck.
Playing action card: mine
Player1 gained gold
Player1 bought province
GAME OVER! Province card pile is empty. 
Player1: 1347
Player2: 1655

STARTING NEW GAME!

Player1 is now starting a turn.
Shuffling Player1&apos;s deck.
copper was drawn from the deck.
copper was drawn from the deck.
estate was drawn from the deck.
copper was drawn from the deck.
estate was drawn from the deck.
Player1 gained curse card because of embargo token.
Player1 gained curse
Player1 gained curse card because of embargo token.
Player1 gained curse
Player1 bought duchy

Player2 is now starting a turn.
Shuffling Player2&apos;s deck.
copper was drawn from the deck.
copper was drawn from the deck.
estate was drawn from the deck.
copper was drawn from the deck.
copper was drawn from the deck.
Player2 gained curse card because of embargo token.
Player2 gained curse
Player2 gained curse card because of embargo token.
Player2 gained curse
Player2 bought duchy

Player1 is now starting a turn.
copper was drawn from the deck.
estate was drawn from the deck.
copper was drawn from the deck.
copper was drawn from the deck.
copper was drawn from the deck.
Player1 gained curse card because of embargo token.
Player1 gained curse
Player1 gained curse card because of embargo token.
Player1 gained curse
Player1 gained curse card because of embargo token.
Player1 gained curse
Player1 bought mine

Player2 is now starting a turn.
copper was drawn from the deck.
copper was drawn from the deck.
estate was drawn from the deck.
estate was drawn from the deck.
copper was drawn from the deck.
Player2 gained curse card because of embargo token.
Player2 gained curse
Player2 gained curse card because of embargo token.
Player2 gained curse
Player2 gained curse card because of embargo token.
Player2 gained curse
Player2 bought mine

Player1 is now starting a turn.
Shuffling Player1&apos;s deck.
copper was drawn from the deck.
duchy was drawn from the deck.
curse was drawn from the deck.
curse was drawn from the deck.
estate was drawn from the deck.
Player1 bought embargo

Player2 is now starting a turn.
Shuffling Player2&apos;s deck.
curse was drawn from the deck.
curse was drawn from the deck.
curse was drawn from the deck.
estate was drawn from the deck.
copper was drawn from the deck.
Player2 bought estate

Player1 is now starting a turn.
curse was drawn from the deck.
copper was drawn from the deck.
curse was drawn from the deck.
copper was drawn from the deck.
estate was drawn from the deck.
Player1 bought village

Player2 is now starting a turn.
copper was drawn from the deck.
estate was drawn from the deck.
curse was drawn from the deck.
mine was drawn from the deck.
curse was drawn from the deck.
Playing action card: mine
Player2 gained gold
Player2 bought duchy

Player1 is now starting a turn.
copper was drawn from the deck.
copper was drawn from the deck.
curse was drawn from the deck.
copper was drawn from the deck.
mine was drawn from the deck.
Playing action card: mine
Player1 gained gold
Player1 bought gold

Player2 is now starting a turn.
copper was drawn from the deck.
copper was drawn from the deck.
copper was drawn from the deck.
estate was drawn from the deck.
duchy was drawn from the deck.
Player2 bought gardens

Player1 is now starting a turn.
copper was drawn from the deck.
estate was drawn from the deck.
Shuffling Player1&apos;s deck.
curse was drawn from the deck.
copper was drawn from the deck.
gold was drawn from the deck.
Player1 bought gold

Player2 is now starting a turn.
copper was drawn from the deck.
copper was drawn from the deck.
Shuffling Player2&apos;s deck.
gold was drawn from the deck.
estate was drawn from the deck.
estate was drawn from the deck.
Player2 bought adventurer

Player1 is now starting a turn.
mine was drawn from the deck.
curse was drawn from the deck.
gold was drawn from the deck.
copper was drawn from the deck.
curse was drawn from the deck.
Playing action card: mine
Player1 gained gold
Player1 bought gold

Player2 is now starting a turn.
copper was drawn from the deck.
curse was drawn from the deck.
curse was drawn from the deck.
duchy was drawn from the deck.
copper was drawn from the deck.
Player2 bought estate

Player1 is now starting a turn.
copper was drawn from the deck.
curse was drawn from the deck.
duchy was drawn from the deck.
estate was drawn from the deck.
copper was drawn from the deck.
Player1 bought silver

Player2 is now starting a turn.
curse was drawn from the deck.
copper was drawn from the deck.
estate was drawn from the deck.
estate was drawn from the deck.
duchy was drawn from the deck.
Player2 bought ambassador

Player1 is now starting a turn.
curse was drawn from the deck.
copper was drawn from the deck.
copper was drawn from the deck.
embargo was drawn from the deck.
village was drawn from the deck.
Playing action card: village
estate was drawn from the deck.
Playing action card: embargo
Player1 added embargo token to province supply pile.
Player1 bought duchy

Player2 is now starting a turn.
copper was drawn from the deck.
curse was drawn from the deck.
gardens was drawn from the deck.
curse was drawn from the deck.
mine was drawn from the deck.
Playing action card: mine
Player2 gained gold
Player2 bought gardens

Player1 is now starting a turn.
Shuffling Player1&apos;s deck.
mine was drawn from the deck.
curse was drawn from the deck.
copper was drawn from the deck.
gold was drawn from the deck.
estate was drawn from the deck.
Playing action card: mine
Player1 gained gold
Player1 bought province

Player2 is now starting a turn.
copper was drawn from the deck.
Shuffling Player2&apos;s deck.
gardens was drawn from the deck.
curse was drawn from the deck.
copper was drawn from the deck.
ambassador was drawn from the deck.
Playing action card: ambassador
Player2 returned 0 copies of gardens
Player1 gained gardens
Player2 bought estate

Player1 is now starting a turn.
curse was drawn from the deck.
curse was drawn from the deck.
gold was drawn from the deck.
gold was drawn from the deck.
gold was drawn from the deck.
Player1 bought province

Player2 is now starting a turn.
copper was drawn from the deck.
estate was drawn from the deck.
curse was drawn from the deck.
copper was drawn from the deck.
duchy was drawn from the deck.
Player2 bought ambassador

Player1 is now starting a turn.
curse was drawn from the deck.
copper was drawn from the deck.
copper was drawn from the deck.
copper was drawn from the deck.
copper was drawn from the deck.
Player1 bought seahag

Player2 is now starting a turn.
copper was drawn from the deck.
curse was drawn from the deck.
mine was drawn from the deck.
estate was drawn from the deck.
gold was drawn from the deck.
Playing action card: mine
Player2 gained gold
Player2 bought province

Player1 is now starting a turn.
duchy was drawn from the deck.
duchy was drawn from the deck.
silver was drawn from the deck.
estate was drawn from the deck.
embargo was drawn from the deck.
Playing action card: embargo
Player1 added embargo token to copper supply pile.
Player1 bought duchy

Player2 is now starting a turn.
adventurer was drawn from the deck.
gardens was drawn from the deck.
copper was drawn from the deck.
estate was drawn from the deck.
gold was drawn from the deck.
Playing action card: adventurer
estate was drawn from the deck.
Player2 discarded estate
curse was drawn from the deck.
Player2 discarded curse
duchy was drawn from the deck.
Player2 discarded duchy
curse was drawn from the deck.
Player2 discarded curse
estate was drawn from the deck.
Player2 discarded estate
copper was drawn from the deck.
Player2 bought adventurer

Player1 is now starting a turn.
gold was drawn from the deck.
copper was drawn from the deck.
estate was drawn from the deck.
copper was drawn from the deck.
village was drawn from the deck.
Playing action card: village
curse was drawn from the deck.
Player1 bought adventurer

Player2 is now starting a turn.
Shuffling Player2&apos;s deck.
gardens was drawn from the deck.
copper was drawn from the deck.
ambassador was drawn from the deck.
copper was drawn from the deck.
adventurer was drawn from the deck.
Playing action card: adventurer
gold was drawn from the deck.
copper was drawn from the deck.
Player2 bought adventurer

Player1 is now starting a turn.
Shuffling Player1&apos;s deck.
copper was drawn from the deck.
duchy was drawn from the deck.
curse was drawn from the deck.
embargo was drawn from the deck.
estate was drawn from the deck.
Playing action card: embargo
Player1 added embargo token to adventurer supply pile.
Player1 bought cutpurse

Player2 is now starting a turn.
mine was drawn from the deck.
curse was drawn from the deck.
estate was drawn from the deck.
ambassador was drawn from the deck.
estate was drawn from the deck.
Playing action card: ambassador
Player2 returned 0 copies of curse
Player2 bought embargo

Player1 is now starting a turn.
copper was drawn from the deck.
duchy was drawn from the deck.
village was drawn from the deck.
gold was drawn from the deck.
silver was drawn from the deck.
Playing action card: village
curse was drawn from the deck.
Player1 bought gold

Player2 is now starting a turn.
curse was drawn from the deck.
duchy was drawn from the deck.
adventurer was drawn from the deck.
curse was drawn from the deck.
gold was drawn from the deck.
Playing action card: adventurer
estate was drawn from the deck.
Player2 discarded estate
province was drawn from the deck.
Player2 discarded province
copper was drawn from the deck.
gardens was drawn from the deck.
Player2 discarded gardens
copper was drawn from the deck.
Player2 bought duchy

Player1 is now starting a turn.
copper was drawn from the deck.
gold was drawn from the deck.
adventurer was drawn from the deck.
province was drawn from the deck.
copper was drawn from the deck.
Playing action card: adventurer
duchy was drawn from the deck.
Player1 discarded duchy
curse was drawn from the deck.
Player1 discarded curse
province was drawn from the deck.
Player1 discarded province
estate was drawn from the deck.
Player1 discarded estate
copper was drawn from the deck.
curse was drawn from the deck.
Player1 discarded curse
gold was drawn from the deck.
Player1 bought province

Player2 is now starting a turn.
estate was drawn from the deck.
copper was drawn from the deck.
curse was drawn from the deck.
estate was drawn from the deck.
copper was drawn from the deck.
Player2 bought smithy

Player1 is now starting a turn.
estate was drawn from the deck.
copper was drawn from the deck.
gardens was drawn from the deck.
mine was drawn from the deck.
gold was drawn from the deck.
Playing action card: mine
Player1 gained gold
Player1 bought province

Player2 is now starting a turn.
estate was drawn from the deck.
duchy was drawn from the deck.
gold was drawn from the deck.
curse was drawn from the deck.
Shuffling Player2&apos;s deck.
estate was drawn from the deck.
Player2 bought mine

Player1 is now starting a turn.
gold was drawn from the deck.
curse was drawn from the deck.
seahag was drawn from the deck.
copper was drawn from the deck.
gold was drawn from the deck.
Playing action card: seahag
estate was drawn from the deck.
Player2 discarded estate
Player2 gained curse to top of deck.
Player1 bought gold

Player2 is now starting a turn.
curse was drawn from the deck.
curse was drawn from the deck.
province was drawn from the deck.
duchy was drawn from the deck.
copper was drawn from the deck.
Player2 bought copper

Player1 is now starting a turn.
Shuffling Player1&apos;s deck.
gold was drawn from the deck.
gold was drawn from the deck.
seahag was drawn from the deck.
province was drawn from the deck.
copper was drawn from the deck.
Playing action card: seahag
gold was drawn from the deck.
Player2 discarded gold
Player2 gained curse to top of deck.
Player1 bought gold

Player2 is now starting a turn.
curse was drawn from the deck.
ambassador was drawn from the deck.
copper was drawn from the deck.
gold was drawn from the deck.
ambassador was drawn from the deck.
Playing action card: ambassador
Player2 returned 0 copies of copper
Player1 gained copper
Player2 bought gardens

Player1 is now starting a turn.
province was drawn from the deck.
estate was drawn from the deck.
copper was drawn from the deck.
gardens was drawn from the deck.
silver was drawn from the deck.
Player1 bought seahag

Player2 is now starting a turn.
copper was drawn from the deck.
adventurer was drawn from the deck.
estate was drawn from the deck.
curse was drawn from the deck.
estate was drawn from the deck.
Playing action card: adventurer
copper was drawn from the deck.
curse was drawn from the deck.
Player2 discarded curse
gardens was drawn from the deck.
Player2 discarded gardens
curse was drawn from the deck.
Player2 discarded curse
gardens was drawn from the deck.
Player2 discarded gardens
adventurer was drawn from the deck.
Player2 discarded adventurer
copper was drawn from the deck.
Player2 bought mine

Player1 is now starting a turn.
adventurer was drawn from the deck.
village was drawn from the deck.
duchy was drawn from the deck.
duchy was drawn from the deck.
curse was drawn from the deck.
Playing action card: adventurer
curse was drawn from the deck.
Player1 discarded curse
curse was drawn from the deck.
Player1 discarded curse
province was drawn from the deck.
Player1 discarded province
copper was drawn from the deck.
copper was drawn from the deck.
Player1 bought embargo

Player2 is now starting a turn.
mine was drawn from the deck.
estate was drawn from the deck.
duchy was drawn from the deck.
embargo was drawn from the deck.
adventurer was drawn from the deck.
Playing action card: mine
Player2 bought copper

Player1 is now starting a turn.
gold was drawn from the deck.
gold was drawn from the deck.
cutpurse was drawn from the deck.
estate was drawn from the deck.
duchy was drawn from the deck.
Playing action card: cutpurse
Player2 had no coppers to discard. 
Player1 bought province

Player2 is now starting a turn.
copper was drawn from the deck.
copper was drawn from the deck.
smithy was drawn from the deck.
Shuffling Player2&apos;s deck.
adventurer was drawn from the deck.
adventurer was drawn from the deck.
Playing action card: adventurer
gold was drawn from the deck.
adventurer was drawn from the deck.
Player2 discarded adventurer
embargo was drawn from the deck.
Player2 discarded embargo
province was drawn from the deck.
Player2 discarded province
duchy was drawn from the deck.
Player2 discarded duchy
gold was drawn from the deck.
Player2 bought province

Player1 is now starting a turn.
gold was drawn from the deck.
province was drawn from the deck.
mine was drawn from the deck.
gold was drawn from the deck.
curse was drawn from the deck.
Playing action card: mine
Player1 gained gold
Player1 bought province
GAME OVER! Province card pile is empty. 
Player1: 1347
Player2: 1655
copper was drawn from the deck.
</system-out>
  </testcase>
  <testcase classname="RegressionTest" name="test313" time="0"/>
  <testcase classname="RegressionTest" name="test314" time="0"/>
  <testcase classname="RegressionTest" name="test315" time="0.011">
    <failure message="&apos;curse&apos; != &apos;copper&apos;" type="java.lang.AssertionError">java.lang.AssertionError: &apos;curse&apos; != &apos;copper&apos;
	at org.junit.Assert.fail(Assert.java:88)
	at org.junit.Assert.assertTrue(Assert.java:41)
	at RegressionTest.test315(RegressionTest.java:20693)
	at sun.reflect.NativeMethodAccessorImpl.invoke0(Native Method)
	at sun.reflect.NativeMethodAccessorImpl.invoke(NativeMethodAccessorImpl.java:62)
	at sun.reflect.DelegatingMethodAccessorImpl.invoke(DelegatingMethodAccessorImpl.java:43)
	at java.lang.reflect.Method.invoke(Method.java:498)
	at org.junit.runners.model.FrameworkMethod$1.runReflectiveCall(FrameworkMethod.java:47)
	at org.junit.internal.runners.model.ReflectiveCallable.run(ReflectiveCallable.java:12)
	at org.junit.runners.model.FrameworkMethod.invokeExplosively(FrameworkMethod.java:44)
	at org.junit.internal.runners.statements.InvokeMethod.evaluate(InvokeMethod.java:17)
	at org.junit.runners.ParentRunner.runLeaf(ParentRunner.java:271)
	at org.junit.runners.BlockJUnit4ClassRunner.runChild(BlockJUnit4ClassRunner.java:70)
	at org.junit.runners.BlockJUnit4ClassRunner.runChild(BlockJUnit4ClassRunner.java:50)
	at org.junit.runners.ParentRunner$3.run(ParentRunner.java:238)
	at org.junit.runners.ParentRunner$1.schedule(ParentRunner.java:63)
	at org.junit.runners.ParentRunner.runChildren(ParentRunner.java:236)
	at org.junit.runners.ParentRunner.access$000(ParentRunner.java:53)
	at org.junit.runners.ParentRunner$2.evaluate(ParentRunner.java:229)
	at org.junit.runners.ParentRunner.run(ParentRunner.java:309)
	at org.apache.maven.surefire.junit4.JUnit4Provider.execute(JUnit4Provider.java:252)
	at org.apache.maven.surefire.junit4.JUnit4Provider.executeTestSet(JUnit4Provider.java:141)
	at org.apache.maven.surefire.junit4.JUnit4Provider.invoke(JUnit4Provider.java:112)
	at sun.reflect.NativeMethodAccessorImpl.invoke0(Native Method)
	at sun.reflect.NativeMethodAccessorImpl.invoke(NativeMethodAccessorImpl.java:62)
	at sun.reflect.DelegatingMethodAccessorImpl.invoke(DelegatingMethodAccessorImpl.java:43)
	at java.lang.reflect.Method.invoke(Method.java:498)
	at org.apache.maven.surefire.util.ReflectionUtils.invokeMethodWithArray(ReflectionUtils.java:189)
	at org.apache.maven.surefire.booter.ProviderFactory$ProviderProxy.invoke(ProviderFactory.java:165)
	at org.apache.maven.surefire.booter.ProviderFactory.invokeProvider(ProviderFactory.java:85)
	at org.apache.maven.surefire.booter.ForkedBooter.runSuitesInProcess(ForkedBooter.java:115)
	at org.apache.maven.surefire.booter.ForkedBooter.main(ForkedBooter.java:75)
</failure>
    <system-out>
STARTING NEW GAME!

Player1 is now starting a turn.
Shuffling Player1&apos;s deck.
copper was drawn from the deck.
copper was drawn from the deck.
estate was drawn from the deck.
copper was drawn from the deck.
estate was drawn from the deck.
Player1 gained curse card because of embargo token.
Player1 gained curse
Player1 gained curse card because of embargo token.
Player1 gained curse
Player1 bought duchy

Player2 is now starting a turn.
Shuffling Player2&apos;s deck.
copper was drawn from the deck.
copper was drawn from the deck.
estate was drawn from the deck.
copper was drawn from the deck.
copper was drawn from the deck.
Player2 gained curse card because of embargo token.
Player2 gained curse
Player2 gained curse card because of embargo token.
Player2 gained curse
Player2 bought duchy

Player1 is now starting a turn.
copper was drawn from the deck.
estate was drawn from the deck.
copper was drawn from the deck.
copper was drawn from the deck.
copper was drawn from the deck.
Player1 gained curse card because of embargo token.
Player1 gained curse
Player1 gained curse card because of embargo token.
Player1 gained curse
Player1 gained curse card because of embargo token.
Player1 gained curse
Player1 bought mine

Player2 is now starting a turn.
copper was drawn from the deck.
copper was drawn from the deck.
estate was drawn from the deck.
estate was drawn from the deck.
copper was drawn from the deck.
Player2 gained curse card because of embargo token.
Player2 gained curse
Player2 gained curse card because of embargo token.
Player2 gained curse
Player2 gained curse card because of embargo token.
Player2 gained curse
Player2 bought mine

Player1 is now starting a turn.
Shuffling Player1&apos;s deck.
copper was drawn from the deck.
duchy was drawn from the deck.
curse was drawn from the deck.
curse was drawn from the deck.
estate was drawn from the deck.
Player1 bought embargo

Player2 is now starting a turn.
Shuffling Player2&apos;s deck.
curse was drawn from the deck.
curse was drawn from the deck.
curse was drawn from the deck.
estate was drawn from the deck.
copper was drawn from the deck.
Player2 bought estate

Player1 is now starting a turn.
curse was drawn from the deck.
copper was drawn from the deck.
curse was drawn from the deck.
copper was drawn from the deck.
estate was drawn from the deck.
Player1 bought village

Player2 is now starting a turn.
copper was drawn from the deck.
estate was drawn from the deck.
curse was drawn from the deck.
mine was drawn from the deck.
curse was drawn from the deck.
Playing action card: mine
Player2 gained gold
Player2 bought duchy

Player1 is now starting a turn.
copper was drawn from the deck.
copper was drawn from the deck.
curse was drawn from the deck.
copper was drawn from the deck.
mine was drawn from the deck.
Playing action card: mine
Player1 gained gold
Player1 bought gold

Player2 is now starting a turn.
copper was drawn from the deck.
copper was drawn from the deck.
copper was drawn from the deck.
estate was drawn from the deck.
duchy was drawn from the deck.
Player2 bought gardens

Player1 is now starting a turn.
copper was drawn from the deck.
estate was drawn from the deck.
Shuffling Player1&apos;s deck.
curse was drawn from the deck.
copper was drawn from the deck.
gold was drawn from the deck.
Player1 bought gold

Player2 is now starting a turn.
copper was drawn from the deck.
copper was drawn from the deck.
Shuffling Player2&apos;s deck.
gold was drawn from the deck.
estate was drawn from the deck.
estate was drawn from the deck.
Player2 bought adventurer

Player1 is now starting a turn.
mine was drawn from the deck.
curse was drawn from the deck.
gold was drawn from the deck.
copper was drawn from the deck.
curse was drawn from the deck.
Playing action card: mine
Player1 gained gold
Player1 bought gold

Player2 is now starting a turn.
copper was drawn from the deck.
curse was drawn from the deck.
curse was drawn from the deck.
duchy was drawn from the deck.
copper was drawn from the deck.
Player2 bought estate

Player1 is now starting a turn.
copper was drawn from the deck.
curse was drawn from the deck.
duchy was drawn from the deck.
estate was drawn from the deck.
copper was drawn from the deck.
Player1 bought silver

Player2 is now starting a turn.
curse was drawn from the deck.
copper was drawn from the deck.
estate was drawn from the deck.
estate was drawn from the deck.
duchy was drawn from the deck.
Player2 bought ambassador

Player1 is now starting a turn.
curse was drawn from the deck.
copper was drawn from the deck.
copper was drawn from the deck.
embargo was drawn from the deck.
village was drawn from the deck.
Playing action card: village
estate was drawn from the deck.
Playing action card: embargo
Player1 added embargo token to province supply pile.
Player1 bought duchy

Player2 is now starting a turn.
copper was drawn from the deck.
curse was drawn from the deck.
gardens was drawn from the deck.
curse was drawn from the deck.
mine was drawn from the deck.
Playing action card: mine
Player2 gained gold
Player2 bought gardens

Player1 is now starting a turn.
Shuffling Player1&apos;s deck.
mine was drawn from the deck.
curse was drawn from the deck.
copper was drawn from the deck.
gold was drawn from the deck.
estate was drawn from the deck.
Playing action card: mine
Player1 gained gold
Player1 bought province

Player2 is now starting a turn.
copper was drawn from the deck.
Shuffling Player2&apos;s deck.
gardens was drawn from the deck.
curse was drawn from the deck.
copper was drawn from the deck.
ambassador was drawn from the deck.
Playing action card: ambassador
Player2 returned 0 copies of gardens
Player1 gained gardens
Player2 bought estate

Player1 is now starting a turn.
curse was drawn from the deck.
curse was drawn from the deck.
gold was drawn from the deck.
gold was drawn from the deck.
gold was drawn from the deck.
Player1 bought province

Player2 is now starting a turn.
copper was drawn from the deck.
estate was drawn from the deck.
curse was drawn from the deck.
copper was drawn from the deck.
duchy was drawn from the deck.
Player2 bought ambassador

Player1 is now starting a turn.
curse was drawn from the deck.
copper was drawn from the deck.
copper was drawn from the deck.
copper was drawn from the deck.
copper was drawn from the deck.
Player1 bought seahag

Player2 is now starting a turn.
copper was drawn from the deck.
curse was drawn from the deck.
mine was drawn from the deck.
estate was drawn from the deck.
gold was drawn from the deck.
Playing action card: mine
Player2 gained gold
Player2 bought province

Player1 is now starting a turn.
duchy was drawn from the deck.
duchy was drawn from the deck.
silver was drawn from the deck.
estate was drawn from the deck.
embargo was drawn from the deck.
Playing action card: embargo
Player1 added embargo token to copper supply pile.
Player1 bought duchy

Player2 is now starting a turn.
adventurer was drawn from the deck.
gardens was drawn from the deck.
copper was drawn from the deck.
estate was drawn from the deck.
gold was drawn from the deck.
Playing action card: adventurer
estate was drawn from the deck.
Player2 discarded estate
curse was drawn from the deck.
Player2 discarded curse
duchy was drawn from the deck.
Player2 discarded duchy
curse was drawn from the deck.
Player2 discarded curse
estate was drawn from the deck.
Player2 discarded estate
copper was drawn from the deck.
Player2 bought adventurer

Player1 is now starting a turn.
gold was drawn from the deck.
copper was drawn from the deck.
estate was drawn from the deck.
copper was drawn from the deck.
village was drawn from the deck.
Playing action card: village
curse was drawn from the deck.
Player1 bought adventurer

Player2 is now starting a turn.
Shuffling Player2&apos;s deck.
gardens was drawn from the deck.
copper was drawn from the deck.
ambassador was drawn from the deck.
copper was drawn from the deck.
adventurer was drawn from the deck.
Playing action card: adventurer
gold was drawn from the deck.
copper was drawn from the deck.
Player2 bought adventurer

Player1 is now starting a turn.
Shuffling Player1&apos;s deck.
copper was drawn from the deck.
duchy was drawn from the deck.
curse was drawn from the deck.
embargo was drawn from the deck.
estate was drawn from the deck.
Playing action card: embargo
Player1 added embargo token to adventurer supply pile.
Player1 bought cutpurse

Player2 is now starting a turn.
mine was drawn from the deck.
curse was drawn from the deck.
estate was drawn from the deck.
ambassador was drawn from the deck.
estate was drawn from the deck.
Playing action card: ambassador
Player2 returned 0 copies of curse
Player2 bought embargo

Player1 is now starting a turn.
copper was drawn from the deck.
duchy was drawn from the deck.
village was drawn from the deck.
gold was drawn from the deck.
silver was drawn from the deck.
Playing action card: village
curse was drawn from the deck.
Player1 bought gold

Player2 is now starting a turn.
curse was drawn from the deck.
duchy was drawn from the deck.
adventurer was drawn from the deck.
curse was drawn from the deck.
gold was drawn from the deck.
Playing action card: adventurer
estate was drawn from the deck.
Player2 discarded estate
province was drawn from the deck.
Player2 discarded province
copper was drawn from the deck.
gardens was drawn from the deck.
Player2 discarded gardens
copper was drawn from the deck.
Player2 bought duchy

Player1 is now starting a turn.
copper was drawn from the deck.
gold was drawn from the deck.
adventurer was drawn from the deck.
province was drawn from the deck.
copper was drawn from the deck.
Playing action card: adventurer
duchy was drawn from the deck.
Player1 discarded duchy
curse was drawn from the deck.
Player1 discarded curse
province was drawn from the deck.
Player1 discarded province
estate was drawn from the deck.
Player1 discarded estate
copper was drawn from the deck.
curse was drawn from the deck.
Player1 discarded curse
gold was drawn from the deck.
Player1 bought province

Player2 is now starting a turn.
estate was drawn from the deck.
copper was drawn from the deck.
curse was drawn from the deck.
estate was drawn from the deck.
copper was drawn from the deck.
Player2 bought smithy

Player1 is now starting a turn.
estate was drawn from the deck.
copper was drawn from the deck.
gardens was drawn from the deck.
mine was drawn from the deck.
gold was drawn from the deck.
Playing action card: mine
Player1 gained gold
Player1 bought province

Player2 is now starting a turn.
estate was drawn from the deck.
duchy was drawn from the deck.
gold was drawn from the deck.
curse was drawn from the deck.
Shuffling Player2&apos;s deck.
estate was drawn from the deck.
Player2 bought mine

Player1 is now starting a turn.
gold was drawn from the deck.
curse was drawn from the deck.
seahag was drawn from the deck.
copper was drawn from the deck.
gold was drawn from the deck.
Playing action card: seahag
estate was drawn from the deck.
Player2 discarded estate
Player2 gained curse to top of deck.
Player1 bought gold

Player2 is now starting a turn.
curse was drawn from the deck.
curse was drawn from the deck.
province was drawn from the deck.
duchy was drawn from the deck.
copper was drawn from the deck.
Player2 bought copper

Player1 is now starting a turn.
Shuffling Player1&apos;s deck.
gold was drawn from the deck.
gold was drawn from the deck.
seahag was drawn from the deck.
province was drawn from the deck.
copper was drawn from the deck.
Playing action card: seahag
gold was drawn from the deck.
Player2 discarded gold
Player2 gained curse to top of deck.
Player1 bought gold

Player2 is now starting a turn.
curse was drawn from the deck.
ambassador was drawn from the deck.
copper was drawn from the deck.
gold was drawn from the deck.
ambassador was drawn from the deck.
Playing action card: ambassador
Player2 returned 0 copies of copper
Player1 gained copper
Player2 bought gardens

Player1 is now starting a turn.
province was drawn from the deck.
estate was drawn from the deck.
copper was drawn from the deck.
gardens was drawn from the deck.
silver was drawn from the deck.
Player1 bought seahag

Player2 is now starting a turn.
copper was drawn from the deck.
adventurer was drawn from the deck.
estate was drawn from the deck.
curse was drawn from the deck.
estate was drawn from the deck.
Playing action card: adventurer
copper was drawn from the deck.
curse was drawn from the deck.
Player2 discarded curse
gardens was drawn from the deck.
Player2 discarded gardens
curse was drawn from the deck.
Player2 discarded curse
gardens was drawn from the deck.
Player2 discarded gardens
adventurer was drawn from the deck.
Player2 discarded adventurer
copper was drawn from the deck.
Player2 bought mine

Player1 is now starting a turn.
adventurer was drawn from the deck.
village was drawn from the deck.
duchy was drawn from the deck.
duchy was drawn from the deck.
curse was drawn from the deck.
Playing action card: adventurer
curse was drawn from the deck.
Player1 discarded curse
curse was drawn from the deck.
Player1 discarded curse
province was drawn from the deck.
Player1 discarded province
copper was drawn from the deck.
copper was drawn from the deck.
Player1 bought embargo

Player2 is now starting a turn.
mine was drawn from the deck.
estate was drawn from the deck.
duchy was drawn from the deck.
embargo was drawn from the deck.
adventurer was drawn from the deck.
Playing action card: mine
Player2 bought copper

Player1 is now starting a turn.
gold was drawn from the deck.
gold was drawn from the deck.
cutpurse was drawn from the deck.
estate was drawn from the deck.
duchy was drawn from the deck.
Playing action card: cutpurse
Player2 had no coppers to discard. 
Player1 bought province

Player2 is now starting a turn.
copper was drawn from the deck.
copper was drawn from the deck.
smithy was drawn from the deck.
Shuffling Player2&apos;s deck.
adventurer was drawn from the deck.
adventurer was drawn from the deck.
Playing action card: adventurer
gold was drawn from the deck.
adventurer was drawn from the deck.
Player2 discarded adventurer
embargo was drawn from the deck.
Player2 discarded embargo
province was drawn from the deck.
Player2 discarded province
duchy was drawn from the deck.
Player2 discarded duchy
gold was drawn from the deck.
Player2 bought province

Player1 is now starting a turn.
gold was drawn from the deck.
province was drawn from the deck.
mine was drawn from the deck.
gold was drawn from the deck.
curse was drawn from the deck.
Playing action card: mine
Player1 gained gold
Player1 bought province
GAME OVER! Province card pile is empty. 
Player1: 1347
Player2: 1655
copper was drawn from the deck.
</system-out>
  </testcase>
  <testcase classname="RegressionTest" name="test316" time="0"/>
  <testcase classname="RegressionTest" name="test317" time="0"/>
  <testcase classname="RegressionTest" name="test318" time="0">
    <failure message="&apos;curse&apos; != &apos;copper&apos;" type="java.lang.AssertionError">java.lang.AssertionError: &apos;curse&apos; != &apos;copper&apos;
	at org.junit.Assert.fail(Assert.java:88)
	at org.junit.Assert.assertTrue(Assert.java:41)
	at RegressionTest.test318(RegressionTest.java:20819)
	at sun.reflect.NativeMethodAccessorImpl.invoke0(Native Method)
	at sun.reflect.NativeMethodAccessorImpl.invoke(NativeMethodAccessorImpl.java:62)
	at sun.reflect.DelegatingMethodAccessorImpl.invoke(DelegatingMethodAccessorImpl.java:43)
	at java.lang.reflect.Method.invoke(Method.java:498)
	at org.junit.runners.model.FrameworkMethod$1.runReflectiveCall(FrameworkMethod.java:47)
	at org.junit.internal.runners.model.ReflectiveCallable.run(ReflectiveCallable.java:12)
	at org.junit.runners.model.FrameworkMethod.invokeExplosively(FrameworkMethod.java:44)
	at org.junit.internal.runners.statements.InvokeMethod.evaluate(InvokeMethod.java:17)
	at org.junit.runners.ParentRunner.runLeaf(ParentRunner.java:271)
	at org.junit.runners.BlockJUnit4ClassRunner.runChild(BlockJUnit4ClassRunner.java:70)
	at org.junit.runners.BlockJUnit4ClassRunner.runChild(BlockJUnit4ClassRunner.java:50)
	at org.junit.runners.ParentRunner$3.run(ParentRunner.java:238)
	at org.junit.runners.ParentRunner$1.schedule(ParentRunner.java:63)
	at org.junit.runners.ParentRunner.runChildren(ParentRunner.java:236)
	at org.junit.runners.ParentRunner.access$000(ParentRunner.java:53)
	at org.junit.runners.ParentRunner$2.evaluate(ParentRunner.java:229)
	at org.junit.runners.ParentRunner.run(ParentRunner.java:309)
	at org.apache.maven.surefire.junit4.JUnit4Provider.execute(JUnit4Provider.java:252)
	at org.apache.maven.surefire.junit4.JUnit4Provider.executeTestSet(JUnit4Provider.java:141)
	at org.apache.maven.surefire.junit4.JUnit4Provider.invoke(JUnit4Provider.java:112)
	at sun.reflect.NativeMethodAccessorImpl.invoke0(Native Method)
	at sun.reflect.NativeMethodAccessorImpl.invoke(NativeMethodAccessorImpl.java:62)
	at sun.reflect.DelegatingMethodAccessorImpl.invoke(DelegatingMethodAccessorImpl.java:43)
	at java.lang.reflect.Method.invoke(Method.java:498)
	at org.apache.maven.surefire.util.ReflectionUtils.invokeMethodWithArray(ReflectionUtils.java:189)
	at org.apache.maven.surefire.booter.ProviderFactory$ProviderProxy.invoke(ProviderFactory.java:165)
	at org.apache.maven.surefire.booter.ProviderFactory.invokeProvider(ProviderFactory.java:85)
	at org.apache.maven.surefire.booter.ForkedBooter.runSuitesInProcess(ForkedBooter.java:115)
	at org.apache.maven.surefire.booter.ForkedBooter.main(ForkedBooter.java:75)
</failure>
  </testcase>
  <testcase classname="RegressionTest" name="test319" time="0.012"/>
  <testcase classname="RegressionTest" name="test320" time="0.023">
    <failure type="java.lang.AssertionError">java.lang.AssertionError
	at org.junit.Assert.fail(Assert.java:86)
	at org.junit.Assert.assertTrue(Assert.java:41)
	at org.junit.Assert.assertTrue(Assert.java:52)
	at RegressionTest.test320(RegressionTest.java:20957)
	at sun.reflect.NativeMethodAccessorImpl.invoke0(Native Method)
	at sun.reflect.NativeMethodAccessorImpl.invoke(NativeMethodAccessorImpl.java:62)
	at sun.reflect.DelegatingMethodAccessorImpl.invoke(DelegatingMethodAccessorImpl.java:43)
	at java.lang.reflect.Method.invoke(Method.java:498)
	at org.junit.runners.model.FrameworkMethod$1.runReflectiveCall(FrameworkMethod.java:47)
	at org.junit.internal.runners.model.ReflectiveCallable.run(ReflectiveCallable.java:12)
	at org.junit.runners.model.FrameworkMethod.invokeExplosively(FrameworkMethod.java:44)
	at org.junit.internal.runners.statements.InvokeMethod.evaluate(InvokeMethod.java:17)
	at org.junit.runners.ParentRunner.runLeaf(ParentRunner.java:271)
	at org.junit.runners.BlockJUnit4ClassRunner.runChild(BlockJUnit4ClassRunner.java:70)
	at org.junit.runners.BlockJUnit4ClassRunner.runChild(BlockJUnit4ClassRunner.java:50)
	at org.junit.runners.ParentRunner$3.run(ParentRunner.java:238)
	at org.junit.runners.ParentRunner$1.schedule(ParentRunner.java:63)
	at org.junit.runners.ParentRunner.runChildren(ParentRunner.java:236)
	at org.junit.runners.ParentRunner.access$000(ParentRunner.java:53)
	at org.junit.runners.ParentRunner$2.evaluate(ParentRunner.java:229)
	at org.junit.runners.ParentRunner.run(ParentRunner.java:309)
	at org.apache.maven.surefire.junit4.JUnit4Provider.execute(JUnit4Provider.java:252)
	at org.apache.maven.surefire.junit4.JUnit4Provider.executeTestSet(JUnit4Provider.java:141)
	at org.apache.maven.surefire.junit4.JUnit4Provider.invoke(JUnit4Provider.java:112)
	at sun.reflect.NativeMethodAccessorImpl.invoke0(Native Method)
	at sun.reflect.NativeMethodAccessorImpl.invoke(NativeMethodAccessorImpl.java:62)
	at sun.reflect.DelegatingMethodAccessorImpl.invoke(DelegatingMethodAccessorImpl.java:43)
	at java.lang.reflect.Method.invoke(Method.java:498)
	at org.apache.maven.surefire.util.ReflectionUtils.invokeMethodWithArray(ReflectionUtils.java:189)
	at org.apache.maven.surefire.booter.ProviderFactory$ProviderProxy.invoke(ProviderFactory.java:165)
	at org.apache.maven.surefire.booter.ProviderFactory.invokeProvider(ProviderFactory.java:85)
	at org.apache.maven.surefire.booter.ForkedBooter.runSuitesInProcess(ForkedBooter.java:115)
	at org.apache.maven.surefire.booter.ForkedBooter.main(ForkedBooter.java:75)
</failure>
    <system-out>Shuffling Player1&apos;s deck.
copper was drawn from the deck.
Shuffling Player2&apos;s deck.
copper was drawn from the deck.

STARTING NEW GAME!

Player1 is now starting a turn.
Shuffling Player1&apos;s deck.
copper was drawn from the deck.
copper was drawn from the deck.
estate was drawn from the deck.
copper was drawn from the deck.
estate was drawn from the deck.
Player1 gained curse card because of embargo token.
Player1 gained curse
Player1 gained curse card because of embargo token.
Player1 gained curse
Player1 bought duchy

Player2 is now starting a turn.
Shuffling Player2&apos;s deck.
copper was drawn from the deck.
copper was drawn from the deck.
estate was drawn from the deck.
copper was drawn from the deck.
copper was drawn from the deck.
Player2 gained curse card because of embargo token.
Player2 gained curse
Player2 gained curse card because of embargo token.
Player2 gained curse
Player2 bought duchy

Player1 is now starting a turn.
copper was drawn from the deck.
estate was drawn from the deck.
copper was drawn from the deck.
copper was drawn from the deck.
copper was drawn from the deck.
Player1 gained curse card because of embargo token.
Player1 gained curse
Player1 gained curse card because of embargo token.
Player1 gained curse
Player1 gained curse card because of embargo token.
Player1 gained curse
Player1 bought mine

Player2 is now starting a turn.
copper was drawn from the deck.
copper was drawn from the deck.
estate was drawn from the deck.
estate was drawn from the deck.
copper was drawn from the deck.
Player2 gained curse card because of embargo token.
Player2 gained curse
Player2 gained curse card because of embargo token.
Player2 gained curse
Player2 gained curse card because of embargo token.
Player2 gained curse
Player2 bought mine

Player1 is now starting a turn.
Shuffling Player1&apos;s deck.
copper was drawn from the deck.
duchy was drawn from the deck.
curse was drawn from the deck.
curse was drawn from the deck.
estate was drawn from the deck.
Player1 bought embargo

Player2 is now starting a turn.
Shuffling Player2&apos;s deck.
curse was drawn from the deck.
curse was drawn from the deck.
curse was drawn from the deck.
estate was drawn from the deck.
copper was drawn from the deck.
Player2 bought estate

Player1 is now starting a turn.
curse was drawn from the deck.
copper was drawn from the deck.
curse was drawn from the deck.
copper was drawn from the deck.
estate was drawn from the deck.
Player1 bought village

Player2 is now starting a turn.
copper was drawn from the deck.
estate was drawn from the deck.
curse was drawn from the deck.
mine was drawn from the deck.
curse was drawn from the deck.
Playing action card: mine
Player2 gained gold
Player2 bought duchy

Player1 is now starting a turn.
copper was drawn from the deck.
copper was drawn from the deck.
curse was drawn from the deck.
copper was drawn from the deck.
mine was drawn from the deck.
Playing action card: mine
Player1 gained gold
Player1 bought gold

Player2 is now starting a turn.
copper was drawn from the deck.
copper was drawn from the deck.
copper was drawn from the deck.
estate was drawn from the deck.
duchy was drawn from the deck.
Player2 bought gardens

Player1 is now starting a turn.
copper was drawn from the deck.
estate was drawn from the deck.
Shuffling Player1&apos;s deck.
curse was drawn from the deck.
copper was drawn from the deck.
gold was drawn from the deck.
Player1 bought gold

Player2 is now starting a turn.
copper was drawn from the deck.
copper was drawn from the deck.
Shuffling Player2&apos;s deck.
gold was drawn from the deck.
estate was drawn from the deck.
estate was drawn from the deck.
Player2 bought adventurer

Player1 is now starting a turn.
mine was drawn from the deck.
curse was drawn from the deck.
gold was drawn from the deck.
copper was drawn from the deck.
curse was drawn from the deck.
Playing action card: mine
Player1 gained gold
Player1 bought gold

Player2 is now starting a turn.
copper was drawn from the deck.
curse was drawn from the deck.
curse was drawn from the deck.
duchy was drawn from the deck.
copper was drawn from the deck.
Player2 bought estate

Player1 is now starting a turn.
copper was drawn from the deck.
curse was drawn from the deck.
duchy was drawn from the deck.
estate was drawn from the deck.
copper was drawn from the deck.
Player1 bought silver

Player2 is now starting a turn.
curse was drawn from the deck.
copper was drawn from the deck.
estate was drawn from the deck.
estate was drawn from the deck.
duchy was drawn from the deck.
Player2 bought ambassador

Player1 is now starting a turn.
curse was drawn from the deck.
copper was drawn from the deck.
copper was drawn from the deck.
embargo was drawn from the deck.
village was drawn from the deck.
Playing action card: village
estate was drawn from the deck.
Playing action card: embargo
Player1 added embargo token to province supply pile.
Player1 bought duchy

Player2 is now starting a turn.
copper was drawn from the deck.
curse was drawn from the deck.
gardens was drawn from the deck.
curse was drawn from the deck.
mine was drawn from the deck.
Playing action card: mine
Player2 gained gold
Player2 bought gardens

Player1 is now starting a turn.
Shuffling Player1&apos;s deck.
mine was drawn from the deck.
curse was drawn from the deck.
copper was drawn from the deck.
gold was drawn from the deck.
estate was drawn from the deck.
Playing action card: mine
Player1 gained gold
Player1 bought province

Player2 is now starting a turn.
copper was drawn from the deck.
Shuffling Player2&apos;s deck.
gardens was drawn from the deck.
curse was drawn from the deck.
copper was drawn from the deck.
ambassador was drawn from the deck.
Playing action card: ambassador
Player2 returned 0 copies of gardens
Player1 gained gardens
Player2 bought estate

Player1 is now starting a turn.
curse was drawn from the deck.
curse was drawn from the deck.
gold was drawn from the deck.
gold was drawn from the deck.
gold was drawn from the deck.
Player1 bought province

Player2 is now starting a turn.
copper was drawn from the deck.
estate was drawn from the deck.
curse was drawn from the deck.
copper was drawn from the deck.
duchy was drawn from the deck.
Player2 bought ambassador

Player1 is now starting a turn.
curse was drawn from the deck.
copper was drawn from the deck.
copper was drawn from the deck.
copper was drawn from the deck.
copper was drawn from the deck.
Player1 bought seahag

Player2 is now starting a turn.
copper was drawn from the deck.
curse was drawn from the deck.
mine was drawn from the deck.
estate was drawn from the deck.
gold was drawn from the deck.
Playing action card: mine
Player2 gained gold
Player2 bought province

Player1 is now starting a turn.
duchy was drawn from the deck.
duchy was drawn from the deck.
silver was drawn from the deck.
estate was drawn from the deck.
embargo was drawn from the deck.
Playing action card: embargo
Player1 added embargo token to copper supply pile.
Player1 bought duchy

Player2 is now starting a turn.
adventurer was drawn from the deck.
gardens was drawn from the deck.
copper was drawn from the deck.
estate was drawn from the deck.
gold was drawn from the deck.
Playing action card: adventurer
estate was drawn from the deck.
Player2 discarded estate
curse was drawn from the deck.
Player2 discarded curse
duchy was drawn from the deck.
Player2 discarded duchy
curse was drawn from the deck.
Player2 discarded curse
estate was drawn from the deck.
Player2 discarded estate
copper was drawn from the deck.
Player2 bought adventurer

Player1 is now starting a turn.
gold was drawn from the deck.
copper was drawn from the deck.
estate was drawn from the deck.
copper was drawn from the deck.
village was drawn from the deck.
Playing action card: village
curse was drawn from the deck.
Player1 bought adventurer

Player2 is now starting a turn.
Shuffling Player2&apos;s deck.
gardens was drawn from the deck.
copper was drawn from the deck.
ambassador was drawn from the deck.
copper was drawn from the deck.
adventurer was drawn from the deck.
Playing action card: adventurer
gold was drawn from the deck.
copper was drawn from the deck.
Player2 bought adventurer

Player1 is now starting a turn.
Shuffling Player1&apos;s deck.
copper was drawn from the deck.
duchy was drawn from the deck.
curse was drawn from the deck.
embargo was drawn from the deck.
estate was drawn from the deck.
Playing action card: embargo
Player1 added embargo token to adventurer supply pile.
Player1 bought cutpurse

Player2 is now starting a turn.
mine was drawn from the deck.
curse was drawn from the deck.
estate was drawn from the deck.
ambassador was drawn from the deck.
estate was drawn from the deck.
Playing action card: ambassador
Player2 returned 0 copies of curse
Player2 bought embargo

Player1 is now starting a turn.
copper was drawn from the deck.
duchy was drawn from the deck.
village was drawn from the deck.
gold was drawn from the deck.
silver was drawn from the deck.
Playing action card: village
curse was drawn from the deck.
Player1 bought gold

Player2 is now starting a turn.
curse was drawn from the deck.
duchy was drawn from the deck.
adventurer was drawn from the deck.
curse was drawn from the deck.
gold was drawn from the deck.
Playing action card: adventurer
estate was drawn from the deck.
Player2 discarded estate
province was drawn from the deck.
Player2 discarded province
copper was drawn from the deck.
gardens was drawn from the deck.
Player2 discarded gardens
copper was drawn from the deck.
Player2 bought duchy

Player1 is now starting a turn.
copper was drawn from the deck.
gold was drawn from the deck.
adventurer was drawn from the deck.
province was drawn from the deck.
copper was drawn from the deck.
Playing action card: adventurer
duchy was drawn from the deck.
Player1 discarded duchy
curse was drawn from the deck.
Player1 discarded curse
province was drawn from the deck.
Player1 discarded province
estate was drawn from the deck.
Player1 discarded estate
copper was drawn from the deck.
curse was drawn from the deck.
Player1 discarded curse
gold was drawn from the deck.
Player1 bought province

Player2 is now starting a turn.
estate was drawn from the deck.
copper was drawn from the deck.
curse was drawn from the deck.
estate was drawn from the deck.
copper was drawn from the deck.
Player2 bought smithy

Player1 is now starting a turn.
estate was drawn from the deck.
copper was drawn from the deck.
gardens was drawn from the deck.
mine was drawn from the deck.
gold was drawn from the deck.
Playing action card: mine
Player1 gained gold
Player1 bought province

Player2 is now starting a turn.
estate was drawn from the deck.
duchy was drawn from the deck.
gold was drawn from the deck.
curse was drawn from the deck.
Shuffling Player2&apos;s deck.
estate was drawn from the deck.
Player2 bought mine

Player1 is now starting a turn.
gold was drawn from the deck.
curse was drawn from the deck.
seahag was drawn from the deck.
copper was drawn from the deck.
gold was drawn from the deck.
Playing action card: seahag
estate was drawn from the deck.
Player2 discarded estate
Player2 gained curse to top of deck.
Player1 bought gold

Player2 is now starting a turn.
curse was drawn from the deck.
curse was drawn from the deck.
province was drawn from the deck.
duchy was drawn from the deck.
copper was drawn from the deck.
Player2 bought copper

Player1 is now starting a turn.
Shuffling Player1&apos;s deck.
gold was drawn from the deck.
gold was drawn from the deck.
seahag was drawn from the deck.
province was drawn from the deck.
copper was drawn from the deck.
Playing action card: seahag
gold was drawn from the deck.
Player2 discarded gold
Player2 gained curse to top of deck.
Player1 bought gold

Player2 is now starting a turn.
curse was drawn from the deck.
ambassador was drawn from the deck.
copper was drawn from the deck.
gold was drawn from the deck.
ambassador was drawn from the deck.
Playing action card: ambassador
Player2 returned 0 copies of copper
Player1 gained copper
Player2 bought gardens

Player1 is now starting a turn.
province was drawn from the deck.
estate was drawn from the deck.
copper was drawn from the deck.
gardens was drawn from the deck.
silver was drawn from the deck.
Player1 bought seahag

Player2 is now starting a turn.
copper was drawn from the deck.
adventurer was drawn from the deck.
estate was drawn from the deck.
curse was drawn from the deck.
estate was drawn from the deck.
Playing action card: adventurer
copper was drawn from the deck.
curse was drawn from the deck.
Player2 discarded curse
gardens was drawn from the deck.
Player2 discarded gardens
curse was drawn from the deck.
Player2 discarded curse
gardens was drawn from the deck.
Player2 discarded gardens
adventurer was drawn from the deck.
Player2 discarded adventurer
copper was drawn from the deck.
Player2 bought mine

Player1 is now starting a turn.
adventurer was drawn from the deck.
village was drawn from the deck.
duchy was drawn from the deck.
duchy was drawn from the deck.
curse was drawn from the deck.
Playing action card: adventurer
curse was drawn from the deck.
Player1 discarded curse
curse was drawn from the deck.
Player1 discarded curse
province was drawn from the deck.
Player1 discarded province
copper was drawn from the deck.
copper was drawn from the deck.
Player1 bought embargo

Player2 is now starting a turn.
mine was drawn from the deck.
estate was drawn from the deck.
duchy was drawn from the deck.
embargo was drawn from the deck.
adventurer was drawn from the deck.
Playing action card: mine
Player2 bought copper

Player1 is now starting a turn.
gold was drawn from the deck.
gold was drawn from the deck.
cutpurse was drawn from the deck.
estate was drawn from the deck.
duchy was drawn from the deck.
Playing action card: cutpurse
Player2 had no coppers to discard. 
Player1 bought province

Player2 is now starting a turn.
copper was drawn from the deck.
copper was drawn from the deck.
smithy was drawn from the deck.
Shuffling Player2&apos;s deck.
adventurer was drawn from the deck.
adventurer was drawn from the deck.
Playing action card: adventurer
gold was drawn from the deck.
adventurer was drawn from the deck.
Player2 discarded adventurer
embargo was drawn from the deck.
Player2 discarded embargo
province was drawn from the deck.
Player2 discarded province
duchy was drawn from the deck.
Player2 discarded duchy
gold was drawn from the deck.
Player2 bought province

Player1 is now starting a turn.
gold was drawn from the deck.
province was drawn from the deck.
mine was drawn from the deck.
gold was drawn from the deck.
curse was drawn from the deck.
Playing action card: mine
Player1 gained gold
Player1 bought province
GAME OVER! Province card pile is empty. 
Player1: 1347
Player2: 1655
Player1: 1347
Player2: 1655

STARTING NEW GAME!

Player1 is now starting a turn.
Shuffling Player1&apos;s deck.
copper was drawn from the deck.
copper was drawn from the deck.
estate was drawn from the deck.
copper was drawn from the deck.
estate was drawn from the deck.
Player1 gained curse card because of embargo token.
Player1 gained curse
Player1 gained curse card because of embargo token.
Player1 gained curse
Player1 bought duchy

Player2 is now starting a turn.
Shuffling Player2&apos;s deck.
copper was drawn from the deck.
copper was drawn from the deck.
estate was drawn from the deck.
copper was drawn from the deck.
copper was drawn from the deck.
Player2 gained curse card because of embargo token.
Player2 gained curse
Player2 gained curse card because of embargo token.
Player2 gained curse
Player2 bought duchy

Player1 is now starting a turn.
copper was drawn from the deck.
estate was drawn from the deck.
copper was drawn from the deck.
copper was drawn from the deck.
copper was drawn from the deck.
Player1 gained curse card because of embargo token.
Player1 gained curse
Player1 gained curse card because of embargo token.
Player1 gained curse
Player1 gained curse card because of embargo token.
Player1 gained curse
Player1 bought mine

Player2 is now starting a turn.
copper was drawn from the deck.
copper was drawn from the deck.
estate was drawn from the deck.
estate was drawn from the deck.
copper was drawn from the deck.
Player2 gained curse card because of embargo token.
Player2 gained curse
Player2 gained curse card because of embargo token.
Player2 gained curse
Player2 gained curse card because of embargo token.
Player2 gained curse
Player2 bought mine

Player1 is now starting a turn.
Shuffling Player1&apos;s deck.
copper was drawn from the deck.
duchy was drawn from the deck.
curse was drawn from the deck.
curse was drawn from the deck.
estate was drawn from the deck.
Player1 bought embargo

Player2 is now starting a turn.
Shuffling Player2&apos;s deck.
curse was drawn from the deck.
curse was drawn from the deck.
curse was drawn from the deck.
estate was drawn from the deck.
copper was drawn from the deck.
Player2 bought estate

Player1 is now starting a turn.
curse was drawn from the deck.
copper was drawn from the deck.
curse was drawn from the deck.
copper was drawn from the deck.
estate was drawn from the deck.
Player1 bought village

Player2 is now starting a turn.
copper was drawn from the deck.
estate was drawn from the deck.
curse was drawn from the deck.
mine was drawn from the deck.
curse was drawn from the deck.
Playing action card: mine
Player2 gained gold
Player2 bought duchy

Player1 is now starting a turn.
copper was drawn from the deck.
copper was drawn from the deck.
curse was drawn from the deck.
copper was drawn from the deck.
mine was drawn from the deck.
Playing action card: mine
Player1 gained gold
Player1 bought gold

Player2 is now starting a turn.
copper was drawn from the deck.
copper was drawn from the deck.
copper was drawn from the deck.
estate was drawn from the deck.
duchy was drawn from the deck.
Player2 bought gardens

Player1 is now starting a turn.
copper was drawn from the deck.
estate was drawn from the deck.
Shuffling Player1&apos;s deck.
curse was drawn from the deck.
copper was drawn from the deck.
gold was drawn from the deck.
Player1 bought gold

Player2 is now starting a turn.
copper was drawn from the deck.
copper was drawn from the deck.
Shuffling Player2&apos;s deck.
gold was drawn from the deck.
estate was drawn from the deck.
estate was drawn from the deck.
Player2 bought adventurer

Player1 is now starting a turn.
mine was drawn from the deck.
curse was drawn from the deck.
gold was drawn from the deck.
copper was drawn from the deck.
curse was drawn from the deck.
Playing action card: mine
Player1 gained gold
Player1 bought gold

Player2 is now starting a turn.
copper was drawn from the deck.
curse was drawn from the deck.
curse was drawn from the deck.
duchy was drawn from the deck.
copper was drawn from the deck.
Player2 bought estate

Player1 is now starting a turn.
copper was drawn from the deck.
curse was drawn from the deck.
duchy was drawn from the deck.
estate was drawn from the deck.
copper was drawn from the deck.
Player1 bought silver

Player2 is now starting a turn.
curse was drawn from the deck.
copper was drawn from the deck.
estate was drawn from the deck.
estate was drawn from the deck.
duchy was drawn from the deck.
Player2 bought ambassador

Player1 is now starting a turn.
curse was drawn from the deck.
copper was drawn from the deck.
copper was drawn from the deck.
embargo was drawn from the deck.
village was drawn from the deck.
Playing action card: village
estate was drawn from the deck.
Playing action card: embargo
Player1 added embargo token to province supply pile.
Player1 bought duchy

Player2 is now starting a turn.
copper was drawn from the deck.
curse was drawn from the deck.
gardens was drawn from the deck.
curse was drawn from the deck.
mine was drawn from the deck.
Playing action card: mine
Player2 gained gold
Player2 bought gardens

Player1 is now starting a turn.
Shuffling Player1&apos;s deck.
mine was drawn from the deck.
curse was drawn from the deck.
copper was drawn from the deck.
gold was drawn from the deck.
estate was drawn from the deck.
Playing action card: mine
Player1 gained gold
Player1 bought province

Player2 is now starting a turn.
copper was drawn from the deck.
Shuffling Player2&apos;s deck.
gardens was drawn from the deck.
curse was drawn from the deck.
copper was drawn from the deck.
ambassador was drawn from the deck.
Playing action card: ambassador
Player2 returned 0 copies of gardens
Player1 gained gardens
Player2 bought estate

Player1 is now starting a turn.
curse was drawn from the deck.
curse was drawn from the deck.
gold was drawn from the deck.
gold was drawn from the deck.
gold was drawn from the deck.
Player1 bought province

Player2 is now starting a turn.
copper was drawn from the deck.
estate was drawn from the deck.
curse was drawn from the deck.
copper was drawn from the deck.
duchy was drawn from the deck.
Player2 bought ambassador

Player1 is now starting a turn.
curse was drawn from the deck.
copper was drawn from the deck.
copper was drawn from the deck.
copper was drawn from the deck.
copper was drawn from the deck.
Player1 bought seahag

Player2 is now starting a turn.
copper was drawn from the deck.
curse was drawn from the deck.
mine was drawn from the deck.
estate was drawn from the deck.
gold was drawn from the deck.
Playing action card: mine
Player2 gained gold
Player2 bought province

Player1 is now starting a turn.
duchy was drawn from the deck.
duchy was drawn from the deck.
silver was drawn from the deck.
estate was drawn from the deck.
embargo was drawn from the deck.
Playing action card: embargo
Player1 added embargo token to copper supply pile.
Player1 bought duchy

Player2 is now starting a turn.
adventurer was drawn from the deck.
gardens was drawn from the deck.
copper was drawn from the deck.
estate was drawn from the deck.
gold was drawn from the deck.
Playing action card: adventurer
estate was drawn from the deck.
Player2 discarded estate
curse was drawn from the deck.
Player2 discarded curse
duchy was drawn from the deck.
Player2 discarded duchy
curse was drawn from the deck.
Player2 discarded curse
estate was drawn from the deck.
Player2 discarded estate
copper was drawn from the deck.
Player2 bought adventurer

Player1 is now starting a turn.
gold was drawn from the deck.
copper was drawn from the deck.
estate was drawn from the deck.
copper was drawn from the deck.
village was drawn from the deck.
Playing action card: village
curse was drawn from the deck.
Player1 bought adventurer

Player2 is now starting a turn.
Shuffling Player2&apos;s deck.
gardens was drawn from the deck.
copper was drawn from the deck.
ambassador was drawn from the deck.
copper was drawn from the deck.
adventurer was drawn from the deck.
Playing action card: adventurer
gold was drawn from the deck.
copper was drawn from the deck.
Player2 bought adventurer

Player1 is now starting a turn.
Shuffling Player1&apos;s deck.
copper was drawn from the deck.
duchy was drawn from the deck.
curse was drawn from the deck.
embargo was drawn from the deck.
estate was drawn from the deck.
Playing action card: embargo
Player1 added embargo token to adventurer supply pile.
Player1 bought cutpurse

Player2 is now starting a turn.
mine was drawn from the deck.
curse was drawn from the deck.
estate was drawn from the deck.
ambassador was drawn from the deck.
estate was drawn from the deck.
Playing action card: ambassador
Player2 returned 0 copies of curse
Player2 bought embargo

Player1 is now starting a turn.
copper was drawn from the deck.
duchy was drawn from the deck.
village was drawn from the deck.
gold was drawn from the deck.
silver was drawn from the deck.
Playing action card: village
curse was drawn from the deck.
Player1 bought gold

Player2 is now starting a turn.
curse was drawn from the deck.
duchy was drawn from the deck.
adventurer was drawn from the deck.
curse was drawn from the deck.
gold was drawn from the deck.
Playing action card: adventurer
estate was drawn from the deck.
Player2 discarded estate
province was drawn from the deck.
Player2 discarded province
copper was drawn from the deck.
gardens was drawn from the deck.
Player2 discarded gardens
copper was drawn from the deck.
Player2 bought duchy

Player1 is now starting a turn.
copper was drawn from the deck.
gold was drawn from the deck.
adventurer was drawn from the deck.
province was drawn from the deck.
copper was drawn from the deck.
Playing action card: adventurer
duchy was drawn from the deck.
Player1 discarded duchy
curse was drawn from the deck.
Player1 discarded curse
province was drawn from the deck.
Player1 discarded province
estate was drawn from the deck.
Player1 discarded estate
copper was drawn from the deck.
curse was drawn from the deck.
Player1 discarded curse
gold was drawn from the deck.
Player1 bought province

Player2 is now starting a turn.
estate was drawn from the deck.
copper was drawn from the deck.
curse was drawn from the deck.
estate was drawn from the deck.
copper was drawn from the deck.
Player2 bought smithy

Player1 is now starting a turn.
estate was drawn from the deck.
copper was drawn from the deck.
gardens was drawn from the deck.
mine was drawn from the deck.
gold was drawn from the deck.
Playing action card: mine
Player1 gained gold
Player1 bought province

Player2 is now starting a turn.
estate was drawn from the deck.
duchy was drawn from the deck.
gold was drawn from the deck.
curse was drawn from the deck.
Shuffling Player2&apos;s deck.
estate was drawn from the deck.
Player2 bought mine

Player1 is now starting a turn.
gold was drawn from the deck.
curse was drawn from the deck.
seahag was drawn from the deck.
copper was drawn from the deck.
gold was drawn from the deck.
Playing action card: seahag
estate was drawn from the deck.
Player2 discarded estate
Player2 gained curse to top of deck.
Player1 bought gold

Player2 is now starting a turn.
curse was drawn from the deck.
curse was drawn from the deck.
province was drawn from the deck.
duchy was drawn from the deck.
copper was drawn from the deck.
Player2 bought copper

Player1 is now starting a turn.
Shuffling Player1&apos;s deck.
gold was drawn from the deck.
gold was drawn from the deck.
seahag was drawn from the deck.
province was drawn from the deck.
copper was drawn from the deck.
Playing action card: seahag
gold was drawn from the deck.
Player2 discarded gold
Player2 gained curse to top of deck.
Player1 bought gold

Player2 is now starting a turn.
curse was drawn from the deck.
ambassador was drawn from the deck.
copper was drawn from the deck.
gold was drawn from the deck.
ambassador was drawn from the deck.
Playing action card: ambassador
Player2 returned 0 copies of copper
Player1 gained copper
Player2 bought gardens

Player1 is now starting a turn.
province was drawn from the deck.
estate was drawn from the deck.
copper was drawn from the deck.
gardens was drawn from the deck.
silver was drawn from the deck.
Player1 bought seahag

Player2 is now starting a turn.
copper was drawn from the deck.
adventurer was drawn from the deck.
estate was drawn from the deck.
curse was drawn from the deck.
estate was drawn from the deck.
Playing action card: adventurer
copper was drawn from the deck.
curse was drawn from the deck.
Player2 discarded curse
gardens was drawn from the deck.
Player2 discarded gardens
curse was drawn from the deck.
Player2 discarded curse
gardens was drawn from the deck.
Player2 discarded gardens
adventurer was drawn from the deck.
Player2 discarded adventurer
copper was drawn from the deck.
Player2 bought mine

Player1 is now starting a turn.
adventurer was drawn from the deck.
village was drawn from the deck.
duchy was drawn from the deck.
duchy was drawn from the deck.
curse was drawn from the deck.
Playing action card: adventurer
curse was drawn from the deck.
Player1 discarded curse
curse was drawn from the deck.
Player1 discarded curse
province was drawn from the deck.
Player1 discarded province
copper was drawn from the deck.
copper was drawn from the deck.
Player1 bought embargo

Player2 is now starting a turn.
mine was drawn from the deck.
estate was drawn from the deck.
duchy was drawn from the deck.
embargo was drawn from the deck.
adventurer was drawn from the deck.
Playing action card: mine
Player2 bought copper

Player1 is now starting a turn.
gold was drawn from the deck.
gold was drawn from the deck.
cutpurse was drawn from the deck.
estate was drawn from the deck.
duchy was drawn from the deck.
Playing action card: cutpurse
Player2 had no coppers to discard. 
Player1 bought province

Player2 is now starting a turn.
copper was drawn from the deck.
copper was drawn from the deck.
smithy was drawn from the deck.
Shuffling Player2&apos;s deck.
adventurer was drawn from the deck.
adventurer was drawn from the deck.
Playing action card: adventurer
gold was drawn from the deck.
adventurer was drawn from the deck.
Player2 discarded adventurer
embargo was drawn from the deck.
Player2 discarded embargo
province was drawn from the deck.
Player2 discarded province
duchy was drawn from the deck.
Player2 discarded duchy
gold was drawn from the deck.
Player2 bought province

Player1 is now starting a turn.
gold was drawn from the deck.
province was drawn from the deck.
mine was drawn from the deck.
gold was drawn from the deck.
curse was drawn from the deck.
Playing action card: mine
Player1 gained gold
Player1 bought province
GAME OVER! Province card pile is empty. 
Player1: 1347
Player2: 1655
gold was drawn from the deck.
copper was drawn from the deck.
Player1 had no coppers to discard. 
Player2 discarded copper. 
Player2 discarded copper
hi! gained great_hall to top of deck.
</system-out>
  </testcase>
  <testcase classname="RegressionTest" name="test321" time="0.02">
    <failure message="&apos;curse&apos; != &apos;copper&apos;" type="java.lang.AssertionError">java.lang.AssertionError: &apos;curse&apos; != &apos;copper&apos;
	at org.junit.Assert.fail(Assert.java:88)
	at org.junit.Assert.assertTrue(Assert.java:41)
	at RegressionTest.test321(RegressionTest.java:21076)
	at sun.reflect.NativeMethodAccessorImpl.invoke0(Native Method)
	at sun.reflect.NativeMethodAccessorImpl.invoke(NativeMethodAccessorImpl.java:62)
	at sun.reflect.DelegatingMethodAccessorImpl.invoke(DelegatingMethodAccessorImpl.java:43)
	at java.lang.reflect.Method.invoke(Method.java:498)
	at org.junit.runners.model.FrameworkMethod$1.runReflectiveCall(FrameworkMethod.java:47)
	at org.junit.internal.runners.model.ReflectiveCallable.run(ReflectiveCallable.java:12)
	at org.junit.runners.model.FrameworkMethod.invokeExplosively(FrameworkMethod.java:44)
	at org.junit.internal.runners.statements.InvokeMethod.evaluate(InvokeMethod.java:17)
	at org.junit.runners.ParentRunner.runLeaf(ParentRunner.java:271)
	at org.junit.runners.BlockJUnit4ClassRunner.runChild(BlockJUnit4ClassRunner.java:70)
	at org.junit.runners.BlockJUnit4ClassRunner.runChild(BlockJUnit4ClassRunner.java:50)
	at org.junit.runners.ParentRunner$3.run(ParentRunner.java:238)
	at org.junit.runners.ParentRunner$1.schedule(ParentRunner.java:63)
	at org.junit.runners.ParentRunner.runChildren(ParentRunner.java:236)
	at org.junit.runners.ParentRunner.access$000(ParentRunner.java:53)
	at org.junit.runners.ParentRunner$2.evaluate(ParentRunner.java:229)
	at org.junit.runners.ParentRunner.run(ParentRunner.java:309)
	at org.apache.maven.surefire.junit4.JUnit4Provider.execute(JUnit4Provider.java:252)
	at org.apache.maven.surefire.junit4.JUnit4Provider.executeTestSet(JUnit4Provider.java:141)
	at org.apache.maven.surefire.junit4.JUnit4Provider.invoke(JUnit4Provider.java:112)
	at sun.reflect.NativeMethodAccessorImpl.invoke0(Native Method)
	at sun.reflect.NativeMethodAccessorImpl.invoke(NativeMethodAccessorImpl.java:62)
	at sun.reflect.DelegatingMethodAccessorImpl.invoke(DelegatingMethodAccessorImpl.java:43)
	at java.lang.reflect.Method.invoke(Method.java:498)
	at org.apache.maven.surefire.util.ReflectionUtils.invokeMethodWithArray(ReflectionUtils.java:189)
	at org.apache.maven.surefire.booter.ProviderFactory$ProviderProxy.invoke(ProviderFactory.java:165)
	at org.apache.maven.surefire.booter.ProviderFactory.invokeProvider(ProviderFactory.java:85)
	at org.apache.maven.surefire.booter.ForkedBooter.runSuitesInProcess(ForkedBooter.java:115)
	at org.apache.maven.surefire.booter.ForkedBooter.main(ForkedBooter.java:75)
</failure>
    <system-out>hi! discarded cutpurse

STARTING NEW GAME!

Player1 is now starting a turn.
Shuffling Player1&apos;s deck.
copper was drawn from the deck.
copper was drawn from the deck.
estate was drawn from the deck.
copper was drawn from the deck.
estate was drawn from the deck.
Player1 gained curse card because of embargo token.
Player1 gained curse
Player1 gained curse card because of embargo token.
Player1 gained curse
Player1 bought duchy

Player2 is now starting a turn.
Shuffling Player2&apos;s deck.
copper was drawn from the deck.
copper was drawn from the deck.
estate was drawn from the deck.
copper was drawn from the deck.
copper was drawn from the deck.
Player2 gained curse card because of embargo token.
Player2 gained curse
Player2 gained curse card because of embargo token.
Player2 gained curse
Player2 bought duchy

Player1 is now starting a turn.
copper was drawn from the deck.
estate was drawn from the deck.
copper was drawn from the deck.
copper was drawn from the deck.
copper was drawn from the deck.
Player1 gained curse card because of embargo token.
Player1 gained curse
Player1 gained curse card because of embargo token.
Player1 gained curse
Player1 gained curse card because of embargo token.
Player1 gained curse
Player1 bought mine

Player2 is now starting a turn.
copper was drawn from the deck.
copper was drawn from the deck.
estate was drawn from the deck.
estate was drawn from the deck.
copper was drawn from the deck.
Player2 gained curse card because of embargo token.
Player2 gained curse
Player2 gained curse card because of embargo token.
Player2 gained curse
Player2 gained curse card because of embargo token.
Player2 gained curse
Player2 bought mine

Player1 is now starting a turn.
Shuffling Player1&apos;s deck.
copper was drawn from the deck.
duchy was drawn from the deck.
curse was drawn from the deck.
curse was drawn from the deck.
estate was drawn from the deck.
Player1 bought embargo

Player2 is now starting a turn.
Shuffling Player2&apos;s deck.
curse was drawn from the deck.
curse was drawn from the deck.
curse was drawn from the deck.
estate was drawn from the deck.
copper was drawn from the deck.
Player2 bought estate

Player1 is now starting a turn.
curse was drawn from the deck.
copper was drawn from the deck.
curse was drawn from the deck.
copper was drawn from the deck.
estate was drawn from the deck.
Player1 bought village

Player2 is now starting a turn.
copper was drawn from the deck.
estate was drawn from the deck.
curse was drawn from the deck.
mine was drawn from the deck.
curse was drawn from the deck.
Playing action card: mine
Player2 gained gold
Player2 bought duchy

Player1 is now starting a turn.
copper was drawn from the deck.
copper was drawn from the deck.
curse was drawn from the deck.
copper was drawn from the deck.
mine was drawn from the deck.
Playing action card: mine
Player1 gained gold
Player1 bought gold

Player2 is now starting a turn.
copper was drawn from the deck.
copper was drawn from the deck.
copper was drawn from the deck.
estate was drawn from the deck.
duchy was drawn from the deck.
Player2 bought gardens

Player1 is now starting a turn.
copper was drawn from the deck.
estate was drawn from the deck.
Shuffling Player1&apos;s deck.
curse was drawn from the deck.
copper was drawn from the deck.
gold was drawn from the deck.
Player1 bought gold

Player2 is now starting a turn.
copper was drawn from the deck.
copper was drawn from the deck.
Shuffling Player2&apos;s deck.
gold was drawn from the deck.
estate was drawn from the deck.
estate was drawn from the deck.
Player2 bought adventurer

Player1 is now starting a turn.
mine was drawn from the deck.
curse was drawn from the deck.
gold was drawn from the deck.
copper was drawn from the deck.
curse was drawn from the deck.
Playing action card: mine
Player1 gained gold
Player1 bought gold

Player2 is now starting a turn.
copper was drawn from the deck.
curse was drawn from the deck.
curse was drawn from the deck.
duchy was drawn from the deck.
copper was drawn from the deck.
Player2 bought estate

Player1 is now starting a turn.
copper was drawn from the deck.
curse was drawn from the deck.
duchy was drawn from the deck.
estate was drawn from the deck.
copper was drawn from the deck.
Player1 bought silver

Player2 is now starting a turn.
curse was drawn from the deck.
copper was drawn from the deck.
estate was drawn from the deck.
estate was drawn from the deck.
duchy was drawn from the deck.
Player2 bought ambassador

Player1 is now starting a turn.
curse was drawn from the deck.
copper was drawn from the deck.
copper was drawn from the deck.
embargo was drawn from the deck.
village was drawn from the deck.
Playing action card: village
estate was drawn from the deck.
Playing action card: embargo
Player1 added embargo token to province supply pile.
Player1 bought duchy

Player2 is now starting a turn.
copper was drawn from the deck.
curse was drawn from the deck.
gardens was drawn from the deck.
curse was drawn from the deck.
mine was drawn from the deck.
Playing action card: mine
Player2 gained gold
Player2 bought gardens

Player1 is now starting a turn.
Shuffling Player1&apos;s deck.
mine was drawn from the deck.
curse was drawn from the deck.
copper was drawn from the deck.
gold was drawn from the deck.
estate was drawn from the deck.
Playing action card: mine
Player1 gained gold
Player1 bought province

Player2 is now starting a turn.
copper was drawn from the deck.
Shuffling Player2&apos;s deck.
gardens was drawn from the deck.
curse was drawn from the deck.
copper was drawn from the deck.
ambassador was drawn from the deck.
Playing action card: ambassador
Player2 returned 0 copies of gardens
Player1 gained gardens
Player2 bought estate

Player1 is now starting a turn.
curse was drawn from the deck.
curse was drawn from the deck.
gold was drawn from the deck.
gold was drawn from the deck.
gold was drawn from the deck.
Player1 bought province

Player2 is now starting a turn.
copper was drawn from the deck.
estate was drawn from the deck.
curse was drawn from the deck.
copper was drawn from the deck.
duchy was drawn from the deck.
Player2 bought ambassador

Player1 is now starting a turn.
curse was drawn from the deck.
copper was drawn from the deck.
copper was drawn from the deck.
copper was drawn from the deck.
copper was drawn from the deck.
Player1 bought seahag

Player2 is now starting a turn.
copper was drawn from the deck.
curse was drawn from the deck.
mine was drawn from the deck.
estate was drawn from the deck.
gold was drawn from the deck.
Playing action card: mine
Player2 gained gold
Player2 bought province

Player1 is now starting a turn.
duchy was drawn from the deck.
duchy was drawn from the deck.
silver was drawn from the deck.
estate was drawn from the deck.
embargo was drawn from the deck.
Playing action card: embargo
Player1 added embargo token to copper supply pile.
Player1 bought duchy

Player2 is now starting a turn.
adventurer was drawn from the deck.
gardens was drawn from the deck.
copper was drawn from the deck.
estate was drawn from the deck.
gold was drawn from the deck.
Playing action card: adventurer
estate was drawn from the deck.
Player2 discarded estate
curse was drawn from the deck.
Player2 discarded curse
duchy was drawn from the deck.
Player2 discarded duchy
curse was drawn from the deck.
Player2 discarded curse
estate was drawn from the deck.
Player2 discarded estate
copper was drawn from the deck.
Player2 bought adventurer

Player1 is now starting a turn.
gold was drawn from the deck.
copper was drawn from the deck.
estate was drawn from the deck.
copper was drawn from the deck.
village was drawn from the deck.
Playing action card: village
curse was drawn from the deck.
Player1 bought adventurer

Player2 is now starting a turn.
Shuffling Player2&apos;s deck.
gardens was drawn from the deck.
copper was drawn from the deck.
ambassador was drawn from the deck.
copper was drawn from the deck.
adventurer was drawn from the deck.
Playing action card: adventurer
gold was drawn from the deck.
copper was drawn from the deck.
Player2 bought adventurer

Player1 is now starting a turn.
Shuffling Player1&apos;s deck.
copper was drawn from the deck.
duchy was drawn from the deck.
curse was drawn from the deck.
embargo was drawn from the deck.
estate was drawn from the deck.
Playing action card: embargo
Player1 added embargo token to adventurer supply pile.
Player1 bought cutpurse

Player2 is now starting a turn.
mine was drawn from the deck.
curse was drawn from the deck.
estate was drawn from the deck.
ambassador was drawn from the deck.
estate was drawn from the deck.
Playing action card: ambassador
Player2 returned 0 copies of curse
Player2 bought embargo

Player1 is now starting a turn.
copper was drawn from the deck.
duchy was drawn from the deck.
village was drawn from the deck.
gold was drawn from the deck.
silver was drawn from the deck.
Playing action card: village
curse was drawn from the deck.
Player1 bought gold

Player2 is now starting a turn.
curse was drawn from the deck.
duchy was drawn from the deck.
adventurer was drawn from the deck.
curse was drawn from the deck.
gold was drawn from the deck.
Playing action card: adventurer
estate was drawn from the deck.
Player2 discarded estate
province was drawn from the deck.
Player2 discarded province
copper was drawn from the deck.
gardens was drawn from the deck.
Player2 discarded gardens
copper was drawn from the deck.
Player2 bought duchy

Player1 is now starting a turn.
copper was drawn from the deck.
gold was drawn from the deck.
adventurer was drawn from the deck.
province was drawn from the deck.
copper was drawn from the deck.
Playing action card: adventurer
duchy was drawn from the deck.
Player1 discarded duchy
curse was drawn from the deck.
Player1 discarded curse
province was drawn from the deck.
Player1 discarded province
estate was drawn from the deck.
Player1 discarded estate
copper was drawn from the deck.
curse was drawn from the deck.
Player1 discarded curse
gold was drawn from the deck.
Player1 bought province

Player2 is now starting a turn.
estate was drawn from the deck.
copper was drawn from the deck.
curse was drawn from the deck.
estate was drawn from the deck.
copper was drawn from the deck.
Player2 bought smithy

Player1 is now starting a turn.
estate was drawn from the deck.
copper was drawn from the deck.
gardens was drawn from the deck.
mine was drawn from the deck.
gold was drawn from the deck.
Playing action card: mine
Player1 gained gold
Player1 bought province

Player2 is now starting a turn.
estate was drawn from the deck.
duchy was drawn from the deck.
gold was drawn from the deck.
curse was drawn from the deck.
Shuffling Player2&apos;s deck.
estate was drawn from the deck.
Player2 bought mine

Player1 is now starting a turn.
gold was drawn from the deck.
curse was drawn from the deck.
seahag was drawn from the deck.
copper was drawn from the deck.
gold was drawn from the deck.
Playing action card: seahag
estate was drawn from the deck.
Player2 discarded estate
Player2 gained curse to top of deck.
Player1 bought gold

Player2 is now starting a turn.
curse was drawn from the deck.
curse was drawn from the deck.
province was drawn from the deck.
duchy was drawn from the deck.
copper was drawn from the deck.
Player2 bought copper

Player1 is now starting a turn.
Shuffling Player1&apos;s deck.
gold was drawn from the deck.
gold was drawn from the deck.
seahag was drawn from the deck.
province was drawn from the deck.
copper was drawn from the deck.
Playing action card: seahag
gold was drawn from the deck.
Player2 discarded gold
Player2 gained curse to top of deck.
Player1 bought gold

Player2 is now starting a turn.
curse was drawn from the deck.
ambassador was drawn from the deck.
copper was drawn from the deck.
gold was drawn from the deck.
ambassador was drawn from the deck.
Playing action card: ambassador
Player2 returned 0 copies of copper
Player1 gained copper
Player2 bought gardens

Player1 is now starting a turn.
province was drawn from the deck.
estate was drawn from the deck.
copper was drawn from the deck.
gardens was drawn from the deck.
silver was drawn from the deck.
Player1 bought seahag

Player2 is now starting a turn.
copper was drawn from the deck.
adventurer was drawn from the deck.
estate was drawn from the deck.
curse was drawn from the deck.
estate was drawn from the deck.
Playing action card: adventurer
copper was drawn from the deck.
curse was drawn from the deck.
Player2 discarded curse
gardens was drawn from the deck.
Player2 discarded gardens
curse was drawn from the deck.
Player2 discarded curse
gardens was drawn from the deck.
Player2 discarded gardens
adventurer was drawn from the deck.
Player2 discarded adventurer
copper was drawn from the deck.
Player2 bought mine

Player1 is now starting a turn.
adventurer was drawn from the deck.
village was drawn from the deck.
duchy was drawn from the deck.
duchy was drawn from the deck.
curse was drawn from the deck.
Playing action card: adventurer
curse was drawn from the deck.
Player1 discarded curse
curse was drawn from the deck.
Player1 discarded curse
province was drawn from the deck.
Player1 discarded province
copper was drawn from the deck.
copper was drawn from the deck.
Player1 bought embargo

Player2 is now starting a turn.
mine was drawn from the deck.
estate was drawn from the deck.
duchy was drawn from the deck.
embargo was drawn from the deck.
adventurer was drawn from the deck.
Playing action card: mine
Player2 bought copper

Player1 is now starting a turn.
gold was drawn from the deck.
gold was drawn from the deck.
cutpurse was drawn from the deck.
estate was drawn from the deck.
duchy was drawn from the deck.
Playing action card: cutpurse
Player2 had no coppers to discard. 
Player1 bought province

Player2 is now starting a turn.
copper was drawn from the deck.
copper was drawn from the deck.
smithy was drawn from the deck.
Shuffling Player2&apos;s deck.
adventurer was drawn from the deck.
adventurer was drawn from the deck.
Playing action card: adventurer
gold was drawn from the deck.
adventurer was drawn from the deck.
Player2 discarded adventurer
embargo was drawn from the deck.
Player2 discarded embargo
province was drawn from the deck.
Player2 discarded province
duchy was drawn from the deck.
Player2 discarded duchy
gold was drawn from the deck.
Player2 bought province

Player1 is now starting a turn.
gold was drawn from the deck.
province was drawn from the deck.
mine was drawn from the deck.
gold was drawn from the deck.
curse was drawn from the deck.
Playing action card: mine
Player1 gained gold
Player1 bought province
GAME OVER! Province card pile is empty. 
Player1: 1212
Player2: 1655
Player1: 1212
Player2: 1655
hi! gained cutpurse

STARTING NEW GAME!

Player1 is now starting a turn.
Shuffling Player1&apos;s deck.
copper was drawn from the deck.
copper was drawn from the deck.
estate was drawn from the deck.
copper was drawn from the deck.
estate was drawn from the deck.
Player1 gained curse card because of embargo token.
Player1 gained curse
Player1 gained curse card because of embargo token.
Player1 gained curse
Player1 bought duchy

Player2 is now starting a turn.
Shuffling Player2&apos;s deck.
copper was drawn from the deck.
copper was drawn from the deck.
estate was drawn from the deck.
copper was drawn from the deck.
copper was drawn from the deck.
Player2 gained curse card because of embargo token.
Player2 gained curse
Player2 gained curse card because of embargo token.
Player2 gained curse
Player2 bought duchy

Player1 is now starting a turn.
copper was drawn from the deck.
estate was drawn from the deck.
copper was drawn from the deck.
copper was drawn from the deck.
copper was drawn from the deck.
Player1 gained curse card because of embargo token.
Player1 gained curse
Player1 gained curse card because of embargo token.
Player1 gained curse
Player1 gained curse card because of embargo token.
Player1 gained curse
Player1 bought mine

Player2 is now starting a turn.
copper was drawn from the deck.
copper was drawn from the deck.
estate was drawn from the deck.
estate was drawn from the deck.
copper was drawn from the deck.
Player2 gained curse card because of embargo token.
Player2 gained curse
Player2 gained curse card because of embargo token.
Player2 gained curse
Player2 gained curse card because of embargo token.
Player2 gained curse
Player2 bought mine

Player1 is now starting a turn.
Shuffling Player1&apos;s deck.
copper was drawn from the deck.
duchy was drawn from the deck.
curse was drawn from the deck.
curse was drawn from the deck.
estate was drawn from the deck.
Player1 bought embargo

Player2 is now starting a turn.
Shuffling Player2&apos;s deck.
curse was drawn from the deck.
curse was drawn from the deck.
curse was drawn from the deck.
estate was drawn from the deck.
copper was drawn from the deck.
Player2 bought estate

Player1 is now starting a turn.
curse was drawn from the deck.
copper was drawn from the deck.
curse was drawn from the deck.
copper was drawn from the deck.
estate was drawn from the deck.
Player1 bought village

Player2 is now starting a turn.
copper was drawn from the deck.
estate was drawn from the deck.
curse was drawn from the deck.
mine was drawn from the deck.
curse was drawn from the deck.
Playing action card: mine
Player2 gained gold
Player2 bought duchy

Player1 is now starting a turn.
copper was drawn from the deck.
copper was drawn from the deck.
curse was drawn from the deck.
copper was drawn from the deck.
mine was drawn from the deck.
Playing action card: mine
Player1 gained gold
Player1 bought gold

Player2 is now starting a turn.
copper was drawn from the deck.
copper was drawn from the deck.
copper was drawn from the deck.
estate was drawn from the deck.
duchy was drawn from the deck.
Player2 bought gardens

Player1 is now starting a turn.
copper was drawn from the deck.
estate was drawn from the deck.
Shuffling Player1&apos;s deck.
curse was drawn from the deck.
copper was drawn from the deck.
gold was drawn from the deck.
Player1 bought gold

Player2 is now starting a turn.
copper was drawn from the deck.
copper was drawn from the deck.
Shuffling Player2&apos;s deck.
gold was drawn from the deck.
estate was drawn from the deck.
estate was drawn from the deck.
Player2 bought adventurer

Player1 is now starting a turn.
mine was drawn from the deck.
curse was drawn from the deck.
gold was drawn from the deck.
copper was drawn from the deck.
curse was drawn from the deck.
Playing action card: mine
Player1 gained gold
Player1 bought gold

Player2 is now starting a turn.
copper was drawn from the deck.
curse was drawn from the deck.
curse was drawn from the deck.
duchy was drawn from the deck.
copper was drawn from the deck.
Player2 bought estate

Player1 is now starting a turn.
copper was drawn from the deck.
curse was drawn from the deck.
duchy was drawn from the deck.
estate was drawn from the deck.
copper was drawn from the deck.
Player1 bought silver

Player2 is now starting a turn.
curse was drawn from the deck.
copper was drawn from the deck.
estate was drawn from the deck.
estate was drawn from the deck.
duchy was drawn from the deck.
Player2 bought ambassador

Player1 is now starting a turn.
curse was drawn from the deck.
copper was drawn from the deck.
copper was drawn from the deck.
embargo was drawn from the deck.
village was drawn from the deck.
Playing action card: village
estate was drawn from the deck.
Playing action card: embargo
Player1 added embargo token to province supply pile.
Player1 bought duchy

Player2 is now starting a turn.
copper was drawn from the deck.
curse was drawn from the deck.
gardens was drawn from the deck.
curse was drawn from the deck.
mine was drawn from the deck.
Playing action card: mine
Player2 gained gold
Player2 bought gardens

Player1 is now starting a turn.
Shuffling Player1&apos;s deck.
mine was drawn from the deck.
curse was drawn from the deck.
copper was drawn from the deck.
gold was drawn from the deck.
estate was drawn from the deck.
Playing action card: mine
Player1 gained gold
Player1 bought province

Player2 is now starting a turn.
copper was drawn from the deck.
Shuffling Player2&apos;s deck.
gardens was drawn from the deck.
curse was drawn from the deck.
copper was drawn from the deck.
ambassador was drawn from the deck.
Playing action card: ambassador
Player2 returned 0 copies of gardens
Player1 gained gardens
Player2 bought estate

Player1 is now starting a turn.
curse was drawn from the deck.
curse was drawn from the deck.
gold was drawn from the deck.
gold was drawn from the deck.
gold was drawn from the deck.
Player1 bought province

Player2 is now starting a turn.
copper was drawn from the deck.
estate was drawn from the deck.
curse was drawn from the deck.
copper was drawn from the deck.
duchy was drawn from the deck.
Player2 bought ambassador

Player1 is now starting a turn.
curse was drawn from the deck.
copper was drawn from the deck.
copper was drawn from the deck.
copper was drawn from the deck.
copper was drawn from the deck.
Player1 bought seahag

Player2 is now starting a turn.
copper was drawn from the deck.
curse was drawn from the deck.
mine was drawn from the deck.
estate was drawn from the deck.
gold was drawn from the deck.
Playing action card: mine
Player2 gained gold
Player2 bought province

Player1 is now starting a turn.
duchy was drawn from the deck.
duchy was drawn from the deck.
silver was drawn from the deck.
estate was drawn from the deck.
embargo was drawn from the deck.
Playing action card: embargo
Player1 added embargo token to copper supply pile.
Player1 bought duchy

Player2 is now starting a turn.
adventurer was drawn from the deck.
gardens was drawn from the deck.
copper was drawn from the deck.
estate was drawn from the deck.
gold was drawn from the deck.
Playing action card: adventurer
estate was drawn from the deck.
Player2 discarded estate
curse was drawn from the deck.
Player2 discarded curse
duchy was drawn from the deck.
Player2 discarded duchy
curse was drawn from the deck.
Player2 discarded curse
estate was drawn from the deck.
Player2 discarded estate
copper was drawn from the deck.
Player2 bought adventurer

Player1 is now starting a turn.
gold was drawn from the deck.
copper was drawn from the deck.
estate was drawn from the deck.
copper was drawn from the deck.
village was drawn from the deck.
Playing action card: village
curse was drawn from the deck.
Player1 bought adventurer

Player2 is now starting a turn.
Shuffling Player2&apos;s deck.
gardens was drawn from the deck.
copper was drawn from the deck.
ambassador was drawn from the deck.
copper was drawn from the deck.
adventurer was drawn from the deck.
Playing action card: adventurer
gold was drawn from the deck.
copper was drawn from the deck.
Player2 bought adventurer

Player1 is now starting a turn.
Shuffling Player1&apos;s deck.
copper was drawn from the deck.
duchy was drawn from the deck.
curse was drawn from the deck.
embargo was drawn from the deck.
estate was drawn from the deck.
Playing action card: embargo
Player1 added embargo token to adventurer supply pile.
Player1 bought cutpurse

Player2 is now starting a turn.
mine was drawn from the deck.
curse was drawn from the deck.
estate was drawn from the deck.
ambassador was drawn from the deck.
estate was drawn from the deck.
Playing action card: ambassador
Player2 returned 0 copies of curse
Player2 bought embargo

Player1 is now starting a turn.
copper was drawn from the deck.
duchy was drawn from the deck.
village was drawn from the deck.
gold was drawn from the deck.
silver was drawn from the deck.
Playing action card: village
curse was drawn from the deck.
Player1 bought gold

Player2 is now starting a turn.
curse was drawn from the deck.
duchy was drawn from the deck.
adventurer was drawn from the deck.
curse was drawn from the deck.
gold was drawn from the deck.
Playing action card: adventurer
estate was drawn from the deck.
Player2 discarded estate
province was drawn from the deck.
Player2 discarded province
copper was drawn from the deck.
gardens was drawn from the deck.
Player2 discarded gardens
copper was drawn from the deck.
Player2 bought duchy

Player1 is now starting a turn.
copper was drawn from the deck.
gold was drawn from the deck.
adventurer was drawn from the deck.
province was drawn from the deck.
copper was drawn from the deck.
Playing action card: adventurer
duchy was drawn from the deck.
Player1 discarded duchy
curse was drawn from the deck.
Player1 discarded curse
province was drawn from the deck.
Player1 discarded province
estate was drawn from the deck.
Player1 discarded estate
copper was drawn from the deck.
curse was drawn from the deck.
Player1 discarded curse
gold was drawn from the deck.
Player1 bought province

Player2 is now starting a turn.
estate was drawn from the deck.
copper was drawn from the deck.
curse was drawn from the deck.
estate was drawn from the deck.
copper was drawn from the deck.
Player2 bought smithy

Player1 is now starting a turn.
estate was drawn from the deck.
copper was drawn from the deck.
gardens was drawn from the deck.
mine was drawn from the deck.
gold was drawn from the deck.
Playing action card: mine
Player1 gained gold
Player1 bought province

Player2 is now starting a turn.
estate was drawn from the deck.
duchy was drawn from the deck.
gold was drawn from the deck.
curse was drawn from the deck.
Shuffling Player2&apos;s deck.
estate was drawn from the deck.
Player2 bought mine

Player1 is now starting a turn.
gold was drawn from the deck.
curse was drawn from the deck.
seahag was drawn from the deck.
copper was drawn from the deck.
gold was drawn from the deck.
Playing action card: seahag
estate was drawn from the deck.
Player2 discarded estate
Player2 gained curse to top of deck.
Player1 bought gold

Player2 is now starting a turn.
curse was drawn from the deck.
curse was drawn from the deck.
province was drawn from the deck.
duchy was drawn from the deck.
copper was drawn from the deck.
Player2 bought copper

Player1 is now starting a turn.
Shuffling Player1&apos;s deck.
gold was drawn from the deck.
gold was drawn from the deck.
seahag was drawn from the deck.
province was drawn from the deck.
copper was drawn from the deck.
Playing action card: seahag
gold was drawn from the deck.
Player2 discarded gold
Player2 gained curse to top of deck.
Player1 bought gold

Player2 is now starting a turn.
curse was drawn from the deck.
ambassador was drawn from the deck.
copper was drawn from the deck.
gold was drawn from the deck.
ambassador was drawn from the deck.
Playing action card: ambassador
Player2 returned 0 copies of copper
Player1 gained copper
Player2 bought gardens

Player1 is now starting a turn.
province was drawn from the deck.
estate was drawn from the deck.
copper was drawn from the deck.
gardens was drawn from the deck.
silver was drawn from the deck.
Player1 bought seahag

Player2 is now starting a turn.
copper was drawn from the deck.
adventurer was drawn from the deck.
estate was drawn from the deck.
curse was drawn from the deck.
estate was drawn from the deck.
Playing action card: adventurer
copper was drawn from the deck.
curse was drawn from the deck.
Player2 discarded curse
gardens was drawn from the deck.
Player2 discarded gardens
curse was drawn from the deck.
Player2 discarded curse
gardens was drawn from the deck.
Player2 discarded gardens
adventurer was drawn from the deck.
Player2 discarded adventurer
copper was drawn from the deck.
Player2 bought mine

Player1 is now starting a turn.
adventurer was drawn from the deck.
village was drawn from the deck.
duchy was drawn from the deck.
duchy was drawn from the deck.
curse was drawn from the deck.
Playing action card: adventurer
curse was drawn from the deck.
Player1 discarded curse
curse was drawn from the deck.
Player1 discarded curse
province was drawn from the deck.
Player1 discarded province
copper was drawn from the deck.
copper was drawn from the deck.
Player1 bought embargo

Player2 is now starting a turn.
mine was drawn from the deck.
estate was drawn from the deck.
duchy was drawn from the deck.
embargo was drawn from the deck.
adventurer was drawn from the deck.
Playing action card: mine
Player2 bought copper

Player1 is now starting a turn.
gold was drawn from the deck.
gold was drawn from the deck.
cutpurse was drawn from the deck.
estate was drawn from the deck.
duchy was drawn from the deck.
Playing action card: cutpurse
Player2 had no coppers to discard. 
Player1 bought province

Player2 is now starting a turn.
copper was drawn from the deck.
copper was drawn from the deck.
smithy was drawn from the deck.
Shuffling Player2&apos;s deck.
adventurer was drawn from the deck.
adventurer was drawn from the deck.
Playing action card: adventurer
gold was drawn from the deck.
adventurer was drawn from the deck.
Player2 discarded adventurer
embargo was drawn from the deck.
Player2 discarded embargo
province was drawn from the deck.
Player2 discarded province
duchy was drawn from the deck.
Player2 discarded duchy
gold was drawn from the deck.
Player2 bought province

Player1 is now starting a turn.
gold was drawn from the deck.
province was drawn from the deck.
mine was drawn from the deck.
gold was drawn from the deck.
curse was drawn from the deck.
Playing action card: mine
Player1 gained gold
Player1 bought province
GAME OVER! Province card pile is empty. 
Player1: 1212
Player2: 1655
copper was drawn from the deck.
Player1 gained mine
Player2 gained mine
</system-out>
  </testcase>
  <testcase classname="RegressionTest" name="test322" time="0"/>
  <testcase classname="RegressionTest" name="test323" time="0">
    <failure type="java.lang.AssertionError">java.lang.AssertionError
	at org.junit.Assert.fail(Assert.java:86)
	at org.junit.Assert.assertTrue(Assert.java:41)
	at org.junit.Assert.assertTrue(Assert.java:52)
	at RegressionTest.test323(RegressionTest.java:21227)
	at sun.reflect.NativeMethodAccessorImpl.invoke0(Native Method)
	at sun.reflect.NativeMethodAccessorImpl.invoke(NativeMethodAccessorImpl.java:62)
	at sun.reflect.DelegatingMethodAccessorImpl.invoke(DelegatingMethodAccessorImpl.java:43)
	at java.lang.reflect.Method.invoke(Method.java:498)
	at org.junit.runners.model.FrameworkMethod$1.runReflectiveCall(FrameworkMethod.java:47)
	at org.junit.internal.runners.model.ReflectiveCallable.run(ReflectiveCallable.java:12)
	at org.junit.runners.model.FrameworkMethod.invokeExplosively(FrameworkMethod.java:44)
	at org.junit.internal.runners.statements.InvokeMethod.evaluate(InvokeMethod.java:17)
	at org.junit.runners.ParentRunner.runLeaf(ParentRunner.java:271)
	at org.junit.runners.BlockJUnit4ClassRunner.runChild(BlockJUnit4ClassRunner.java:70)
	at org.junit.runners.BlockJUnit4ClassRunner.runChild(BlockJUnit4ClassRunner.java:50)
	at org.junit.runners.ParentRunner$3.run(ParentRunner.java:238)
	at org.junit.runners.ParentRunner$1.schedule(ParentRunner.java:63)
	at org.junit.runners.ParentRunner.runChildren(ParentRunner.java:236)
	at org.junit.runners.ParentRunner.access$000(ParentRunner.java:53)
	at org.junit.runners.ParentRunner$2.evaluate(ParentRunner.java:229)
	at org.junit.runners.ParentRunner.run(ParentRunner.java:309)
	at org.apache.maven.surefire.junit4.JUnit4Provider.execute(JUnit4Provider.java:252)
	at org.apache.maven.surefire.junit4.JUnit4Provider.executeTestSet(JUnit4Provider.java:141)
	at org.apache.maven.surefire.junit4.JUnit4Provider.invoke(JUnit4Provider.java:112)
	at sun.reflect.NativeMethodAccessorImpl.invoke0(Native Method)
	at sun.reflect.NativeMethodAccessorImpl.invoke(NativeMethodAccessorImpl.java:62)
	at sun.reflect.DelegatingMethodAccessorImpl.invoke(DelegatingMethodAccessorImpl.java:43)
	at java.lang.reflect.Method.invoke(Method.java:498)
	at org.apache.maven.surefire.util.ReflectionUtils.invokeMethodWithArray(ReflectionUtils.java:189)
	at org.apache.maven.surefire.booter.ProviderFactory$ProviderProxy.invoke(ProviderFactory.java:165)
	at org.apache.maven.surefire.booter.ProviderFactory.invokeProvider(ProviderFactory.java:85)
	at org.apache.maven.surefire.booter.ForkedBooter.runSuitesInProcess(ForkedBooter.java:115)
	at org.apache.maven.surefire.booter.ForkedBooter.main(ForkedBooter.java:75)
</failure>
  </testcase>
  <testcase classname="RegressionTest" name="test324" time="0.01"/>
  <testcase classname="RegressionTest" name="test325" time="0.001"/>
  <testcase classname="RegressionTest" name="test326" time="0"/>
  <testcase classname="RegressionTest" name="test327" time="0.01">
    <failure type="java.lang.AssertionError">java.lang.AssertionError
	at org.junit.Assert.fail(Assert.java:86)
	at org.junit.Assert.assertTrue(Assert.java:41)
	at org.junit.Assert.assertTrue(Assert.java:52)
	at RegressionTest.test327(RegressionTest.java:21507)
	at sun.reflect.NativeMethodAccessorImpl.invoke0(Native Method)
	at sun.reflect.NativeMethodAccessorImpl.invoke(NativeMethodAccessorImpl.java:62)
	at sun.reflect.DelegatingMethodAccessorImpl.invoke(DelegatingMethodAccessorImpl.java:43)
	at java.lang.reflect.Method.invoke(Method.java:498)
	at org.junit.runners.model.FrameworkMethod$1.runReflectiveCall(FrameworkMethod.java:47)
	at org.junit.internal.runners.model.ReflectiveCallable.run(ReflectiveCallable.java:12)
	at org.junit.runners.model.FrameworkMethod.invokeExplosively(FrameworkMethod.java:44)
	at org.junit.internal.runners.statements.InvokeMethod.evaluate(InvokeMethod.java:17)
	at org.junit.runners.ParentRunner.runLeaf(ParentRunner.java:271)
	at org.junit.runners.BlockJUnit4ClassRunner.runChild(BlockJUnit4ClassRunner.java:70)
	at org.junit.runners.BlockJUnit4ClassRunner.runChild(BlockJUnit4ClassRunner.java:50)
	at org.junit.runners.ParentRunner$3.run(ParentRunner.java:238)
	at org.junit.runners.ParentRunner$1.schedule(ParentRunner.java:63)
	at org.junit.runners.ParentRunner.runChildren(ParentRunner.java:236)
	at org.junit.runners.ParentRunner.access$000(ParentRunner.java:53)
	at org.junit.runners.ParentRunner$2.evaluate(ParentRunner.java:229)
	at org.junit.runners.ParentRunner.run(ParentRunner.java:309)
	at org.apache.maven.surefire.junit4.JUnit4Provider.execute(JUnit4Provider.java:252)
	at org.apache.maven.surefire.junit4.JUnit4Provider.executeTestSet(JUnit4Provider.java:141)
	at org.apache.maven.surefire.junit4.JUnit4Provider.invoke(JUnit4Provider.java:112)
	at sun.reflect.NativeMethodAccessorImpl.invoke0(Native Method)
	at sun.reflect.NativeMethodAccessorImpl.invoke(NativeMethodAccessorImpl.java:62)
	at sun.reflect.DelegatingMethodAccessorImpl.invoke(DelegatingMethodAccessorImpl.java:43)
	at java.lang.reflect.Method.invoke(Method.java:498)
	at org.apache.maven.surefire.util.ReflectionUtils.invokeMethodWithArray(ReflectionUtils.java:189)
	at org.apache.maven.surefire.booter.ProviderFactory$ProviderProxy.invoke(ProviderFactory.java:165)
	at org.apache.maven.surefire.booter.ProviderFactory.invokeProvider(ProviderFactory.java:85)
	at org.apache.maven.surefire.booter.ForkedBooter.runSuitesInProcess(ForkedBooter.java:115)
	at org.apache.maven.surefire.booter.ForkedBooter.main(ForkedBooter.java:75)
</failure>
    <system-out>
STARTING NEW GAME!

Player1 is now starting a turn.
Shuffling Player1&apos;s deck.
copper was drawn from the deck.
copper was drawn from the deck.
estate was drawn from the deck.
copper was drawn from the deck.
estate was drawn from the deck.
Player1 gained curse card because of embargo token.
Player1 gained curse
Player1 gained curse card because of embargo token.
Player1 gained curse
Player1 bought duchy

Player2 is now starting a turn.
Shuffling Player2&apos;s deck.
copper was drawn from the deck.
copper was drawn from the deck.
estate was drawn from the deck.
copper was drawn from the deck.
copper was drawn from the deck.
Player2 gained curse card because of embargo token.
Player2 gained curse
Player2 gained curse card because of embargo token.
Player2 gained curse
Player2 bought duchy

Player1 is now starting a turn.
copper was drawn from the deck.
estate was drawn from the deck.
copper was drawn from the deck.
copper was drawn from the deck.
copper was drawn from the deck.
Player1 gained curse card because of embargo token.
Player1 gained curse
Player1 gained curse card because of embargo token.
Player1 gained curse
Player1 gained curse card because of embargo token.
Player1 gained curse
Player1 bought mine

Player2 is now starting a turn.
copper was drawn from the deck.
copper was drawn from the deck.
estate was drawn from the deck.
estate was drawn from the deck.
copper was drawn from the deck.
Player2 gained curse card because of embargo token.
Player2 gained curse
Player2 gained curse card because of embargo token.
Player2 gained curse
Player2 gained curse card because of embargo token.
Player2 gained curse
Player2 bought mine

Player1 is now starting a turn.
Shuffling Player1&apos;s deck.
copper was drawn from the deck.
duchy was drawn from the deck.
curse was drawn from the deck.
curse was drawn from the deck.
estate was drawn from the deck.
Player1 bought embargo

Player2 is now starting a turn.
Shuffling Player2&apos;s deck.
curse was drawn from the deck.
curse was drawn from the deck.
curse was drawn from the deck.
estate was drawn from the deck.
copper was drawn from the deck.
Player2 bought estate

Player1 is now starting a turn.
curse was drawn from the deck.
copper was drawn from the deck.
curse was drawn from the deck.
copper was drawn from the deck.
estate was drawn from the deck.
Player1 bought village

Player2 is now starting a turn.
copper was drawn from the deck.
estate was drawn from the deck.
curse was drawn from the deck.
mine was drawn from the deck.
curse was drawn from the deck.
Playing action card: mine
Player2 gained gold
Player2 bought duchy

Player1 is now starting a turn.
copper was drawn from the deck.
copper was drawn from the deck.
curse was drawn from the deck.
copper was drawn from the deck.
mine was drawn from the deck.
Playing action card: mine
Player1 gained gold
Player1 bought gold

Player2 is now starting a turn.
copper was drawn from the deck.
copper was drawn from the deck.
copper was drawn from the deck.
estate was drawn from the deck.
duchy was drawn from the deck.
Player2 bought gardens

Player1 is now starting a turn.
copper was drawn from the deck.
estate was drawn from the deck.
Shuffling Player1&apos;s deck.
curse was drawn from the deck.
copper was drawn from the deck.
gold was drawn from the deck.
Player1 bought gold

Player2 is now starting a turn.
copper was drawn from the deck.
copper was drawn from the deck.
Shuffling Player2&apos;s deck.
gold was drawn from the deck.
estate was drawn from the deck.
estate was drawn from the deck.
Player2 bought adventurer

Player1 is now starting a turn.
mine was drawn from the deck.
curse was drawn from the deck.
gold was drawn from the deck.
copper was drawn from the deck.
curse was drawn from the deck.
Playing action card: mine
Player1 gained gold
Player1 bought gold

Player2 is now starting a turn.
copper was drawn from the deck.
curse was drawn from the deck.
curse was drawn from the deck.
duchy was drawn from the deck.
copper was drawn from the deck.
Player2 bought estate

Player1 is now starting a turn.
copper was drawn from the deck.
curse was drawn from the deck.
duchy was drawn from the deck.
estate was drawn from the deck.
copper was drawn from the deck.
Player1 bought silver

Player2 is now starting a turn.
curse was drawn from the deck.
copper was drawn from the deck.
estate was drawn from the deck.
estate was drawn from the deck.
duchy was drawn from the deck.
Player2 bought ambassador

Player1 is now starting a turn.
curse was drawn from the deck.
copper was drawn from the deck.
copper was drawn from the deck.
embargo was drawn from the deck.
village was drawn from the deck.
Playing action card: village
estate was drawn from the deck.
Playing action card: embargo
Player1 added embargo token to province supply pile.
Player1 bought duchy

Player2 is now starting a turn.
copper was drawn from the deck.
curse was drawn from the deck.
gardens was drawn from the deck.
curse was drawn from the deck.
mine was drawn from the deck.
Playing action card: mine
Player2 gained gold
Player2 bought gardens

Player1 is now starting a turn.
Shuffling Player1&apos;s deck.
mine was drawn from the deck.
curse was drawn from the deck.
copper was drawn from the deck.
gold was drawn from the deck.
estate was drawn from the deck.
Playing action card: mine
Player1 gained gold
Player1 bought province

Player2 is now starting a turn.
copper was drawn from the deck.
Shuffling Player2&apos;s deck.
gardens was drawn from the deck.
curse was drawn from the deck.
copper was drawn from the deck.
ambassador was drawn from the deck.
Playing action card: ambassador
Player2 returned 0 copies of gardens
Player1 gained gardens
Player2 bought estate

Player1 is now starting a turn.
curse was drawn from the deck.
curse was drawn from the deck.
gold was drawn from the deck.
gold was drawn from the deck.
gold was drawn from the deck.
Player1 bought province

Player2 is now starting a turn.
copper was drawn from the deck.
estate was drawn from the deck.
curse was drawn from the deck.
copper was drawn from the deck.
duchy was drawn from the deck.
Player2 bought ambassador

Player1 is now starting a turn.
curse was drawn from the deck.
copper was drawn from the deck.
copper was drawn from the deck.
copper was drawn from the deck.
copper was drawn from the deck.
Player1 bought seahag

Player2 is now starting a turn.
copper was drawn from the deck.
curse was drawn from the deck.
mine was drawn from the deck.
estate was drawn from the deck.
gold was drawn from the deck.
Playing action card: mine
Player2 gained gold
Player2 bought province

Player1 is now starting a turn.
duchy was drawn from the deck.
duchy was drawn from the deck.
silver was drawn from the deck.
estate was drawn from the deck.
embargo was drawn from the deck.
Playing action card: embargo
Player1 added embargo token to copper supply pile.
Player1 bought duchy

Player2 is now starting a turn.
adventurer was drawn from the deck.
gardens was drawn from the deck.
copper was drawn from the deck.
estate was drawn from the deck.
gold was drawn from the deck.
Playing action card: adventurer
estate was drawn from the deck.
Player2 discarded estate
curse was drawn from the deck.
Player2 discarded curse
duchy was drawn from the deck.
Player2 discarded duchy
curse was drawn from the deck.
Player2 discarded curse
estate was drawn from the deck.
Player2 discarded estate
copper was drawn from the deck.
Player2 bought adventurer

Player1 is now starting a turn.
gold was drawn from the deck.
copper was drawn from the deck.
estate was drawn from the deck.
copper was drawn from the deck.
village was drawn from the deck.
Playing action card: village
curse was drawn from the deck.
Player1 bought adventurer

Player2 is now starting a turn.
Shuffling Player2&apos;s deck.
gardens was drawn from the deck.
copper was drawn from the deck.
ambassador was drawn from the deck.
copper was drawn from the deck.
adventurer was drawn from the deck.
Playing action card: adventurer
gold was drawn from the deck.
copper was drawn from the deck.
Player2 bought adventurer

Player1 is now starting a turn.
Shuffling Player1&apos;s deck.
copper was drawn from the deck.
duchy was drawn from the deck.
curse was drawn from the deck.
embargo was drawn from the deck.
estate was drawn from the deck.
Playing action card: embargo
Player1 added embargo token to adventurer supply pile.
Player1 bought cutpurse

Player2 is now starting a turn.
mine was drawn from the deck.
curse was drawn from the deck.
estate was drawn from the deck.
ambassador was drawn from the deck.
estate was drawn from the deck.
Playing action card: ambassador
Player2 returned 0 copies of curse
Player2 bought embargo

Player1 is now starting a turn.
copper was drawn from the deck.
duchy was drawn from the deck.
village was drawn from the deck.
gold was drawn from the deck.
silver was drawn from the deck.
Playing action card: village
curse was drawn from the deck.
Player1 bought gold

Player2 is now starting a turn.
curse was drawn from the deck.
duchy was drawn from the deck.
adventurer was drawn from the deck.
curse was drawn from the deck.
gold was drawn from the deck.
Playing action card: adventurer
estate was drawn from the deck.
Player2 discarded estate
province was drawn from the deck.
Player2 discarded province
copper was drawn from the deck.
gardens was drawn from the deck.
Player2 discarded gardens
copper was drawn from the deck.
Player2 bought duchy

Player1 is now starting a turn.
copper was drawn from the deck.
gold was drawn from the deck.
adventurer was drawn from the deck.
province was drawn from the deck.
copper was drawn from the deck.
Playing action card: adventurer
duchy was drawn from the deck.
Player1 discarded duchy
curse was drawn from the deck.
Player1 discarded curse
province was drawn from the deck.
Player1 discarded province
estate was drawn from the deck.
Player1 discarded estate
copper was drawn from the deck.
curse was drawn from the deck.
Player1 discarded curse
gold was drawn from the deck.
Player1 bought province

Player2 is now starting a turn.
estate was drawn from the deck.
copper was drawn from the deck.
curse was drawn from the deck.
estate was drawn from the deck.
copper was drawn from the deck.
Player2 bought smithy

Player1 is now starting a turn.
estate was drawn from the deck.
copper was drawn from the deck.
gardens was drawn from the deck.
mine was drawn from the deck.
gold was drawn from the deck.
Playing action card: mine
Player1 gained gold
Player1 bought province

Player2 is now starting a turn.
estate was drawn from the deck.
duchy was drawn from the deck.
gold was drawn from the deck.
curse was drawn from the deck.
Shuffling Player2&apos;s deck.
estate was drawn from the deck.
Player2 bought mine

Player1 is now starting a turn.
gold was drawn from the deck.
curse was drawn from the deck.
seahag was drawn from the deck.
copper was drawn from the deck.
gold was drawn from the deck.
Playing action card: seahag
estate was drawn from the deck.
Player2 discarded estate
Player2 gained curse to top of deck.
Player1 bought gold

Player2 is now starting a turn.
curse was drawn from the deck.
curse was drawn from the deck.
province was drawn from the deck.
duchy was drawn from the deck.
copper was drawn from the deck.
Player2 bought copper

Player1 is now starting a turn.
Shuffling Player1&apos;s deck.
gold was drawn from the deck.
gold was drawn from the deck.
seahag was drawn from the deck.
province was drawn from the deck.
copper was drawn from the deck.
Playing action card: seahag
gold was drawn from the deck.
Player2 discarded gold
Player2 gained curse to top of deck.
Player1 bought gold

Player2 is now starting a turn.
curse was drawn from the deck.
ambassador was drawn from the deck.
copper was drawn from the deck.
gold was drawn from the deck.
ambassador was drawn from the deck.
Playing action card: ambassador
Player2 returned 0 copies of copper
Player1 gained copper
Player2 bought gardens

Player1 is now starting a turn.
province was drawn from the deck.
estate was drawn from the deck.
copper was drawn from the deck.
gardens was drawn from the deck.
silver was drawn from the deck.
Player1 bought seahag

Player2 is now starting a turn.
copper was drawn from the deck.
adventurer was drawn from the deck.
estate was drawn from the deck.
curse was drawn from the deck.
estate was drawn from the deck.
Playing action card: adventurer
copper was drawn from the deck.
curse was drawn from the deck.
Player2 discarded curse
gardens was drawn from the deck.
Player2 discarded gardens
curse was drawn from the deck.
Player2 discarded curse
gardens was drawn from the deck.
Player2 discarded gardens
adventurer was drawn from the deck.
Player2 discarded adventurer
copper was drawn from the deck.
Player2 bought mine

Player1 is now starting a turn.
adventurer was drawn from the deck.
village was drawn from the deck.
duchy was drawn from the deck.
duchy was drawn from the deck.
curse was drawn from the deck.
Playing action card: adventurer
curse was drawn from the deck.
Player1 discarded curse
curse was drawn from the deck.
Player1 discarded curse
province was drawn from the deck.
Player1 discarded province
copper was drawn from the deck.
copper was drawn from the deck.
Player1 bought embargo

Player2 is now starting a turn.
mine was drawn from the deck.
estate was drawn from the deck.
duchy was drawn from the deck.
embargo was drawn from the deck.
adventurer was drawn from the deck.
Playing action card: mine
Player2 bought copper

Player1 is now starting a turn.
gold was drawn from the deck.
gold was drawn from the deck.
cutpurse was drawn from the deck.
estate was drawn from the deck.
duchy was drawn from the deck.
Playing action card: cutpurse
Player2 had no coppers to discard. 
Player1 bought province

Player2 is now starting a turn.
copper was drawn from the deck.
copper was drawn from the deck.
smithy was drawn from the deck.
Shuffling Player2&apos;s deck.
adventurer was drawn from the deck.
adventurer was drawn from the deck.
Playing action card: adventurer
gold was drawn from the deck.
adventurer was drawn from the deck.
Player2 discarded adventurer
embargo was drawn from the deck.
Player2 discarded embargo
province was drawn from the deck.
Player2 discarded province
duchy was drawn from the deck.
Player2 discarded duchy
gold was drawn from the deck.
Player2 bought province

Player1 is now starting a turn.
gold was drawn from the deck.
province was drawn from the deck.
mine was drawn from the deck.
gold was drawn from the deck.
curse was drawn from the deck.
Playing action card: mine
Player1 gained gold
Player1 bought province
GAME OVER! Province card pile is empty. 
Player1: 1212
Player2: 1655
Player1: 1212
Player2: 1655
copper was drawn from the deck.
Player2 discarded copper
Player2 gained curse to top of deck.
curse was drawn from the deck.
Player2 discarded curse
Player2 gained curse to top of deck.
hi! gained smithy
</system-out>
  </testcase>
  <testcase classname="RegressionTest" name="test328" time="0.01"/>
  <testcase classname="RegressionTest" name="test329" time="0">
    <failure message="&apos;curse&apos; != &apos;copper&apos;" type="java.lang.AssertionError">java.lang.AssertionError: &apos;curse&apos; != &apos;copper&apos;
	at org.junit.Assert.fail(Assert.java:88)
	at org.junit.Assert.assertTrue(Assert.java:41)
	at RegressionTest.test329(RegressionTest.java:21620)
	at sun.reflect.NativeMethodAccessorImpl.invoke0(Native Method)
	at sun.reflect.NativeMethodAccessorImpl.invoke(NativeMethodAccessorImpl.java:62)
	at sun.reflect.DelegatingMethodAccessorImpl.invoke(DelegatingMethodAccessorImpl.java:43)
	at java.lang.reflect.Method.invoke(Method.java:498)
	at org.junit.runners.model.FrameworkMethod$1.runReflectiveCall(FrameworkMethod.java:47)
	at org.junit.internal.runners.model.ReflectiveCallable.run(ReflectiveCallable.java:12)
	at org.junit.runners.model.FrameworkMethod.invokeExplosively(FrameworkMethod.java:44)
	at org.junit.internal.runners.statements.InvokeMethod.evaluate(InvokeMethod.java:17)
	at org.junit.runners.ParentRunner.runLeaf(ParentRunner.java:271)
	at org.junit.runners.BlockJUnit4ClassRunner.runChild(BlockJUnit4ClassRunner.java:70)
	at org.junit.runners.BlockJUnit4ClassRunner.runChild(BlockJUnit4ClassRunner.java:50)
	at org.junit.runners.ParentRunner$3.run(ParentRunner.java:238)
	at org.junit.runners.ParentRunner$1.schedule(ParentRunner.java:63)
	at org.junit.runners.ParentRunner.runChildren(ParentRunner.java:236)
	at org.junit.runners.ParentRunner.access$000(ParentRunner.java:53)
	at org.junit.runners.ParentRunner$2.evaluate(ParentRunner.java:229)
	at org.junit.runners.ParentRunner.run(ParentRunner.java:309)
	at org.apache.maven.surefire.junit4.JUnit4Provider.execute(JUnit4Provider.java:252)
	at org.apache.maven.surefire.junit4.JUnit4Provider.executeTestSet(JUnit4Provider.java:141)
	at org.apache.maven.surefire.junit4.JUnit4Provider.invoke(JUnit4Provider.java:112)
	at sun.reflect.NativeMethodAccessorImpl.invoke0(Native Method)
	at sun.reflect.NativeMethodAccessorImpl.invoke(NativeMethodAccessorImpl.java:62)
	at sun.reflect.DelegatingMethodAccessorImpl.invoke(DelegatingMethodAccessorImpl.java:43)
	at java.lang.reflect.Method.invoke(Method.java:498)
	at org.apache.maven.surefire.util.ReflectionUtils.invokeMethodWithArray(ReflectionUtils.java:189)
	at org.apache.maven.surefire.booter.ProviderFactory$ProviderProxy.invoke(ProviderFactory.java:165)
	at org.apache.maven.surefire.booter.ProviderFactory.invokeProvider(ProviderFactory.java:85)
	at org.apache.maven.surefire.booter.ForkedBooter.runSuitesInProcess(ForkedBooter.java:115)
	at org.apache.maven.surefire.booter.ForkedBooter.main(ForkedBooter.java:75)
</failure>
  </testcase>
  <testcase classname="RegressionTest" name="test330" time="0">
    <failure type="java.lang.AssertionError">java.lang.AssertionError
	at org.junit.Assert.fail(Assert.java:86)
	at org.junit.Assert.assertTrue(Assert.java:41)
	at org.junit.Assert.assertTrue(Assert.java:52)
	at RegressionTest.test330(RegressionTest.java:21681)
	at sun.reflect.NativeMethodAccessorImpl.invoke0(Native Method)
	at sun.reflect.NativeMethodAccessorImpl.invoke(NativeMethodAccessorImpl.java:62)
	at sun.reflect.DelegatingMethodAccessorImpl.invoke(DelegatingMethodAccessorImpl.java:43)
	at java.lang.reflect.Method.invoke(Method.java:498)
	at org.junit.runners.model.FrameworkMethod$1.runReflectiveCall(FrameworkMethod.java:47)
	at org.junit.internal.runners.model.ReflectiveCallable.run(ReflectiveCallable.java:12)
	at org.junit.runners.model.FrameworkMethod.invokeExplosively(FrameworkMethod.java:44)
	at org.junit.internal.runners.statements.InvokeMethod.evaluate(InvokeMethod.java:17)
	at org.junit.runners.ParentRunner.runLeaf(ParentRunner.java:271)
	at org.junit.runners.BlockJUnit4ClassRunner.runChild(BlockJUnit4ClassRunner.java:70)
	at org.junit.runners.BlockJUnit4ClassRunner.runChild(BlockJUnit4ClassRunner.java:50)
	at org.junit.runners.ParentRunner$3.run(ParentRunner.java:238)
	at org.junit.runners.ParentRunner$1.schedule(ParentRunner.java:63)
	at org.junit.runners.ParentRunner.runChildren(ParentRunner.java:236)
	at org.junit.runners.ParentRunner.access$000(ParentRunner.java:53)
	at org.junit.runners.ParentRunner$2.evaluate(ParentRunner.java:229)
	at org.junit.runners.ParentRunner.run(ParentRunner.java:309)
	at org.apache.maven.surefire.junit4.JUnit4Provider.execute(JUnit4Provider.java:252)
	at org.apache.maven.surefire.junit4.JUnit4Provider.executeTestSet(JUnit4Provider.java:141)
	at org.apache.maven.surefire.junit4.JUnit4Provider.invoke(JUnit4Provider.java:112)
	at sun.reflect.NativeMethodAccessorImpl.invoke0(Native Method)
	at sun.reflect.NativeMethodAccessorImpl.invoke(NativeMethodAccessorImpl.java:62)
	at sun.reflect.DelegatingMethodAccessorImpl.invoke(DelegatingMethodAccessorImpl.java:43)
	at java.lang.reflect.Method.invoke(Method.java:498)
	at org.apache.maven.surefire.util.ReflectionUtils.invokeMethodWithArray(ReflectionUtils.java:189)
	at org.apache.maven.surefire.booter.ProviderFactory$ProviderProxy.invoke(ProviderFactory.java:165)
	at org.apache.maven.surefire.booter.ProviderFactory.invokeProvider(ProviderFactory.java:85)
	at org.apache.maven.surefire.booter.ForkedBooter.runSuitesInProcess(ForkedBooter.java:115)
	at org.apache.maven.surefire.booter.ForkedBooter.main(ForkedBooter.java:75)
</failure>
  </testcase>
  <testcase classname="RegressionTest" name="test331" time="0.011"/>
  <testcase classname="RegressionTest" name="test332" time="0.021"/>
  <testcase classname="RegressionTest" name="test333" time="0.014"/>
  <testcase classname="RegressionTest" name="test334" time="0">
    <failure message="&apos;curse&apos; != &apos;copper&apos;" type="java.lang.AssertionError">java.lang.AssertionError: &apos;curse&apos; != &apos;copper&apos;
	at org.junit.Assert.fail(Assert.java:88)
	at org.junit.Assert.assertTrue(Assert.java:41)
	at RegressionTest.test334(RegressionTest.java:22014)
	at sun.reflect.NativeMethodAccessorImpl.invoke0(Native Method)
	at sun.reflect.NativeMethodAccessorImpl.invoke(NativeMethodAccessorImpl.java:62)
	at sun.reflect.DelegatingMethodAccessorImpl.invoke(DelegatingMethodAccessorImpl.java:43)
	at java.lang.reflect.Method.invoke(Method.java:498)
	at org.junit.runners.model.FrameworkMethod$1.runReflectiveCall(FrameworkMethod.java:47)
	at org.junit.internal.runners.model.ReflectiveCallable.run(ReflectiveCallable.java:12)
	at org.junit.runners.model.FrameworkMethod.invokeExplosively(FrameworkMethod.java:44)
	at org.junit.internal.runners.statements.InvokeMethod.evaluate(InvokeMethod.java:17)
	at org.junit.runners.ParentRunner.runLeaf(ParentRunner.java:271)
	at org.junit.runners.BlockJUnit4ClassRunner.runChild(BlockJUnit4ClassRunner.java:70)
	at org.junit.runners.BlockJUnit4ClassRunner.runChild(BlockJUnit4ClassRunner.java:50)
	at org.junit.runners.ParentRunner$3.run(ParentRunner.java:238)
	at org.junit.runners.ParentRunner$1.schedule(ParentRunner.java:63)
	at org.junit.runners.ParentRunner.runChildren(ParentRunner.java:236)
	at org.junit.runners.ParentRunner.access$000(ParentRunner.java:53)
	at org.junit.runners.ParentRunner$2.evaluate(ParentRunner.java:229)
	at org.junit.runners.ParentRunner.run(ParentRunner.java:309)
	at org.apache.maven.surefire.junit4.JUnit4Provider.execute(JUnit4Provider.java:252)
	at org.apache.maven.surefire.junit4.JUnit4Provider.executeTestSet(JUnit4Provider.java:141)
	at org.apache.maven.surefire.junit4.JUnit4Provider.invoke(JUnit4Provider.java:112)
	at sun.reflect.NativeMethodAccessorImpl.invoke0(Native Method)
	at sun.reflect.NativeMethodAccessorImpl.invoke(NativeMethodAccessorImpl.java:62)
	at sun.reflect.DelegatingMethodAccessorImpl.invoke(DelegatingMethodAccessorImpl.java:43)
	at java.lang.reflect.Method.invoke(Method.java:498)
	at org.apache.maven.surefire.util.ReflectionUtils.invokeMethodWithArray(ReflectionUtils.java:189)
	at org.apache.maven.surefire.booter.ProviderFactory$ProviderProxy.invoke(ProviderFactory.java:165)
	at org.apache.maven.surefire.booter.ProviderFactory.invokeProvider(ProviderFactory.java:85)
	at org.apache.maven.surefire.booter.ForkedBooter.runSuitesInProcess(ForkedBooter.java:115)
	at org.apache.maven.surefire.booter.ForkedBooter.main(ForkedBooter.java:75)
</failure>
  </testcase>
  <testcase classname="RegressionTest" name="test335" time="0.015"/>
  <testcase classname="RegressionTest" name="test336" time="0.013"/>
  <testcase classname="RegressionTest" name="test337" time="0.012"/>
  <testcase classname="RegressionTest" name="test338" time="0.031"/>
  <testcase classname="RegressionTest" name="test339" time="0.02"/>
  <testcase classname="RegressionTest" name="test340" time="0"/>
  <testcase classname="RegressionTest" name="test341" time="0.01"/>
  <testcase classname="RegressionTest" name="test342" time="0.014"/>
  <testcase classname="RegressionTest" name="test343" time="0.028">
    <failure type="java.lang.AssertionError">java.lang.AssertionError
	at org.junit.Assert.fail(Assert.java:86)
	at org.junit.Assert.assertTrue(Assert.java:41)
	at org.junit.Assert.assertTrue(Assert.java:52)
	at RegressionTest.test343(RegressionTest.java:22742)
	at sun.reflect.NativeMethodAccessorImpl.invoke0(Native Method)
	at sun.reflect.NativeMethodAccessorImpl.invoke(NativeMethodAccessorImpl.java:62)
	at sun.reflect.DelegatingMethodAccessorImpl.invoke(DelegatingMethodAccessorImpl.java:43)
	at java.lang.reflect.Method.invoke(Method.java:498)
	at org.junit.runners.model.FrameworkMethod$1.runReflectiveCall(FrameworkMethod.java:47)
	at org.junit.internal.runners.model.ReflectiveCallable.run(ReflectiveCallable.java:12)
	at org.junit.runners.model.FrameworkMethod.invokeExplosively(FrameworkMethod.java:44)
	at org.junit.internal.runners.statements.InvokeMethod.evaluate(InvokeMethod.java:17)
	at org.junit.runners.ParentRunner.runLeaf(ParentRunner.java:271)
	at org.junit.runners.BlockJUnit4ClassRunner.runChild(BlockJUnit4ClassRunner.java:70)
	at org.junit.runners.BlockJUnit4ClassRunner.runChild(BlockJUnit4ClassRunner.java:50)
	at org.junit.runners.ParentRunner$3.run(ParentRunner.java:238)
	at org.junit.runners.ParentRunner$1.schedule(ParentRunner.java:63)
	at org.junit.runners.ParentRunner.runChildren(ParentRunner.java:236)
	at org.junit.runners.ParentRunner.access$000(ParentRunner.java:53)
	at org.junit.runners.ParentRunner$2.evaluate(ParentRunner.java:229)
	at org.junit.runners.ParentRunner.run(ParentRunner.java:309)
	at org.apache.maven.surefire.junit4.JUnit4Provider.execute(JUnit4Provider.java:252)
	at org.apache.maven.surefire.junit4.JUnit4Provider.executeTestSet(JUnit4Provider.java:141)
	at org.apache.maven.surefire.junit4.JUnit4Provider.invoke(JUnit4Provider.java:112)
	at sun.reflect.NativeMethodAccessorImpl.invoke0(Native Method)
	at sun.reflect.NativeMethodAccessorImpl.invoke(NativeMethodAccessorImpl.java:62)
	at sun.reflect.DelegatingMethodAccessorImpl.invoke(DelegatingMethodAccessorImpl.java:43)
	at java.lang.reflect.Method.invoke(Method.java:498)
	at org.apache.maven.surefire.util.ReflectionUtils.invokeMethodWithArray(ReflectionUtils.java:189)
	at org.apache.maven.surefire.booter.ProviderFactory$ProviderProxy.invoke(ProviderFactory.java:165)
	at org.apache.maven.surefire.booter.ProviderFactory.invokeProvider(ProviderFactory.java:85)
	at org.apache.maven.surefire.booter.ForkedBooter.runSuitesInProcess(ForkedBooter.java:115)
	at org.apache.maven.surefire.booter.ForkedBooter.main(ForkedBooter.java:75)
</failure>
    <system-out>
STARTING NEW GAME!

Player1 is now starting a turn.
Shuffling Player1&apos;s deck.
copper was drawn from the deck.
copper was drawn from the deck.
estate was drawn from the deck.
copper was drawn from the deck.
estate was drawn from the deck.
Player1 gained curse card because of embargo token.
Player1 gained curse
Player1 gained curse card because of embargo token.
Player1 gained curse
Player1 bought duchy

Player2 is now starting a turn.
Shuffling Player2&apos;s deck.
copper was drawn from the deck.
copper was drawn from the deck.
estate was drawn from the deck.
copper was drawn from the deck.
copper was drawn from the deck.
Player2 gained curse card because of embargo token.
Player2 gained curse
Player2 gained curse card because of embargo token.
Player2 gained curse
Player2 bought duchy

Player1 is now starting a turn.
copper was drawn from the deck.
estate was drawn from the deck.
copper was drawn from the deck.
copper was drawn from the deck.
copper was drawn from the deck.
Player1 gained curse card because of embargo token.
Player1 gained curse
Player1 gained curse card because of embargo token.
Player1 gained curse
Player1 gained curse card because of embargo token.
Player1 gained curse
Player1 bought mine

Player2 is now starting a turn.
copper was drawn from the deck.
copper was drawn from the deck.
estate was drawn from the deck.
estate was drawn from the deck.
copper was drawn from the deck.
Player2 gained curse card because of embargo token.
Player2 gained curse
Player2 gained curse card because of embargo token.
Player2 gained curse
Player2 gained curse card because of embargo token.
Player2 gained curse
Player2 bought mine

Player1 is now starting a turn.
Shuffling Player1&apos;s deck.
copper was drawn from the deck.
duchy was drawn from the deck.
curse was drawn from the deck.
curse was drawn from the deck.
estate was drawn from the deck.
Player1 bought embargo

Player2 is now starting a turn.
Shuffling Player2&apos;s deck.
curse was drawn from the deck.
curse was drawn from the deck.
curse was drawn from the deck.
estate was drawn from the deck.
copper was drawn from the deck.
Player2 bought estate

Player1 is now starting a turn.
curse was drawn from the deck.
copper was drawn from the deck.
curse was drawn from the deck.
copper was drawn from the deck.
estate was drawn from the deck.
Player1 bought village

Player2 is now starting a turn.
copper was drawn from the deck.
estate was drawn from the deck.
curse was drawn from the deck.
mine was drawn from the deck.
curse was drawn from the deck.
Playing action card: mine
Player2 gained gold
Player2 bought duchy

Player1 is now starting a turn.
copper was drawn from the deck.
copper was drawn from the deck.
curse was drawn from the deck.
copper was drawn from the deck.
mine was drawn from the deck.
Playing action card: mine
Player1 gained gold
Player1 bought gold

Player2 is now starting a turn.
copper was drawn from the deck.
copper was drawn from the deck.
copper was drawn from the deck.
estate was drawn from the deck.
duchy was drawn from the deck.
Player2 bought gardens

Player1 is now starting a turn.
copper was drawn from the deck.
estate was drawn from the deck.
Shuffling Player1&apos;s deck.
curse was drawn from the deck.
copper was drawn from the deck.
gold was drawn from the deck.
Player1 bought gold

Player2 is now starting a turn.
copper was drawn from the deck.
copper was drawn from the deck.
Shuffling Player2&apos;s deck.
gold was drawn from the deck.
estate was drawn from the deck.
estate was drawn from the deck.
Player2 bought adventurer

Player1 is now starting a turn.
mine was drawn from the deck.
curse was drawn from the deck.
gold was drawn from the deck.
copper was drawn from the deck.
curse was drawn from the deck.
Playing action card: mine
Player1 gained gold
Player1 bought gold

Player2 is now starting a turn.
copper was drawn from the deck.
curse was drawn from the deck.
curse was drawn from the deck.
duchy was drawn from the deck.
copper was drawn from the deck.
Player2 bought estate

Player1 is now starting a turn.
copper was drawn from the deck.
curse was drawn from the deck.
duchy was drawn from the deck.
estate was drawn from the deck.
copper was drawn from the deck.
Player1 bought silver

Player2 is now starting a turn.
curse was drawn from the deck.
copper was drawn from the deck.
estate was drawn from the deck.
estate was drawn from the deck.
duchy was drawn from the deck.
Player2 bought ambassador

Player1 is now starting a turn.
curse was drawn from the deck.
copper was drawn from the deck.
copper was drawn from the deck.
embargo was drawn from the deck.
village was drawn from the deck.
Playing action card: village
estate was drawn from the deck.
Playing action card: embargo
Player1 added embargo token to province supply pile.
Player1 bought duchy

Player2 is now starting a turn.
copper was drawn from the deck.
curse was drawn from the deck.
gardens was drawn from the deck.
curse was drawn from the deck.
mine was drawn from the deck.
Playing action card: mine
Player2 gained gold
Player2 bought gardens

Player1 is now starting a turn.
Shuffling Player1&apos;s deck.
mine was drawn from the deck.
curse was drawn from the deck.
copper was drawn from the deck.
gold was drawn from the deck.
estate was drawn from the deck.
Playing action card: mine
Player1 gained gold
Player1 bought province

Player2 is now starting a turn.
copper was drawn from the deck.
Shuffling Player2&apos;s deck.
gardens was drawn from the deck.
curse was drawn from the deck.
copper was drawn from the deck.
ambassador was drawn from the deck.
Playing action card: ambassador
Player2 returned 0 copies of gardens
Player1 gained gardens
Player2 bought estate

Player1 is now starting a turn.
curse was drawn from the deck.
curse was drawn from the deck.
gold was drawn from the deck.
gold was drawn from the deck.
gold was drawn from the deck.
Player1 bought province

Player2 is now starting a turn.
copper was drawn from the deck.
estate was drawn from the deck.
curse was drawn from the deck.
copper was drawn from the deck.
duchy was drawn from the deck.
Player2 bought ambassador

Player1 is now starting a turn.
curse was drawn from the deck.
copper was drawn from the deck.
copper was drawn from the deck.
copper was drawn from the deck.
copper was drawn from the deck.
Player1 bought seahag

Player2 is now starting a turn.
copper was drawn from the deck.
curse was drawn from the deck.
mine was drawn from the deck.
estate was drawn from the deck.
gold was drawn from the deck.
Playing action card: mine
Player2 gained gold
Player2 bought province

Player1 is now starting a turn.
duchy was drawn from the deck.
duchy was drawn from the deck.
silver was drawn from the deck.
estate was drawn from the deck.
embargo was drawn from the deck.
Playing action card: embargo
Player1 added embargo token to copper supply pile.
Player1 bought duchy

Player2 is now starting a turn.
adventurer was drawn from the deck.
gardens was drawn from the deck.
copper was drawn from the deck.
estate was drawn from the deck.
gold was drawn from the deck.
Playing action card: adventurer
estate was drawn from the deck.
Player2 discarded estate
curse was drawn from the deck.
Player2 discarded curse
duchy was drawn from the deck.
Player2 discarded duchy
curse was drawn from the deck.
Player2 discarded curse
estate was drawn from the deck.
Player2 discarded estate
copper was drawn from the deck.
Player2 bought adventurer

Player1 is now starting a turn.
gold was drawn from the deck.
copper was drawn from the deck.
estate was drawn from the deck.
copper was drawn from the deck.
village was drawn from the deck.
Playing action card: village
curse was drawn from the deck.
Player1 bought adventurer

Player2 is now starting a turn.
Shuffling Player2&apos;s deck.
gardens was drawn from the deck.
copper was drawn from the deck.
ambassador was drawn from the deck.
copper was drawn from the deck.
adventurer was drawn from the deck.
Playing action card: adventurer
gold was drawn from the deck.
copper was drawn from the deck.
Player2 bought adventurer

Player1 is now starting a turn.
Shuffling Player1&apos;s deck.
copper was drawn from the deck.
duchy was drawn from the deck.
curse was drawn from the deck.
embargo was drawn from the deck.
estate was drawn from the deck.
Playing action card: embargo
Player1 added embargo token to adventurer supply pile.
Player1 bought cutpurse

Player2 is now starting a turn.
mine was drawn from the deck.
curse was drawn from the deck.
estate was drawn from the deck.
ambassador was drawn from the deck.
estate was drawn from the deck.
Playing action card: ambassador
Player2 returned 0 copies of curse
Player2 bought embargo

Player1 is now starting a turn.
copper was drawn from the deck.
duchy was drawn from the deck.
village was drawn from the deck.
gold was drawn from the deck.
silver was drawn from the deck.
Playing action card: village
curse was drawn from the deck.
Player1 bought gold

Player2 is now starting a turn.
curse was drawn from the deck.
duchy was drawn from the deck.
adventurer was drawn from the deck.
curse was drawn from the deck.
gold was drawn from the deck.
Playing action card: adventurer
estate was drawn from the deck.
Player2 discarded estate
province was drawn from the deck.
Player2 discarded province
copper was drawn from the deck.
gardens was drawn from the deck.
Player2 discarded gardens
copper was drawn from the deck.
Player2 bought duchy

Player1 is now starting a turn.
copper was drawn from the deck.
gold was drawn from the deck.
adventurer was drawn from the deck.
province was drawn from the deck.
copper was drawn from the deck.
Playing action card: adventurer
duchy was drawn from the deck.
Player1 discarded duchy
curse was drawn from the deck.
Player1 discarded curse
province was drawn from the deck.
Player1 discarded province
estate was drawn from the deck.
Player1 discarded estate
copper was drawn from the deck.
curse was drawn from the deck.
Player1 discarded curse
gold was drawn from the deck.
Player1 bought province

Player2 is now starting a turn.
estate was drawn from the deck.
copper was drawn from the deck.
curse was drawn from the deck.
estate was drawn from the deck.
copper was drawn from the deck.
Player2 bought smithy

Player1 is now starting a turn.
estate was drawn from the deck.
copper was drawn from the deck.
gardens was drawn from the deck.
mine was drawn from the deck.
gold was drawn from the deck.
Playing action card: mine
Player1 gained gold
Player1 bought province

Player2 is now starting a turn.
estate was drawn from the deck.
duchy was drawn from the deck.
gold was drawn from the deck.
curse was drawn from the deck.
Shuffling Player2&apos;s deck.
estate was drawn from the deck.
Player2 bought mine

Player1 is now starting a turn.
gold was drawn from the deck.
curse was drawn from the deck.
seahag was drawn from the deck.
copper was drawn from the deck.
gold was drawn from the deck.
Playing action card: seahag
estate was drawn from the deck.
Player2 discarded estate
Player2 gained curse to top of deck.
Player1 bought gold

Player2 is now starting a turn.
curse was drawn from the deck.
curse was drawn from the deck.
province was drawn from the deck.
duchy was drawn from the deck.
copper was drawn from the deck.
Player2 bought copper

Player1 is now starting a turn.
Shuffling Player1&apos;s deck.
gold was drawn from the deck.
gold was drawn from the deck.
seahag was drawn from the deck.
province was drawn from the deck.
copper was drawn from the deck.
Playing action card: seahag
gold was drawn from the deck.
Player2 discarded gold
Player2 gained curse to top of deck.
Player1 bought gold

Player2 is now starting a turn.
curse was drawn from the deck.
ambassador was drawn from the deck.
copper was drawn from the deck.
gold was drawn from the deck.
ambassador was drawn from the deck.
Playing action card: ambassador
Player2 returned 0 copies of copper
Player1 gained copper
Player2 bought gardens

Player1 is now starting a turn.
province was drawn from the deck.
estate was drawn from the deck.
copper was drawn from the deck.
gardens was drawn from the deck.
silver was drawn from the deck.
Player1 bought seahag

Player2 is now starting a turn.
copper was drawn from the deck.
adventurer was drawn from the deck.
estate was drawn from the deck.
curse was drawn from the deck.
estate was drawn from the deck.
Playing action card: adventurer
copper was drawn from the deck.
curse was drawn from the deck.
Player2 discarded curse
gardens was drawn from the deck.
Player2 discarded gardens
curse was drawn from the deck.
Player2 discarded curse
gardens was drawn from the deck.
Player2 discarded gardens
adventurer was drawn from the deck.
Player2 discarded adventurer
copper was drawn from the deck.
Player2 bought mine

Player1 is now starting a turn.
adventurer was drawn from the deck.
village was drawn from the deck.
duchy was drawn from the deck.
duchy was drawn from the deck.
curse was drawn from the deck.
Playing action card: adventurer
curse was drawn from the deck.
Player1 discarded curse
curse was drawn from the deck.
Player1 discarded curse
province was drawn from the deck.
Player1 discarded province
copper was drawn from the deck.
copper was drawn from the deck.
Player1 bought embargo

Player2 is now starting a turn.
mine was drawn from the deck.
estate was drawn from the deck.
duchy was drawn from the deck.
embargo was drawn from the deck.
adventurer was drawn from the deck.
Playing action card: mine
Player2 bought copper

Player1 is now starting a turn.
gold was drawn from the deck.
gold was drawn from the deck.
cutpurse was drawn from the deck.
estate was drawn from the deck.
duchy was drawn from the deck.
Playing action card: cutpurse
Player2 had no coppers to discard. 
Player1 bought province

Player2 is now starting a turn.
copper was drawn from the deck.
copper was drawn from the deck.
smithy was drawn from the deck.
Shuffling Player2&apos;s deck.
adventurer was drawn from the deck.
adventurer was drawn from the deck.
Playing action card: adventurer
gold was drawn from the deck.
adventurer was drawn from the deck.
Player2 discarded adventurer
embargo was drawn from the deck.
Player2 discarded embargo
province was drawn from the deck.
Player2 discarded province
duchy was drawn from the deck.
Player2 discarded duchy
gold was drawn from the deck.
Player2 bought province

Player1 is now starting a turn.
gold was drawn from the deck.
province was drawn from the deck.
mine was drawn from the deck.
gold was drawn from the deck.
curse was drawn from the deck.
Playing action card: mine
Player1 gained gold
Player1 bought province
GAME OVER! Province card pile is empty. 
Player1: 1212
Player2: 1655
Player1: 1212
Player2: 1655
copper was drawn from the deck.
Player2 discarded copper
Player2 gained curse to top of deck.
curse was drawn from the deck.
Player2 discarded curse
Player2 gained curse to top of deck.
hi! gained smithy

STARTING NEW GAME!

Player1 is now starting a turn.
Shuffling Player1&apos;s deck.
copper was drawn from the deck.
copper was drawn from the deck.
estate was drawn from the deck.
copper was drawn from the deck.
estate was drawn from the deck.
Player1 gained curse card because of embargo token.
Player1 gained curse
Player1 gained curse card because of embargo token.
Player1 gained curse
Player1 bought duchy

Player2 is now starting a turn.
Shuffling Player2&apos;s deck.
copper was drawn from the deck.
copper was drawn from the deck.
estate was drawn from the deck.
copper was drawn from the deck.
copper was drawn from the deck.
Player2 gained curse card because of embargo token.
Player2 gained curse
Player2 gained curse card because of embargo token.
Player2 gained curse
Player2 bought duchy

Player1 is now starting a turn.
copper was drawn from the deck.
estate was drawn from the deck.
copper was drawn from the deck.
copper was drawn from the deck.
copper was drawn from the deck.
Player1 gained curse card because of embargo token.
Player1 gained curse
Player1 gained curse card because of embargo token.
Player1 gained curse
Player1 gained curse card because of embargo token.
Player1 gained curse
Player1 bought mine

Player2 is now starting a turn.
copper was drawn from the deck.
copper was drawn from the deck.
estate was drawn from the deck.
estate was drawn from the deck.
copper was drawn from the deck.
Player2 gained curse card because of embargo token.
Player2 gained curse
Player2 gained curse card because of embargo token.
Player2 gained curse
Player2 gained curse card because of embargo token.
Player2 gained curse
Player2 bought mine

Player1 is now starting a turn.
Shuffling Player1&apos;s deck.
copper was drawn from the deck.
duchy was drawn from the deck.
curse was drawn from the deck.
curse was drawn from the deck.
estate was drawn from the deck.
Player1 bought embargo

Player2 is now starting a turn.
Shuffling Player2&apos;s deck.
curse was drawn from the deck.
curse was drawn from the deck.
curse was drawn from the deck.
estate was drawn from the deck.
copper was drawn from the deck.
Player2 bought estate

Player1 is now starting a turn.
curse was drawn from the deck.
copper was drawn from the deck.
curse was drawn from the deck.
copper was drawn from the deck.
estate was drawn from the deck.
Player1 bought village

Player2 is now starting a turn.
copper was drawn from the deck.
estate was drawn from the deck.
curse was drawn from the deck.
mine was drawn from the deck.
curse was drawn from the deck.
Playing action card: mine
Player2 gained gold
Player2 bought duchy

Player1 is now starting a turn.
copper was drawn from the deck.
copper was drawn from the deck.
curse was drawn from the deck.
copper was drawn from the deck.
mine was drawn from the deck.
Playing action card: mine
Player1 gained gold
Player1 bought gold

Player2 is now starting a turn.
copper was drawn from the deck.
copper was drawn from the deck.
copper was drawn from the deck.
estate was drawn from the deck.
duchy was drawn from the deck.
Player2 bought gardens

Player1 is now starting a turn.
copper was drawn from the deck.
estate was drawn from the deck.
Shuffling Player1&apos;s deck.
curse was drawn from the deck.
copper was drawn from the deck.
gold was drawn from the deck.
Player1 bought gold

Player2 is now starting a turn.
copper was drawn from the deck.
copper was drawn from the deck.
Shuffling Player2&apos;s deck.
gold was drawn from the deck.
estate was drawn from the deck.
estate was drawn from the deck.
Player2 bought adventurer

Player1 is now starting a turn.
mine was drawn from the deck.
curse was drawn from the deck.
gold was drawn from the deck.
copper was drawn from the deck.
curse was drawn from the deck.
Playing action card: mine
Player1 gained gold
Player1 bought gold

Player2 is now starting a turn.
copper was drawn from the deck.
curse was drawn from the deck.
curse was drawn from the deck.
duchy was drawn from the deck.
copper was drawn from the deck.
Player2 bought estate

Player1 is now starting a turn.
copper was drawn from the deck.
curse was drawn from the deck.
duchy was drawn from the deck.
estate was drawn from the deck.
copper was drawn from the deck.
Player1 bought silver

Player2 is now starting a turn.
curse was drawn from the deck.
copper was drawn from the deck.
estate was drawn from the deck.
estate was drawn from the deck.
duchy was drawn from the deck.
Player2 bought ambassador

Player1 is now starting a turn.
curse was drawn from the deck.
copper was drawn from the deck.
copper was drawn from the deck.
embargo was drawn from the deck.
village was drawn from the deck.
Playing action card: village
estate was drawn from the deck.
Playing action card: embargo
Player1 added embargo token to province supply pile.
Player1 bought duchy

Player2 is now starting a turn.
copper was drawn from the deck.
curse was drawn from the deck.
gardens was drawn from the deck.
curse was drawn from the deck.
mine was drawn from the deck.
Playing action card: mine
Player2 gained gold
Player2 bought gardens

Player1 is now starting a turn.
Shuffling Player1&apos;s deck.
mine was drawn from the deck.
curse was drawn from the deck.
copper was drawn from the deck.
gold was drawn from the deck.
estate was drawn from the deck.
Playing action card: mine
Player1 gained gold
Player1 bought province

Player2 is now starting a turn.
copper was drawn from the deck.
Shuffling Player2&apos;s deck.
gardens was drawn from the deck.
curse was drawn from the deck.
copper was drawn from the deck.
ambassador was drawn from the deck.
Playing action card: ambassador
Player2 returned 0 copies of gardens
Player1 gained gardens
Player2 bought estate

Player1 is now starting a turn.
curse was drawn from the deck.
curse was drawn from the deck.
gold was drawn from the deck.
gold was drawn from the deck.
gold was drawn from the deck.
Player1 bought province

Player2 is now starting a turn.
copper was drawn from the deck.
estate was drawn from the deck.
curse was drawn from the deck.
copper was drawn from the deck.
duchy was drawn from the deck.
Player2 bought ambassador

Player1 is now starting a turn.
curse was drawn from the deck.
copper was drawn from the deck.
copper was drawn from the deck.
copper was drawn from the deck.
copper was drawn from the deck.
Player1 bought seahag

Player2 is now starting a turn.
copper was drawn from the deck.
curse was drawn from the deck.
mine was drawn from the deck.
estate was drawn from the deck.
gold was drawn from the deck.
Playing action card: mine
Player2 gained gold
Player2 bought province

Player1 is now starting a turn.
duchy was drawn from the deck.
duchy was drawn from the deck.
silver was drawn from the deck.
estate was drawn from the deck.
embargo was drawn from the deck.
Playing action card: embargo
Player1 added embargo token to copper supply pile.
Player1 bought duchy

Player2 is now starting a turn.
adventurer was drawn from the deck.
gardens was drawn from the deck.
copper was drawn from the deck.
estate was drawn from the deck.
gold was drawn from the deck.
Playing action card: adventurer
estate was drawn from the deck.
Player2 discarded estate
curse was drawn from the deck.
Player2 discarded curse
duchy was drawn from the deck.
Player2 discarded duchy
curse was drawn from the deck.
Player2 discarded curse
estate was drawn from the deck.
Player2 discarded estate
copper was drawn from the deck.
Player2 bought adventurer

Player1 is now starting a turn.
gold was drawn from the deck.
copper was drawn from the deck.
estate was drawn from the deck.
copper was drawn from the deck.
village was drawn from the deck.
Playing action card: village
curse was drawn from the deck.
Player1 bought adventurer

Player2 is now starting a turn.
Shuffling Player2&apos;s deck.
gardens was drawn from the deck.
copper was drawn from the deck.
ambassador was drawn from the deck.
copper was drawn from the deck.
adventurer was drawn from the deck.
Playing action card: adventurer
gold was drawn from the deck.
copper was drawn from the deck.
Player2 bought adventurer

Player1 is now starting a turn.
Shuffling Player1&apos;s deck.
copper was drawn from the deck.
duchy was drawn from the deck.
curse was drawn from the deck.
embargo was drawn from the deck.
estate was drawn from the deck.
Playing action card: embargo
Player1 added embargo token to adventurer supply pile.
Player1 bought cutpurse

Player2 is now starting a turn.
mine was drawn from the deck.
curse was drawn from the deck.
estate was drawn from the deck.
ambassador was drawn from the deck.
estate was drawn from the deck.
Playing action card: ambassador
Player2 returned 0 copies of curse
Player2 bought embargo

Player1 is now starting a turn.
copper was drawn from the deck.
duchy was drawn from the deck.
village was drawn from the deck.
gold was drawn from the deck.
silver was drawn from the deck.
Playing action card: village
curse was drawn from the deck.
Player1 bought gold

Player2 is now starting a turn.
curse was drawn from the deck.
duchy was drawn from the deck.
adventurer was drawn from the deck.
curse was drawn from the deck.
gold was drawn from the deck.
Playing action card: adventurer
estate was drawn from the deck.
Player2 discarded estate
province was drawn from the deck.
Player2 discarded province
copper was drawn from the deck.
gardens was drawn from the deck.
Player2 discarded gardens
copper was drawn from the deck.
Player2 bought duchy

Player1 is now starting a turn.
copper was drawn from the deck.
gold was drawn from the deck.
adventurer was drawn from the deck.
province was drawn from the deck.
copper was drawn from the deck.
Playing action card: adventurer
duchy was drawn from the deck.
Player1 discarded duchy
curse was drawn from the deck.
Player1 discarded curse
province was drawn from the deck.
Player1 discarded province
estate was drawn from the deck.
Player1 discarded estate
copper was drawn from the deck.
curse was drawn from the deck.
Player1 discarded curse
gold was drawn from the deck.
Player1 bought province

Player2 is now starting a turn.
estate was drawn from the deck.
copper was drawn from the deck.
curse was drawn from the deck.
estate was drawn from the deck.
copper was drawn from the deck.
Player2 bought smithy

Player1 is now starting a turn.
estate was drawn from the deck.
copper was drawn from the deck.
gardens was drawn from the deck.
mine was drawn from the deck.
gold was drawn from the deck.
Playing action card: mine
Player1 gained gold
Player1 bought province

Player2 is now starting a turn.
estate was drawn from the deck.
duchy was drawn from the deck.
gold was drawn from the deck.
curse was drawn from the deck.
Shuffling Player2&apos;s deck.
estate was drawn from the deck.
Player2 bought mine

Player1 is now starting a turn.
gold was drawn from the deck.
curse was drawn from the deck.
seahag was drawn from the deck.
copper was drawn from the deck.
gold was drawn from the deck.
Playing action card: seahag
estate was drawn from the deck.
Player2 discarded estate
Player2 gained curse to top of deck.
Player1 bought gold

Player2 is now starting a turn.
curse was drawn from the deck.
curse was drawn from the deck.
province was drawn from the deck.
duchy was drawn from the deck.
copper was drawn from the deck.
Player2 bought copper

Player1 is now starting a turn.
Shuffling Player1&apos;s deck.
gold was drawn from the deck.
gold was drawn from the deck.
seahag was drawn from the deck.
province was drawn from the deck.
copper was drawn from the deck.
Playing action card: seahag
gold was drawn from the deck.
Player2 discarded gold
Player2 gained curse to top of deck.
Player1 bought gold

Player2 is now starting a turn.
curse was drawn from the deck.
ambassador was drawn from the deck.
copper was drawn from the deck.
gold was drawn from the deck.
ambassador was drawn from the deck.
Playing action card: ambassador
Player2 returned 0 copies of copper
Player1 gained copper
Player2 bought gardens

Player1 is now starting a turn.
province was drawn from the deck.
estate was drawn from the deck.
copper was drawn from the deck.
gardens was drawn from the deck.
silver was drawn from the deck.
Player1 bought seahag

Player2 is now starting a turn.
copper was drawn from the deck.
adventurer was drawn from the deck.
estate was drawn from the deck.
curse was drawn from the deck.
estate was drawn from the deck.
Playing action card: adventurer
copper was drawn from the deck.
curse was drawn from the deck.
Player2 discarded curse
gardens was drawn from the deck.
Player2 discarded gardens
curse was drawn from the deck.
Player2 discarded curse
gardens was drawn from the deck.
Player2 discarded gardens
adventurer was drawn from the deck.
Player2 discarded adventurer
copper was drawn from the deck.
Player2 bought mine

Player1 is now starting a turn.
adventurer was drawn from the deck.
village was drawn from the deck.
duchy was drawn from the deck.
duchy was drawn from the deck.
curse was drawn from the deck.
Playing action card: adventurer
curse was drawn from the deck.
Player1 discarded curse
curse was drawn from the deck.
Player1 discarded curse
province was drawn from the deck.
Player1 discarded province
copper was drawn from the deck.
copper was drawn from the deck.
Player1 bought embargo

Player2 is now starting a turn.
mine was drawn from the deck.
estate was drawn from the deck.
duchy was drawn from the deck.
embargo was drawn from the deck.
adventurer was drawn from the deck.
Playing action card: mine
Player2 bought copper

Player1 is now starting a turn.
gold was drawn from the deck.
gold was drawn from the deck.
cutpurse was drawn from the deck.
estate was drawn from the deck.
duchy was drawn from the deck.
Playing action card: cutpurse
Player2 had no coppers to discard. 
Player1 bought province

Player2 is now starting a turn.
copper was drawn from the deck.
copper was drawn from the deck.
smithy was drawn from the deck.
Shuffling Player2&apos;s deck.
adventurer was drawn from the deck.
adventurer was drawn from the deck.
Playing action card: adventurer
gold was drawn from the deck.
adventurer was drawn from the deck.
Player2 discarded adventurer
embargo was drawn from the deck.
Player2 discarded embargo
province was drawn from the deck.
Player2 discarded province
duchy was drawn from the deck.
Player2 discarded duchy
gold was drawn from the deck.
Player2 bought province

Player1 is now starting a turn.
gold was drawn from the deck.
province was drawn from the deck.
mine was drawn from the deck.
gold was drawn from the deck.
curse was drawn from the deck.
Playing action card: mine
Player1 gained gold
Player1 bought province
GAME OVER! Province card pile is empty. 
Player1: 1212
Player2: 1655
Player1: 1212
Player2: 1655
</system-out>
  </testcase>
  <testcase classname="RegressionTest" name="test344" time="0"/>
  <testcase classname="RegressionTest" name="test345" time="0.011"/>
  <testcase classname="RegressionTest" name="test346" time="0"/>
  <testcase classname="RegressionTest" name="test347" time="0"/>
  <testcase classname="RegressionTest" name="test348" time="0">
    <failure message="&apos;curse&apos; != &apos;copper&apos;" type="java.lang.AssertionError">java.lang.AssertionError: &apos;curse&apos; != &apos;copper&apos;
	at org.junit.Assert.fail(Assert.java:88)
	at org.junit.Assert.assertTrue(Assert.java:41)
	at RegressionTest.test348(RegressionTest.java:23135)
	at sun.reflect.NativeMethodAccessorImpl.invoke0(Native Method)
	at sun.reflect.NativeMethodAccessorImpl.invoke(NativeMethodAccessorImpl.java:62)
	at sun.reflect.DelegatingMethodAccessorImpl.invoke(DelegatingMethodAccessorImpl.java:43)
	at java.lang.reflect.Method.invoke(Method.java:498)
	at org.junit.runners.model.FrameworkMethod$1.runReflectiveCall(FrameworkMethod.java:47)
	at org.junit.internal.runners.model.ReflectiveCallable.run(ReflectiveCallable.java:12)
	at org.junit.runners.model.FrameworkMethod.invokeExplosively(FrameworkMethod.java:44)
	at org.junit.internal.runners.statements.InvokeMethod.evaluate(InvokeMethod.java:17)
	at org.junit.runners.ParentRunner.runLeaf(ParentRunner.java:271)
	at org.junit.runners.BlockJUnit4ClassRunner.runChild(BlockJUnit4ClassRunner.java:70)
	at org.junit.runners.BlockJUnit4ClassRunner.runChild(BlockJUnit4ClassRunner.java:50)
	at org.junit.runners.ParentRunner$3.run(ParentRunner.java:238)
	at org.junit.runners.ParentRunner$1.schedule(ParentRunner.java:63)
	at org.junit.runners.ParentRunner.runChildren(ParentRunner.java:236)
	at org.junit.runners.ParentRunner.access$000(ParentRunner.java:53)
	at org.junit.runners.ParentRunner$2.evaluate(ParentRunner.java:229)
	at org.junit.runners.ParentRunner.run(ParentRunner.java:309)
	at org.apache.maven.surefire.junit4.JUnit4Provider.execute(JUnit4Provider.java:252)
	at org.apache.maven.surefire.junit4.JUnit4Provider.executeTestSet(JUnit4Provider.java:141)
	at org.apache.maven.surefire.junit4.JUnit4Provider.invoke(JUnit4Provider.java:112)
	at sun.reflect.NativeMethodAccessorImpl.invoke0(Native Method)
	at sun.reflect.NativeMethodAccessorImpl.invoke(NativeMethodAccessorImpl.java:62)
	at sun.reflect.DelegatingMethodAccessorImpl.invoke(DelegatingMethodAccessorImpl.java:43)
	at java.lang.reflect.Method.invoke(Method.java:498)
	at org.apache.maven.surefire.util.ReflectionUtils.invokeMethodWithArray(ReflectionUtils.java:189)
	at org.apache.maven.surefire.booter.ProviderFactory$ProviderProxy.invoke(ProviderFactory.java:165)
	at org.apache.maven.surefire.booter.ProviderFactory.invokeProvider(ProviderFactory.java:85)
	at org.apache.maven.surefire.booter.ForkedBooter.runSuitesInProcess(ForkedBooter.java:115)
	at org.apache.maven.surefire.booter.ForkedBooter.main(ForkedBooter.java:75)
</failure>
    <system-out>hi! gained curse
hi! gained curse
</system-out>
  </testcase>
  <testcase classname="RegressionTest" name="test349" time="0.03"/>
  <testcase classname="RegressionTest" name="test350" time="0.014"/>
  <testcase classname="RegressionTest" name="test351" time="0.014"/>
  <testcase classname="RegressionTest" name="test352" time="0"/>
  <testcase classname="RegressionTest" name="test353" time="0.01">
    <failure message="&apos;copper&apos; != &apos;estate&apos;" type="java.lang.AssertionError">java.lang.AssertionError: &apos;copper&apos; != &apos;estate&apos;
	at org.junit.Assert.fail(Assert.java:88)
	at org.junit.Assert.assertTrue(Assert.java:41)
	at RegressionTest.test353(RegressionTest.java:23465)
	at sun.reflect.NativeMethodAccessorImpl.invoke0(Native Method)
	at sun.reflect.NativeMethodAccessorImpl.invoke(NativeMethodAccessorImpl.java:62)
	at sun.reflect.DelegatingMethodAccessorImpl.invoke(DelegatingMethodAccessorImpl.java:43)
	at java.lang.reflect.Method.invoke(Method.java:498)
	at org.junit.runners.model.FrameworkMethod$1.runReflectiveCall(FrameworkMethod.java:47)
	at org.junit.internal.runners.model.ReflectiveCallable.run(ReflectiveCallable.java:12)
	at org.junit.runners.model.FrameworkMethod.invokeExplosively(FrameworkMethod.java:44)
	at org.junit.internal.runners.statements.InvokeMethod.evaluate(InvokeMethod.java:17)
	at org.junit.runners.ParentRunner.runLeaf(ParentRunner.java:271)
	at org.junit.runners.BlockJUnit4ClassRunner.runChild(BlockJUnit4ClassRunner.java:70)
	at org.junit.runners.BlockJUnit4ClassRunner.runChild(BlockJUnit4ClassRunner.java:50)
	at org.junit.runners.ParentRunner$3.run(ParentRunner.java:238)
	at org.junit.runners.ParentRunner$1.schedule(ParentRunner.java:63)
	at org.junit.runners.ParentRunner.runChildren(ParentRunner.java:236)
	at org.junit.runners.ParentRunner.access$000(ParentRunner.java:53)
	at org.junit.runners.ParentRunner$2.evaluate(ParentRunner.java:229)
	at org.junit.runners.ParentRunner.run(ParentRunner.java:309)
	at org.apache.maven.surefire.junit4.JUnit4Provider.execute(JUnit4Provider.java:252)
	at org.apache.maven.surefire.junit4.JUnit4Provider.executeTestSet(JUnit4Provider.java:141)
	at org.apache.maven.surefire.junit4.JUnit4Provider.invoke(JUnit4Provider.java:112)
	at sun.reflect.NativeMethodAccessorImpl.invoke0(Native Method)
	at sun.reflect.NativeMethodAccessorImpl.invoke(NativeMethodAccessorImpl.java:62)
	at sun.reflect.DelegatingMethodAccessorImpl.invoke(DelegatingMethodAccessorImpl.java:43)
	at java.lang.reflect.Method.invoke(Method.java:498)
	at org.apache.maven.surefire.util.ReflectionUtils.invokeMethodWithArray(ReflectionUtils.java:189)
	at org.apache.maven.surefire.booter.ProviderFactory$ProviderProxy.invoke(ProviderFactory.java:165)
	at org.apache.maven.surefire.booter.ProviderFactory.invokeProvider(ProviderFactory.java:85)
	at org.apache.maven.surefire.booter.ForkedBooter.runSuitesInProcess(ForkedBooter.java:115)
	at org.apache.maven.surefire.booter.ForkedBooter.main(ForkedBooter.java:75)
</failure>
    <system-out>
STARTING NEW GAME!

Player1 is now starting a turn.
Shuffling Player1&apos;s deck.
copper was drawn from the deck.
copper was drawn from the deck.
estate was drawn from the deck.
copper was drawn from the deck.
estate was drawn from the deck.
Player1 gained curse card because of embargo token.
Player1 gained curse
Player1 gained curse card because of embargo token.
Player1 gained curse
Player1 bought duchy

Player2 is now starting a turn.
Shuffling Player2&apos;s deck.
copper was drawn from the deck.
copper was drawn from the deck.
estate was drawn from the deck.
copper was drawn from the deck.
copper was drawn from the deck.
Player2 gained curse card because of embargo token.
Player2 gained curse
Player2 gained curse card because of embargo token.
Player2 gained curse
Player2 bought duchy

Player1 is now starting a turn.
copper was drawn from the deck.
estate was drawn from the deck.
copper was drawn from the deck.
copper was drawn from the deck.
copper was drawn from the deck.
Player1 gained curse card because of embargo token.
Player1 gained curse
Player1 gained curse card because of embargo token.
Player1 gained curse
Player1 gained curse card because of embargo token.
Player1 gained curse
Player1 bought mine

Player2 is now starting a turn.
copper was drawn from the deck.
copper was drawn from the deck.
estate was drawn from the deck.
estate was drawn from the deck.
copper was drawn from the deck.
Player2 gained curse card because of embargo token.
Player2 gained curse
Player2 gained curse card because of embargo token.
Player2 gained curse
Player2 gained curse card because of embargo token.
Player2 gained curse
Player2 bought mine

Player1 is now starting a turn.
Shuffling Player1&apos;s deck.
copper was drawn from the deck.
duchy was drawn from the deck.
curse was drawn from the deck.
curse was drawn from the deck.
estate was drawn from the deck.
Player1 bought embargo

Player2 is now starting a turn.
Shuffling Player2&apos;s deck.
curse was drawn from the deck.
curse was drawn from the deck.
curse was drawn from the deck.
estate was drawn from the deck.
copper was drawn from the deck.
Player2 bought estate

Player1 is now starting a turn.
curse was drawn from the deck.
copper was drawn from the deck.
curse was drawn from the deck.
copper was drawn from the deck.
estate was drawn from the deck.
Player1 bought village

Player2 is now starting a turn.
copper was drawn from the deck.
estate was drawn from the deck.
curse was drawn from the deck.
mine was drawn from the deck.
curse was drawn from the deck.
Playing action card: mine
Player2 gained gold
Player2 bought duchy

Player1 is now starting a turn.
copper was drawn from the deck.
copper was drawn from the deck.
curse was drawn from the deck.
copper was drawn from the deck.
mine was drawn from the deck.
Playing action card: mine
Player1 gained gold
Player1 bought gold

Player2 is now starting a turn.
copper was drawn from the deck.
copper was drawn from the deck.
copper was drawn from the deck.
estate was drawn from the deck.
duchy was drawn from the deck.
Player2 bought gardens

Player1 is now starting a turn.
copper was drawn from the deck.
estate was drawn from the deck.
Shuffling Player1&apos;s deck.
curse was drawn from the deck.
copper was drawn from the deck.
gold was drawn from the deck.
Player1 bought gold

Player2 is now starting a turn.
copper was drawn from the deck.
copper was drawn from the deck.
Shuffling Player2&apos;s deck.
gold was drawn from the deck.
estate was drawn from the deck.
estate was drawn from the deck.
Player2 bought adventurer

Player1 is now starting a turn.
mine was drawn from the deck.
curse was drawn from the deck.
gold was drawn from the deck.
copper was drawn from the deck.
curse was drawn from the deck.
Playing action card: mine
Player1 gained gold
Player1 bought gold

Player2 is now starting a turn.
copper was drawn from the deck.
curse was drawn from the deck.
curse was drawn from the deck.
duchy was drawn from the deck.
copper was drawn from the deck.
Player2 bought estate

Player1 is now starting a turn.
copper was drawn from the deck.
curse was drawn from the deck.
duchy was drawn from the deck.
estate was drawn from the deck.
copper was drawn from the deck.
Player1 bought silver

Player2 is now starting a turn.
curse was drawn from the deck.
copper was drawn from the deck.
estate was drawn from the deck.
estate was drawn from the deck.
duchy was drawn from the deck.
Player2 bought ambassador

Player1 is now starting a turn.
curse was drawn from the deck.
copper was drawn from the deck.
copper was drawn from the deck.
embargo was drawn from the deck.
village was drawn from the deck.
Playing action card: village
estate was drawn from the deck.
Playing action card: embargo
Player1 added embargo token to province supply pile.
Player1 bought duchy

Player2 is now starting a turn.
copper was drawn from the deck.
curse was drawn from the deck.
gardens was drawn from the deck.
curse was drawn from the deck.
mine was drawn from the deck.
Playing action card: mine
Player2 gained gold
Player2 bought gardens

Player1 is now starting a turn.
Shuffling Player1&apos;s deck.
mine was drawn from the deck.
curse was drawn from the deck.
copper was drawn from the deck.
gold was drawn from the deck.
estate was drawn from the deck.
Playing action card: mine
Player1 gained gold
Player1 bought province

Player2 is now starting a turn.
copper was drawn from the deck.
Shuffling Player2&apos;s deck.
gardens was drawn from the deck.
curse was drawn from the deck.
copper was drawn from the deck.
ambassador was drawn from the deck.
Playing action card: ambassador
Player2 returned 0 copies of gardens
Player1 gained gardens
Player2 bought estate

Player1 is now starting a turn.
curse was drawn from the deck.
curse was drawn from the deck.
gold was drawn from the deck.
gold was drawn from the deck.
gold was drawn from the deck.
Player1 bought province

Player2 is now starting a turn.
copper was drawn from the deck.
estate was drawn from the deck.
curse was drawn from the deck.
copper was drawn from the deck.
duchy was drawn from the deck.
Player2 bought ambassador

Player1 is now starting a turn.
curse was drawn from the deck.
copper was drawn from the deck.
copper was drawn from the deck.
copper was drawn from the deck.
copper was drawn from the deck.
Player1 bought seahag

Player2 is now starting a turn.
copper was drawn from the deck.
curse was drawn from the deck.
mine was drawn from the deck.
estate was drawn from the deck.
gold was drawn from the deck.
Playing action card: mine
Player2 gained gold
Player2 bought province

Player1 is now starting a turn.
duchy was drawn from the deck.
duchy was drawn from the deck.
silver was drawn from the deck.
estate was drawn from the deck.
embargo was drawn from the deck.
Playing action card: embargo
Player1 added embargo token to copper supply pile.
Player1 bought duchy

Player2 is now starting a turn.
adventurer was drawn from the deck.
gardens was drawn from the deck.
copper was drawn from the deck.
estate was drawn from the deck.
gold was drawn from the deck.
Playing action card: adventurer
estate was drawn from the deck.
Player2 discarded estate
curse was drawn from the deck.
Player2 discarded curse
duchy was drawn from the deck.
Player2 discarded duchy
curse was drawn from the deck.
Player2 discarded curse
estate was drawn from the deck.
Player2 discarded estate
copper was drawn from the deck.
Player2 bought adventurer

Player1 is now starting a turn.
gold was drawn from the deck.
copper was drawn from the deck.
estate was drawn from the deck.
copper was drawn from the deck.
village was drawn from the deck.
Playing action card: village
curse was drawn from the deck.
Player1 bought adventurer

Player2 is now starting a turn.
Shuffling Player2&apos;s deck.
gardens was drawn from the deck.
copper was drawn from the deck.
ambassador was drawn from the deck.
copper was drawn from the deck.
adventurer was drawn from the deck.
Playing action card: adventurer
gold was drawn from the deck.
copper was drawn from the deck.
Player2 bought adventurer

Player1 is now starting a turn.
Shuffling Player1&apos;s deck.
copper was drawn from the deck.
duchy was drawn from the deck.
curse was drawn from the deck.
embargo was drawn from the deck.
estate was drawn from the deck.
Playing action card: embargo
Player1 added embargo token to adventurer supply pile.
Player1 bought cutpurse

Player2 is now starting a turn.
mine was drawn from the deck.
curse was drawn from the deck.
estate was drawn from the deck.
ambassador was drawn from the deck.
estate was drawn from the deck.
Playing action card: ambassador
Player2 returned 0 copies of curse
Player2 bought embargo

Player1 is now starting a turn.
copper was drawn from the deck.
duchy was drawn from the deck.
village was drawn from the deck.
gold was drawn from the deck.
silver was drawn from the deck.
Playing action card: village
curse was drawn from the deck.
Player1 bought gold

Player2 is now starting a turn.
curse was drawn from the deck.
duchy was drawn from the deck.
adventurer was drawn from the deck.
curse was drawn from the deck.
gold was drawn from the deck.
Playing action card: adventurer
estate was drawn from the deck.
Player2 discarded estate
province was drawn from the deck.
Player2 discarded province
copper was drawn from the deck.
gardens was drawn from the deck.
Player2 discarded gardens
copper was drawn from the deck.
Player2 bought duchy

Player1 is now starting a turn.
copper was drawn from the deck.
gold was drawn from the deck.
adventurer was drawn from the deck.
province was drawn from the deck.
copper was drawn from the deck.
Playing action card: adventurer
duchy was drawn from the deck.
Player1 discarded duchy
curse was drawn from the deck.
Player1 discarded curse
province was drawn from the deck.
Player1 discarded province
estate was drawn from the deck.
Player1 discarded estate
copper was drawn from the deck.
curse was drawn from the deck.
Player1 discarded curse
gold was drawn from the deck.
Player1 bought province

Player2 is now starting a turn.
estate was drawn from the deck.
copper was drawn from the deck.
curse was drawn from the deck.
estate was drawn from the deck.
copper was drawn from the deck.
Player2 bought smithy

Player1 is now starting a turn.
estate was drawn from the deck.
copper was drawn from the deck.
gardens was drawn from the deck.
mine was drawn from the deck.
gold was drawn from the deck.
Playing action card: mine
Player1 gained gold
Player1 bought province

Player2 is now starting a turn.
estate was drawn from the deck.
duchy was drawn from the deck.
gold was drawn from the deck.
curse was drawn from the deck.
Shuffling Player2&apos;s deck.
estate was drawn from the deck.
Player2 bought mine

Player1 is now starting a turn.
gold was drawn from the deck.
curse was drawn from the deck.
seahag was drawn from the deck.
copper was drawn from the deck.
gold was drawn from the deck.
Playing action card: seahag
estate was drawn from the deck.
Player2 discarded estate
Player2 gained curse to top of deck.
Player1 bought gold

Player2 is now starting a turn.
curse was drawn from the deck.
curse was drawn from the deck.
province was drawn from the deck.
duchy was drawn from the deck.
copper was drawn from the deck.
Player2 bought copper

Player1 is now starting a turn.
Shuffling Player1&apos;s deck.
gold was drawn from the deck.
gold was drawn from the deck.
seahag was drawn from the deck.
province was drawn from the deck.
copper was drawn from the deck.
Playing action card: seahag
gold was drawn from the deck.
Player2 discarded gold
Player2 gained curse to top of deck.
Player1 bought gold

Player2 is now starting a turn.
curse was drawn from the deck.
ambassador was drawn from the deck.
copper was drawn from the deck.
gold was drawn from the deck.
ambassador was drawn from the deck.
Playing action card: ambassador
Player2 returned 0 copies of copper
Player1 gained copper
Player2 bought gardens

Player1 is now starting a turn.
province was drawn from the deck.
estate was drawn from the deck.
copper was drawn from the deck.
gardens was drawn from the deck.
silver was drawn from the deck.
Player1 bought seahag

Player2 is now starting a turn.
copper was drawn from the deck.
adventurer was drawn from the deck.
estate was drawn from the deck.
curse was drawn from the deck.
estate was drawn from the deck.
Playing action card: adventurer
copper was drawn from the deck.
curse was drawn from the deck.
Player2 discarded curse
gardens was drawn from the deck.
Player2 discarded gardens
curse was drawn from the deck.
Player2 discarded curse
gardens was drawn from the deck.
Player2 discarded gardens
adventurer was drawn from the deck.
Player2 discarded adventurer
copper was drawn from the deck.
Player2 bought mine

Player1 is now starting a turn.
adventurer was drawn from the deck.
village was drawn from the deck.
duchy was drawn from the deck.
duchy was drawn from the deck.
curse was drawn from the deck.
Playing action card: adventurer
curse was drawn from the deck.
Player1 discarded curse
curse was drawn from the deck.
Player1 discarded curse
province was drawn from the deck.
Player1 discarded province
copper was drawn from the deck.
copper was drawn from the deck.
Player1 bought embargo

Player2 is now starting a turn.
mine was drawn from the deck.
estate was drawn from the deck.
duchy was drawn from the deck.
embargo was drawn from the deck.
adventurer was drawn from the deck.
Playing action card: mine
Player2 bought copper

Player1 is now starting a turn.
gold was drawn from the deck.
gold was drawn from the deck.
cutpurse was drawn from the deck.
estate was drawn from the deck.
duchy was drawn from the deck.
Playing action card: cutpurse
Player2 had no coppers to discard. 
Player1 bought province

Player2 is now starting a turn.
copper was drawn from the deck.
copper was drawn from the deck.
smithy was drawn from the deck.
Shuffling Player2&apos;s deck.
adventurer was drawn from the deck.
adventurer was drawn from the deck.
Playing action card: adventurer
gold was drawn from the deck.
adventurer was drawn from the deck.
Player2 discarded adventurer
embargo was drawn from the deck.
Player2 discarded embargo
province was drawn from the deck.
Player2 discarded province
duchy was drawn from the deck.
Player2 discarded duchy
gold was drawn from the deck.
Player2 bought province

Player1 is now starting a turn.
gold was drawn from the deck.
province was drawn from the deck.
mine was drawn from the deck.
gold was drawn from the deck.
curse was drawn from the deck.
Playing action card: mine
Player1 gained gold
Player1 bought province
GAME OVER! Province card pile is empty. 
Player1: 1212
Player2: 1655
Player1 gained mine
Player2 gained mine
Shuffling hi!&apos;s deck.
copper was drawn from the deck.
</system-out>
  </testcase>
  <testcase classname="RegressionTest" name="test354" time="0"/>
  <testcase classname="RegressionTest" name="test355" time="0.011"/>
  <testcase classname="RegressionTest" name="test356" time="0"/>
  <testcase classname="RegressionTest" name="test357" time="0.02">
    <failure message="&apos;copper&apos; != &apos;estate&apos;" type="java.lang.AssertionError">java.lang.AssertionError: &apos;copper&apos; != &apos;estate&apos;
	at org.junit.Assert.fail(Assert.java:88)
	at org.junit.Assert.assertTrue(Assert.java:41)
	at RegressionTest.test357(RegressionTest.java:23775)
	at sun.reflect.NativeMethodAccessorImpl.invoke0(Native Method)
	at sun.reflect.NativeMethodAccessorImpl.invoke(NativeMethodAccessorImpl.java:62)
	at sun.reflect.DelegatingMethodAccessorImpl.invoke(DelegatingMethodAccessorImpl.java:43)
	at java.lang.reflect.Method.invoke(Method.java:498)
	at org.junit.runners.model.FrameworkMethod$1.runReflectiveCall(FrameworkMethod.java:47)
	at org.junit.internal.runners.model.ReflectiveCallable.run(ReflectiveCallable.java:12)
	at org.junit.runners.model.FrameworkMethod.invokeExplosively(FrameworkMethod.java:44)
	at org.junit.internal.runners.statements.InvokeMethod.evaluate(InvokeMethod.java:17)
	at org.junit.runners.ParentRunner.runLeaf(ParentRunner.java:271)
	at org.junit.runners.BlockJUnit4ClassRunner.runChild(BlockJUnit4ClassRunner.java:70)
	at org.junit.runners.BlockJUnit4ClassRunner.runChild(BlockJUnit4ClassRunner.java:50)
	at org.junit.runners.ParentRunner$3.run(ParentRunner.java:238)
	at org.junit.runners.ParentRunner$1.schedule(ParentRunner.java:63)
	at org.junit.runners.ParentRunner.runChildren(ParentRunner.java:236)
	at org.junit.runners.ParentRunner.access$000(ParentRunner.java:53)
	at org.junit.runners.ParentRunner$2.evaluate(ParentRunner.java:229)
	at org.junit.runners.ParentRunner.run(ParentRunner.java:309)
	at org.apache.maven.surefire.junit4.JUnit4Provider.execute(JUnit4Provider.java:252)
	at org.apache.maven.surefire.junit4.JUnit4Provider.executeTestSet(JUnit4Provider.java:141)
	at org.apache.maven.surefire.junit4.JUnit4Provider.invoke(JUnit4Provider.java:112)
	at sun.reflect.NativeMethodAccessorImpl.invoke0(Native Method)
	at sun.reflect.NativeMethodAccessorImpl.invoke(NativeMethodAccessorImpl.java:62)
	at sun.reflect.DelegatingMethodAccessorImpl.invoke(DelegatingMethodAccessorImpl.java:43)
	at java.lang.reflect.Method.invoke(Method.java:498)
	at org.apache.maven.surefire.util.ReflectionUtils.invokeMethodWithArray(ReflectionUtils.java:189)
	at org.apache.maven.surefire.booter.ProviderFactory$ProviderProxy.invoke(ProviderFactory.java:165)
	at org.apache.maven.surefire.booter.ProviderFactory.invokeProvider(ProviderFactory.java:85)
	at org.apache.maven.surefire.booter.ForkedBooter.runSuitesInProcess(ForkedBooter.java:115)
	at org.apache.maven.surefire.booter.ForkedBooter.main(ForkedBooter.java:75)
</failure>
    <system-out>Player1 had no coppers to discard. 
Player2 had no coppers to discard. 
hi! gained mine to top of deck.
mine was drawn from the deck.

STARTING NEW GAME!

Player1 is now starting a turn.
Shuffling Player1&apos;s deck.
copper was drawn from the deck.
copper was drawn from the deck.
estate was drawn from the deck.
copper was drawn from the deck.
estate was drawn from the deck.
Player1 gained curse card because of embargo token.
Player1 gained curse
Player1 gained curse card because of embargo token.
Player1 gained curse
Player1 bought duchy

Player2 is now starting a turn.
Shuffling Player2&apos;s deck.
copper was drawn from the deck.
copper was drawn from the deck.
estate was drawn from the deck.
copper was drawn from the deck.
copper was drawn from the deck.
Player2 gained curse card because of embargo token.
Player2 gained curse
Player2 gained curse card because of embargo token.
Player2 gained curse
Player2 bought duchy

Player1 is now starting a turn.
copper was drawn from the deck.
estate was drawn from the deck.
copper was drawn from the deck.
copper was drawn from the deck.
copper was drawn from the deck.
Player1 gained curse card because of embargo token.
Player1 gained curse
Player1 gained curse card because of embargo token.
Player1 gained curse
Player1 gained curse card because of embargo token.
Player1 gained curse
Player1 bought mine

Player2 is now starting a turn.
copper was drawn from the deck.
copper was drawn from the deck.
estate was drawn from the deck.
estate was drawn from the deck.
copper was drawn from the deck.
Player2 gained curse card because of embargo token.
Player2 gained curse
Player2 gained curse card because of embargo token.
Player2 gained curse
Player2 gained curse card because of embargo token.
Player2 gained curse
Player2 bought mine

Player1 is now starting a turn.
Shuffling Player1&apos;s deck.
copper was drawn from the deck.
duchy was drawn from the deck.
curse was drawn from the deck.
curse was drawn from the deck.
estate was drawn from the deck.
Player1 bought embargo

Player2 is now starting a turn.
Shuffling Player2&apos;s deck.
curse was drawn from the deck.
curse was drawn from the deck.
curse was drawn from the deck.
estate was drawn from the deck.
copper was drawn from the deck.
Player2 bought estate

Player1 is now starting a turn.
curse was drawn from the deck.
copper was drawn from the deck.
curse was drawn from the deck.
copper was drawn from the deck.
estate was drawn from the deck.
Player1 bought village

Player2 is now starting a turn.
copper was drawn from the deck.
estate was drawn from the deck.
curse was drawn from the deck.
mine was drawn from the deck.
curse was drawn from the deck.
Playing action card: mine
Player2 gained gold
Player2 bought duchy

Player1 is now starting a turn.
copper was drawn from the deck.
copper was drawn from the deck.
curse was drawn from the deck.
copper was drawn from the deck.
mine was drawn from the deck.
Playing action card: mine
Player1 gained gold
Player1 bought gold

Player2 is now starting a turn.
copper was drawn from the deck.
copper was drawn from the deck.
copper was drawn from the deck.
estate was drawn from the deck.
duchy was drawn from the deck.
Player2 bought gardens

Player1 is now starting a turn.
copper was drawn from the deck.
estate was drawn from the deck.
Shuffling Player1&apos;s deck.
curse was drawn from the deck.
copper was drawn from the deck.
gold was drawn from the deck.
Player1 bought gold

Player2 is now starting a turn.
copper was drawn from the deck.
copper was drawn from the deck.
Shuffling Player2&apos;s deck.
gold was drawn from the deck.
estate was drawn from the deck.
estate was drawn from the deck.
Player2 bought adventurer

Player1 is now starting a turn.
mine was drawn from the deck.
curse was drawn from the deck.
gold was drawn from the deck.
copper was drawn from the deck.
curse was drawn from the deck.
Playing action card: mine
Player1 gained gold
Player1 bought gold

Player2 is now starting a turn.
copper was drawn from the deck.
curse was drawn from the deck.
curse was drawn from the deck.
duchy was drawn from the deck.
copper was drawn from the deck.
Player2 bought estate

Player1 is now starting a turn.
copper was drawn from the deck.
curse was drawn from the deck.
duchy was drawn from the deck.
estate was drawn from the deck.
copper was drawn from the deck.
Player1 bought silver

Player2 is now starting a turn.
curse was drawn from the deck.
copper was drawn from the deck.
estate was drawn from the deck.
estate was drawn from the deck.
duchy was drawn from the deck.
Player2 bought ambassador

Player1 is now starting a turn.
curse was drawn from the deck.
copper was drawn from the deck.
copper was drawn from the deck.
embargo was drawn from the deck.
village was drawn from the deck.
Playing action card: village
estate was drawn from the deck.
Playing action card: embargo
Player1 added embargo token to province supply pile.
Player1 bought duchy

Player2 is now starting a turn.
copper was drawn from the deck.
curse was drawn from the deck.
gardens was drawn from the deck.
curse was drawn from the deck.
mine was drawn from the deck.
Playing action card: mine
Player2 gained gold
Player2 bought gardens

Player1 is now starting a turn.
Shuffling Player1&apos;s deck.
mine was drawn from the deck.
curse was drawn from the deck.
copper was drawn from the deck.
gold was drawn from the deck.
estate was drawn from the deck.
Playing action card: mine
Player1 gained gold
Player1 bought province

Player2 is now starting a turn.
copper was drawn from the deck.
Shuffling Player2&apos;s deck.
gardens was drawn from the deck.
curse was drawn from the deck.
copper was drawn from the deck.
ambassador was drawn from the deck.
Playing action card: ambassador
Player2 returned 0 copies of gardens
Player1 gained gardens
Player2 bought estate

Player1 is now starting a turn.
curse was drawn from the deck.
curse was drawn from the deck.
gold was drawn from the deck.
gold was drawn from the deck.
gold was drawn from the deck.
Player1 bought province

Player2 is now starting a turn.
copper was drawn from the deck.
estate was drawn from the deck.
curse was drawn from the deck.
copper was drawn from the deck.
duchy was drawn from the deck.
Player2 bought ambassador

Player1 is now starting a turn.
curse was drawn from the deck.
copper was drawn from the deck.
copper was drawn from the deck.
copper was drawn from the deck.
copper was drawn from the deck.
Player1 bought seahag

Player2 is now starting a turn.
copper was drawn from the deck.
curse was drawn from the deck.
mine was drawn from the deck.
estate was drawn from the deck.
gold was drawn from the deck.
Playing action card: mine
Player2 gained gold
Player2 bought province

Player1 is now starting a turn.
duchy was drawn from the deck.
duchy was drawn from the deck.
silver was drawn from the deck.
estate was drawn from the deck.
embargo was drawn from the deck.
Playing action card: embargo
Player1 added embargo token to copper supply pile.
Player1 bought duchy

Player2 is now starting a turn.
adventurer was drawn from the deck.
gardens was drawn from the deck.
copper was drawn from the deck.
estate was drawn from the deck.
gold was drawn from the deck.
Playing action card: adventurer
estate was drawn from the deck.
Player2 discarded estate
curse was drawn from the deck.
Player2 discarded curse
duchy was drawn from the deck.
Player2 discarded duchy
curse was drawn from the deck.
Player2 discarded curse
estate was drawn from the deck.
Player2 discarded estate
copper was drawn from the deck.
Player2 bought adventurer

Player1 is now starting a turn.
gold was drawn from the deck.
copper was drawn from the deck.
estate was drawn from the deck.
copper was drawn from the deck.
village was drawn from the deck.
Playing action card: village
curse was drawn from the deck.
Player1 bought adventurer

Player2 is now starting a turn.
Shuffling Player2&apos;s deck.
gardens was drawn from the deck.
copper was drawn from the deck.
ambassador was drawn from the deck.
copper was drawn from the deck.
adventurer was drawn from the deck.
Playing action card: adventurer
gold was drawn from the deck.
copper was drawn from the deck.
Player2 bought adventurer

Player1 is now starting a turn.
Shuffling Player1&apos;s deck.
copper was drawn from the deck.
duchy was drawn from the deck.
curse was drawn from the deck.
embargo was drawn from the deck.
estate was drawn from the deck.
Playing action card: embargo
Player1 added embargo token to adventurer supply pile.
Player1 bought cutpurse

Player2 is now starting a turn.
mine was drawn from the deck.
curse was drawn from the deck.
estate was drawn from the deck.
ambassador was drawn from the deck.
estate was drawn from the deck.
Playing action card: ambassador
Player2 returned 0 copies of curse
Player2 bought embargo

Player1 is now starting a turn.
copper was drawn from the deck.
duchy was drawn from the deck.
village was drawn from the deck.
gold was drawn from the deck.
silver was drawn from the deck.
Playing action card: village
curse was drawn from the deck.
Player1 bought gold

Player2 is now starting a turn.
curse was drawn from the deck.
duchy was drawn from the deck.
adventurer was drawn from the deck.
curse was drawn from the deck.
gold was drawn from the deck.
Playing action card: adventurer
estate was drawn from the deck.
Player2 discarded estate
province was drawn from the deck.
Player2 discarded province
copper was drawn from the deck.
gardens was drawn from the deck.
Player2 discarded gardens
copper was drawn from the deck.
Player2 bought duchy

Player1 is now starting a turn.
copper was drawn from the deck.
gold was drawn from the deck.
adventurer was drawn from the deck.
province was drawn from the deck.
copper was drawn from the deck.
Playing action card: adventurer
duchy was drawn from the deck.
Player1 discarded duchy
curse was drawn from the deck.
Player1 discarded curse
province was drawn from the deck.
Player1 discarded province
estate was drawn from the deck.
Player1 discarded estate
copper was drawn from the deck.
curse was drawn from the deck.
Player1 discarded curse
gold was drawn from the deck.
Player1 bought province

Player2 is now starting a turn.
estate was drawn from the deck.
copper was drawn from the deck.
curse was drawn from the deck.
estate was drawn from the deck.
copper was drawn from the deck.
Player2 bought smithy

Player1 is now starting a turn.
estate was drawn from the deck.
copper was drawn from the deck.
gardens was drawn from the deck.
mine was drawn from the deck.
gold was drawn from the deck.
Playing action card: mine
Player1 gained gold
Player1 bought province

Player2 is now starting a turn.
estate was drawn from the deck.
duchy was drawn from the deck.
gold was drawn from the deck.
curse was drawn from the deck.
Shuffling Player2&apos;s deck.
estate was drawn from the deck.
Player2 bought mine

Player1 is now starting a turn.
gold was drawn from the deck.
curse was drawn from the deck.
seahag was drawn from the deck.
copper was drawn from the deck.
gold was drawn from the deck.
Playing action card: seahag
estate was drawn from the deck.
Player2 discarded estate
Player2 gained curse to top of deck.
Player1 bought gold

Player2 is now starting a turn.
curse was drawn from the deck.
curse was drawn from the deck.
province was drawn from the deck.
duchy was drawn from the deck.
copper was drawn from the deck.
Player2 bought copper

Player1 is now starting a turn.
Shuffling Player1&apos;s deck.
gold was drawn from the deck.
gold was drawn from the deck.
seahag was drawn from the deck.
province was drawn from the deck.
copper was drawn from the deck.
Playing action card: seahag
gold was drawn from the deck.
Player2 discarded gold
Player2 gained curse to top of deck.
Player1 bought gold

Player2 is now starting a turn.
curse was drawn from the deck.
ambassador was drawn from the deck.
copper was drawn from the deck.
gold was drawn from the deck.
ambassador was drawn from the deck.
Playing action card: ambassador
Player2 returned 0 copies of copper
Player1 gained copper
Player2 bought gardens

Player1 is now starting a turn.
province was drawn from the deck.
estate was drawn from the deck.
copper was drawn from the deck.
gardens was drawn from the deck.
silver was drawn from the deck.
Player1 bought seahag

Player2 is now starting a turn.
copper was drawn from the deck.
adventurer was drawn from the deck.
estate was drawn from the deck.
curse was drawn from the deck.
estate was drawn from the deck.
Playing action card: adventurer
copper was drawn from the deck.
curse was drawn from the deck.
Player2 discarded curse
gardens was drawn from the deck.
Player2 discarded gardens
curse was drawn from the deck.
Player2 discarded curse
gardens was drawn from the deck.
Player2 discarded gardens
adventurer was drawn from the deck.
Player2 discarded adventurer
copper was drawn from the deck.
Player2 bought mine

Player1 is now starting a turn.
adventurer was drawn from the deck.
village was drawn from the deck.
duchy was drawn from the deck.
duchy was drawn from the deck.
curse was drawn from the deck.
Playing action card: adventurer
curse was drawn from the deck.
Player1 discarded curse
curse was drawn from the deck.
Player1 discarded curse
province was drawn from the deck.
Player1 discarded province
copper was drawn from the deck.
copper was drawn from the deck.
Player1 bought embargo

Player2 is now starting a turn.
mine was drawn from the deck.
estate was drawn from the deck.
duchy was drawn from the deck.
embargo was drawn from the deck.
adventurer was drawn from the deck.
Playing action card: mine
Player2 bought copper

Player1 is now starting a turn.
gold was drawn from the deck.
gold was drawn from the deck.
cutpurse was drawn from the deck.
estate was drawn from the deck.
duchy was drawn from the deck.
Playing action card: cutpurse
Player2 had no coppers to discard. 
Player1 bought province

Player2 is now starting a turn.
copper was drawn from the deck.
copper was drawn from the deck.
smithy was drawn from the deck.
Shuffling Player2&apos;s deck.
adventurer was drawn from the deck.
adventurer was drawn from the deck.
Playing action card: adventurer
gold was drawn from the deck.
adventurer was drawn from the deck.
Player2 discarded adventurer
embargo was drawn from the deck.
Player2 discarded embargo
province was drawn from the deck.
Player2 discarded province
duchy was drawn from the deck.
Player2 discarded duchy
gold was drawn from the deck.
Player2 bought province

Player1 is now starting a turn.
gold was drawn from the deck.
province was drawn from the deck.
mine was drawn from the deck.
gold was drawn from the deck.
curse was drawn from the deck.
Playing action card: mine
Player1 gained gold
Player1 bought province
GAME OVER! Province card pile is empty. 
Player1: 1212
Player2: 1655

STARTING NEW GAME!

Player1 is now starting a turn.
Shuffling Player1&apos;s deck.
copper was drawn from the deck.
copper was drawn from the deck.
estate was drawn from the deck.
copper was drawn from the deck.
estate was drawn from the deck.
Player1 gained curse card because of embargo token.
Player1 gained curse
Player1 gained curse card because of embargo token.
Player1 gained curse
Player1 bought duchy

Player2 is now starting a turn.
Shuffling Player2&apos;s deck.
copper was drawn from the deck.
copper was drawn from the deck.
estate was drawn from the deck.
copper was drawn from the deck.
copper was drawn from the deck.
Player2 gained curse card because of embargo token.
Player2 gained curse
Player2 gained curse card because of embargo token.
Player2 gained curse
Player2 bought duchy

Player1 is now starting a turn.
copper was drawn from the deck.
estate was drawn from the deck.
copper was drawn from the deck.
copper was drawn from the deck.
copper was drawn from the deck.
Player1 gained curse card because of embargo token.
Player1 gained curse
Player1 gained curse card because of embargo token.
Player1 gained curse
Player1 gained curse card because of embargo token.
Player1 gained curse
Player1 bought mine

Player2 is now starting a turn.
copper was drawn from the deck.
copper was drawn from the deck.
estate was drawn from the deck.
estate was drawn from the deck.
copper was drawn from the deck.
Player2 gained curse card because of embargo token.
Player2 gained curse
Player2 gained curse card because of embargo token.
Player2 gained curse
Player2 gained curse card because of embargo token.
Player2 gained curse
Player2 bought mine

Player1 is now starting a turn.
Shuffling Player1&apos;s deck.
copper was drawn from the deck.
duchy was drawn from the deck.
curse was drawn from the deck.
curse was drawn from the deck.
estate was drawn from the deck.
Player1 bought embargo

Player2 is now starting a turn.
Shuffling Player2&apos;s deck.
curse was drawn from the deck.
curse was drawn from the deck.
curse was drawn from the deck.
estate was drawn from the deck.
copper was drawn from the deck.
Player2 bought estate

Player1 is now starting a turn.
curse was drawn from the deck.
copper was drawn from the deck.
curse was drawn from the deck.
copper was drawn from the deck.
estate was drawn from the deck.
Player1 bought village

Player2 is now starting a turn.
copper was drawn from the deck.
estate was drawn from the deck.
curse was drawn from the deck.
mine was drawn from the deck.
curse was drawn from the deck.
Playing action card: mine
Player2 gained gold
Player2 bought duchy

Player1 is now starting a turn.
copper was drawn from the deck.
copper was drawn from the deck.
curse was drawn from the deck.
copper was drawn from the deck.
mine was drawn from the deck.
Playing action card: mine
Player1 gained gold
Player1 bought gold

Player2 is now starting a turn.
copper was drawn from the deck.
copper was drawn from the deck.
copper was drawn from the deck.
estate was drawn from the deck.
duchy was drawn from the deck.
Player2 bought gardens

Player1 is now starting a turn.
copper was drawn from the deck.
estate was drawn from the deck.
Shuffling Player1&apos;s deck.
curse was drawn from the deck.
copper was drawn from the deck.
gold was drawn from the deck.
Player1 bought gold

Player2 is now starting a turn.
copper was drawn from the deck.
copper was drawn from the deck.
Shuffling Player2&apos;s deck.
gold was drawn from the deck.
estate was drawn from the deck.
estate was drawn from the deck.
Player2 bought adventurer

Player1 is now starting a turn.
mine was drawn from the deck.
curse was drawn from the deck.
gold was drawn from the deck.
copper was drawn from the deck.
curse was drawn from the deck.
Playing action card: mine
Player1 gained gold
Player1 bought gold

Player2 is now starting a turn.
copper was drawn from the deck.
curse was drawn from the deck.
curse was drawn from the deck.
duchy was drawn from the deck.
copper was drawn from the deck.
Player2 bought estate

Player1 is now starting a turn.
copper was drawn from the deck.
curse was drawn from the deck.
duchy was drawn from the deck.
estate was drawn from the deck.
copper was drawn from the deck.
Player1 bought silver

Player2 is now starting a turn.
curse was drawn from the deck.
copper was drawn from the deck.
estate was drawn from the deck.
estate was drawn from the deck.
duchy was drawn from the deck.
Player2 bought ambassador

Player1 is now starting a turn.
curse was drawn from the deck.
copper was drawn from the deck.
copper was drawn from the deck.
embargo was drawn from the deck.
village was drawn from the deck.
Playing action card: village
estate was drawn from the deck.
Playing action card: embargo
Player1 added embargo token to province supply pile.
Player1 bought duchy

Player2 is now starting a turn.
copper was drawn from the deck.
curse was drawn from the deck.
gardens was drawn from the deck.
curse was drawn from the deck.
mine was drawn from the deck.
Playing action card: mine
Player2 gained gold
Player2 bought gardens

Player1 is now starting a turn.
Shuffling Player1&apos;s deck.
mine was drawn from the deck.
curse was drawn from the deck.
copper was drawn from the deck.
gold was drawn from the deck.
estate was drawn from the deck.
Playing action card: mine
Player1 gained gold
Player1 bought province

Player2 is now starting a turn.
copper was drawn from the deck.
Shuffling Player2&apos;s deck.
gardens was drawn from the deck.
curse was drawn from the deck.
copper was drawn from the deck.
ambassador was drawn from the deck.
Playing action card: ambassador
Player2 returned 0 copies of gardens
Player1 gained gardens
Player2 bought estate

Player1 is now starting a turn.
curse was drawn from the deck.
curse was drawn from the deck.
gold was drawn from the deck.
gold was drawn from the deck.
gold was drawn from the deck.
Player1 bought province

Player2 is now starting a turn.
copper was drawn from the deck.
estate was drawn from the deck.
curse was drawn from the deck.
copper was drawn from the deck.
duchy was drawn from the deck.
Player2 bought ambassador

Player1 is now starting a turn.
curse was drawn from the deck.
copper was drawn from the deck.
copper was drawn from the deck.
copper was drawn from the deck.
copper was drawn from the deck.
Player1 bought seahag

Player2 is now starting a turn.
copper was drawn from the deck.
curse was drawn from the deck.
mine was drawn from the deck.
estate was drawn from the deck.
gold was drawn from the deck.
Playing action card: mine
Player2 gained gold
Player2 bought province

Player1 is now starting a turn.
duchy was drawn from the deck.
duchy was drawn from the deck.
silver was drawn from the deck.
estate was drawn from the deck.
embargo was drawn from the deck.
Playing action card: embargo
Player1 added embargo token to copper supply pile.
Player1 bought duchy

Player2 is now starting a turn.
adventurer was drawn from the deck.
gardens was drawn from the deck.
copper was drawn from the deck.
estate was drawn from the deck.
gold was drawn from the deck.
Playing action card: adventurer
estate was drawn from the deck.
Player2 discarded estate
curse was drawn from the deck.
Player2 discarded curse
duchy was drawn from the deck.
Player2 discarded duchy
curse was drawn from the deck.
Player2 discarded curse
estate was drawn from the deck.
Player2 discarded estate
copper was drawn from the deck.
Player2 bought adventurer

Player1 is now starting a turn.
gold was drawn from the deck.
copper was drawn from the deck.
estate was drawn from the deck.
copper was drawn from the deck.
village was drawn from the deck.
Playing action card: village
curse was drawn from the deck.
Player1 bought adventurer

Player2 is now starting a turn.
Shuffling Player2&apos;s deck.
gardens was drawn from the deck.
copper was drawn from the deck.
ambassador was drawn from the deck.
copper was drawn from the deck.
adventurer was drawn from the deck.
Playing action card: adventurer
gold was drawn from the deck.
copper was drawn from the deck.
Player2 bought adventurer

Player1 is now starting a turn.
Shuffling Player1&apos;s deck.
copper was drawn from the deck.
duchy was drawn from the deck.
curse was drawn from the deck.
embargo was drawn from the deck.
estate was drawn from the deck.
Playing action card: embargo
Player1 added embargo token to adventurer supply pile.
Player1 bought cutpurse

Player2 is now starting a turn.
mine was drawn from the deck.
curse was drawn from the deck.
estate was drawn from the deck.
ambassador was drawn from the deck.
estate was drawn from the deck.
Playing action card: ambassador
Player2 returned 0 copies of curse
Player2 bought embargo

Player1 is now starting a turn.
copper was drawn from the deck.
duchy was drawn from the deck.
village was drawn from the deck.
gold was drawn from the deck.
silver was drawn from the deck.
Playing action card: village
curse was drawn from the deck.
Player1 bought gold

Player2 is now starting a turn.
curse was drawn from the deck.
duchy was drawn from the deck.
adventurer was drawn from the deck.
curse was drawn from the deck.
gold was drawn from the deck.
Playing action card: adventurer
estate was drawn from the deck.
Player2 discarded estate
province was drawn from the deck.
Player2 discarded province
copper was drawn from the deck.
gardens was drawn from the deck.
Player2 discarded gardens
copper was drawn from the deck.
Player2 bought duchy

Player1 is now starting a turn.
copper was drawn from the deck.
gold was drawn from the deck.
adventurer was drawn from the deck.
province was drawn from the deck.
copper was drawn from the deck.
Playing action card: adventurer
duchy was drawn from the deck.
Player1 discarded duchy
curse was drawn from the deck.
Player1 discarded curse
province was drawn from the deck.
Player1 discarded province
estate was drawn from the deck.
Player1 discarded estate
copper was drawn from the deck.
curse was drawn from the deck.
Player1 discarded curse
gold was drawn from the deck.
Player1 bought province

Player2 is now starting a turn.
estate was drawn from the deck.
copper was drawn from the deck.
curse was drawn from the deck.
estate was drawn from the deck.
copper was drawn from the deck.
Player2 bought smithy

Player1 is now starting a turn.
estate was drawn from the deck.
copper was drawn from the deck.
gardens was drawn from the deck.
mine was drawn from the deck.
gold was drawn from the deck.
Playing action card: mine
Player1 gained gold
Player1 bought province

Player2 is now starting a turn.
estate was drawn from the deck.
duchy was drawn from the deck.
gold was drawn from the deck.
curse was drawn from the deck.
Shuffling Player2&apos;s deck.
estate was drawn from the deck.
Player2 bought mine

Player1 is now starting a turn.
gold was drawn from the deck.
curse was drawn from the deck.
seahag was drawn from the deck.
copper was drawn from the deck.
gold was drawn from the deck.
Playing action card: seahag
estate was drawn from the deck.
Player2 discarded estate
Player2 gained curse to top of deck.
Player1 bought gold

Player2 is now starting a turn.
curse was drawn from the deck.
curse was drawn from the deck.
province was drawn from the deck.
duchy was drawn from the deck.
copper was drawn from the deck.
Player2 bought copper

Player1 is now starting a turn.
Shuffling Player1&apos;s deck.
gold was drawn from the deck.
gold was drawn from the deck.
seahag was drawn from the deck.
province was drawn from the deck.
copper was drawn from the deck.
Playing action card: seahag
gold was drawn from the deck.
Player2 discarded gold
Player2 gained curse to top of deck.
Player1 bought gold

Player2 is now starting a turn.
curse was drawn from the deck.
ambassador was drawn from the deck.
copper was drawn from the deck.
gold was drawn from the deck.
ambassador was drawn from the deck.
Playing action card: ambassador
Player2 returned 0 copies of copper
Player1 gained copper
Player2 bought gardens

Player1 is now starting a turn.
province was drawn from the deck.
estate was drawn from the deck.
copper was drawn from the deck.
gardens was drawn from the deck.
silver was drawn from the deck.
Player1 bought seahag

Player2 is now starting a turn.
copper was drawn from the deck.
adventurer was drawn from the deck.
estate was drawn from the deck.
curse was drawn from the deck.
estate was drawn from the deck.
Playing action card: adventurer
copper was drawn from the deck.
curse was drawn from the deck.
Player2 discarded curse
gardens was drawn from the deck.
Player2 discarded gardens
curse was drawn from the deck.
Player2 discarded curse
gardens was drawn from the deck.
Player2 discarded gardens
adventurer was drawn from the deck.
Player2 discarded adventurer
copper was drawn from the deck.
Player2 bought mine

Player1 is now starting a turn.
adventurer was drawn from the deck.
village was drawn from the deck.
duchy was drawn from the deck.
duchy was drawn from the deck.
curse was drawn from the deck.
Playing action card: adventurer
curse was drawn from the deck.
Player1 discarded curse
curse was drawn from the deck.
Player1 discarded curse
province was drawn from the deck.
Player1 discarded province
copper was drawn from the deck.
copper was drawn from the deck.
Player1 bought embargo

Player2 is now starting a turn.
mine was drawn from the deck.
estate was drawn from the deck.
duchy was drawn from the deck.
embargo was drawn from the deck.
adventurer was drawn from the deck.
Playing action card: mine
Player2 bought copper

Player1 is now starting a turn.
gold was drawn from the deck.
gold was drawn from the deck.
cutpurse was drawn from the deck.
estate was drawn from the deck.
duchy was drawn from the deck.
Playing action card: cutpurse
Player2 had no coppers to discard. 
Player1 bought province

Player2 is now starting a turn.
copper was drawn from the deck.
copper was drawn from the deck.
smithy was drawn from the deck.
Shuffling Player2&apos;s deck.
adventurer was drawn from the deck.
adventurer was drawn from the deck.
Playing action card: adventurer
gold was drawn from the deck.
adventurer was drawn from the deck.
Player2 discarded adventurer
embargo was drawn from the deck.
Player2 discarded embargo
province was drawn from the deck.
Player2 discarded province
duchy was drawn from the deck.
Player2 discarded duchy
gold was drawn from the deck.
Player2 bought province

Player1 is now starting a turn.
gold was drawn from the deck.
province was drawn from the deck.
mine was drawn from the deck.
gold was drawn from the deck.
curse was drawn from the deck.
Playing action card: mine
Player1 gained gold
Player1 bought province
GAME OVER! Province card pile is empty. 
Player1: 1212
Player2: 1655
Player1 had no coppers to discard. 
Player2 had no coppers to discard. 
Player1 gained embargo
Player2 gained embargo
hi! gained great_hall
Shuffling hi!&apos;s deck.
copper was drawn from the deck.
Player1 had no coppers to discard. 
Player2 had no coppers to discard. 
</system-out>
  </testcase>
  <testcase classname="RegressionTest" name="test358" time="0.01"/>
  <testcase classname="RegressionTest" name="test359" time="0"/>
  <testcase classname="RegressionTest" name="test360" time="0"/>
  <testcase classname="RegressionTest" name="test361" time="0.001">
    <failure message="&apos;curse&apos; != &apos;copper&apos;" type="java.lang.AssertionError">java.lang.AssertionError: &apos;curse&apos; != &apos;copper&apos;
	at org.junit.Assert.fail(Assert.java:88)
	at org.junit.Assert.assertTrue(Assert.java:41)
	at RegressionTest.test361(RegressionTest.java:24070)
	at sun.reflect.NativeMethodAccessorImpl.invoke0(Native Method)
	at sun.reflect.NativeMethodAccessorImpl.invoke(NativeMethodAccessorImpl.java:62)
	at sun.reflect.DelegatingMethodAccessorImpl.invoke(DelegatingMethodAccessorImpl.java:43)
	at java.lang.reflect.Method.invoke(Method.java:498)
	at org.junit.runners.model.FrameworkMethod$1.runReflectiveCall(FrameworkMethod.java:47)
	at org.junit.internal.runners.model.ReflectiveCallable.run(ReflectiveCallable.java:12)
	at org.junit.runners.model.FrameworkMethod.invokeExplosively(FrameworkMethod.java:44)
	at org.junit.internal.runners.statements.InvokeMethod.evaluate(InvokeMethod.java:17)
	at org.junit.runners.ParentRunner.runLeaf(ParentRunner.java:271)
	at org.junit.runners.BlockJUnit4ClassRunner.runChild(BlockJUnit4ClassRunner.java:70)
	at org.junit.runners.BlockJUnit4ClassRunner.runChild(BlockJUnit4ClassRunner.java:50)
	at org.junit.runners.ParentRunner$3.run(ParentRunner.java:238)
	at org.junit.runners.ParentRunner$1.schedule(ParentRunner.java:63)
	at org.junit.runners.ParentRunner.runChildren(ParentRunner.java:236)
	at org.junit.runners.ParentRunner.access$000(ParentRunner.java:53)
	at org.junit.runners.ParentRunner$2.evaluate(ParentRunner.java:229)
	at org.junit.runners.ParentRunner.run(ParentRunner.java:309)
	at org.apache.maven.surefire.junit4.JUnit4Provider.execute(JUnit4Provider.java:252)
	at org.apache.maven.surefire.junit4.JUnit4Provider.executeTestSet(JUnit4Provider.java:141)
	at org.apache.maven.surefire.junit4.JUnit4Provider.invoke(JUnit4Provider.java:112)
	at sun.reflect.NativeMethodAccessorImpl.invoke0(Native Method)
	at sun.reflect.NativeMethodAccessorImpl.invoke(NativeMethodAccessorImpl.java:62)
	at sun.reflect.DelegatingMethodAccessorImpl.invoke(DelegatingMethodAccessorImpl.java:43)
	at java.lang.reflect.Method.invoke(Method.java:498)
	at org.apache.maven.surefire.util.ReflectionUtils.invokeMethodWithArray(ReflectionUtils.java:189)
	at org.apache.maven.surefire.booter.ProviderFactory$ProviderProxy.invoke(ProviderFactory.java:165)
	at org.apache.maven.surefire.booter.ProviderFactory.invokeProvider(ProviderFactory.java:85)
	at org.apache.maven.surefire.booter.ForkedBooter.runSuitesInProcess(ForkedBooter.java:115)
	at org.apache.maven.surefire.booter.ForkedBooter.main(ForkedBooter.java:75)
</failure>
    <system-out>Shuffling Player1&apos;s deck.
copper was drawn from the deck.
Player1 discarded copper
Player1 gained curse to top of deck.
Shuffling Player2&apos;s deck.
copper was drawn from the deck.
Player2 discarded copper
Player2 gained curse to top of deck.
</system-out>
  </testcase>
  <testcase classname="RegressionTest" name="test362" time="0.01"/>
  <testcase classname="RegressionTest" name="test363" time="0"/>
  <testcase classname="RegressionTest" name="test364" time="0"/>
  <testcase classname="RegressionTest" name="test365" time="0"/>
  <testcase classname="RegressionTest" name="test366" time="0.014"/>
  <testcase classname="RegressionTest" name="test367" time="0">
    <failure type="java.lang.AssertionError">java.lang.AssertionError
	at org.junit.Assert.fail(Assert.java:86)
	at org.junit.Assert.assertTrue(Assert.java:41)
	at org.junit.Assert.assertTrue(Assert.java:52)
	at RegressionTest.test367(RegressionTest.java:24438)
	at sun.reflect.NativeMethodAccessorImpl.invoke0(Native Method)
	at sun.reflect.NativeMethodAccessorImpl.invoke(NativeMethodAccessorImpl.java:62)
	at sun.reflect.DelegatingMethodAccessorImpl.invoke(DelegatingMethodAccessorImpl.java:43)
	at java.lang.reflect.Method.invoke(Method.java:498)
	at org.junit.runners.model.FrameworkMethod$1.runReflectiveCall(FrameworkMethod.java:47)
	at org.junit.internal.runners.model.ReflectiveCallable.run(ReflectiveCallable.java:12)
	at org.junit.runners.model.FrameworkMethod.invokeExplosively(FrameworkMethod.java:44)
	at org.junit.internal.runners.statements.InvokeMethod.evaluate(InvokeMethod.java:17)
	at org.junit.runners.ParentRunner.runLeaf(ParentRunner.java:271)
	at org.junit.runners.BlockJUnit4ClassRunner.runChild(BlockJUnit4ClassRunner.java:70)
	at org.junit.runners.BlockJUnit4ClassRunner.runChild(BlockJUnit4ClassRunner.java:50)
	at org.junit.runners.ParentRunner$3.run(ParentRunner.java:238)
	at org.junit.runners.ParentRunner$1.schedule(ParentRunner.java:63)
	at org.junit.runners.ParentRunner.runChildren(ParentRunner.java:236)
	at org.junit.runners.ParentRunner.access$000(ParentRunner.java:53)
	at org.junit.runners.ParentRunner$2.evaluate(ParentRunner.java:229)
	at org.junit.runners.ParentRunner.run(ParentRunner.java:309)
	at org.apache.maven.surefire.junit4.JUnit4Provider.execute(JUnit4Provider.java:252)
	at org.apache.maven.surefire.junit4.JUnit4Provider.executeTestSet(JUnit4Provider.java:141)
	at org.apache.maven.surefire.junit4.JUnit4Provider.invoke(JUnit4Provider.java:112)
	at sun.reflect.NativeMethodAccessorImpl.invoke0(Native Method)
	at sun.reflect.NativeMethodAccessorImpl.invoke(NativeMethodAccessorImpl.java:62)
	at sun.reflect.DelegatingMethodAccessorImpl.invoke(DelegatingMethodAccessorImpl.java:43)
	at java.lang.reflect.Method.invoke(Method.java:498)
	at org.apache.maven.surefire.util.ReflectionUtils.invokeMethodWithArray(ReflectionUtils.java:189)
	at org.apache.maven.surefire.booter.ProviderFactory$ProviderProxy.invoke(ProviderFactory.java:165)
	at org.apache.maven.surefire.booter.ProviderFactory.invokeProvider(ProviderFactory.java:85)
	at org.apache.maven.surefire.booter.ForkedBooter.runSuitesInProcess(ForkedBooter.java:115)
	at org.apache.maven.surefire.booter.ForkedBooter.main(ForkedBooter.java:75)
</failure>
    <system-out>hi! gained curse
</system-out>
  </testcase>
  <testcase classname="RegressionTest" name="test368" time="0"/>
  <testcase classname="RegressionTest" name="test369" time="0.015">
    <failure message="&apos;curse&apos; != &apos;copper&apos;" type="java.lang.AssertionError">java.lang.AssertionError: &apos;curse&apos; != &apos;copper&apos;
	at org.junit.Assert.fail(Assert.java:88)
	at org.junit.Assert.assertTrue(Assert.java:41)
	at RegressionTest.test369(RegressionTest.java:24626)
	at sun.reflect.NativeMethodAccessorImpl.invoke0(Native Method)
	at sun.reflect.NativeMethodAccessorImpl.invoke(NativeMethodAccessorImpl.java:62)
	at sun.reflect.DelegatingMethodAccessorImpl.invoke(DelegatingMethodAccessorImpl.java:43)
	at java.lang.reflect.Method.invoke(Method.java:498)
	at org.junit.runners.model.FrameworkMethod$1.runReflectiveCall(FrameworkMethod.java:47)
	at org.junit.internal.runners.model.ReflectiveCallable.run(ReflectiveCallable.java:12)
	at org.junit.runners.model.FrameworkMethod.invokeExplosively(FrameworkMethod.java:44)
	at org.junit.internal.runners.statements.InvokeMethod.evaluate(InvokeMethod.java:17)
	at org.junit.runners.ParentRunner.runLeaf(ParentRunner.java:271)
	at org.junit.runners.BlockJUnit4ClassRunner.runChild(BlockJUnit4ClassRunner.java:70)
	at org.junit.runners.BlockJUnit4ClassRunner.runChild(BlockJUnit4ClassRunner.java:50)
	at org.junit.runners.ParentRunner$3.run(ParentRunner.java:238)
	at org.junit.runners.ParentRunner$1.schedule(ParentRunner.java:63)
	at org.junit.runners.ParentRunner.runChildren(ParentRunner.java:236)
	at org.junit.runners.ParentRunner.access$000(ParentRunner.java:53)
	at org.junit.runners.ParentRunner$2.evaluate(ParentRunner.java:229)
	at org.junit.runners.ParentRunner.run(ParentRunner.java:309)
	at org.apache.maven.surefire.junit4.JUnit4Provider.execute(JUnit4Provider.java:252)
	at org.apache.maven.surefire.junit4.JUnit4Provider.executeTestSet(JUnit4Provider.java:141)
	at org.apache.maven.surefire.junit4.JUnit4Provider.invoke(JUnit4Provider.java:112)
	at sun.reflect.NativeMethodAccessorImpl.invoke0(Native Method)
	at sun.reflect.NativeMethodAccessorImpl.invoke(NativeMethodAccessorImpl.java:62)
	at sun.reflect.DelegatingMethodAccessorImpl.invoke(DelegatingMethodAccessorImpl.java:43)
	at java.lang.reflect.Method.invoke(Method.java:498)
	at org.apache.maven.surefire.util.ReflectionUtils.invokeMethodWithArray(ReflectionUtils.java:189)
	at org.apache.maven.surefire.booter.ProviderFactory$ProviderProxy.invoke(ProviderFactory.java:165)
	at org.apache.maven.surefire.booter.ProviderFactory.invokeProvider(ProviderFactory.java:85)
	at org.apache.maven.surefire.booter.ForkedBooter.runSuitesInProcess(ForkedBooter.java:115)
	at org.apache.maven.surefire.booter.ForkedBooter.main(ForkedBooter.java:75)
</failure>
    <system-out>hi! gained curse

STARTING NEW GAME!

Player1 is now starting a turn.
Shuffling Player1&apos;s deck.
copper was drawn from the deck.
copper was drawn from the deck.
estate was drawn from the deck.
copper was drawn from the deck.
estate was drawn from the deck.
Player1 gained curse card because of embargo token.
Player1 gained curse
Player1 gained curse card because of embargo token.
Player1 gained curse
Player1 gained curse card because of embargo token.
Player1 gained curse
Player1 bought duchy

Player2 is now starting a turn.
Shuffling Player2&apos;s deck.
copper was drawn from the deck.
copper was drawn from the deck.
estate was drawn from the deck.
copper was drawn from the deck.
copper was drawn from the deck.
Player2 gained curse card because of embargo token.
Player2 gained curse
Player2 gained curse card because of embargo token.
Player2 gained curse
Player2 gained curse card because of embargo token.
Player2 gained curse
Player2 bought duchy

Player1 is now starting a turn.
copper was drawn from the deck.
estate was drawn from the deck.
copper was drawn from the deck.
copper was drawn from the deck.
copper was drawn from the deck.
Player1 gained curse card because of embargo token.
Player1 gained curse
Player1 gained curse card because of embargo token.
Player1 gained curse
Player1 gained curse card because of embargo token.
Player1 gained curse
Player1 gained curse card because of embargo token.
Player1 gained curse
Player1 bought mine

Player2 is now starting a turn.
copper was drawn from the deck.
copper was drawn from the deck.
estate was drawn from the deck.
estate was drawn from the deck.
copper was drawn from the deck.
Player2 bought mine

Player1 is now starting a turn.
Shuffling Player1&apos;s deck.
curse was drawn from the deck.
curse was drawn from the deck.
curse was drawn from the deck.
copper was drawn from the deck.
estate was drawn from the deck.
Player1 bought embargo

Player2 is now starting a turn.
Shuffling Player2&apos;s deck.
curse was drawn from the deck.
curse was drawn from the deck.
copper was drawn from the deck.
estate was drawn from the deck.
estate was drawn from the deck.
Player2 bought ambassador

Player1 is now starting a turn.
copper was drawn from the deck.
curse was drawn from the deck.
copper was drawn from the deck.
copper was drawn from the deck.
copper was drawn from the deck.
Player1 bought gardens

Player2 is now starting a turn.
copper was drawn from the deck.
mine was drawn from the deck.
copper was drawn from the deck.
copper was drawn from the deck.
duchy was drawn from the deck.
Playing action card: mine
Player2 gained gold
Player2 bought adventurer

Player1 is now starting a turn.
curse was drawn from the deck.
duchy was drawn from the deck.
copper was drawn from the deck.
curse was drawn from the deck.
mine was drawn from the deck.
Playing action card: mine
Player1 gained gold
Player1 bought smithy

Player2 is now starting a turn.
copper was drawn from the deck.
estate was drawn from the deck.
curse was drawn from the deck.
copper was drawn from the deck.
copper was drawn from the deck.
Player2 bought gardens

Player1 is now starting a turn.
estate was drawn from the deck.
copper was drawn from the deck.
curse was drawn from the deck.
estate was drawn from the deck.
Shuffling Player1&apos;s deck.
curse was drawn from the deck.
Player1 bought ambassador

Player2 is now starting a turn.
Shuffling Player2&apos;s deck.
gold was drawn from the deck.
estate was drawn from the deck.
ambassador was drawn from the deck.
copper was drawn from the deck.
copper was drawn from the deck.
Playing action card: ambassador
Player2 returned 0 copies of copper
Player1 gained copper
Player2 bought gold

Player1 is now starting a turn.
copper was drawn from the deck.
gold was drawn from the deck.
mine was drawn from the deck.
curse was drawn from the deck.
smithy was drawn from the deck.
Playing action card: mine
Player1 gained gold
Player1 bought gold

Player2 is now starting a turn.
duchy was drawn from the deck.
adventurer was drawn from the deck.
copper was drawn from the deck.
estate was drawn from the deck.
copper was drawn from the deck.
Playing action card: adventurer
copper was drawn from the deck.
estate was drawn from the deck.
Player2 discarded estate
curse was drawn from the deck.
Player2 discarded curse
copper was drawn from the deck.
Player2 bought duchy

Player1 is now starting a turn.
copper was drawn from the deck.
curse was drawn from the deck.
copper was drawn from the deck.
curse was drawn from the deck.
curse was drawn from the deck.
Player1 bought embargo

Player2 is now starting a turn.
curse was drawn from the deck.
gardens was drawn from the deck.
curse was drawn from the deck.
mine was drawn from the deck.
copper was drawn from the deck.
Playing action card: mine
Player2 gained gold
Player2 bought seahag

Player1 is now starting a turn.
estate was drawn from the deck.
duchy was drawn from the deck.
copper was drawn from the deck.
curse was drawn from the deck.
copper was drawn from the deck.
Player1 bought village

Player2 is now starting a turn.
Shuffling Player2&apos;s deck.
estate was drawn from the deck.
curse was drawn from the deck.
estate was drawn from the deck.
ambassador was drawn from the deck.
copper was drawn from the deck.
Playing action card: ambassador
Player2 returned 1 copies of estate
Player1 gained estate
Player2 bought estate

Player1 is now starting a turn.
embargo was drawn from the deck.
gardens was drawn from the deck.
copper was drawn from the deck.
Shuffling Player1&apos;s deck.
estate was drawn from the deck.
curse was drawn from the deck.
Playing action card: embargo
Player1 added embargo token to gardens supply pile.
Player1 bought seahag

Player2 is now starting a turn.
copper was drawn from the deck.
adventurer was drawn from the deck.
copper was drawn from the deck.
duchy was drawn from the deck.
seahag was drawn from the deck.
Playing action card: adventurer
gold was drawn from the deck.
gardens was drawn from the deck.
Player2 discarded gardens
estate was drawn from the deck.
Player2 discarded estate
copper was drawn from the deck.
Player2 bought gold

Player1 is now starting a turn.
copper was drawn from the deck.
smithy was drawn from the deck.
copper was drawn from the deck.
mine was drawn from the deck.
copper was drawn from the deck.
Playing action card: mine
Player1 gained gold
Player1 bought adventurer

Player2 is now starting a turn.
curse was drawn from the deck.
mine was drawn from the deck.
gold was drawn from the deck.
curse was drawn from the deck.
copper was drawn from the deck.
Playing action card: mine
Player2 gained gold
Player2 bought gold

Player1 is now starting a turn.
curse was drawn from the deck.
estate was drawn from the deck.
gold was drawn from the deck.
curse was drawn from the deck.
copper was drawn from the deck.
Player1 bought duchy

Player2 is now starting a turn.
gold was drawn from the deck.
copper was drawn from the deck.
copper was drawn from the deck.
duchy was drawn from the deck.
Shuffling Player2&apos;s deck.
estate was drawn from the deck.
Player2 bought gold

Player1 is now starting a turn.
gold was drawn from the deck.
estate was drawn from the deck.
curse was drawn from the deck.
village was drawn from the deck.
ambassador was drawn from the deck.
Playing action card: village
duchy was drawn from the deck.
Playing action card: ambassador
Player1 returned 0 copies of curse
Player1 bought gardens

Player2 is now starting a turn.
gold was drawn from the deck.
copper was drawn from the deck.
gardens was drawn from the deck.
gold was drawn from the deck.
ambassador was drawn from the deck.
Playing action card: ambassador
Player2 returned 0 copies of copper
Player1 gained copper
Player2 bought adventurer

Player1 is now starting a turn.
copper was drawn from the deck.
gold was drawn from the deck.
estate was drawn from the deck.
curse was drawn from the deck.
embargo was drawn from the deck.
Playing action card: embargo
Player1 added embargo token to cutpurse supply pile.
Player1 bought adventurer

Player2 is now starting a turn.
adventurer was drawn from the deck.
curse was drawn from the deck.
curse was drawn from the deck.
copper was drawn from the deck.
gold was drawn from the deck.
Playing action card: adventurer
mine was drawn from the deck.
Player2 discarded mine
copper was drawn from the deck.
gold was drawn from the deck.
Player2 bought province

Player1 is now starting a turn.
curse was drawn from the deck.
copper was drawn from the deck.
curse was drawn from the deck.
copper was drawn from the deck.
Shuffling Player1&apos;s deck.
curse was drawn from the deck.
Player1 bought embargo

Player2 is now starting a turn.
curse was drawn from the deck.
copper was drawn from the deck.
seahag was drawn from the deck.
estate was drawn from the deck.
estate was drawn from the deck.
Playing action card: seahag
gold was drawn from the deck.
Player1 discarded gold
Player1 gained curse to top of deck.
Player2 bought silver

Player1 is now starting a turn.
curse was drawn from the deck.
copper was drawn from the deck.
village was drawn from the deck.
curse was drawn from the deck.
mine was drawn from the deck.
Playing action card: village
curse was drawn from the deck.
Playing action card: mine
Player1 gained gold
Player1 bought cutpurse

Player2 is now starting a turn.
gold was drawn from the deck.
copper was drawn from the deck.
duchy was drawn from the deck.
Shuffling Player2&apos;s deck.
adventurer was drawn from the deck.
gold was drawn from the deck.
Playing action card: adventurer
province was drawn from the deck.
Player2 discarded province
mine was drawn from the deck.
Player2 discarded mine
gold was drawn from the deck.
curse was drawn from the deck.
Player2 discarded curse
seahag was drawn from the deck.
Player2 discarded seahag
gold was drawn from the deck.
Player2 bought province

Player1 is now starting a turn.
estate was drawn from the deck.
estate was drawn from the deck.
gold was drawn from the deck.
curse was drawn from the deck.
embargo was drawn from the deck.
Playing action card: embargo
Player1 added embargo token to ambassador supply pile.
Player1 bought gold

Player2 is now starting a turn.
ambassador was drawn from the deck.
duchy was drawn from the deck.
estate was drawn from the deck.
copper was drawn from the deck.
silver was drawn from the deck.
Playing action card: ambassador
Player2 returned 0 copies of estate
Player1 gained estate
Player2 bought seahag

Player1 is now starting a turn.
gold was drawn from the deck.
copper was drawn from the deck.
gold was drawn from the deck.
copper was drawn from the deck.
copper was drawn from the deck.
Player1 bought province

Player2 is now starting a turn.
curse was drawn from the deck.
copper was drawn from the deck.
copper was drawn from the deck.
copper was drawn from the deck.
gold was drawn from the deck.
Player2 bought gold

Player1 is now starting a turn.
duchy was drawn from the deck.
copper was drawn from the deck.
estate was drawn from the deck.
copper was drawn from the deck.
adventurer was drawn from the deck.
Playing action card: adventurer
duchy was drawn from the deck.
Player1 discarded duchy
smithy was drawn from the deck.
Player1 discarded smithy
ambassador was drawn from the deck.
Player1 discarded ambassador
gardens was drawn from the deck.
Player1 discarded gardens
adventurer was drawn from the deck.
Player1 discarded adventurer
gardens was drawn from the deck.
Player1 discarded gardens
seahag was drawn from the deck.
Player1 discarded seahag
estate was drawn from the deck.
Player1 discarded estate
copper was drawn from the deck.
curse was drawn from the deck.
Player1 discarded curse
embargo was drawn from the deck.
Player1 discarded embargo
Player1 bought seahag

Player2 is now starting a turn.
estate was drawn from the deck.
copper was drawn from the deck.
copper was drawn from the deck.
curse was drawn from the deck.
estate was drawn from the deck.
Player2 bought seahag

Player1 is now starting a turn.
Shuffling Player1&apos;s deck.
curse was drawn from the deck.
gold was drawn from the deck.
embargo was drawn from the deck.
copper was drawn from the deck.
estate was drawn from the deck.
Playing action card: embargo
Player1 added embargo token to gardens supply pile.
Player1 bought gold

Player2 is now starting a turn.
adventurer was drawn from the deck.
gardens was drawn from the deck.
gold was drawn from the deck.
gold was drawn from the deck.
Shuffling Player2&apos;s deck.
silver was drawn from the deck.
Playing action card: adventurer
curse was drawn from the deck.
Player2 discarded curse
adventurer was drawn from the deck.
Player2 discarded adventurer
estate was drawn from the deck.
Player2 discarded estate
seahag was drawn from the deck.
Player2 discarded seahag
gold was drawn from the deck.
gold was drawn from the deck.
Player2 bought province

Player1 is now starting a turn.
copper was drawn from the deck.
estate was drawn from the deck.
copper was drawn from the deck.
gold was drawn from the deck.
ambassador was drawn from the deck.
Playing action card: ambassador
Player1 returned 0 copies of copper
Player2 gained copper
Player1 bought gold

Player2 is now starting a turn.
copper was drawn from the deck.
province was drawn from the deck.
copper was drawn from the deck.
curse was drawn from the deck.
copper was drawn from the deck.
Player2 bought village

Player1 is now starting a turn.
embargo was drawn from the deck.
adventurer was drawn from the deck.
curse was drawn from the deck.
province was drawn from the deck.
curse was drawn from the deck.
Playing action card: embargo
Player1 added embargo token to smithy supply pile.
Player1 bought estate

Player2 is now starting a turn.
estate was drawn from the deck.
curse was drawn from the deck.
gold was drawn from the deck.
seahag was drawn from the deck.
gold was drawn from the deck.
Playing action card: seahag
estate was drawn from the deck.
Player1 discarded estate
Player1 gained curse to top of deck.
Player2 bought gold

Player1 is now starting a turn.
curse was drawn from the deck.
cutpurse was drawn from the deck.
copper was drawn from the deck.
curse was drawn from the deck.
gardens was drawn from the deck.
Playing action card: cutpurse
Player2 had no coppers to discard. 
Player1 bought great_hall

Player2 is now starting a turn.
mine was drawn from the deck.
gold was drawn from the deck.
estate was drawn from the deck.
gold was drawn from the deck.
duchy was drawn from the deck.
Playing action card: mine
Player2 gained gold
Player2 bought province

Player1 is now starting a turn.
gardens was drawn from the deck.
mine was drawn from the deck.
copper was drawn from the deck.
duchy was drawn from the deck.
seahag was drawn from the deck.
Playing action card: seahag
copper was drawn from the deck.
Player2 discarded copper
Player2 gained curse to top of deck.
Player1 bought copper

Player2 is now starting a turn.
curse was drawn from the deck.
copper was drawn from the deck.
province was drawn from the deck.
seahag was drawn from the deck.
copper was drawn from the deck.
Playing action card: seahag
embargo was drawn from the deck.
Player1 discarded embargo
Player1 gained curse to top of deck.
Player2 bought embargo

Player1 is now starting a turn.
curse was drawn from the deck.
estate was drawn from the deck.
village was drawn from the deck.
copper was drawn from the deck.
curse was drawn from the deck.
Playing action card: village
gold was drawn from the deck.
Player1 bought mine

Player2 is now starting a turn.
ambassador was drawn from the deck.
duchy was drawn from the deck.
copper was drawn from the deck.
Shuffling Player2&apos;s deck.
copper was drawn from the deck.
adventurer was drawn from the deck.
Playing action card: adventurer
gardens was drawn from the deck.
Player2 discarded gardens
curse was drawn from the deck.
Player2 discarded curse
gold was drawn from the deck.
gold was drawn from the deck.
Player2 bought province

Player1 is now starting a turn.
duchy was drawn from the deck.
copper was drawn from the deck.
copper was drawn from the deck.
gold was drawn from the deck.
adventurer was drawn from the deck.
Playing action card: adventurer
smithy was drawn from the deck.
Player1 discarded smithy
gold was drawn from the deck.
copper was drawn from the deck.
Player1 bought province

Player2 is now starting a turn.
copper was drawn from the deck.
seahag was drawn from the deck.
copper was drawn from the deck.
estate was drawn from the deck.
curse was drawn from the deck.
Playing action card: seahag
curse was drawn from the deck.
Player1 discarded curse
Player1 gained curse to top of deck.
Player2 bought village

Player1 is now starting a turn.
curse was drawn from the deck.
curse was drawn from the deck.
estate was drawn from the deck.
gold was drawn from the deck.
seahag was drawn from the deck.
Playing action card: seahag
mine was drawn from the deck.
Player2 discarded mine
Player2 gained curse to top of deck.
Player1 bought gardens

Player2 is now starting a turn.
curse was drawn from the deck.
estate was drawn from the deck.
copper was drawn from the deck.
gold was drawn from the deck.
embargo was drawn from the deck.
Playing action card: embargo
Player2 added embargo token to adventurer supply pile.
Player2 bought adventurer

Player1 is now starting a turn.
curse was drawn from the deck.
Shuffling Player1&apos;s deck.
curse was drawn from the deck.
curse was drawn from the deck.
adventurer was drawn from the deck.
gold was drawn from the deck.
Playing action card: adventurer
estate was drawn from the deck.
Player1 discarded estate
curse was drawn from the deck.
Player1 discarded curse
curse was drawn from the deck.
Player1 discarded curse
ambassador was drawn from the deck.
Player1 discarded ambassador
embargo was drawn from the deck.
Player1 discarded embargo
embargo was drawn from the deck.
Player1 discarded embargo
cutpurse was drawn from the deck.
Player1 discarded cutpurse
curse was drawn from the deck.
Player1 discarded curse
copper was drawn from the deck.
estate was drawn from the deck.
Player1 discarded estate
gold was drawn from the deck.
Player1 bought gold

Player2 is now starting a turn.
seahag was drawn from the deck.
gold was drawn from the deck.
copper was drawn from the deck.
estate was drawn from the deck.
silver was drawn from the deck.
Playing action card: seahag
copper was drawn from the deck.
Player1 discarded copper
Player1 gained curse to top of deck.
Player2 bought gold

Player1 is now starting a turn.
curse was drawn from the deck.
copper was drawn from the deck.
seahag was drawn from the deck.
gold was drawn from the deck.
duchy was drawn from the deck.
Playing action card: seahag
gold was drawn from the deck.
Player2 discarded gold
Player2 gained curse to top of deck.
Player1 bought cutpurse

Player2 is now starting a turn.
curse was drawn from the deck.
curse was drawn from the deck.
province was drawn from the deck.
gold was drawn from the deck.
gold was drawn from the deck.
Player2 bought adventurer

Player1 is now starting a turn.
province was drawn from the deck.
great_hall was drawn from the deck.
gold was drawn from the deck.
copper was drawn from the deck.
gold was drawn from the deck.
Playing action card: great_hall
estate was drawn from the deck.
Player1 bought province
GAME OVER! Province card pile is empty. 
Player1: 2493
Player2: 1372
Player1: 2493
Player2: 1372
hi! gained gardens to top of deck.
hi! gained seahag to top of deck.
</system-out>
  </testcase>
  <testcase classname="RegressionTest" name="test370" time="0"/>
  <testcase classname="RegressionTest" name="test371" time="0.013"/>
  <testcase classname="RegressionTest" name="test372" time="0.027">
    <failure message="&apos;curse&apos; != &apos;copper&apos;" type="java.lang.AssertionError">java.lang.AssertionError: &apos;curse&apos; != &apos;copper&apos;
	at org.junit.Assert.fail(Assert.java:88)
	at org.junit.Assert.assertTrue(Assert.java:41)
	at RegressionTest.test372(RegressionTest.java:24992)
	at sun.reflect.NativeMethodAccessorImpl.invoke0(Native Method)
	at sun.reflect.NativeMethodAccessorImpl.invoke(NativeMethodAccessorImpl.java:62)
	at sun.reflect.DelegatingMethodAccessorImpl.invoke(DelegatingMethodAccessorImpl.java:43)
	at java.lang.reflect.Method.invoke(Method.java:498)
	at org.junit.runners.model.FrameworkMethod$1.runReflectiveCall(FrameworkMethod.java:47)
	at org.junit.internal.runners.model.ReflectiveCallable.run(ReflectiveCallable.java:12)
	at org.junit.runners.model.FrameworkMethod.invokeExplosively(FrameworkMethod.java:44)
	at org.junit.internal.runners.statements.InvokeMethod.evaluate(InvokeMethod.java:17)
	at org.junit.runners.ParentRunner.runLeaf(ParentRunner.java:271)
	at org.junit.runners.BlockJUnit4ClassRunner.runChild(BlockJUnit4ClassRunner.java:70)
	at org.junit.runners.BlockJUnit4ClassRunner.runChild(BlockJUnit4ClassRunner.java:50)
	at org.junit.runners.ParentRunner$3.run(ParentRunner.java:238)
	at org.junit.runners.ParentRunner$1.schedule(ParentRunner.java:63)
	at org.junit.runners.ParentRunner.runChildren(ParentRunner.java:236)
	at org.junit.runners.ParentRunner.access$000(ParentRunner.java:53)
	at org.junit.runners.ParentRunner$2.evaluate(ParentRunner.java:229)
	at org.junit.runners.ParentRunner.run(ParentRunner.java:309)
	at org.apache.maven.surefire.junit4.JUnit4Provider.execute(JUnit4Provider.java:252)
	at org.apache.maven.surefire.junit4.JUnit4Provider.executeTestSet(JUnit4Provider.java:141)
	at org.apache.maven.surefire.junit4.JUnit4Provider.invoke(JUnit4Provider.java:112)
	at sun.reflect.NativeMethodAccessorImpl.invoke0(Native Method)
	at sun.reflect.NativeMethodAccessorImpl.invoke(NativeMethodAccessorImpl.java:62)
	at sun.reflect.DelegatingMethodAccessorImpl.invoke(DelegatingMethodAccessorImpl.java:43)
	at java.lang.reflect.Method.invoke(Method.java:498)
	at org.apache.maven.surefire.util.ReflectionUtils.invokeMethodWithArray(ReflectionUtils.java:189)
	at org.apache.maven.surefire.booter.ProviderFactory$ProviderProxy.invoke(ProviderFactory.java:165)
	at org.apache.maven.surefire.booter.ProviderFactory.invokeProvider(ProviderFactory.java:85)
	at org.apache.maven.surefire.booter.ForkedBooter.runSuitesInProcess(ForkedBooter.java:115)
	at org.apache.maven.surefire.booter.ForkedBooter.main(ForkedBooter.java:75)
</failure>
    <system-out>Player1 had no coppers to discard. 
Player2 had no coppers to discard. 
hi! gained mine to top of deck.
mine was drawn from the deck.

STARTING NEW GAME!

Player1 is now starting a turn.
Shuffling Player1&apos;s deck.
copper was drawn from the deck.
copper was drawn from the deck.
estate was drawn from the deck.
copper was drawn from the deck.
estate was drawn from the deck.
Player1 gained curse card because of embargo token.
Player1 gained curse
Player1 gained curse card because of embargo token.
Player1 gained curse
Player1 gained curse card because of embargo token.
Player1 gained curse
Player1 bought duchy

Player2 is now starting a turn.
Shuffling Player2&apos;s deck.
copper was drawn from the deck.
copper was drawn from the deck.
estate was drawn from the deck.
copper was drawn from the deck.
copper was drawn from the deck.
Player2 gained curse card because of embargo token.
Player2 gained curse
Player2 gained curse card because of embargo token.
Player2 gained curse
Player2 gained curse card because of embargo token.
Player2 gained curse
Player2 bought duchy

Player1 is now starting a turn.
copper was drawn from the deck.
estate was drawn from the deck.
copper was drawn from the deck.
copper was drawn from the deck.
copper was drawn from the deck.
Player1 gained curse card because of embargo token.
Player1 gained curse
Player1 gained curse card because of embargo token.
Player1 gained curse
Player1 gained curse card because of embargo token.
Player1 gained curse
Player1 gained curse card because of embargo token.
Player1 gained curse
Player1 bought mine

Player2 is now starting a turn.
copper was drawn from the deck.
copper was drawn from the deck.
estate was drawn from the deck.
estate was drawn from the deck.
copper was drawn from the deck.
Player2 bought mine

Player1 is now starting a turn.
Shuffling Player1&apos;s deck.
curse was drawn from the deck.
curse was drawn from the deck.
curse was drawn from the deck.
copper was drawn from the deck.
estate was drawn from the deck.
Player1 bought embargo

Player2 is now starting a turn.
Shuffling Player2&apos;s deck.
curse was drawn from the deck.
curse was drawn from the deck.
copper was drawn from the deck.
estate was drawn from the deck.
estate was drawn from the deck.
Player2 bought ambassador

Player1 is now starting a turn.
copper was drawn from the deck.
curse was drawn from the deck.
copper was drawn from the deck.
copper was drawn from the deck.
copper was drawn from the deck.
Player1 bought gardens

Player2 is now starting a turn.
copper was drawn from the deck.
mine was drawn from the deck.
copper was drawn from the deck.
copper was drawn from the deck.
duchy was drawn from the deck.
Playing action card: mine
Player2 gained gold
Player2 bought adventurer

Player1 is now starting a turn.
curse was drawn from the deck.
duchy was drawn from the deck.
copper was drawn from the deck.
curse was drawn from the deck.
mine was drawn from the deck.
Playing action card: mine
Player1 gained gold
Player1 bought smithy

Player2 is now starting a turn.
copper was drawn from the deck.
estate was drawn from the deck.
curse was drawn from the deck.
copper was drawn from the deck.
copper was drawn from the deck.
Player2 bought gardens

Player1 is now starting a turn.
estate was drawn from the deck.
copper was drawn from the deck.
curse was drawn from the deck.
estate was drawn from the deck.
Shuffling Player1&apos;s deck.
curse was drawn from the deck.
Player1 bought ambassador

Player2 is now starting a turn.
Shuffling Player2&apos;s deck.
gold was drawn from the deck.
estate was drawn from the deck.
ambassador was drawn from the deck.
copper was drawn from the deck.
copper was drawn from the deck.
Playing action card: ambassador
Player2 returned 0 copies of copper
Player1 gained copper
Player2 bought gold

Player1 is now starting a turn.
copper was drawn from the deck.
gold was drawn from the deck.
mine was drawn from the deck.
curse was drawn from the deck.
smithy was drawn from the deck.
Playing action card: mine
Player1 gained gold
Player1 bought gold

Player2 is now starting a turn.
duchy was drawn from the deck.
adventurer was drawn from the deck.
copper was drawn from the deck.
estate was drawn from the deck.
copper was drawn from the deck.
Playing action card: adventurer
copper was drawn from the deck.
estate was drawn from the deck.
Player2 discarded estate
curse was drawn from the deck.
Player2 discarded curse
copper was drawn from the deck.
Player2 bought duchy

Player1 is now starting a turn.
copper was drawn from the deck.
curse was drawn from the deck.
copper was drawn from the deck.
curse was drawn from the deck.
curse was drawn from the deck.
Player1 bought embargo

Player2 is now starting a turn.
curse was drawn from the deck.
gardens was drawn from the deck.
curse was drawn from the deck.
mine was drawn from the deck.
copper was drawn from the deck.
Playing action card: mine
Player2 gained gold
Player2 bought seahag

Player1 is now starting a turn.
estate was drawn from the deck.
duchy was drawn from the deck.
copper was drawn from the deck.
curse was drawn from the deck.
copper was drawn from the deck.
Player1 bought village

Player2 is now starting a turn.
Shuffling Player2&apos;s deck.
estate was drawn from the deck.
curse was drawn from the deck.
estate was drawn from the deck.
ambassador was drawn from the deck.
copper was drawn from the deck.
Playing action card: ambassador
Player2 returned 1 copies of estate
Player1 gained estate
Player2 bought estate

Player1 is now starting a turn.
embargo was drawn from the deck.
gardens was drawn from the deck.
copper was drawn from the deck.
Shuffling Player1&apos;s deck.
estate was drawn from the deck.
curse was drawn from the deck.
Playing action card: embargo
Player1 added embargo token to gardens supply pile.
Player1 bought seahag

Player2 is now starting a turn.
copper was drawn from the deck.
adventurer was drawn from the deck.
copper was drawn from the deck.
duchy was drawn from the deck.
seahag was drawn from the deck.
Playing action card: adventurer
gold was drawn from the deck.
gardens was drawn from the deck.
Player2 discarded gardens
estate was drawn from the deck.
Player2 discarded estate
copper was drawn from the deck.
Player2 bought gold

Player1 is now starting a turn.
copper was drawn from the deck.
smithy was drawn from the deck.
copper was drawn from the deck.
mine was drawn from the deck.
copper was drawn from the deck.
Playing action card: mine
Player1 gained gold
Player1 bought adventurer

Player2 is now starting a turn.
curse was drawn from the deck.
mine was drawn from the deck.
gold was drawn from the deck.
curse was drawn from the deck.
copper was drawn from the deck.
Playing action card: mine
Player2 gained gold
Player2 bought gold

Player1 is now starting a turn.
curse was drawn from the deck.
estate was drawn from the deck.
gold was drawn from the deck.
curse was drawn from the deck.
copper was drawn from the deck.
Player1 bought duchy

Player2 is now starting a turn.
gold was drawn from the deck.
copper was drawn from the deck.
copper was drawn from the deck.
duchy was drawn from the deck.
Shuffling Player2&apos;s deck.
estate was drawn from the deck.
Player2 bought gold

Player1 is now starting a turn.
gold was drawn from the deck.
estate was drawn from the deck.
curse was drawn from the deck.
village was drawn from the deck.
ambassador was drawn from the deck.
Playing action card: village
duchy was drawn from the deck.
Playing action card: ambassador
Player1 returned 0 copies of curse
Player1 bought gardens

Player2 is now starting a turn.
gold was drawn from the deck.
copper was drawn from the deck.
gardens was drawn from the deck.
gold was drawn from the deck.
ambassador was drawn from the deck.
Playing action card: ambassador
Player2 returned 0 copies of copper
Player1 gained copper
Player2 bought adventurer

Player1 is now starting a turn.
copper was drawn from the deck.
gold was drawn from the deck.
estate was drawn from the deck.
curse was drawn from the deck.
embargo was drawn from the deck.
Playing action card: embargo
Player1 added embargo token to cutpurse supply pile.
Player1 bought adventurer

Player2 is now starting a turn.
adventurer was drawn from the deck.
curse was drawn from the deck.
curse was drawn from the deck.
copper was drawn from the deck.
gold was drawn from the deck.
Playing action card: adventurer
mine was drawn from the deck.
Player2 discarded mine
copper was drawn from the deck.
gold was drawn from the deck.
Player2 bought province

Player1 is now starting a turn.
curse was drawn from the deck.
copper was drawn from the deck.
curse was drawn from the deck.
copper was drawn from the deck.
Shuffling Player1&apos;s deck.
curse was drawn from the deck.
Player1 bought embargo

Player2 is now starting a turn.
curse was drawn from the deck.
copper was drawn from the deck.
seahag was drawn from the deck.
estate was drawn from the deck.
estate was drawn from the deck.
Playing action card: seahag
gold was drawn from the deck.
Player1 discarded gold
Player1 gained curse to top of deck.
Player2 bought silver

Player1 is now starting a turn.
curse was drawn from the deck.
copper was drawn from the deck.
village was drawn from the deck.
curse was drawn from the deck.
mine was drawn from the deck.
Playing action card: village
curse was drawn from the deck.
Playing action card: mine
Player1 gained gold
Player1 bought cutpurse

Player2 is now starting a turn.
gold was drawn from the deck.
copper was drawn from the deck.
duchy was drawn from the deck.
Shuffling Player2&apos;s deck.
adventurer was drawn from the deck.
gold was drawn from the deck.
Playing action card: adventurer
province was drawn from the deck.
Player2 discarded province
mine was drawn from the deck.
Player2 discarded mine
gold was drawn from the deck.
curse was drawn from the deck.
Player2 discarded curse
seahag was drawn from the deck.
Player2 discarded seahag
gold was drawn from the deck.
Player2 bought province

Player1 is now starting a turn.
estate was drawn from the deck.
estate was drawn from the deck.
gold was drawn from the deck.
curse was drawn from the deck.
embargo was drawn from the deck.
Playing action card: embargo
Player1 added embargo token to ambassador supply pile.
Player1 bought gold

Player2 is now starting a turn.
ambassador was drawn from the deck.
duchy was drawn from the deck.
estate was drawn from the deck.
copper was drawn from the deck.
silver was drawn from the deck.
Playing action card: ambassador
Player2 returned 0 copies of estate
Player1 gained estate
Player2 bought seahag

Player1 is now starting a turn.
gold was drawn from the deck.
copper was drawn from the deck.
gold was drawn from the deck.
copper was drawn from the deck.
copper was drawn from the deck.
Player1 bought province

Player2 is now starting a turn.
curse was drawn from the deck.
copper was drawn from the deck.
copper was drawn from the deck.
copper was drawn from the deck.
gold was drawn from the deck.
Player2 bought gold

Player1 is now starting a turn.
duchy was drawn from the deck.
copper was drawn from the deck.
estate was drawn from the deck.
copper was drawn from the deck.
adventurer was drawn from the deck.
Playing action card: adventurer
duchy was drawn from the deck.
Player1 discarded duchy
smithy was drawn from the deck.
Player1 discarded smithy
ambassador was drawn from the deck.
Player1 discarded ambassador
gardens was drawn from the deck.
Player1 discarded gardens
adventurer was drawn from the deck.
Player1 discarded adventurer
gardens was drawn from the deck.
Player1 discarded gardens
seahag was drawn from the deck.
Player1 discarded seahag
estate was drawn from the deck.
Player1 discarded estate
copper was drawn from the deck.
curse was drawn from the deck.
Player1 discarded curse
embargo was drawn from the deck.
Player1 discarded embargo
Player1 bought seahag

Player2 is now starting a turn.
estate was drawn from the deck.
copper was drawn from the deck.
copper was drawn from the deck.
curse was drawn from the deck.
estate was drawn from the deck.
Player2 bought seahag

Player1 is now starting a turn.
Shuffling Player1&apos;s deck.
curse was drawn from the deck.
gold was drawn from the deck.
embargo was drawn from the deck.
copper was drawn from the deck.
estate was drawn from the deck.
Playing action card: embargo
Player1 added embargo token to gardens supply pile.
Player1 bought gold

Player2 is now starting a turn.
adventurer was drawn from the deck.
gardens was drawn from the deck.
gold was drawn from the deck.
gold was drawn from the deck.
Shuffling Player2&apos;s deck.
silver was drawn from the deck.
Playing action card: adventurer
curse was drawn from the deck.
Player2 discarded curse
adventurer was drawn from the deck.
Player2 discarded adventurer
estate was drawn from the deck.
Player2 discarded estate
seahag was drawn from the deck.
Player2 discarded seahag
gold was drawn from the deck.
gold was drawn from the deck.
Player2 bought province

Player1 is now starting a turn.
copper was drawn from the deck.
estate was drawn from the deck.
copper was drawn from the deck.
gold was drawn from the deck.
ambassador was drawn from the deck.
Playing action card: ambassador
Player1 returned 0 copies of copper
Player2 gained copper
Player1 bought gold

Player2 is now starting a turn.
copper was drawn from the deck.
province was drawn from the deck.
copper was drawn from the deck.
curse was drawn from the deck.
copper was drawn from the deck.
Player2 bought village

Player1 is now starting a turn.
embargo was drawn from the deck.
adventurer was drawn from the deck.
curse was drawn from the deck.
province was drawn from the deck.
curse was drawn from the deck.
Playing action card: embargo
Player1 added embargo token to smithy supply pile.
Player1 bought estate

Player2 is now starting a turn.
estate was drawn from the deck.
curse was drawn from the deck.
gold was drawn from the deck.
seahag was drawn from the deck.
gold was drawn from the deck.
Playing action card: seahag
estate was drawn from the deck.
Player1 discarded estate
Player1 gained curse to top of deck.
Player2 bought gold

Player1 is now starting a turn.
curse was drawn from the deck.
cutpurse was drawn from the deck.
copper was drawn from the deck.
curse was drawn from the deck.
gardens was drawn from the deck.
Playing action card: cutpurse
Player2 had no coppers to discard. 
Player1 bought great_hall

Player2 is now starting a turn.
mine was drawn from the deck.
gold was drawn from the deck.
estate was drawn from the deck.
gold was drawn from the deck.
duchy was drawn from the deck.
Playing action card: mine
Player2 gained gold
Player2 bought province

Player1 is now starting a turn.
gardens was drawn from the deck.
mine was drawn from the deck.
copper was drawn from the deck.
duchy was drawn from the deck.
seahag was drawn from the deck.
Playing action card: seahag
copper was drawn from the deck.
Player2 discarded copper
Player2 gained curse to top of deck.
Player1 bought copper

Player2 is now starting a turn.
curse was drawn from the deck.
copper was drawn from the deck.
province was drawn from the deck.
seahag was drawn from the deck.
copper was drawn from the deck.
Playing action card: seahag
embargo was drawn from the deck.
Player1 discarded embargo
Player1 gained curse to top of deck.
Player2 bought embargo

Player1 is now starting a turn.
curse was drawn from the deck.
estate was drawn from the deck.
village was drawn from the deck.
copper was drawn from the deck.
curse was drawn from the deck.
Playing action card: village
gold was drawn from the deck.
Player1 bought mine

Player2 is now starting a turn.
ambassador was drawn from the deck.
duchy was drawn from the deck.
copper was drawn from the deck.
Shuffling Player2&apos;s deck.
copper was drawn from the deck.
adventurer was drawn from the deck.
Playing action card: adventurer
gardens was drawn from the deck.
Player2 discarded gardens
curse was drawn from the deck.
Player2 discarded curse
gold was drawn from the deck.
gold was drawn from the deck.
Player2 bought province

Player1 is now starting a turn.
duchy was drawn from the deck.
copper was drawn from the deck.
copper was drawn from the deck.
gold was drawn from the deck.
adventurer was drawn from the deck.
Playing action card: adventurer
smithy was drawn from the deck.
Player1 discarded smithy
gold was drawn from the deck.
copper was drawn from the deck.
Player1 bought province

Player2 is now starting a turn.
copper was drawn from the deck.
seahag was drawn from the deck.
copper was drawn from the deck.
estate was drawn from the deck.
curse was drawn from the deck.
Playing action card: seahag
curse was drawn from the deck.
Player1 discarded curse
Player1 gained curse to top of deck.
Player2 bought village

Player1 is now starting a turn.
curse was drawn from the deck.
curse was drawn from the deck.
estate was drawn from the deck.
gold was drawn from the deck.
seahag was drawn from the deck.
Playing action card: seahag
mine was drawn from the deck.
Player2 discarded mine
Player2 gained curse to top of deck.
Player1 bought gardens

Player2 is now starting a turn.
curse was drawn from the deck.
estate was drawn from the deck.
copper was drawn from the deck.
gold was drawn from the deck.
embargo was drawn from the deck.
Playing action card: embargo
Player2 added embargo token to adventurer supply pile.
Player2 bought adventurer

Player1 is now starting a turn.
curse was drawn from the deck.
Shuffling Player1&apos;s deck.
curse was drawn from the deck.
curse was drawn from the deck.
adventurer was drawn from the deck.
gold was drawn from the deck.
Playing action card: adventurer
estate was drawn from the deck.
Player1 discarded estate
curse was drawn from the deck.
Player1 discarded curse
curse was drawn from the deck.
Player1 discarded curse
ambassador was drawn from the deck.
Player1 discarded ambassador
embargo was drawn from the deck.
Player1 discarded embargo
embargo was drawn from the deck.
Player1 discarded embargo
cutpurse was drawn from the deck.
Player1 discarded cutpurse
curse was drawn from the deck.
Player1 discarded curse
copper was drawn from the deck.
estate was drawn from the deck.
Player1 discarded estate
gold was drawn from the deck.
Player1 bought gold

Player2 is now starting a turn.
seahag was drawn from the deck.
gold was drawn from the deck.
copper was drawn from the deck.
estate was drawn from the deck.
silver was drawn from the deck.
Playing action card: seahag
copper was drawn from the deck.
Player1 discarded copper
Player1 gained curse to top of deck.
Player2 bought gold

Player1 is now starting a turn.
curse was drawn from the deck.
copper was drawn from the deck.
seahag was drawn from the deck.
gold was drawn from the deck.
duchy was drawn from the deck.
Playing action card: seahag
gold was drawn from the deck.
Player2 discarded gold
Player2 gained curse to top of deck.
Player1 bought cutpurse

Player2 is now starting a turn.
curse was drawn from the deck.
curse was drawn from the deck.
province was drawn from the deck.
gold was drawn from the deck.
gold was drawn from the deck.
Player2 bought adventurer

Player1 is now starting a turn.
province was drawn from the deck.
great_hall was drawn from the deck.
gold was drawn from the deck.
copper was drawn from the deck.
gold was drawn from the deck.
Playing action card: great_hall
estate was drawn from the deck.
Player1 bought province
GAME OVER! Province card pile is empty. 
Player1: 2493
Player2: 1372

STARTING NEW GAME!

Player1 is now starting a turn.
Shuffling Player1&apos;s deck.
copper was drawn from the deck.
copper was drawn from the deck.
estate was drawn from the deck.
copper was drawn from the deck.
estate was drawn from the deck.
Player1 gained curse card because of embargo token.
Player1 gained curse
Player1 gained curse card because of embargo token.
Player1 gained curse
Player1 gained curse card because of embargo token.
Player1 gained curse
Player1 bought duchy

Player2 is now starting a turn.
Shuffling Player2&apos;s deck.
copper was drawn from the deck.
copper was drawn from the deck.
estate was drawn from the deck.
copper was drawn from the deck.
copper was drawn from the deck.
Player2 gained curse card because of embargo token.
Player2 gained curse
Player2 gained curse card because of embargo token.
Player2 gained curse
Player2 gained curse card because of embargo token.
Player2 gained curse
Player2 bought duchy

Player1 is now starting a turn.
copper was drawn from the deck.
estate was drawn from the deck.
copper was drawn from the deck.
copper was drawn from the deck.
copper was drawn from the deck.
Player1 gained curse card because of embargo token.
Player1 gained curse
Player1 gained curse card because of embargo token.
Player1 gained curse
Player1 gained curse card because of embargo token.
Player1 gained curse
Player1 gained curse card because of embargo token.
Player1 gained curse
Player1 bought mine

Player2 is now starting a turn.
copper was drawn from the deck.
copper was drawn from the deck.
estate was drawn from the deck.
estate was drawn from the deck.
copper was drawn from the deck.
Player2 bought mine

Player1 is now starting a turn.
Shuffling Player1&apos;s deck.
curse was drawn from the deck.
curse was drawn from the deck.
curse was drawn from the deck.
copper was drawn from the deck.
estate was drawn from the deck.
Player1 bought embargo

Player2 is now starting a turn.
Shuffling Player2&apos;s deck.
curse was drawn from the deck.
curse was drawn from the deck.
copper was drawn from the deck.
estate was drawn from the deck.
estate was drawn from the deck.
Player2 bought ambassador

Player1 is now starting a turn.
copper was drawn from the deck.
curse was drawn from the deck.
copper was drawn from the deck.
copper was drawn from the deck.
copper was drawn from the deck.
Player1 bought gardens

Player2 is now starting a turn.
copper was drawn from the deck.
mine was drawn from the deck.
copper was drawn from the deck.
copper was drawn from the deck.
duchy was drawn from the deck.
Playing action card: mine
Player2 gained gold
Player2 bought adventurer

Player1 is now starting a turn.
curse was drawn from the deck.
duchy was drawn from the deck.
copper was drawn from the deck.
curse was drawn from the deck.
mine was drawn from the deck.
Playing action card: mine
Player1 gained gold
Player1 bought smithy

Player2 is now starting a turn.
copper was drawn from the deck.
estate was drawn from the deck.
curse was drawn from the deck.
copper was drawn from the deck.
copper was drawn from the deck.
Player2 bought gardens

Player1 is now starting a turn.
estate was drawn from the deck.
copper was drawn from the deck.
curse was drawn from the deck.
estate was drawn from the deck.
Shuffling Player1&apos;s deck.
curse was drawn from the deck.
Player1 bought ambassador

Player2 is now starting a turn.
Shuffling Player2&apos;s deck.
gold was drawn from the deck.
estate was drawn from the deck.
ambassador was drawn from the deck.
copper was drawn from the deck.
copper was drawn from the deck.
Playing action card: ambassador
Player2 returned 0 copies of copper
Player1 gained copper
Player2 bought gold

Player1 is now starting a turn.
copper was drawn from the deck.
gold was drawn from the deck.
mine was drawn from the deck.
curse was drawn from the deck.
smithy was drawn from the deck.
Playing action card: mine
Player1 gained gold
Player1 bought gold

Player2 is now starting a turn.
duchy was drawn from the deck.
adventurer was drawn from the deck.
copper was drawn from the deck.
estate was drawn from the deck.
copper was drawn from the deck.
Playing action card: adventurer
copper was drawn from the deck.
estate was drawn from the deck.
Player2 discarded estate
curse was drawn from the deck.
Player2 discarded curse
copper was drawn from the deck.
Player2 bought duchy

Player1 is now starting a turn.
copper was drawn from the deck.
curse was drawn from the deck.
copper was drawn from the deck.
curse was drawn from the deck.
curse was drawn from the deck.
Player1 bought embargo

Player2 is now starting a turn.
curse was drawn from the deck.
gardens was drawn from the deck.
curse was drawn from the deck.
mine was drawn from the deck.
copper was drawn from the deck.
Playing action card: mine
Player2 gained gold
Player2 bought seahag

Player1 is now starting a turn.
estate was drawn from the deck.
duchy was drawn from the deck.
copper was drawn from the deck.
curse was drawn from the deck.
copper was drawn from the deck.
Player1 bought village

Player2 is now starting a turn.
Shuffling Player2&apos;s deck.
estate was drawn from the deck.
curse was drawn from the deck.
estate was drawn from the deck.
ambassador was drawn from the deck.
copper was drawn from the deck.
Playing action card: ambassador
Player2 returned 1 copies of estate
Player1 gained estate
Player2 bought estate

Player1 is now starting a turn.
embargo was drawn from the deck.
gardens was drawn from the deck.
copper was drawn from the deck.
Shuffling Player1&apos;s deck.
estate was drawn from the deck.
curse was drawn from the deck.
Playing action card: embargo
Player1 added embargo token to gardens supply pile.
Player1 bought seahag

Player2 is now starting a turn.
copper was drawn from the deck.
adventurer was drawn from the deck.
copper was drawn from the deck.
duchy was drawn from the deck.
seahag was drawn from the deck.
Playing action card: adventurer
gold was drawn from the deck.
gardens was drawn from the deck.
Player2 discarded gardens
estate was drawn from the deck.
Player2 discarded estate
copper was drawn from the deck.
Player2 bought gold

Player1 is now starting a turn.
copper was drawn from the deck.
smithy was drawn from the deck.
copper was drawn from the deck.
mine was drawn from the deck.
copper was drawn from the deck.
Playing action card: mine
Player1 gained gold
Player1 bought adventurer

Player2 is now starting a turn.
curse was drawn from the deck.
mine was drawn from the deck.
gold was drawn from the deck.
curse was drawn from the deck.
copper was drawn from the deck.
Playing action card: mine
Player2 gained gold
Player2 bought gold

Player1 is now starting a turn.
curse was drawn from the deck.
estate was drawn from the deck.
gold was drawn from the deck.
curse was drawn from the deck.
copper was drawn from the deck.
Player1 bought duchy

Player2 is now starting a turn.
gold was drawn from the deck.
copper was drawn from the deck.
copper was drawn from the deck.
duchy was drawn from the deck.
Shuffling Player2&apos;s deck.
estate was drawn from the deck.
Player2 bought gold

Player1 is now starting a turn.
gold was drawn from the deck.
estate was drawn from the deck.
curse was drawn from the deck.
village was drawn from the deck.
ambassador was drawn from the deck.
Playing action card: village
duchy was drawn from the deck.
Playing action card: ambassador
Player1 returned 0 copies of curse
Player1 bought gardens

Player2 is now starting a turn.
gold was drawn from the deck.
copper was drawn from the deck.
gardens was drawn from the deck.
gold was drawn from the deck.
ambassador was drawn from the deck.
Playing action card: ambassador
Player2 returned 0 copies of copper
Player1 gained copper
Player2 bought adventurer

Player1 is now starting a turn.
copper was drawn from the deck.
gold was drawn from the deck.
estate was drawn from the deck.
curse was drawn from the deck.
embargo was drawn from the deck.
Playing action card: embargo
Player1 added embargo token to cutpurse supply pile.
Player1 bought adventurer

Player2 is now starting a turn.
adventurer was drawn from the deck.
curse was drawn from the deck.
curse was drawn from the deck.
copper was drawn from the deck.
gold was drawn from the deck.
Playing action card: adventurer
mine was drawn from the deck.
Player2 discarded mine
copper was drawn from the deck.
gold was drawn from the deck.
Player2 bought province

Player1 is now starting a turn.
curse was drawn from the deck.
copper was drawn from the deck.
curse was drawn from the deck.
copper was drawn from the deck.
Shuffling Player1&apos;s deck.
curse was drawn from the deck.
Player1 bought embargo

Player2 is now starting a turn.
curse was drawn from the deck.
copper was drawn from the deck.
seahag was drawn from the deck.
estate was drawn from the deck.
estate was drawn from the deck.
Playing action card: seahag
gold was drawn from the deck.
Player1 discarded gold
Player1 gained curse to top of deck.
Player2 bought silver

Player1 is now starting a turn.
curse was drawn from the deck.
copper was drawn from the deck.
village was drawn from the deck.
curse was drawn from the deck.
mine was drawn from the deck.
Playing action card: village
curse was drawn from the deck.
Playing action card: mine
Player1 gained gold
Player1 bought cutpurse

Player2 is now starting a turn.
gold was drawn from the deck.
copper was drawn from the deck.
duchy was drawn from the deck.
Shuffling Player2&apos;s deck.
adventurer was drawn from the deck.
gold was drawn from the deck.
Playing action card: adventurer
province was drawn from the deck.
Player2 discarded province
mine was drawn from the deck.
Player2 discarded mine
gold was drawn from the deck.
curse was drawn from the deck.
Player2 discarded curse
seahag was drawn from the deck.
Player2 discarded seahag
gold was drawn from the deck.
Player2 bought province

Player1 is now starting a turn.
estate was drawn from the deck.
estate was drawn from the deck.
gold was drawn from the deck.
curse was drawn from the deck.
embargo was drawn from the deck.
Playing action card: embargo
Player1 added embargo token to ambassador supply pile.
Player1 bought gold

Player2 is now starting a turn.
ambassador was drawn from the deck.
duchy was drawn from the deck.
estate was drawn from the deck.
copper was drawn from the deck.
silver was drawn from the deck.
Playing action card: ambassador
Player2 returned 0 copies of estate
Player1 gained estate
Player2 bought seahag

Player1 is now starting a turn.
gold was drawn from the deck.
copper was drawn from the deck.
gold was drawn from the deck.
copper was drawn from the deck.
copper was drawn from the deck.
Player1 bought province

Player2 is now starting a turn.
curse was drawn from the deck.
copper was drawn from the deck.
copper was drawn from the deck.
copper was drawn from the deck.
gold was drawn from the deck.
Player2 bought gold

Player1 is now starting a turn.
duchy was drawn from the deck.
copper was drawn from the deck.
estate was drawn from the deck.
copper was drawn from the deck.
adventurer was drawn from the deck.
Playing action card: adventurer
duchy was drawn from the deck.
Player1 discarded duchy
smithy was drawn from the deck.
Player1 discarded smithy
ambassador was drawn from the deck.
Player1 discarded ambassador
gardens was drawn from the deck.
Player1 discarded gardens
adventurer was drawn from the deck.
Player1 discarded adventurer
gardens was drawn from the deck.
Player1 discarded gardens
seahag was drawn from the deck.
Player1 discarded seahag
estate was drawn from the deck.
Player1 discarded estate
copper was drawn from the deck.
curse was drawn from the deck.
Player1 discarded curse
embargo was drawn from the deck.
Player1 discarded embargo
Player1 bought seahag

Player2 is now starting a turn.
estate was drawn from the deck.
copper was drawn from the deck.
copper was drawn from the deck.
curse was drawn from the deck.
estate was drawn from the deck.
Player2 bought seahag

Player1 is now starting a turn.
Shuffling Player1&apos;s deck.
curse was drawn from the deck.
gold was drawn from the deck.
embargo was drawn from the deck.
copper was drawn from the deck.
estate was drawn from the deck.
Playing action card: embargo
Player1 added embargo token to gardens supply pile.
Player1 bought gold

Player2 is now starting a turn.
adventurer was drawn from the deck.
gardens was drawn from the deck.
gold was drawn from the deck.
gold was drawn from the deck.
Shuffling Player2&apos;s deck.
silver was drawn from the deck.
Playing action card: adventurer
curse was drawn from the deck.
Player2 discarded curse
adventurer was drawn from the deck.
Player2 discarded adventurer
estate was drawn from the deck.
Player2 discarded estate
seahag was drawn from the deck.
Player2 discarded seahag
gold was drawn from the deck.
gold was drawn from the deck.
Player2 bought province

Player1 is now starting a turn.
copper was drawn from the deck.
estate was drawn from the deck.
copper was drawn from the deck.
gold was drawn from the deck.
ambassador was drawn from the deck.
Playing action card: ambassador
Player1 returned 0 copies of copper
Player2 gained copper
Player1 bought gold

Player2 is now starting a turn.
copper was drawn from the deck.
province was drawn from the deck.
copper was drawn from the deck.
curse was drawn from the deck.
copper was drawn from the deck.
Player2 bought village

Player1 is now starting a turn.
embargo was drawn from the deck.
adventurer was drawn from the deck.
curse was drawn from the deck.
province was drawn from the deck.
curse was drawn from the deck.
Playing action card: embargo
Player1 added embargo token to smithy supply pile.
Player1 bought estate

Player2 is now starting a turn.
estate was drawn from the deck.
curse was drawn from the deck.
gold was drawn from the deck.
seahag was drawn from the deck.
gold was drawn from the deck.
Playing action card: seahag
estate was drawn from the deck.
Player1 discarded estate
Player1 gained curse to top of deck.
Player2 bought gold

Player1 is now starting a turn.
curse was drawn from the deck.
cutpurse was drawn from the deck.
copper was drawn from the deck.
curse was drawn from the deck.
gardens was drawn from the deck.
Playing action card: cutpurse
Player2 had no coppers to discard. 
Player1 bought great_hall

Player2 is now starting a turn.
mine was drawn from the deck.
gold was drawn from the deck.
estate was drawn from the deck.
gold was drawn from the deck.
duchy was drawn from the deck.
Playing action card: mine
Player2 gained gold
Player2 bought province

Player1 is now starting a turn.
gardens was drawn from the deck.
mine was drawn from the deck.
copper was drawn from the deck.
duchy was drawn from the deck.
seahag was drawn from the deck.
Playing action card: seahag
copper was drawn from the deck.
Player2 discarded copper
Player2 gained curse to top of deck.
Player1 bought copper

Player2 is now starting a turn.
curse was drawn from the deck.
copper was drawn from the deck.
province was drawn from the deck.
seahag was drawn from the deck.
copper was drawn from the deck.
Playing action card: seahag
embargo was drawn from the deck.
Player1 discarded embargo
Player1 gained curse to top of deck.
Player2 bought embargo

Player1 is now starting a turn.
curse was drawn from the deck.
estate was drawn from the deck.
village was drawn from the deck.
copper was drawn from the deck.
curse was drawn from the deck.
Playing action card: village
gold was drawn from the deck.
Player1 bought mine

Player2 is now starting a turn.
ambassador was drawn from the deck.
duchy was drawn from the deck.
copper was drawn from the deck.
Shuffling Player2&apos;s deck.
copper was drawn from the deck.
adventurer was drawn from the deck.
Playing action card: adventurer
gardens was drawn from the deck.
Player2 discarded gardens
curse was drawn from the deck.
Player2 discarded curse
gold was drawn from the deck.
gold was drawn from the deck.
Player2 bought province

Player1 is now starting a turn.
duchy was drawn from the deck.
copper was drawn from the deck.
copper was drawn from the deck.
gold was drawn from the deck.
adventurer was drawn from the deck.
Playing action card: adventurer
smithy was drawn from the deck.
Player1 discarded smithy
gold was drawn from the deck.
copper was drawn from the deck.
Player1 bought province

Player2 is now starting a turn.
copper was drawn from the deck.
seahag was drawn from the deck.
copper was drawn from the deck.
estate was drawn from the deck.
curse was drawn from the deck.
Playing action card: seahag
curse was drawn from the deck.
Player1 discarded curse
Player1 gained curse to top of deck.
Player2 bought village

Player1 is now starting a turn.
curse was drawn from the deck.
curse was drawn from the deck.
estate was drawn from the deck.
gold was drawn from the deck.
seahag was drawn from the deck.
Playing action card: seahag
mine was drawn from the deck.
Player2 discarded mine
Player2 gained curse to top of deck.
Player1 bought gardens

Player2 is now starting a turn.
curse was drawn from the deck.
estate was drawn from the deck.
copper was drawn from the deck.
gold was drawn from the deck.
embargo was drawn from the deck.
Playing action card: embargo
Player2 added embargo token to adventurer supply pile.
Player2 bought adventurer

Player1 is now starting a turn.
curse was drawn from the deck.
Shuffling Player1&apos;s deck.
curse was drawn from the deck.
curse was drawn from the deck.
adventurer was drawn from the deck.
gold was drawn from the deck.
Playing action card: adventurer
estate was drawn from the deck.
Player1 discarded estate
curse was drawn from the deck.
Player1 discarded curse
curse was drawn from the deck.
Player1 discarded curse
ambassador was drawn from the deck.
Player1 discarded ambassador
embargo was drawn from the deck.
Player1 discarded embargo
embargo was drawn from the deck.
Player1 discarded embargo
cutpurse was drawn from the deck.
Player1 discarded cutpurse
curse was drawn from the deck.
Player1 discarded curse
copper was drawn from the deck.
estate was drawn from the deck.
Player1 discarded estate
gold was drawn from the deck.
Player1 bought gold

Player2 is now starting a turn.
seahag was drawn from the deck.
gold was drawn from the deck.
copper was drawn from the deck.
estate was drawn from the deck.
silver was drawn from the deck.
Playing action card: seahag
copper was drawn from the deck.
Player1 discarded copper
Player1 gained curse to top of deck.
Player2 bought gold

Player1 is now starting a turn.
curse was drawn from the deck.
copper was drawn from the deck.
seahag was drawn from the deck.
gold was drawn from the deck.
duchy was drawn from the deck.
Playing action card: seahag
gold was drawn from the deck.
Player2 discarded gold
Player2 gained curse to top of deck.
Player1 bought cutpurse

Player2 is now starting a turn.
curse was drawn from the deck.
curse was drawn from the deck.
province was drawn from the deck.
gold was drawn from the deck.
gold was drawn from the deck.
Player2 bought adventurer

Player1 is now starting a turn.
province was drawn from the deck.
great_hall was drawn from the deck.
gold was drawn from the deck.
copper was drawn from the deck.
gold was drawn from the deck.
Playing action card: great_hall
estate was drawn from the deck.
Player1 bought province
GAME OVER! Province card pile is empty. 
Player1: 2493
Player2: 1372
Player1 had no coppers to discard. 
Player2 had no coppers to discard. 
Player1 gained embargo
Player2 gained embargo
hi! gained great_hall
Shuffling hi!&apos;s deck.
copper was drawn from the deck.
</system-out>
  </testcase>
  <testcase classname="RegressionTest" name="test373" time="0.026"/>
  <testcase classname="RegressionTest" name="test374" time="0.013"/>
  <testcase classname="RegressionTest" name="test375" time="0.012"/>
  <testcase classname="RegressionTest" name="test376" time="0.027">
    <failure type="java.lang.AssertionError">java.lang.AssertionError
	at org.junit.Assert.fail(Assert.java:86)
	at org.junit.Assert.assertTrue(Assert.java:41)
	at org.junit.Assert.assertTrue(Assert.java:52)
	at RegressionTest.test376(RegressionTest.java:25289)
	at sun.reflect.NativeMethodAccessorImpl.invoke0(Native Method)
	at sun.reflect.NativeMethodAccessorImpl.invoke(NativeMethodAccessorImpl.java:62)
	at sun.reflect.DelegatingMethodAccessorImpl.invoke(DelegatingMethodAccessorImpl.java:43)
	at java.lang.reflect.Method.invoke(Method.java:498)
	at org.junit.runners.model.FrameworkMethod$1.runReflectiveCall(FrameworkMethod.java:47)
	at org.junit.internal.runners.model.ReflectiveCallable.run(ReflectiveCallable.java:12)
	at org.junit.runners.model.FrameworkMethod.invokeExplosively(FrameworkMethod.java:44)
	at org.junit.internal.runners.statements.InvokeMethod.evaluate(InvokeMethod.java:17)
	at org.junit.runners.ParentRunner.runLeaf(ParentRunner.java:271)
	at org.junit.runners.BlockJUnit4ClassRunner.runChild(BlockJUnit4ClassRunner.java:70)
	at org.junit.runners.BlockJUnit4ClassRunner.runChild(BlockJUnit4ClassRunner.java:50)
	at org.junit.runners.ParentRunner$3.run(ParentRunner.java:238)
	at org.junit.runners.ParentRunner$1.schedule(ParentRunner.java:63)
	at org.junit.runners.ParentRunner.runChildren(ParentRunner.java:236)
	at org.junit.runners.ParentRunner.access$000(ParentRunner.java:53)
	at org.junit.runners.ParentRunner$2.evaluate(ParentRunner.java:229)
	at org.junit.runners.ParentRunner.run(ParentRunner.java:309)
	at org.apache.maven.surefire.junit4.JUnit4Provider.execute(JUnit4Provider.java:252)
	at org.apache.maven.surefire.junit4.JUnit4Provider.executeTestSet(JUnit4Provider.java:141)
	at org.apache.maven.surefire.junit4.JUnit4Provider.invoke(JUnit4Provider.java:112)
	at sun.reflect.NativeMethodAccessorImpl.invoke0(Native Method)
	at sun.reflect.NativeMethodAccessorImpl.invoke(NativeMethodAccessorImpl.java:62)
	at sun.reflect.DelegatingMethodAccessorImpl.invoke(DelegatingMethodAccessorImpl.java:43)
	at java.lang.reflect.Method.invoke(Method.java:498)
	at org.apache.maven.surefire.util.ReflectionUtils.invokeMethodWithArray(ReflectionUtils.java:189)
	at org.apache.maven.surefire.booter.ProviderFactory$ProviderProxy.invoke(ProviderFactory.java:165)
	at org.apache.maven.surefire.booter.ProviderFactory.invokeProvider(ProviderFactory.java:85)
	at org.apache.maven.surefire.booter.ForkedBooter.runSuitesInProcess(ForkedBooter.java:115)
	at org.apache.maven.surefire.booter.ForkedBooter.main(ForkedBooter.java:75)
</failure>
    <system-out>
STARTING NEW GAME!

Player1 is now starting a turn.
Shuffling Player1&apos;s deck.
copper was drawn from the deck.
copper was drawn from the deck.
estate was drawn from the deck.
copper was drawn from the deck.
estate was drawn from the deck.
Player1 gained curse card because of embargo token.
Player1 gained curse
Player1 gained curse card because of embargo token.
Player1 gained curse
Player1 gained curse card because of embargo token.
Player1 gained curse
Player1 bought duchy

Player2 is now starting a turn.
Shuffling Player2&apos;s deck.
copper was drawn from the deck.
copper was drawn from the deck.
estate was drawn from the deck.
copper was drawn from the deck.
copper was drawn from the deck.
Player2 gained curse card because of embargo token.
Player2 gained curse
Player2 gained curse card because of embargo token.
Player2 gained curse
Player2 gained curse card because of embargo token.
Player2 gained curse
Player2 bought duchy

Player1 is now starting a turn.
copper was drawn from the deck.
estate was drawn from the deck.
copper was drawn from the deck.
copper was drawn from the deck.
copper was drawn from the deck.
Player1 gained curse card because of embargo token.
Player1 gained curse
Player1 gained curse card because of embargo token.
Player1 gained curse
Player1 gained curse card because of embargo token.
Player1 gained curse
Player1 gained curse card because of embargo token.
Player1 gained curse
Player1 bought mine

Player2 is now starting a turn.
copper was drawn from the deck.
copper was drawn from the deck.
estate was drawn from the deck.
estate was drawn from the deck.
copper was drawn from the deck.
Player2 bought mine

Player1 is now starting a turn.
Shuffling Player1&apos;s deck.
curse was drawn from the deck.
curse was drawn from the deck.
curse was drawn from the deck.
copper was drawn from the deck.
estate was drawn from the deck.
Player1 bought embargo

Player2 is now starting a turn.
Shuffling Player2&apos;s deck.
curse was drawn from the deck.
curse was drawn from the deck.
copper was drawn from the deck.
estate was drawn from the deck.
estate was drawn from the deck.
Player2 bought ambassador

Player1 is now starting a turn.
copper was drawn from the deck.
curse was drawn from the deck.
copper was drawn from the deck.
copper was drawn from the deck.
copper was drawn from the deck.
Player1 bought gardens

Player2 is now starting a turn.
copper was drawn from the deck.
mine was drawn from the deck.
copper was drawn from the deck.
copper was drawn from the deck.
duchy was drawn from the deck.
Playing action card: mine
Player2 gained gold
Player2 bought adventurer

Player1 is now starting a turn.
curse was drawn from the deck.
duchy was drawn from the deck.
copper was drawn from the deck.
curse was drawn from the deck.
mine was drawn from the deck.
Playing action card: mine
Player1 gained gold
Player1 bought smithy

Player2 is now starting a turn.
copper was drawn from the deck.
estate was drawn from the deck.
curse was drawn from the deck.
copper was drawn from the deck.
copper was drawn from the deck.
Player2 bought gardens

Player1 is now starting a turn.
estate was drawn from the deck.
copper was drawn from the deck.
curse was drawn from the deck.
estate was drawn from the deck.
Shuffling Player1&apos;s deck.
curse was drawn from the deck.
Player1 bought ambassador

Player2 is now starting a turn.
Shuffling Player2&apos;s deck.
gold was drawn from the deck.
estate was drawn from the deck.
ambassador was drawn from the deck.
copper was drawn from the deck.
copper was drawn from the deck.
Playing action card: ambassador
Player2 returned 0 copies of copper
Player1 gained copper
Player2 bought gold

Player1 is now starting a turn.
copper was drawn from the deck.
gold was drawn from the deck.
mine was drawn from the deck.
curse was drawn from the deck.
smithy was drawn from the deck.
Playing action card: mine
Player1 gained gold
Player1 bought gold

Player2 is now starting a turn.
duchy was drawn from the deck.
adventurer was drawn from the deck.
copper was drawn from the deck.
estate was drawn from the deck.
copper was drawn from the deck.
Playing action card: adventurer
copper was drawn from the deck.
estate was drawn from the deck.
Player2 discarded estate
curse was drawn from the deck.
Player2 discarded curse
copper was drawn from the deck.
Player2 bought duchy

Player1 is now starting a turn.
copper was drawn from the deck.
curse was drawn from the deck.
copper was drawn from the deck.
curse was drawn from the deck.
curse was drawn from the deck.
Player1 bought embargo

Player2 is now starting a turn.
curse was drawn from the deck.
gardens was drawn from the deck.
curse was drawn from the deck.
mine was drawn from the deck.
copper was drawn from the deck.
Playing action card: mine
Player2 gained gold
Player2 bought seahag

Player1 is now starting a turn.
estate was drawn from the deck.
duchy was drawn from the deck.
copper was drawn from the deck.
curse was drawn from the deck.
copper was drawn from the deck.
Player1 bought village

Player2 is now starting a turn.
Shuffling Player2&apos;s deck.
estate was drawn from the deck.
curse was drawn from the deck.
estate was drawn from the deck.
ambassador was drawn from the deck.
copper was drawn from the deck.
Playing action card: ambassador
Player2 returned 1 copies of estate
Player1 gained estate
Player2 bought estate

Player1 is now starting a turn.
embargo was drawn from the deck.
gardens was drawn from the deck.
copper was drawn from the deck.
Shuffling Player1&apos;s deck.
estate was drawn from the deck.
curse was drawn from the deck.
Playing action card: embargo
Player1 added embargo token to gardens supply pile.
Player1 bought seahag

Player2 is now starting a turn.
copper was drawn from the deck.
adventurer was drawn from the deck.
copper was drawn from the deck.
duchy was drawn from the deck.
seahag was drawn from the deck.
Playing action card: adventurer
gold was drawn from the deck.
gardens was drawn from the deck.
Player2 discarded gardens
estate was drawn from the deck.
Player2 discarded estate
copper was drawn from the deck.
Player2 bought gold

Player1 is now starting a turn.
copper was drawn from the deck.
smithy was drawn from the deck.
copper was drawn from the deck.
mine was drawn from the deck.
copper was drawn from the deck.
Playing action card: mine
Player1 gained gold
Player1 bought adventurer

Player2 is now starting a turn.
curse was drawn from the deck.
mine was drawn from the deck.
gold was drawn from the deck.
curse was drawn from the deck.
copper was drawn from the deck.
Playing action card: mine
Player2 gained gold
Player2 bought gold

Player1 is now starting a turn.
curse was drawn from the deck.
estate was drawn from the deck.
gold was drawn from the deck.
curse was drawn from the deck.
copper was drawn from the deck.
Player1 bought duchy

Player2 is now starting a turn.
gold was drawn from the deck.
copper was drawn from the deck.
copper was drawn from the deck.
duchy was drawn from the deck.
Shuffling Player2&apos;s deck.
estate was drawn from the deck.
Player2 bought gold

Player1 is now starting a turn.
gold was drawn from the deck.
estate was drawn from the deck.
curse was drawn from the deck.
village was drawn from the deck.
ambassador was drawn from the deck.
Playing action card: village
duchy was drawn from the deck.
Playing action card: ambassador
Player1 returned 0 copies of curse
Player1 bought gardens

Player2 is now starting a turn.
gold was drawn from the deck.
copper was drawn from the deck.
gardens was drawn from the deck.
gold was drawn from the deck.
ambassador was drawn from the deck.
Playing action card: ambassador
Player2 returned 0 copies of copper
Player1 gained copper
Player2 bought adventurer

Player1 is now starting a turn.
copper was drawn from the deck.
gold was drawn from the deck.
estate was drawn from the deck.
curse was drawn from the deck.
embargo was drawn from the deck.
Playing action card: embargo
Player1 added embargo token to cutpurse supply pile.
Player1 bought adventurer

Player2 is now starting a turn.
adventurer was drawn from the deck.
curse was drawn from the deck.
curse was drawn from the deck.
copper was drawn from the deck.
gold was drawn from the deck.
Playing action card: adventurer
mine was drawn from the deck.
Player2 discarded mine
copper was drawn from the deck.
gold was drawn from the deck.
Player2 bought province

Player1 is now starting a turn.
curse was drawn from the deck.
copper was drawn from the deck.
curse was drawn from the deck.
copper was drawn from the deck.
Shuffling Player1&apos;s deck.
curse was drawn from the deck.
Player1 bought embargo

Player2 is now starting a turn.
curse was drawn from the deck.
copper was drawn from the deck.
seahag was drawn from the deck.
estate was drawn from the deck.
estate was drawn from the deck.
Playing action card: seahag
gold was drawn from the deck.
Player1 discarded gold
Player1 gained curse to top of deck.
Player2 bought silver

Player1 is now starting a turn.
curse was drawn from the deck.
copper was drawn from the deck.
village was drawn from the deck.
curse was drawn from the deck.
mine was drawn from the deck.
Playing action card: village
curse was drawn from the deck.
Playing action card: mine
Player1 gained gold
Player1 bought cutpurse

Player2 is now starting a turn.
gold was drawn from the deck.
copper was drawn from the deck.
duchy was drawn from the deck.
Shuffling Player2&apos;s deck.
adventurer was drawn from the deck.
gold was drawn from the deck.
Playing action card: adventurer
province was drawn from the deck.
Player2 discarded province
mine was drawn from the deck.
Player2 discarded mine
gold was drawn from the deck.
curse was drawn from the deck.
Player2 discarded curse
seahag was drawn from the deck.
Player2 discarded seahag
gold was drawn from the deck.
Player2 bought province

Player1 is now starting a turn.
estate was drawn from the deck.
estate was drawn from the deck.
gold was drawn from the deck.
curse was drawn from the deck.
embargo was drawn from the deck.
Playing action card: embargo
Player1 added embargo token to ambassador supply pile.
Player1 bought gold

Player2 is now starting a turn.
ambassador was drawn from the deck.
duchy was drawn from the deck.
estate was drawn from the deck.
copper was drawn from the deck.
silver was drawn from the deck.
Playing action card: ambassador
Player2 returned 0 copies of estate
Player1 gained estate
Player2 bought seahag

Player1 is now starting a turn.
gold was drawn from the deck.
copper was drawn from the deck.
gold was drawn from the deck.
copper was drawn from the deck.
copper was drawn from the deck.
Player1 bought province

Player2 is now starting a turn.
curse was drawn from the deck.
copper was drawn from the deck.
copper was drawn from the deck.
copper was drawn from the deck.
gold was drawn from the deck.
Player2 bought gold

Player1 is now starting a turn.
duchy was drawn from the deck.
copper was drawn from the deck.
estate was drawn from the deck.
copper was drawn from the deck.
adventurer was drawn from the deck.
Playing action card: adventurer
duchy was drawn from the deck.
Player1 discarded duchy
smithy was drawn from the deck.
Player1 discarded smithy
ambassador was drawn from the deck.
Player1 discarded ambassador
gardens was drawn from the deck.
Player1 discarded gardens
adventurer was drawn from the deck.
Player1 discarded adventurer
gardens was drawn from the deck.
Player1 discarded gardens
seahag was drawn from the deck.
Player1 discarded seahag
estate was drawn from the deck.
Player1 discarded estate
copper was drawn from the deck.
curse was drawn from the deck.
Player1 discarded curse
embargo was drawn from the deck.
Player1 discarded embargo
Player1 bought seahag

Player2 is now starting a turn.
estate was drawn from the deck.
copper was drawn from the deck.
copper was drawn from the deck.
curse was drawn from the deck.
estate was drawn from the deck.
Player2 bought seahag

Player1 is now starting a turn.
Shuffling Player1&apos;s deck.
curse was drawn from the deck.
gold was drawn from the deck.
embargo was drawn from the deck.
copper was drawn from the deck.
estate was drawn from the deck.
Playing action card: embargo
Player1 added embargo token to gardens supply pile.
Player1 bought gold

Player2 is now starting a turn.
adventurer was drawn from the deck.
gardens was drawn from the deck.
gold was drawn from the deck.
gold was drawn from the deck.
Shuffling Player2&apos;s deck.
silver was drawn from the deck.
Playing action card: adventurer
curse was drawn from the deck.
Player2 discarded curse
adventurer was drawn from the deck.
Player2 discarded adventurer
estate was drawn from the deck.
Player2 discarded estate
seahag was drawn from the deck.
Player2 discarded seahag
gold was drawn from the deck.
gold was drawn from the deck.
Player2 bought province

Player1 is now starting a turn.
copper was drawn from the deck.
estate was drawn from the deck.
copper was drawn from the deck.
gold was drawn from the deck.
ambassador was drawn from the deck.
Playing action card: ambassador
Player1 returned 0 copies of copper
Player2 gained copper
Player1 bought gold

Player2 is now starting a turn.
copper was drawn from the deck.
province was drawn from the deck.
copper was drawn from the deck.
curse was drawn from the deck.
copper was drawn from the deck.
Player2 bought village

Player1 is now starting a turn.
embargo was drawn from the deck.
adventurer was drawn from the deck.
curse was drawn from the deck.
province was drawn from the deck.
curse was drawn from the deck.
Playing action card: embargo
Player1 added embargo token to smithy supply pile.
Player1 bought estate

Player2 is now starting a turn.
estate was drawn from the deck.
curse was drawn from the deck.
gold was drawn from the deck.
seahag was drawn from the deck.
gold was drawn from the deck.
Playing action card: seahag
estate was drawn from the deck.
Player1 discarded estate
Player1 gained curse to top of deck.
Player2 bought gold

Player1 is now starting a turn.
curse was drawn from the deck.
cutpurse was drawn from the deck.
copper was drawn from the deck.
curse was drawn from the deck.
gardens was drawn from the deck.
Playing action card: cutpurse
Player2 had no coppers to discard. 
Player1 bought great_hall

Player2 is now starting a turn.
mine was drawn from the deck.
gold was drawn from the deck.
estate was drawn from the deck.
gold was drawn from the deck.
duchy was drawn from the deck.
Playing action card: mine
Player2 gained gold
Player2 bought province

Player1 is now starting a turn.
gardens was drawn from the deck.
mine was drawn from the deck.
copper was drawn from the deck.
duchy was drawn from the deck.
seahag was drawn from the deck.
Playing action card: seahag
copper was drawn from the deck.
Player2 discarded copper
Player2 gained curse to top of deck.
Player1 bought copper

Player2 is now starting a turn.
curse was drawn from the deck.
copper was drawn from the deck.
province was drawn from the deck.
seahag was drawn from the deck.
copper was drawn from the deck.
Playing action card: seahag
embargo was drawn from the deck.
Player1 discarded embargo
Player1 gained curse to top of deck.
Player2 bought embargo

Player1 is now starting a turn.
curse was drawn from the deck.
estate was drawn from the deck.
village was drawn from the deck.
copper was drawn from the deck.
curse was drawn from the deck.
Playing action card: village
gold was drawn from the deck.
Player1 bought mine

Player2 is now starting a turn.
ambassador was drawn from the deck.
duchy was drawn from the deck.
copper was drawn from the deck.
Shuffling Player2&apos;s deck.
copper was drawn from the deck.
adventurer was drawn from the deck.
Playing action card: adventurer
gardens was drawn from the deck.
Player2 discarded gardens
curse was drawn from the deck.
Player2 discarded curse
gold was drawn from the deck.
gold was drawn from the deck.
Player2 bought province

Player1 is now starting a turn.
duchy was drawn from the deck.
copper was drawn from the deck.
copper was drawn from the deck.
gold was drawn from the deck.
adventurer was drawn from the deck.
Playing action card: adventurer
smithy was drawn from the deck.
Player1 discarded smithy
gold was drawn from the deck.
copper was drawn from the deck.
Player1 bought province

Player2 is now starting a turn.
copper was drawn from the deck.
seahag was drawn from the deck.
copper was drawn from the deck.
estate was drawn from the deck.
curse was drawn from the deck.
Playing action card: seahag
curse was drawn from the deck.
Player1 discarded curse
Player1 gained curse to top of deck.
Player2 bought village

Player1 is now starting a turn.
curse was drawn from the deck.
curse was drawn from the deck.
estate was drawn from the deck.
gold was drawn from the deck.
seahag was drawn from the deck.
Playing action card: seahag
mine was drawn from the deck.
Player2 discarded mine
Player2 gained curse to top of deck.
Player1 bought gardens

Player2 is now starting a turn.
curse was drawn from the deck.
estate was drawn from the deck.
copper was drawn from the deck.
gold was drawn from the deck.
embargo was drawn from the deck.
Playing action card: embargo
Player2 added embargo token to adventurer supply pile.
Player2 bought adventurer

Player1 is now starting a turn.
curse was drawn from the deck.
Shuffling Player1&apos;s deck.
curse was drawn from the deck.
curse was drawn from the deck.
adventurer was drawn from the deck.
gold was drawn from the deck.
Playing action card: adventurer
estate was drawn from the deck.
Player1 discarded estate
curse was drawn from the deck.
Player1 discarded curse
curse was drawn from the deck.
Player1 discarded curse
ambassador was drawn from the deck.
Player1 discarded ambassador
embargo was drawn from the deck.
Player1 discarded embargo
embargo was drawn from the deck.
Player1 discarded embargo
cutpurse was drawn from the deck.
Player1 discarded cutpurse
curse was drawn from the deck.
Player1 discarded curse
copper was drawn from the deck.
estate was drawn from the deck.
Player1 discarded estate
gold was drawn from the deck.
Player1 bought gold

Player2 is now starting a turn.
seahag was drawn from the deck.
gold was drawn from the deck.
copper was drawn from the deck.
estate was drawn from the deck.
silver was drawn from the deck.
Playing action card: seahag
copper was drawn from the deck.
Player1 discarded copper
Player1 gained curse to top of deck.
Player2 bought gold

Player1 is now starting a turn.
curse was drawn from the deck.
copper was drawn from the deck.
seahag was drawn from the deck.
gold was drawn from the deck.
duchy was drawn from the deck.
Playing action card: seahag
gold was drawn from the deck.
Player2 discarded gold
Player2 gained curse to top of deck.
Player1 bought cutpurse

Player2 is now starting a turn.
curse was drawn from the deck.
curse was drawn from the deck.
province was drawn from the deck.
gold was drawn from the deck.
gold was drawn from the deck.
Player2 bought adventurer

Player1 is now starting a turn.
province was drawn from the deck.
great_hall was drawn from the deck.
gold was drawn from the deck.
copper was drawn from the deck.
gold was drawn from the deck.
Playing action card: great_hall
estate was drawn from the deck.
Player1 bought province
GAME OVER! Province card pile is empty. 
Player1: 2493
Player2: 1372
Player1: 2493
Player2: 1372
GAME OVER! Province card pile is empty. 

STARTING NEW GAME!

Player1 is now starting a turn.
Shuffling Player1&apos;s deck.
copper was drawn from the deck.
copper was drawn from the deck.
estate was drawn from the deck.
copper was drawn from the deck.
estate was drawn from the deck.
Player1 gained curse card because of embargo token.
Player1 gained curse
Player1 gained curse card because of embargo token.
Player1 gained curse
Player1 gained curse card because of embargo token.
Player1 gained curse
Player1 bought duchy

Player2 is now starting a turn.
Shuffling Player2&apos;s deck.
copper was drawn from the deck.
copper was drawn from the deck.
estate was drawn from the deck.
copper was drawn from the deck.
copper was drawn from the deck.
Player2 gained curse card because of embargo token.
Player2 gained curse
Player2 gained curse card because of embargo token.
Player2 gained curse
Player2 gained curse card because of embargo token.
Player2 gained curse
Player2 bought duchy

Player1 is now starting a turn.
copper was drawn from the deck.
estate was drawn from the deck.
copper was drawn from the deck.
copper was drawn from the deck.
copper was drawn from the deck.
Player1 gained curse card because of embargo token.
Player1 gained curse
Player1 gained curse card because of embargo token.
Player1 gained curse
Player1 gained curse card because of embargo token.
Player1 gained curse
Player1 gained curse card because of embargo token.
Player1 gained curse
Player1 bought mine

Player2 is now starting a turn.
copper was drawn from the deck.
copper was drawn from the deck.
estate was drawn from the deck.
estate was drawn from the deck.
copper was drawn from the deck.
Player2 bought mine

Player1 is now starting a turn.
Shuffling Player1&apos;s deck.
curse was drawn from the deck.
curse was drawn from the deck.
curse was drawn from the deck.
copper was drawn from the deck.
estate was drawn from the deck.
Player1 bought embargo

Player2 is now starting a turn.
Shuffling Player2&apos;s deck.
curse was drawn from the deck.
curse was drawn from the deck.
copper was drawn from the deck.
estate was drawn from the deck.
estate was drawn from the deck.
Player2 bought ambassador

Player1 is now starting a turn.
copper was drawn from the deck.
curse was drawn from the deck.
copper was drawn from the deck.
copper was drawn from the deck.
copper was drawn from the deck.
Player1 bought gardens

Player2 is now starting a turn.
copper was drawn from the deck.
mine was drawn from the deck.
copper was drawn from the deck.
copper was drawn from the deck.
duchy was drawn from the deck.
Playing action card: mine
Player2 gained gold
Player2 bought adventurer

Player1 is now starting a turn.
curse was drawn from the deck.
duchy was drawn from the deck.
copper was drawn from the deck.
curse was drawn from the deck.
mine was drawn from the deck.
Playing action card: mine
Player1 gained gold
Player1 bought smithy

Player2 is now starting a turn.
copper was drawn from the deck.
estate was drawn from the deck.
curse was drawn from the deck.
copper was drawn from the deck.
copper was drawn from the deck.
Player2 bought gardens

Player1 is now starting a turn.
estate was drawn from the deck.
copper was drawn from the deck.
curse was drawn from the deck.
estate was drawn from the deck.
Shuffling Player1&apos;s deck.
curse was drawn from the deck.
Player1 bought ambassador

Player2 is now starting a turn.
Shuffling Player2&apos;s deck.
gold was drawn from the deck.
estate was drawn from the deck.
ambassador was drawn from the deck.
copper was drawn from the deck.
copper was drawn from the deck.
Playing action card: ambassador
Player2 returned 0 copies of copper
Player1 gained copper
Player2 bought gold

Player1 is now starting a turn.
copper was drawn from the deck.
gold was drawn from the deck.
mine was drawn from the deck.
curse was drawn from the deck.
smithy was drawn from the deck.
Playing action card: mine
Player1 gained gold
Player1 bought gold

Player2 is now starting a turn.
duchy was drawn from the deck.
adventurer was drawn from the deck.
copper was drawn from the deck.
estate was drawn from the deck.
copper was drawn from the deck.
Playing action card: adventurer
copper was drawn from the deck.
estate was drawn from the deck.
Player2 discarded estate
curse was drawn from the deck.
Player2 discarded curse
copper was drawn from the deck.
Player2 bought duchy

Player1 is now starting a turn.
copper was drawn from the deck.
curse was drawn from the deck.
copper was drawn from the deck.
curse was drawn from the deck.
curse was drawn from the deck.
Player1 bought embargo

Player2 is now starting a turn.
curse was drawn from the deck.
gardens was drawn from the deck.
curse was drawn from the deck.
mine was drawn from the deck.
copper was drawn from the deck.
Playing action card: mine
Player2 gained gold
Player2 bought seahag

Player1 is now starting a turn.
estate was drawn from the deck.
duchy was drawn from the deck.
copper was drawn from the deck.
curse was drawn from the deck.
copper was drawn from the deck.
Player1 bought village

Player2 is now starting a turn.
Shuffling Player2&apos;s deck.
estate was drawn from the deck.
curse was drawn from the deck.
estate was drawn from the deck.
ambassador was drawn from the deck.
copper was drawn from the deck.
Playing action card: ambassador
Player2 returned 1 copies of estate
Player1 gained estate
Player2 bought estate

Player1 is now starting a turn.
embargo was drawn from the deck.
gardens was drawn from the deck.
copper was drawn from the deck.
Shuffling Player1&apos;s deck.
estate was drawn from the deck.
curse was drawn from the deck.
Playing action card: embargo
Player1 added embargo token to gardens supply pile.
Player1 bought seahag

Player2 is now starting a turn.
copper was drawn from the deck.
adventurer was drawn from the deck.
copper was drawn from the deck.
duchy was drawn from the deck.
seahag was drawn from the deck.
Playing action card: adventurer
gold was drawn from the deck.
gardens was drawn from the deck.
Player2 discarded gardens
estate was drawn from the deck.
Player2 discarded estate
copper was drawn from the deck.
Player2 bought gold

Player1 is now starting a turn.
copper was drawn from the deck.
smithy was drawn from the deck.
copper was drawn from the deck.
mine was drawn from the deck.
copper was drawn from the deck.
Playing action card: mine
Player1 gained gold
Player1 bought adventurer

Player2 is now starting a turn.
curse was drawn from the deck.
mine was drawn from the deck.
gold was drawn from the deck.
curse was drawn from the deck.
copper was drawn from the deck.
Playing action card: mine
Player2 gained gold
Player2 bought gold

Player1 is now starting a turn.
curse was drawn from the deck.
estate was drawn from the deck.
gold was drawn from the deck.
curse was drawn from the deck.
copper was drawn from the deck.
Player1 bought duchy

Player2 is now starting a turn.
gold was drawn from the deck.
copper was drawn from the deck.
copper was drawn from the deck.
duchy was drawn from the deck.
Shuffling Player2&apos;s deck.
estate was drawn from the deck.
Player2 bought gold

Player1 is now starting a turn.
gold was drawn from the deck.
estate was drawn from the deck.
curse was drawn from the deck.
village was drawn from the deck.
ambassador was drawn from the deck.
Playing action card: village
duchy was drawn from the deck.
Playing action card: ambassador
Player1 returned 0 copies of curse
Player1 bought gardens

Player2 is now starting a turn.
gold was drawn from the deck.
copper was drawn from the deck.
gardens was drawn from the deck.
gold was drawn from the deck.
ambassador was drawn from the deck.
Playing action card: ambassador
Player2 returned 0 copies of copper
Player1 gained copper
Player2 bought adventurer

Player1 is now starting a turn.
copper was drawn from the deck.
gold was drawn from the deck.
estate was drawn from the deck.
curse was drawn from the deck.
embargo was drawn from the deck.
Playing action card: embargo
Player1 added embargo token to cutpurse supply pile.
Player1 bought adventurer

Player2 is now starting a turn.
adventurer was drawn from the deck.
curse was drawn from the deck.
curse was drawn from the deck.
copper was drawn from the deck.
gold was drawn from the deck.
Playing action card: adventurer
mine was drawn from the deck.
Player2 discarded mine
copper was drawn from the deck.
gold was drawn from the deck.
Player2 bought province

Player1 is now starting a turn.
curse was drawn from the deck.
copper was drawn from the deck.
curse was drawn from the deck.
copper was drawn from the deck.
Shuffling Player1&apos;s deck.
curse was drawn from the deck.
Player1 bought embargo

Player2 is now starting a turn.
curse was drawn from the deck.
copper was drawn from the deck.
seahag was drawn from the deck.
estate was drawn from the deck.
estate was drawn from the deck.
Playing action card: seahag
gold was drawn from the deck.
Player1 discarded gold
Player1 gained curse to top of deck.
Player2 bought silver

Player1 is now starting a turn.
curse was drawn from the deck.
copper was drawn from the deck.
village was drawn from the deck.
curse was drawn from the deck.
mine was drawn from the deck.
Playing action card: village
curse was drawn from the deck.
Playing action card: mine
Player1 gained gold
Player1 bought cutpurse

Player2 is now starting a turn.
gold was drawn from the deck.
copper was drawn from the deck.
duchy was drawn from the deck.
Shuffling Player2&apos;s deck.
adventurer was drawn from the deck.
gold was drawn from the deck.
Playing action card: adventurer
province was drawn from the deck.
Player2 discarded province
mine was drawn from the deck.
Player2 discarded mine
gold was drawn from the deck.
curse was drawn from the deck.
Player2 discarded curse
seahag was drawn from the deck.
Player2 discarded seahag
gold was drawn from the deck.
Player2 bought province

Player1 is now starting a turn.
estate was drawn from the deck.
estate was drawn from the deck.
gold was drawn from the deck.
curse was drawn from the deck.
embargo was drawn from the deck.
Playing action card: embargo
Player1 added embargo token to ambassador supply pile.
Player1 bought gold

Player2 is now starting a turn.
ambassador was drawn from the deck.
duchy was drawn from the deck.
estate was drawn from the deck.
copper was drawn from the deck.
silver was drawn from the deck.
Playing action card: ambassador
Player2 returned 0 copies of estate
Player1 gained estate
Player2 bought seahag

Player1 is now starting a turn.
gold was drawn from the deck.
copper was drawn from the deck.
gold was drawn from the deck.
copper was drawn from the deck.
copper was drawn from the deck.
Player1 bought province

Player2 is now starting a turn.
curse was drawn from the deck.
copper was drawn from the deck.
copper was drawn from the deck.
copper was drawn from the deck.
gold was drawn from the deck.
Player2 bought gold

Player1 is now starting a turn.
duchy was drawn from the deck.
copper was drawn from the deck.
estate was drawn from the deck.
copper was drawn from the deck.
adventurer was drawn from the deck.
Playing action card: adventurer
duchy was drawn from the deck.
Player1 discarded duchy
smithy was drawn from the deck.
Player1 discarded smithy
ambassador was drawn from the deck.
Player1 discarded ambassador
gardens was drawn from the deck.
Player1 discarded gardens
adventurer was drawn from the deck.
Player1 discarded adventurer
gardens was drawn from the deck.
Player1 discarded gardens
seahag was drawn from the deck.
Player1 discarded seahag
estate was drawn from the deck.
Player1 discarded estate
copper was drawn from the deck.
curse was drawn from the deck.
Player1 discarded curse
embargo was drawn from the deck.
Player1 discarded embargo
Player1 bought seahag

Player2 is now starting a turn.
estate was drawn from the deck.
copper was drawn from the deck.
copper was drawn from the deck.
curse was drawn from the deck.
estate was drawn from the deck.
Player2 bought seahag

Player1 is now starting a turn.
Shuffling Player1&apos;s deck.
curse was drawn from the deck.
gold was drawn from the deck.
embargo was drawn from the deck.
copper was drawn from the deck.
estate was drawn from the deck.
Playing action card: embargo
Player1 added embargo token to gardens supply pile.
Player1 bought gold

Player2 is now starting a turn.
adventurer was drawn from the deck.
gardens was drawn from the deck.
gold was drawn from the deck.
gold was drawn from the deck.
Shuffling Player2&apos;s deck.
silver was drawn from the deck.
Playing action card: adventurer
curse was drawn from the deck.
Player2 discarded curse
adventurer was drawn from the deck.
Player2 discarded adventurer
estate was drawn from the deck.
Player2 discarded estate
seahag was drawn from the deck.
Player2 discarded seahag
gold was drawn from the deck.
gold was drawn from the deck.
Player2 bought province

Player1 is now starting a turn.
copper was drawn from the deck.
estate was drawn from the deck.
copper was drawn from the deck.
gold was drawn from the deck.
ambassador was drawn from the deck.
Playing action card: ambassador
Player1 returned 0 copies of copper
Player2 gained copper
Player1 bought gold

Player2 is now starting a turn.
copper was drawn from the deck.
province was drawn from the deck.
copper was drawn from the deck.
curse was drawn from the deck.
copper was drawn from the deck.
Player2 bought village

Player1 is now starting a turn.
embargo was drawn from the deck.
adventurer was drawn from the deck.
curse was drawn from the deck.
province was drawn from the deck.
curse was drawn from the deck.
Playing action card: embargo
Player1 added embargo token to smithy supply pile.
Player1 bought estate

Player2 is now starting a turn.
estate was drawn from the deck.
curse was drawn from the deck.
gold was drawn from the deck.
seahag was drawn from the deck.
gold was drawn from the deck.
Playing action card: seahag
estate was drawn from the deck.
Player1 discarded estate
Player1 gained curse to top of deck.
Player2 bought gold

Player1 is now starting a turn.
curse was drawn from the deck.
cutpurse was drawn from the deck.
copper was drawn from the deck.
curse was drawn from the deck.
gardens was drawn from the deck.
Playing action card: cutpurse
Player2 had no coppers to discard. 
Player1 bought great_hall

Player2 is now starting a turn.
mine was drawn from the deck.
gold was drawn from the deck.
estate was drawn from the deck.
gold was drawn from the deck.
duchy was drawn from the deck.
Playing action card: mine
Player2 gained gold
Player2 bought province

Player1 is now starting a turn.
gardens was drawn from the deck.
mine was drawn from the deck.
copper was drawn from the deck.
duchy was drawn from the deck.
seahag was drawn from the deck.
Playing action card: seahag
copper was drawn from the deck.
Player2 discarded copper
Player2 gained curse to top of deck.
Player1 bought copper

Player2 is now starting a turn.
curse was drawn from the deck.
copper was drawn from the deck.
province was drawn from the deck.
seahag was drawn from the deck.
copper was drawn from the deck.
Playing action card: seahag
embargo was drawn from the deck.
Player1 discarded embargo
Player1 gained curse to top of deck.
Player2 bought embargo

Player1 is now starting a turn.
curse was drawn from the deck.
estate was drawn from the deck.
village was drawn from the deck.
copper was drawn from the deck.
curse was drawn from the deck.
Playing action card: village
gold was drawn from the deck.
Player1 bought mine

Player2 is now starting a turn.
ambassador was drawn from the deck.
duchy was drawn from the deck.
copper was drawn from the deck.
Shuffling Player2&apos;s deck.
copper was drawn from the deck.
adventurer was drawn from the deck.
Playing action card: adventurer
gardens was drawn from the deck.
Player2 discarded gardens
curse was drawn from the deck.
Player2 discarded curse
gold was drawn from the deck.
gold was drawn from the deck.
Player2 bought province

Player1 is now starting a turn.
duchy was drawn from the deck.
copper was drawn from the deck.
copper was drawn from the deck.
gold was drawn from the deck.
adventurer was drawn from the deck.
Playing action card: adventurer
smithy was drawn from the deck.
Player1 discarded smithy
gold was drawn from the deck.
copper was drawn from the deck.
Player1 bought province

Player2 is now starting a turn.
copper was drawn from the deck.
seahag was drawn from the deck.
copper was drawn from the deck.
estate was drawn from the deck.
curse was drawn from the deck.
Playing action card: seahag
curse was drawn from the deck.
Player1 discarded curse
Player1 gained curse to top of deck.
Player2 bought village

Player1 is now starting a turn.
curse was drawn from the deck.
curse was drawn from the deck.
estate was drawn from the deck.
gold was drawn from the deck.
seahag was drawn from the deck.
Playing action card: seahag
mine was drawn from the deck.
Player2 discarded mine
Player2 gained curse to top of deck.
Player1 bought gardens

Player2 is now starting a turn.
curse was drawn from the deck.
estate was drawn from the deck.
copper was drawn from the deck.
gold was drawn from the deck.
embargo was drawn from the deck.
Playing action card: embargo
Player2 added embargo token to adventurer supply pile.
Player2 bought adventurer

Player1 is now starting a turn.
curse was drawn from the deck.
Shuffling Player1&apos;s deck.
curse was drawn from the deck.
curse was drawn from the deck.
adventurer was drawn from the deck.
gold was drawn from the deck.
Playing action card: adventurer
estate was drawn from the deck.
Player1 discarded estate
curse was drawn from the deck.
Player1 discarded curse
curse was drawn from the deck.
Player1 discarded curse
ambassador was drawn from the deck.
Player1 discarded ambassador
embargo was drawn from the deck.
Player1 discarded embargo
embargo was drawn from the deck.
Player1 discarded embargo
cutpurse was drawn from the deck.
Player1 discarded cutpurse
curse was drawn from the deck.
Player1 discarded curse
copper was drawn from the deck.
estate was drawn from the deck.
Player1 discarded estate
gold was drawn from the deck.
Player1 bought gold

Player2 is now starting a turn.
seahag was drawn from the deck.
gold was drawn from the deck.
copper was drawn from the deck.
estate was drawn from the deck.
silver was drawn from the deck.
Playing action card: seahag
copper was drawn from the deck.
Player1 discarded copper
Player1 gained curse to top of deck.
Player2 bought gold

Player1 is now starting a turn.
curse was drawn from the deck.
copper was drawn from the deck.
seahag was drawn from the deck.
gold was drawn from the deck.
duchy was drawn from the deck.
Playing action card: seahag
gold was drawn from the deck.
Player2 discarded gold
Player2 gained curse to top of deck.
Player1 bought cutpurse

Player2 is now starting a turn.
curse was drawn from the deck.
curse was drawn from the deck.
province was drawn from the deck.
gold was drawn from the deck.
gold was drawn from the deck.
Player2 bought adventurer

Player1 is now starting a turn.
province was drawn from the deck.
great_hall was drawn from the deck.
gold was drawn from the deck.
copper was drawn from the deck.
gold was drawn from the deck.
Playing action card: great_hall
estate was drawn from the deck.
Player1 bought province
GAME OVER! Province card pile is empty. 
Player1: 2493
Player2: 1372
Player1: 2493
Player2: 1372
Player1 gained duchy
Player2 gained duchy
curse was drawn from the deck.
Player1 discarded curse
Player1 gained curse to top of deck.
gold was drawn from the deck.
Player2 discarded gold
Player2 gained curse to top of deck.
</system-out>
  </testcase>
  <testcase classname="RegressionTest" name="test377" time="0.014"/>
  <testcase classname="RegressionTest" name="test378" time="0.012"/>
  <testcase classname="RegressionTest" name="test379" time="0"/>
  <testcase classname="RegressionTest" name="test380" time="0"/>
  <testcase classname="RegressionTest" name="test381" time="0"/>
  <testcase classname="RegressionTest" name="test382" time="0">
    <failure message="&apos;curse&apos; != &apos;copper&apos;" type="java.lang.AssertionError">java.lang.AssertionError: &apos;curse&apos; != &apos;copper&apos;
	at org.junit.Assert.fail(Assert.java:88)
	at org.junit.Assert.assertTrue(Assert.java:41)
	at RegressionTest.test382(RegressionTest.java:25668)
	at sun.reflect.NativeMethodAccessorImpl.invoke0(Native Method)
	at sun.reflect.NativeMethodAccessorImpl.invoke(NativeMethodAccessorImpl.java:62)
	at sun.reflect.DelegatingMethodAccessorImpl.invoke(DelegatingMethodAccessorImpl.java:43)
	at java.lang.reflect.Method.invoke(Method.java:498)
	at org.junit.runners.model.FrameworkMethod$1.runReflectiveCall(FrameworkMethod.java:47)
	at org.junit.internal.runners.model.ReflectiveCallable.run(ReflectiveCallable.java:12)
	at org.junit.runners.model.FrameworkMethod.invokeExplosively(FrameworkMethod.java:44)
	at org.junit.internal.runners.statements.InvokeMethod.evaluate(InvokeMethod.java:17)
	at org.junit.runners.ParentRunner.runLeaf(ParentRunner.java:271)
	at org.junit.runners.BlockJUnit4ClassRunner.runChild(BlockJUnit4ClassRunner.java:70)
	at org.junit.runners.BlockJUnit4ClassRunner.runChild(BlockJUnit4ClassRunner.java:50)
	at org.junit.runners.ParentRunner$3.run(ParentRunner.java:238)
	at org.junit.runners.ParentRunner$1.schedule(ParentRunner.java:63)
	at org.junit.runners.ParentRunner.runChildren(ParentRunner.java:236)
	at org.junit.runners.ParentRunner.access$000(ParentRunner.java:53)
	at org.junit.runners.ParentRunner$2.evaluate(ParentRunner.java:229)
	at org.junit.runners.ParentRunner.run(ParentRunner.java:309)
	at org.apache.maven.surefire.junit4.JUnit4Provider.execute(JUnit4Provider.java:252)
	at org.apache.maven.surefire.junit4.JUnit4Provider.executeTestSet(JUnit4Provider.java:141)
	at org.apache.maven.surefire.junit4.JUnit4Provider.invoke(JUnit4Provider.java:112)
	at sun.reflect.NativeMethodAccessorImpl.invoke0(Native Method)
	at sun.reflect.NativeMethodAccessorImpl.invoke(NativeMethodAccessorImpl.java:62)
	at sun.reflect.DelegatingMethodAccessorImpl.invoke(DelegatingMethodAccessorImpl.java:43)
	at java.lang.reflect.Method.invoke(Method.java:498)
	at org.apache.maven.surefire.util.ReflectionUtils.invokeMethodWithArray(ReflectionUtils.java:189)
	at org.apache.maven.surefire.booter.ProviderFactory$ProviderProxy.invoke(ProviderFactory.java:165)
	at org.apache.maven.surefire.booter.ProviderFactory.invokeProvider(ProviderFactory.java:85)
	at org.apache.maven.surefire.booter.ForkedBooter.runSuitesInProcess(ForkedBooter.java:115)
	at org.apache.maven.surefire.booter.ForkedBooter.main(ForkedBooter.java:75)
</failure>
    <system-out> discarded mine
</system-out>
  </testcase>
  <testcase classname="RegressionTest" name="test383" time="0"/>
  <testcase classname="RegressionTest" name="test384" time="0.014">
    <failure type="java.lang.AssertionError">java.lang.AssertionError
	at org.junit.Assert.fail(Assert.java:86)
	at org.junit.Assert.assertTrue(Assert.java:41)
	at org.junit.Assert.assertTrue(Assert.java:52)
	at RegressionTest.test384(RegressionTest.java:25806)
	at sun.reflect.NativeMethodAccessorImpl.invoke0(Native Method)
	at sun.reflect.NativeMethodAccessorImpl.invoke(NativeMethodAccessorImpl.java:62)
	at sun.reflect.DelegatingMethodAccessorImpl.invoke(DelegatingMethodAccessorImpl.java:43)
	at java.lang.reflect.Method.invoke(Method.java:498)
	at org.junit.runners.model.FrameworkMethod$1.runReflectiveCall(FrameworkMethod.java:47)
	at org.junit.internal.runners.model.ReflectiveCallable.run(ReflectiveCallable.java:12)
	at org.junit.runners.model.FrameworkMethod.invokeExplosively(FrameworkMethod.java:44)
	at org.junit.internal.runners.statements.InvokeMethod.evaluate(InvokeMethod.java:17)
	at org.junit.runners.ParentRunner.runLeaf(ParentRunner.java:271)
	at org.junit.runners.BlockJUnit4ClassRunner.runChild(BlockJUnit4ClassRunner.java:70)
	at org.junit.runners.BlockJUnit4ClassRunner.runChild(BlockJUnit4ClassRunner.java:50)
	at org.junit.runners.ParentRunner$3.run(ParentRunner.java:238)
	at org.junit.runners.ParentRunner$1.schedule(ParentRunner.java:63)
	at org.junit.runners.ParentRunner.runChildren(ParentRunner.java:236)
	at org.junit.runners.ParentRunner.access$000(ParentRunner.java:53)
	at org.junit.runners.ParentRunner$2.evaluate(ParentRunner.java:229)
	at org.junit.runners.ParentRunner.run(ParentRunner.java:309)
	at org.apache.maven.surefire.junit4.JUnit4Provider.execute(JUnit4Provider.java:252)
	at org.apache.maven.surefire.junit4.JUnit4Provider.executeTestSet(JUnit4Provider.java:141)
	at org.apache.maven.surefire.junit4.JUnit4Provider.invoke(JUnit4Provider.java:112)
	at sun.reflect.NativeMethodAccessorImpl.invoke0(Native Method)
	at sun.reflect.NativeMethodAccessorImpl.invoke(NativeMethodAccessorImpl.java:62)
	at sun.reflect.DelegatingMethodAccessorImpl.invoke(DelegatingMethodAccessorImpl.java:43)
	at java.lang.reflect.Method.invoke(Method.java:498)
	at org.apache.maven.surefire.util.ReflectionUtils.invokeMethodWithArray(ReflectionUtils.java:189)
	at org.apache.maven.surefire.booter.ProviderFactory$ProviderProxy.invoke(ProviderFactory.java:165)
	at org.apache.maven.surefire.booter.ProviderFactory.invokeProvider(ProviderFactory.java:85)
	at org.apache.maven.surefire.booter.ForkedBooter.runSuitesInProcess(ForkedBooter.java:115)
	at org.apache.maven.surefire.booter.ForkedBooter.main(ForkedBooter.java:75)
</failure>
    <system-out>
STARTING NEW GAME!

Player1 is now starting a turn.
Shuffling Player1&apos;s deck.
copper was drawn from the deck.
copper was drawn from the deck.
estate was drawn from the deck.
copper was drawn from the deck.
estate was drawn from the deck.
Player1 gained curse card because of embargo token.
Player1 gained curse
Player1 gained curse card because of embargo token.
Player1 gained curse
Player1 gained curse card because of embargo token.
Player1 gained curse
Player1 bought duchy

Player2 is now starting a turn.
Shuffling Player2&apos;s deck.
copper was drawn from the deck.
copper was drawn from the deck.
estate was drawn from the deck.
copper was drawn from the deck.
copper was drawn from the deck.
Player2 gained curse card because of embargo token.
Player2 gained curse
Player2 gained curse card because of embargo token.
Player2 gained curse
Player2 gained curse card because of embargo token.
Player2 gained curse
Player2 bought duchy

Player1 is now starting a turn.
copper was drawn from the deck.
estate was drawn from the deck.
copper was drawn from the deck.
copper was drawn from the deck.
copper was drawn from the deck.
Player1 gained curse card because of embargo token.
Player1 gained curse
Player1 gained curse card because of embargo token.
Player1 gained curse
Player1 gained curse card because of embargo token.
Player1 gained curse
Player1 gained curse card because of embargo token.
Player1 gained curse
Player1 bought mine

Player2 is now starting a turn.
copper was drawn from the deck.
copper was drawn from the deck.
estate was drawn from the deck.
estate was drawn from the deck.
copper was drawn from the deck.
Player2 bought mine

Player1 is now starting a turn.
Shuffling Player1&apos;s deck.
curse was drawn from the deck.
curse was drawn from the deck.
curse was drawn from the deck.
copper was drawn from the deck.
estate was drawn from the deck.
Player1 bought embargo

Player2 is now starting a turn.
Shuffling Player2&apos;s deck.
curse was drawn from the deck.
curse was drawn from the deck.
copper was drawn from the deck.
estate was drawn from the deck.
estate was drawn from the deck.
Player2 bought ambassador

Player1 is now starting a turn.
copper was drawn from the deck.
curse was drawn from the deck.
copper was drawn from the deck.
copper was drawn from the deck.
copper was drawn from the deck.
Player1 bought gardens

Player2 is now starting a turn.
copper was drawn from the deck.
mine was drawn from the deck.
copper was drawn from the deck.
copper was drawn from the deck.
duchy was drawn from the deck.
Playing action card: mine
Player2 gained gold
Player2 bought adventurer

Player1 is now starting a turn.
curse was drawn from the deck.
duchy was drawn from the deck.
copper was drawn from the deck.
curse was drawn from the deck.
mine was drawn from the deck.
Playing action card: mine
Player1 gained gold
Player1 bought smithy

Player2 is now starting a turn.
copper was drawn from the deck.
estate was drawn from the deck.
curse was drawn from the deck.
copper was drawn from the deck.
copper was drawn from the deck.
Player2 bought gardens

Player1 is now starting a turn.
estate was drawn from the deck.
copper was drawn from the deck.
curse was drawn from the deck.
estate was drawn from the deck.
Shuffling Player1&apos;s deck.
curse was drawn from the deck.
Player1 bought ambassador

Player2 is now starting a turn.
Shuffling Player2&apos;s deck.
gold was drawn from the deck.
estate was drawn from the deck.
ambassador was drawn from the deck.
copper was drawn from the deck.
copper was drawn from the deck.
Playing action card: ambassador
Player2 returned 0 copies of copper
Player1 gained copper
Player2 bought gold

Player1 is now starting a turn.
copper was drawn from the deck.
gold was drawn from the deck.
mine was drawn from the deck.
curse was drawn from the deck.
smithy was drawn from the deck.
Playing action card: mine
Player1 gained gold
Player1 bought gold

Player2 is now starting a turn.
duchy was drawn from the deck.
adventurer was drawn from the deck.
copper was drawn from the deck.
estate was drawn from the deck.
copper was drawn from the deck.
Playing action card: adventurer
copper was drawn from the deck.
estate was drawn from the deck.
Player2 discarded estate
curse was drawn from the deck.
Player2 discarded curse
copper was drawn from the deck.
Player2 bought duchy

Player1 is now starting a turn.
copper was drawn from the deck.
curse was drawn from the deck.
copper was drawn from the deck.
curse was drawn from the deck.
curse was drawn from the deck.
Player1 bought embargo

Player2 is now starting a turn.
curse was drawn from the deck.
gardens was drawn from the deck.
curse was drawn from the deck.
mine was drawn from the deck.
copper was drawn from the deck.
Playing action card: mine
Player2 gained gold
Player2 bought seahag

Player1 is now starting a turn.
estate was drawn from the deck.
duchy was drawn from the deck.
copper was drawn from the deck.
curse was drawn from the deck.
copper was drawn from the deck.
Player1 bought village

Player2 is now starting a turn.
Shuffling Player2&apos;s deck.
estate was drawn from the deck.
curse was drawn from the deck.
estate was drawn from the deck.
ambassador was drawn from the deck.
copper was drawn from the deck.
Playing action card: ambassador
Player2 returned 1 copies of estate
Player1 gained estate
Player2 bought estate

Player1 is now starting a turn.
embargo was drawn from the deck.
gardens was drawn from the deck.
copper was drawn from the deck.
Shuffling Player1&apos;s deck.
estate was drawn from the deck.
curse was drawn from the deck.
Playing action card: embargo
Player1 added embargo token to gardens supply pile.
Player1 bought seahag

Player2 is now starting a turn.
copper was drawn from the deck.
adventurer was drawn from the deck.
copper was drawn from the deck.
duchy was drawn from the deck.
seahag was drawn from the deck.
Playing action card: adventurer
gold was drawn from the deck.
gardens was drawn from the deck.
Player2 discarded gardens
estate was drawn from the deck.
Player2 discarded estate
copper was drawn from the deck.
Player2 bought gold

Player1 is now starting a turn.
copper was drawn from the deck.
smithy was drawn from the deck.
copper was drawn from the deck.
mine was drawn from the deck.
copper was drawn from the deck.
Playing action card: mine
Player1 gained gold
Player1 bought adventurer

Player2 is now starting a turn.
curse was drawn from the deck.
mine was drawn from the deck.
gold was drawn from the deck.
curse was drawn from the deck.
copper was drawn from the deck.
Playing action card: mine
Player2 gained gold
Player2 bought gold

Player1 is now starting a turn.
curse was drawn from the deck.
estate was drawn from the deck.
gold was drawn from the deck.
curse was drawn from the deck.
copper was drawn from the deck.
Player1 bought duchy

Player2 is now starting a turn.
gold was drawn from the deck.
copper was drawn from the deck.
copper was drawn from the deck.
duchy was drawn from the deck.
Shuffling Player2&apos;s deck.
estate was drawn from the deck.
Player2 bought gold

Player1 is now starting a turn.
gold was drawn from the deck.
estate was drawn from the deck.
curse was drawn from the deck.
village was drawn from the deck.
ambassador was drawn from the deck.
Playing action card: village
duchy was drawn from the deck.
Playing action card: ambassador
Player1 returned 0 copies of curse
Player1 bought gardens

Player2 is now starting a turn.
gold was drawn from the deck.
copper was drawn from the deck.
gardens was drawn from the deck.
gold was drawn from the deck.
ambassador was drawn from the deck.
Playing action card: ambassador
Player2 returned 0 copies of copper
Player1 gained copper
Player2 bought adventurer

Player1 is now starting a turn.
copper was drawn from the deck.
gold was drawn from the deck.
estate was drawn from the deck.
curse was drawn from the deck.
embargo was drawn from the deck.
Playing action card: embargo
Player1 added embargo token to cutpurse supply pile.
Player1 bought adventurer

Player2 is now starting a turn.
adventurer was drawn from the deck.
curse was drawn from the deck.
curse was drawn from the deck.
copper was drawn from the deck.
gold was drawn from the deck.
Playing action card: adventurer
mine was drawn from the deck.
Player2 discarded mine
copper was drawn from the deck.
gold was drawn from the deck.
Player2 bought province

Player1 is now starting a turn.
curse was drawn from the deck.
copper was drawn from the deck.
curse was drawn from the deck.
copper was drawn from the deck.
Shuffling Player1&apos;s deck.
curse was drawn from the deck.
Player1 bought embargo

Player2 is now starting a turn.
curse was drawn from the deck.
copper was drawn from the deck.
seahag was drawn from the deck.
estate was drawn from the deck.
estate was drawn from the deck.
Playing action card: seahag
gold was drawn from the deck.
Player1 discarded gold
Player1 gained curse to top of deck.
Player2 bought silver

Player1 is now starting a turn.
curse was drawn from the deck.
copper was drawn from the deck.
village was drawn from the deck.
curse was drawn from the deck.
mine was drawn from the deck.
Playing action card: village
curse was drawn from the deck.
Playing action card: mine
Player1 gained gold
Player1 bought cutpurse

Player2 is now starting a turn.
gold was drawn from the deck.
copper was drawn from the deck.
duchy was drawn from the deck.
Shuffling Player2&apos;s deck.
adventurer was drawn from the deck.
gold was drawn from the deck.
Playing action card: adventurer
province was drawn from the deck.
Player2 discarded province
mine was drawn from the deck.
Player2 discarded mine
gold was drawn from the deck.
curse was drawn from the deck.
Player2 discarded curse
seahag was drawn from the deck.
Player2 discarded seahag
gold was drawn from the deck.
Player2 bought province

Player1 is now starting a turn.
estate was drawn from the deck.
estate was drawn from the deck.
gold was drawn from the deck.
curse was drawn from the deck.
embargo was drawn from the deck.
Playing action card: embargo
Player1 added embargo token to ambassador supply pile.
Player1 bought gold

Player2 is now starting a turn.
ambassador was drawn from the deck.
duchy was drawn from the deck.
estate was drawn from the deck.
copper was drawn from the deck.
silver was drawn from the deck.
Playing action card: ambassador
Player2 returned 0 copies of estate
Player1 gained estate
Player2 bought seahag

Player1 is now starting a turn.
gold was drawn from the deck.
copper was drawn from the deck.
gold was drawn from the deck.
copper was drawn from the deck.
copper was drawn from the deck.
Player1 bought province

Player2 is now starting a turn.
curse was drawn from the deck.
copper was drawn from the deck.
copper was drawn from the deck.
copper was drawn from the deck.
gold was drawn from the deck.
Player2 bought gold

Player1 is now starting a turn.
duchy was drawn from the deck.
copper was drawn from the deck.
estate was drawn from the deck.
copper was drawn from the deck.
adventurer was drawn from the deck.
Playing action card: adventurer
duchy was drawn from the deck.
Player1 discarded duchy
smithy was drawn from the deck.
Player1 discarded smithy
ambassador was drawn from the deck.
Player1 discarded ambassador
gardens was drawn from the deck.
Player1 discarded gardens
adventurer was drawn from the deck.
Player1 discarded adventurer
gardens was drawn from the deck.
Player1 discarded gardens
seahag was drawn from the deck.
Player1 discarded seahag
estate was drawn from the deck.
Player1 discarded estate
copper was drawn from the deck.
curse was drawn from the deck.
Player1 discarded curse
embargo was drawn from the deck.
Player1 discarded embargo
Player1 bought seahag

Player2 is now starting a turn.
estate was drawn from the deck.
copper was drawn from the deck.
copper was drawn from the deck.
curse was drawn from the deck.
estate was drawn from the deck.
Player2 bought seahag

Player1 is now starting a turn.
Shuffling Player1&apos;s deck.
curse was drawn from the deck.
gold was drawn from the deck.
embargo was drawn from the deck.
copper was drawn from the deck.
estate was drawn from the deck.
Playing action card: embargo
Player1 added embargo token to gardens supply pile.
Player1 bought gold

Player2 is now starting a turn.
adventurer was drawn from the deck.
gardens was drawn from the deck.
gold was drawn from the deck.
gold was drawn from the deck.
Shuffling Player2&apos;s deck.
silver was drawn from the deck.
Playing action card: adventurer
curse was drawn from the deck.
Player2 discarded curse
adventurer was drawn from the deck.
Player2 discarded adventurer
estate was drawn from the deck.
Player2 discarded estate
seahag was drawn from the deck.
Player2 discarded seahag
gold was drawn from the deck.
gold was drawn from the deck.
Player2 bought province

Player1 is now starting a turn.
copper was drawn from the deck.
estate was drawn from the deck.
copper was drawn from the deck.
gold was drawn from the deck.
ambassador was drawn from the deck.
Playing action card: ambassador
Player1 returned 0 copies of copper
Player2 gained copper
Player1 bought gold

Player2 is now starting a turn.
copper was drawn from the deck.
province was drawn from the deck.
copper was drawn from the deck.
curse was drawn from the deck.
copper was drawn from the deck.
Player2 bought village

Player1 is now starting a turn.
embargo was drawn from the deck.
adventurer was drawn from the deck.
curse was drawn from the deck.
province was drawn from the deck.
curse was drawn from the deck.
Playing action card: embargo
Player1 added embargo token to smithy supply pile.
Player1 bought estate

Player2 is now starting a turn.
estate was drawn from the deck.
curse was drawn from the deck.
gold was drawn from the deck.
seahag was drawn from the deck.
gold was drawn from the deck.
Playing action card: seahag
estate was drawn from the deck.
Player1 discarded estate
Player1 gained curse to top of deck.
Player2 bought gold

Player1 is now starting a turn.
curse was drawn from the deck.
cutpurse was drawn from the deck.
copper was drawn from the deck.
curse was drawn from the deck.
gardens was drawn from the deck.
Playing action card: cutpurse
Player2 had no coppers to discard. 
Player1 bought great_hall

Player2 is now starting a turn.
mine was drawn from the deck.
gold was drawn from the deck.
estate was drawn from the deck.
gold was drawn from the deck.
duchy was drawn from the deck.
Playing action card: mine
Player2 gained gold
Player2 bought province

Player1 is now starting a turn.
gardens was drawn from the deck.
mine was drawn from the deck.
copper was drawn from the deck.
duchy was drawn from the deck.
seahag was drawn from the deck.
Playing action card: seahag
copper was drawn from the deck.
Player2 discarded copper
Player2 gained curse to top of deck.
Player1 bought copper

Player2 is now starting a turn.
curse was drawn from the deck.
copper was drawn from the deck.
province was drawn from the deck.
seahag was drawn from the deck.
copper was drawn from the deck.
Playing action card: seahag
embargo was drawn from the deck.
Player1 discarded embargo
Player1 gained curse to top of deck.
Player2 bought embargo

Player1 is now starting a turn.
curse was drawn from the deck.
estate was drawn from the deck.
village was drawn from the deck.
copper was drawn from the deck.
curse was drawn from the deck.
Playing action card: village
gold was drawn from the deck.
Player1 bought mine

Player2 is now starting a turn.
ambassador was drawn from the deck.
duchy was drawn from the deck.
copper was drawn from the deck.
Shuffling Player2&apos;s deck.
copper was drawn from the deck.
adventurer was drawn from the deck.
Playing action card: adventurer
gardens was drawn from the deck.
Player2 discarded gardens
curse was drawn from the deck.
Player2 discarded curse
gold was drawn from the deck.
gold was drawn from the deck.
Player2 bought province

Player1 is now starting a turn.
duchy was drawn from the deck.
copper was drawn from the deck.
copper was drawn from the deck.
gold was drawn from the deck.
adventurer was drawn from the deck.
Playing action card: adventurer
smithy was drawn from the deck.
Player1 discarded smithy
gold was drawn from the deck.
copper was drawn from the deck.
Player1 bought province

Player2 is now starting a turn.
copper was drawn from the deck.
seahag was drawn from the deck.
copper was drawn from the deck.
estate was drawn from the deck.
curse was drawn from the deck.
Playing action card: seahag
curse was drawn from the deck.
Player1 discarded curse
Player1 gained curse to top of deck.
Player2 bought village

Player1 is now starting a turn.
curse was drawn from the deck.
curse was drawn from the deck.
estate was drawn from the deck.
gold was drawn from the deck.
seahag was drawn from the deck.
Playing action card: seahag
mine was drawn from the deck.
Player2 discarded mine
Player2 gained curse to top of deck.
Player1 bought gardens

Player2 is now starting a turn.
curse was drawn from the deck.
estate was drawn from the deck.
copper was drawn from the deck.
gold was drawn from the deck.
embargo was drawn from the deck.
Playing action card: embargo
Player2 added embargo token to adventurer supply pile.
Player2 bought adventurer

Player1 is now starting a turn.
curse was drawn from the deck.
Shuffling Player1&apos;s deck.
curse was drawn from the deck.
curse was drawn from the deck.
adventurer was drawn from the deck.
gold was drawn from the deck.
Playing action card: adventurer
estate was drawn from the deck.
Player1 discarded estate
curse was drawn from the deck.
Player1 discarded curse
curse was drawn from the deck.
Player1 discarded curse
ambassador was drawn from the deck.
Player1 discarded ambassador
embargo was drawn from the deck.
Player1 discarded embargo
embargo was drawn from the deck.
Player1 discarded embargo
cutpurse was drawn from the deck.
Player1 discarded cutpurse
curse was drawn from the deck.
Player1 discarded curse
copper was drawn from the deck.
estate was drawn from the deck.
Player1 discarded estate
gold was drawn from the deck.
Player1 bought gold

Player2 is now starting a turn.
seahag was drawn from the deck.
gold was drawn from the deck.
copper was drawn from the deck.
estate was drawn from the deck.
silver was drawn from the deck.
Playing action card: seahag
copper was drawn from the deck.
Player1 discarded copper
Player1 gained curse to top of deck.
Player2 bought gold

Player1 is now starting a turn.
curse was drawn from the deck.
copper was drawn from the deck.
seahag was drawn from the deck.
gold was drawn from the deck.
duchy was drawn from the deck.
Playing action card: seahag
gold was drawn from the deck.
Player2 discarded gold
Player2 gained curse to top of deck.
Player1 bought cutpurse

Player2 is now starting a turn.
curse was drawn from the deck.
curse was drawn from the deck.
province was drawn from the deck.
gold was drawn from the deck.
gold was drawn from the deck.
Player2 bought adventurer

Player1 is now starting a turn.
province was drawn from the deck.
great_hall was drawn from the deck.
gold was drawn from the deck.
copper was drawn from the deck.
gold was drawn from the deck.
Playing action card: great_hall
estate was drawn from the deck.
Player1 bought province
GAME OVER! Province card pile is empty. 
Player1: 2493
Player2: 1372
gold was drawn from the deck.
hi! discarded null
</system-out>
  </testcase>
  <testcase classname="RegressionTest" name="test385" time="0"/>
  <testcase classname="RegressionTest" name="test386" time="0.01">
    <failure message="&apos;curse&apos; != &apos;copper&apos;" type="java.lang.AssertionError">java.lang.AssertionError: &apos;curse&apos; != &apos;copper&apos;
	at org.junit.Assert.fail(Assert.java:88)
	at org.junit.Assert.assertTrue(Assert.java:41)
	at RegressionTest.test386(RegressionTest.java:25995)
	at sun.reflect.NativeMethodAccessorImpl.invoke0(Native Method)
	at sun.reflect.NativeMethodAccessorImpl.invoke(NativeMethodAccessorImpl.java:62)
	at sun.reflect.DelegatingMethodAccessorImpl.invoke(DelegatingMethodAccessorImpl.java:43)
	at java.lang.reflect.Method.invoke(Method.java:498)
	at org.junit.runners.model.FrameworkMethod$1.runReflectiveCall(FrameworkMethod.java:47)
	at org.junit.internal.runners.model.ReflectiveCallable.run(ReflectiveCallable.java:12)
	at org.junit.runners.model.FrameworkMethod.invokeExplosively(FrameworkMethod.java:44)
	at org.junit.internal.runners.statements.InvokeMethod.evaluate(InvokeMethod.java:17)
	at org.junit.runners.ParentRunner.runLeaf(ParentRunner.java:271)
	at org.junit.runners.BlockJUnit4ClassRunner.runChild(BlockJUnit4ClassRunner.java:70)
	at org.junit.runners.BlockJUnit4ClassRunner.runChild(BlockJUnit4ClassRunner.java:50)
	at org.junit.runners.ParentRunner$3.run(ParentRunner.java:238)
	at org.junit.runners.ParentRunner$1.schedule(ParentRunner.java:63)
	at org.junit.runners.ParentRunner.runChildren(ParentRunner.java:236)
	at org.junit.runners.ParentRunner.access$000(ParentRunner.java:53)
	at org.junit.runners.ParentRunner$2.evaluate(ParentRunner.java:229)
	at org.junit.runners.ParentRunner.run(ParentRunner.java:309)
	at org.apache.maven.surefire.junit4.JUnit4Provider.execute(JUnit4Provider.java:252)
	at org.apache.maven.surefire.junit4.JUnit4Provider.executeTestSet(JUnit4Provider.java:141)
	at org.apache.maven.surefire.junit4.JUnit4Provider.invoke(JUnit4Provider.java:112)
	at sun.reflect.NativeMethodAccessorImpl.invoke0(Native Method)
	at sun.reflect.NativeMethodAccessorImpl.invoke(NativeMethodAccessorImpl.java:62)
	at sun.reflect.DelegatingMethodAccessorImpl.invoke(DelegatingMethodAccessorImpl.java:43)
	at java.lang.reflect.Method.invoke(Method.java:498)
	at org.apache.maven.surefire.util.ReflectionUtils.invokeMethodWithArray(ReflectionUtils.java:189)
	at org.apache.maven.surefire.booter.ProviderFactory$ProviderProxy.invoke(ProviderFactory.java:165)
	at org.apache.maven.surefire.booter.ProviderFactory.invokeProvider(ProviderFactory.java:85)
	at org.apache.maven.surefire.booter.ForkedBooter.runSuitesInProcess(ForkedBooter.java:115)
	at org.apache.maven.surefire.booter.ForkedBooter.main(ForkedBooter.java:75)
</failure>
    <system-out>hi! discarded cutpurse

STARTING NEW GAME!

Player1 is now starting a turn.
Shuffling Player1&apos;s deck.
copper was drawn from the deck.
copper was drawn from the deck.
estate was drawn from the deck.
copper was drawn from the deck.
estate was drawn from the deck.
Player1 gained curse card because of embargo token.
Player1 gained curse
Player1 gained curse card because of embargo token.
Player1 gained curse
Player1 gained curse card because of embargo token.
Player1 gained curse
Player1 bought duchy

Player2 is now starting a turn.
Shuffling Player2&apos;s deck.
copper was drawn from the deck.
copper was drawn from the deck.
estate was drawn from the deck.
copper was drawn from the deck.
copper was drawn from the deck.
Player2 gained curse card because of embargo token.
Player2 gained curse
Player2 gained curse card because of embargo token.
Player2 gained curse
Player2 gained curse card because of embargo token.
Player2 gained curse
Player2 bought duchy

Player1 is now starting a turn.
copper was drawn from the deck.
estate was drawn from the deck.
copper was drawn from the deck.
copper was drawn from the deck.
copper was drawn from the deck.
Player1 gained curse card because of embargo token.
Player1 gained curse
Player1 gained curse card because of embargo token.
Player1 gained curse
Player1 gained curse card because of embargo token.
Player1 gained curse
Player1 gained curse card because of embargo token.
Player1 gained curse
Player1 bought mine

Player2 is now starting a turn.
copper was drawn from the deck.
copper was drawn from the deck.
estate was drawn from the deck.
estate was drawn from the deck.
copper was drawn from the deck.
Player2 bought mine

Player1 is now starting a turn.
Shuffling Player1&apos;s deck.
curse was drawn from the deck.
curse was drawn from the deck.
curse was drawn from the deck.
copper was drawn from the deck.
estate was drawn from the deck.
Player1 bought embargo

Player2 is now starting a turn.
Shuffling Player2&apos;s deck.
curse was drawn from the deck.
curse was drawn from the deck.
copper was drawn from the deck.
estate was drawn from the deck.
estate was drawn from the deck.
Player2 bought great_hall

Player1 is now starting a turn.
copper was drawn from the deck.
curse was drawn from the deck.
copper was drawn from the deck.
copper was drawn from the deck.
copper was drawn from the deck.
Player1 bought gardens

Player2 is now starting a turn.
copper was drawn from the deck.
mine was drawn from the deck.
copper was drawn from the deck.
copper was drawn from the deck.
duchy was drawn from the deck.
Playing action card: mine
Player2 gained gold
Player2 bought adventurer

Player1 is now starting a turn.
curse was drawn from the deck.
duchy was drawn from the deck.
copper was drawn from the deck.
curse was drawn from the deck.
mine was drawn from the deck.
Playing action card: mine
Player1 gained gold
Player1 bought baron

Player2 is now starting a turn.
copper was drawn from the deck.
estate was drawn from the deck.
curse was drawn from the deck.
copper was drawn from the deck.
copper was drawn from the deck.
Player2 bought gardens

Player1 is now starting a turn.
estate was drawn from the deck.
copper was drawn from the deck.
curse was drawn from the deck.
estate was drawn from the deck.
Shuffling Player1&apos;s deck.
curse was drawn from the deck.
Player1 bought great_hall

Player2 is now starting a turn.
Shuffling Player2&apos;s deck.
gold was drawn from the deck.
estate was drawn from the deck.
great_hall was drawn from the deck.
copper was drawn from the deck.
copper was drawn from the deck.
Playing action card: great_hall
duchy was drawn from the deck.
Player2 bought gold

Player1 is now starting a turn.
copper was drawn from the deck.
gold was drawn from the deck.
mine was drawn from the deck.
curse was drawn from the deck.
baron was drawn from the deck.
Playing action card: baron
Player1 gained estate
Player1 bought baron
Player1 bought copper

Player2 is now starting a turn.
adventurer was drawn from the deck.
copper was drawn from the deck.
estate was drawn from the deck.
copper was drawn from the deck.
copper was drawn from the deck.
Playing action card: adventurer
estate was drawn from the deck.
Player2 discarded estate
curse was drawn from the deck.
Player2 discarded curse
copper was drawn from the deck.
curse was drawn from the deck.
Player2 discarded curse
gardens was drawn from the deck.
Player2 discarded gardens
curse was drawn from the deck.
Player2 discarded curse
mine was drawn from the deck.
Player2 discarded mine
copper was drawn from the deck.
Player2 bought gold

Player1 is now starting a turn.
copper was drawn from the deck.
curse was drawn from the deck.
copper was drawn from the deck.
curse was drawn from the deck.
curse was drawn from the deck.
Player1 bought embargo

Player2 is now starting a turn.
Shuffling Player2&apos;s deck.
copper was drawn from the deck.
copper was drawn from the deck.
adventurer was drawn from the deck.
curse was drawn from the deck.
mine was drawn from the deck.
Playing action card: mine
Player2 gained gold
Player2 bought duchy

Player1 is now starting a turn.
estate was drawn from the deck.
duchy was drawn from the deck.
copper was drawn from the deck.
curse was drawn from the deck.
copper was drawn from the deck.
Player1 bought silver

Player2 is now starting a turn.
copper was drawn from the deck.
estate was drawn from the deck.
gold was drawn from the deck.
copper was drawn from the deck.
duchy was drawn from the deck.
Player2 bought gold

Player1 is now starting a turn.
embargo was drawn from the deck.
gardens was drawn from the deck.
copper was drawn from the deck.
Shuffling Player1&apos;s deck.
estate was drawn from the deck.
curse was drawn from the deck.
Playing action card: embargo
Player1 added embargo token to duchy supply pile.
Player1 bought smithy

Player2 is now starting a turn.
gold was drawn from the deck.
gardens was drawn from the deck.
estate was drawn from the deck.
gold was drawn from the deck.
copper was drawn from the deck.
Player2 bought province

Player1 is now starting a turn.
silver was drawn from the deck.
curse was drawn from the deck.
curse was drawn from the deck.
baron was drawn from the deck.
copper was drawn from the deck.
Playing action card: baron
Player1 gained estate
Player1 bought great_hall
Player1 bought copper

Player2 is now starting a turn.
curse was drawn from the deck.
great_hall was drawn from the deck.
estate was drawn from the deck.
copper was drawn from the deck.
curse was drawn from the deck.
Playing action card: great_hall
copper was drawn from the deck.
Player2 bought great_hall

Player1 is now starting a turn.
curse was drawn from the deck.
curse was drawn from the deck.
copper was drawn from the deck.
copper was drawn from the deck.
copper was drawn from the deck.
Player1 bought silver

Player2 is now starting a turn.
Shuffling Player2&apos;s deck.
gold was drawn from the deck.
duchy was drawn from the deck.
curse was drawn from the deck.
gold was drawn from the deck.
estate was drawn from the deck.
Player2 bought adventurer

Player1 is now starting a turn.
mine was drawn from the deck.
curse was drawn from the deck.
copper was drawn from the deck.
copper was drawn from the deck.
baron was drawn from the deck.
Playing action card: mine
Player1 gained gold
Player1 bought duchy

Player2 is now starting a turn.
great_hall was drawn from the deck.
mine was drawn from the deck.
copper was drawn from the deck.
estate was drawn from the deck.
curse was drawn from the deck.
Playing action card: mine
Player2 gained gold
Player2 bought mine

Player1 is now starting a turn.
gold was drawn from the deck.
copper was drawn from the deck.
estate was drawn from the deck.
embargo was drawn from the deck.
estate was drawn from the deck.
Playing action card: embargo
Player1 added embargo token to feast supply pile.
Player1 bought province

Player2 is now starting a turn.
province was drawn from the deck.
copper was drawn from the deck.
estate was drawn from the deck.
great_hall was drawn from the deck.
copper was drawn from the deck.
Playing action card: great_hall
duchy was drawn from the deck.
Player2 bought silver

Player1 is now starting a turn.
great_hall was drawn from the deck.
estate was drawn from the deck.
curse was drawn from the deck.
duchy was drawn from the deck.
Shuffling Player1&apos;s deck.
estate was drawn from the deck.
Playing action card: great_hall
great_hall was drawn from the deck.
Playing action card: great_hall
curse was drawn from the deck.
Player1 bought estate

Player2 is now starting a turn.
adventurer was drawn from the deck.
curse was drawn from the deck.
gold was drawn from the deck.
gold was drawn from the deck.
copper was drawn from the deck.
Playing action card: adventurer
copper was drawn from the deck.
copper was drawn from the deck.
Player2 bought province

Player1 is now starting a turn.
province was drawn from the deck.
copper was drawn from the deck.
curse was drawn from the deck.
silver was drawn from the deck.
smithy was drawn from the deck.
Playing action card: smithy
duchy was drawn from the deck.
copper was drawn from the deck.
Player1 bought smithy

Player2 is now starting a turn.
gardens was drawn from the deck.
gold was drawn from the deck.
copper was drawn from the deck.
Shuffling Player2&apos;s deck.
duchy was drawn from the deck.
silver was drawn from the deck.
Player2 bought gold

Player1 is now starting a turn.
mine was drawn from the deck.
copper was drawn from the deck.
copper was drawn from the deck.
gold was drawn from the deck.
estate was drawn from the deck.
Playing action card: mine
Player1 gained gold
Player1 bought province

Player2 is now starting a turn.
province was drawn from the deck.
copper was drawn from the deck.
estate was drawn from the deck.
adventurer was drawn from the deck.
curse was drawn from the deck.
Playing action card: adventurer
adventurer was drawn from the deck.
Player2 discarded adventurer
duchy was drawn from the deck.
Player2 discarded duchy
great_hall was drawn from the deck.
Player2 discarded great_hall
mine was drawn from the deck.
Player2 discarded mine
curse was drawn from the deck.
Player2 discarded curse
curse was drawn from the deck.
Player2 discarded curse
gold was drawn from the deck.
great_hall was drawn from the deck.
Player2 discarded great_hall
copper was drawn from the deck.
Player2 bought adventurer

Player1 is now starting a turn.
baron was drawn from the deck.
embargo was drawn from the deck.
curse was drawn from the deck.
estate was drawn from the deck.
curse was drawn from the deck.
Playing action card: embargo
Player1 added embargo token to adventurer supply pile.
Player1 bought great_hall

Player2 is now starting a turn.
copper was drawn from the deck.
gold was drawn from the deck.
copper was drawn from the deck.
mine was drawn from the deck.
gold was drawn from the deck.
Playing action card: mine
Player2 gained gold
Player2 bought province

Player1 is now starting a turn.
curse was drawn from the deck.
curse was drawn from the deck.
copper was drawn from the deck.
baron was drawn from the deck.
copper was drawn from the deck.
Playing action card: baron
Player1 gained estate
Player1 bought estate
Player1 bought copper

Player2 is now starting a turn.
province was drawn from the deck.
copper was drawn from the deck.
gold was drawn from the deck.
estate was drawn from the deck.
gold was drawn from the deck.
Player2 bought province

Player1 is now starting a turn.
gardens was drawn from the deck.
estate was drawn from the deck.
embargo was drawn from the deck.
copper was drawn from the deck.
gold was drawn from the deck.
Playing action card: embargo
Player1 added embargo token to smithy supply pile.
Player1 bought gold

Player2 is now starting a turn.
estate was drawn from the deck.
copper was drawn from the deck.
Shuffling Player2&apos;s deck.
estate was drawn from the deck.
gold was drawn from the deck.
copper was drawn from the deck.
Player2 bought gold

Player1 is now starting a turn.
silver was drawn from the deck.
copper was drawn from the deck.
copper was drawn from the deck.
Shuffling Player1&apos;s deck.
gold was drawn from the deck.
curse was drawn from the deck.
Player1 bought gold

Player2 is now starting a turn.
mine was drawn from the deck.
curse was drawn from the deck.
duchy was drawn from the deck.
great_hall was drawn from the deck.
copper was drawn from the deck.
Playing action card: great_hall
great_hall was drawn from the deck.
Playing action card: great_hall
copper was drawn from the deck.
Playing action card: mine
Player2 gained gold
Player2 bought mine

Player1 is now starting a turn.
copper was drawn from the deck.
gold was drawn from the deck.
estate was drawn from the deck.
copper was drawn from the deck.
copper was drawn from the deck.
Player1 bought gold

Player2 is now starting a turn.
curse was drawn from the deck.
gardens was drawn from the deck.
curse was drawn from the deck.
province was drawn from the deck.
copper was drawn from the deck.
Player2 bought copper

Player1 is now starting a turn.
smithy was drawn from the deck.
estate was drawn from the deck.
duchy was drawn from the deck.
embargo was drawn from the deck.
curse was drawn from the deck.
Playing action card: embargo
Player1 added embargo token to copper supply pile.
Player1 bought silver

Player2 is now starting a turn.
mine was drawn from the deck.
copper was drawn from the deck.
gold was drawn from the deck.
estate was drawn from the deck.
province was drawn from the deck.
Playing action card: mine
Player2 gained gold
Player2 bought province

Player1 is now starting a turn.
gold was drawn from the deck.
silver was drawn from the deck.
curse was drawn from the deck.
curse was drawn from the deck.
curse was drawn from the deck.
Player1 bought mine

Player2 is now starting a turn.
gold was drawn from the deck.
copper was drawn from the deck.
adventurer was drawn from the deck.
gold was drawn from the deck.
gold was drawn from the deck.
Playing action card: adventurer
province was drawn from the deck.
Player2 discarded province
adventurer was drawn from the deck.
Player2 discarded adventurer
gold was drawn from the deck.
duchy was drawn from the deck.
Player2 discarded duchy
province was drawn from the deck.
Player2 discarded province
gold was drawn from the deck.
Player2 bought province
GAME OVER! Province card pile is empty. 
Player1: 1913
Player2: 1021
hi! gained cutpurse to top of deck.
Player1: 1913
Player2: 1021
Player1: 1913
Player2: 1021
smithy was drawn from the deck.
Player1 discarded smithy
Player1 gained curse to top of deck.
gold was drawn from the deck.
Player2 discarded gold
Player2 gained curse to top of deck.
</system-out>
  </testcase>
  <testcase classname="RegressionTest" name="test387" time="0"/>
  <testcase classname="RegressionTest" name="test388" time="0.001"/>
  <testcase classname="RegressionTest" name="test389" time="0.01"/>
  <testcase classname="RegressionTest" name="test390" time="0.01">
    <failure message="&apos;curse&apos; != &apos;copper&apos;" type="java.lang.AssertionError">java.lang.AssertionError: &apos;curse&apos; != &apos;copper&apos;
	at org.junit.Assert.fail(Assert.java:88)
	at org.junit.Assert.assertTrue(Assert.java:41)
	at RegressionTest.test390(RegressionTest.java:26326)
	at sun.reflect.NativeMethodAccessorImpl.invoke0(Native Method)
	at sun.reflect.NativeMethodAccessorImpl.invoke(NativeMethodAccessorImpl.java:62)
	at sun.reflect.DelegatingMethodAccessorImpl.invoke(DelegatingMethodAccessorImpl.java:43)
	at java.lang.reflect.Method.invoke(Method.java:498)
	at org.junit.runners.model.FrameworkMethod$1.runReflectiveCall(FrameworkMethod.java:47)
	at org.junit.internal.runners.model.ReflectiveCallable.run(ReflectiveCallable.java:12)
	at org.junit.runners.model.FrameworkMethod.invokeExplosively(FrameworkMethod.java:44)
	at org.junit.internal.runners.statements.InvokeMethod.evaluate(InvokeMethod.java:17)
	at org.junit.runners.ParentRunner.runLeaf(ParentRunner.java:271)
	at org.junit.runners.BlockJUnit4ClassRunner.runChild(BlockJUnit4ClassRunner.java:70)
	at org.junit.runners.BlockJUnit4ClassRunner.runChild(BlockJUnit4ClassRunner.java:50)
	at org.junit.runners.ParentRunner$3.run(ParentRunner.java:238)
	at org.junit.runners.ParentRunner$1.schedule(ParentRunner.java:63)
	at org.junit.runners.ParentRunner.runChildren(ParentRunner.java:236)
	at org.junit.runners.ParentRunner.access$000(ParentRunner.java:53)
	at org.junit.runners.ParentRunner$2.evaluate(ParentRunner.java:229)
	at org.junit.runners.ParentRunner.run(ParentRunner.java:309)
	at org.apache.maven.surefire.junit4.JUnit4Provider.execute(JUnit4Provider.java:252)
	at org.apache.maven.surefire.junit4.JUnit4Provider.executeTestSet(JUnit4Provider.java:141)
	at org.apache.maven.surefire.junit4.JUnit4Provider.invoke(JUnit4Provider.java:112)
	at sun.reflect.NativeMethodAccessorImpl.invoke0(Native Method)
	at sun.reflect.NativeMethodAccessorImpl.invoke(NativeMethodAccessorImpl.java:62)
	at sun.reflect.DelegatingMethodAccessorImpl.invoke(DelegatingMethodAccessorImpl.java:43)
	at java.lang.reflect.Method.invoke(Method.java:498)
	at org.apache.maven.surefire.util.ReflectionUtils.invokeMethodWithArray(ReflectionUtils.java:189)
	at org.apache.maven.surefire.booter.ProviderFactory$ProviderProxy.invoke(ProviderFactory.java:165)
	at org.apache.maven.surefire.booter.ProviderFactory.invokeProvider(ProviderFactory.java:85)
	at org.apache.maven.surefire.booter.ForkedBooter.runSuitesInProcess(ForkedBooter.java:115)
	at org.apache.maven.surefire.booter.ForkedBooter.main(ForkedBooter.java:75)
</failure>
    <system-out>
STARTING NEW GAME!

Player1 is now starting a turn.
Shuffling Player1&apos;s deck.
copper was drawn from the deck.
copper was drawn from the deck.
estate was drawn from the deck.
copper was drawn from the deck.
estate was drawn from the deck.
Player1 gained curse card because of embargo token.
Player1 gained curse
Player1 gained curse card because of embargo token.
Player1 gained curse
Player1 gained curse card because of embargo token.
Player1 gained curse
Player1 gained curse card because of embargo token.
Player1 gained curse
Player1 bought duchy

Player2 is now starting a turn.
Shuffling Player2&apos;s deck.
copper was drawn from the deck.
copper was drawn from the deck.
estate was drawn from the deck.
copper was drawn from the deck.
copper was drawn from the deck.
Player2 gained curse card because of embargo token.
Player2 gained curse
Player2 gained curse card because of embargo token.
Player2 gained curse
Player2 gained curse card because of embargo token.
Player2 gained curse
Player2 gained curse card because of embargo token.
Player2 gained curse
Player2 bought duchy

Player1 is now starting a turn.
copper was drawn from the deck.
estate was drawn from the deck.
copper was drawn from the deck.
copper was drawn from the deck.
copper was drawn from the deck.
Player1 gained curse card because of embargo token.
Player1 gained curse
Player1 gained curse card because of embargo token.
Player1 gained curse
Player1 bought mine

Player2 is now starting a turn.
copper was drawn from the deck.
copper was drawn from the deck.
estate was drawn from the deck.
estate was drawn from the deck.
copper was drawn from the deck.
Player2 bought mine

Player1 is now starting a turn.
Shuffling Player1&apos;s deck.
copper was drawn from the deck.
copper was drawn from the deck.
curse was drawn from the deck.
copper was drawn from the deck.
copper was drawn from the deck.
Player1 bought cutpurse

Player2 is now starting a turn.
Shuffling Player2&apos;s deck.
copper was drawn from the deck.
curse was drawn from the deck.
curse was drawn from the deck.
copper was drawn from the deck.
duchy was drawn from the deck.
Player2 bought estate

Player1 is now starting a turn.
copper was drawn from the deck.
curse was drawn from the deck.
duchy was drawn from the deck.
mine was drawn from the deck.
estate was drawn from the deck.
Playing action card: mine
Player1 gained gold
Player1 bought mine

Player2 is now starting a turn.
estate was drawn from the deck.
copper was drawn from the deck.
mine was drawn from the deck.
copper was drawn from the deck.
copper was drawn from the deck.
Playing action card: mine
Player2 gained gold
Player2 bought gold

Player1 is now starting a turn.
estate was drawn from the deck.
curse was drawn from the deck.
curse was drawn from the deck.
copper was drawn from the deck.
curse was drawn from the deck.
Player1 bought estate

Player2 is now starting a turn.
curse was drawn from the deck.
copper was drawn from the deck.
estate was drawn from the deck.
curse was drawn from the deck.
estate was drawn from the deck.
Player2 bought village

Player1 is now starting a turn.
copper was drawn from the deck.
estate was drawn from the deck.
curse was drawn from the deck.
Shuffling Player1&apos;s deck.
copper was drawn from the deck.
estate was drawn from the deck.
Player1 bought seahag

Player2 is now starting a turn.
copper was drawn from the deck.
Shuffling Player2&apos;s deck.
gold was drawn from the deck.
copper was drawn from the deck.
estate was drawn from the deck.
estate was drawn from the deck.
Player2 bought adventurer

Player1 is now starting a turn.
estate was drawn from the deck.
copper was drawn from the deck.
gold was drawn from the deck.
mine was drawn from the deck.
copper was drawn from the deck.
Playing action card: mine
Player1 gained gold
Player1 bought province

Player2 is now starting a turn.
copper was drawn from the deck.
estate was drawn from the deck.
gold was drawn from the deck.
copper was drawn from the deck.
duchy was drawn from the deck.
Player2 bought gold

Player1 is now starting a turn.
curse was drawn from the deck.
estate was drawn from the deck.
curse was drawn from the deck.
copper was drawn from the deck.
copper was drawn from the deck.
Player1 bought silver

Player2 is now starting a turn.
estate was drawn from the deck.
copper was drawn from the deck.
curse was drawn from the deck.
curse was drawn from the deck.
copper was drawn from the deck.
Player2 bought ambassador

Player1 is now starting a turn.
curse was drawn from the deck.
curse was drawn from the deck.
curse was drawn from the deck.
copper was drawn from the deck.
cutpurse was drawn from the deck.
Playing action card: cutpurse
Player2 had no coppers to discard. 
Player1 bought silver

Player2 is now starting a turn.
curse was drawn from the deck.
village was drawn from the deck.
curse was drawn from the deck.
mine was drawn from the deck.
copper was drawn from the deck.
Playing action card: village
Shuffling Player2&apos;s deck.
copper was drawn from the deck.
Playing action card: mine
Player2 gained gold
Player2 bought duchy

Player1 is now starting a turn.
mine was drawn from the deck.
duchy was drawn from the deck.
Shuffling Player1&apos;s deck.
estate was drawn from the deck.
gold was drawn from the deck.
curse was drawn from the deck.
Playing action card: mine
Player1 gained gold
Player1 bought gold

Player2 is now starting a turn.
copper was drawn from the deck.
gold was drawn from the deck.
estate was drawn from the deck.
gold was drawn from the deck.
ambassador was drawn from the deck.
Playing action card: ambassador
Player2 returned 0 copies of gold
Player1 gained gold
Player2 bought province

Player1 is now starting a turn.
silver was drawn from the deck.
copper was drawn from the deck.
curse was drawn from the deck.
copper was drawn from the deck.
curse was drawn from the deck.
Player1 bought cutpurse

Player2 is now starting a turn.
copper was drawn from the deck.
duchy was drawn from the deck.
estate was drawn from the deck.
gold was drawn from the deck.
copper was drawn from the deck.
Player2 bought gold

Player1 is now starting a turn.
estate was drawn from the deck.
seahag was drawn from the deck.
estate was drawn from the deck.
gold was drawn from the deck.
curse was drawn from the deck.
Playing action card: seahag
curse was drawn from the deck.
Player2 discarded curse
Player2 gained curse to top of deck.
Player1 bought duchy

Player2 is now starting a turn.
curse was drawn from the deck.
estate was drawn from the deck.
copper was drawn from the deck.
adventurer was drawn from the deck.
curse was drawn from the deck.
Playing action card: adventurer
copper was drawn from the deck.
estate was drawn from the deck.
Player2 discarded estate
Player2 bought ambassador

Player1 is now starting a turn.
copper was drawn from the deck.
copper was drawn from the deck.
silver was drawn from the deck.
estate was drawn from the deck.
province was drawn from the deck.
Player1 bought duchy

Player2 is now starting a turn.
Shuffling Player2&apos;s deck.
curse was drawn from the deck.
mine was drawn from the deck.
estate was drawn from the deck.
adventurer was drawn from the deck.
gold was drawn from the deck.
Playing action card: mine
Player2 gained gold
Player2 bought gold

Player1 is now starting a turn.
mine was drawn from the deck.
curse was drawn from the deck.
copper was drawn from the deck.
copper was drawn from the deck.
copper was drawn from the deck.
Playing action card: mine
Player1 gained gold
Player1 bought gold

Player2 is now starting a turn.
gold was drawn from the deck.
duchy was drawn from the deck.
curse was drawn from the deck.
province was drawn from the deck.
curse was drawn from the deck.
Player2 bought village

Player1 is now starting a turn.
cutpurse was drawn from the deck.
curse was drawn from the deck.
Shuffling Player1&apos;s deck.
curse was drawn from the deck.
copper was drawn from the deck.
gold was drawn from the deck.
Playing action card: cutpurse
Player2 had no coppers to discard. 
Player1 bought gold

Player2 is now starting a turn.
copper was drawn from the deck.
gold was drawn from the deck.
ambassador was drawn from the deck.
estate was drawn from the deck.
curse was drawn from the deck.
Playing action card: ambassador
Player2 returned 0 copies of copper
Player1 gained copper
Player2 bought duchy

Player1 is now starting a turn.
gold was drawn from the deck.
gold was drawn from the deck.
gold was drawn from the deck.
copper was drawn from the deck.
curse was drawn from the deck.
Player1 bought province

Player2 is now starting a turn.
duchy was drawn from the deck.
ambassador was drawn from the deck.
copper was drawn from the deck.
gold was drawn from the deck.
copper was drawn from the deck.
Playing action card: ambassador
Player2 returned 0 copies of copper
Player1 gained copper
Player2 bought mine

Player1 is now starting a turn.
estate was drawn from the deck.
gold was drawn from the deck.
silver was drawn from the deck.
gold was drawn from the deck.
gold was drawn from the deck.
Player1 bought province

Player2 is now starting a turn.
curse was drawn from the deck.
gold was drawn from the deck.
copper was drawn from the deck.
copper was drawn from the deck.
copper was drawn from the deck.
Player2 bought adventurer

Player1 is now starting a turn.
duchy was drawn from the deck.
duchy was drawn from the deck.
copper was drawn from the deck.
estate was drawn from the deck.
mine was drawn from the deck.
Playing action card: mine
Player1 gained gold
Player1 bought mine

Player2 is now starting a turn.
estate was drawn from the deck.
copper was drawn from the deck.
estate was drawn from the deck.
village was drawn from the deck.
Shuffling Player2&apos;s deck.
copper was drawn from the deck.
Playing action card: village
gold was drawn from the deck.
Player2 bought gold

Player1 is now starting a turn.
cutpurse was drawn from the deck.
duchy was drawn from the deck.
mine was drawn from the deck.
curse was drawn from the deck.
copper was drawn from the deck.
Playing action card: cutpurse
Player2 had no coppers to discard. 
Player1 bought ambassador

Player2 is now starting a turn.
curse was drawn from the deck.
duchy was drawn from the deck.
curse was drawn from the deck.
copper was drawn from the deck.
adventurer was drawn from the deck.
Playing action card: adventurer
copper was drawn from the deck.
gold was drawn from the deck.
Player2 bought mine

Player1 is now starting a turn.
copper was drawn from the deck.
copper was drawn from the deck.
estate was drawn from the deck.
curse was drawn from the deck.
curse was drawn from the deck.
Player1 bought ambassador

Player2 is now starting a turn.
ambassador was drawn from the deck.
village was drawn from the deck.
gold was drawn from the deck.
curse was drawn from the deck.
estate was drawn from the deck.
Playing action card: ambassador
Player2 returned 0 copies of estate
Player1 gained estate
Player2 bought seahag

Player1 is now starting a turn.
silver was drawn from the deck.
copper was drawn from the deck.
seahag was drawn from the deck.
estate was drawn from the deck.
province was drawn from the deck.
Playing action card: seahag
gold was drawn from the deck.
Player2 discarded gold
Player2 gained curse to top of deck.
Player1 bought seahag

Player2 is now starting a turn.
curse was drawn from the deck.
gold was drawn from the deck.
gold was drawn from the deck.
curse was drawn from the deck.
copper was drawn from the deck.
Player2 bought gold

Player1 is now starting a turn.
Shuffling Player1&apos;s deck.
copper was drawn from the deck.
duchy was drawn from the deck.
copper was drawn from the deck.
copper was drawn from the deck.
curse was drawn from the deck.
Player1 bought village

Player2 is now starting a turn.
province was drawn from the deck.
mine was drawn from the deck.
duchy was drawn from the deck.
mine was drawn from the deck.
copper was drawn from the deck.
Playing action card: mine
Player2 gained gold
Player2 bought gardens

Player1 is now starting a turn.
silver was drawn from the deck.
gold was drawn from the deck.
mine was drawn from the deck.
ambassador was drawn from the deck.
copper was drawn from the deck.
Playing action card: ambassador
Player1 returned 0 copies of copper
Player2 gained copper
Player1 bought gold

Player2 is now starting a turn.
estate was drawn from the deck.
copper was drawn from the deck.
duchy was drawn from the deck.
adventurer was drawn from the deck.
curse was drawn from the deck.
Playing action card: adventurer
ambassador was drawn from the deck.
Player2 discarded ambassador
gold was drawn from the deck.
Player2 bought mine

Player1 is now starting a turn.
duchy was drawn from the deck.
curse was drawn from the deck.
copper was drawn from the deck.
seahag was drawn from the deck.
estate was drawn from the deck.
Playing action card: seahag
Shuffling Player2&apos;s deck.
mine was drawn from the deck.
Player2 discarded mine
Player2 gained curse to top of deck.
Player1 bought embargo

Player2 is now starting a turn.
curse was drawn from the deck.
copper was drawn from the deck.
mine was drawn from the deck.
gold was drawn from the deck.
gardens was drawn from the deck.
Playing action card: mine
Player2 gained gold
Player2 bought gold

Player1 is now starting a turn.
gold was drawn from the deck.
gold was drawn from the deck.
curse was drawn from the deck.
copper was drawn from the deck.
gold was drawn from the deck.
Player1 bought province

Player2 is now starting a turn.
mine was drawn from the deck.
copper was drawn from the deck.
gold was drawn from the deck.
curse was drawn from the deck.
gold was drawn from the deck.
Playing action card: mine
Player2 gained gold
Player2 bought province

Player1 is now starting a turn.
gold was drawn from the deck.
gold was drawn from the deck.
cutpurse was drawn from the deck.
silver was drawn from the deck.
copper was drawn from the deck.
Playing action card: cutpurse
Player2 had no coppers to discard. 
Player1 bought province

Player2 is now starting a turn.
gold was drawn from the deck.
adventurer was drawn from the deck.
mine was drawn from the deck.
curse was drawn from the deck.
copper was drawn from the deck.
Playing action card: mine
Player2 gained gold
Player2 bought adventurer

Player1 is now starting a turn.
copper was drawn from the deck.
mine was drawn from the deck.
seahag was drawn from the deck.
estate was drawn from the deck.
gold was drawn from the deck.
Playing action card: mine
Player1 gained gold
Player1 bought province
GAME OVER! Province card pile is empty. 
Player1: 1718
Player2: 1731
estate was drawn from the deck.
cutpurse was drawn from the deck.
gold was drawn from the deck.
</system-out>
  </testcase>
  <testcase classname="RegressionTest" name="test391" time="0"/>
  <testcase classname="RegressionTest" name="test392" time="0"/>
  <testcase classname="RegressionTest" name="test393" time="0.019"/>
  <testcase classname="RegressionTest" name="test394" time="0.012"/>
  <testcase classname="RegressionTest" name="test395" time="0">
    <failure message="&apos;curse&apos; != &apos;copper&apos;" type="java.lang.AssertionError">java.lang.AssertionError: &apos;curse&apos; != &apos;copper&apos;
	at org.junit.Assert.fail(Assert.java:88)
	at org.junit.Assert.assertTrue(Assert.java:41)
	at RegressionTest.test395(RegressionTest.java:26613)
	at sun.reflect.NativeMethodAccessorImpl.invoke0(Native Method)
	at sun.reflect.NativeMethodAccessorImpl.invoke(NativeMethodAccessorImpl.java:62)
	at sun.reflect.DelegatingMethodAccessorImpl.invoke(DelegatingMethodAccessorImpl.java:43)
	at java.lang.reflect.Method.invoke(Method.java:498)
	at org.junit.runners.model.FrameworkMethod$1.runReflectiveCall(FrameworkMethod.java:47)
	at org.junit.internal.runners.model.ReflectiveCallable.run(ReflectiveCallable.java:12)
	at org.junit.runners.model.FrameworkMethod.invokeExplosively(FrameworkMethod.java:44)
	at org.junit.internal.runners.statements.InvokeMethod.evaluate(InvokeMethod.java:17)
	at org.junit.runners.ParentRunner.runLeaf(ParentRunner.java:271)
	at org.junit.runners.BlockJUnit4ClassRunner.runChild(BlockJUnit4ClassRunner.java:70)
	at org.junit.runners.BlockJUnit4ClassRunner.runChild(BlockJUnit4ClassRunner.java:50)
	at org.junit.runners.ParentRunner$3.run(ParentRunner.java:238)
	at org.junit.runners.ParentRunner$1.schedule(ParentRunner.java:63)
	at org.junit.runners.ParentRunner.runChildren(ParentRunner.java:236)
	at org.junit.runners.ParentRunner.access$000(ParentRunner.java:53)
	at org.junit.runners.ParentRunner$2.evaluate(ParentRunner.java:229)
	at org.junit.runners.ParentRunner.run(ParentRunner.java:309)
	at org.apache.maven.surefire.junit4.JUnit4Provider.execute(JUnit4Provider.java:252)
	at org.apache.maven.surefire.junit4.JUnit4Provider.executeTestSet(JUnit4Provider.java:141)
	at org.apache.maven.surefire.junit4.JUnit4Provider.invoke(JUnit4Provider.java:112)
	at sun.reflect.NativeMethodAccessorImpl.invoke0(Native Method)
	at sun.reflect.NativeMethodAccessorImpl.invoke(NativeMethodAccessorImpl.java:62)
	at sun.reflect.DelegatingMethodAccessorImpl.invoke(DelegatingMethodAccessorImpl.java:43)
	at java.lang.reflect.Method.invoke(Method.java:498)
	at org.apache.maven.surefire.util.ReflectionUtils.invokeMethodWithArray(ReflectionUtils.java:189)
	at org.apache.maven.surefire.booter.ProviderFactory$ProviderProxy.invoke(ProviderFactory.java:165)
	at org.apache.maven.surefire.booter.ProviderFactory.invokeProvider(ProviderFactory.java:85)
	at org.apache.maven.surefire.booter.ForkedBooter.runSuitesInProcess(ForkedBooter.java:115)
	at org.apache.maven.surefire.booter.ForkedBooter.main(ForkedBooter.java:75)
</failure>
  </testcase>
  <testcase classname="RegressionTest" name="test396" time="0"/>
  <testcase classname="RegressionTest" name="test397" time="0"/>
  <testcase classname="RegressionTest" name="test398" time="0.01">
    <failure message="&apos;copper&apos; != &apos;curse&apos;" type="java.lang.AssertionError">java.lang.AssertionError: &apos;copper&apos; != &apos;curse&apos;
	at org.junit.Assert.fail(Assert.java:88)
	at org.junit.Assert.assertTrue(Assert.java:41)
	at RegressionTest.test398(RegressionTest.java:26852)
	at sun.reflect.NativeMethodAccessorImpl.invoke0(Native Method)
	at sun.reflect.NativeMethodAccessorImpl.invoke(NativeMethodAccessorImpl.java:62)
	at sun.reflect.DelegatingMethodAccessorImpl.invoke(DelegatingMethodAccessorImpl.java:43)
	at java.lang.reflect.Method.invoke(Method.java:498)
	at org.junit.runners.model.FrameworkMethod$1.runReflectiveCall(FrameworkMethod.java:47)
	at org.junit.internal.runners.model.ReflectiveCallable.run(ReflectiveCallable.java:12)
	at org.junit.runners.model.FrameworkMethod.invokeExplosively(FrameworkMethod.java:44)
	at org.junit.internal.runners.statements.InvokeMethod.evaluate(InvokeMethod.java:17)
	at org.junit.runners.ParentRunner.runLeaf(ParentRunner.java:271)
	at org.junit.runners.BlockJUnit4ClassRunner.runChild(BlockJUnit4ClassRunner.java:70)
	at org.junit.runners.BlockJUnit4ClassRunner.runChild(BlockJUnit4ClassRunner.java:50)
	at org.junit.runners.ParentRunner$3.run(ParentRunner.java:238)
	at org.junit.runners.ParentRunner$1.schedule(ParentRunner.java:63)
	at org.junit.runners.ParentRunner.runChildren(ParentRunner.java:236)
	at org.junit.runners.ParentRunner.access$000(ParentRunner.java:53)
	at org.junit.runners.ParentRunner$2.evaluate(ParentRunner.java:229)
	at org.junit.runners.ParentRunner.run(ParentRunner.java:309)
	at org.apache.maven.surefire.junit4.JUnit4Provider.execute(JUnit4Provider.java:252)
	at org.apache.maven.surefire.junit4.JUnit4Provider.executeTestSet(JUnit4Provider.java:141)
	at org.apache.maven.surefire.junit4.JUnit4Provider.invoke(JUnit4Provider.java:112)
	at sun.reflect.NativeMethodAccessorImpl.invoke0(Native Method)
	at sun.reflect.NativeMethodAccessorImpl.invoke(NativeMethodAccessorImpl.java:62)
	at sun.reflect.DelegatingMethodAccessorImpl.invoke(DelegatingMethodAccessorImpl.java:43)
	at java.lang.reflect.Method.invoke(Method.java:498)
	at org.apache.maven.surefire.util.ReflectionUtils.invokeMethodWithArray(ReflectionUtils.java:189)
	at org.apache.maven.surefire.booter.ProviderFactory$ProviderProxy.invoke(ProviderFactory.java:165)
	at org.apache.maven.surefire.booter.ProviderFactory.invokeProvider(ProviderFactory.java:85)
	at org.apache.maven.surefire.booter.ForkedBooter.runSuitesInProcess(ForkedBooter.java:115)
	at org.apache.maven.surefire.booter.ForkedBooter.main(ForkedBooter.java:75)
</failure>
    <system-out>hi! gained curse
Shuffling hi!&apos;s deck.
estate was drawn from the deck.
hi! gained curse
hi! gained curse

STARTING NEW GAME!

Player1 is now starting a turn.
Shuffling Player1&apos;s deck.
copper was drawn from the deck.
copper was drawn from the deck.
estate was drawn from the deck.
copper was drawn from the deck.
estate was drawn from the deck.
Player1 gained curse card because of embargo token.
Player1 gained curse
Player1 gained curse card because of embargo token.
Player1 gained curse
Player1 gained curse card because of embargo token.
Player1 gained curse
Player1 gained curse card because of embargo token.
Player1 gained curse
Player1 bought duchy

Player2 is now starting a turn.
Shuffling Player2&apos;s deck.
copper was drawn from the deck.
copper was drawn from the deck.
estate was drawn from the deck.
copper was drawn from the deck.
copper was drawn from the deck.
Player2 gained curse card because of embargo token.
Player2 gained curse
Player2 gained curse card because of embargo token.
Player2 gained curse
Player2 gained curse card because of embargo token.
Player2 gained curse
Player2 gained curse card because of embargo token.
Player2 gained curse
Player2 bought duchy

Player1 is now starting a turn.
copper was drawn from the deck.
estate was drawn from the deck.
copper was drawn from the deck.
copper was drawn from the deck.
copper was drawn from the deck.
Player1 gained curse card because of embargo token.
Player1 gained curse
Player1 gained curse card because of embargo token.
Player1 gained curse
Player1 bought mine

Player2 is now starting a turn.
copper was drawn from the deck.
copper was drawn from the deck.
estate was drawn from the deck.
estate was drawn from the deck.
copper was drawn from the deck.
Player2 bought mine

Player1 is now starting a turn.
Shuffling Player1&apos;s deck.
copper was drawn from the deck.
copper was drawn from the deck.
curse was drawn from the deck.
copper was drawn from the deck.
copper was drawn from the deck.
Player1 bought cutpurse

Player2 is now starting a turn.
Shuffling Player2&apos;s deck.
copper was drawn from the deck.
curse was drawn from the deck.
curse was drawn from the deck.
copper was drawn from the deck.
duchy was drawn from the deck.
Player2 bought estate

Player1 is now starting a turn.
copper was drawn from the deck.
curse was drawn from the deck.
duchy was drawn from the deck.
mine was drawn from the deck.
estate was drawn from the deck.
Playing action card: mine
Player1 gained gold
Player1 bought mine

Player2 is now starting a turn.
estate was drawn from the deck.
copper was drawn from the deck.
mine was drawn from the deck.
copper was drawn from the deck.
copper was drawn from the deck.
Playing action card: mine
Player2 gained gold
Player2 bought gold

Player1 is now starting a turn.
estate was drawn from the deck.
curse was drawn from the deck.
curse was drawn from the deck.
copper was drawn from the deck.
curse was drawn from the deck.
Player1 bought estate

Player2 is now starting a turn.
curse was drawn from the deck.
copper was drawn from the deck.
estate was drawn from the deck.
curse was drawn from the deck.
estate was drawn from the deck.
Player2 bought village

Player1 is now starting a turn.
copper was drawn from the deck.
estate was drawn from the deck.
curse was drawn from the deck.
Shuffling Player1&apos;s deck.
copper was drawn from the deck.
estate was drawn from the deck.
Player1 bought seahag

Player2 is now starting a turn.
copper was drawn from the deck.
Shuffling Player2&apos;s deck.
gold was drawn from the deck.
copper was drawn from the deck.
estate was drawn from the deck.
estate was drawn from the deck.
Player2 bought adventurer

Player1 is now starting a turn.
estate was drawn from the deck.
copper was drawn from the deck.
gold was drawn from the deck.
mine was drawn from the deck.
copper was drawn from the deck.
Playing action card: mine
Player1 gained gold
Player1 bought province

Player2 is now starting a turn.
copper was drawn from the deck.
estate was drawn from the deck.
gold was drawn from the deck.
copper was drawn from the deck.
duchy was drawn from the deck.
Player2 bought gold

Player1 is now starting a turn.
curse was drawn from the deck.
estate was drawn from the deck.
curse was drawn from the deck.
copper was drawn from the deck.
copper was drawn from the deck.
Player1 bought silver

Player2 is now starting a turn.
estate was drawn from the deck.
copper was drawn from the deck.
curse was drawn from the deck.
curse was drawn from the deck.
copper was drawn from the deck.
Player2 bought ambassador

Player1 is now starting a turn.
curse was drawn from the deck.
curse was drawn from the deck.
curse was drawn from the deck.
copper was drawn from the deck.
cutpurse was drawn from the deck.
Playing action card: cutpurse
Player2 had no coppers to discard. 
Player1 bought silver

Player2 is now starting a turn.
curse was drawn from the deck.
village was drawn from the deck.
curse was drawn from the deck.
mine was drawn from the deck.
copper was drawn from the deck.
Playing action card: village
Shuffling Player2&apos;s deck.
copper was drawn from the deck.
Playing action card: mine
Player2 gained gold
Player2 bought duchy

Player1 is now starting a turn.
mine was drawn from the deck.
duchy was drawn from the deck.
Shuffling Player1&apos;s deck.
estate was drawn from the deck.
gold was drawn from the deck.
curse was drawn from the deck.
Playing action card: mine
Player1 gained gold
Player1 bought gold

Player2 is now starting a turn.
copper was drawn from the deck.
gold was drawn from the deck.
estate was drawn from the deck.
gold was drawn from the deck.
ambassador was drawn from the deck.
Playing action card: ambassador
Player2 returned 0 copies of gold
Player1 gained gold
Player2 bought province

Player1 is now starting a turn.
silver was drawn from the deck.
copper was drawn from the deck.
curse was drawn from the deck.
copper was drawn from the deck.
curse was drawn from the deck.
Player1 bought cutpurse

Player2 is now starting a turn.
copper was drawn from the deck.
duchy was drawn from the deck.
estate was drawn from the deck.
gold was drawn from the deck.
copper was drawn from the deck.
Player2 bought gold

Player1 is now starting a turn.
estate was drawn from the deck.
seahag was drawn from the deck.
estate was drawn from the deck.
gold was drawn from the deck.
curse was drawn from the deck.
Playing action card: seahag
curse was drawn from the deck.
Player2 discarded curse
Player2 gained curse to top of deck.
Player1 bought duchy

Player2 is now starting a turn.
curse was drawn from the deck.
estate was drawn from the deck.
copper was drawn from the deck.
adventurer was drawn from the deck.
curse was drawn from the deck.
Playing action card: adventurer
copper was drawn from the deck.
estate was drawn from the deck.
Player2 discarded estate
Player2 bought ambassador

Player1 is now starting a turn.
copper was drawn from the deck.
copper was drawn from the deck.
silver was drawn from the deck.
estate was drawn from the deck.
province was drawn from the deck.
Player1 bought duchy

Player2 is now starting a turn.
Shuffling Player2&apos;s deck.
curse was drawn from the deck.
mine was drawn from the deck.
estate was drawn from the deck.
adventurer was drawn from the deck.
gold was drawn from the deck.
Playing action card: mine
Player2 gained gold
Player2 bought gold

Player1 is now starting a turn.
mine was drawn from the deck.
curse was drawn from the deck.
copper was drawn from the deck.
copper was drawn from the deck.
copper was drawn from the deck.
Playing action card: mine
Player1 gained gold
Player1 bought gold

Player2 is now starting a turn.
gold was drawn from the deck.
duchy was drawn from the deck.
curse was drawn from the deck.
province was drawn from the deck.
curse was drawn from the deck.
Player2 bought village

Player1 is now starting a turn.
cutpurse was drawn from the deck.
curse was drawn from the deck.
Shuffling Player1&apos;s deck.
curse was drawn from the deck.
copper was drawn from the deck.
gold was drawn from the deck.
Playing action card: cutpurse
Player2 had no coppers to discard. 
Player1 bought gold

Player2 is now starting a turn.
copper was drawn from the deck.
gold was drawn from the deck.
ambassador was drawn from the deck.
estate was drawn from the deck.
curse was drawn from the deck.
Playing action card: ambassador
Player2 returned 0 copies of copper
Player1 gained copper
Player2 bought duchy

Player1 is now starting a turn.
gold was drawn from the deck.
gold was drawn from the deck.
gold was drawn from the deck.
copper was drawn from the deck.
curse was drawn from the deck.
Player1 bought province

Player2 is now starting a turn.
duchy was drawn from the deck.
ambassador was drawn from the deck.
copper was drawn from the deck.
gold was drawn from the deck.
copper was drawn from the deck.
Playing action card: ambassador
Player2 returned 0 copies of copper
Player1 gained copper
Player2 bought mine

Player1 is now starting a turn.
estate was drawn from the deck.
gold was drawn from the deck.
silver was drawn from the deck.
gold was drawn from the deck.
gold was drawn from the deck.
Player1 bought province

Player2 is now starting a turn.
curse was drawn from the deck.
gold was drawn from the deck.
copper was drawn from the deck.
copper was drawn from the deck.
copper was drawn from the deck.
Player2 bought adventurer

Player1 is now starting a turn.
duchy was drawn from the deck.
duchy was drawn from the deck.
copper was drawn from the deck.
estate was drawn from the deck.
mine was drawn from the deck.
Playing action card: mine
Player1 gained gold
Player1 bought mine

Player2 is now starting a turn.
estate was drawn from the deck.
copper was drawn from the deck.
estate was drawn from the deck.
village was drawn from the deck.
Shuffling Player2&apos;s deck.
copper was drawn from the deck.
Playing action card: village
gold was drawn from the deck.
Player2 bought gold

Player1 is now starting a turn.
cutpurse was drawn from the deck.
duchy was drawn from the deck.
mine was drawn from the deck.
curse was drawn from the deck.
copper was drawn from the deck.
Playing action card: cutpurse
Player2 had no coppers to discard. 
Player1 bought ambassador

Player2 is now starting a turn.
curse was drawn from the deck.
duchy was drawn from the deck.
curse was drawn from the deck.
copper was drawn from the deck.
adventurer was drawn from the deck.
Playing action card: adventurer
copper was drawn from the deck.
gold was drawn from the deck.
Player2 bought mine

Player1 is now starting a turn.
copper was drawn from the deck.
copper was drawn from the deck.
estate was drawn from the deck.
curse was drawn from the deck.
curse was drawn from the deck.
Player1 bought ambassador

Player2 is now starting a turn.
ambassador was drawn from the deck.
village was drawn from the deck.
gold was drawn from the deck.
curse was drawn from the deck.
estate was drawn from the deck.
Playing action card: ambassador
Player2 returned 0 copies of estate
Player1 gained estate
Player2 bought seahag

Player1 is now starting a turn.
silver was drawn from the deck.
copper was drawn from the deck.
seahag was drawn from the deck.
estate was drawn from the deck.
province was drawn from the deck.
Playing action card: seahag
gold was drawn from the deck.
Player2 discarded gold
Player2 gained curse to top of deck.
Player1 bought seahag

Player2 is now starting a turn.
curse was drawn from the deck.
gold was drawn from the deck.
gold was drawn from the deck.
curse was drawn from the deck.
copper was drawn from the deck.
Player2 bought gold

Player1 is now starting a turn.
Shuffling Player1&apos;s deck.
copper was drawn from the deck.
duchy was drawn from the deck.
copper was drawn from the deck.
copper was drawn from the deck.
curse was drawn from the deck.
Player1 bought village

Player2 is now starting a turn.
province was drawn from the deck.
mine was drawn from the deck.
duchy was drawn from the deck.
mine was drawn from the deck.
copper was drawn from the deck.
Playing action card: mine
Player2 gained gold
Player2 bought gardens

Player1 is now starting a turn.
silver was drawn from the deck.
gold was drawn from the deck.
mine was drawn from the deck.
ambassador was drawn from the deck.
copper was drawn from the deck.
Playing action card: ambassador
Player1 returned 0 copies of copper
Player2 gained copper
Player1 bought gold

Player2 is now starting a turn.
estate was drawn from the deck.
copper was drawn from the deck.
duchy was drawn from the deck.
adventurer was drawn from the deck.
curse was drawn from the deck.
Playing action card: adventurer
ambassador was drawn from the deck.
Player2 discarded ambassador
gold was drawn from the deck.
Player2 bought mine

Player1 is now starting a turn.
duchy was drawn from the deck.
curse was drawn from the deck.
copper was drawn from the deck.
seahag was drawn from the deck.
estate was drawn from the deck.
Playing action card: seahag
Shuffling Player2&apos;s deck.
mine was drawn from the deck.
Player2 discarded mine
Player2 gained curse to top of deck.
Player1 bought embargo

Player2 is now starting a turn.
curse was drawn from the deck.
copper was drawn from the deck.
mine was drawn from the deck.
gold was drawn from the deck.
gardens was drawn from the deck.
Playing action card: mine
Player2 gained gold
Player2 bought gold

Player1 is now starting a turn.
gold was drawn from the deck.
gold was drawn from the deck.
curse was drawn from the deck.
copper was drawn from the deck.
gold was drawn from the deck.
Player1 bought province

Player2 is now starting a turn.
mine was drawn from the deck.
copper was drawn from the deck.
gold was drawn from the deck.
curse was drawn from the deck.
gold was drawn from the deck.
Playing action card: mine
Player2 gained gold
Player2 bought province

Player1 is now starting a turn.
gold was drawn from the deck.
gold was drawn from the deck.
cutpurse was drawn from the deck.
silver was drawn from the deck.
copper was drawn from the deck.
Playing action card: cutpurse
Player2 had no coppers to discard. 
Player1 bought province

Player2 is now starting a turn.
gold was drawn from the deck.
adventurer was drawn from the deck.
mine was drawn from the deck.
curse was drawn from the deck.
copper was drawn from the deck.
Playing action card: mine
Player2 gained gold
Player2 bought adventurer

Player1 is now starting a turn.
copper was drawn from the deck.
mine was drawn from the deck.
seahag was drawn from the deck.
estate was drawn from the deck.
gold was drawn from the deck.
Playing action card: mine
Player1 gained gold
Player1 bought province
GAME OVER! Province card pile is empty. 
Player1: 1718
Player2: 1731
cutpurse was drawn from the deck.
estate was drawn from the deck.
hi! gained gold to top of deck.
</system-out>
  </testcase>
  <testcase classname="RegressionTest" name="test399" time="0"/>
  <testcase classname="RegressionTest" name="test400" time="0"/>
  <testcase classname="RegressionTest" name="test401" time="0"/>
  <testcase classname="RegressionTest" name="test402" time="0.01"/>
  <testcase classname="RegressionTest" name="test403" time="0.01">
    <failure type="java.lang.AssertionError">java.lang.AssertionError
	at org.junit.Assert.fail(Assert.java:86)
	at org.junit.Assert.assertTrue(Assert.java:41)
	at org.junit.Assert.assertTrue(Assert.java:52)
	at RegressionTest.test403(RegressionTest.java:27004)
	at sun.reflect.NativeMethodAccessorImpl.invoke0(Native Method)
	at sun.reflect.NativeMethodAccessorImpl.invoke(NativeMethodAccessorImpl.java:62)
	at sun.reflect.DelegatingMethodAccessorImpl.invoke(DelegatingMethodAccessorImpl.java:43)
	at java.lang.reflect.Method.invoke(Method.java:498)
	at org.junit.runners.model.FrameworkMethod$1.runReflectiveCall(FrameworkMethod.java:47)
	at org.junit.internal.runners.model.ReflectiveCallable.run(ReflectiveCallable.java:12)
	at org.junit.runners.model.FrameworkMethod.invokeExplosively(FrameworkMethod.java:44)
	at org.junit.internal.runners.statements.InvokeMethod.evaluate(InvokeMethod.java:17)
	at org.junit.runners.ParentRunner.runLeaf(ParentRunner.java:271)
	at org.junit.runners.BlockJUnit4ClassRunner.runChild(BlockJUnit4ClassRunner.java:70)
	at org.junit.runners.BlockJUnit4ClassRunner.runChild(BlockJUnit4ClassRunner.java:50)
	at org.junit.runners.ParentRunner$3.run(ParentRunner.java:238)
	at org.junit.runners.ParentRunner$1.schedule(ParentRunner.java:63)
	at org.junit.runners.ParentRunner.runChildren(ParentRunner.java:236)
	at org.junit.runners.ParentRunner.access$000(ParentRunner.java:53)
	at org.junit.runners.ParentRunner$2.evaluate(ParentRunner.java:229)
	at org.junit.runners.ParentRunner.run(ParentRunner.java:309)
	at org.apache.maven.surefire.junit4.JUnit4Provider.execute(JUnit4Provider.java:252)
	at org.apache.maven.surefire.junit4.JUnit4Provider.executeTestSet(JUnit4Provider.java:141)
	at org.apache.maven.surefire.junit4.JUnit4Provider.invoke(JUnit4Provider.java:112)
	at sun.reflect.NativeMethodAccessorImpl.invoke0(Native Method)
	at sun.reflect.NativeMethodAccessorImpl.invoke(NativeMethodAccessorImpl.java:62)
	at sun.reflect.DelegatingMethodAccessorImpl.invoke(DelegatingMethodAccessorImpl.java:43)
	at java.lang.reflect.Method.invoke(Method.java:498)
	at org.apache.maven.surefire.util.ReflectionUtils.invokeMethodWithArray(ReflectionUtils.java:189)
	at org.apache.maven.surefire.booter.ProviderFactory$ProviderProxy.invoke(ProviderFactory.java:165)
	at org.apache.maven.surefire.booter.ProviderFactory.invokeProvider(ProviderFactory.java:85)
	at org.apache.maven.surefire.booter.ForkedBooter.runSuitesInProcess(ForkedBooter.java:115)
	at org.apache.maven.surefire.booter.ForkedBooter.main(ForkedBooter.java:75)
</failure>
    <system-out>
STARTING NEW GAME!

Player1 is now starting a turn.
Shuffling Player1&apos;s deck.
copper was drawn from the deck.
copper was drawn from the deck.
estate was drawn from the deck.
copper was drawn from the deck.
estate was drawn from the deck.
Player1 gained curse card because of embargo token.
Player1 gained curse
Player1 gained curse card because of embargo token.
Player1 gained curse
Player1 gained curse card because of embargo token.
Player1 gained curse
Player1 gained curse card because of embargo token.
Player1 gained curse
Player1 bought duchy

Player2 is now starting a turn.
Shuffling Player2&apos;s deck.
copper was drawn from the deck.
copper was drawn from the deck.
estate was drawn from the deck.
copper was drawn from the deck.
copper was drawn from the deck.
Player2 gained curse card because of embargo token.
Player2 gained curse
Player2 gained curse card because of embargo token.
Player2 gained curse
Player2 gained curse card because of embargo token.
Player2 gained curse
Player2 gained curse card because of embargo token.
Player2 gained curse
Player2 bought duchy

Player1 is now starting a turn.
copper was drawn from the deck.
estate was drawn from the deck.
copper was drawn from the deck.
copper was drawn from the deck.
copper was drawn from the deck.
Player1 gained curse card because of embargo token.
Player1 gained curse
Player1 gained curse card because of embargo token.
Player1 gained curse
Player1 bought mine

Player2 is now starting a turn.
copper was drawn from the deck.
copper was drawn from the deck.
estate was drawn from the deck.
estate was drawn from the deck.
copper was drawn from the deck.
Player2 bought mine

Player1 is now starting a turn.
Shuffling Player1&apos;s deck.
copper was drawn from the deck.
copper was drawn from the deck.
curse was drawn from the deck.
copper was drawn from the deck.
copper was drawn from the deck.
Player1 bought cutpurse

Player2 is now starting a turn.
Shuffling Player2&apos;s deck.
copper was drawn from the deck.
curse was drawn from the deck.
curse was drawn from the deck.
copper was drawn from the deck.
duchy was drawn from the deck.
Player2 bought estate

Player1 is now starting a turn.
copper was drawn from the deck.
curse was drawn from the deck.
duchy was drawn from the deck.
mine was drawn from the deck.
estate was drawn from the deck.
Playing action card: mine
Player1 gained gold
Player1 bought mine

Player2 is now starting a turn.
estate was drawn from the deck.
copper was drawn from the deck.
mine was drawn from the deck.
copper was drawn from the deck.
copper was drawn from the deck.
Playing action card: mine
Player2 gained gold
Player2 bought gold

Player1 is now starting a turn.
estate was drawn from the deck.
curse was drawn from the deck.
curse was drawn from the deck.
copper was drawn from the deck.
curse was drawn from the deck.
Player1 bought estate

Player2 is now starting a turn.
curse was drawn from the deck.
copper was drawn from the deck.
estate was drawn from the deck.
curse was drawn from the deck.
estate was drawn from the deck.
Player2 bought village

Player1 is now starting a turn.
copper was drawn from the deck.
estate was drawn from the deck.
curse was drawn from the deck.
Shuffling Player1&apos;s deck.
copper was drawn from the deck.
estate was drawn from the deck.
Player1 bought seahag

Player2 is now starting a turn.
copper was drawn from the deck.
Shuffling Player2&apos;s deck.
gold was drawn from the deck.
copper was drawn from the deck.
estate was drawn from the deck.
estate was drawn from the deck.
Player2 bought adventurer

Player1 is now starting a turn.
estate was drawn from the deck.
copper was drawn from the deck.
gold was drawn from the deck.
mine was drawn from the deck.
copper was drawn from the deck.
Playing action card: mine
Player1 gained gold
Player1 bought province

Player2 is now starting a turn.
copper was drawn from the deck.
estate was drawn from the deck.
gold was drawn from the deck.
copper was drawn from the deck.
duchy was drawn from the deck.
Player2 bought gold

Player1 is now starting a turn.
curse was drawn from the deck.
estate was drawn from the deck.
curse was drawn from the deck.
copper was drawn from the deck.
copper was drawn from the deck.
Player1 bought silver

Player2 is now starting a turn.
estate was drawn from the deck.
copper was drawn from the deck.
curse was drawn from the deck.
curse was drawn from the deck.
copper was drawn from the deck.
Player2 bought ambassador

Player1 is now starting a turn.
curse was drawn from the deck.
curse was drawn from the deck.
curse was drawn from the deck.
copper was drawn from the deck.
cutpurse was drawn from the deck.
Playing action card: cutpurse
Player2 had no coppers to discard. 
Player1 bought silver

Player2 is now starting a turn.
curse was drawn from the deck.
village was drawn from the deck.
curse was drawn from the deck.
mine was drawn from the deck.
copper was drawn from the deck.
Playing action card: village
Shuffling Player2&apos;s deck.
copper was drawn from the deck.
Playing action card: mine
Player2 gained gold
Player2 bought duchy

Player1 is now starting a turn.
mine was drawn from the deck.
duchy was drawn from the deck.
Shuffling Player1&apos;s deck.
estate was drawn from the deck.
gold was drawn from the deck.
curse was drawn from the deck.
Playing action card: mine
Player1 gained gold
Player1 bought gold

Player2 is now starting a turn.
copper was drawn from the deck.
gold was drawn from the deck.
estate was drawn from the deck.
gold was drawn from the deck.
ambassador was drawn from the deck.
Playing action card: ambassador
Player2 returned 0 copies of gold
Player1 gained gold
Player2 bought province

Player1 is now starting a turn.
silver was drawn from the deck.
copper was drawn from the deck.
curse was drawn from the deck.
copper was drawn from the deck.
curse was drawn from the deck.
Player1 bought cutpurse

Player2 is now starting a turn.
copper was drawn from the deck.
duchy was drawn from the deck.
estate was drawn from the deck.
gold was drawn from the deck.
copper was drawn from the deck.
Player2 bought gold

Player1 is now starting a turn.
estate was drawn from the deck.
seahag was drawn from the deck.
estate was drawn from the deck.
gold was drawn from the deck.
curse was drawn from the deck.
Playing action card: seahag
curse was drawn from the deck.
Player2 discarded curse
Player2 gained curse to top of deck.
Player1 bought duchy

Player2 is now starting a turn.
curse was drawn from the deck.
estate was drawn from the deck.
copper was drawn from the deck.
adventurer was drawn from the deck.
curse was drawn from the deck.
Playing action card: adventurer
copper was drawn from the deck.
estate was drawn from the deck.
Player2 discarded estate
Player2 bought ambassador

Player1 is now starting a turn.
copper was drawn from the deck.
copper was drawn from the deck.
silver was drawn from the deck.
estate was drawn from the deck.
province was drawn from the deck.
Player1 bought duchy

Player2 is now starting a turn.
Shuffling Player2&apos;s deck.
curse was drawn from the deck.
mine was drawn from the deck.
estate was drawn from the deck.
adventurer was drawn from the deck.
gold was drawn from the deck.
Playing action card: mine
Player2 gained gold
Player2 bought gold

Player1 is now starting a turn.
mine was drawn from the deck.
curse was drawn from the deck.
copper was drawn from the deck.
copper was drawn from the deck.
copper was drawn from the deck.
Playing action card: mine
Player1 gained gold
Player1 bought gold

Player2 is now starting a turn.
gold was drawn from the deck.
duchy was drawn from the deck.
curse was drawn from the deck.
province was drawn from the deck.
curse was drawn from the deck.
Player2 bought village

Player1 is now starting a turn.
cutpurse was drawn from the deck.
curse was drawn from the deck.
Shuffling Player1&apos;s deck.
curse was drawn from the deck.
copper was drawn from the deck.
gold was drawn from the deck.
Playing action card: cutpurse
Player2 had no coppers to discard. 
Player1 bought gold

Player2 is now starting a turn.
copper was drawn from the deck.
gold was drawn from the deck.
ambassador was drawn from the deck.
estate was drawn from the deck.
curse was drawn from the deck.
Playing action card: ambassador
Player2 returned 0 copies of copper
Player1 gained copper
Player2 bought duchy

Player1 is now starting a turn.
gold was drawn from the deck.
gold was drawn from the deck.
gold was drawn from the deck.
copper was drawn from the deck.
curse was drawn from the deck.
Player1 bought province

Player2 is now starting a turn.
duchy was drawn from the deck.
ambassador was drawn from the deck.
copper was drawn from the deck.
gold was drawn from the deck.
copper was drawn from the deck.
Playing action card: ambassador
Player2 returned 0 copies of copper
Player1 gained copper
Player2 bought mine

Player1 is now starting a turn.
estate was drawn from the deck.
gold was drawn from the deck.
silver was drawn from the deck.
gold was drawn from the deck.
gold was drawn from the deck.
Player1 bought province

Player2 is now starting a turn.
curse was drawn from the deck.
gold was drawn from the deck.
copper was drawn from the deck.
copper was drawn from the deck.
copper was drawn from the deck.
Player2 bought adventurer

Player1 is now starting a turn.
duchy was drawn from the deck.
duchy was drawn from the deck.
copper was drawn from the deck.
estate was drawn from the deck.
mine was drawn from the deck.
Playing action card: mine
Player1 gained gold
Player1 bought mine

Player2 is now starting a turn.
estate was drawn from the deck.
copper was drawn from the deck.
estate was drawn from the deck.
village was drawn from the deck.
Shuffling Player2&apos;s deck.
copper was drawn from the deck.
Playing action card: village
gold was drawn from the deck.
Player2 bought gold

Player1 is now starting a turn.
cutpurse was drawn from the deck.
duchy was drawn from the deck.
mine was drawn from the deck.
curse was drawn from the deck.
copper was drawn from the deck.
Playing action card: cutpurse
Player2 had no coppers to discard. 
Player1 bought ambassador

Player2 is now starting a turn.
curse was drawn from the deck.
duchy was drawn from the deck.
curse was drawn from the deck.
copper was drawn from the deck.
adventurer was drawn from the deck.
Playing action card: adventurer
copper was drawn from the deck.
gold was drawn from the deck.
Player2 bought mine

Player1 is now starting a turn.
copper was drawn from the deck.
copper was drawn from the deck.
estate was drawn from the deck.
curse was drawn from the deck.
curse was drawn from the deck.
Player1 bought ambassador

Player2 is now starting a turn.
ambassador was drawn from the deck.
village was drawn from the deck.
gold was drawn from the deck.
curse was drawn from the deck.
estate was drawn from the deck.
Playing action card: ambassador
Player2 returned 0 copies of estate
Player1 gained estate
Player2 bought seahag

Player1 is now starting a turn.
silver was drawn from the deck.
copper was drawn from the deck.
seahag was drawn from the deck.
estate was drawn from the deck.
province was drawn from the deck.
Playing action card: seahag
gold was drawn from the deck.
Player2 discarded gold
Player2 gained curse to top of deck.
Player1 bought seahag

Player2 is now starting a turn.
curse was drawn from the deck.
gold was drawn from the deck.
gold was drawn from the deck.
curse was drawn from the deck.
copper was drawn from the deck.
Player2 bought gold

Player1 is now starting a turn.
Shuffling Player1&apos;s deck.
copper was drawn from the deck.
duchy was drawn from the deck.
copper was drawn from the deck.
copper was drawn from the deck.
curse was drawn from the deck.
Player1 bought village

Player2 is now starting a turn.
province was drawn from the deck.
mine was drawn from the deck.
duchy was drawn from the deck.
mine was drawn from the deck.
copper was drawn from the deck.
Playing action card: mine
Player2 gained gold
Player2 bought gardens

Player1 is now starting a turn.
silver was drawn from the deck.
gold was drawn from the deck.
mine was drawn from the deck.
ambassador was drawn from the deck.
copper was drawn from the deck.
Playing action card: ambassador
Player1 returned 0 copies of copper
Player2 gained copper
Player1 bought gold

Player2 is now starting a turn.
estate was drawn from the deck.
copper was drawn from the deck.
duchy was drawn from the deck.
adventurer was drawn from the deck.
curse was drawn from the deck.
Playing action card: adventurer
ambassador was drawn from the deck.
Player2 discarded ambassador
gold was drawn from the deck.
Player2 bought mine

Player1 is now starting a turn.
duchy was drawn from the deck.
curse was drawn from the deck.
copper was drawn from the deck.
seahag was drawn from the deck.
estate was drawn from the deck.
Playing action card: seahag
Shuffling Player2&apos;s deck.
mine was drawn from the deck.
Player2 discarded mine
Player2 gained curse to top of deck.
Player1 bought embargo

Player2 is now starting a turn.
curse was drawn from the deck.
copper was drawn from the deck.
mine was drawn from the deck.
gold was drawn from the deck.
gardens was drawn from the deck.
Playing action card: mine
Player2 gained gold
Player2 bought gold

Player1 is now starting a turn.
gold was drawn from the deck.
gold was drawn from the deck.
curse was drawn from the deck.
copper was drawn from the deck.
gold was drawn from the deck.
Player1 bought province

Player2 is now starting a turn.
mine was drawn from the deck.
copper was drawn from the deck.
gold was drawn from the deck.
curse was drawn from the deck.
gold was drawn from the deck.
Playing action card: mine
Player2 gained gold
Player2 bought province

Player1 is now starting a turn.
gold was drawn from the deck.
gold was drawn from the deck.
cutpurse was drawn from the deck.
silver was drawn from the deck.
copper was drawn from the deck.
Playing action card: cutpurse
Player2 had no coppers to discard. 
Player1 bought province

Player2 is now starting a turn.
gold was drawn from the deck.
adventurer was drawn from the deck.
mine was drawn from the deck.
curse was drawn from the deck.
copper was drawn from the deck.
Playing action card: mine
Player2 gained gold
Player2 bought adventurer

Player1 is now starting a turn.
copper was drawn from the deck.
mine was drawn from the deck.
seahag was drawn from the deck.
estate was drawn from the deck.
gold was drawn from the deck.
Playing action card: mine
Player1 gained gold
Player1 bought province
GAME OVER! Province card pile is empty. 
Player1: 1790
Player2: 1731
cutpurse was drawn from the deck.
estate was drawn from the deck.
Player1 had no coppers to discard. 
Player2 had no coppers to discard. 
hi! gained great_hall to top of deck.
</system-out>
  </testcase>
  <testcase classname="RegressionTest" name="test404" time="0">
    <failure type="java.lang.AssertionError">java.lang.AssertionError
	at org.junit.Assert.fail(Assert.java:86)
	at org.junit.Assert.assertTrue(Assert.java:41)
	at org.junit.Assert.assertTrue(Assert.java:52)
	at RegressionTest.test404(RegressionTest.java:27076)
	at sun.reflect.NativeMethodAccessorImpl.invoke0(Native Method)
	at sun.reflect.NativeMethodAccessorImpl.invoke(NativeMethodAccessorImpl.java:62)
	at sun.reflect.DelegatingMethodAccessorImpl.invoke(DelegatingMethodAccessorImpl.java:43)
	at java.lang.reflect.Method.invoke(Method.java:498)
	at org.junit.runners.model.FrameworkMethod$1.runReflectiveCall(FrameworkMethod.java:47)
	at org.junit.internal.runners.model.ReflectiveCallable.run(ReflectiveCallable.java:12)
	at org.junit.runners.model.FrameworkMethod.invokeExplosively(FrameworkMethod.java:44)
	at org.junit.internal.runners.statements.InvokeMethod.evaluate(InvokeMethod.java:17)
	at org.junit.runners.ParentRunner.runLeaf(ParentRunner.java:271)
	at org.junit.runners.BlockJUnit4ClassRunner.runChild(BlockJUnit4ClassRunner.java:70)
	at org.junit.runners.BlockJUnit4ClassRunner.runChild(BlockJUnit4ClassRunner.java:50)
	at org.junit.runners.ParentRunner$3.run(ParentRunner.java:238)
	at org.junit.runners.ParentRunner$1.schedule(ParentRunner.java:63)
	at org.junit.runners.ParentRunner.runChildren(ParentRunner.java:236)
	at org.junit.runners.ParentRunner.access$000(ParentRunner.java:53)
	at org.junit.runners.ParentRunner$2.evaluate(ParentRunner.java:229)
	at org.junit.runners.ParentRunner.run(ParentRunner.java:309)
	at org.apache.maven.surefire.junit4.JUnit4Provider.execute(JUnit4Provider.java:252)
	at org.apache.maven.surefire.junit4.JUnit4Provider.executeTestSet(JUnit4Provider.java:141)
	at org.apache.maven.surefire.junit4.JUnit4Provider.invoke(JUnit4Provider.java:112)
	at sun.reflect.NativeMethodAccessorImpl.invoke0(Native Method)
	at sun.reflect.NativeMethodAccessorImpl.invoke(NativeMethodAccessorImpl.java:62)
	at sun.reflect.DelegatingMethodAccessorImpl.invoke(DelegatingMethodAccessorImpl.java:43)
	at java.lang.reflect.Method.invoke(Method.java:498)
	at org.apache.maven.surefire.util.ReflectionUtils.invokeMethodWithArray(ReflectionUtils.java:189)
	at org.apache.maven.surefire.booter.ProviderFactory$ProviderProxy.invoke(ProviderFactory.java:165)
	at org.apache.maven.surefire.booter.ProviderFactory.invokeProvider(ProviderFactory.java:85)
	at org.apache.maven.surefire.booter.ForkedBooter.runSuitesInProcess(ForkedBooter.java:115)
	at org.apache.maven.surefire.booter.ForkedBooter.main(ForkedBooter.java:75)
</failure>
    <system-out>hi! gained curse
</system-out>
  </testcase>
</testsuite>