<?xml version="1.0" encoding="UTF-8"?>
<testsuite name="ORG.CS362.DOMINION.Randomness_ESTest" time="0" tests="10" errors="10" skipped="0" failures="0">
  <properties>
    <property name="java.runtime.name" value="Java(TM) SE Runtime Environment"/>
    <property name="sun.boot.library.path" value="C:\Program Files\Java\jdk1.8.0_121\jre\bin"/>
    <property name="java.vm.version" value="25.121-b13"/>
    <property name="java.vm.vendor" value="Oracle Corporation"/>
    <property name="maven.multiModuleProjectDirectory" value="C:\Users\Peter Dorich\Desktop\Dominion V.F\DOMINION"/>
    <property name="java.vendor.url" value="http://java.oracle.com/"/>
    <property name="path.separator" value=";"/>
    <property name="guice.disable.misplaced.annotation.check" value="true"/>
    <property name="java.vm.name" value="Java HotSpot(TM) 64-Bit Server VM"/>
    <property name="file.encoding.pkg" value="sun.io"/>
    <property name="user.script" value=""/>
    <property name="user.country" value="US"/>
    <property name="sun.java.launcher" value="SUN_STANDARD"/>
    <property name="sun.os.patch.level" value=""/>
    <property name="java.vm.specification.name" value="Java Virtual Machine Specification"/>
    <property name="user.dir" value="C:\Users\Peter Dorich\Desktop\Dominion V.F\DOMINION"/>
    <property name="java.runtime.version" value="1.8.0_121-b13"/>
    <property name="java.awt.graphicsenv" value="sun.awt.Win32GraphicsEnvironment"/>
    <property name="java.endorsed.dirs" value="C:\Program Files\Java\jdk1.8.0_121\jre\lib\endorsed"/>
    <property name="os.arch" value="amd64"/>
    <property name="java.io.tmpdir" value="C:\Users\PETERD~1\AppData\Local\Temp\"/>
    <property name="line.separator" value="&#10;"/>
    <property name="java.vm.specification.vendor" value="Oracle Corporation"/>
    <property name="user.variant" value=""/>
    <property name="os.name" value="Windows 10"/>
    <property name="classworlds.conf" value="C:\Users\Peter Dorich\Downloads\apache-maven-3.3.9-bin\apache-maven-3.3.9\bin\..\bin\m2.conf"/>
    <property name="sun.jnu.encoding" value="Cp1252"/>
    <property name="java.library.path" value="C:\Program Files\Java\jdk1.8.0_121\bin;C:\WINDOWS\Sun\Java\bin;C:\WINDOWS\system32;C:\WINDOWS;C:\ProgramData\Oracle\Java\javapath;C:\Windows\system32;C:\Windows;C:\Windows\System32\Wbem;C:\Windows\System32\WindowsPowerShell\v1.0\;C:\Program Files (x86)\Common Files\lenovo\easyplussdk\bin;C:\Program Files (x86)\NVIDIA Corporation\PhysX\Common;C:\Program Files\Intel\WiFi\bin\;C:\Program Files\Common Files\Intel\WirelessCommon\;C:\WINDOWS\system32;C:\WINDOWS;C:\WINDOWS\System32\Wbem;C:\WINDOWS\System32\WindowsPowerShell\v1.0\;C:\Program Files\Java\jdk1.8.0_121\bin;C:\Program Files\Java\jre1.8.0_121\bin;C:\Program Files\Git\cmd;C:\Users\Peter Dorich\Downloads\apache-maven-3.3.9-bin\apache-maven-3.3.9\bin;."/>
    <property name="java.specification.name" value="Java Platform API Specification"/>
    <property name="java.class.version" value="52.0"/>
    <property name="sun.management.compiler" value="HotSpot 64-Bit Tiered Compilers"/>
    <property name="os.version" value="10.0"/>
    <property name="user.home" value="C:\Users\Peter Dorich"/>
    <property name="user.timezone" value="America/Los_Angeles"/>
    <property name="java.awt.printerjob" value="sun.awt.windows.WPrinterJob"/>
    <property name="java.specification.version" value="1.8"/>
    <property name="file.encoding" value="Cp1252"/>
    <property name="user.name" value="Peter Dorich"/>
    <property name="java.class.path" value="C:\Users\Peter Dorich\Downloads\apache-maven-3.3.9-bin\apache-maven-3.3.9\bin\..\boot\plexus-classworlds-2.5.2.jar"/>
    <property name="java.vm.specification.version" value="1.8"/>
    <property name="sun.arch.data.model" value="64"/>
    <property name="java.home" value="C:\Program Files\Java\jdk1.8.0_121\jre"/>
    <property name="sun.java.command" value="org.codehaus.plexus.classworlds.launcher.Launcher test"/>
    <property name="java.specification.vendor" value="Oracle Corporation"/>
    <property name="user.language" value="en"/>
    <property name="awt.toolkit" value="sun.awt.windows.WToolkit"/>
    <property name="java.vm.info" value="mixed mode"/>
    <property name="java.version" value="1.8.0_121"/>
    <property name="java.ext.dirs" value="C:\Program Files\Java\jdk1.8.0_121\jre\lib\ext;C:\WINDOWS\Sun\Java\lib\ext"/>
    <property name="sun.boot.class.path" value="C:\Program Files\Java\jdk1.8.0_121\jre\lib\resources.jar;C:\Program Files\Java\jdk1.8.0_121\jre\lib\rt.jar;C:\Program Files\Java\jdk1.8.0_121\jre\lib\sunrsasign.jar;C:\Program Files\Java\jdk1.8.0_121\jre\lib\jsse.jar;C:\Program Files\Java\jdk1.8.0_121\jre\lib\jce.jar;C:\Program Files\Java\jdk1.8.0_121\jre\lib\charsets.jar;C:\Program Files\Java\jdk1.8.0_121\jre\lib\jfr.jar;C:\Program Files\Java\jdk1.8.0_121\jre\classes"/>
    <property name="sun.stderr.encoding" value="cp437"/>
    <property name="java.vendor" value="Oracle Corporation"/>
    <property name="maven.home" value="C:\Users\Peter Dorich\Downloads\apache-maven-3.3.9-bin\apache-maven-3.3.9\bin\.."/>
    <property name="file.separator" value="\"/>
    <property name="java.vendor.url.bug" value="http://bugreport.sun.com/bugreport/"/>
    <property name="sun.cpu.endian" value="little"/>
    <property name="sun.io.unicode.encoding" value="UnicodeLittle"/>
    <property name="sun.stdout.encoding" value="cp437"/>
    <property name="sun.desktop" value="windows"/>
    <property name="sun.cpu.isalist" value="amd64"/>
  </properties>
  <testcase name="test8" classname="ORG.CS362.DOMINION.Randomness_ESTest" time="0">
    <error message="ORG/CS362/DOMINION/Randomness" type="java.lang.NoClassDefFoundError">java.lang.NoClassDefFoundError: ORG/CS362/DOMINION/Randomness
	at java.lang.ClassLoader.defineClass1(Native Method)
	at java.lang.ClassLoader.defineClass(ClassLoader.java:763)
	at java.lang.ClassLoader.defineClass(ClassLoader.java:642)
	at org.evosuite.runtime.instrumentation.EvoClassLoader.instrumentClass(EvoClassLoader.java:116)
	at org.evosuite.runtime.instrumentation.EvoClassLoader.loadClass(EvoClassLoader.java:92)
	at ORG.CS362.DOMINION.Randomness_ESTest.test8(Randomness_ESTest.java:138)
</error>
    <system-out><![CDATA[[INFO] Seeing class for first time: ORG.CS362.DOMINION.Randomness_ESTest
[INFO] Instrumenting class 'ORG.CS362.DOMINION.Randomness_ESTest'.
[INFO] Seeing class for first time: ORG.CS362.DOMINION.Randomness_ESTest_scaffolding
[INFO] Instrumenting class 'ORG.CS362.DOMINION.Randomness_ESTest_scaffolding'.
[INFO] Keeping class: ORG.CS362.DOMINION.Randomness_ESTest_scaffolding
[INFO] Keeping class: ORG.CS362.DOMINION.Randomness_ESTest
[DEBUG] Adding privileged thread: "Reference Handler"
[DEBUG] Adding privileged thread: "Finalizer"
[DEBUG] Adding privileged thread: "Signal Dispatcher"
[DEBUG] Adding privileged thread: "Attach Listener"
[DEBUG] Adding privileged thread: "Java2D Disposer"
[DEBUG] Adding privileged thread: "AWT-Windows"
[DEBUG] Adding privileged thread: "main"
[INFO] Seeing class for first time: ORG.CS362.DOMINION.Randomness
[INFO] Instrumenting class 'ORG.CS362.DOMINION.Randomness'.
[INFO] Adding mock interface to class ORG/CS362/DOMINION/Randomness
[INFO] Found static initializer in class ORG/CS362/DOMINION/Randomness
[INFO] No hashCode defined for: ORG/CS362/DOMINION/Randomness, superclass = java.lang.Object
[DEBUG] Going to instrument: ORG.CS362.DOMINION.Randomness
[INFO] Found static initializer in class ORG/CS362/DOMINION/Randomness
[INFO] Error while loading class: java.lang.ClassFormatError: Duplicate method name&signature in class file ORG/CS362/DOMINION/Randomness
[INFO] Seeing class for first time: ORG.CS362.DOMINION.Randomness
[INFO] Instrumenting class 'ORG.CS362.DOMINION.Randomness'.
[INFO] Adding mock interface to class ORG/CS362/DOMINION/Randomness
[INFO] Found static initializer in class ORG/CS362/DOMINION/Randomness
[INFO] No hashCode defined for: ORG/CS362/DOMINION/Randomness, superclass = java.lang.Object
[DEBUG] Going to instrument: ORG.CS362.DOMINION.Randomness
[INFO] Found static initializer in class ORG/CS362/DOMINION/Randomness
[INFO] Error while loading class: java.lang.ClassFormatError: Duplicate method name&signature in class file ORG/CS362/DOMINION/Randomness
[INFO] Seeing class for first time: ORG.CS362.DOMINION.Randomness
[INFO] Instrumenting class 'ORG.CS362.DOMINION.Randomness'.
[INFO] Adding mock interface to class ORG/CS362/DOMINION/Randomness
[INFO] Found static initializer in class ORG/CS362/DOMINION/Randomness
[INFO] No hashCode defined for: ORG/CS362/DOMINION/Randomness, superclass = java.lang.Object
[DEBUG] Going to instrument: ORG.CS362.DOMINION.Randomness
[INFO] Found static initializer in class ORG/CS362/DOMINION/Randomness
[INFO] Error while loading class: java.lang.ClassFormatError: Duplicate method name&signature in class file ORG/CS362/DOMINION/Randomness
]]></system-out>
  </testcase>
  <testcase name="test9" classname="ORG.CS362.DOMINION.Randomness_ESTest" time="0">
    <error message="ORG/CS362/DOMINION/Randomness" type="java.lang.NoClassDefFoundError">java.lang.NoClassDefFoundError: ORG/CS362/DOMINION/Randomness
	at ORG.CS362.DOMINION.Randomness_ESTest.test9(Randomness_ESTest.java:144)
</error>
    <system-out><![CDATA[[INFO] Seeing class for first time: ORG.CS362.DOMINION.Randomness
[INFO] Instrumenting class 'ORG.CS362.DOMINION.Randomness'.
[INFO] Adding mock interface to class ORG/CS362/DOMINION/Randomness
[INFO] Found static initializer in class ORG/CS362/DOMINION/Randomness
[INFO] No hashCode defined for: ORG/CS362/DOMINION/Randomness, superclass = java.lang.Object
[DEBUG] Going to instrument: ORG.CS362.DOMINION.Randomness
[INFO] Found static initializer in class ORG/CS362/DOMINION/Randomness
[INFO] Error while loading class: java.lang.ClassFormatError: Duplicate method name&signature in class file ORG/CS362/DOMINION/Randomness
]]></system-out>
  </testcase>
  <testcase name="test6" classname="ORG.CS362.DOMINION.Randomness_ESTest" time="0">
    <error message="ORG/CS362/DOMINION/Randomness" type="java.lang.NoClassDefFoundError">java.lang.NoClassDefFoundError: ORG/CS362/DOMINION/Randomness
	at ORG.CS362.DOMINION.Randomness_ESTest.test6(Randomness_ESTest.java:110)
</error>
    <system-out><![CDATA[[INFO] Seeing class for first time: ORG.CS362.DOMINION.Randomness
[INFO] Instrumenting class 'ORG.CS362.DOMINION.Randomness'.
[INFO] Adding mock interface to class ORG/CS362/DOMINION/Randomness
[INFO] Found static initializer in class ORG/CS362/DOMINION/Randomness
[INFO] No hashCode defined for: ORG/CS362/DOMINION/Randomness, superclass = java.lang.Object
[DEBUG] Going to instrument: ORG.CS362.DOMINION.Randomness
[INFO] Found static initializer in class ORG/CS362/DOMINION/Randomness
[INFO] Error while loading class: java.lang.ClassFormatError: Duplicate method name&signature in class file ORG/CS362/DOMINION/Randomness
]]></system-out>
  </testcase>
  <testcase name="test7" classname="ORG.CS362.DOMINION.Randomness_ESTest" time="0">
    <error message="ORG/CS362/DOMINION/Randomness" type="java.lang.NoClassDefFoundError">java.lang.NoClassDefFoundError: ORG/CS362/DOMINION/Randomness
	at ORG.CS362.DOMINION.Randomness_ESTest.test7(Randomness_ESTest.java:125)
</error>
    <system-out><![CDATA[[INFO] Seeing class for first time: ORG.CS362.DOMINION.Randomness
[INFO] Instrumenting class 'ORG.CS362.DOMINION.Randomness'.
[INFO] Adding mock interface to class ORG/CS362/DOMINION/Randomness
[INFO] Found static initializer in class ORG/CS362/DOMINION/Randomness
[INFO] No hashCode defined for: ORG/CS362/DOMINION/Randomness, superclass = java.lang.Object
[DEBUG] Going to instrument: ORG.CS362.DOMINION.Randomness
[INFO] Found static initializer in class ORG/CS362/DOMINION/Randomness
[INFO] Error while loading class: java.lang.ClassFormatError: Duplicate method name&signature in class file ORG/CS362/DOMINION/Randomness
]]></system-out>
  </testcase>
  <testcase name="test4" classname="ORG.CS362.DOMINION.Randomness_ESTest" time="0">
    <error message="ORG/CS362/DOMINION/Randomness" type="java.lang.NoClassDefFoundError">java.lang.NoClassDefFoundError: ORG/CS362/DOMINION/Randomness
	at ORG.CS362.DOMINION.Randomness_ESTest.test4(Randomness_ESTest.java:87)
</error>
    <system-out><![CDATA[[INFO] Seeing class for first time: ORG.CS362.DOMINION.Randomness
[INFO] Instrumenting class 'ORG.CS362.DOMINION.Randomness'.
[INFO] Adding mock interface to class ORG/CS362/DOMINION/Randomness
[INFO] Found static initializer in class ORG/CS362/DOMINION/Randomness
[INFO] No hashCode defined for: ORG/CS362/DOMINION/Randomness, superclass = java.lang.Object
[DEBUG] Going to instrument: ORG.CS362.DOMINION.Randomness
[INFO] Found static initializer in class ORG/CS362/DOMINION/Randomness
[INFO] Error while loading class: java.lang.ClassFormatError: Duplicate method name&signature in class file ORG/CS362/DOMINION/Randomness
]]></system-out>
  </testcase>
  <testcase name="test5" classname="ORG.CS362.DOMINION.Randomness_ESTest" time="0">
    <error message="ORG/CS362/DOMINION/Randomness" type="java.lang.NoClassDefFoundError">java.lang.NoClassDefFoundError: ORG/CS362/DOMINION/Randomness
	at ORG.CS362.DOMINION.Randomness_ESTest.test5(Randomness_ESTest.java:101)
</error>
    <system-out><![CDATA[[INFO] Seeing class for first time: ORG.CS362.DOMINION.Randomness
[INFO] Instrumenting class 'ORG.CS362.DOMINION.Randomness'.
[INFO] Adding mock interface to class ORG/CS362/DOMINION/Randomness
[INFO] Found static initializer in class ORG/CS362/DOMINION/Randomness
[INFO] No hashCode defined for: ORG/CS362/DOMINION/Randomness, superclass = java.lang.Object
[DEBUG] Going to instrument: ORG.CS362.DOMINION.Randomness
[INFO] Found static initializer in class ORG/CS362/DOMINION/Randomness
[INFO] Error while loading class: java.lang.ClassFormatError: Duplicate method name&signature in class file ORG/CS362/DOMINION/Randomness
]]></system-out>
  </testcase>
  <testcase name="test2" classname="ORG.CS362.DOMINION.Randomness_ESTest" time="0">
    <error message="ORG/CS362/DOMINION/Randomness" type="java.lang.NoClassDefFoundError">java.lang.NoClassDefFoundError: ORG/CS362/DOMINION/Randomness
	at ORG.CS362.DOMINION.Randomness_ESTest.test2(Randomness_ESTest.java:51)
</error>
    <system-out><![CDATA[[INFO] Seeing class for first time: ORG.CS362.DOMINION.Randomness
[INFO] Instrumenting class 'ORG.CS362.DOMINION.Randomness'.
[INFO] Adding mock interface to class ORG/CS362/DOMINION/Randomness
[INFO] Found static initializer in class ORG/CS362/DOMINION/Randomness
[INFO] No hashCode defined for: ORG/CS362/DOMINION/Randomness, superclass = java.lang.Object
[DEBUG] Going to instrument: ORG.CS362.DOMINION.Randomness
[INFO] Found static initializer in class ORG/CS362/DOMINION/Randomness
[INFO] Error while loading class: java.lang.ClassFormatError: Duplicate method name&signature in class file ORG/CS362/DOMINION/Randomness
]]></system-out>
  </testcase>
  <testcase name="test3" classname="ORG.CS362.DOMINION.Randomness_ESTest" time="0">
    <error message="ORG/CS362/DOMINION/Randomness" type="java.lang.NoClassDefFoundError">java.lang.NoClassDefFoundError: ORG/CS362/DOMINION/Randomness
	at ORG.CS362.DOMINION.Randomness_ESTest.test3(Randomness_ESTest.java:69)
</error>
    <system-out><![CDATA[[INFO] Seeing class for first time: ORG.CS362.DOMINION.Randomness
[INFO] Instrumenting class 'ORG.CS362.DOMINION.Randomness'.
[INFO] Adding mock interface to class ORG/CS362/DOMINION/Randomness
[INFO] Found static initializer in class ORG/CS362/DOMINION/Randomness
[INFO] No hashCode defined for: ORG/CS362/DOMINION/Randomness, superclass = java.lang.Object
[DEBUG] Going to instrument: ORG.CS362.DOMINION.Randomness
[INFO] Found static initializer in class ORG/CS362/DOMINION/Randomness
[INFO] Error while loading class: java.lang.ClassFormatError: Duplicate method name&signature in class file ORG/CS362/DOMINION/Randomness
]]></system-out>
  </testcase>
  <testcase name="test0" classname="ORG.CS362.DOMINION.Randomness_ESTest" time="0">
    <error message="ORG/CS362/DOMINION/Randomness" type="java.lang.NoClassDefFoundError">java.lang.NoClassDefFoundError: ORG/CS362/DOMINION/Randomness
	at ORG.CS362.DOMINION.Randomness_ESTest.test0(Randomness_ESTest.java:27)
</error>
    <system-out><![CDATA[[INFO] Seeing class for first time: ORG.CS362.DOMINION.Randomness
[INFO] Instrumenting class 'ORG.CS362.DOMINION.Randomness'.
[INFO] Adding mock interface to class ORG/CS362/DOMINION/Randomness
[INFO] Found static initializer in class ORG/CS362/DOMINION/Randomness
[INFO] No hashCode defined for: ORG/CS362/DOMINION/Randomness, superclass = java.lang.Object
[DEBUG] Going to instrument: ORG.CS362.DOMINION.Randomness
[INFO] Found static initializer in class ORG/CS362/DOMINION/Randomness
[INFO] Error while loading class: java.lang.ClassFormatError: Duplicate method name&signature in class file ORG/CS362/DOMINION/Randomness
]]></system-out>
  </testcase>
  <testcase name="test1" classname="ORG.CS362.DOMINION.Randomness_ESTest" time="0">
    <error message="ORG/CS362/DOMINION/Randomness" type="java.lang.NoClassDefFoundError">java.lang.NoClassDefFoundError: ORG/CS362/DOMINION/Randomness
	at ORG.CS362.DOMINION.Randomness_ESTest.test1(Randomness_ESTest.java:45)
</error>
    <system-out><![CDATA[[INFO] Seeing class for first time: ORG.CS362.DOMINION.Randomness
[INFO] Instrumenting class 'ORG.CS362.DOMINION.Randomness'.
[INFO] Adding mock interface to class ORG/CS362/DOMINION/Randomness
[INFO] Found static initializer in class ORG/CS362/DOMINION/Randomness
[INFO] No hashCode defined for: ORG/CS362/DOMINION/Randomness, superclass = java.lang.Object
[DEBUG] Going to instrument: ORG.CS362.DOMINION.Randomness
[INFO] Found static initializer in class ORG/CS362/DOMINION/Randomness
[INFO] Error while loading class: java.lang.ClassFormatError: Duplicate method name&signature in class file ORG/CS362/DOMINION/Randomness
]]></system-out>
  </testcase>
</testsuite>