<?xml version="1.0" encoding="UTF-8"?>
<testsuite name="ORG.CS362.DOMINION.PlayDominion_ESTest" time="0.016" tests="3" errors="2" skipped="0" failures="0">
  <properties>
    <property name="java.runtime.name" value="Java(TM) SE Runtime Environment"/>
    <property name="sun.boot.library.path" value="C:\Program Files\Java\jdk1.8.0_121\jre\bin"/>
    <property name="java.vm.version" value="25.121-b13"/>
    <property name="java.vm.vendor" value="Oracle Corporation"/>
    <property name="maven.multiModuleProjectDirectory" value="C:\Users\Peter Dorich\Desktop\Dominion V.F\DOMINION"/>
    <property name="java.vendor.url" value="http://java.oracle.com/"/>
    <property name="path.separator" value=";"/>
    <property name="guice.disable.misplaced.annotation.check" value="true"/>
    <property name="java.vm.name" value="Java HotSpot(TM) 64-Bit Server VM"/>
    <property name="file.encoding.pkg" value="sun.io"/>
    <property name="user.script" value=""/>
    <property name="user.country" value="US"/>
    <property name="sun.java.launcher" value="SUN_STANDARD"/>
    <property name="sun.os.patch.level" value=""/>
    <property name="java.vm.specification.name" value="Java Virtual Machine Specification"/>
    <property name="user.dir" value="C:\Users\Peter Dorich\Desktop\Dominion V.F\DOMINION"/>
    <property name="java.runtime.version" value="1.8.0_121-b13"/>
    <property name="java.awt.graphicsenv" value="sun.awt.Win32GraphicsEnvironment"/>
    <property name="java.endorsed.dirs" value="C:\Program Files\Java\jdk1.8.0_121\jre\lib\endorsed"/>
    <property name="os.arch" value="amd64"/>
    <property name="java.io.tmpdir" value="C:\Users\PETERD~1\AppData\Local\Temp\"/>
    <property name="line.separator" value="&#10;"/>
    <property name="java.vm.specification.vendor" value="Oracle Corporation"/>
    <property name="user.variant" value=""/>
    <property name="os.name" value="Windows 10"/>
    <property name="classworlds.conf" value="C:\Users\Peter Dorich\Downloads\apache-maven-3.3.9-bin\apache-maven-3.3.9\bin\..\bin\m2.conf"/>
    <property name="sun.jnu.encoding" value="Cp1252"/>
    <property name="java.library.path" value="C:\Program Files\Java\jdk1.8.0_121\bin;C:\WINDOWS\Sun\Java\bin;C:\WINDOWS\system32;C:\WINDOWS;C:\ProgramData\Oracle\Java\javapath;C:\Windows\system32;C:\Windows;C:\Windows\System32\Wbem;C:\Windows\System32\WindowsPowerShell\v1.0\;C:\Program Files (x86)\Common Files\lenovo\easyplussdk\bin;C:\Program Files (x86)\NVIDIA Corporation\PhysX\Common;C:\Program Files\Intel\WiFi\bin\;C:\Program Files\Common Files\Intel\WirelessCommon\;C:\WINDOWS\system32;C:\WINDOWS;C:\WINDOWS\System32\Wbem;C:\WINDOWS\System32\WindowsPowerShell\v1.0\;C:\Program Files\Java\jdk1.8.0_121\bin;C:\Program Files\Java\jre1.8.0_121\bin;C:\Program Files\Git\cmd;C:\Users\Peter Dorich\Downloads\apache-maven-3.3.9-bin\apache-maven-3.3.9\bin;."/>
    <property name="java.specification.name" value="Java Platform API Specification"/>
    <property name="java.class.version" value="52.0"/>
    <property name="sun.management.compiler" value="HotSpot 64-Bit Tiered Compilers"/>
    <property name="os.version" value="10.0"/>
    <property name="user.home" value="C:\Users\Peter Dorich"/>
    <property name="user.timezone" value="America/Los_Angeles"/>
    <property name="java.awt.printerjob" value="sun.awt.windows.WPrinterJob"/>
    <property name="java.specification.version" value="1.8"/>
    <property name="file.encoding" value="Cp1252"/>
    <property name="user.name" value="Peter Dorich"/>
    <property name="java.class.path" value="C:\Users\Peter Dorich\Downloads\apache-maven-3.3.9-bin\apache-maven-3.3.9\bin\..\boot\plexus-classworlds-2.5.2.jar"/>
    <property name="java.vm.specification.version" value="1.8"/>
    <property name="sun.arch.data.model" value="64"/>
    <property name="java.home" value="C:\Program Files\Java\jdk1.8.0_121\jre"/>
    <property name="sun.java.command" value="org.codehaus.plexus.classworlds.launcher.Launcher test"/>
    <property name="java.specification.vendor" value="Oracle Corporation"/>
    <property name="user.language" value="en"/>
    <property name="awt.toolkit" value="sun.awt.windows.WToolkit"/>
    <property name="java.vm.info" value="mixed mode"/>
    <property name="java.version" value="1.8.0_121"/>
    <property name="java.ext.dirs" value="C:\Program Files\Java\jdk1.8.0_121\jre\lib\ext;C:\WINDOWS\Sun\Java\lib\ext"/>
    <property name="sun.boot.class.path" value="C:\Program Files\Java\jdk1.8.0_121\jre\lib\resources.jar;C:\Program Files\Java\jdk1.8.0_121\jre\lib\rt.jar;C:\Program Files\Java\jdk1.8.0_121\jre\lib\sunrsasign.jar;C:\Program Files\Java\jdk1.8.0_121\jre\lib\jsse.jar;C:\Program Files\Java\jdk1.8.0_121\jre\lib\jce.jar;C:\Program Files\Java\jdk1.8.0_121\jre\lib\charsets.jar;C:\Program Files\Java\jdk1.8.0_121\jre\lib\jfr.jar;C:\Program Files\Java\jdk1.8.0_121\jre\classes"/>
    <property name="sun.stderr.encoding" value="cp437"/>
    <property name="java.vendor" value="Oracle Corporation"/>
    <property name="maven.home" value="C:\Users\Peter Dorich\Downloads\apache-maven-3.3.9-bin\apache-maven-3.3.9\bin\.."/>
    <property name="file.separator" value="\"/>
    <property name="java.vendor.url.bug" value="http://bugreport.sun.com/bugreport/"/>
    <property name="sun.cpu.endian" value="little"/>
    <property name="sun.io.unicode.encoding" value="UnicodeLittle"/>
    <property name="sun.stdout.encoding" value="cp437"/>
    <property name="sun.desktop" value="windows"/>
    <property name="sun.cpu.isalist" value="amd64"/>
  </properties>
  <testcase name="test2" classname="ORG.CS362.DOMINION.PlayDominion_ESTest" time="0.003"/>
  <testcase name="test0" classname="ORG.CS362.DOMINION.PlayDominion_ESTest" time="0.006">
    <error type="org.evosuite.runtime.System$SystemExitException:">org.evosuite.runtime.System$SystemExitException: null
	at org.evosuite.runtime.System.exit(System.java:187)
	at ORG.CS362.DOMINION.PlayDominion.main(PlayDominion.java:83)
	at ORG.CS362.DOMINION.PlayDominion_ESTest.test0(PlayDominion_ESTest.java:27)
</error>
    <system-out><![CDATA[Random Number 2
Initialization DominionBoard:
 The board game is empty, you need to intialize the game!!!!
 --- player-1 --- 
 --- --------------------------- --- 
The board game is empty, you need to intialize the game!!!!
 --- --------------------------- --- 
Before Initialization
The number of players in the game: 2
Player: player-1 gains  	Copper-TREASURE 		 Cost: 0 		 Score: 0 	Treasure Value: 1
Player: player-1 gains  	Copper-TREASURE 		 Cost: 0 		 Score: 0 	Treasure Value: 1
Player: player-1 gains  	Copper-TREASURE 		 Cost: 0 		 Score: 0 	Treasure Value: 1
Player: player-1 gains  	Copper-TREASURE 		 Cost: 0 		 Score: 0 	Treasure Value: 1
Player: player-1 gains  	Copper-TREASURE 		 Cost: 0 		 Score: 0 	Treasure Value: 1
Player: player-1 gains  	Copper-TREASURE 		 Cost: 0 		 Score: 0 	Treasure Value: 1
Player: player-1 gains  	Copper-TREASURE 		 Cost: 0 		 Score: 0 	Treasure Value: 1
Player: player-1 gains  	Estate-VICTORY 		 Cost: 2 		 Score: 3 	Treasure Value: 0
Player: player-1 gains  	Estate-VICTORY 		 Cost: 2 		 Score: 3 	Treasure Value: 0
Player: player-1 gains  	Estate-VICTORY 		 Cost: 2 		 Score: 3 	Treasure Value: 0
reshuffle the deck of the player player-1 to draw FIVE cards
draw  	Estate-VICTORY 		 Cost: 2 		 Score: 3 	Treasure Value: 0
draw  	Copper-TREASURE 		 Cost: 0 		 Score: 0 	Treasure Value: 1
draw  	Copper-TREASURE 		 Cost: 0 		 Score: 0 	Treasure Value: 1
draw  	Copper-TREASURE 		 Cost: 0 		 Score: 0 	Treasure Value: 1
draw  	Copper-TREASURE 		 Cost: 0 		 Score: 0 	Treasure Value: 1
Player: player-2 gains  	Copper-TREASURE 		 Cost: 0 		 Score: 0 	Treasure Value: 1
Player: player-2 gains  	Copper-TREASURE 		 Cost: 0 		 Score: 0 	Treasure Value: 1
Player: player-2 gains  	Copper-TREASURE 		 Cost: 0 		 Score: 0 	Treasure Value: 1
Player: player-2 gains  	Copper-TREASURE 		 Cost: 0 		 Score: 0 	Treasure Value: 1
Player: player-2 gains  	Copper-TREASURE 		 Cost: 0 		 Score: 0 	Treasure Value: 1
Player: player-2 gains  	Copper-TREASURE 		 Cost: 0 		 Score: 0 	Treasure Value: 1
Player: player-2 gains  	Copper-TREASURE 		 Cost: 0 		 Score: 0 	Treasure Value: 1
Player: player-2 gains  	Estate-VICTORY 		 Cost: 2 		 Score: 3 	Treasure Value: 0
Player: player-2 gains  	Estate-VICTORY 		 Cost: 2 		 Score: 3 	Treasure Value: 0
Player: player-2 gains  	Estate-VICTORY 		 Cost: 2 		 Score: 3 	Treasure Value: 0
reshuffle the deck of the player player-2 to draw FIVE cards
draw  	Copper-TREASURE 		 Cost: 0 		 Score: 0 	Treasure Value: 1
draw  	Copper-TREASURE 		 Cost: 0 		 Score: 0 	Treasure Value: 1
draw  	Estate-VICTORY 		 Cost: 2 		 Score: 3 	Treasure Value: 0
draw  	Copper-TREASURE 		 Cost: 0 		 Score: 0 	Treasure Value: 1
draw  	Copper-TREASURE 		 Cost: 0 		 Score: 0 	Treasure Value: 1
Initialization DominionBoard:
  ---  --- player-1 ---  --- --------------------------- --- Hand: [ 	Copper-TREASURE 		 Cost: 0 		 Score: 0 	Treasure Value: 1,  	Copper-TREASURE 		 Cost: 0 		 Score: 0 	Treasure Value: 1,  	Copper-TREASURE 		 Cost: 0 		 Score: 0 	Treasure Value: 1,  	Copper-TREASURE 		 Cost: 0 		 Score: 0 	Treasure Value: 1,  	Estate-VICTORY 		 Cost: 2 		 Score: 3 	Treasure Value: 0,  	Adventurer-ACTION 		 Cost: 6 		 Score: 0 	Treasure Value: 0,  	Smithy-ACTION 		 Cost: 4 		 Score: 0 	Treasure Value: 0]Discard: []Deck: [ 	Estate-VICTORY 		 Cost: 2 		 Score: 3 	Treasure Value: 0,  	Copper-TREASURE 		 Cost: 0 		 Score: 0 	Treasure Value: 1,  	Copper-TREASURE 		 Cost: 0 		 Score: 0 	Treasure Value: 1,  	Estate-VICTORY 		 Cost: 2 		 Score: 3 	Treasure Value: 0,  	Copper-TREASURE 		 Cost: 0 		 Score: 0 	Treasure Value: 1]Played Cards: []numActions: 1coins: 0numBuys: 1

 ---  --- player-2 ---  --- --------------------------- --- Hand: [ 	Copper-TREASURE 		 Cost: 0 		 Score: 0 	Treasure Value: 1,  	Copper-TREASURE 		 Cost: 0 		 Score: 0 	Treasure Value: 1,  	Copper-TREASURE 		 Cost: 0 		 Score: 0 	Treasure Value: 1,  	Copper-TREASURE 		 Cost: 0 		 Score: 0 	Treasure Value: 1,  	Estate-VICTORY 		 Cost: 2 		 Score: 3 	Treasure Value: 0,  	Smithy-ACTION 		 Cost: 4 		 Score: 0 	Treasure Value: 0,  	Village-ACTION 		 Cost: 3 		 Score: 0 	Treasure Value: 0]Discard: []Deck: [ 	Copper-TREASURE 		 Cost: 0 		 Score: 0 	Treasure Value: 1,  	Estate-VICTORY 		 Cost: 2 		 Score: 3 	Treasure Value: 0,  	Estate-VICTORY 		 Cost: 2 		 Score: 3 	Treasure Value: 0,  	Copper-TREASURE 		 Cost: 0 		 Score: 0 	Treasure Value: 1,  	Copper-TREASURE 		 Cost: 0 		 Score: 0 	Treasure Value: 1]Played Cards: []numActions: 1coins: 0numBuys: 1

 --- gameBoard --- 
Cards on the table: 
Card Name 		 NumberCards: 
	 Gold		 30
	 Silver		 40
	 Copper		 36
	 Province		 12
	 Duchy		 12
	 Estate		 18
	 Adventurer		 10
	 Smithy		 10
	 Village		 10
	 Ambassador		 10
	 Baron		 10
	 Council_Room		 10
	 Embargo		 10
	 Cutpurse		 10
	 Feast		 10
	 Gardens		 10
	 Great_Hall		 10
	 Mine		 10
	 Cellar		 10

Player: player-1 is playing
Player player-1 has played Adventurer
Reveal----->Estate
Reveal----->Copper
Reveal----->Estate
 --- --------------------------- --- 
buyCard 
 --- --------------------------- --- 
Not enough coins
coins -> 4
Player: player-1 gains  	Copper-TREASURE 		 Cost: 0 		 Score: 0 	Treasure Value: 1
 --- --------------------------- --- 
endTurn 
 --- --------------------------- --- 
Player:  player-1 discards  	Copper-TREASURE 		 Cost: 0 		 Score: 0 	Treasure Value: 1
Player:  player-1 discards  	Copper-TREASURE 		 Cost: 0 		 Score: 0 	Treasure Value: 1
Player:  player-1 discards  	Estate-VICTORY 		 Cost: 2 		 Score: 3 	Treasure Value: 0
Player:  player-1 discards  	Smithy-ACTION 		 Cost: 4 		 Score: 0 	Treasure Value: 0
Player:  player-1 discards  	Estate-VICTORY 		 Cost: 2 		 Score: 3 	Treasure Value: 0
draw  	Copper-TREASURE 		 Cost: 0 		 Score: 0 	Treasure Value: 1
draw  	Copper-TREASURE 		 Cost: 0 		 Score: 0 	Treasure Value: 1
draw  	Copper-TREASURE 		 Cost: 0 		 Score: 0 	Treasure Value: 1
reshuffle the deck of the player player-1 to draw FIVE cards
draw  	Smithy-ACTION 		 Cost: 4 		 Score: 0 	Treasure Value: 0
draw  	Estate-VICTORY 		 Cost: 2 		 Score: 3 	Treasure Value: 0
Player: player-2 is playing
Player player-2 has played Smithy
Player: player-2 gains  	Great_Hall-ACTION 		 Cost: 3 		 Score: 0 	Treasure Value: 0
Player: player-2 gains  	Great_Hall-ACTION 		 Cost: 3 		 Score: 0 	Treasure Value: 0
Player: player-2 gains  	Adventurer-ACTION 		 Cost: 6 		 Score: 0 	Treasure Value: 0
 --- --------------------------- --- 
buyCard 
 --- --------------------------- --- 
Not enough coins
coins -> 4
Player: player-2 gains  	Copper-TREASURE 		 Cost: 0 		 Score: 0 	Treasure Value: 1
 --- --------------------------- --- 
endTurn 
 --- --------------------------- --- 
Player:  player-2 discards  	Copper-TREASURE 		 Cost: 0 		 Score: 0 	Treasure Value: 1
Player:  player-2 discards  	Copper-TREASURE 		 Cost: 0 		 Score: 0 	Treasure Value: 1
Player:  player-2 discards  	Estate-VICTORY 		 Cost: 2 		 Score: 3 	Treasure Value: 0
Player:  player-2 discards  	Village-ACTION 		 Cost: 3 		 Score: 0 	Treasure Value: 0
draw  	Copper-TREASURE 		 Cost: 0 		 Score: 0 	Treasure Value: 1
draw  	Estate-VICTORY 		 Cost: 2 		 Score: 3 	Treasure Value: 0
draw  	Estate-VICTORY 		 Cost: 2 		 Score: 3 	Treasure Value: 0
draw  	Copper-TREASURE 		 Cost: 0 		 Score: 0 	Treasure Value: 1
draw  	Copper-TREASURE 		 Cost: 0 		 Score: 0 	Treasure Value: 1
Player: player-1 is playing
Player player-1 has played Adventurer
Reveal----->Copper
Reveal----->Copper
Reveal----->Copper
Reveal----->Estate
 --- --------------------------- --- 
buyCard 
 --- --------------------------- --- 
Player: player-1 gains  	Cutpurse-ACTION 		 Cost: 4 		 Score: 0 	Treasure Value: 0
Player player-1 bought Cutpurse for 4 coins.
 --- --------------------------- --- 
endTurn 
 --- --------------------------- --- 
Player:  player-1 discards  	Copper-TREASURE 		 Cost: 0 		 Score: 0 	Treasure Value: 1
Player:  player-1 discards  	Copper-TREASURE 		 Cost: 0 		 Score: 0 	Treasure Value: 1
Player:  player-1 discards  	Copper-TREASURE 		 Cost: 0 		 Score: 0 	Treasure Value: 1
Player:  player-1 discards  	Estate-VICTORY 		 Cost: 2 		 Score: 3 	Treasure Value: 0
Player:  player-1 discards  	Smithy-ACTION 		 Cost: 4 		 Score: 0 	Treasure Value: 0
draw  	Copper-TREASURE 		 Cost: 0 		 Score: 0 	Treasure Value: 1
draw  	Copper-TREASURE 		 Cost: 0 		 Score: 0 	Treasure Value: 1
draw  	Copper-TREASURE 		 Cost: 0 		 Score: 0 	Treasure Value: 1
reshuffle the deck of the player player-1 to draw FIVE cards
draw  	Copper-TREASURE 		 Cost: 0 		 Score: 0 	Treasure Value: 1
draw  	Cutpurse-ACTION 		 Cost: 4 		 Score: 0 	Treasure Value: 0
Player: player-2 is playing
Player player-2 has played Smithy
Player: player-2 gains  	Feast-ACTION 		 Cost: 4 		 Score: 0 	Treasure Value: 0
Player: player-2 gains  	Silver-TREASURE 		 Cost: 3 		 Score: 0 	Treasure Value: 2
Player: player-2 gains  	Duchy-VICTORY 		 Cost: 5 		 Score: 1 	Treasure Value: 0
 --- --------------------------- --- 
buyCard 
 --- --------------------------- --- 
Player: player-2 gains  	Mine-ACTION 		 Cost: 5 		 Score: 0 	Treasure Value: 0
Player player-2 bought Mine for 5 coins.
 --- --------------------------- --- 
endTurn 
 --- --------------------------- --- 
Player:  player-2 discards  	Copper-TREASURE 		 Cost: 0 		 Score: 0 	Treasure Value: 1
Player:  player-2 discards  	Copper-TREASURE 		 Cost: 0 		 Score: 0 	Treasure Value: 1
Player:  player-2 discards  	Copper-TREASURE 		 Cost: 0 		 Score: 0 	Treasure Value: 1
Player:  player-2 discards  	Estate-VICTORY 		 Cost: 2 		 Score: 3 	Treasure Value: 0
reshuffle the deck of the player player-2 to draw FIVE cards
draw  	Great_Hall-ACTION 		 Cost: 3 		 Score: 0 	Treasure Value: 0
draw  	Adventurer-ACTION 		 Cost: 6 		 Score: 0 	Treasure Value: 0
draw  	Estate-VICTORY 		 Cost: 2 		 Score: 3 	Treasure Value: 0
draw  	Copper-TREASURE 		 Cost: 0 		 Score: 0 	Treasure Value: 1
draw  	Copper-TREASURE 		 Cost: 0 		 Score: 0 	Treasure Value: 1
Player: player-1 is playing
Player player-1 has played Adventurer
Reveal----->Smithy
Reveal----->Copper
Reveal----->Copper
 --- --------------------------- --- 
buyCard 
 --- --------------------------- --- 
Player: player-1 gains  	Village-ACTION 		 Cost: 3 		 Score: 0 	Treasure Value: 0
Player player-1 bought Village for 3 coins.
 --- --------------------------- --- 
endTurn 
 --- --------------------------- --- 
Player:  player-1 discards  	Copper-TREASURE 		 Cost: 0 		 Score: 0 	Treasure Value: 1
Player:  player-1 discards  	Copper-TREASURE 		 Cost: 0 		 Score: 0 	Treasure Value: 1
Player:  player-1 discards  	Copper-TREASURE 		 Cost: 0 		 Score: 0 	Treasure Value: 1
Player:  player-1 discards  	Estate-VICTORY 		 Cost: 2 		 Score: 3 	Treasure Value: 0
Player:  player-1 discards  	Adventurer-ACTION 		 Cost: 6 		 Score: 0 	Treasure Value: 0
Player:  player-1 discards  	Smithy-ACTION 		 Cost: 4 		 Score: 0 	Treasure Value: 0
draw  	Estate-VICTORY 		 Cost: 2 		 Score: 3 	Treasure Value: 0
draw  	Copper-TREASURE 		 Cost: 0 		 Score: 0 	Treasure Value: 1
draw  	Copper-TREASURE 		 Cost: 0 		 Score: 0 	Treasure Value: 1
reshuffle the deck of the player player-1 to draw FIVE cards
draw  	Copper-TREASURE 		 Cost: 0 		 Score: 0 	Treasure Value: 1
draw  	Village-ACTION 		 Cost: 3 		 Score: 0 	Treasure Value: 0
Player: player-2 is playing
Player player-2 has played Adventurer
Reveal----->Mine
Reveal----->Duchy
 --- --------------------------- --- 
buyCard 
 --- --------------------------- --- 
Not enough coins
coins -> 4
Player: player-2 gains  	Copper-TREASURE 		 Cost: 0 		 Score: 0 	Treasure Value: 1
 --- --------------------------- --- 
endTurn 
 --- --------------------------- --- 
Player:  player-2 discards  	Copper-TREASURE 		 Cost: 0 		 Score: 0 	Treasure Value: 1
Player:  player-2 discards  	Copper-TREASURE 		 Cost: 0 		 Score: 0 	Treasure Value: 1
Player:  player-2 discards  	Estate-VICTORY 		 Cost: 2 		 Score: 3 	Treasure Value: 0
Player:  player-2 discards  	Adventurer-ACTION 		 Cost: 6 		 Score: 0 	Treasure Value: 0
Player:  player-2 discards  	Great_Hall-ACTION 		 Cost: 3 		 Score: 0 	Treasure Value: 0
Player:  player-2 discards  	Duchy-VICTORY 		 Cost: 5 		 Score: 1 	Treasure Value: 0
draw  	Feast-ACTION 		 Cost: 4 		 Score: 0 	Treasure Value: 0
draw  	Estate-VICTORY 		 Cost: 2 		 Score: 3 	Treasure Value: 0
draw  	Copper-TREASURE 		 Cost: 0 		 Score: 0 	Treasure Value: 1
draw  	Copper-TREASURE 		 Cost: 0 		 Score: 0 	Treasure Value: 1
draw  	Village-ACTION 		 Cost: 3 		 Score: 0 	Treasure Value: 0
Finished game.

Player name: 10 , Score: 10
Player name: 9 , Score: 9
[DEBUG] __STATIC_RESET() method does not exists in class ORG.CS362.DOMINION.Card$CardName
[DEBUG] __STATIC_RESET() method does not exists in class ORG.CS362.DOMINION.Randomness
[DEBUG] __STATIC_RESET() method does not exists in class ORG.CS362.DOMINION.Card$Type
[DEBUG] __STATIC_RESET() method does not exists in class ORG.CS362.DOMINION.Card
]]></system-out>
  </testcase>
  <testcase name="test1" classname="ORG.CS362.DOMINION.PlayDominion_ESTest" time="0.007">
    <error type="org.evosuite.runtime.System$SystemExitException:">org.evosuite.runtime.System$SystemExitException: null
	at org.evosuite.runtime.System.exit(System.java:187)
	at ORG.CS362.DOMINION.PlayDominion.main(PlayDominion.java:83)
	at ORG.CS362.DOMINION.PlayDominion_ESTest.test1(PlayDominion_ESTest.java:43)
</error>
    <system-out><![CDATA[Random Number 2
Initialization DominionBoard:
 The board game is empty, you need to intialize the game!!!!
 --- player-1 --- 
 --- --------------------------- --- 
The board game is empty, you need to intialize the game!!!!
 --- --------------------------- --- 
Before Initialization
The number of players in the game: 2
Player: player-1 gains  	Copper-TREASURE 		 Cost: 0 		 Score: 0 	Treasure Value: 1
Player: player-1 gains  	Copper-TREASURE 		 Cost: 0 		 Score: 0 	Treasure Value: 1
Player: player-1 gains  	Copper-TREASURE 		 Cost: 0 		 Score: 0 	Treasure Value: 1
Player: player-1 gains  	Copper-TREASURE 		 Cost: 0 		 Score: 0 	Treasure Value: 1
Player: player-1 gains  	Copper-TREASURE 		 Cost: 0 		 Score: 0 	Treasure Value: 1
Player: player-1 gains  	Copper-TREASURE 		 Cost: 0 		 Score: 0 	Treasure Value: 1
Player: player-1 gains  	Copper-TREASURE 		 Cost: 0 		 Score: 0 	Treasure Value: 1
Player: player-1 gains  	Estate-VICTORY 		 Cost: 2 		 Score: 3 	Treasure Value: 0
Player: player-1 gains  	Estate-VICTORY 		 Cost: 2 		 Score: 3 	Treasure Value: 0
Player: player-1 gains  	Estate-VICTORY 		 Cost: 2 		 Score: 3 	Treasure Value: 0
reshuffle the deck of the player player-1 to draw FIVE cards
draw  	Estate-VICTORY 		 Cost: 2 		 Score: 3 	Treasure Value: 0
draw  	Copper-TREASURE 		 Cost: 0 		 Score: 0 	Treasure Value: 1
draw  	Copper-TREASURE 		 Cost: 0 		 Score: 0 	Treasure Value: 1
draw  	Copper-TREASURE 		 Cost: 0 		 Score: 0 	Treasure Value: 1
draw  	Copper-TREASURE 		 Cost: 0 		 Score: 0 	Treasure Value: 1
Player: player-2 gains  	Copper-TREASURE 		 Cost: 0 		 Score: 0 	Treasure Value: 1
Player: player-2 gains  	Copper-TREASURE 		 Cost: 0 		 Score: 0 	Treasure Value: 1
Player: player-2 gains  	Copper-TREASURE 		 Cost: 0 		 Score: 0 	Treasure Value: 1
Player: player-2 gains  	Copper-TREASURE 		 Cost: 0 		 Score: 0 	Treasure Value: 1
Player: player-2 gains  	Copper-TREASURE 		 Cost: 0 		 Score: 0 	Treasure Value: 1
Player: player-2 gains  	Copper-TREASURE 		 Cost: 0 		 Score: 0 	Treasure Value: 1
Player: player-2 gains  	Copper-TREASURE 		 Cost: 0 		 Score: 0 	Treasure Value: 1
Player: player-2 gains  	Estate-VICTORY 		 Cost: 2 		 Score: 3 	Treasure Value: 0
Player: player-2 gains  	Estate-VICTORY 		 Cost: 2 		 Score: 3 	Treasure Value: 0
Player: player-2 gains  	Estate-VICTORY 		 Cost: 2 		 Score: 3 	Treasure Value: 0
reshuffle the deck of the player player-2 to draw FIVE cards
draw  	Copper-TREASURE 		 Cost: 0 		 Score: 0 	Treasure Value: 1
draw  	Copper-TREASURE 		 Cost: 0 		 Score: 0 	Treasure Value: 1
draw  	Estate-VICTORY 		 Cost: 2 		 Score: 3 	Treasure Value: 0
draw  	Copper-TREASURE 		 Cost: 0 		 Score: 0 	Treasure Value: 1
draw  	Copper-TREASURE 		 Cost: 0 		 Score: 0 	Treasure Value: 1
Initialization DominionBoard:
  ---  --- player-1 ---  --- --------------------------- --- Hand: [ 	Copper-TREASURE 		 Cost: 0 		 Score: 0 	Treasure Value: 1,  	Copper-TREASURE 		 Cost: 0 		 Score: 0 	Treasure Value: 1,  	Copper-TREASURE 		 Cost: 0 		 Score: 0 	Treasure Value: 1,  	Copper-TREASURE 		 Cost: 0 		 Score: 0 	Treasure Value: 1,  	Estate-VICTORY 		 Cost: 2 		 Score: 3 	Treasure Value: 0,  	Adventurer-ACTION 		 Cost: 6 		 Score: 0 	Treasure Value: 0,  	Smithy-ACTION 		 Cost: 4 		 Score: 0 	Treasure Value: 0]Discard: []Deck: [ 	Estate-VICTORY 		 Cost: 2 		 Score: 3 	Treasure Value: 0,  	Copper-TREASURE 		 Cost: 0 		 Score: 0 	Treasure Value: 1,  	Copper-TREASURE 		 Cost: 0 		 Score: 0 	Treasure Value: 1,  	Estate-VICTORY 		 Cost: 2 		 Score: 3 	Treasure Value: 0,  	Copper-TREASURE 		 Cost: 0 		 Score: 0 	Treasure Value: 1]Played Cards: []numActions: 1coins: 0numBuys: 1

 ---  --- player-2 ---  --- --------------------------- --- Hand: [ 	Copper-TREASURE 		 Cost: 0 		 Score: 0 	Treasure Value: 1,  	Copper-TREASURE 		 Cost: 0 		 Score: 0 	Treasure Value: 1,  	Copper-TREASURE 		 Cost: 0 		 Score: 0 	Treasure Value: 1,  	Copper-TREASURE 		 Cost: 0 		 Score: 0 	Treasure Value: 1,  	Estate-VICTORY 		 Cost: 2 		 Score: 3 	Treasure Value: 0,  	Smithy-ACTION 		 Cost: 4 		 Score: 0 	Treasure Value: 0,  	Village-ACTION 		 Cost: 3 		 Score: 0 	Treasure Value: 0]Discard: []Deck: [ 	Copper-TREASURE 		 Cost: 0 		 Score: 0 	Treasure Value: 1,  	Estate-VICTORY 		 Cost: 2 		 Score: 3 	Treasure Value: 0,  	Estate-VICTORY 		 Cost: 2 		 Score: 3 	Treasure Value: 0,  	Copper-TREASURE 		 Cost: 0 		 Score: 0 	Treasure Value: 1,  	Copper-TREASURE 		 Cost: 0 		 Score: 0 	Treasure Value: 1]Played Cards: []numActions: 1coins: 0numBuys: 1

 --- gameBoard --- 
Cards on the table: 
Card Name 		 NumberCards: 
	 Gold		 30
	 Silver		 40
	 Copper		 36
	 Province		 12
	 Duchy		 12
	 Estate		 18
	 Adventurer		 10
	 Smithy		 10
	 Village		 10
	 Ambassador		 10
	 Baron		 10
	 Council_Room		 10
	 Embargo		 10
	 Cutpurse		 10
	 Feast		 10
	 Gardens		 10
	 Great_Hall		 10
	 Mine		 10
	 Cellar		 10

Player: player-1 is playing
Player player-1 has played Adventurer
Reveal----->Estate
Reveal----->Copper
Reveal----->Estate
 --- --------------------------- --- 
buyCard 
 --- --------------------------- --- 
Not enough coins
coins -> 4
Player: player-1 gains  	Copper-TREASURE 		 Cost: 0 		 Score: 0 	Treasure Value: 1
 --- --------------------------- --- 
endTurn 
 --- --------------------------- --- 
Player:  player-1 discards  	Copper-TREASURE 		 Cost: 0 		 Score: 0 	Treasure Value: 1
Player:  player-1 discards  	Copper-TREASURE 		 Cost: 0 		 Score: 0 	Treasure Value: 1
Player:  player-1 discards  	Estate-VICTORY 		 Cost: 2 		 Score: 3 	Treasure Value: 0
Player:  player-1 discards  	Smithy-ACTION 		 Cost: 4 		 Score: 0 	Treasure Value: 0
Player:  player-1 discards  	Estate-VICTORY 		 Cost: 2 		 Score: 3 	Treasure Value: 0
draw  	Copper-TREASURE 		 Cost: 0 		 Score: 0 	Treasure Value: 1
draw  	Copper-TREASURE 		 Cost: 0 		 Score: 0 	Treasure Value: 1
draw  	Copper-TREASURE 		 Cost: 0 		 Score: 0 	Treasure Value: 1
reshuffle the deck of the player player-1 to draw FIVE cards
draw  	Smithy-ACTION 		 Cost: 4 		 Score: 0 	Treasure Value: 0
draw  	Estate-VICTORY 		 Cost: 2 		 Score: 3 	Treasure Value: 0
Player: player-2 is playing
Player player-2 has played Smithy
Player: player-2 gains  	Great_Hall-ACTION 		 Cost: 3 		 Score: 0 	Treasure Value: 0
Player: player-2 gains  	Great_Hall-ACTION 		 Cost: 3 		 Score: 0 	Treasure Value: 0
Player: player-2 gains  	Adventurer-ACTION 		 Cost: 6 		 Score: 0 	Treasure Value: 0
 --- --------------------------- --- 
buyCard 
 --- --------------------------- --- 
Not enough coins
coins -> 4
Player: player-2 gains  	Copper-TREASURE 		 Cost: 0 		 Score: 0 	Treasure Value: 1
 --- --------------------------- --- 
endTurn 
 --- --------------------------- --- 
Player:  player-2 discards  	Copper-TREASURE 		 Cost: 0 		 Score: 0 	Treasure Value: 1
Player:  player-2 discards  	Copper-TREASURE 		 Cost: 0 		 Score: 0 	Treasure Value: 1
Player:  player-2 discards  	Estate-VICTORY 		 Cost: 2 		 Score: 3 	Treasure Value: 0
Player:  player-2 discards  	Village-ACTION 		 Cost: 3 		 Score: 0 	Treasure Value: 0
draw  	Copper-TREASURE 		 Cost: 0 		 Score: 0 	Treasure Value: 1
draw  	Estate-VICTORY 		 Cost: 2 		 Score: 3 	Treasure Value: 0
draw  	Estate-VICTORY 		 Cost: 2 		 Score: 3 	Treasure Value: 0
draw  	Copper-TREASURE 		 Cost: 0 		 Score: 0 	Treasure Value: 1
draw  	Copper-TREASURE 		 Cost: 0 		 Score: 0 	Treasure Value: 1
Player: player-1 is playing
Player player-1 has played Adventurer
Reveal----->Copper
Reveal----->Copper
Reveal----->Copper
Reveal----->Estate
 --- --------------------------- --- 
buyCard 
 --- --------------------------- --- 
Player: player-1 gains  	Cutpurse-ACTION 		 Cost: 4 		 Score: 0 	Treasure Value: 0
Player player-1 bought Cutpurse for 4 coins.
 --- --------------------------- --- 
endTurn 
 --- --------------------------- --- 
Player:  player-1 discards  	Copper-TREASURE 		 Cost: 0 		 Score: 0 	Treasure Value: 1
Player:  player-1 discards  	Copper-TREASURE 		 Cost: 0 		 Score: 0 	Treasure Value: 1
Player:  player-1 discards  	Copper-TREASURE 		 Cost: 0 		 Score: 0 	Treasure Value: 1
Player:  player-1 discards  	Estate-VICTORY 		 Cost: 2 		 Score: 3 	Treasure Value: 0
Player:  player-1 discards  	Smithy-ACTION 		 Cost: 4 		 Score: 0 	Treasure Value: 0
draw  	Copper-TREASURE 		 Cost: 0 		 Score: 0 	Treasure Value: 1
draw  	Copper-TREASURE 		 Cost: 0 		 Score: 0 	Treasure Value: 1
draw  	Copper-TREASURE 		 Cost: 0 		 Score: 0 	Treasure Value: 1
reshuffle the deck of the player player-1 to draw FIVE cards
draw  	Copper-TREASURE 		 Cost: 0 		 Score: 0 	Treasure Value: 1
draw  	Cutpurse-ACTION 		 Cost: 4 		 Score: 0 	Treasure Value: 0
Player: player-2 is playing
Player player-2 has played Smithy
Player: player-2 gains  	Feast-ACTION 		 Cost: 4 		 Score: 0 	Treasure Value: 0
Player: player-2 gains  	Silver-TREASURE 		 Cost: 3 		 Score: 0 	Treasure Value: 2
Player: player-2 gains  	Duchy-VICTORY 		 Cost: 5 		 Score: 1 	Treasure Value: 0
 --- --------------------------- --- 
buyCard 
 --- --------------------------- --- 
Player: player-2 gains  	Mine-ACTION 		 Cost: 5 		 Score: 0 	Treasure Value: 0
Player player-2 bought Mine for 5 coins.
 --- --------------------------- --- 
endTurn 
 --- --------------------------- --- 
Player:  player-2 discards  	Copper-TREASURE 		 Cost: 0 		 Score: 0 	Treasure Value: 1
Player:  player-2 discards  	Copper-TREASURE 		 Cost: 0 		 Score: 0 	Treasure Value: 1
Player:  player-2 discards  	Copper-TREASURE 		 Cost: 0 		 Score: 0 	Treasure Value: 1
Player:  player-2 discards  	Estate-VICTORY 		 Cost: 2 		 Score: 3 	Treasure Value: 0
reshuffle the deck of the player player-2 to draw FIVE cards
draw  	Great_Hall-ACTION 		 Cost: 3 		 Score: 0 	Treasure Value: 0
draw  	Adventurer-ACTION 		 Cost: 6 		 Score: 0 	Treasure Value: 0
draw  	Estate-VICTORY 		 Cost: 2 		 Score: 3 	Treasure Value: 0
draw  	Copper-TREASURE 		 Cost: 0 		 Score: 0 	Treasure Value: 1
draw  	Copper-TREASURE 		 Cost: 0 		 Score: 0 	Treasure Value: 1
Player: player-1 is playing
Player player-1 has played Adventurer
Reveal----->Smithy
Reveal----->Copper
Reveal----->Copper
 --- --------------------------- --- 
buyCard 
 --- --------------------------- --- 
Player: player-1 gains  	Village-ACTION 		 Cost: 3 		 Score: 0 	Treasure Value: 0
Player player-1 bought Village for 3 coins.
 --- --------------------------- --- 
endTurn 
 --- --------------------------- --- 
Player:  player-1 discards  	Copper-TREASURE 		 Cost: 0 		 Score: 0 	Treasure Value: 1
Player:  player-1 discards  	Copper-TREASURE 		 Cost: 0 		 Score: 0 	Treasure Value: 1
Player:  player-1 discards  	Copper-TREASURE 		 Cost: 0 		 Score: 0 	Treasure Value: 1
Player:  player-1 discards  	Estate-VICTORY 		 Cost: 2 		 Score: 3 	Treasure Value: 0
Player:  player-1 discards  	Adventurer-ACTION 		 Cost: 6 		 Score: 0 	Treasure Value: 0
Player:  player-1 discards  	Smithy-ACTION 		 Cost: 4 		 Score: 0 	Treasure Value: 0
draw  	Estate-VICTORY 		 Cost: 2 		 Score: 3 	Treasure Value: 0
draw  	Copper-TREASURE 		 Cost: 0 		 Score: 0 	Treasure Value: 1
draw  	Copper-TREASURE 		 Cost: 0 		 Score: 0 	Treasure Value: 1
reshuffle the deck of the player player-1 to draw FIVE cards
draw  	Copper-TREASURE 		 Cost: 0 		 Score: 0 	Treasure Value: 1
draw  	Village-ACTION 		 Cost: 3 		 Score: 0 	Treasure Value: 0
Player: player-2 is playing
Player player-2 has played Adventurer
Reveal----->Mine
Reveal----->Duchy
 --- --------------------------- --- 
buyCard 
 --- --------------------------- --- 
Not enough coins
coins -> 4
Player: player-2 gains  	Copper-TREASURE 		 Cost: 0 		 Score: 0 	Treasure Value: 1
 --- --------------------------- --- 
endTurn 
 --- --------------------------- --- 
Player:  player-2 discards  	Copper-TREASURE 		 Cost: 0 		 Score: 0 	Treasure Value: 1
Player:  player-2 discards  	Copper-TREASURE 		 Cost: 0 		 Score: 0 	Treasure Value: 1
Player:  player-2 discards  	Estate-VICTORY 		 Cost: 2 		 Score: 3 	Treasure Value: 0
Player:  player-2 discards  	Adventurer-ACTION 		 Cost: 6 		 Score: 0 	Treasure Value: 0
Player:  player-2 discards  	Great_Hall-ACTION 		 Cost: 3 		 Score: 0 	Treasure Value: 0
Player:  player-2 discards  	Duchy-VICTORY 		 Cost: 5 		 Score: 1 	Treasure Value: 0
draw  	Feast-ACTION 		 Cost: 4 		 Score: 0 	Treasure Value: 0
draw  	Estate-VICTORY 		 Cost: 2 		 Score: 3 	Treasure Value: 0
draw  	Copper-TREASURE 		 Cost: 0 		 Score: 0 	Treasure Value: 1
draw  	Copper-TREASURE 		 Cost: 0 		 Score: 0 	Treasure Value: 1
draw  	Village-ACTION 		 Cost: 3 		 Score: 0 	Treasure Value: 0
Finished game.

Player name: 10 , Score: 10
Player name: 9 , Score: 9
[DEBUG] __STATIC_RESET() method does not exists in class ORG.CS362.DOMINION.Card$CardName
[DEBUG] __STATIC_RESET() method does not exists in class ORG.CS362.DOMINION.Randomness
[DEBUG] __STATIC_RESET() method does not exists in class ORG.CS362.DOMINION.Card$Type
[DEBUG] __STATIC_RESET() method does not exists in class ORG.CS362.DOMINION.Card
]]></system-out>
  </testcase>
</testsuite>