<?xml version="1.0" encoding="UTF-8"?>
<testsuite name="ORG.CS362.DOMINION.Randomness_ESTest" time="0.001" tests="12" errors="5" skipped="0" failures="0">
  <properties>
    <property name="java.runtime.name" value="Java(TM) SE Runtime Environment"/>
    <property name="sun.boot.library.path" value="C:\Program Files\Java\jdk1.8.0_121\jre\bin"/>
    <property name="java.vm.version" value="25.121-b13"/>
    <property name="java.vm.vendor" value="Oracle Corporation"/>
    <property name="maven.multiModuleProjectDirectory" value="C:\Users\Peter Dorich\Desktop\Dominion V.F\DOMINION"/>
    <property name="java.vendor.url" value="http://java.oracle.com/"/>
    <property name="path.separator" value=";"/>
    <property name="guice.disable.misplaced.annotation.check" value="true"/>
    <property name="java.vm.name" value="Java HotSpot(TM) 64-Bit Server VM"/>
    <property name="file.encoding.pkg" value="sun.io"/>
    <property name="user.script" value=""/>
    <property name="user.country" value="US"/>
    <property name="sun.java.launcher" value="SUN_STANDARD"/>
    <property name="sun.os.patch.level" value=""/>
    <property name="java.vm.specification.name" value="Java Virtual Machine Specification"/>
    <property name="user.dir" value="C:\Users\Peter Dorich\Desktop\Dominion V.F\DOMINION"/>
    <property name="java.runtime.version" value="1.8.0_121-b13"/>
    <property name="java.awt.graphicsenv" value="sun.awt.Win32GraphicsEnvironment"/>
    <property name="java.endorsed.dirs" value="C:\Program Files\Java\jdk1.8.0_121\jre\lib\endorsed"/>
    <property name="os.arch" value="amd64"/>
    <property name="java.io.tmpdir" value="C:\Users\PETERD~1\AppData\Local\Temp\"/>
    <property name="line.separator" value="&#10;"/>
    <property name="java.vm.specification.vendor" value="Oracle Corporation"/>
    <property name="user.variant" value=""/>
    <property name="os.name" value="Windows 10"/>
    <property name="classworlds.conf" value="C:\Users\Peter Dorich\Downloads\apache-maven-3.3.9-bin\apache-maven-3.3.9\bin\..\bin\m2.conf"/>
    <property name="sun.jnu.encoding" value="Cp1252"/>
    <property name="java.library.path" value="C:\Program Files\Java\jdk1.8.0_121\bin;C:\WINDOWS\Sun\Java\bin;C:\WINDOWS\system32;C:\WINDOWS;C:\ProgramData\Oracle\Java\javapath;C:\Windows\system32;C:\Windows;C:\Windows\System32\Wbem;C:\Windows\System32\WindowsPowerShell\v1.0\;C:\Program Files (x86)\Common Files\lenovo\easyplussdk\bin;C:\Program Files (x86)\NVIDIA Corporation\PhysX\Common;C:\Program Files\Intel\WiFi\bin\;C:\Program Files\Common Files\Intel\WirelessCommon\;C:\WINDOWS\system32;C:\WINDOWS;C:\WINDOWS\System32\Wbem;C:\WINDOWS\System32\WindowsPowerShell\v1.0\;C:\Program Files\Java\jdk1.8.0_121\bin;C:\Program Files\Java\jre1.8.0_121\bin;C:\Program Files\Git\cmd;C:\Users\Peter Dorich\Downloads\apache-maven-3.3.9-bin\apache-maven-3.3.9\bin;."/>
    <property name="java.specification.name" value="Java Platform API Specification"/>
    <property name="java.class.version" value="52.0"/>
    <property name="sun.management.compiler" value="HotSpot 64-Bit Tiered Compilers"/>
    <property name="os.version" value="10.0"/>
    <property name="user.home" value="C:\Users\Peter Dorich"/>
    <property name="user.timezone" value="America/Los_Angeles"/>
    <property name="java.awt.printerjob" value="sun.awt.windows.WPrinterJob"/>
    <property name="java.specification.version" value="1.8"/>
    <property name="file.encoding" value="Cp1252"/>
    <property name="user.name" value="Peter Dorich"/>
    <property name="java.class.path" value="C:\Users\Peter Dorich\Downloads\apache-maven-3.3.9-bin\apache-maven-3.3.9\bin\..\boot\plexus-classworlds-2.5.2.jar"/>
    <property name="java.vm.specification.version" value="1.8"/>
    <property name="sun.arch.data.model" value="64"/>
    <property name="java.home" value="C:\Program Files\Java\jdk1.8.0_121\jre"/>
    <property name="sun.java.command" value="org.codehaus.plexus.classworlds.launcher.Launcher test"/>
    <property name="java.specification.vendor" value="Oracle Corporation"/>
    <property name="user.language" value="en"/>
    <property name="awt.toolkit" value="sun.awt.windows.WToolkit"/>
    <property name="java.vm.info" value="mixed mode"/>
    <property name="java.version" value="1.8.0_121"/>
    <property name="java.ext.dirs" value="C:\Program Files\Java\jdk1.8.0_121\jre\lib\ext;C:\WINDOWS\Sun\Java\lib\ext"/>
    <property name="sun.boot.class.path" value="C:\Program Files\Java\jdk1.8.0_121\jre\lib\resources.jar;C:\Program Files\Java\jdk1.8.0_121\jre\lib\rt.jar;C:\Program Files\Java\jdk1.8.0_121\jre\lib\sunrsasign.jar;C:\Program Files\Java\jdk1.8.0_121\jre\lib\jsse.jar;C:\Program Files\Java\jdk1.8.0_121\jre\lib\jce.jar;C:\Program Files\Java\jdk1.8.0_121\jre\lib\charsets.jar;C:\Program Files\Java\jdk1.8.0_121\jre\lib\jfr.jar;C:\Program Files\Java\jdk1.8.0_121\jre\classes"/>
    <property name="sun.stderr.encoding" value="cp437"/>
    <property name="java.vendor" value="Oracle Corporation"/>
    <property name="maven.home" value="C:\Users\Peter Dorich\Downloads\apache-maven-3.3.9-bin\apache-maven-3.3.9\bin\.."/>
    <property name="file.separator" value="\"/>
    <property name="java.vendor.url.bug" value="http://bugreport.sun.com/bugreport/"/>
    <property name="sun.cpu.endian" value="little"/>
    <property name="sun.io.unicode.encoding" value="UnicodeLittle"/>
    <property name="sun.stdout.encoding" value="cp437"/>
    <property name="sun.desktop" value="windows"/>
    <property name="sun.cpu.isalist" value="amd64"/>
  </properties>
  <testcase name="test01" classname="ORG.CS362.DOMINION.Randomness_ESTest" time="0.001">
    <error message="bound must be positive" type="java.lang.IllegalArgumentException">java.lang.IllegalArgumentException: bound must be positive
	at java.util.Random.nextInt(Random.java:388)
	at ORG.CS362.DOMINION.Randomness.nextRandomInt(Randomness.java:34)
	at ORG.CS362.DOMINION.Randomness_ESTest.test01(Randomness_ESTest.java:35)
</error>
    <system-out><![CDATA[[DEBUG] Adding privileged thread: "Reference Handler"
[DEBUG] Adding privileged thread: "Finalizer"
[DEBUG] Adding privileged thread: "Signal Dispatcher"
[DEBUG] Adding privileged thread: "Attach Listener"
[DEBUG] Adding privileged thread: "Java2D Disposer"
[DEBUG] Adding privileged thread: "AWT-Shutdown"
[DEBUG] Adding privileged thread: "AWT-Windows"
[DEBUG] Adding privileged thread: "main"
[ERROR] Class ORG.CS362.DOMINION.Randomness was not instrumented by EvoSuite. This could happen if you are running JUnit tests in a way that is not handled by EvoSuite, in which some classes are loaded be reflection before the tests are run. Consult the EvoSuite documentation for possible workarounds for this issue.
[DEBUG] __STATIC_RESET() method does not exists in class ORG.CS362.DOMINION.Randomness
]]></system-out>
  </testcase>
  <testcase name="test00" classname="ORG.CS362.DOMINION.Randomness_ESTest" time="0"/>
  <testcase name="test11" classname="ORG.CS362.DOMINION.Randomness_ESTest" time="0"/>
  <testcase name="test10" classname="ORG.CS362.DOMINION.Randomness_ESTest" time="0"/>
  <testcase name="test05" classname="ORG.CS362.DOMINION.Randomness_ESTest" time="0"/>
  <testcase name="test04" classname="ORG.CS362.DOMINION.Randomness_ESTest" time="0"/>
  <testcase name="test03" classname="ORG.CS362.DOMINION.Randomness_ESTest" time="0"/>
  <testcase name="test02" classname="ORG.CS362.DOMINION.Randomness_ESTest" time="0">
    <error type="java.lang.NullPointerException:">java.lang.NullPointerException: null
	at ORG.CS362.DOMINION.Randomness.nextRandomInt(Randomness.java:34)
	at ORG.CS362.DOMINION.Randomness_ESTest.test02(Randomness_ESTest.java:42)
</error>
    <system-out><![CDATA[[DEBUG] __STATIC_RESET() method does not exists in class ORG.CS362.DOMINION.Randomness
]]></system-out>
  </testcase>
  <testcase name="test09" classname="ORG.CS362.DOMINION.Randomness_ESTest" time="0">
    <error type="java.lang.NullPointerException:">java.lang.NullPointerException: null
	at ORG.CS362.DOMINION.Randomness.nextRandomInt(Randomness.java:34)
	at ORG.CS362.DOMINION.Randomness.randomMember(Randomness.java:39)
	at ORG.CS362.DOMINION.Randomness_ESTest.test09(Randomness_ESTest.java:139)
</error>
    <system-out><![CDATA[[DEBUG] __STATIC_RESET() method does not exists in class ORG.CS362.DOMINION.Randomness
]]></system-out>
  </testcase>
  <testcase name="test08" classname="ORG.CS362.DOMINION.Randomness_ESTest" time="0">
    <error type="java.lang.NullPointerException:">java.lang.NullPointerException: null
	at ORG.CS362.DOMINION.Randomness.nextRandomInt(Randomness.java:34)
	at ORG.CS362.DOMINION.Randomness_ESTest.test08(Randomness_ESTest.java:120)
</error>
    <system-out><![CDATA[[DEBUG] __STATIC_RESET() method does not exists in class ORG.CS362.DOMINION.Randomness
]]></system-out>
  </testcase>
  <testcase name="test07" classname="ORG.CS362.DOMINION.Randomness_ESTest" time="0"/>
  <testcase name="test06" classname="ORG.CS362.DOMINION.Randomness_ESTest" time="0">
    <error message="bound must be positive" type="java.lang.IllegalArgumentException">java.lang.IllegalArgumentException: bound must be positive
	at java.util.Random.nextInt(Random.java:388)
	at ORG.CS362.DOMINION.Randomness.nextRandomInt(Randomness.java:34)
	at ORG.CS362.DOMINION.Randomness_ESTest.test06(Randomness_ESTest.java:103)
</error>
    <system-out><![CDATA[[DEBUG] __STATIC_RESET() method does not exists in class ORG.CS362.DOMINION.Randomness
]]></system-out>
  </testcase>
</testsuite>