<?xml version="1.0" encoding="UTF-8"?>
<testsuite name="ORG.CS362.DOMINION.Player_ESTest" time="0.077" tests="34" errors="2" skipped="0" failures="1">
  <properties>
    <property name="java.runtime.name" value="Java(TM) SE Runtime Environment"/>
    <property name="sun.boot.library.path" value="C:\Program Files\Java\jdk1.8.0_121\jre\bin"/>
    <property name="java.vm.version" value="25.121-b13"/>
    <property name="java.vm.vendor" value="Oracle Corporation"/>
    <property name="maven.multiModuleProjectDirectory" value="C:\Users\Peter Dorich\Desktop\Dominion V.F\DOMINION"/>
    <property name="java.vendor.url" value="http://java.oracle.com/"/>
    <property name="path.separator" value=";"/>
    <property name="guice.disable.misplaced.annotation.check" value="true"/>
    <property name="java.vm.name" value="Java HotSpot(TM) 64-Bit Server VM"/>
    <property name="file.encoding.pkg" value="sun.io"/>
    <property name="user.script" value=""/>
    <property name="user.country" value="US"/>
    <property name="sun.java.launcher" value="SUN_STANDARD"/>
    <property name="sun.os.patch.level" value=""/>
    <property name="java.vm.specification.name" value="Java Virtual Machine Specification"/>
    <property name="user.dir" value="C:\Users\Peter Dorich\Desktop\Dominion V.F\DOMINION"/>
    <property name="java.runtime.version" value="1.8.0_121-b13"/>
    <property name="java.awt.graphicsenv" value="sun.awt.Win32GraphicsEnvironment"/>
    <property name="java.endorsed.dirs" value="C:\Program Files\Java\jdk1.8.0_121\jre\lib\endorsed"/>
    <property name="os.arch" value="amd64"/>
    <property name="java.io.tmpdir" value="C:\Users\PETERD~1\AppData\Local\Temp\"/>
    <property name="line.separator" value="&#10;"/>
    <property name="java.vm.specification.vendor" value="Oracle Corporation"/>
    <property name="user.variant" value=""/>
    <property name="os.name" value="Windows 10"/>
    <property name="classworlds.conf" value="C:\Users\Peter Dorich\Downloads\apache-maven-3.3.9-bin\apache-maven-3.3.9\bin\..\bin\m2.conf"/>
    <property name="sun.jnu.encoding" value="Cp1252"/>
    <property name="java.library.path" value="C:\Program Files\Java\jdk1.8.0_121\bin;C:\WINDOWS\Sun\Java\bin;C:\WINDOWS\system32;C:\WINDOWS;C:\ProgramData\Oracle\Java\javapath;C:\Windows\system32;C:\Windows;C:\Windows\System32\Wbem;C:\Windows\System32\WindowsPowerShell\v1.0\;C:\Program Files (x86)\Common Files\lenovo\easyplussdk\bin;C:\Program Files (x86)\NVIDIA Corporation\PhysX\Common;C:\Program Files\Intel\WiFi\bin\;C:\Program Files\Common Files\Intel\WirelessCommon\;C:\WINDOWS\system32;C:\WINDOWS;C:\WINDOWS\System32\Wbem;C:\WINDOWS\System32\WindowsPowerShell\v1.0\;C:\Program Files\Java\jdk1.8.0_121\bin;C:\Program Files\Java\jre1.8.0_121\bin;C:\Program Files\Git\cmd;C:\Users\Peter Dorich\Downloads\apache-maven-3.3.9-bin\apache-maven-3.3.9\bin;."/>
    <property name="java.specification.name" value="Java Platform API Specification"/>
    <property name="java.class.version" value="52.0"/>
    <property name="sun.management.compiler" value="HotSpot 64-Bit Tiered Compilers"/>
    <property name="os.version" value="10.0"/>
    <property name="user.home" value="C:\Users\Peter Dorich"/>
    <property name="user.timezone" value="America/Los_Angeles"/>
    <property name="java.awt.printerjob" value="sun.awt.windows.WPrinterJob"/>
    <property name="java.specification.version" value="1.8"/>
    <property name="file.encoding" value="Cp1252"/>
    <property name="user.name" value="Peter Dorich"/>
    <property name="java.class.path" value="C:\Users\Peter Dorich\Downloads\apache-maven-3.3.9-bin\apache-maven-3.3.9\bin\..\boot\plexus-classworlds-2.5.2.jar"/>
    <property name="java.vm.specification.version" value="1.8"/>
    <property name="sun.arch.data.model" value="64"/>
    <property name="java.home" value="C:\Program Files\Java\jdk1.8.0_121\jre"/>
    <property name="sun.java.command" value="org.codehaus.plexus.classworlds.launcher.Launcher test"/>
    <property name="java.specification.vendor" value="Oracle Corporation"/>
    <property name="user.language" value="en"/>
    <property name="awt.toolkit" value="sun.awt.windows.WToolkit"/>
    <property name="java.vm.info" value="mixed mode"/>
    <property name="java.version" value="1.8.0_121"/>
    <property name="java.ext.dirs" value="C:\Program Files\Java\jdk1.8.0_121\jre\lib\ext;C:\WINDOWS\Sun\Java\lib\ext"/>
    <property name="sun.boot.class.path" value="C:\Program Files\Java\jdk1.8.0_121\jre\lib\resources.jar;C:\Program Files\Java\jdk1.8.0_121\jre\lib\rt.jar;C:\Program Files\Java\jdk1.8.0_121\jre\lib\sunrsasign.jar;C:\Program Files\Java\jdk1.8.0_121\jre\lib\jsse.jar;C:\Program Files\Java\jdk1.8.0_121\jre\lib\jce.jar;C:\Program Files\Java\jdk1.8.0_121\jre\lib\charsets.jar;C:\Program Files\Java\jdk1.8.0_121\jre\lib\jfr.jar;C:\Program Files\Java\jdk1.8.0_121\jre\classes"/>
    <property name="sun.stderr.encoding" value="cp437"/>
    <property name="java.vendor" value="Oracle Corporation"/>
    <property name="maven.home" value="C:\Users\Peter Dorich\Downloads\apache-maven-3.3.9-bin\apache-maven-3.3.9\bin\.."/>
    <property name="file.separator" value="\"/>
    <property name="java.vendor.url.bug" value="http://bugreport.sun.com/bugreport/"/>
    <property name="sun.cpu.endian" value="little"/>
    <property name="sun.io.unicode.encoding" value="UnicodeLittle"/>
    <property name="sun.stdout.encoding" value="cp437"/>
    <property name="sun.desktop" value="windows"/>
    <property name="sun.cpu.isalist" value="amd64"/>
  </properties>
  <testcase name="test16" classname="ORG.CS362.DOMINION.Player_ESTest" time="0.001"/>
  <testcase name="test15" classname="ORG.CS362.DOMINION.Player_ESTest" time="0"/>
  <testcase name="test14" classname="ORG.CS362.DOMINION.Player_ESTest" time="0"/>
  <testcase name="test13" classname="ORG.CS362.DOMINION.Player_ESTest" time="0.069">
    <failure message="Expecting exception: TooManyResourcesException" type="java.lang.AssertionError">java.lang.AssertionError: Expecting exception: TooManyResourcesException
	at org.junit.Assert.fail(Assert.java:88)
	at ORG.CS362.DOMINION.Player_ESTest.test13(Player_ESTest.java:185)
</failure>
    <system-out><![CDATA[Player  has played Adventurer
Player  has played Adventurer
Player  has played Adventurer
Player  has played Adventurer
Player  has played Adventurer
Player  has played Adventurer
Player  has played Adventurer
Player  has played Adventurer
Player  has played Adventurer
Player  has played Adventurer
Player  has played Adventurer
Player  has played Adventurer
Player  has played Adventurer
Player  has played Adventurer
Player  has played Adventurer
Player  has played Adventurer
Player  has played Adventurer
Player  has played Adventurer
Player  has played Adventurer
Player  has played Adventurer
Player  has played Adventurer
Player  has played Adventurer
Player  has played Adventurer
Player  has played Adventurer
Player  has played Adventurer
Player  has played Adventurer
Player  has played Adventurer
Player  has played Adventurer
Player  has played Adventurer
Player  has played Adventurer
Player  has played Adventurer
Player  has played Adventurer
Player  has played Adventurer
Player  has played Adventurer
Player  has played Adventurer
Player  has played Adventurer
Player  has played Adventurer
Player  has played Adventurer
Player  has played Adventurer
Player  has played Adventurer
Player  has played Adventurer
Player  has played Adventurer
Player  has played Adventurer
Player  has played Adventurer
Player  has played Adventurer
Player  has played Adventurer
Player  has played Adventurer
Player  has played Adventurer
Player  has played Adventurer
Player  has played Adventurer
Player  has played Adventurer
Player  has played Adventurer
Player  has played Adventurer
Player  has played Adventurer
Player  has played Adventurer
Player  has played Adventurer
Player  has played Adventurer
Player  has played Adventurer
Player  has played Adventurer
Player  has played Adventurer
Player  has played Adventurer
Player  has played Adventurer
Player  has played Adventurer
Player  has played Adventurer
Player  has played Adventurer
Player  has played Adventurer
Player  has played Adventurer
Player  has played Adventurer
Player  has played Adventurer
Player  has played Adventurer
Player  has played Adventurer
Player  has played Adventurer
Player  has played Adventurer
Player  has played Adventurer
Player  has played Adventurer
Player  has played Adventurer
Player  has played Adventurer
Player  has played Adventurer
Player  has played Adventurer
Player  has played Adventurer
Player  has played Adventurer
Player  has played Adventurer
Player  has played Adventurer
Player  has played Adventurer
Player  has played Adventurer
Player  has played Adventurer
Player  has played Adventurer
Player  has played Adventurer
Player  has played Adventurer
Player  has played Adventurer
Player  has played Adventurer
Player  has played Adventurer
Player  has played Adventurer
Player  has played Adventurer
Player  has played Adventurer
Player  has played Adventurer
Player  has played Adventurer
Player  has played Adventurer
Player  has played Adventurer
Player  has played Adventurer
Player  has played Adventurer
Player  has played Adventurer
Player  has played Adventurer
Player  has played Adventurer
Player  has played Adventurer
Player  has played Adventurer
Player  has played Adventurer
Player  has played Adventurer
Player  has played Adventurer
Player  has played Adventurer
Player  has played Adventurer
Player  has played Adventurer
Player  has played Adventurer
Player  has played Adventurer
Player  has played Adventurer
Player  has played Adventurer
Player  has played Adventurer
Player  has played Adventurer
Player  has played Adventurer
Player  has played Adventurer
Player  has played Adventurer
Player  has played Adventurer
Player  has played Adventurer
Player  has played Adventurer
Player  has played Adventurer
Player  has played Adventurer
Player  has played Adventurer
Player  has played Adventurer
Player  has played Adventurer
Player  has played Adventurer
Player  has played Adventurer
Player  has played Adventurer
Player  has played Adventurer
Player  has played Adventurer
Player  has played Adventurer
Player  has played Adventurer
Player  has played Adventurer
Player  has played Adventurer
Player  has played Adventurer
Player  has played Adventurer
Player  has played Adventurer
Player  has played Adventurer
Player  has played Adventurer
Player  has played Adventurer
Player  has played Adventurer
Player  has played Adventurer
Player  has played Adventurer
Player  has played Adventurer
Player  has played Adventurer
Player  has played Adventurer
Player  has played Adventurer
Player  has played Adventurer
Player  has played Adventurer
Player  has played Adventurer
Player  has played Adventurer
Player  has played Adventurer
Player  has played Adventurer
Player  has played Adventurer
Player  has played Adventurer
Player  has played Adventurer
Player  has played Adventurer
Player  has played Adventurer
Player  has played Adventurer
Player  has played Adventurer
Player  has played Adventurer
Player  has played Adventurer
Player  has played Adventurer
Player  has played Adventurer
Player  has played Adventurer
Player  has played Adventurer
Player  has played Adventurer
Player  has played Adventurer
Player  has played Adventurer
Player  has played Adventurer
Player  has played Adventurer
Player  has played Adventurer
Player  has played Adventurer
Player  has played Adventurer
Player  has played Adventurer
Player  has played Adventurer
Player  has played Adventurer
Player  has played Adventurer
Player  has played Adventurer
Player  has played Adventurer
Player  has played Adventurer
Player  has played Adventurer
Player  has played Adventurer
Player  has played Adventurer
Player  has played Adventurer
Player  has played Adventurer
Player  has played Adventurer
Player  has played Adventurer
Player  has played Adventurer
Player  has played Adventurer
Player  has played Adventurer
Player  has played Adventurer
Player  has played Adventurer
Player  has played Adventurer
Player  has played Adventurer
Player  has played Adventurer
Player  has played Adventurer
Player  has played Adventurer
Player  has played Adventurer
Player  has played Adventurer
Player  has played Adventurer
Player  has played Adventurer
Player  has played Adventurer
Player  has played Adventurer
Player  has played Adventurer
Player  has played Adventurer
Player  has played Adventurer
Player  has played Adventurer
Player  has played Adventurer
Player  has played Adventurer
Player  has played Adventurer
Player  has played Adventurer
Player  has played Adventurer
Player  has played Adventurer
Player  has played Adventurer
Player  has played Adventurer
Player  has played Adventurer
Player  has played Adventurer
Player  has played Adventurer
Player  has played Adventurer
Player  has played Adventurer
Player  has played Adventurer
Player  has played Adventurer
Player  has played Adventurer
Player  has played Adventurer
Player  has played Adventurer
Player  has played Adventurer
Player  has played Adventurer
Player  has played Adventurer
Player  has played Adventurer
Player  has played Adventurer
Player  has played Adventurer
Player  has played Adventurer
Player  has played Adventurer
Player  has played Adventurer
Player  has played Adventurer
Player  has played Adventurer
Player  has played Adventurer
Player  has played Adventurer
Player  has played Adventurer
Player  has played Adventurer
Player  has played Adventurer
Player  has played Adventurer
Player  has played Adventurer
Player  has played Adventurer
Player  has played Adventurer
Player  has played Adventurer
Player  has played Adventurer
Player  has played Adventurer
Player  has played Adventurer
Player  has played Adventurer
Player  has played Adventurer
Player  has played Adventurer
Player  has played Adventurer
Player  has played Adventurer
Player  has played Adventurer
Player  has played Adventurer
Player  has played Adventurer
Player  has played Adventurer
Player  has played Adventurer
Player  has played Adventurer
Player  has played Adventurer
Player  has played Adventurer
Player  has played Adventurer
Player  has played Adventurer
Player  has played Adventurer
Player  has played Adventurer
Player  has played Adventurer
Player  has played Adventurer
Player  has played Adventurer
Player  has played Adventurer
Player  has played Adventurer
Player  has played Adventurer
Player  has played Adventurer
Player  has played Adventurer
Player  has played Adventurer
Player  has played Adventurer
Player  has played Adventurer
Player  has played Adventurer
Player  has played Adventurer
Player  has played Adventurer
Player  has played Adventurer
Player  has played Adventurer
Player  has played Adventurer
Player  has played Adventurer
Player  has played Adventurer
Player  has played Adventurer
Player  has played Adventurer
Player  has played Adventurer
Player  has played Adventurer
Player  has played Adventurer
Player  has played Adventurer
Player  has played Adventurer
Player  has played Adventurer
Player  has played Adventurer
Player  has played Adventurer
Player  has played Adventurer
Player  has played Adventurer
Player  has played Adventurer
Player  has played Adventurer
Player  has played Adventurer
Player  has played Adventurer
Player  has played Adventurer
Player  has played Adventurer
Player  has played Adventurer
Player  has played Adventurer
Player  has played Adventurer
Player  has played Adventurer
Player  has played Adventurer
Player  has played Adventurer
Player  has played Adventurer
Player  has played Adventurer
Player  has played Adventurer
Player  has played Adventurer
Player  has played Adventurer
Player  has played Adventurer
Player  has played Adventurer
Player  has played Adventurer
Player  has played Adventurer
Player  has played Adventurer
Player  has played Adventurer
Player  has played Adventurer
Player  has played Adventurer
Player  has played Adventurer
Player  has played Adventurer
Player  has played Adventurer
Player  has played Adventurer
Player  has played Adventurer
Player  has played Adventurer
Player  has played Adventurer
Player  has played Adventurer
Player  has played Adventurer
Player  has played Adventurer
Player  has played Adventurer
Player  has played Adventurer
Player  has played Adventurer
Player  has played Adventurer
Player  has played Adventurer
Player  has played Adventurer
Player  has played Adventurer
Player  has played Adventurer
Player  has played Adventurer
Player  has played Adventurer
Player  has played Adventurer
Player  has played Adventurer
Player  has played Adventurer
Player  has played Adventurer
Player  has played Adventurer
Player  has played Adventurer
Player  has played Adventurer
Player  has played Adventurer
Player  has played Adventurer
Player  has played Adventurer
Player  has played Adventurer
Player  has played Adventurer
Player  has played Adventurer
Player  has played Adventurer
Player  has played Adventurer
Player  has played Adventurer
Player  has played Adventurer
Player  has played Adventurer
Player  has played Adventurer
Player  has played Adventurer
Player  has played Adventurer
Player  has played Adventurer
Player  has played Adventurer
Player  has played Adventurer
Player  has played Adventurer
Player  has played Adventurer
Player  has played Adventurer
Player  has played Adventurer
Player  has played Adventurer
Player  has played Adventurer
Player  has played Adventurer
Player  has played Adventurer
Player  has played Adventurer
Player  has played Adventurer
Player  has played Adventurer
Player  has played Adventurer
Player  has played Adventurer
Player  has played Adventurer
Player  has played Adventurer
Player  has played Adventurer
Player  has played Adventurer
Player  has played Adventurer
Player  has played Adventurer
Player  has played Adventurer
Player  has played Adventurer
Player  has played Adventurer
Player  has played Adventurer
Player  has played Adventurer
Player  has played Adventurer
Player  has played Adventurer
Player  has played Adventurer
Player  has played Adventurer
Player  has played Adventurer
Player  has played Adventurer
Player  has played Adventurer
Player  has played Adventurer
Player  has played Adventurer
Player  has played Adventurer
Player  has played Adventurer
Player  has played Adventurer
Player  has played Adventurer
Player  has played Adventurer
Player  has played Adventurer
Player  has played Adventurer
Player  has played Adventurer
Player  has played Adventurer
Player  has played Adventurer
Player  has played Adventurer
Player  has played Adventurer
Player  has played Adventurer
Player  has played Adventurer
Player  has played Adventurer
Player  has played Adventurer
Player  has played Adventurer
Player  has played Adventurer
Player  has played Adventurer
Player  has played Adventurer
Player  has played Adventurer
Player  has played Adventurer
Player  has played Adventurer
Player  has played Adventurer
Player  has played Adventurer
Player  has played Adventurer
Player  has played Adventurer
Player  has played Adventurer
Player  has played Adventurer
Player  has played Adventurer
Player  has played Adventurer
Player  has played Adventurer
Player  has played Adventurer
Player  has played Adventurer
Player  has played Adventurer
Player  has played Adventurer
Player  has played Adventurer
Player  has played Adventurer
Player  has played Adventurer
Player  has played Adventurer
Player  has played Adventurer
Player  has played Adventurer
Player  has played Adventurer
Player  has played Adventurer
Player  has played Adventurer
Player  has played Adventurer
Player  has played Adventurer
Player  has played Adventurer
Player  has played Adventurer
Player  has played Adventurer
Player  has played Adventurer
Player  has played Adventurer
Player  has played Adventurer
Player  has played Adventurer
Player  has played Adventurer
Player  has played Adventurer
Player  has played Adventurer
Player  has played Adventurer
Player  has played Adventurer
Player  has played Adventurer
Player  has played Adventurer
Player  has played Adventurer
Player  has played Adventurer
Player  has played Adventurer
Player  has played Adventurer
Player  has played Adventurer
Player  has played Adventurer
Player  has played Adventurer
Player  has played Adventurer
Player  has played Adventurer
Player  has played Adventurer
Player  has played Adventurer
Player  has played Adventurer
Player  has played Adventurer
Player  has played Adventurer
Player  has played Adventurer
Player  has played Adventurer
Player  has played Adventurer
Player  has played Adventurer
Player  has played Adventurer
Player  has played Adventurer
Player  has played Adventurer
Player  has played Adventurer
Player  has played Adventurer
Player  has played Adventurer
Player  has played Adventurer
Player  has played Adventurer
Player  has played Adventurer
Player  has played Adventurer
Player  has played Adventurer
Player  has played Adventurer
Player  has played Adventurer
Player  has played Adventurer
Player  has played Adventurer
Player  has played Adventurer
Player  has played Adventurer
Player  has played Adventurer
Player  has played Adventurer
Player  has played Adventurer
Player  has played Adventurer
Player  has played Adventurer
Player  has played Adventurer
Player  has played Adventurer
Player  has played Adventurer
Player  has played Adventurer
Player  has played Adventurer
Player  has played Adventurer
Player  has played Adventurer
Player  has played Adventurer
Player  has played Adventurer
Player  has played Adventurer
Player  has played Adventurer
Player  has played Adventurer
Player  has played Adventurer
Player  has played Adventurer
Player  has played Adventurer
Player  has played Adventurer
Player  has played Adventurer
Player  has played Adventurer
Player  has played Adventurer
Player  has played Adventurer
Player  has played Adventurer
Player  has played Adventurer
Player  has played Adventurer
Player  has played Adventurer
Player  has played Adventurer
Player  has played Adventurer
Player  has played Adventurer
Player  has played Adventurer
Player  has played Adventurer
Player  has played Adventurer
Player  has played Adventurer
Player  has played Adventurer
Player  has played Adventurer
Player  has played Adventurer
Player  has played Adventurer
Player  has played Adventurer
Player  has played Adventurer
Player  has played Adventurer
Player  has played Adventurer
Player  has played Adventurer
Player  has played Adventurer
Player  has played Adventurer
Player  has played Adventurer
Player  has played Adventurer
Player  has played Adventurer
Player  has played Adventurer
Player  has played Adventurer
Player  has played Adventurer
Player  has played Adventurer
Player  has played Adventurer
Player  has played Adventurer
Player  has played Adventurer
Player  has played Adventurer
Player  has played Adventurer
Player  has played Adventurer
Player  has played Adventurer
Player  has played Adventurer
Player  has played Adventurer
Player  has played Adventurer
Player  has played Adventurer
Player  has played Adventurer
Player  has played Adventurer
Player  has played Adventurer
Player  has played Adventurer
Player  has played Adventurer
Player  has played Adventurer
Player  has played Adventurer
Player  has played Adventurer
Player  has played Adventurer
Player  has played Adventurer
Player  has played Adventurer
Player  has played Adventurer
Player  has played Adventurer
Player  has played Adventurer
Player  has played Adventurer
Player  has played Adventurer
Player  has played Adventurer
Player  has played Adventurer
Player  has played Adventurer
Player  has played Adventurer
Player  has played Adventurer
Player  has played Adventurer
Player  has played Adventurer
Player  has played Adventurer
Player  has played Adventurer
Player  has played Adventurer
Player  has played Adventurer
Player  has played Adventurer
Player  has played Adventurer
Player  has played Adventurer
Player  has played Adventurer
Player  has played Adventurer
Player  has played Adventurer
Player  has played Adventurer
Player  has played Adventurer
Player  has played Adventurer
Player  has played Adventurer
Player  has played Adventurer
Player  has played Adventurer
Player  has played Adventurer
Player  has played Adventurer
Player  has played Adventurer
Player  has played Adventurer
Player  has played Adventurer
Player  has played Adventurer
Player  has played Adventurer
Player  has played Adventurer
Player  has played Adventurer
Player  has played Adventurer
Player  has played Adventurer
Player  has played Adventurer
Player  has played Adventurer
Player  has played Adventurer
Player  has played Adventurer
Player  has played Adventurer
Player  has played Adventurer
Player  has played Adventurer
Player  has played Adventurer
Player  has played Adventurer
Player  has played Adventurer
Player  has played Adventurer
Player  has played Adventurer
Player  has played Adventurer
Player  has played Adventurer
Player  has played Adventurer
Player  has played Adventurer
Player  has played Adventurer
Player  has played Adventurer
Player  has played Adventurer
Player  has played Adventurer
Player  has played Adventurer
Player  has played Adventurer
Player  has played Adventurer
Player  has played Adventurer
Player  has played Adventurer
Player  has played Adventurer
Player  has played Adventurer
Player  has played Adventurer
Player  has played Adventurer
Player  has played Adventurer
Player  has played Adventurer
Player  has played Adventurer
Player  has played Adventurer
Player  has played Adventurer
Player  has played Adventurer
Player  has played Adventurer
Player  has played Adventurer
Player  has played Adventurer
Player  has played Adventurer
Player  has played Adventurer
Player  has played Adventurer
Player  has played Adventurer
Player  has played Adventurer
Player  has played Adventurer
Player  has played Adventurer
Player  has played Adventurer
Player  has played Adventurer
Player  has played Adventurer
Player  has played Adventurer
Player  has played Adventurer
Player  has played Adventurer
Player  has played Adventurer
Player  has played Adventurer
Player  has played Adventurer
Player  has played Adventurer
Player  has played Adventurer
Player  has played Adventurer
Player  has played Adventurer
Player  has played Adventurer
Player  has played Adventurer
Player  has played Adventurer
Player  has played Adventurer
Player  has played Adventurer
Player  has played Adventurer
Player  has played Adventurer
Player  has played Adventurer
Player  has played Adventurer
Player  has played Adventurer
Player  has played Adventurer
Player  has played Adventurer
Player  has played Adventurer
Player  has played Adventurer
Player  has played Adventurer
Player  has played Adventurer
Player  has played Adventurer
Player  has played Adventurer
Player  has played Adventurer
Player  has played Adventurer
Player  has played Adventurer
Player  has played Adventurer
Player  has played Adventurer
Player  has played Adventurer
Player  has played Adventurer
Player  has played Adventurer
Player  has played Adventurer
Player  has played Adventurer
Player  has played Adventurer
Player  has played Adventurer
Player  has played Adventurer
Player  has played Adventurer
Player  has played Adventurer
Player  has played Adventurer
Player  has played Adventurer
Player  has played Adventurer
Player  has played Adventurer
Player  has played Adventurer
Player  has played Adventurer
Player  has played Adventurer
Player  has played Adventurer
Player  has played Adventurer
Player  has played Adventurer
Player  has played Adventurer
Player  has played Adventurer
Player  has played Adventurer
Player  has played Adventurer
Player  has played Adventurer
Player  has played Adventurer
Player  has played Adventurer
Player  has played Adventurer
Player  has played Adventurer
Player  has played Adventurer
Player  has played Adventurer
Player  has played Adventurer
Player  has played Adventurer
Player  has played Adventurer
Player  has played Adventurer
Player  has played Adventurer
Player  has played Adventurer
Player  has played Adventurer
Player  has played Adventurer
Player  has played Adventurer
Player  has played Adventurer
Player  has played Adventurer
Player  has played Adventurer
Player  has played Adventurer
Player  has played Adventurer
Player  has played Adventurer
Player  has played Adventurer
Player  has played Adventurer
Player  has played Adventurer
Player  has played Adventurer
Player  has played Adventurer
Player  has played Adventurer
Player  has played Adventurer
Player  has played Adventurer
Player  has played Adventurer
Player  has played Adventurer
Player  has played Adventurer
Player  has played Adventurer
Player  has played Adventurer
Player  has played Adventurer
Player  has played Adventurer
Player  has played Adventurer
Player  has played Adventurer
Player  has played Adventurer
Player  has played Adventurer
Player  has played Adventurer
Player  has played Adventurer
Player  has played Adventurer
Player  has played Adventurer
Player  has played Adventurer
Player  has played Adventurer
Player  has played Adventurer
Player  has played Adventurer
Player  has played Adventurer
Player  has played Adventurer
Player  has played Adventurer
Player  has played Adventurer
Player  has played Adventurer
Player  has played Adventurer
Player  has played Adventurer
Player  has played Adventurer
Player  has played Adventurer
Player  has played Adventurer
Player  has played Adventurer
Player  has played Adventurer
Player  has played Adventurer
Player  has played Adventurer
Player  has played Adventurer
Player  has played Adventurer
Player  has played Adventurer
Player  has played Adventurer
Player  has played Adventurer
Player  has played Adventurer
Player  has played Adventurer
Player  has played Adventurer
Player  has played Adventurer
Player  has played Adventurer
Player  has played Adventurer
Player  has played Adventurer
Player  has played Adventurer
Player  has played Adventurer
Player  has played Adventurer
Player  has played Adventurer
Player  has played Adventurer
Player  has played Adventurer
Player  has played Adventurer
Player  has played Adventurer
Player  has played Adventurer
Player  has played Adventurer
Player  has played Adventurer
Player  has played Adventurer
Player  has played Adventurer
Player  has played Adventurer
Player  has played Adventurer
Player  has played Adventurer
Player  has played Adventurer
Player  has played Adventurer
Player  has played Adventurer
Player  has played Adventurer
Player  has played Adventurer
Player  has played Adventurer
Player  has played Adventurer
Player  has played Adventurer
Player  has played Adventurer
Player  has played Adventurer
Player  has played Adventurer
Player  has played Adventurer
Player  has played Adventurer
Player  has played Adventurer
Player  has played Adventurer
Player  has played Adventurer
Player  has played Adventurer
Player  has played Adventurer
Player  has played Adventurer
Player  has played Adventurer
Player  has played Adventurer
Player  has played Adventurer
Player  has played Adventurer
Player  has played Adventurer
Player  has played Adventurer
Player  has played Adventurer
Player  has played Adventurer
Player  has played Adventurer
Player  has played Adventurer
Player  has played Adventurer
Player  has played Adventurer
Player  has played Adventurer
Player  has played Adventurer
Player  has played Adventurer
Player  has played Adventurer
Player  has played Adventurer
Player  has played Adventurer
Player  has played Adventurer
Player  has played Adventurer
Player  has played Adventurer
Player  has played Adventurer
Player  has played Adventurer
Player  has played Adventurer
Player  has played Adventurer
Player  has played Adventurer
Player  has played Adventurer
Player  has played Adventurer
Player  has played Adventurer
Player  has played Adventurer
Player  has played Adventurer
Player  has played Adventurer
Player  has played Adventurer
Player  has played Adventurer
Player  has played Adventurer
Player  has played Adventurer
Player  has played Adventurer
Player  has played Adventurer
Player  has played Adventurer
Player  has played Adventurer
Player  has played Adventurer
Player  has played Adventurer
Player  has played Adventurer
Player  has played Adventurer
Player  has played Adventurer
Player  has played Adventurer
Player  has played Adventurer
Player  has played Adventurer
Player  has played Adventurer
Player  has played Adventurer
Player  has played Adventurer
Player  has played Adventurer
Player  has played Adventurer
Player  has played Adventurer
Player  has played Adventurer
Player  has played Adventurer
Player  has played Adventurer
Player  has played Adventurer
Player  has played Adventurer
Player  has played Adventurer
Player  has played Adventurer
Player  has played Adventurer
Player  has played Adventurer
Player  has played Adventurer
Player  has played Adventurer
Player  has played Adventurer
Player  has played Adventurer
Player  has played Adventurer
Player  has played Adventurer
Player  has played Adventurer
Player  has played Adventurer
Player  has played Adventurer
Player  has played Adventurer
Player  has played Adventurer
Player  has played Adventurer
Player  has played Adventurer
Player  has played Adventurer
Player  has played Adventurer
Player  has played Adventurer
Player  has played Adventurer
Player  has played Adventurer
Player  has played Adventurer
Player  has played Adventurer
Player  has played Adventurer
Player  has played Adventurer
Player  has played Adventurer
Player  has played Adventurer
Player  has played Adventurer
Player  has played Adventurer
Player  has played Adventurer
Player  has played Adventurer
Player  has played Adventurer
Player  has played Adventurer
Player  has played Adventurer
Player  has played Adventurer
Player  has played Adventurer
Player  has played Adventurer
Player  has played Adventurer
Player  has played Adventurer
Player  has played Adventurer
Player  has played Adventurer
Player  has played Adventurer
Player  has played Adventurer
Player  has played Adventurer
Player  has played Adventurer
Player  has played Adventurer
Player  has played Adventurer
Player  has played Adventurer
Player  has played Adventurer
Player  has played Adventurer
Player  has played Adventurer
Player  has played Adventurer
Player  has played Adventurer
Player  has played Adventurer
Player  has played Adventurer
Player  has played Adventurer
Player  has played Adventurer
Player  has played Adventurer
Player  has played Adventurer
Player  has played Adventurer
Player  has played Adventurer
Player  has played Adventurer
Player  has played Adventurer
Player  has played Adventurer
Player  has played Adventurer
Player  has played Adventurer
Player  has played Adventurer
Player  has played Adventurer
Player  has played Adventurer
Player  has played Adventurer
Player  has played Adventurer
Player  has played Adventurer
Player  has played Adventurer
Player  has played Adventurer
Player  has played Adventurer
Player  has played Adventurer
Player  has played Adventurer
Player  has played Adventurer
Player  has played Adventurer
Player  has played Adventurer
Player  has played Adventurer
Player  has played Adventurer
Player  has played Adventurer
Player  has played Adventurer
Player  has played Adventurer
Player  has played Adventurer
Player  has played Adventurer
Player  has played Adventurer
Player  has played Adventurer
Player  has played Adventurer
Player  has played Adventurer
Player  has played Adventurer
Player  has played Adventurer
Player  has played Adventurer
Player  has played Adventurer
Player  has played Adventurer
Player  has played Adventurer
Player  has played Adventurer
Player  has played Adventurer
Player  has played Adventurer
Player  has played Adventurer
Player  has played Adventurer
Player  has played Adventurer
Player  has played Adventurer
Player  has played Adventurer
Player  has played Adventurer
Player  has played Adventurer
Player  has played Adventurer
Player  has played Adventurer
Player  has played Adventurer
Player  has played Adventurer
Player  has played Adventurer
Player  has played Adventurer
Player  has played Adventurer
Player  has played Adventurer
Player  has played Adventurer
Player  has played Adventurer
Player  has played Adventurer
Player  has played Adventurer
Player  has played Adventurer
Player  has played Adventurer
Player  has played Adventurer
Player  has played Adventurer
Player  has played Adventurer
Player  has played Adventurer
Player  has played Adventurer
Player  has played Adventurer
Player  has played Adventurer
Player  has played Adventurer
Player  has played Adventurer
Player  has played Adventurer
Player  has played Adventurer
Player  has played Adventurer
Player  has played Adventurer
Player  has played Adventurer
Player  has played Adventurer
Player  has played Adventurer
Player  has played Adventurer
Player  has played Adventurer
Player  has played Adventurer
Player  has played Adventurer
Player  has played Adventurer
Player  has played Adventurer
Player  has played Adventurer
Player  has played Adventurer
Player  has played Adventurer
Player  has played Adventurer
Player  has played Adventurer
Player  has played Adventurer
Player  has played Adventurer
Player  has played Adventurer
Player  has played Adventurer
Player  has played Adventurer
Player  has played Adventurer
Player  has played Adventurer
Player  has played Adventurer
Player  has played Adventurer
Player  has played Adventurer
Player  has played Adventurer
Player  has played Adventurer
Player  has played Adventurer
Player  has played Adventurer
Player  has played Adventurer
Player  has played Adventurer
Player  has played Adventurer
Player  has played Adventurer
Player  has played Adventurer
Player  has played Adventurer
Player  has played Adventurer
Player  has played Adventurer
Player  has played Adventurer
Player  has played Adventurer
Player  has played Adventurer
Player  has played Adventurer
Player  has played Adventurer
Player  has played Adventurer
Player  has played Adventurer
Player  has played Adventurer
Player  has played Adventurer
Player  has played Adventurer
Player  has played Adventurer
Player  has played Adventurer
Player  has played Adventurer
Player  has played Adventurer
Player  has played Adventurer
Player  has played Adventurer
Player  has played Adventurer
Player  has played Adventurer
Player  has played Adventurer
Player  has played Adventurer
Player  has played Adventurer
Player  has played Adventurer
Player  has played Adventurer
Player  has played Adventurer
Player  has played Adventurer
Player  has played Adventurer
Player  has played Adventurer
Player  has played Adventurer
Player  has played Adventurer
Player  has played Adventurer
Player  has played Adventurer
Player  has played Adventurer
Player  has played Adventurer
Player  has played Adventurer
Player  has played Adventurer
Player  has played Adventurer
Player  has played Adventurer
Player  has played Adventurer
Player  has played Adventurer
Player  has played Adventurer
Player  has played Adventurer
Player  has played Adventurer
Player  has played Adventurer
Player  has played Adventurer
Player  has played Adventurer
Player  has played Adventurer
Player  has played Adventurer
Player  has played Adventurer
Player  has played Adventurer
Player  has played Adventurer
Player  has played Adventurer
Player  has played Adventurer
Player  has played Adventurer
Player  has played Adventurer
Player  has played Adventurer
Player  has played Adventurer
Player  has played Adventurer
Player  has played Adventurer
Player  has played Adventurer
Player  has played Adventurer
Player  has played Adventurer
Player  has played Adventurer
Player  has played Adventurer
Player  has played Adventurer
Player  has played Adventurer
Player  has played Adventurer
Player  has played Adventurer
Player  has played Adventurer
Player  has played Adventurer
Player  has played Adventurer
Player  has played Adventurer
Player  has played Adventurer
Player  has played Adventurer
Player  has played Adventurer
Player  has played Adventurer
Player  has played Adventurer
Player  has played Adventurer
Player  has played Adventurer
Player  has played Adventurer
Player  has played Adventurer
Player  has played Adventurer
Player  has played Adventurer
Player  has played Adventurer
Player  has played Adventurer
Player  has played Adventurer
Player  has played Adventurer
Player  has played Adventurer
Player  has played Adventurer
Player  has played Adventurer
Player  has played Adventurer
Player  has played Adventurer
Player  has played Adventurer
Player  has played Adventurer
Player  has played Adventurer
Player  has played Adventurer
Player  has played Adventurer
Player  has played Adventurer
Player  has played Adventurer
Player  has played Adventurer
Player  has played Adventurer
Player  has played Adventurer
Player  has played Adventurer
Player  has played Adventurer
Player  has played Adventurer
Player  has played Adventurer
Player  has played Adventurer
Player  has played Adventurer
Player  has played Adventurer
Player  has played Adventurer
Player  has played Adventurer
Player  has played Adventurer
Player  has played Adventurer
Player  has played Adventurer
Player  has played Adventurer
Player  has played Adventurer
Player  has played Adventurer
Player  has played Adventurer
Player  has played Adventurer
Player  has played Adventurer
Player  has played Adventurer
Player  has played Adventurer
Player  has played Adventurer
Player  has played Adventurer
Player  has played Adventurer
Player  has played Adventurer
Player  has played Adventurer
Player  has played Adventurer
Player  has played Adventurer
Player  has played Adventurer
Player  has played Adventurer
Player  has played Adventurer
Player  has played Adventurer
Player  has played Adventurer
Player  has played Adventurer
Player  has played Adventurer
Player  has played Adventurer
Player  has played Adventurer
Player  has played Adventurer
Player  has played Adventurer
Player  has played Adventurer
Player  has played Adventurer
Player  has played Adventurer
Player  has played Adventurer
Player  has played Adventurer
Player  has played Adventurer
Player  has played Adventurer
Player  has played Adventurer
Player  has played Adventurer
Player  has played Adventurer
Player  has played Adventurer
Player  has played Adventurer
Player  has played Adventurer
Player  has played Adventurer
Player  has played Adventurer
Player  has played Adventurer
Player  has played Adventurer
Player  has played Adventurer
Player  has played Adventurer
Player  has played Adventurer
Player  has played Adventurer
Player  has played Adventurer
Player  has played Adventurer
Player  has played Adventurer
Player  has played Adventurer
Player  has played Adventurer
Player  has played Adventurer
Player  has played Adventurer
Player  has played Adventurer
Player  has played Adventurer
Player  has played Adventurer
Player  has played Adventurer
Player  has played Adventurer
Player  has played Adventurer
Player  has played Adventurer
Player  has played Adventurer
Player  has played Adventurer
Player  has played Adventurer
Player  has played Adventurer
Player  has played Adventurer
Player  has played Adventurer
Player  has played Adventurer
Player  has played Adventurer
Player  has played Adventurer
Player  has played Adventurer
Player  has played Adventurer
Player  has played Adventurer
Player  has played Adventurer
Player  has played Adventurer
Player  has played Adventurer
Player  has played Adventurer
Player  has played Adventurer
Player  has played Adventurer
Player  has played Adventurer
Player  has played Adventurer
Player  has played Adventurer
Player  has played Adventurer
Player  has played Adventurer
Player  has played Adventurer
Player  has played Adventurer
Player  has played Adventurer
Player  has played Adventurer
Player  has played Adventurer
Player  has played Adventurer
Player  has played Adventurer
Player  has played Adventurer
Player  has played Adventurer
Player  has played Adventurer
Player  has played Adventurer
Player  has played Adventurer
Player  has played Adventurer
Player  has played Adventurer
Player  has played Adventurer
Player  has played Adventurer
Player  has played Adventurer
Player  has played Adventurer
Player  has played Adventurer
Player  has played Adventurer
Player  has played Adventurer
Player  has played Adventurer
Player  has played Adventurer
Player  has played Adventurer
Player  has played Adventurer
Player  has played Adventurer
Player  has played Adventurer
Player  has played Adventurer
Player  has played Adventurer
Player  has played Adventurer
Player  has played Adventurer
Player  has played Adventurer
Player  has played Adventurer
Player  has played Adventurer
Player  has played Adventurer
Player  has played Adventurer
Player  has played Adventurer
Player  has played Adventurer
Player  has played Adventurer
Player  has played Adventurer
Player  has played Adventurer
Player  has played Adventurer
Player  has played Adventurer
Player  has played Adventurer
Player  has played Adventurer
Player  has played Adventurer
Player  has played Adventurer
Player  has played Adventurer
Player  has played Adventurer
Player  has played Adventurer
Player  has played Adventurer
Player  has played Adventurer
Player  has played Adventurer
Player  has played Adventurer
Player  has played Adventurer
Player  has played Adventurer
Player  has played Adventurer
Player  has played Adventurer
Player  has played Adventurer
Player  has played Adventurer
Player  has played Adventurer
Player  has played Adventurer
Player  has played Adventurer
Player  has played Adventurer
Player  has played Adventurer
Player  has played Adventurer
Player  has played Adventurer
Player  has played Adventurer
Player  has played Adventurer
Player  has played Adventurer
Player  has played Adventurer
Player  has played Adventurer
Player  has played Adventurer
Player  has played Adventurer
Player  has played Adventurer
Player  has played Adventurer
Player  has played Adventurer
Player  has played Adventurer
Player  has played Adventurer
Player  has played Adventurer
Player  has played Adventurer
Player  has played Adventurer
Player  has played Adventurer
Player  has played Adventurer
Player  has played Adventurer
Player  has played Adventurer
Player  has played Adventurer
Player  has played Adventurer
Player  has played Adventurer
Player  has played Adventurer
Player  has played Adventurer
Player  has played Adventurer
Player  has played Adventurer
Player  has played Adventurer
Player  has played Adventurer
Player  has played Adventurer
Player  has played Adventurer
Player  has played Adventurer
Player  has played Adventurer
Player  has played Adventurer
Player  has played Adventurer
Player  has played Adventurer
Player  has played Adventurer
Player  has played Adventurer
Player  has played Adventurer
Player  has played Adventurer
Player  has played Adventurer
Player  has played Adventurer
Player  has played Adventurer
Player  has played Adventurer
Player  has played Adventurer
Player  has played Adventurer
Player  has played Adventurer
Player  has played Adventurer
Player  has played Adventurer
Player  has played Adventurer
Player  has played Adventurer
Player  has played Adventurer
Player  has played Adventurer
Player  has played Adventurer
Player  has played Adventurer
Player  has played Adventurer
Player  has played Adventurer
Player  has played Adventurer
Player  has played Adventurer
Player  has played Adventurer
Player  has played Adventurer
Player  has played Adventurer
Player  has played Adventurer
Player  has played Adventurer
Player  has played Adventurer
Player  has played Adventurer
Player  has played Adventurer
Player  has played Adventurer
Player  has played Adventurer
Player  has played Adventurer
Player  has played Adventurer
Player  has played Adventurer
Player  has played Adventurer
Player  has played Adventurer
Player  has played Adventurer
Player  has played Adventurer
Player  has played Adventurer
Player  has played Adventurer
Player  has played Adventurer
Player  has played Adventurer
Player  has played Adventurer
Player  has played Adventurer
Player  has played Adventurer
Player  has played Adventurer
Player  has played Adventurer
Player  has played Adventurer
Player  has played Adventurer
Player  has played Adventurer
Player  has played Adventurer
Player  has played Adventurer
Player  has played Adventurer
Player  has played Adventurer
Player  has played Adventurer
Player  has played Adventurer
Player  has played Adventurer
Player  has played Adventurer
Player  has played Adventurer
Player  has played Adventurer
Player  has played Adventurer
Player  has played Adventurer
Player  has played Adventurer
Player  has played Adventurer
Player  has played Adventurer
Player  has played Adventurer
Player  has played Adventurer
Player  has played Adventurer
Player  has played Adventurer
Player  has played Adventurer
Player  has played Adventurer
Player  has played Adventurer
Player  has played Adventurer
Player  has played Adventurer
Player  has played Adventurer
Player  has played Adventurer
Player  has played Adventurer
Player  has played Adventurer
Player  has played Adventurer
Player  has played Adventurer
Player  has played Adventurer
Player  has played Adventurer
Player  has played Adventurer
Player  has played Adventurer
Player  has played Adventurer
Player  has played Adventurer
Player  has played Adventurer
Player  has played Adventurer
Player  has played Adventurer
Player  has played Adventurer
Player  has played Adventurer
Player  has played Adventurer
Player  has played Adventurer
Player  has played Adventurer
Player  has played Adventurer
Player  has played Adventurer
Player  has played Adventurer
Player  has played Adventurer
Player  has played Adventurer
Player  has played Adventurer
Player  has played Adventurer
Player  has played Adventurer
Player  has played Adventurer
Player  has played Adventurer
Player  has played Adventurer
Player  has played Adventurer
Player  has played Adventurer
Player  has played Adventurer
Player  has played Adventurer
Player  has played Adventurer
Player  has played Adventurer
Player  has played Adventurer
Player  has played Adventurer
Player  has played Adventurer
Player  has played Adventurer
Player  has played Adventurer
Player  has played Adventurer
Player  has played Adventurer
Player  has played Adventurer
Player  has played Adventurer
Player  has played Adventurer
Player  has played Adventurer
Player  has played Adventurer
Player  has played Adventurer
Player  has played Adventurer
Player  has played Adventurer
Player  has played Adventurer
Player  has played Adventurer
Player  has played Adventurer
Player  has played Adventurer
Player  has played Adventurer
Player  has played Adventurer
Player  has played Adventurer
Player  has played Adventurer
Player  has played Adventurer
Player  has played Adventurer
Player  has played Adventurer
Player  has played Adventurer
Player  has played Adventurer
Player  has played Adventurer
Player  has played Adventurer
Player  has played Adventurer
Player  has played Adventurer
Player  has played Adventurer
Player  has played Adventurer
Player  has played Adventurer
Player  has played Adventurer
Player  has played Adventurer
Player  has played Adventurer
Player  has played Adventurer
Player  has played Adventurer
Player  has played Adventurer
Player  has played Adventurer
Player  has played Adventurer
Player  has played Adventurer
Player  has played Adventurer
Player  has played Adventurer
Player  has played Adventurer
Player  has played Adventurer
Player  has played Adventurer
Player  has played Adventurer
Player  has played Adventurer
Player  has played Adventurer
Player  has played Adventurer
Player  has played Adventurer
Player  has played Adventurer
Player  has played Adventurer
Player  has played Adventurer
Player  has played Adventurer
Player  has played Adventurer
Player  has played Adventurer
Player  has played Adventurer
Player  has played Adventurer
Player  has played Adventurer
Player  has played Adventurer
Player  has played Adventurer
Player  has played Adventurer
Player  has played Adventurer
Player  has played Adventurer
Player  has played Adventurer
Player  has played Adventurer
Player  has played Adventurer
Player  has played Adventurer
Player  has played Adventurer
Player  has played Adventurer
Player  has played Adventurer
Player  has played Adventurer
Player  has played Adventurer
Player  has played Adventurer
Player  has played Adventurer
Player  has played Adventurer
Player  has played Adventurer
Player  has played Adventurer
Player  has played Adventurer
Player  has played Adventurer
Player  has played Adventurer
Player  has played Adventurer
Player  has played Adventurer
Player  has played Adventurer
Player  has played Adventurer
Player  has played Adventurer
Player  has played Adventurer
Player  has played Adventurer
Player  has played Adventurer
Player  has played Adventurer
Player  has played Adventurer
Player  has played Adventurer
Player  has played Adventurer
Player  has played Adventurer
Player  has played Adventurer
Player  has played Adventurer
Player  has played Adventurer
Player  has played Adventurer
Player  has played Adventurer
Player  has played Adventurer
Player  has played Adventurer
Player  has played Adventurer
Player  has played Adventurer
Player  has played Adventurer
Player  has played Adventurer
Player  has played Adventurer
Player  has played Adventurer
Player  has played Adventurer
Player  has played Adventurer
Player  has played Adventurer
Player  has played Adventurer
Player  has played Adventurer
Player  has played Adventurer
Player  has played Adventurer
Player  has played Adventurer
Player  has played Adventurer
Player  has played Adventurer
Player  has played Adventurer
Player  has played Adventurer
Player  has played Adventurer
Player  has played Adventurer
Player  has played Adventurer
Player  has played Adventurer
Player  has played Adventurer
Player  has played Adventurer
Player  has played Adventurer
Player  has played Adventurer
Player  has played Adventurer
Player  has played Adventurer
Player  has played Adventurer
Player  has played Adventurer
Player  has played Adventurer
Player  has played Adventurer
Player  has played Adventurer
Player  has played Adventurer
Player  has played Adventurer
Player  has played Adventurer
Player  has played Adventurer
Player  has played Adventurer
Player  has played Adventurer
Player  has played Adventurer
Player  has played Adventurer
Player  has played Adventurer
Player  has played Adventurer
Player  has played Adventurer
Player  has played Adventurer
Player  has played Adventurer
Player  has played Adventurer
Player  has played Adventurer
Player  has played Adventurer
Player  has played Adventurer
Player  has played Adventurer
Player  has played Adventurer
Player  has played Adventurer
Player  has played Adventurer
Player  has played Adventurer
Player  has played Adventurer
Player  has played Adventurer
Player  has played Adventurer
Player  has played Adventurer
Player  has played Adventurer
Player  has played Adventurer
Player  has played Adventurer
Player  has played Adventurer
Player  has played Adventurer
Player  has played Adventurer
Player  has played Adventurer
Player  has played Adventurer
Player  has played Adventurer
Player  has played Adventurer
Player  has played Adventurer
Player  has played Adventurer
Player  has played Adventurer
Player  has played Adventurer
Player  has played Adventurer
Player  has played Adventurer
Player  has played Adventurer
Player  has played Adventurer
Player  has played Adventurer
Player  has played Adventurer
Player  has played Adventurer
Player  has played Adventurer
Player  has played Adventurer
Player  has played Adventurer
Player  has played Adventurer
Player  has played Adventurer
Player  has played Adventurer
Player  has played Adventurer
Player  has played Adventurer
Player  has played Adventurer
Player  has played Adventurer
Player  has played Adventurer
Player  has played Adventurer
Player  has played Adventurer
Player  has played Adventurer
Player  has played Adventurer
Player  has played Adventurer
Player  has played Adventurer
Player  has played Adventurer
Player  has played Adventurer
Player  has played Adventurer
Player  has played Adventurer
Player  has played Adventurer
Player  has played Adventurer
Player  has played Adventurer
Player  has played Adventurer
Player  has played Adventurer
Player  has played Adventurer
Player  has played Adventurer
Player  has played Adventurer
Player  has played Adventurer
Player  has played Adventurer
Player  has played Adventurer
Player  has played Adventurer
Player  has played Adventurer
Player  has played Adventurer
Player  has played Adventurer
Player  has played Adventurer
Player  has played Adventurer
Player  has played Adventurer
Player  has played Adventurer
Player  has played Adventurer
Player  has played Adventurer
Player  has played Adventurer
Player  has played Adventurer
Player  has played Adventurer
Player  has played Adventurer
Player  has played Adventurer
Player  has played Adventurer
Player  has played Adventurer
Player  has played Adventurer
Player  has played Adventurer
Player  has played Adventurer
Player  has played Adventurer
Player  has played Adventurer
Player  has played Adventurer
Player  has played Adventurer
Player  has played Adventurer
Player  has played Adventurer
Player  has played Adventurer
Player  has played Adventurer
Player  has played Adventurer
Player  has played Adventurer
Player  has played Adventurer
Player  has played Adventurer
Player  has played Adventurer
Player  has played Adventurer
Player  has played Adventurer
Player  has played Adventurer
Player  has played Adventurer
Player  has played Adventurer
Player  has played Adventurer
Player  has played Adventurer
Player  has played Adventurer
Player  has played Adventurer
Player  has played Adventurer
Player  has played Adventurer
Player  has played Adventurer
Player  has played Adventurer
Player  has played Adventurer
Player  has played Adventurer
Player  has played Adventurer
Player  has played Adventurer
Player  has played Adventurer
Player  has played Adventurer
Player  has played Adventurer
Player  has played Adventurer
Player  has played Adventurer
Player  has played Adventurer
Player  has played Adventurer
Player  has played Adventurer
Player  has played Adventurer
Player  has played Adventurer
Player  has played Adventurer
Player  has played Adventurer
Player  has played Adventurer
Player  has played Adventurer
Player  has played Adventurer
Player  has played Adventurer
Player  has played Adventurer
Player  has played Adventurer
Player  has played Adventurer
Player  has played Adventurer
Player  has played Adventurer
Player  has played Adventurer
Player  has played Adventurer
Player  has played Adventurer
Player  has played Adventurer
Player  has played Adventurer
Player  has played Adventurer
Player  has played Adventurer
Player  has played Adventurer
Player  has played Adventurer
Player  has played Adventurer
Player  has played Adventurer
Player  has played Adventurer
Player  has played Adventurer
Player  has played Adventurer
Player  has played Adventurer
Player  has played Adventurer
Player  has played Adventurer
Player  has played Adventurer
Player  has played Adventurer
Player  has played Adventurer
Player  has played Adventurer
Player  has played Adventurer
Player  has played Adventurer
Player  has played Adventurer
Player  has played Adventurer
Player  has played Adventurer
Player  has played Adventurer
Player  has played Adventurer
Player  has played Adventurer
Player  has played Adventurer
Player  has played Adventurer
Player  has played Adventurer
Player  has played Adventurer
Player  has played Adventurer
Player  has played Adventurer
Player  has played Adventurer
Player  has played Adventurer
Player  has played Adventurer
Player  has played Adventurer
Player  has played Adventurer
Player  has played Adventurer
Player  has played Adventurer
Player  has played Adventurer
Player  has played Adventurer
Player  has played Adventurer
Player  has played Adventurer
Player  has played Adventurer
Player  has played Adventurer
Player  has played Adventurer
Player  has played Adventurer
Player  has played Adventurer
Player  has played Adventurer
Player  has played Adventurer
Player  has played Adventurer
Player  has played Adventurer
Player  has played Adventurer
Player  has played Adventurer
Player  has played Adventurer
Player  has played Adventurer
Player  has played Adventurer
Player  has played Adventurer
Player  has played Adventurer
Player  has played Adventurer
Player  has played Adventurer
Player  has played Adventurer
Player  has played Adventurer
Player  has played Adventurer
Player  has played Adventurer
Player  has played Adventurer
Player  has played Adventurer
Player  has played Adventurer
Player  has played Adventurer
Player  has played Adventurer
Player  has played Adventurer
Player  has played Adventurer
Player  has played Adventurer
Player  has played Adventurer
Player  has played Adventurer
Player  has played Adventurer
Player  has played Adventurer
Player  has played Adventurer
Player  has played Adventurer
Player  has played Adventurer
Player  has played Adventurer
Player  has played Adventurer
Player  has played Adventurer
Player  has played Adventurer
Player  has played Adventurer
Player  has played Adventurer
Player  has played Adventurer
Player  has played Adventurer
Player  has played Adventurer
Player  has played Adventurer
Player  has played Adventurer
Player  has played Adventurer
Player  has played Adventurer
Player  has played Adventurer
Player  has played Adventurer
Player  has played Adventurer
Player  has played Adventurer
Player  has played Adventurer
Player  has played Adventurer
Player  has played Adventurer
Player  has played Adventurer
Player  has played Adventurer
Player  has played Adventurer
Player  has played Adventurer
Player  has played Adventurer
Player  has played Adventurer
Player  has played Adventurer
Player  has played Adventurer
Player  has played Adventurer
Player  has played Adventurer
Player  has played Adventurer
Player  has played Adventurer
Player  has played Adventurer
Player  has played Adventurer
Player  has played Adventurer
Player  has played Adventurer
Player  has played Adventurer
Player  has played Adventurer
Player  has played Adventurer
Player  has played Adventurer
Player  has played Adventurer
Player  has played Adventurer
Player  has played Adventurer
Player  has played Adventurer
Player  has played Adventurer
Player  has played Adventurer
Player  has played Adventurer
Player  has played Adventurer
Player  has played Adventurer
Player  has played Adventurer
Player  has played Adventurer
Player  has played Adventurer
Player  has played Adventurer
Player  has played Adventurer
Player  has played Adventurer
Player  has played Adventurer
Player  has played Adventurer
Player  has played Adventurer
Player  has played Adventurer
Player  has played Adventurer
Player  has played Adventurer
Player  has played Adventurer
Player  has played Adventurer
Player  has played Adventurer
Player  has played Adventurer
Player  has played Adventurer
Player  has played Adventurer
Player  has played Adventurer
Player  has played Adventurer
Player  has played Adventurer
Player  has played Adventurer
Player  has played Adventurer
Player  has played Adventurer
Player  has played Adventurer
Player  has played Adventurer
Player  has played Adventurer
Player  has played Adventurer
Player  has played Adventurer
Player  has played Adventurer
Player  has played Adventurer
Player  has played Adventurer
Player  has played Adventurer
Player  has played Adventurer
Player  has played Adventurer
Player  has played Adventurer
Player  has played Adventurer
Player  has played Adventurer
Player  has played Adventurer
Player  has played Adventurer
Player  has played Adventurer
Player  has played Adventurer
Player  has played Adventurer
Player  has played Adventurer
Player  has played Adventurer
Player  has played Adventurer
Player  has played Adventurer
Player  has played Adventurer
Player  has played Adventurer
Player  has played Adventurer
Player  has played Adventurer
Player  has played Adventurer
Player  has played Adventurer
Player  has played Adventurer
Player  has played Adventurer
Player  has played Adventurer
Player  has played Adventurer
Player  has played Adventurer
Player  has played Adventurer
Player  has played Adventurer
Player  has played Adventurer
Player  has played Adventurer
Player  has played Adventurer
Player  has played Adventurer
Player  has played Adventurer
Player  has played Adventurer
Player  has played Adventurer
Player  has played Adventurer
Player  has played Adventurer
Player  has played Adventurer
Player  has played Adventurer
Player  has played Adventurer
Player  has played Adventurer
Player  has played Adventurer
Player  has played Adventurer
Player  has played Adventurer
Player  has played Adventurer
Player  has played Adventurer
Player  has played Adventurer
Player  has played Adventurer
Player  has played Adventurer
Player  has played Adventurer
Player  has played Adventurer
Player  has played Adventurer
Player  has played Adventurer
Player  has played Adventurer
Player  has played Adventurer
Player  has played Adventurer
Player  has played Adventurer
Player  has played Adventurer
Player  has played Adventurer
Player  has played Adventurer
Player  has played Adventurer
Player  has played Adventurer
Player  has played Adventurer
Player  has played Adventurer
Player  has played Adventurer
Player  has played Adventurer
Player  has played Adventurer
Player  has played Adventurer
Player  has played Adventurer
Player  has played Adventurer
Player  has played Adventurer
Player  has played Adventurer
Player  has played Adventurer
Player  has played Adventurer
Player  has played Adventurer
Player  has played Adventurer
Player  has played Adventurer
Player  has played Adventurer
Player  has played Adventurer
Player  has played Adventurer
Player  has played Adventurer
Player  has played Adventurer
Player  has played Adventurer
Player  has played Adventurer
Player  has played Adventurer
Player  has played Adventurer
Player  has played Adventurer
Player  has played Adventurer
Player  has played Adventurer
Player  has played Adventurer
Player  has played Adventurer
Player  has played Adventurer
Player  has played Adventurer
Player  has played Adventurer
Player  has played Adventurer
Player  has played Adventurer
Player  has played Adventurer
Player  has played Adventurer
Player  has played Adventurer
Player  has played Adventurer
Player  has played Adventurer
Player  has played Adventurer
Player  has played Adventurer
Player  has played Adventurer
Player  has played Adventurer
Player  has played Adventurer
Player  has played Adventurer
Player  has played Adventurer
Player  has played Adventurer
Player  has played Adventurer
Player  has played Adventurer
Player  has played Adventurer
Player  has played Adventurer
Player  has played Adventurer
Player  has played Adventurer
Player  has played Adventurer
Player  has played Adventurer
Player  has played Adventurer
Player  has played Adventurer
Player  has played Adventurer
Player  has played Adventurer
Player  has played Adventurer
Player  has played Adventurer
Player  has played Adventurer
Player  has played Adventurer
Player  has played Adventurer
Player  has played Adventurer
Player  has played Adventurer
Player  has played Adventurer
Player  has played Adventurer
Player  has played Adventurer
Player  has played Adventurer
Player  has played Adventurer
Player  has played Adventurer
Player  has played Adventurer
Player  has played Adventurer
Player  has played Adventurer
Player  has played Adventurer
Player  has played Adventurer
Player  has played Adventurer
Player  has played Adventurer
Player  has played Adventurer
Player  has played Adventurer
Player  has played Adventurer
Player  has played Adventurer
Player  has played Adventurer
Player  has played Adventurer
Player  has played Adventurer
Player  has played Adventurer
Player  has played Adventurer
Player  has played Adventurer
Player  has played Adventurer
Player  has played Adventurer
Player  has played Adventurer
Player  has played Adventurer
Player  has played Adventurer
Player  has played Adventurer
Player  has played Adventurer
Player  has played Adventurer
Player  has played Adventurer
Player  has played Adventurer
Player  has played Adventurer
Player  has played Adventurer
Player  has played Adventurer
Player  has played Adventurer
Player  has played Adventurer
Player  has played Adventurer
Player  has played Adventurer
Player  has played Adventurer
Player  has played Adventurer
Player  has played Adventurer
Player  has played Adventurer
Player  has played Adventurer
Player  has played Adventurer
Player  has played Adventurer
Player  has played Adventurer
Player  has played Adventurer
Player  has played Adventurer
Player  has played Adventurer
Player  has played Adventurer
Player  has played Adventurer
Player  has played Adventurer
Player  has played Adventurer
Player  has played Adventurer
Player  has played Adventurer
Player  has played Adventurer
Player  has played Adventurer
Player  has played Adventurer
Player  has played Adventurer
Player  has played Adventurer
Player  has played Adventurer
Player  has played Adventurer
Player  has played Adventurer
Player  has played Adventurer
Player  has played Adventurer
Player  has played Adventurer
Player  has played Adventurer
Player  has played Adventurer
Player  has played Adventurer
Player  has played Adventurer
Player  has played Adventurer
Player  has played Adventurer
Player  has played Adventurer
Player  has played Adventurer
Player  has played Adventurer
Player  has played Adventurer
Player  has played Adventurer
Player  has played Adventurer
Player  has played Adventurer
Player  has played Adventurer
Player  has played Adventurer
Player  has played Adventurer
Player  has played Adventurer
Player  has played Adventurer
Player  has played Adventurer
Player  has played Adventurer
Player  has played Adventurer
Player  has played Adventurer
Player  has played Adventurer
Player  has played Adventurer
Player  has played Adventurer
Player  has played Adventurer
Player  has played Adventurer
Player  has played Adventurer
Player  has played Adventurer
Player  has played Adventurer
Player  has played Adventurer
Player  has played Adventurer
Player  has played Adventurer
Player  has played Adventurer
Player  has played Adventurer
Player  has played Adventurer
Player  has played Adventurer
Player  has played Adventurer
Player  has played Adventurer
Player  has played Adventurer
Player  has played Adventurer
Player  has played Adventurer
Player  has played Adventurer
Player  has played Adventurer
Player  has played Adventurer
Player  has played Adventurer
Player  has played Adventurer
Player  has played Adventurer
Player  has played Adventurer
Player  has played Adventurer
Player  has played Adventurer
Player  has played Adventurer
Player  has played Adventurer
Player  has played Adventurer
Player  has played Adventurer
Player  has played Adventurer
Player  has played Adventurer
Player  has played Adventurer
Player  has played Adventurer
Player  has played Adventurer
Player  has played Adventurer
Player  has played Adventurer
Player  has played Adventurer
Player  has played Adventurer
Player  has played Adventurer
Player  has played Adventurer
Player  has played Adventurer
Player  has played Adventurer
Player  has played Adventurer
Player  has played Adventurer
Player  has played Adventurer
Player  has played Adventurer
Player  has played Adventurer
Player  has played Adventurer
Player  has played Adventurer
Player  has played Adventurer
Player  has played Adventurer
Player  has played Adventurer
Player  has played Adventurer
Player  has played Adventurer
Player  has played Adventurer
Player  has played Adventurer
Player  has played Adventurer
Player  has played Adventurer
Player  has played Adventurer
Player  has played Adventurer
Player  has played Adventurer
Player  has played Adventurer
Player  has played Adventurer
Player  has played Adventurer
Player  has played Adventurer
Player  has played Adventurer
Player  has played Adventurer
Player  has played Adventurer
Player  has played Adventurer
Player  has played Adventurer
Player  has played Adventurer
Player  has played Adventurer
Player  has played Adventurer
Player  has played Adventurer
Player  has played Adventurer
Player  has played Adventurer
Player  has played Adventurer
Player  has played Adventurer
Player  has played Adventurer
Player  has played Adventurer
Player  has played Adventurer
Player  has played Adventurer
Player  has played Adventurer
Player  has played Adventurer
Player  has played Adventurer
Player  has played Adventurer
Player  has played Adventurer
Player  has played Adventurer
Player  has played Adventurer
Player  has played Adventurer
Player  has played Adventurer
Player  has played Adventurer
Player  has played Adventurer
Player  has played Adventurer
Player  has played Adventurer
Player  has played Adventurer
Player  has played Adventurer
Player  has played Adventurer
Player  has played Adventurer
Player  has played Adventurer
Player  has played Adventurer
Player  has played Adventurer
Player  has played Adventurer
Player  has played Adventurer
Player  has played Adventurer
Player  has played Adventurer
Player  has played Adventurer
Player  has played Adventurer
Player  has played Adventurer
Player  has played Adventurer
Player  has played Adventurer
Player  has played Adventurer
Player  has played Adventurer
Player  has played Adventurer
Player  has played Adventurer
Player  has played Adventurer
Player  has played Adventurer
Player  has played Adventurer
Player  has played Adventurer
Player  has played Adventurer
Player  has played Adventurer
Player  has played Adventurer
Player  has played Adventurer
Player  has played Adventurer
Player  has played Adventurer
Player  has played Adventurer
Player  has played Adventurer
Player  has played Adventurer
Player  has played Adventurer
Player  has played Adventurer
Player  has played Adventurer
Player  has played Adventurer
Player  has played Adventurer
Player  has played Adventurer
Player  has played Adventurer
Player  has played Adventurer
Player  has played Adventurer
Player  has played Adventurer
Player  has played Adventurer
Player  has played Adventurer
Player  has played Adventurer
Player  has played Adventurer
Player  has played Adventurer
Player  has played Adventurer
Player  has played Adventurer
Player  has played Adventurer
Player  has played Adventurer
Player  has played Adventurer
Player  has played Adventurer
Player  has played Adventurer
Player  has played Adventurer
Player  has played Adventurer
Player  has played Adventurer
Player  has played Adventurer
Player  has played Adventurer
Player  has played Adventurer
Player  has played Adventurer
Player  has played Adventurer
Player  has played Adventurer
Player  has played Adventurer
Player  has played Adventurer
Player  has played Adventurer
Player  has played Adventurer
Player  has played Adventurer
Player  has played Adventurer
Player  has played Adventurer
Player  has played Adventurer
Player  has played Adventurer
Player  has played Adventurer
Player  has played Adventurer
Player  has played Adventurer
Player  has played Adventurer
Player  has played Adventurer
Player  has played Adventurer
Player  has played Adventurer
Player  has played Adventurer
Player  has played Adventurer
Player  has played Adventurer
Player  has played Adventurer
Player  has played Adventurer
Player  has played Adventurer
Player  has played Adventurer
Player  has played Adventurer
Player  has played Adventurer
Player  has played Adventurer
Player  has played Adventurer
Player  has played Adventurer
Player  has played Adventurer
Player  has played Adventurer
Player  has played Adventurer
Player  has played Adventurer
Player  has played Adventurer
Player  has played Adventurer
Player  has played Adventurer
Player  has played Adventurer
Player  has played Adventurer
Player  has played Adventurer
Player  has played Adventurer
Player  has played Adventurer
Player  has played Adventurer
Player  has played Adventurer
Player  has played Adventurer
Player  has played Adventurer
Player  has played Adventurer
Player  has played Adventurer
Player  has played Adventurer
Player  has played Adventurer
Player  has played Adventurer
Player  has played Adventurer
Player  has played Adventurer
Player  has played Adventurer
Player  has played Adventurer
Player  has played Adventurer
Player  has played Adventurer
Player  has played Adventurer
Player  has played Adventurer
Player  has played Adventurer
Player  has played Adventurer
Player  has played Adventurer
Player  has played Adventurer
Player  has played Adventurer
Player  has played Adventurer
Player  has played Adventurer
Player  has played Adventurer
Player  has played Adventurer
Player  has played Adventurer
Player  has played Adventurer
Player  has played Adventurer
Player  has played Adventurer
Player  has played Adventurer
Player  has played Adventurer
Player  has played Adventurer
Player  has played Adventurer
Player  has played Adventurer
Player  has played Adventurer
Player  has played Adventurer
Player  has played Adventurer
Player  has played Adventurer
Player  has played Adventurer
Player  has played Adventurer
Player  has played Adventurer
Player  has played Adventurer
Player  has played Adventurer
Player  has played Adventurer
Player  has played Adventurer
Player  has played Adventurer
Player  has played Adventurer
Player  has played Adventurer
Player  has played Adventurer
Player  has played Adventurer
Player  has played Adventurer
Player  has played Adventurer
Player  has played Adventurer
Player  has played Adventurer
Player  has played Adventurer
Player  has played Adventurer
Player  has played Adventurer
Player  has played Adventurer
Player  has played Adventurer
Player  has played Adventurer
Player  has played Adventurer
Player  has played Adventurer
Player  has played Adventurer
Player  has played Adventurer
Player  has played Adventurer
Player  has played Adventurer
Player  has played Adventurer
Player  has played Adventurer
Player  has played Adventurer
Player  has played Adventurer
Player  has played Adventurer
Player  has played Adventurer
Player  has played Adventurer
Player  has played Adventurer
Player  has played Adventurer
Player  has played Adventurer
Player  has played Adventurer
Player  has played Adventurer
Player  has played Adventurer
Player  has played Adventurer
Player  has played Adventurer
Player  has played Adventurer
Player  has played Adventurer
Player  has played Adventurer
Player  has played Adventurer
Player  has played Adventurer
Player  has played Adventurer
Player  has played Adventurer
Player  has played Adventurer
Player  has played Adventurer
Player  has played Adventurer
Player  has played Adventurer
Player  has played Adventurer
Player  has played Adventurer
Player  has played Adventurer
Player  has played Adventurer
Player  has played Adventurer
Player  has played Adventurer
Player  has played Adventurer
Player  has played Adventurer
Player  has played Adventurer
Player  has played Adventurer
Player  has played Adventurer
Player  has played Adventurer
Player  has played Adventurer
Player  has played Adventurer
Player  has played Adventurer
Player  has played Adventurer
Player  has played Adventurer
Player  has played Adventurer
Player  has played Adventurer
Player  has played Adventurer
Player  has played Adventurer
Player  has played Adventurer
Player  has played Adventurer
Player  has played Adventurer
Player  has played Adventurer
Player  has played Adventurer
Player  has played Adventurer
Player  has played Adventurer
Player  has played Adventurer
Player  has played Adventurer
Player  has played Adventurer
Player  has played Adventurer
Player  has played Adventurer
Player  has played Adventurer
Player  has played Adventurer
Player  has played Adventurer
Player  has played Adventurer
Player  has played Adventurer
Player  has played Adventurer
Player  has played Adventurer
Player  has played Adventurer
Player  has played Adventurer
Player  has played Adventurer
Player  has played Adventurer
Player  has played Adventurer
Player  has played Adventurer
Player  has played Adventurer
Player  has played Adventurer
Player  has played Adventurer
Player  has played Adventurer
Player  has played Adventurer
Player  has played Adventurer
Player  has played Adventurer
Player  has played Adventurer
Player  has played Adventurer
Player  has played Adventurer
Player  has played Adventurer
Player  has played Adventurer
Player  has played Adventurer
Player  has played Adventurer
Player  has played Adventurer
Player  has played Adventurer
Player  has played Adventurer
Player  has played Adventurer
Player  has played Adventurer
Player  has played Adventurer
Player  has played Adventurer
Player  has played Adventurer
Player  has played Adventurer
Player  has played Adventurer
Player  has played Adventurer
Player  has played Adventurer
Player  has played Adventurer
Player  has played Adventurer
Player  has played Adventurer
Player  has played Adventurer
Player  has played Adventurer
Player  has played Adventurer
Player  has played Adventurer
Player  has played Adventurer
Player  has played Adventurer
Player  has played Adventurer
Player  has played Adventurer
Player  has played Adventurer
Player  has played Adventurer
Player  has played Adventurer
Player  has played Adventurer
Player  has played Adventurer
Player  has played Adventurer
Player  has played Adventurer
Player  has played Adventurer
Player  has played Adventurer
Player  has played Adventurer
Player  has played Adventurer
Player  has played Adventurer
Player  has played Adventurer
Player  has played Adventurer
Player  has played Adventurer
Player  has played Adventurer
Player  has played Adventurer
Player  has played Adventurer
Player  has played Adventurer
Player  has played Adventurer
Player  has played Adventurer
Player  has played Adventurer
Player  has played Adventurer
Player  has played Adventurer
Player  has played Adventurer
Player  has played Adventurer
Player  has played Adventurer
Player  has played Adventurer
Player  has played Adventurer
Player  has played Adventurer
Player  has played Adventurer
Player  has played Adventurer
Player  has played Adventurer
Player  has played Adventurer
Player  has played Adventurer
Player  has played Adventurer
Player  has played Adventurer
Player  has played Adventurer
Player  has played Adventurer
Player  has played Adventurer
Player  has played Adventurer
Player  has played Adventurer
Player  has played Adventurer
Player  has played Adventurer
Player  has played Adventurer
Player  has played Adventurer
Player  has played Adventurer
Player  has played Adventurer
Player  has played Adventurer
Player  has played Adventurer
Player  has played Adventurer
Player  has played Adventurer
Player  has played Adventurer
Player  has played Adventurer
Player  has played Adventurer
Player  has played Adventurer
Player  has played Adventurer
Player  has played Adventurer
Player  has played Adventurer
Player  has played Adventurer
Player  has played Adventurer
Player  has played Adventurer
Player  has played Adventurer
Player  has played Adventurer
Player  has played Adventurer
Player  has played Adventurer
Player  has played Adventurer
Player  has played Adventurer
Player  has played Adventurer
Player  has played Adventurer
Player  has played Adventurer
Player  has played Adventurer
Player  has played Adventurer
Player  has played Adventurer
Player  has played Adventurer
Player  has played Adventurer
Player  has played Adventurer
Player  has played Adventurer
Player  has played Adventurer
Player  has played Adventurer
Player  has played Adventurer
Player  has played Adventurer
Player  has played Adventurer
Player  has played Adventurer
Player  has played Adventurer
Player  has played Adventurer
Player  has played Adventurer
Player  has played Adventurer
Player  has played Adventurer
Player  has played Adventurer
Player  has played Adventurer
Player  has played Adventurer
Player  has played Adventurer
Player  has played Adventurer
Player  has played Adventurer
Player  has played Adventurer
Player  has played Adventurer
Player  has played Adventurer
Player  has played Adventurer
Player  has played Adventurer
Player  has played Adventurer
Player  has played Adventurer
Player  has played Adventurer
Player  has played Adventurer
Player  has played Adventurer
Player  has played Adventurer
Player  has played Adventurer
Player  has played Adventurer
Player  has played Adventurer
Player  has played Adventurer
Player  has played Adventurer
Player  has played Adventurer
Player  has played Adventurer
Player  has played Adventurer
Player  has played Adventurer
Player  has played Adventurer
Player  has played Adventurer
Player  has played Adventurer
Player  has played Adventurer
Player  has played Adventurer
Player  has played Adventurer
Player  has played Adventurer
Player  has played Adventurer
Player  has played Adventurer
Player  has played Adventurer
Player  has played Adventurer
Player  has played Adventurer
Player  has played Adventurer
Player  has played Adventurer
Player  has played Adventurer
Player  has played Adventurer
Player  has played Adventurer
Player  has played Adventurer
Player  has played Adventurer
Player  has played Adventurer
Player  has played Adventurer
Player  has played Adventurer
Player  has played Adventurer
Player  has played Adventurer
Player  has played Adventurer
Player  has played Adventurer
Player  has played Adventurer
Player  has played Adventurer
Player  has played Adventurer
Player  has played Adventurer
Player  has played Adventurer
Player  has played Adventurer
Player  has played Adventurer
Player  has played Adventurer
Player  has played Adventurer
Player  has played Adventurer
Player  has played Adventurer
Player  has played Adventurer
Player  has played Adventurer
Player  has played Adventurer
Player  has played Adventurer
Player  has played Adventurer
Player  has played Adventurer
Player  has played Adventurer
Player  has played Adventurer
Player  has played Adventurer
Player  has played Adventurer
Player  has played Adventurer
Player  has played Adventurer
Player  has played Adventurer
Player  has played Adventurer
Player  has played Adventurer
Player  has played Adventurer
Player  has played Adventurer
Player  has played Adventurer
Player  has played Adventurer
Player  has played Adventurer
Player  has played Adventurer
Player  has played Adventurer
Player  has played Adventurer
Player  has played Adventurer
Player  has played Adventurer
Player  has played Adventurer
Player  has played Adventurer
Player  has played Adventurer
Player  has played Adventurer
Player  has played Adventurer
Player  has played Adventurer
Player  has played Adventurer
Player  has played Adventurer
Player  has played Adventurer
Player  has played Adventurer
Player  has played Adventurer
Player  has played Adventurer
Player  has played Adventurer
Player  has played Adventurer
Player  has played Adventurer
Player  has played Adventurer
Player  has played Adventurer
Player  has played Adventurer
Player  has played Adventurer
Player  has played Adventurer
Player  has played Adventurer
Player  has played Adventurer
Player  has played Adventurer
Player  has played Adventurer
Player  has played Adventurer
Player  has played Adventurer
Player  has played Adventurer
Player  has played Adventurer
Player  has played Adventurer
Player  has played Adventurer
Player  has played Adventurer
Player  has played Adventurer
Player  has played Adventurer
Player  has played Adventurer
Player  has played Adventurer
Player  has played Adventurer
Player  has played Adventurer
Player  has played Adventurer
Player  has played Adventurer
Player  has played Adventurer
Player  has played Adventurer
Player  has played Adventurer
Player  has played Adventurer
Player  has played Adventurer
Player  has played Adventurer
Player  has played Adventurer
Player  has played Adventurer
Player  has played Adventurer
Player  has played Adventurer
Player  has played Adventurer
Player  has played Adventurer
Player  has played Adventurer
Player  has played Adventurer
Player  has played Adventurer
Player  has played Adventurer
Player  has played Adventurer
Player  has played Adventurer
Player  has played Adventurer
Player  has played Adventurer
Player  has played Adventurer
Player  has played Adventurer
Player  has played Adventurer
Player  has played Adventurer
Player  has played Adventurer
Player  has played Adventurer
Player  has played Adventurer
Player  has played Adventurer
Player  has played Adventurer
Player  has played Adventurer
Player  has played Adventurer
Player  has played Adventurer
Player  has played Adventurer
Player  has played Adventurer
Player  has played Adventurer
Player  has played Adventurer
Player  has played Adventurer
Player  has played Adventurer
Player  has played Adventurer
Player  has played Adventurer
Player  has played Adventurer
Player  has played Adventurer
Player  has played Adventurer
Player  has played Adventurer
Player  has played Adventurer
Player  has played Adventurer
Player  has played Adventurer
Player  has played Adventurer
Player  has played Adventurer
Player  has played Adventurer
Player  has played Adventurer
Player  has played Adventurer
Player  has played Adventurer
Player  has played Adventurer
Player  has played Adventurer
Player  has played Adventurer
Player  has played Adventurer
Player  has played Adventurer
Player  has played Adventurer
Player  has played Adventurer
Player  has played Adventurer
Player  has played Adventurer
Player  has played Adventurer
Player  has played Adventurer
Player  has played Adventurer
Player  has played Adventurer
Player  has played Adventurer
Player  has played Adventurer
Player  has played Adventurer
Player  has played Adventurer
Player  has played Adventurer
Player  has played Adventurer
Player  has played Adventurer
Player  has played Adventurer
Player  has played Adventurer
Player  has played Adventurer
Player  has played Adventurer
Player  has played Adventurer
[DEBUG] __STATIC_RESET() method does not exists in class ORG.CS362.DOMINION.Card$CardName
[DEBUG] __STATIC_RESET() method does not exists in class ORG.CS362.DOMINION.Card$Type
[DEBUG] __STATIC_RESET() method does not exists in class ORG.CS362.DOMINION.Randomness
[DEBUG] __STATIC_RESET() method does not exists in class ORG.CS362.DOMINION.Card
]]></system-out>
  </testcase>
  <testcase name="test12" classname="ORG.CS362.DOMINION.Player_ESTest" time="0"/>
  <testcase name="test11" classname="ORG.CS362.DOMINION.Player_ESTest" time="0.001"/>
  <testcase name="test33" classname="ORG.CS362.DOMINION.Player_ESTest" time="0"/>
  <testcase name="test10" classname="ORG.CS362.DOMINION.Player_ESTest" time="0"/>
  <testcase name="test32" classname="ORG.CS362.DOMINION.Player_ESTest" time="0.001">
    <error type="java.lang.NullPointerException:">java.lang.NullPointerException: null
	at ORG.CS362.DOMINION.Card.play(Card.java:142)
	at ORG.CS362.DOMINION.Player.playKingdomCard(Player.java:116)
	at ORG.CS362.DOMINION.Player_ESTest.test32(Player_ESTest.java:451)
</error>
    <system-out><![CDATA[ --- --------------------------- --- 
endTurn 
 --- --------------------------- --- 
Player:   discards  	Gold-TREASURE 		 Cost: 6 		 Score: 0 	Treasure Value: 3
Player:   discards  	Copper-TREASURE 		 Cost: 0 		 Score: 0 	Treasure Value: 1
Player:   discards  	Duchy-VICTORY 		 Cost: 5 		 Score: 1 	Treasure Value: 0
Player:   discards  	Adventurer-ACTION 		 Cost: 6 		 Score: 0 	Treasure Value: 0
Player:   discards  	Village-ACTION 		 Cost: 3 		 Score: 0 	Treasure Value: 0
Player:   discards  	Baron-ACTION 		 Cost: 4 		 Score: 0 	Treasure Value: 0
Player:   discards  	Cutpurse-ACTION 		 Cost: 4 		 Score: 0 	Treasure Value: 0
Player:   discards  	Feast-ACTION 		 Cost: 4 		 Score: 0 	Treasure Value: 0
Player:   discards  	Great_Hall-ACTION 		 Cost: 3 		 Score: 0 	Treasure Value: 0
Player:   discards  	Cellar-ACTION 		 Cost: 5 		 Score: 0 	Treasure Value: 0
reshuffle the deck of the player  to draw FIVE cards
draw  	Gold-TREASURE 		 Cost: 6 		 Score: 0 	Treasure Value: 3
draw  	Duchy-VICTORY 		 Cost: 5 		 Score: 1 	Treasure Value: 0
draw  	Village-ACTION 		 Cost: 3 		 Score: 0 	Treasure Value: 0
draw  	Copper-TREASURE 		 Cost: 0 		 Score: 0 	Treasure Value: 1
draw  	Great_Hall-ACTION 		 Cost: 3 		 Score: 0 	Treasure Value: 0
Player  has played Smithy
[DEBUG] __STATIC_RESET() method does not exists in class ORG.CS362.DOMINION.Card$CardName
[DEBUG] __STATIC_RESET() method does not exists in class ORG.CS362.DOMINION.Card$Type
[DEBUG] __STATIC_RESET() method does not exists in class ORG.CS362.DOMINION.Randomness
[DEBUG] __STATIC_RESET() method does not exists in class ORG.CS362.DOMINION.Card
]]></system-out>
  </testcase>
  <testcase name="test31" classname="ORG.CS362.DOMINION.Player_ESTest" time="0"/>
  <testcase name="test19" classname="ORG.CS362.DOMINION.Player_ESTest" time="0">
    <error message="bound must be positive" type="java.lang.IllegalArgumentException">java.lang.IllegalArgumentException: bound must be positive
	at java.util.Random.nextInt(Random.java:388)
	at ORG.CS362.DOMINION.Player.buyCard(Player.java:169)
	at ORG.CS362.DOMINION.Player_ESTest.test19(Player_ESTest.java:289)
</error>
    <system-out><![CDATA[ --- --------------------------- --- 
buyCard 
 --- --------------------------- --- 
[DEBUG] __STATIC_RESET() method does not exists in class ORG.CS362.DOMINION.Card$CardName
[DEBUG] __STATIC_RESET() method does not exists in class ORG.CS362.DOMINION.Card$Type
[DEBUG] __STATIC_RESET() method does not exists in class ORG.CS362.DOMINION.Randomness
[DEBUG] __STATIC_RESET() method does not exists in class ORG.CS362.DOMINION.Card
]]></system-out>
  </testcase>
  <testcase name="test18" classname="ORG.CS362.DOMINION.Player_ESTest" time="0"/>
  <testcase name="test17" classname="ORG.CS362.DOMINION.Player_ESTest" time="0.001"/>
  <testcase name="test30" classname="ORG.CS362.DOMINION.Player_ESTest" time="0"/>
  <testcase name="test05" classname="ORG.CS362.DOMINION.Player_ESTest" time="0"/>
  <testcase name="test27" classname="ORG.CS362.DOMINION.Player_ESTest" time="0"/>
  <testcase name="test04" classname="ORG.CS362.DOMINION.Player_ESTest" time="0"/>
  <testcase name="test26" classname="ORG.CS362.DOMINION.Player_ESTest" time="0"/>
  <testcase name="test03" classname="ORG.CS362.DOMINION.Player_ESTest" time="0"/>
  <testcase name="test25" classname="ORG.CS362.DOMINION.Player_ESTest" time="0"/>
  <testcase name="test02" classname="ORG.CS362.DOMINION.Player_ESTest" time="0"/>
  <testcase name="test24" classname="ORG.CS362.DOMINION.Player_ESTest" time="0"/>
  <testcase name="test01" classname="ORG.CS362.DOMINION.Player_ESTest" time="0"/>
  <testcase name="test23" classname="ORG.CS362.DOMINION.Player_ESTest" time="0.003"/>
  <testcase name="test00" classname="ORG.CS362.DOMINION.Player_ESTest" time="0"/>
  <testcase name="test22" classname="ORG.CS362.DOMINION.Player_ESTest" time="0"/>
  <testcase name="test21" classname="ORG.CS362.DOMINION.Player_ESTest" time="0"/>
  <testcase name="test20" classname="ORG.CS362.DOMINION.Player_ESTest" time="0.001"/>
  <testcase name="test09" classname="ORG.CS362.DOMINION.Player_ESTest" time="0"/>
  <testcase name="test08" classname="ORG.CS362.DOMINION.Player_ESTest" time="0"/>
  <testcase name="test07" classname="ORG.CS362.DOMINION.Player_ESTest" time="0"/>
  <testcase name="test29" classname="ORG.CS362.DOMINION.Player_ESTest" time="0"/>
  <testcase name="test06" classname="ORG.CS362.DOMINION.Player_ESTest" time="0"/>
  <testcase name="test28" classname="ORG.CS362.DOMINION.Player_ESTest" time="0"/>
</testsuite>