<?xml version="1.0" encoding="UTF-8"?>
<testsuite name="Randomness_ESTest" time="0.003" tests="9" errors="9" skipped="0" failures="0">
  <properties>
    <property name="java.runtime.name" value="Java(TM) SE Runtime Environment"/>
    <property name="sun.boot.library.path" value="C:\Program Files\Java\jdk1.8.0_121\jre\bin"/>
    <property name="java.vm.version" value="25.121-b13"/>
    <property name="java.vm.vendor" value="Oracle Corporation"/>
    <property name="maven.multiModuleProjectDirectory" value="C:\Users\Aaron\Documents\School\Winter2017\SE2\dominion\Dominion"/>
    <property name="java.vendor.url" value="http://java.oracle.com/"/>
    <property name="path.separator" value=";"/>
    <property name="guice.disable.misplaced.annotation.check" value="true"/>
    <property name="java.vm.name" value="Java HotSpot(TM) 64-Bit Server VM"/>
    <property name="file.encoding.pkg" value="sun.io"/>
    <property name="user.script" value=""/>
    <property name="user.country" value="US"/>
    <property name="sun.java.launcher" value="SUN_STANDARD"/>
    <property name="sun.os.patch.level" value=""/>
    <property name="java.vm.specification.name" value="Java Virtual Machine Specification"/>
    <property name="user.dir" value="C:\Users\Aaron\Documents\School\Winter2017\SE2\dominion\Dominion"/>
    <property name="java.runtime.version" value="1.8.0_121-b13"/>
    <property name="java.awt.graphicsenv" value="sun.awt.Win32GraphicsEnvironment"/>
    <property name="java.endorsed.dirs" value="C:\Program Files\Java\jdk1.8.0_121\jre\lib\endorsed"/>
    <property name="os.arch" value="amd64"/>
    <property name="java.io.tmpdir" value="C:\Users\Aaron\AppData\Local\Temp\"/>
    <property name="line.separator" value="&#10;"/>
    <property name="java.vm.specification.vendor" value="Oracle Corporation"/>
    <property name="user.variant" value=""/>
    <property name="os.name" value="Windows 10"/>
    <property name="net.sourceforge.cobertura.datafile" value="C:\Users\Aaron\Documents\School\Winter2017\SE2\dominion\Dominion\target\cobertura\cobertura.ser"/>
    <property name="classworlds.conf" value="C:\Program Files\Apache Software Foundation\apache-maven-3.3.9\bin\m2.conf"/>
    <property name="sun.jnu.encoding" value="Cp1252"/>
    <property name="java.library.path" value="C:\Program Files\Java\jdk1.8.0_121\bin;C:\WINDOWS\Sun\Java\bin;C:\WINDOWS\system32;C:\WINDOWS;C:\WINDOWS\system32;C:\WINDOWS;C:\WINDOWS\System32\Wbem;C:\WINDOWS\System32\WindowsPowerShell\v1.0\;C:\Program Files\Java\jdk1.8.0_121\bin;C:\Program Files\Apache Software Foundation\apache-maven-3.3.9\bin;;C:\Program Files (x86)\Microsoft VS Code\bin;C:\Users\Aaron\AppData\Local\Microsoft\WindowsApps;."/>
    <property name="java.specification.name" value="Java Platform API Specification"/>
    <property name="java.class.version" value="52.0"/>
    <property name="sun.management.compiler" value="HotSpot 64-Bit Tiered Compilers"/>
    <property name="os.version" value="10.0"/>
    <property name="user.home" value="C:\Users\Aaron"/>
    <property name="user.timezone" value="America/Los_Angeles"/>
    <property name="java.awt.printerjob" value="sun.awt.windows.WPrinterJob"/>
    <property name="java.specification.version" value="1.8"/>
    <property name="file.encoding" value="Cp1252"/>
    <property name="user.name" value="Aaron"/>
    <property name="java.class.path" value="C:\Program Files\Apache Software Foundation\apache-maven-3.3.9\boot\plexus-classworlds-2.5.2.jar"/>
    <property name="java.vm.specification.version" value="1.8"/>
    <property name="sun.arch.data.model" value="64"/>
    <property name="java.home" value="C:\Program Files\Java\jdk1.8.0_121\jre"/>
    <property name="sun.java.command" value="org.codehaus.plexus.classworlds.launcher.Launcher cobertura:cobertura"/>
    <property name="java.specification.vendor" value="Oracle Corporation"/>
    <property name="user.language" value="en"/>
    <property name="awt.toolkit" value="sun.awt.windows.WToolkit"/>
    <property name="java.vm.info" value="mixed mode"/>
    <property name="java.version" value="1.8.0_121"/>
    <property name="java.ext.dirs" value="C:\Program Files\Java\jdk1.8.0_121\jre\lib\ext;C:\WINDOWS\Sun\Java\lib\ext"/>
    <property name="sun.boot.class.path" value="C:\Program Files\Java\jdk1.8.0_121\jre\lib\resources.jar;C:\Program Files\Java\jdk1.8.0_121\jre\lib\rt.jar;C:\Program Files\Java\jdk1.8.0_121\jre\lib\sunrsasign.jar;C:\Program Files\Java\jdk1.8.0_121\jre\lib\jsse.jar;C:\Program Files\Java\jdk1.8.0_121\jre\lib\jce.jar;C:\Program Files\Java\jdk1.8.0_121\jre\lib\charsets.jar;C:\Program Files\Java\jdk1.8.0_121\jre\lib\jfr.jar;C:\Program Files\Java\jdk1.8.0_121\jre\classes"/>
    <property name="sun.stderr.encoding" value="cp437"/>
    <property name="java.vendor" value="Oracle Corporation"/>
    <property name="maven.home" value="C:\Program Files\Apache Software Foundation\apache-maven-3.3.9"/>
    <property name="file.separator" value="\"/>
    <property name="java.vendor.url.bug" value="http://bugreport.sun.com/bugreport/"/>
    <property name="sun.cpu.endian" value="little"/>
    <property name="sun.io.unicode.encoding" value="UnicodeLittle"/>
    <property name="project.build.outputDirectory" value="C:\Users\Aaron\Documents\School\Winter2017\SE2\dominion\Dominion\target\generated-classes\cobertura"/>
    <property name="sun.stdout.encoding" value="cp437"/>
    <property name="sun.desktop" value="windows"/>
    <property name="sun.cpu.isalist" value="amd64"/>
  </properties>
  <testcase name="test2" classname="Randomness_ESTest" time="0.001">
    <error message="Randomness" type="java.lang.NoClassDefFoundError">java.lang.NoClassDefFoundError: Randomness
	at java.lang.ClassLoader.defineClass1(Native Method)
	at java.lang.ClassLoader.defineClass(ClassLoader.java:763)
	at java.lang.ClassLoader.defineClass(ClassLoader.java:642)
	at org.evosuite.runtime.instrumentation.EvoClassLoader.instrumentClass(EvoClassLoader.java:116)
	at org.evosuite.runtime.instrumentation.EvoClassLoader.loadClass(EvoClassLoader.java:92)
	at Randomness_ESTest.test2(Randomness_ESTest.java:187)
</error>
    <system-out><![CDATA[[INFO] Seeing class for first time: Randomness_ESTest
[INFO] Instrumenting class 'Randomness_ESTest'.
[INFO] Seeing class for first time: Randomness_ESTest_scaffolding
[INFO] Instrumenting class 'Randomness_ESTest_scaffolding'.
[INFO] Keeping class: Randomness_ESTest_scaffolding
[INFO] Keeping class: Randomness_ESTest
[DEBUG] Adding privileged thread: "Reference Handler"
[DEBUG] Adding privileged thread: "Finalizer"
[DEBUG] Adding privileged thread: "Signal Dispatcher"
[DEBUG] Adding privileged thread: "Attach Listener"
[DEBUG] Adding privileged thread: "Java2D Disposer"
[DEBUG] Adding privileged thread: "AWT-Windows"
[DEBUG] Adding privileged thread: "main"
[INFO] Seeing class for first time: Randomness
[INFO] Instrumenting class 'Randomness'.
[INFO] Adding mock interface to class Randomness
[INFO] Found static initializer in class Randomness
[INFO] No hashCode defined for: Randomness, superclass = java.lang.Object
[DEBUG] Going to instrument: Randomness
[INFO] Found static initializer in class Randomness
[INFO] Error while loading class: java.lang.ClassFormatError: Duplicate method name&signature in class file Randomness
[INFO] Seeing class for first time: Randomness
[INFO] Instrumenting class 'Randomness'.
[INFO] Adding mock interface to class Randomness
[INFO] Found static initializer in class Randomness
[INFO] No hashCode defined for: Randomness, superclass = java.lang.Object
[DEBUG] Going to instrument: Randomness
[INFO] Found static initializer in class Randomness
[INFO] Error while loading class: java.lang.ClassFormatError: Duplicate method name&signature in class file Randomness
[INFO] Seeing class for first time: Randomness
[INFO] Instrumenting class 'Randomness'.
[INFO] Adding mock interface to class Randomness
[INFO] Found static initializer in class Randomness
[INFO] No hashCode defined for: Randomness, superclass = java.lang.Object
[DEBUG] Going to instrument: Randomness
[INFO] Found static initializer in class Randomness
[INFO] Error while loading class: java.lang.ClassFormatError: Duplicate method name&signature in class file Randomness
]]></system-out>
  </testcase>
  <testcase name="test3" classname="Randomness_ESTest" time="0">
    <error message="Randomness" type="java.lang.NoClassDefFoundError">java.lang.NoClassDefFoundError: Randomness
	at Randomness_ESTest.test3(Randomness_ESTest.java:226)
</error>
    <system-out><![CDATA[[INFO] Seeing class for first time: Randomness
[INFO] Instrumenting class 'Randomness'.
[INFO] Adding mock interface to class Randomness
[INFO] Found static initializer in class Randomness
[INFO] No hashCode defined for: Randomness, superclass = java.lang.Object
[DEBUG] Going to instrument: Randomness
[INFO] Found static initializer in class Randomness
[INFO] Error while loading class: java.lang.ClassFormatError: Duplicate method name&signature in class file Randomness
]]></system-out>
  </testcase>
  <testcase name="test4" classname="Randomness_ESTest" time="0">
    <error message="Randomness" type="java.lang.NoClassDefFoundError">java.lang.NoClassDefFoundError: Randomness
	at Randomness_ESTest.test4(Randomness_ESTest.java:267)
</error>
    <system-out><![CDATA[[INFO] Seeing class for first time: Randomness
[INFO] Instrumenting class 'Randomness'.
[INFO] Adding mock interface to class Randomness
[INFO] Found static initializer in class Randomness
[INFO] No hashCode defined for: Randomness, superclass = java.lang.Object
[DEBUG] Going to instrument: Randomness
[INFO] Found static initializer in class Randomness
[INFO] Error while loading class: java.lang.ClassFormatError: Duplicate method name&signature in class file Randomness
]]></system-out>
  </testcase>
  <testcase name="test5" classname="Randomness_ESTest" time="0.001">
    <error message="Randomness" type="java.lang.NoClassDefFoundError">java.lang.NoClassDefFoundError: Randomness
	at Randomness_ESTest.test5(Randomness_ESTest.java:307)
</error>
    <system-out><![CDATA[[INFO] Seeing class for first time: Randomness
[INFO] Instrumenting class 'Randomness'.
[INFO] Adding mock interface to class Randomness
[INFO] Found static initializer in class Randomness
[INFO] No hashCode defined for: Randomness, superclass = java.lang.Object
[DEBUG] Going to instrument: Randomness
[INFO] Found static initializer in class Randomness
[INFO] Error while loading class: java.lang.ClassFormatError: Duplicate method name&signature in class file Randomness
]]></system-out>
  </testcase>
  <testcase name="test6" classname="Randomness_ESTest" time="0">
    <error message="Randomness" type="java.lang.NoClassDefFoundError">java.lang.NoClassDefFoundError: Randomness
	at Randomness_ESTest.test6(Randomness_ESTest.java:337)
</error>
    <system-out><![CDATA[[INFO] Seeing class for first time: Randomness
[INFO] Instrumenting class 'Randomness'.
[INFO] Adding mock interface to class Randomness
[INFO] Found static initializer in class Randomness
[INFO] No hashCode defined for: Randomness, superclass = java.lang.Object
[DEBUG] Going to instrument: Randomness
[INFO] Found static initializer in class Randomness
[INFO] Error while loading class: java.lang.ClassFormatError: Duplicate method name&signature in class file Randomness
]]></system-out>
  </testcase>
  <testcase name="test7" classname="Randomness_ESTest" time="0">
    <error message="Randomness" type="java.lang.NoClassDefFoundError">java.lang.NoClassDefFoundError: Randomness
	at Randomness_ESTest.test7(Randomness_ESTest.java:366)
</error>
    <system-out><![CDATA[[INFO] Seeing class for first time: Randomness
[INFO] Instrumenting class 'Randomness'.
[INFO] Adding mock interface to class Randomness
[INFO] Found static initializer in class Randomness
[INFO] No hashCode defined for: Randomness, superclass = java.lang.Object
[DEBUG] Going to instrument: Randomness
[INFO] Found static initializer in class Randomness
[INFO] Error while loading class: java.lang.ClassFormatError: Duplicate method name&signature in class file Randomness
]]></system-out>
  </testcase>
  <testcase name="test8" classname="Randomness_ESTest" time="0">
    <error message="Randomness" type="java.lang.NoClassDefFoundError">java.lang.NoClassDefFoundError: Randomness
	at Randomness_ESTest.test8(Randomness_ESTest.java:392)
</error>
    <system-out><![CDATA[[INFO] Seeing class for first time: Randomness
[INFO] Instrumenting class 'Randomness'.
[INFO] Adding mock interface to class Randomness
[INFO] Found static initializer in class Randomness
[INFO] No hashCode defined for: Randomness, superclass = java.lang.Object
[DEBUG] Going to instrument: Randomness
[INFO] Found static initializer in class Randomness
[INFO] Error while loading class: java.lang.ClassFormatError: Duplicate method name&signature in class file Randomness
]]></system-out>
  </testcase>
  <testcase name="test0" classname="Randomness_ESTest" time="0">
    <error message="Randomness" type="java.lang.NoClassDefFoundError">java.lang.NoClassDefFoundError: Randomness
	at Randomness_ESTest.test0(Randomness_ESTest.java:102)
</error>
    <system-out><![CDATA[[INFO] Seeing class for first time: Randomness
[INFO] Instrumenting class 'Randomness'.
[INFO] Adding mock interface to class Randomness
[INFO] Found static initializer in class Randomness
[INFO] No hashCode defined for: Randomness, superclass = java.lang.Object
[DEBUG] Going to instrument: Randomness
[INFO] Found static initializer in class Randomness
[INFO] Error while loading class: java.lang.ClassFormatError: Duplicate method name&signature in class file Randomness
]]></system-out>
  </testcase>
  <testcase name="test1" classname="Randomness_ESTest" time="0.001">
    <error message="Randomness" type="java.lang.NoClassDefFoundError">java.lang.NoClassDefFoundError: Randomness
	at Randomness_ESTest.test1(Randomness_ESTest.java:155)
</error>
    <system-out><![CDATA[[INFO] Seeing class for first time: Randomness
[INFO] Instrumenting class 'Randomness'.
[INFO] Adding mock interface to class Randomness
[INFO] Found static initializer in class Randomness
[INFO] No hashCode defined for: Randomness, superclass = java.lang.Object
[DEBUG] Going to instrument: Randomness
[INFO] Found static initializer in class Randomness
[INFO] Error while loading class: java.lang.ClassFormatError: Duplicate method name&signature in class file Randomness
]]></system-out>
  </testcase>
</testsuite>