<?xml version="1.0" encoding="UTF-8" ?>
<testsuite tests="22" failures="0" name="org.cs362.dominion.CardTest" time="0.016" errors="0" skipped="0">
  <properties>
    <property name="java.runtime.name" value="Java(TM) SE Runtime Environment"/>
    <property name="sun.boot.library.path" value="C:\Program Files\Java\jdk1.8.0_121\jre\bin"/>
    <property name="java.vm.version" value="25.121-b13"/>
    <property name="java.vm.vendor" value="Oracle Corporation"/>
    <property name="maven.multiModuleProjectDirectory" value="C:\Users\Kien Tran\Documents\GitHub\CS362W17Section-001\projects\trankie\Assignement01\Dominion\src\Dominion"/>
    <property name="java.vendor.url" value="http://java.oracle.com/"/>
    <property name="path.separator" value=";"/>
    <property name="guice.disable.misplaced.annotation.check" value="true"/>
    <property name="java.vm.name" value="Java HotSpot(TM) 64-Bit Server VM"/>
    <property name="file.encoding.pkg" value="sun.io"/>
    <property name="user.script" value=""/>
    <property name="user.country" value="US"/>
    <property name="sun.java.launcher" value="SUN_STANDARD"/>
    <property name="sun.os.patch.level" value=""/>
    <property name="java.vm.specification.name" value="Java Virtual Machine Specification"/>
    <property name="user.dir" value="C:\Users\Kien Tran\Documents\GitHub\CS362W17Section-001\projects\trankie\Assignement01\Dominion\src\Dominion"/>
    <property name="java.runtime.version" value="1.8.0_121-b13"/>
    <property name="java.awt.graphicsenv" value="sun.awt.Win32GraphicsEnvironment"/>
    <property name="java.endorsed.dirs" value="C:\Program Files\Java\jdk1.8.0_121\jre\lib\endorsed"/>
    <property name="os.arch" value="amd64"/>
    <property name="java.io.tmpdir" value="C:\Users\KIENTR~1\AppData\Local\Temp\"/>
    <property name="line.separator" value="
"/>
    <property name="java.vm.specification.vendor" value="Oracle Corporation"/>
    <property name="user.variant" value=""/>
    <property name="os.name" value="Windows 10"/>
    <property name="classworlds.conf" value="C:\Program Files\apache-maven-3.3.9\bin\m2.conf"/>
    <property name="sun.jnu.encoding" value="Cp1252"/>
    <property name="java.library.path" value="C:\Program Files\Java\jdk1.8.0_121\bin;C:\WINDOWS\Sun\Java\bin;C:\WINDOWS\system32;C:\WINDOWS;C:\Program Files\apache-maven-3.3.9\bin;C:\ProgramData\Oracle\Java\javapath;C:\WINDOWS\system32;C:\WINDOWS;C:\WINDOWS\System32\Wbem;C:\WINDOWS\System32\WindowsPowerShell\v1.0\;C:\Users\Kien Tran\AppData\Local\Microsoft\WindowsApps;;."/>
    <property name="java.specification.name" value="Java Platform API Specification"/>
    <property name="java.class.version" value="52.0"/>
    <property name="sun.management.compiler" value="HotSpot 64-Bit Tiered Compilers"/>
    <property name="os.version" value="10.0"/>
    <property name="user.home" value="C:\Users\Kien Tran"/>
    <property name="user.timezone" value="America/Los_Angeles"/>
    <property name="java.awt.printerjob" value="sun.awt.windows.WPrinterJob"/>
    <property name="java.specification.version" value="1.8"/>
    <property name="file.encoding" value="Cp1252"/>
    <property name="user.name" value="Kien Tran"/>
    <property name="java.class.path" value="C:\Program Files\apache-maven-3.3.9\boot\plexus-classworlds-2.5.2.jar"/>
    <property name="java.vm.specification.version" value="1.8"/>
    <property name="sun.arch.data.model" value="64"/>
    <property name="java.home" value="C:\Program Files\Java\jdk1.8.0_121\jre"/>
    <property name="sun.java.command" value="org.codehaus.plexus.classworlds.launcher.Launcher package"/>
    <property name="java.specification.vendor" value="Oracle Corporation"/>
    <property name="user.language" value="en"/>
    <property name="awt.toolkit" value="sun.awt.windows.WToolkit"/>
    <property name="java.vm.info" value="mixed mode"/>
    <property name="java.version" value="1.8.0_121"/>
    <property name="java.ext.dirs" value="C:\Program Files\Java\jdk1.8.0_121\jre\lib\ext;C:\WINDOWS\Sun\Java\lib\ext"/>
    <property name="sun.boot.class.path" value="C:\Program Files\Java\jdk1.8.0_121\jre\lib\resources.jar;C:\Program Files\Java\jdk1.8.0_121\jre\lib\rt.jar;C:\Program Files\Java\jdk1.8.0_121\jre\lib\sunrsasign.jar;C:\Program Files\Java\jdk1.8.0_121\jre\lib\jsse.jar;C:\Program Files\Java\jdk1.8.0_121\jre\lib\jce.jar;C:\Program Files\Java\jdk1.8.0_121\jre\lib\charsets.jar;C:\Program Files\Java\jdk1.8.0_121\jre\lib\jfr.jar;C:\Program Files\Java\jdk1.8.0_121\jre\classes"/>
    <property name="sun.stderr.encoding" value="cp437"/>
    <property name="java.vendor" value="Oracle Corporation"/>
    <property name="maven.home" value="C:\Program Files\apache-maven-3.3.9"/>
    <property name="file.separator" value="\"/>
    <property name="java.vendor.url.bug" value="http://bugreport.sun.com/bugreport/"/>
    <property name="sun.cpu.endian" value="little"/>
    <property name="sun.io.unicode.encoding" value="UnicodeLittle"/>
    <property name="sun.stdout.encoding" value="cp437"/>
    <property name="sun.desktop" value="windows"/>
    <property name="sun.cpu.isalist" value="amd64"/>
  </properties>
  <testcase classname="org.cs362.dominion.CardTest" name="TestCouncil_Room" time="0.016"/>
  <testcase classname="org.cs362.dominion.CardTest" name="TestAdventurer" time="0"/>
  <testcase classname="org.cs362.dominion.CardTest" name="TestBureaucrat" time="0"/>
  <testcase classname="org.cs362.dominion.CardTest" name="PlayCooper" time="0"/>
  <testcase classname="org.cs362.dominion.CardTest" name="TestGold" time="0"/>
  <testcase classname="org.cs362.dominion.CardTest" name="TestCellar" time="0"/>
  <testcase classname="org.cs362.dominion.CardTest" name="TestChapel" time="0"/>
  <testcase classname="org.cs362.dominion.CardTest" name="TestCooper" time="0"/>
  <testcase classname="org.cs362.dominion.CardTest" name="TestEstate" time="0"/>
  <testcase classname="org.cs362.dominion.CardTest" name="TestGarden" time="0"/>
  <testcase classname="org.cs362.dominion.CardTest" name="TestMarket" time="0"/>
  <testcase classname="org.cs362.dominion.CardTest" name="PlaySilver" time="0"/>
  <testcase classname="org.cs362.dominion.CardTest" name="TestSilver" time="0"/>
  <testcase classname="org.cs362.dominion.CardTest" name="TestSmithy" time="0"/>
  <testcase classname="org.cs362.dominion.CardTest" name="TestProvince" time="0"/>
  <testcase classname="org.cs362.dominion.CardTest" name="TestChancellor" time="0"/>
  <testcase classname="org.cs362.dominion.CardTest" name="TestDuchy" time="0"/>
  <testcase classname="org.cs362.dominion.CardTest" name="TestFeast" time="0"/>
  <testcase classname="org.cs362.dominion.CardTest" name="TestLaboratory" time="0"/>
  <testcase classname="org.cs362.dominion.CardTest" name="TestLibrary" time="0"/>
  <testcase classname="org.cs362.dominion.CardTest" name="TestVillage" time="0"/>
  <testcase classname="org.cs362.dominion.CardTest" name="PlayGold" time="0"/>
</testsuite>