<?xml version="1.0" encoding="UTF-8"?>
<testsuite name="org.cs325.dominion.Card_ESTest" time="0.177" tests="53" errors="0" skipped="0" failures="0">
  <properties>
    <property name="java.runtime.name" value="Java(TM) SE Runtime Environment"/>
    <property name="sun.boot.library.path" value="/Library/Java/JavaVirtualMachines/jdk1.8.0_121.jdk/Contents/Home/jre/lib"/>
    <property name="java.vm.version" value="25.121-b13"/>
    <property name="gopherProxySet" value="false"/>
    <property name="cores" value="2"/>
    <property name="java.vm.vendor" value="Oracle Corporation"/>
    <property name="maven.multiModuleProjectDirectory" value="/Users/kia/Desktop/ass4/dominion"/>
    <property name="java.vendor.url" value="http://java.oracle.com/"/>
    <property name="path.separator" value=":"/>
    <property name="guice.disable.misplaced.annotation.check" value="true"/>
    <property name="java.vm.name" value="Java HotSpot(TM) 64-Bit Server VM"/>
    <property name="file.encoding.pkg" value="sun.io"/>
    <property name="user.country" value="US"/>
    <property name="sun.java.launcher" value="SUN_STANDARD"/>
    <property name="sun.os.patch.level" value="unknown"/>
    <property name="java.vm.specification.name" value="Java Virtual Machine Specification"/>
    <property name="user.dir" value="/Users/kia/Desktop/ass4/dominion"/>
    <property name="java.runtime.version" value="1.8.0_121-b13"/>
    <property name="java.awt.graphicsenv" value="sun.awt.CGraphicsEnvironment"/>
    <property name="java.endorsed.dirs" value="/Library/Java/JavaVirtualMachines/jdk1.8.0_121.jdk/Contents/Home/jre/lib/endorsed"/>
    <property name="os.arch" value="x86_64"/>
    <property name="java.io.tmpdir" value="/var/folders/x7/29qcfssx4znb3qqbnv42cqw40000gn/T/"/>
    <property name="line.separator" value="&#10;"/>
    <property name="java.vm.specification.vendor" value="Oracle Corporation"/>
    <property name="os.name" value="Mac OS X"/>
    <property name="classworlds.conf" value="/usr/local/Cellar/maven/3.3.9/libexec/bin/m2.conf"/>
    <property name="sun.jnu.encoding" value="UTF-8"/>
    <property name="java.library.path" value="/Users/kia/Library/Java/Extensions:/Library/Java/Extensions:/Network/Library/Java/Extensions:/System/Library/Java/Extensions:/usr/lib/java:."/>
    <property name="java.specification.name" value="Java Platform API Specification"/>
    <property name="java.class.version" value="52.0"/>
    <property name="sun.management.compiler" value="HotSpot 64-Bit Tiered Compilers"/>
    <property name="os.version" value="10.12.3"/>
    <property name="http.nonProxyHosts" value="local|*.local|169.254/16|*.169.254/16"/>
    <property name="user.home" value="/Users/kia"/>
    <property name="user.timezone" value="America/Los_Angeles"/>
    <property name="java.awt.printerjob" value="sun.lwawt.macosx.CPrinterJob"/>
    <property name="memoryInMB" value="2000"/>
    <property name="java.specification.version" value="1.8"/>
    <property name="file.encoding" value="UTF-8"/>
    <property name="user.name" value="kia"/>
    <property name="java.class.path" value="/usr/local/Cellar/maven/3.3.9/libexec/boot/plexus-classworlds-2.5.2.jar"/>
    <property name="java.vm.specification.version" value="1.8"/>
    <property name="sun.arch.data.model" value="64"/>
    <property name="java.home" value="/Library/Java/JavaVirtualMachines/jdk1.8.0_121.jdk/Contents/Home/jre"/>
    <property name="sun.java.command" value="org.codehaus.plexus.classworlds.launcher.Launcher -DmemoryInMB=2000 -Dcores=2 evosuite:generate evosuite:export test"/>
    <property name="java.specification.vendor" value="Oracle Corporation"/>
    <property name="user.language" value="en"/>
    <property name="awt.toolkit" value="sun.lwawt.macosx.LWCToolkit"/>
    <property name="java.vm.info" value="mixed mode"/>
    <property name="java.version" value="1.8.0_121"/>
    <property name="java.ext.dirs" value="/Users/kia/Library/Java/Extensions:/Library/Java/JavaVirtualMachines/jdk1.8.0_121.jdk/Contents/Home/jre/lib/ext:/Library/Java/Extensions:/Network/Library/Java/Extensions:/System/Library/Java/Extensions:/usr/lib/java"/>
    <property name="sun.boot.class.path" value="/Library/Java/JavaVirtualMachines/jdk1.8.0_121.jdk/Contents/Home/jre/lib/resources.jar:/Library/Java/JavaVirtualMachines/jdk1.8.0_121.jdk/Contents/Home/jre/lib/rt.jar:/Library/Java/JavaVirtualMachines/jdk1.8.0_121.jdk/Contents/Home/jre/lib/sunrsasign.jar:/Library/Java/JavaVirtualMachines/jdk1.8.0_121.jdk/Contents/Home/jre/lib/jsse.jar:/Library/Java/JavaVirtualMachines/jdk1.8.0_121.jdk/Contents/Home/jre/lib/jce.jar:/Library/Java/JavaVirtualMachines/jdk1.8.0_121.jdk/Contents/Home/jre/lib/charsets.jar:/Library/Java/JavaVirtualMachines/jdk1.8.0_121.jdk/Contents/Home/jre/lib/jfr.jar:/Library/Java/JavaVirtualMachines/jdk1.8.0_121.jdk/Contents/Home/jre/classes"/>
    <property name="java.vendor" value="Oracle Corporation"/>
    <property name="maven.home" value="/usr/local/Cellar/maven/3.3.9/libexec"/>
    <property name="file.separator" value="/"/>
    <property name="java.vendor.url.bug" value="http://bugreport.sun.com/bugreport/"/>
    <property name="sun.cpu.endian" value="little"/>
    <property name="sun.io.unicode.encoding" value="UnicodeBig"/>
    <property name="socksNonProxyHosts" value="local|*.local|169.254/16|*.169.254/16"/>
    <property name="ftp.nonProxyHosts" value="local|*.local|169.254/16|*.169.254/16"/>
    <property name="sun.cpu.isalist" value=""/>
  </properties>
  <testcase name="test28" classname="org.cs325.dominion.Card_ESTest" time="0.013"/>
  <testcase name="test29" classname="org.cs325.dominion.Card_ESTest" time="0.002"/>
  <testcase name="test20" classname="org.cs325.dominion.Card_ESTest" time="0.012"/>
  <testcase name="test21" classname="org.cs325.dominion.Card_ESTest" time="0.02"/>
  <testcase name="test22" classname="org.cs325.dominion.Card_ESTest" time="0.003"/>
  <testcase name="test23" classname="org.cs325.dominion.Card_ESTest" time="0.003"/>
  <testcase name="test24" classname="org.cs325.dominion.Card_ESTest" time="0.004"/>
  <testcase name="test25" classname="org.cs325.dominion.Card_ESTest" time="0.002"/>
  <testcase name="test26" classname="org.cs325.dominion.Card_ESTest" time="0.003"/>
  <testcase name="test27" classname="org.cs325.dominion.Card_ESTest" time="0.004"/>
  <testcase name="test39" classname="org.cs325.dominion.Card_ESTest" time="0.003"/>
  <testcase name="test31" classname="org.cs325.dominion.Card_ESTest" time="0.002"/>
  <testcase name="test32" classname="org.cs325.dominion.Card_ESTest" time="0.006"/>
  <testcase name="test33" classname="org.cs325.dominion.Card_ESTest" time="0.002"/>
  <testcase name="test34" classname="org.cs325.dominion.Card_ESTest" time="0.003"/>
  <testcase name="test35" classname="org.cs325.dominion.Card_ESTest" time="0.005"/>
  <testcase name="test36" classname="org.cs325.dominion.Card_ESTest" time="0.002"/>
  <testcase name="test37" classname="org.cs325.dominion.Card_ESTest" time="0.003"/>
  <testcase name="test38" classname="org.cs325.dominion.Card_ESTest" time="0.003"/>
  <testcase name="test30" classname="org.cs325.dominion.Card_ESTest" time="0.002"/>
  <testcase name="test06" classname="org.cs325.dominion.Card_ESTest" time="0.002"/>
  <testcase name="test07" classname="org.cs325.dominion.Card_ESTest" time="0.004"/>
  <testcase name="test08" classname="org.cs325.dominion.Card_ESTest" time="0.003"/>
  <testcase name="test09" classname="org.cs325.dominion.Card_ESTest" time="0.002"/>
  <testcase name="test42" classname="org.cs325.dominion.Card_ESTest" time="0.002"/>
  <testcase name="test43" classname="org.cs325.dominion.Card_ESTest" time="0.007"/>
  <testcase name="test00" classname="org.cs325.dominion.Card_ESTest" time="0.003"/>
  <testcase name="test44" classname="org.cs325.dominion.Card_ESTest" time="0.003"/>
  <testcase name="test01" classname="org.cs325.dominion.Card_ESTest" time="0.003"/>
  <testcase name="test45" classname="org.cs325.dominion.Card_ESTest" time="0.002"/>
  <testcase name="test02" classname="org.cs325.dominion.Card_ESTest" time="0.002"/>
  <testcase name="test46" classname="org.cs325.dominion.Card_ESTest" time="0.003"/>
  <testcase name="test03" classname="org.cs325.dominion.Card_ESTest" time="0.002"/>
  <testcase name="test47" classname="org.cs325.dominion.Card_ESTest" time="0.003"/>
  <testcase name="test04" classname="org.cs325.dominion.Card_ESTest" time="0.002"/>
  <testcase name="test48" classname="org.cs325.dominion.Card_ESTest" time="0.002"/>
  <testcase name="test05" classname="org.cs325.dominion.Card_ESTest" time="0.002"/>
  <testcase name="test49" classname="org.cs325.dominion.Card_ESTest" time="0.002"/>
  <testcase name="test40" classname="org.cs325.dominion.Card_ESTest" time="0.003"/>
  <testcase name="test41" classname="org.cs325.dominion.Card_ESTest" time="0.003"/>
  <testcase name="test17" classname="org.cs325.dominion.Card_ESTest" time="0.002"/>
  <testcase name="test18" classname="org.cs325.dominion.Card_ESTest" time="0.002"/>
  <testcase name="test19" classname="org.cs325.dominion.Card_ESTest" time="0.002"/>
  <testcase name="test10" classname="org.cs325.dominion.Card_ESTest" time="0.002"/>
  <testcase name="test11" classname="org.cs325.dominion.Card_ESTest" time="0.001"/>
  <testcase name="test12" classname="org.cs325.dominion.Card_ESTest" time="0.003"/>
  <testcase name="test13" classname="org.cs325.dominion.Card_ESTest" time="0.001"/>
  <testcase name="test14" classname="org.cs325.dominion.Card_ESTest" time="0.002"/>
  <testcase name="test15" classname="org.cs325.dominion.Card_ESTest" time="0.002"/>
  <testcase name="test16" classname="org.cs325.dominion.Card_ESTest" time="0.002"/>
  <testcase name="test50" classname="org.cs325.dominion.Card_ESTest" time="0.002"/>
  <testcase name="test51" classname="org.cs325.dominion.Card_ESTest" time="0.003"/>
  <testcase name="test52" classname="org.cs325.dominion.Card_ESTest" time="0.001"/>
</testsuite>