<?xml version="1.0" encoding="UTF-8" ?>
<testsuite tests="8290" failures="1" name="RegressionTest" time="1.034" errors="0" skipped="0">
  <properties>
    <property name="java.runtime.name" value="Java(TM) SE Runtime Environment"/>
    <property name="sun.boot.library.path" value="/Library/Java/JavaVirtualMachines/jdk1.8.0_121.jdk/Contents/Home/jre/lib"/>
    <property name="java.vm.version" value="25.121-b13"/>
    <property name="gopherProxySet" value="false"/>
    <property name="java.vm.vendor" value="Oracle Corporation"/>
    <property name="maven.multiModuleProjectDirectory" value="/Users/VictorLi/Dev/CS362W17Section-001/projects/livic/asn2/dominion"/>
    <property name="java.vendor.url" value="http://java.oracle.com/"/>
    <property name="path.separator" value=":"/>
    <property name="guice.disable.misplaced.annotation.check" value="true"/>
    <property name="java.vm.name" value="Java HotSpot(TM) 64-Bit Server VM"/>
    <property name="file.encoding.pkg" value="sun.io"/>
    <property name="user.country" value="US"/>
    <property name="sun.java.launcher" value="SUN_STANDARD"/>
    <property name="sun.os.patch.level" value="unknown"/>
    <property name="java.vm.specification.name" value="Java Virtual Machine Specification"/>
    <property name="user.dir" value="/Users/VictorLi/Dev/CS362W17Section-001/projects/livic/asn2/dominion"/>
    <property name="java.runtime.version" value="1.8.0_121-b13"/>
    <property name="java.awt.graphicsenv" value="sun.awt.CGraphicsEnvironment"/>
    <property name="java.endorsed.dirs" value="/Library/Java/JavaVirtualMachines/jdk1.8.0_121.jdk/Contents/Home/jre/lib/endorsed"/>
    <property name="os.arch" value="x86_64"/>
    <property name="java.io.tmpdir" value="/var/folders/85/wcmfw2kx7cn8g2w3l6bg97rr0000gn/T/"/>
    <property name="line.separator" value="
"/>
    <property name="java.vm.specification.vendor" value="Oracle Corporation"/>
    <property name="os.name" value="Mac OS X"/>
    <property name="net.sourceforge.cobertura.datafile" value="/Users/VictorLi/Dev/CS362W17Section-001/projects/livic/asn2/dominion/target/cobertura/cobertura.ser"/>
    <property name="classworlds.conf" value="/Users/VictorLi/dev/apache-maven-3.3.9/bin/m2.conf"/>
    <property name="sun.jnu.encoding" value="UTF-8"/>
    <property name="java.library.path" value="/Users/VictorLi/Library/Java/Extensions:/Library/Java/Extensions:/Network/Library/Java/Extensions:/System/Library/Java/Extensions:/usr/lib/java:."/>
    <property name="java.specification.name" value="Java Platform API Specification"/>
    <property name="java.class.version" value="52.0"/>
    <property name="sun.management.compiler" value="HotSpot 64-Bit Tiered Compilers"/>
    <property name="os.version" value="10.12.3"/>
    <property name="http.nonProxyHosts" value="local|*.local|169.254/16|*.169.254/16"/>
    <property name="user.home" value="/Users/VictorLi"/>
    <property name="user.timezone" value="America/Los_Angeles"/>
    <property name="java.awt.printerjob" value="sun.lwawt.macosx.CPrinterJob"/>
    <property name="java.specification.version" value="1.8"/>
    <property name="file.encoding" value="UTF-8"/>
    <property name="user.name" value="VictorLi"/>
    <property name="java.class.path" value="/Users/VictorLi/dev/apache-maven-3.3.9/boot/plexus-classworlds-2.5.2.jar"/>
    <property name="java.vm.specification.version" value="1.8"/>
    <property name="sun.arch.data.model" value="64"/>
    <property name="java.home" value="/Library/Java/JavaVirtualMachines/jdk1.8.0_121.jdk/Contents/Home/jre"/>
    <property name="sun.java.command" value="org.codehaus.plexus.classworlds.launcher.Launcher cobertura:cobertura"/>
    <property name="java.specification.vendor" value="Oracle Corporation"/>
    <property name="user.language" value="en"/>
    <property name="awt.toolkit" value="sun.lwawt.macosx.LWCToolkit"/>
    <property name="java.vm.info" value="mixed mode"/>
    <property name="java.version" value="1.8.0_121"/>
    <property name="java.ext.dirs" value="/Users/VictorLi/Library/Java/Extensions:/Library/Java/JavaVirtualMachines/jdk1.8.0_121.jdk/Contents/Home/jre/lib/ext:/Library/Java/Extensions:/Network/Library/Java/Extensions:/System/Library/Java/Extensions:/usr/lib/java"/>
    <property name="sun.boot.class.path" value="/Library/Java/JavaVirtualMachines/jdk1.8.0_121.jdk/Contents/Home/jre/lib/resources.jar:/Library/Java/JavaVirtualMachines/jdk1.8.0_121.jdk/Contents/Home/jre/lib/rt.jar:/Library/Java/JavaVirtualMachines/jdk1.8.0_121.jdk/Contents/Home/jre/lib/sunrsasign.jar:/Library/Java/JavaVirtualMachines/jdk1.8.0_121.jdk/Contents/Home/jre/lib/jsse.jar:/Library/Java/JavaVirtualMachines/jdk1.8.0_121.jdk/Contents/Home/jre/lib/jce.jar:/Library/Java/JavaVirtualMachines/jdk1.8.0_121.jdk/Contents/Home/jre/lib/charsets.jar:/Library/Java/JavaVirtualMachines/jdk1.8.0_121.jdk/Contents/Home/jre/lib/jfr.jar:/Library/Java/JavaVirtualMachines/jdk1.8.0_121.jdk/Contents/Home/jre/classes"/>
    <property name="java.vendor" value="Oracle Corporation"/>
    <property name="maven.home" value="/Users/VictorLi/dev/apache-maven-3.3.9"/>
    <property name="file.separator" value="/"/>
    <property name="java.vendor.url.bug" value="http://bugreport.sun.com/bugreport/"/>
    <property name="sun.cpu.endian" value="little"/>
    <property name="sun.io.unicode.encoding" value="UnicodeBig"/>
    <property name="project.build.outputDirectory" value="/Users/VictorLi/Dev/CS362W17Section-001/projects/livic/asn2/dominion/target/generated-classes/cobertura"/>
    <property name="socksNonProxyHosts" value="local|*.local|169.254/16|*.169.254/16"/>
    <property name="ftp.nonProxyHosts" value="local|*.local|169.254/16|*.169.254/16"/>
    <property name="sun.cpu.isalist" value=""/>
  </properties>
  <testcase classname="RegressionTest0" name="test001" time="0"/>
  <testcase classname="RegressionTest0" name="test002" time="0.005"/>
  <testcase classname="RegressionTest0" name="test003" time="0.001"/>
  <testcase classname="RegressionTest0" name="test004" time="0.001"/>
  <testcase classname="RegressionTest0" name="test005" time="0.005"/>
  <testcase classname="RegressionTest0" name="test006" time="0"/>
  <testcase classname="RegressionTest0" name="test007" time="0"/>
  <testcase classname="RegressionTest0" name="test008" time="0">
    <failure type="java.lang.AssertionError">java.lang.AssertionError
	at org.junit.Assert.fail(Assert.java:86)
	at org.junit.Assert.assertTrue(Assert.java:41)
	at org.junit.Assert.assertTrue(Assert.java:52)
	at RegressionTest0.test008(RegressionTest0.java:119)
	at sun.reflect.NativeMethodAccessorImpl.invoke0(Native Method)
	at sun.reflect.NativeMethodAccessorImpl.invoke(NativeMethodAccessorImpl.java:62)
	at sun.reflect.DelegatingMethodAccessorImpl.invoke(DelegatingMethodAccessorImpl.java:43)
	at java.lang.reflect.Method.invoke(Method.java:498)
	at org.junit.runners.model.FrameworkMethod$1.runReflectiveCall(FrameworkMethod.java:50)
	at org.junit.internal.runners.model.ReflectiveCallable.run(ReflectiveCallable.java:12)
	at org.junit.runners.model.FrameworkMethod.invokeExplosively(FrameworkMethod.java:47)
	at org.junit.internal.runners.statements.InvokeMethod.evaluate(InvokeMethod.java:17)
	at org.junit.runners.ParentRunner.runLeaf(ParentRunner.java:325)
	at org.junit.runners.BlockJUnit4ClassRunner.runChild(BlockJUnit4ClassRunner.java:78)
	at org.junit.runners.BlockJUnit4ClassRunner.runChild(BlockJUnit4ClassRunner.java:57)
	at org.junit.runners.ParentRunner$3.run(ParentRunner.java:290)
	at org.junit.runners.ParentRunner$1.schedule(ParentRunner.java:71)
	at org.junit.runners.ParentRunner.runChildren(ParentRunner.java:288)
	at org.junit.runners.ParentRunner.access$000(ParentRunner.java:58)
	at org.junit.runners.ParentRunner$2.evaluate(ParentRunner.java:268)
	at org.junit.runners.ParentRunner.run(ParentRunner.java:363)
	at org.junit.runners.Suite.runChild(Suite.java:128)
	at org.junit.runners.Suite.runChild(Suite.java:27)
	at org.junit.runners.ParentRunner$3.run(ParentRunner.java:290)
	at org.junit.runners.ParentRunner$1.schedule(ParentRunner.java:71)
	at org.junit.runners.ParentRunner.runChildren(ParentRunner.java:288)
	at org.junit.runners.ParentRunner.access$000(ParentRunner.java:58)
	at org.junit.runners.ParentRunner$2.evaluate(ParentRunner.java:268)
	at org.junit.runners.ParentRunner.run(ParentRunner.java:363)
	at org.apache.maven.surefire.junit4.JUnit4Provider.execute(JUnit4Provider.java:252)
	at org.apache.maven.surefire.junit4.JUnit4Provider.executeTestSet(JUnit4Provider.java:141)
	at org.apache.maven.surefire.junit4.JUnit4Provider.invoke(JUnit4Provider.java:112)
	at sun.reflect.NativeMethodAccessorImpl.invoke0(Native Method)
	at sun.reflect.NativeMethodAccessorImpl.invoke(NativeMethodAccessorImpl.java:62)
	at sun.reflect.DelegatingMethodAccessorImpl.invoke(DelegatingMethodAccessorImpl.java:43)
	at java.lang.reflect.Method.invoke(Method.java:498)
	at org.apache.maven.surefire.util.ReflectionUtils.invokeMethodWithArray(ReflectionUtils.java:189)
	at org.apache.maven.surefire.booter.ProviderFactory$ProviderProxy.invoke(ProviderFactory.java:165)
	at org.apache.maven.surefire.booter.ProviderFactory.invokeProvider(ProviderFactory.java:85)
	at org.apache.maven.surefire.booter.ForkedBooter.runSuitesInProcess(ForkedBooter.java:115)
	at org.apache.maven.surefire.booter.ForkedBooter.main(ForkedBooter.java:75)
</failure>
  </testcase>
  <testcase classname="RegressionTest0" name="test009" time="0"/>
  <testcase classname="RegressionTest0" name="test010" time="0.01"/>
  <testcase classname="RegressionTest0" name="test011" time="0"/>
  <testcase classname="RegressionTest0" name="test012" time="0"/>
  <testcase classname="RegressionTest0" name="test013" time="0"/>
  <testcase classname="RegressionTest0" name="test014" time="0"/>
  <testcase classname="RegressionTest0" name="test015" time="0"/>
  <testcase classname="RegressionTest0" name="test016" time="0"/>
  <testcase classname="RegressionTest0" name="test017" time="0"/>
  <testcase classname="RegressionTest0" name="test018" time="0.001"/>
  <testcase classname="RegressionTest0" name="test019" time="0"/>
  <testcase classname="RegressionTest0" name="test020" time="0"/>
  <testcase classname="RegressionTest0" name="test021" time="0"/>
  <testcase classname="RegressionTest0" name="test022" time="0"/>
  <testcase classname="RegressionTest0" name="test023" time="0"/>
  <testcase classname="RegressionTest0" name="test024" time="0"/>
  <testcase classname="RegressionTest0" name="test025" time="0"/>
  <testcase classname="RegressionTest0" name="test026" time="0"/>
  <testcase classname="RegressionTest0" name="test027" time="0.001"/>
  <testcase classname="RegressionTest0" name="test028" time="0"/>
  <testcase classname="RegressionTest0" name="test029" time="0"/>
  <testcase classname="RegressionTest0" name="test030" time="0"/>
  <testcase classname="RegressionTest0" name="test031" time="0"/>
  <testcase classname="RegressionTest0" name="test032" time="0"/>
  <testcase classname="RegressionTest0" name="test033" time="0"/>
  <testcase classname="RegressionTest0" name="test034" time="0"/>
  <testcase classname="RegressionTest0" name="test035" time="0"/>
  <testcase classname="RegressionTest0" name="test036" time="0.001"/>
  <testcase classname="RegressionTest0" name="test037" time="0"/>
  <testcase classname="RegressionTest0" name="test038" time="0"/>
  <testcase classname="RegressionTest0" name="test039" time="0"/>
  <testcase classname="RegressionTest0" name="test040" time="0.001"/>
  <testcase classname="RegressionTest0" name="test041" time="0"/>
  <testcase classname="RegressionTest0" name="test042" time="0"/>
  <testcase classname="RegressionTest0" name="test043" time="0"/>
  <testcase classname="RegressionTest0" name="test044" time="0"/>
  <testcase classname="RegressionTest0" name="test045" time="0"/>
  <testcase classname="RegressionTest0" name="test046" time="0"/>
  <testcase classname="RegressionTest0" name="test047" time="0"/>
  <testcase classname="RegressionTest0" name="test048" time="0"/>
  <testcase classname="RegressionTest0" name="test049" time="0"/>
  <testcase classname="RegressionTest0" name="test050" time="0"/>
  <testcase classname="RegressionTest0" name="test051" time="0"/>
  <testcase classname="RegressionTest0" name="test052" time="0"/>
  <testcase classname="RegressionTest0" name="test053" time="0"/>
  <testcase classname="RegressionTest0" name="test054" time="0.001"/>
  <testcase classname="RegressionTest0" name="test055" time="0"/>
  <testcase classname="RegressionTest0" name="test056" time="0"/>
  <testcase classname="RegressionTest0" name="test057" time="0"/>
  <testcase classname="RegressionTest0" name="test058" time="0.001"/>
  <testcase classname="RegressionTest0" name="test059" time="0"/>
  <testcase classname="RegressionTest0" name="test060" time="0"/>
  <testcase classname="RegressionTest0" name="test061" time="0"/>
  <testcase classname="RegressionTest0" name="test062" time="0.001"/>
  <testcase classname="RegressionTest0" name="test063" time="0"/>
  <testcase classname="RegressionTest0" name="test064" time="0"/>
  <testcase classname="RegressionTest0" name="test065" time="0"/>
  <testcase classname="RegressionTest0" name="test066" time="0"/>
  <testcase classname="RegressionTest0" name="test067" time="0.001"/>
  <testcase classname="RegressionTest0" name="test068" time="0"/>
  <testcase classname="RegressionTest0" name="test069" time="0"/>
  <testcase classname="RegressionTest0" name="test070" time="0"/>
  <testcase classname="RegressionTest0" name="test071" time="0"/>
  <testcase classname="RegressionTest0" name="test072" time="0.001"/>
  <testcase classname="RegressionTest0" name="test073" time="0"/>
  <testcase classname="RegressionTest0" name="test074" time="0"/>
  <testcase classname="RegressionTest0" name="test075" time="0"/>
  <testcase classname="RegressionTest0" name="test076" time="0"/>
  <testcase classname="RegressionTest0" name="test077" time="0"/>
  <testcase classname="RegressionTest0" name="test078" time="0"/>
  <testcase classname="RegressionTest0" name="test079" time="0"/>
  <testcase classname="RegressionTest0" name="test080" time="0"/>
  <testcase classname="RegressionTest0" name="test081" time="0"/>
  <testcase classname="RegressionTest0" name="test082" time="0"/>
  <testcase classname="RegressionTest0" name="test083" time="0"/>
  <testcase classname="RegressionTest0" name="test084" time="0"/>
  <testcase classname="RegressionTest0" name="test085" time="0"/>
  <testcase classname="RegressionTest0" name="test086" time="0"/>
  <testcase classname="RegressionTest0" name="test087" time="0"/>
  <testcase classname="RegressionTest0" name="test088" time="0"/>
  <testcase classname="RegressionTest0" name="test089" time="0.001"/>
  <testcase classname="RegressionTest0" name="test090" time="0"/>
  <testcase classname="RegressionTest0" name="test091" time="0"/>
  <testcase classname="RegressionTest0" name="test092" time="0"/>
  <testcase classname="RegressionTest0" name="test093" time="0"/>
  <testcase classname="RegressionTest0" name="test094" time="0"/>
  <testcase classname="RegressionTest0" name="test095" time="0.001"/>
  <testcase classname="RegressionTest0" name="test096" time="0"/>
  <testcase classname="RegressionTest0" name="test097" time="0"/>
  <testcase classname="RegressionTest0" name="test098" time="0"/>
  <testcase classname="RegressionTest0" name="test099" time="0.001"/>
  <testcase classname="RegressionTest0" name="test100" time="0"/>
  <testcase classname="RegressionTest0" name="test101" time="0"/>
  <testcase classname="RegressionTest0" name="test102" time="0"/>
  <testcase classname="RegressionTest0" name="test103" time="0"/>
  <testcase classname="RegressionTest0" name="test104" time="0"/>
  <testcase classname="RegressionTest0" name="test105" time="0"/>
  <testcase classname="RegressionTest0" name="test106" time="0"/>
  <testcase classname="RegressionTest0" name="test107" time="0.001"/>
  <testcase classname="RegressionTest0" name="test108" time="0"/>
  <testcase classname="RegressionTest0" name="test109" time="0"/>
  <testcase classname="RegressionTest0" name="test110" time="0"/>
  <testcase classname="RegressionTest0" name="test111" time="0"/>
  <testcase classname="RegressionTest0" name="test112" time="0"/>
  <testcase classname="RegressionTest0" name="test113" time="0"/>
  <testcase classname="RegressionTest0" name="test114" time="0.001"/>
  <testcase classname="RegressionTest0" name="test115" time="0"/>
  <testcase classname="RegressionTest0" name="test116" time="0"/>
  <testcase classname="RegressionTest0" name="test117" time="0"/>
  <testcase classname="RegressionTest0" name="test118" time="0"/>
  <testcase classname="RegressionTest0" name="test119" time="0"/>
  <testcase classname="RegressionTest0" name="test120" time="0.001"/>
  <testcase classname="RegressionTest0" name="test121" time="0"/>
  <testcase classname="RegressionTest0" name="test122" time="0"/>
  <testcase classname="RegressionTest0" name="test123" time="0"/>
  <testcase classname="RegressionTest0" name="test124" time="0"/>
  <testcase classname="RegressionTest0" name="test125" time="0"/>
  <testcase classname="RegressionTest0" name="test126" time="0"/>
  <testcase classname="RegressionTest0" name="test127" time="0"/>
  <testcase classname="RegressionTest0" name="test128" time="0"/>
  <testcase classname="RegressionTest0" name="test129" time="0"/>
  <testcase classname="RegressionTest0" name="test130" time="0"/>
  <testcase classname="RegressionTest0" name="test131" time="0"/>
  <testcase classname="RegressionTest0" name="test132" time="0"/>
  <testcase classname="RegressionTest0" name="test133" time="0"/>
  <testcase classname="RegressionTest0" name="test134" time="0"/>
  <testcase classname="RegressionTest0" name="test135" time="0"/>
  <testcase classname="RegressionTest0" name="test136" time="0"/>
  <testcase classname="RegressionTest0" name="test137" time="0.001"/>
  <testcase classname="RegressionTest0" name="test138" time="0"/>
  <testcase classname="RegressionTest0" name="test139" time="0"/>
  <testcase classname="RegressionTest0" name="test140" time="0"/>
  <testcase classname="RegressionTest0" name="test141" time="0"/>
  <testcase classname="RegressionTest0" name="test142" time="0"/>
  <testcase classname="RegressionTest0" name="test143" time="0.001"/>
  <testcase classname="RegressionTest0" name="test144" time="0"/>
  <testcase classname="RegressionTest0" name="test145" time="0"/>
  <testcase classname="RegressionTest0" name="test146" time="0"/>
  <testcase classname="RegressionTest0" name="test147" time="0"/>
  <testcase classname="RegressionTest0" name="test148" time="0"/>
  <testcase classname="RegressionTest0" name="test149" time="0"/>
  <testcase classname="RegressionTest0" name="test150" time="0"/>
  <testcase classname="RegressionTest0" name="test151" time="0"/>
  <testcase classname="RegressionTest0" name="test152" time="0.001"/>
  <testcase classname="RegressionTest0" name="test153" time="0"/>
  <testcase classname="RegressionTest0" name="test154" time="0"/>
  <testcase classname="RegressionTest0" name="test155" time="0"/>
  <testcase classname="RegressionTest0" name="test156" time="0"/>
  <testcase classname="RegressionTest0" name="test157" time="0"/>
  <testcase classname="RegressionTest0" name="test158" time="0"/>
  <testcase classname="RegressionTest0" name="test159" time="0"/>
  <testcase classname="RegressionTest0" name="test160" time="0"/>
  <testcase classname="RegressionTest0" name="test161" time="0"/>
  <testcase classname="RegressionTest0" name="test162" time="0"/>
  <testcase classname="RegressionTest0" name="test163" time="0"/>
  <testcase classname="RegressionTest0" name="test164" time="0"/>
  <testcase classname="RegressionTest0" name="test165" time="0"/>
  <testcase classname="RegressionTest0" name="test166" time="0"/>
  <testcase classname="RegressionTest0" name="test167" time="0"/>
  <testcase classname="RegressionTest0" name="test168" time="0"/>
  <testcase classname="RegressionTest0" name="test169" time="0"/>
  <testcase classname="RegressionTest0" name="test170" time="0"/>
  <testcase classname="RegressionTest0" name="test171" time="0"/>
  <testcase classname="RegressionTest0" name="test172" time="0"/>
  <testcase classname="RegressionTest0" name="test173" time="0"/>
  <testcase classname="RegressionTest0" name="test174" time="0"/>
  <testcase classname="RegressionTest0" name="test175" time="0"/>
  <testcase classname="RegressionTest0" name="test176" time="0"/>
  <testcase classname="RegressionTest0" name="test177" time="0"/>
  <testcase classname="RegressionTest0" name="test178" time="0"/>
  <testcase classname="RegressionTest0" name="test179" time="0"/>
  <testcase classname="RegressionTest0" name="test180" time="0"/>
  <testcase classname="RegressionTest0" name="test181" time="0"/>
  <testcase classname="RegressionTest0" name="test182" time="0"/>
  <testcase classname="RegressionTest0" name="test183" time="0.001"/>
  <testcase classname="RegressionTest0" name="test184" time="0"/>
  <testcase classname="RegressionTest0" name="test185" time="0"/>
  <testcase classname="RegressionTest0" name="test186" time="0"/>
  <testcase classname="RegressionTest0" name="test187" time="0"/>
  <testcase classname="RegressionTest0" name="test188" time="0.001"/>
  <testcase classname="RegressionTest0" name="test189" time="0"/>
  <testcase classname="RegressionTest0" name="test190" time="0"/>
  <testcase classname="RegressionTest0" name="test191" time="0"/>
  <testcase classname="RegressionTest0" name="test192" time="0.001"/>
  <testcase classname="RegressionTest0" name="test193" time="0"/>
  <testcase classname="RegressionTest0" name="test194" time="0"/>
  <testcase classname="RegressionTest0" name="test195" time="0"/>
  <testcase classname="RegressionTest0" name="test196" time="0"/>
  <testcase classname="RegressionTest0" name="test197" time="0"/>
  <testcase classname="RegressionTest0" name="test198" time="0"/>
  <testcase classname="RegressionTest0" name="test199" time="0"/>
  <testcase classname="RegressionTest0" name="test200" time="0"/>
  <testcase classname="RegressionTest0" name="test201" time="0"/>
  <testcase classname="RegressionTest0" name="test202" time="0.001"/>
  <testcase classname="RegressionTest0" name="test203" time="0"/>
  <testcase classname="RegressionTest0" name="test204" time="0"/>
  <testcase classname="RegressionTest0" name="test205" time="0"/>
  <testcase classname="RegressionTest0" name="test206" time="0.001"/>
  <testcase classname="RegressionTest0" name="test207" time="0"/>
  <testcase classname="RegressionTest0" name="test208" time="0"/>
  <testcase classname="RegressionTest0" name="test209" time="0"/>
  <testcase classname="RegressionTest0" name="test210" time="0"/>
  <testcase classname="RegressionTest0" name="test211" time="0"/>
  <testcase classname="RegressionTest0" name="test212" time="0"/>
  <testcase classname="RegressionTest0" name="test213" time="0"/>
  <testcase classname="RegressionTest0" name="test214" time="0"/>
  <testcase classname="RegressionTest0" name="test215" time="0"/>
  <testcase classname="RegressionTest0" name="test216" time="0.001"/>
  <testcase classname="RegressionTest0" name="test217" time="0"/>
  <testcase classname="RegressionTest0" name="test218" time="0"/>
  <testcase classname="RegressionTest0" name="test219" time="0"/>
  <testcase classname="RegressionTest0" name="test220" time="0"/>
  <testcase classname="RegressionTest0" name="test221" time="0"/>
  <testcase classname="RegressionTest0" name="test222" time="0"/>
  <testcase classname="RegressionTest0" name="test223" time="0"/>
  <testcase classname="RegressionTest0" name="test224" time="0"/>
  <testcase classname="RegressionTest0" name="test225" time="0"/>
  <testcase classname="RegressionTest0" name="test226" time="0"/>
  <testcase classname="RegressionTest0" name="test227" time="0"/>
  <testcase classname="RegressionTest0" name="test228" time="0"/>
  <testcase classname="RegressionTest0" name="test229" time="0"/>
  <testcase classname="RegressionTest0" name="test230" time="0"/>
  <testcase classname="RegressionTest0" name="test231" time="0"/>
  <testcase classname="RegressionTest0" name="test232" time="0"/>
  <testcase classname="RegressionTest0" name="test233" time="0"/>
  <testcase classname="RegressionTest0" name="test234" time="0.001"/>
  <testcase classname="RegressionTest0" name="test235" time="0"/>
  <testcase classname="RegressionTest0" name="test236" time="0"/>
  <testcase classname="RegressionTest0" name="test237" time="0"/>
  <testcase classname="RegressionTest0" name="test238" time="0"/>
  <testcase classname="RegressionTest0" name="test239" time="0"/>
  <testcase classname="RegressionTest0" name="test240" time="0"/>
  <testcase classname="RegressionTest0" name="test241" time="0"/>
  <testcase classname="RegressionTest0" name="test242" time="0"/>
  <testcase classname="RegressionTest0" name="test243" time="0"/>
  <testcase classname="RegressionTest0" name="test244" time="0"/>
  <testcase classname="RegressionTest0" name="test245" time="0"/>
  <testcase classname="RegressionTest0" name="test246" time="0"/>
  <testcase classname="RegressionTest0" name="test247" time="0"/>
  <testcase classname="RegressionTest0" name="test248" time="0"/>
  <testcase classname="RegressionTest0" name="test249" time="0"/>
  <testcase classname="RegressionTest0" name="test250" time="0"/>
  <testcase classname="RegressionTest0" name="test251" time="0"/>
  <testcase classname="RegressionTest0" name="test252" time="0"/>
  <testcase classname="RegressionTest0" name="test253" time="0"/>
  <testcase classname="RegressionTest0" name="test254" time="0"/>
  <testcase classname="RegressionTest0" name="test255" time="0"/>
  <testcase classname="RegressionTest0" name="test256" time="0.001"/>
  <testcase classname="RegressionTest0" name="test257" time="0"/>
  <testcase classname="RegressionTest0" name="test258" time="0"/>
  <testcase classname="RegressionTest0" name="test259" time="0.001"/>
  <testcase classname="RegressionTest0" name="test260" time="0"/>
  <testcase classname="RegressionTest0" name="test261" time="0.001"/>
  <testcase classname="RegressionTest0" name="test262" time="0"/>
  <testcase classname="RegressionTest0" name="test263" time="0"/>
  <testcase classname="RegressionTest0" name="test264" time="0"/>
  <testcase classname="RegressionTest0" name="test265" time="0"/>
  <testcase classname="RegressionTest0" name="test266" time="0"/>
  <testcase classname="RegressionTest0" name="test267" time="0"/>
  <testcase classname="RegressionTest0" name="test268" time="0"/>
  <testcase classname="RegressionTest0" name="test269" time="0.001"/>
  <testcase classname="RegressionTest0" name="test270" time="0"/>
  <testcase classname="RegressionTest0" name="test271" time="0"/>
  <testcase classname="RegressionTest0" name="test272" time="0"/>
  <testcase classname="RegressionTest0" name="test273" time="0.001"/>
  <testcase classname="RegressionTest0" name="test274" time="0"/>
  <testcase classname="RegressionTest0" name="test275" time="0"/>
  <testcase classname="RegressionTest0" name="test276" time="0"/>
  <testcase classname="RegressionTest0" name="test277" time="0"/>
  <testcase classname="RegressionTest0" name="test278" time="0"/>
  <testcase classname="RegressionTest0" name="test279" time="0.001"/>
  <testcase classname="RegressionTest0" name="test280" time="0"/>
  <testcase classname="RegressionTest0" name="test281" time="0"/>
  <testcase classname="RegressionTest0" name="test282" time="0"/>
  <testcase classname="RegressionTest0" name="test283" time="0"/>
  <testcase classname="RegressionTest0" name="test284" time="0"/>
  <testcase classname="RegressionTest0" name="test285" time="0.001"/>
  <testcase classname="RegressionTest0" name="test286" time="0"/>
  <testcase classname="RegressionTest0" name="test287" time="0"/>
  <testcase classname="RegressionTest0" name="test288" time="0"/>
  <testcase classname="RegressionTest0" name="test289" time="0"/>
  <testcase classname="RegressionTest0" name="test290" time="0.001"/>
  <testcase classname="RegressionTest0" name="test291" time="0"/>
  <testcase classname="RegressionTest0" name="test292" time="0"/>
  <testcase classname="RegressionTest0" name="test293" time="0"/>
  <testcase classname="RegressionTest0" name="test294" time="0"/>
  <testcase classname="RegressionTest0" name="test295" time="0"/>
  <testcase classname="RegressionTest0" name="test296" time="0.001"/>
  <testcase classname="RegressionTest0" name="test297" time="0"/>
  <testcase classname="RegressionTest0" name="test298" time="0"/>
  <testcase classname="RegressionTest0" name="test299" time="0"/>
  <testcase classname="RegressionTest0" name="test300" time="0"/>
  <testcase classname="RegressionTest0" name="test301" time="0.001"/>
  <testcase classname="RegressionTest0" name="test302" time="0"/>
  <testcase classname="RegressionTest0" name="test303" time="0"/>
  <testcase classname="RegressionTest0" name="test304" time="0.001"/>
  <testcase classname="RegressionTest0" name="test305" time="0"/>
  <testcase classname="RegressionTest0" name="test306" time="0"/>
  <testcase classname="RegressionTest0" name="test307" time="0"/>
  <testcase classname="RegressionTest0" name="test308" time="0"/>
  <testcase classname="RegressionTest0" name="test309" time="0.001"/>
  <testcase classname="RegressionTest0" name="test310" time="0"/>
  <testcase classname="RegressionTest0" name="test311" time="0"/>
  <testcase classname="RegressionTest0" name="test312" time="0"/>
  <testcase classname="RegressionTest0" name="test313" time="0.001"/>
  <testcase classname="RegressionTest0" name="test314" time="0"/>
  <testcase classname="RegressionTest0" name="test315" time="0"/>
  <testcase classname="RegressionTest0" name="test316" time="0"/>
  <testcase classname="RegressionTest0" name="test317" time="0"/>
  <testcase classname="RegressionTest0" name="test318" time="0"/>
  <testcase classname="RegressionTest0" name="test319" time="0"/>
  <testcase classname="RegressionTest0" name="test320" time="0"/>
  <testcase classname="RegressionTest0" name="test321" time="0"/>
  <testcase classname="RegressionTest0" name="test322" time="0"/>
  <testcase classname="RegressionTest0" name="test323" time="0"/>
  <testcase classname="RegressionTest0" name="test324" time="0"/>
  <testcase classname="RegressionTest0" name="test325" time="0"/>
  <testcase classname="RegressionTest0" name="test326" time="0"/>
  <testcase classname="RegressionTest0" name="test327" time="0"/>
  <testcase classname="RegressionTest0" name="test328" time="0"/>
  <testcase classname="RegressionTest0" name="test329" time="0"/>
  <testcase classname="RegressionTest0" name="test330" time="0"/>
  <testcase classname="RegressionTest0" name="test331" time="0"/>
  <testcase classname="RegressionTest0" name="test332" time="0"/>
  <testcase classname="RegressionTest0" name="test333" time="0"/>
  <testcase classname="RegressionTest0" name="test334" time="0"/>
  <testcase classname="RegressionTest0" name="test335" time="0"/>
  <testcase classname="RegressionTest0" name="test336" time="0"/>
  <testcase classname="RegressionTest0" name="test337" time="0.001"/>
  <testcase classname="RegressionTest0" name="test338" time="0"/>
  <testcase classname="RegressionTest0" name="test339" time="0"/>
  <testcase classname="RegressionTest0" name="test340" time="0"/>
  <testcase classname="RegressionTest0" name="test341" time="0"/>
  <testcase classname="RegressionTest0" name="test342" time="0"/>
  <testcase classname="RegressionTest0" name="test343" time="0"/>
  <testcase classname="RegressionTest0" name="test344" time="0.001"/>
  <testcase classname="RegressionTest0" name="test345" time="0"/>
  <testcase classname="RegressionTest0" name="test346" time="0"/>
  <testcase classname="RegressionTest0" name="test347" time="0"/>
  <testcase classname="RegressionTest0" name="test348" time="0"/>
  <testcase classname="RegressionTest0" name="test349" time="0"/>
  <testcase classname="RegressionTest0" name="test350" time="0"/>
  <testcase classname="RegressionTest0" name="test351" time="0"/>
  <testcase classname="RegressionTest0" name="test352" time="0"/>
  <testcase classname="RegressionTest0" name="test353" time="0"/>
  <testcase classname="RegressionTest0" name="test354" time="0"/>
  <testcase classname="RegressionTest0" name="test355" time="0.001"/>
  <testcase classname="RegressionTest0" name="test356" time="0"/>
  <testcase classname="RegressionTest0" name="test357" time="0"/>
  <testcase classname="RegressionTest0" name="test358" time="0"/>
  <testcase classname="RegressionTest0" name="test359" time="0"/>
  <testcase classname="RegressionTest0" name="test360" time="0"/>
  <testcase classname="RegressionTest0" name="test361" time="0"/>
  <testcase classname="RegressionTest0" name="test362" time="0"/>
  <testcase classname="RegressionTest0" name="test363" time="0"/>
  <testcase classname="RegressionTest0" name="test364" time="0"/>
  <testcase classname="RegressionTest0" name="test365" time="0"/>
  <testcase classname="RegressionTest0" name="test366" time="0"/>
  <testcase classname="RegressionTest0" name="test367" time="0.001"/>
  <testcase classname="RegressionTest0" name="test368" time="0"/>
  <testcase classname="RegressionTest0" name="test369" time="0"/>
  <testcase classname="RegressionTest0" name="test370" time="0"/>
  <testcase classname="RegressionTest0" name="test371" time="0.002"/>
  <testcase classname="RegressionTest0" name="test372" time="0"/>
  <testcase classname="RegressionTest0" name="test373" time="0"/>
  <testcase classname="RegressionTest0" name="test374" time="0"/>
  <testcase classname="RegressionTest0" name="test375" time="0.001"/>
  <testcase classname="RegressionTest0" name="test376" time="0"/>
  <testcase classname="RegressionTest0" name="test377" time="0"/>
  <testcase classname="RegressionTest0" name="test378" time="0"/>
  <testcase classname="RegressionTest0" name="test379" time="0.001"/>
  <testcase classname="RegressionTest0" name="test380" time="0"/>
  <testcase classname="RegressionTest0" name="test381" time="0"/>
  <testcase classname="RegressionTest0" name="test382" time="0"/>
  <testcase classname="RegressionTest0" name="test383" time="0"/>
  <testcase classname="RegressionTest0" name="test384" time="0"/>
  <testcase classname="RegressionTest0" name="test385" time="0.001"/>
  <testcase classname="RegressionTest0" name="test386" time="0"/>
  <testcase classname="RegressionTest0" name="test387" time="0"/>
  <testcase classname="RegressionTest0" name="test388" time="0"/>
  <testcase classname="RegressionTest0" name="test389" time="0.001"/>
  <testcase classname="RegressionTest0" name="test390" time="0"/>
  <testcase classname="RegressionTest0" name="test391" time="0"/>
  <testcase classname="RegressionTest0" name="test392" time="0"/>
  <testcase classname="RegressionTest0" name="test393" time="0"/>
  <testcase classname="RegressionTest0" name="test394" time="0.001"/>
  <testcase classname="RegressionTest0" name="test395" time="0"/>
  <testcase classname="RegressionTest0" name="test396" time="0"/>
  <testcase classname="RegressionTest0" name="test397" time="0"/>
  <testcase classname="RegressionTest0" name="test398" time="0"/>
  <testcase classname="RegressionTest0" name="test399" time="0"/>
  <testcase classname="RegressionTest0" name="test400" time="0"/>
  <testcase classname="RegressionTest0" name="test401" time="0"/>
  <testcase classname="RegressionTest0" name="test402" time="0"/>
  <testcase classname="RegressionTest0" name="test403" time="0"/>
  <testcase classname="RegressionTest0" name="test404" time="0"/>
  <testcase classname="RegressionTest0" name="test405" time="0"/>
  <testcase classname="RegressionTest0" name="test406" time="0"/>
  <testcase classname="RegressionTest0" name="test407" time="0"/>
  <testcase classname="RegressionTest0" name="test408" time="0"/>
  <testcase classname="RegressionTest0" name="test409" time="0"/>
  <testcase classname="RegressionTest0" name="test410" time="0"/>
  <testcase classname="RegressionTest0" name="test411" time="0"/>
  <testcase classname="RegressionTest0" name="test412" time="0"/>
  <testcase classname="RegressionTest0" name="test413" time="0"/>
  <testcase classname="RegressionTest0" name="test414" time="0"/>
  <testcase classname="RegressionTest0" name="test415" time="0"/>
  <testcase classname="RegressionTest0" name="test416" time="0"/>
  <testcase classname="RegressionTest0" name="test417" time="0"/>
  <testcase classname="RegressionTest0" name="test418" time="0"/>
  <testcase classname="RegressionTest0" name="test419" time="0"/>
  <testcase classname="RegressionTest0" name="test420" time="0"/>
  <testcase classname="RegressionTest0" name="test421" time="0"/>
  <testcase classname="RegressionTest0" name="test422" time="0"/>
  <testcase classname="RegressionTest0" name="test423" time="0"/>
  <testcase classname="RegressionTest0" name="test424" time="0"/>
  <testcase classname="RegressionTest0" name="test425" time="0.001"/>
  <testcase classname="RegressionTest0" name="test426" time="0"/>
  <testcase classname="RegressionTest0" name="test427" time="0"/>
  <testcase classname="RegressionTest0" name="test428" time="0"/>
  <testcase classname="RegressionTest0" name="test429" time="0"/>
  <testcase classname="RegressionTest0" name="test430" time="0"/>
  <testcase classname="RegressionTest0" name="test431" time="0.001"/>
  <testcase classname="RegressionTest0" name="test432" time="0"/>
  <testcase classname="RegressionTest0" name="test433" time="0"/>
  <testcase classname="RegressionTest0" name="test434" time="0"/>
  <testcase classname="RegressionTest0" name="test435" time="0"/>
  <testcase classname="RegressionTest0" name="test436" time="0.001"/>
  <testcase classname="RegressionTest0" name="test437" time="0"/>
  <testcase classname="RegressionTest0" name="test438" time="0"/>
  <testcase classname="RegressionTest0" name="test439" time="0"/>
  <testcase classname="RegressionTest0" name="test440" time="0"/>
  <testcase classname="RegressionTest0" name="test441" time="0"/>
  <testcase classname="RegressionTest0" name="test442" time="0.001"/>
  <testcase classname="RegressionTest0" name="test443" time="0"/>
  <testcase classname="RegressionTest0" name="test444" time="0"/>
  <testcase classname="RegressionTest0" name="test445" time="0"/>
  <testcase classname="RegressionTest0" name="test446" time="0"/>
  <testcase classname="RegressionTest0" name="test447" time="0.001"/>
  <testcase classname="RegressionTest0" name="test448" time="0"/>
  <testcase classname="RegressionTest0" name="test449" time="0"/>
  <testcase classname="RegressionTest0" name="test450" time="0"/>
  <testcase classname="RegressionTest0" name="test451" time="0"/>
  <testcase classname="RegressionTest0" name="test452" time="0.001"/>
  <testcase classname="RegressionTest0" name="test453" time="0"/>
  <testcase classname="RegressionTest0" name="test454" time="0"/>
  <testcase classname="RegressionTest0" name="test455" time="0"/>
  <testcase classname="RegressionTest0" name="test456" time="0"/>
  <testcase classname="RegressionTest0" name="test457" time="0"/>
  <testcase classname="RegressionTest0" name="test458" time="0"/>
  <testcase classname="RegressionTest0" name="test459" time="0"/>
  <testcase classname="RegressionTest0" name="test460" time="0"/>
  <testcase classname="RegressionTest0" name="test461" time="0"/>
  <testcase classname="RegressionTest0" name="test462" time="0"/>
  <testcase classname="RegressionTest0" name="test463" time="0.001"/>
  <testcase classname="RegressionTest0" name="test464" time="0"/>
  <testcase classname="RegressionTest0" name="test465" time="0"/>
  <testcase classname="RegressionTest0" name="test466" time="0"/>
  <testcase classname="RegressionTest0" name="test467" time="0"/>
  <testcase classname="RegressionTest0" name="test468" time="0"/>
  <testcase classname="RegressionTest0" name="test469" time="0.001"/>
  <testcase classname="RegressionTest0" name="test470" time="0"/>
  <testcase classname="RegressionTest0" name="test471" time="0"/>
  <testcase classname="RegressionTest0" name="test472" time="0"/>
  <testcase classname="RegressionTest0" name="test473" time="0"/>
  <testcase classname="RegressionTest0" name="test474" time="0.001"/>
  <testcase classname="RegressionTest0" name="test475" time="0.001"/>
  <testcase classname="RegressionTest0" name="test476" time="0"/>
  <testcase classname="RegressionTest0" name="test477" time="0"/>
  <testcase classname="RegressionTest0" name="test478" time="0"/>
  <testcase classname="RegressionTest0" name="test479" time="0"/>
  <testcase classname="RegressionTest0" name="test480" time="0"/>
  <testcase classname="RegressionTest0" name="test481" time="0"/>
  <testcase classname="RegressionTest0" name="test482" time="0"/>
  <testcase classname="RegressionTest0" name="test483" time="0"/>
  <testcase classname="RegressionTest0" name="test484" time="0"/>
  <testcase classname="RegressionTest0" name="test485" time="0"/>
  <testcase classname="RegressionTest0" name="test486" time="0.001"/>
  <testcase classname="RegressionTest0" name="test487" time="0"/>
  <testcase classname="RegressionTest0" name="test488" time="0"/>
  <testcase classname="RegressionTest0" name="test489" time="0"/>
  <testcase classname="RegressionTest0" name="test490" time="0"/>
  <testcase classname="RegressionTest0" name="test491" time="0.001"/>
  <testcase classname="RegressionTest0" name="test492" time="0"/>
  <testcase classname="RegressionTest0" name="test493" time="0"/>
  <testcase classname="RegressionTest0" name="test494" time="0"/>
  <testcase classname="RegressionTest0" name="test495" time="0"/>
  <testcase classname="RegressionTest0" name="test496" time="0.001"/>
  <testcase classname="RegressionTest0" name="test497" time="0"/>
  <testcase classname="RegressionTest0" name="test498" time="0"/>
  <testcase classname="RegressionTest0" name="test499" time="0"/>
  <testcase classname="RegressionTest0" name="test500" time="0"/>
  <testcase classname="RegressionTest1" name="test001" time="0"/>
  <testcase classname="RegressionTest1" name="test002" time="0"/>
  <testcase classname="RegressionTest1" name="test003" time="0"/>
  <testcase classname="RegressionTest1" name="test004" time="0.001"/>
  <testcase classname="RegressionTest1" name="test005" time="0"/>
  <testcase classname="RegressionTest1" name="test006" time="0"/>
  <testcase classname="RegressionTest1" name="test007" time="0"/>
  <testcase classname="RegressionTest1" name="test008" time="0"/>
  <testcase classname="RegressionTest1" name="test009" time="0.001"/>
  <testcase classname="RegressionTest1" name="test010" time="0"/>
  <testcase classname="RegressionTest1" name="test011" time="0"/>
  <testcase classname="RegressionTest1" name="test012" time="0"/>
  <testcase classname="RegressionTest1" name="test013" time="0.001"/>
  <testcase classname="RegressionTest1" name="test014" time="0"/>
  <testcase classname="RegressionTest1" name="test015" time="0"/>
  <testcase classname="RegressionTest1" name="test016" time="0"/>
  <testcase classname="RegressionTest1" name="test017" time="0"/>
  <testcase classname="RegressionTest1" name="test018" time="0"/>
  <testcase classname="RegressionTest1" name="test019" time="0"/>
  <testcase classname="RegressionTest1" name="test020" time="0.001"/>
  <testcase classname="RegressionTest1" name="test021" time="0"/>
  <testcase classname="RegressionTest1" name="test022" time="0"/>
  <testcase classname="RegressionTest1" name="test023" time="0"/>
  <testcase classname="RegressionTest1" name="test024" time="0"/>
  <testcase classname="RegressionTest1" name="test025" time="0"/>
  <testcase classname="RegressionTest1" name="test026" time="0"/>
  <testcase classname="RegressionTest1" name="test027" time="0"/>
  <testcase classname="RegressionTest1" name="test028" time="0"/>
  <testcase classname="RegressionTest1" name="test029" time="0"/>
  <testcase classname="RegressionTest1" name="test030" time="0"/>
  <testcase classname="RegressionTest1" name="test031" time="0"/>
  <testcase classname="RegressionTest1" name="test032" time="0"/>
  <testcase classname="RegressionTest1" name="test033" time="0"/>
  <testcase classname="RegressionTest1" name="test034" time="0"/>
  <testcase classname="RegressionTest1" name="test035" time="0"/>
  <testcase classname="RegressionTest1" name="test036" time="0"/>
  <testcase classname="RegressionTest1" name="test037" time="0.001"/>
  <testcase classname="RegressionTest1" name="test038" time="0"/>
  <testcase classname="RegressionTest1" name="test039" time="0"/>
  <testcase classname="RegressionTest1" name="test040" time="0"/>
  <testcase classname="RegressionTest1" name="test041" time="0"/>
  <testcase classname="RegressionTest1" name="test042" time="0"/>
  <testcase classname="RegressionTest1" name="test043" time="0"/>
  <testcase classname="RegressionTest1" name="test044" time="0"/>
  <testcase classname="RegressionTest1" name="test045" time="0"/>
  <testcase classname="RegressionTest1" name="test046" time="0"/>
  <testcase classname="RegressionTest1" name="test047" time="0"/>
  <testcase classname="RegressionTest1" name="test048" time="0"/>
  <testcase classname="RegressionTest1" name="test049" time="0"/>
  <testcase classname="RegressionTest1" name="test050" time="0.001"/>
  <testcase classname="RegressionTest1" name="test051" time="0"/>
  <testcase classname="RegressionTest1" name="test052" time="0"/>
  <testcase classname="RegressionTest1" name="test053" time="0"/>
  <testcase classname="RegressionTest1" name="test054" time="0"/>
  <testcase classname="RegressionTest1" name="test055" time="0"/>
  <testcase classname="RegressionTest1" name="test056" time="0.001"/>
  <testcase classname="RegressionTest1" name="test057" time="0"/>
  <testcase classname="RegressionTest1" name="test058" time="0"/>
  <testcase classname="RegressionTest1" name="test059" time="0"/>
  <testcase classname="RegressionTest1" name="test060" time="0"/>
  <testcase classname="RegressionTest1" name="test061" time="0"/>
  <testcase classname="RegressionTest1" name="test062" time="0.001"/>
  <testcase classname="RegressionTest1" name="test063" time="0"/>
  <testcase classname="RegressionTest1" name="test064" time="0"/>
  <testcase classname="RegressionTest1" name="test065" time="0"/>
  <testcase classname="RegressionTest1" name="test066" time="0"/>
  <testcase classname="RegressionTest1" name="test067" time="0"/>
  <testcase classname="RegressionTest1" name="test068" time="0"/>
  <testcase classname="RegressionTest1" name="test069" time="0"/>
  <testcase classname="RegressionTest1" name="test070" time="0"/>
  <testcase classname="RegressionTest1" name="test071" time="0"/>
  <testcase classname="RegressionTest1" name="test072" time="0"/>
  <testcase classname="RegressionTest1" name="test073" time="0"/>
  <testcase classname="RegressionTest1" name="test074" time="0"/>
  <testcase classname="RegressionTest1" name="test075" time="0"/>
  <testcase classname="RegressionTest1" name="test076" time="0"/>
  <testcase classname="RegressionTest1" name="test077" time="0"/>
  <testcase classname="RegressionTest1" name="test078" time="0.001"/>
  <testcase classname="RegressionTest1" name="test079" time="0"/>
  <testcase classname="RegressionTest1" name="test080" time="0"/>
  <testcase classname="RegressionTest1" name="test081" time="0"/>
  <testcase classname="RegressionTest1" name="test082" time="0"/>
  <testcase classname="RegressionTest1" name="test083" time="0"/>
  <testcase classname="RegressionTest1" name="test084" time="0.001"/>
  <testcase classname="RegressionTest1" name="test085" time="0"/>
  <testcase classname="RegressionTest1" name="test086" time="0"/>
  <testcase classname="RegressionTest1" name="test087" time="0"/>
  <testcase classname="RegressionTest1" name="test088" time="0"/>
  <testcase classname="RegressionTest1" name="test089" time="0"/>
  <testcase classname="RegressionTest1" name="test090" time="0"/>
  <testcase classname="RegressionTest1" name="test091" time="0"/>
  <testcase classname="RegressionTest1" name="test092" time="0"/>
  <testcase classname="RegressionTest1" name="test093" time="0"/>
  <testcase classname="RegressionTest1" name="test094" time="0"/>
  <testcase classname="RegressionTest1" name="test095" time="0"/>
  <testcase classname="RegressionTest1" name="test096" time="0"/>
  <testcase classname="RegressionTest1" name="test097" time="0.001"/>
  <testcase classname="RegressionTest1" name="test098" time="0"/>
  <testcase classname="RegressionTest1" name="test099" time="0"/>
  <testcase classname="RegressionTest1" name="test100" time="0"/>
  <testcase classname="RegressionTest1" name="test101" time="0"/>
  <testcase classname="RegressionTest1" name="test102" time="0"/>
  <testcase classname="RegressionTest1" name="test103" time="0"/>
  <testcase classname="RegressionTest1" name="test104" time="0"/>
  <testcase classname="RegressionTest1" name="test105" time="0"/>
  <testcase classname="RegressionTest1" name="test106" time="0"/>
  <testcase classname="RegressionTest1" name="test107" time="0"/>
  <testcase classname="RegressionTest1" name="test108" time="0"/>
  <testcase classname="RegressionTest1" name="test109" time="0"/>
  <testcase classname="RegressionTest1" name="test110" time="0"/>
  <testcase classname="RegressionTest1" name="test111" time="0.001"/>
  <testcase classname="RegressionTest1" name="test112" time="0"/>
  <testcase classname="RegressionTest1" name="test113" time="0"/>
  <testcase classname="RegressionTest1" name="test114" time="0"/>
  <testcase classname="RegressionTest1" name="test115" time="0"/>
  <testcase classname="RegressionTest1" name="test116" time="0"/>
  <testcase classname="RegressionTest1" name="test117" time="0.001"/>
  <testcase classname="RegressionTest1" name="test118" time="0"/>
  <testcase classname="RegressionTest1" name="test119" time="0"/>
  <testcase classname="RegressionTest1" name="test120" time="0"/>
  <testcase classname="RegressionTest1" name="test121" time="0.001"/>
  <testcase classname="RegressionTest1" name="test122" time="0"/>
  <testcase classname="RegressionTest1" name="test123" time="0"/>
  <testcase classname="RegressionTest1" name="test124" time="0"/>
  <testcase classname="RegressionTest1" name="test125" time="0"/>
  <testcase classname="RegressionTest1" name="test126" time="0.001"/>
  <testcase classname="RegressionTest1" name="test127" time="0"/>
  <testcase classname="RegressionTest1" name="test128" time="0"/>
  <testcase classname="RegressionTest1" name="test129" time="0"/>
  <testcase classname="RegressionTest1" name="test130" time="0"/>
  <testcase classname="RegressionTest1" name="test131" time="0"/>
  <testcase classname="RegressionTest1" name="test132" time="0"/>
  <testcase classname="RegressionTest1" name="test133" time="0"/>
  <testcase classname="RegressionTest1" name="test134" time="0.001"/>
  <testcase classname="RegressionTest1" name="test135" time="0"/>
  <testcase classname="RegressionTest1" name="test136" time="0"/>
  <testcase classname="RegressionTest1" name="test137" time="0"/>
  <testcase classname="RegressionTest1" name="test138" time="0"/>
  <testcase classname="RegressionTest1" name="test139" time="0"/>
  <testcase classname="RegressionTest1" name="test140" time="0"/>
  <testcase classname="RegressionTest1" name="test141" time="0"/>
  <testcase classname="RegressionTest1" name="test142" time="0"/>
  <testcase classname="RegressionTest1" name="test143" time="0.001"/>
  <testcase classname="RegressionTest1" name="test144" time="0"/>
  <testcase classname="RegressionTest1" name="test145" time="0"/>
  <testcase classname="RegressionTest1" name="test146" time="0"/>
  <testcase classname="RegressionTest1" name="test147" time="0"/>
  <testcase classname="RegressionTest1" name="test148" time="0"/>
  <testcase classname="RegressionTest1" name="test149" time="0.001"/>
  <testcase classname="RegressionTest1" name="test150" time="0"/>
  <testcase classname="RegressionTest1" name="test151" time="0"/>
  <testcase classname="RegressionTest1" name="test152" time="0"/>
  <testcase classname="RegressionTest1" name="test153" time="0"/>
  <testcase classname="RegressionTest1" name="test154" time="0.001"/>
  <testcase classname="RegressionTest1" name="test155" time="0"/>
  <testcase classname="RegressionTest1" name="test156" time="0"/>
  <testcase classname="RegressionTest1" name="test157" time="0"/>
  <testcase classname="RegressionTest1" name="test158" time="0"/>
  <testcase classname="RegressionTest1" name="test159" time="0"/>
  <testcase classname="RegressionTest1" name="test160" time="0"/>
  <testcase classname="RegressionTest1" name="test161" time="0"/>
  <testcase classname="RegressionTest1" name="test162" time="0"/>
  <testcase classname="RegressionTest1" name="test163" time="0"/>
  <testcase classname="RegressionTest1" name="test164" time="0"/>
  <testcase classname="RegressionTest1" name="test165" time="0"/>
  <testcase classname="RegressionTest1" name="test166" time="0"/>
  <testcase classname="RegressionTest1" name="test167" time="0"/>
  <testcase classname="RegressionTest1" name="test168" time="0"/>
  <testcase classname="RegressionTest1" name="test169" time="0"/>
  <testcase classname="RegressionTest1" name="test170" time="0"/>
  <testcase classname="RegressionTest1" name="test171" time="0"/>
  <testcase classname="RegressionTest1" name="test172" time="0.001"/>
  <testcase classname="RegressionTest1" name="test173" time="0"/>
  <testcase classname="RegressionTest1" name="test174" time="0"/>
  <testcase classname="RegressionTest1" name="test175" time="0"/>
  <testcase classname="RegressionTest1" name="test176" time="0"/>
  <testcase classname="RegressionTest1" name="test177" time="0"/>
  <testcase classname="RegressionTest1" name="test178" time="0.001"/>
  <testcase classname="RegressionTest1" name="test179" time="0"/>
  <testcase classname="RegressionTest1" name="test180" time="0"/>
  <testcase classname="RegressionTest1" name="test181" time="0"/>
  <testcase classname="RegressionTest1" name="test182" time="0"/>
  <testcase classname="RegressionTest1" name="test183" time="0"/>
  <testcase classname="RegressionTest1" name="test184" time="0"/>
  <testcase classname="RegressionTest1" name="test185" time="0"/>
  <testcase classname="RegressionTest1" name="test186" time="0"/>
  <testcase classname="RegressionTest1" name="test187" time="0"/>
  <testcase classname="RegressionTest1" name="test188" time="0"/>
  <testcase classname="RegressionTest1" name="test189" time="0"/>
  <testcase classname="RegressionTest1" name="test190" time="0"/>
  <testcase classname="RegressionTest1" name="test191" time="0"/>
  <testcase classname="RegressionTest1" name="test192" time="0"/>
  <testcase classname="RegressionTest1" name="test193" time="0"/>
  <testcase classname="RegressionTest1" name="test194" time="0"/>
  <testcase classname="RegressionTest1" name="test195" time="0.001"/>
  <testcase classname="RegressionTest1" name="test196" time="0"/>
  <testcase classname="RegressionTest1" name="test197" time="0"/>
  <testcase classname="RegressionTest1" name="test198" time="0"/>
  <testcase classname="RegressionTest1" name="test199" time="0"/>
  <testcase classname="RegressionTest1" name="test200" time="0"/>
  <testcase classname="RegressionTest1" name="test201" time="0"/>
  <testcase classname="RegressionTest1" name="test202" time="0"/>
  <testcase classname="RegressionTest1" name="test203" time="0"/>
  <testcase classname="RegressionTest1" name="test204" time="0"/>
  <testcase classname="RegressionTest1" name="test205" time="0"/>
  <testcase classname="RegressionTest1" name="test206" time="0"/>
  <testcase classname="RegressionTest1" name="test207" time="0"/>
  <testcase classname="RegressionTest1" name="test208" time="0.001"/>
  <testcase classname="RegressionTest1" name="test209" time="0"/>
  <testcase classname="RegressionTest1" name="test210" time="0"/>
  <testcase classname="RegressionTest1" name="test211" time="0"/>
  <testcase classname="RegressionTest1" name="test212" time="0"/>
  <testcase classname="RegressionTest1" name="test213" time="0"/>
  <testcase classname="RegressionTest1" name="test214" time="0"/>
  <testcase classname="RegressionTest1" name="test215" time="0.001"/>
  <testcase classname="RegressionTest1" name="test216" time="0"/>
  <testcase classname="RegressionTest1" name="test217" time="0"/>
  <testcase classname="RegressionTest1" name="test218" time="0"/>
  <testcase classname="RegressionTest1" name="test219" time="0"/>
  <testcase classname="RegressionTest1" name="test220" time="0"/>
  <testcase classname="RegressionTest1" name="test221" time="0"/>
  <testcase classname="RegressionTest1" name="test222" time="0"/>
  <testcase classname="RegressionTest1" name="test223" time="0"/>
  <testcase classname="RegressionTest1" name="test224" time="0"/>
  <testcase classname="RegressionTest1" name="test225" time="0"/>
  <testcase classname="RegressionTest1" name="test226" time="0"/>
  <testcase classname="RegressionTest1" name="test227" time="0"/>
  <testcase classname="RegressionTest1" name="test228" time="0.001"/>
  <testcase classname="RegressionTest1" name="test229" time="0"/>
  <testcase classname="RegressionTest1" name="test230" time="0"/>
  <testcase classname="RegressionTest1" name="test231" time="0"/>
  <testcase classname="RegressionTest1" name="test232" time="0"/>
  <testcase classname="RegressionTest1" name="test233" time="0"/>
  <testcase classname="RegressionTest1" name="test234" time="0.001"/>
  <testcase classname="RegressionTest1" name="test235" time="0"/>
  <testcase classname="RegressionTest1" name="test236" time="0"/>
  <testcase classname="RegressionTest1" name="test237" time="0"/>
  <testcase classname="RegressionTest1" name="test238" time="0"/>
  <testcase classname="RegressionTest1" name="test239" time="0"/>
  <testcase classname="RegressionTest1" name="test240" time="0.001"/>
  <testcase classname="RegressionTest1" name="test241" time="0"/>
  <testcase classname="RegressionTest1" name="test242" time="0"/>
  <testcase classname="RegressionTest1" name="test243" time="0"/>
  <testcase classname="RegressionTest1" name="test244" time="0"/>
  <testcase classname="RegressionTest1" name="test245" time="0"/>
  <testcase classname="RegressionTest1" name="test246" time="0.001"/>
  <testcase classname="RegressionTest1" name="test247" time="0"/>
  <testcase classname="RegressionTest1" name="test248" time="0"/>
  <testcase classname="RegressionTest1" name="test249" time="0"/>
  <testcase classname="RegressionTest1" name="test250" time="0.001"/>
  <testcase classname="RegressionTest1" name="test251" time="0"/>
  <testcase classname="RegressionTest1" name="test252" time="0"/>
  <testcase classname="RegressionTest1" name="test253" time="0"/>
  <testcase classname="RegressionTest1" name="test254" time="0.001"/>
  <testcase classname="RegressionTest1" name="test255" time="0"/>
  <testcase classname="RegressionTest1" name="test256" time="0"/>
  <testcase classname="RegressionTest1" name="test257" time="0"/>
  <testcase classname="RegressionTest1" name="test258" time="0.001"/>
  <testcase classname="RegressionTest1" name="test259" time="0"/>
  <testcase classname="RegressionTest1" name="test260" time="0"/>
  <testcase classname="RegressionTest1" name="test261" time="0"/>
  <testcase classname="RegressionTest1" name="test262" time="0.001"/>
  <testcase classname="RegressionTest1" name="test263" time="0"/>
  <testcase classname="RegressionTest1" name="test264" time="0"/>
  <testcase classname="RegressionTest1" name="test265" time="0"/>
  <testcase classname="RegressionTest1" name="test266" time="0"/>
  <testcase classname="RegressionTest1" name="test267" time="0.001"/>
  <testcase classname="RegressionTest1" name="test268" time="0"/>
  <testcase classname="RegressionTest1" name="test269" time="0"/>
  <testcase classname="RegressionTest1" name="test270" time="0.001"/>
  <testcase classname="RegressionTest1" name="test271" time="0"/>
  <testcase classname="RegressionTest1" name="test272" time="0"/>
  <testcase classname="RegressionTest1" name="test273" time="0"/>
  <testcase classname="RegressionTest1" name="test274" time="0"/>
  <testcase classname="RegressionTest1" name="test275" time="0"/>
  <testcase classname="RegressionTest1" name="test276" time="0.001"/>
  <testcase classname="RegressionTest1" name="test277" time="0"/>
  <testcase classname="RegressionTest1" name="test278" time="0"/>
  <testcase classname="RegressionTest1" name="test279" time="0"/>
  <testcase classname="RegressionTest1" name="test280" time="0.001"/>
  <testcase classname="RegressionTest1" name="test281" time="0"/>
  <testcase classname="RegressionTest1" name="test282" time="0"/>
  <testcase classname="RegressionTest1" name="test283" time="0"/>
  <testcase classname="RegressionTest1" name="test284" time="0"/>
  <testcase classname="RegressionTest1" name="test285" time="0"/>
  <testcase classname="RegressionTest1" name="test286" time="0"/>
  <testcase classname="RegressionTest1" name="test287" time="0"/>
  <testcase classname="RegressionTest1" name="test288" time="0.001"/>
  <testcase classname="RegressionTest1" name="test289" time="0"/>
  <testcase classname="RegressionTest1" name="test290" time="0"/>
  <testcase classname="RegressionTest1" name="test291" time="0"/>
  <testcase classname="RegressionTest1" name="test292" time="0"/>
  <testcase classname="RegressionTest1" name="test293" time="0"/>
  <testcase classname="RegressionTest1" name="test294" time="0.001"/>
  <testcase classname="RegressionTest1" name="test295" time="0"/>
  <testcase classname="RegressionTest1" name="test296" time="0"/>
  <testcase classname="RegressionTest1" name="test297" time="0"/>
  <testcase classname="RegressionTest1" name="test298" time="0"/>
  <testcase classname="RegressionTest1" name="test299" time="0"/>
  <testcase classname="RegressionTest1" name="test300" time="0"/>
  <testcase classname="RegressionTest1" name="test301" time="0"/>
  <testcase classname="RegressionTest1" name="test302" time="0"/>
  <testcase classname="RegressionTest1" name="test303" time="0"/>
  <testcase classname="RegressionTest1" name="test304" time="0"/>
  <testcase classname="RegressionTest1" name="test305" time="0.001"/>
  <testcase classname="RegressionTest1" name="test306" time="0"/>
  <testcase classname="RegressionTest1" name="test307" time="0"/>
  <testcase classname="RegressionTest1" name="test308" time="0"/>
  <testcase classname="RegressionTest1" name="test309" time="0.001"/>
  <testcase classname="RegressionTest1" name="test310" time="0"/>
  <testcase classname="RegressionTest1" name="test311" time="0"/>
  <testcase classname="RegressionTest1" name="test312" time="0"/>
  <testcase classname="RegressionTest1" name="test313" time="0"/>
  <testcase classname="RegressionTest1" name="test314" time="0"/>
  <testcase classname="RegressionTest1" name="test315" time="0"/>
  <testcase classname="RegressionTest1" name="test316" time="0"/>
  <testcase classname="RegressionTest1" name="test317" time="0"/>
  <testcase classname="RegressionTest1" name="test318" time="0.002"/>
  <testcase classname="RegressionTest1" name="test319" time="0"/>
  <testcase classname="RegressionTest1" name="test320" time="0"/>
  <testcase classname="RegressionTest1" name="test321" time="0"/>
  <testcase classname="RegressionTest1" name="test322" time="0.001"/>
  <testcase classname="RegressionTest1" name="test323" time="0"/>
  <testcase classname="RegressionTest1" name="test324" time="0"/>
  <testcase classname="RegressionTest1" name="test325" time="0"/>
  <testcase classname="RegressionTest1" name="test326" time="0"/>
  <testcase classname="RegressionTest1" name="test327" time="0"/>
  <testcase classname="RegressionTest1" name="test328" time="0"/>
  <testcase classname="RegressionTest1" name="test329" time="0"/>
  <testcase classname="RegressionTest1" name="test330" time="0"/>
  <testcase classname="RegressionTest1" name="test331" time="0"/>
  <testcase classname="RegressionTest1" name="test332" time="0"/>
  <testcase classname="RegressionTest1" name="test333" time="0"/>
  <testcase classname="RegressionTest1" name="test334" time="0"/>
  <testcase classname="RegressionTest1" name="test335" time="0"/>
  <testcase classname="RegressionTest1" name="test336" time="0"/>
  <testcase classname="RegressionTest1" name="test337" time="0"/>
  <testcase classname="RegressionTest1" name="test338" time="0"/>
  <testcase classname="RegressionTest1" name="test339" time="0.001"/>
  <testcase classname="RegressionTest1" name="test340" time="0"/>
  <testcase classname="RegressionTest1" name="test341" time="0"/>
  <testcase classname="RegressionTest1" name="test342" time="0"/>
  <testcase classname="RegressionTest1" name="test343" time="0"/>
  <testcase classname="RegressionTest1" name="test344" time="0.001"/>
  <testcase classname="RegressionTest1" name="test345" time="0"/>
  <testcase classname="RegressionTest1" name="test346" time="0"/>
  <testcase classname="RegressionTest1" name="test347" time="0"/>
  <testcase classname="RegressionTest1" name="test348" time="0"/>
  <testcase classname="RegressionTest1" name="test349" time="0"/>
  <testcase classname="RegressionTest1" name="test350" time="0"/>
  <testcase classname="RegressionTest1" name="test351" time="0"/>
  <testcase classname="RegressionTest1" name="test352" time="0"/>
  <testcase classname="RegressionTest1" name="test353" time="0"/>
  <testcase classname="RegressionTest1" name="test354" time="0"/>
  <testcase classname="RegressionTest1" name="test355" time="0"/>
  <testcase classname="RegressionTest1" name="test356" time="0"/>
  <testcase classname="RegressionTest1" name="test357" time="0"/>
  <testcase classname="RegressionTest1" name="test358" time="0.001"/>
  <testcase classname="RegressionTest1" name="test359" time="0"/>
  <testcase classname="RegressionTest1" name="test360" time="0"/>
  <testcase classname="RegressionTest1" name="test361" time="0"/>
  <testcase classname="RegressionTest1" name="test362" time="0"/>
  <testcase classname="RegressionTest1" name="test363" time="0"/>
  <testcase classname="RegressionTest1" name="test364" time="0"/>
  <testcase classname="RegressionTest1" name="test365" time="0.001"/>
  <testcase classname="RegressionTest1" name="test366" time="0"/>
  <testcase classname="RegressionTest1" name="test367" time="0"/>
  <testcase classname="RegressionTest1" name="test368" time="0"/>
  <testcase classname="RegressionTest1" name="test369" time="0.001"/>
  <testcase classname="RegressionTest1" name="test370" time="0"/>
  <testcase classname="RegressionTest1" name="test371" time="0"/>
  <testcase classname="RegressionTest1" name="test372" time="0"/>
  <testcase classname="RegressionTest1" name="test373" time="0"/>
  <testcase classname="RegressionTest1" name="test374" time="0"/>
  <testcase classname="RegressionTest1" name="test375" time="0"/>
  <testcase classname="RegressionTest1" name="test376" time="0"/>
  <testcase classname="RegressionTest1" name="test377" time="0"/>
  <testcase classname="RegressionTest1" name="test378" time="0"/>
  <testcase classname="RegressionTest1" name="test379" time="0"/>
  <testcase classname="RegressionTest1" name="test380" time="0"/>
  <testcase classname="RegressionTest1" name="test381" time="0"/>
  <testcase classname="RegressionTest1" name="test382" time="0"/>
  <testcase classname="RegressionTest1" name="test383" time="0"/>
  <testcase classname="RegressionTest1" name="test384" time="0"/>
  <testcase classname="RegressionTest1" name="test385" time="0"/>
  <testcase classname="RegressionTest1" name="test386" time="0"/>
  <testcase classname="RegressionTest1" name="test387" time="0"/>
  <testcase classname="RegressionTest1" name="test388" time="0"/>
  <testcase classname="RegressionTest1" name="test389" time="0"/>
  <testcase classname="RegressionTest1" name="test390" time="0.001"/>
  <testcase classname="RegressionTest1" name="test391" time="0"/>
  <testcase classname="RegressionTest1" name="test392" time="0"/>
  <testcase classname="RegressionTest1" name="test393" time="0"/>
  <testcase classname="RegressionTest1" name="test394" time="0"/>
  <testcase classname="RegressionTest1" name="test395" time="0"/>
  <testcase classname="RegressionTest1" name="test396" time="0.001"/>
  <testcase classname="RegressionTest1" name="test397" time="0"/>
  <testcase classname="RegressionTest1" name="test398" time="0"/>
  <testcase classname="RegressionTest1" name="test399" time="0"/>
  <testcase classname="RegressionTest1" name="test400" time="0"/>
  <testcase classname="RegressionTest1" name="test401" time="0"/>
  <testcase classname="RegressionTest1" name="test402" time="0"/>
  <testcase classname="RegressionTest1" name="test403" time="0"/>
  <testcase classname="RegressionTest1" name="test404" time="0"/>
  <testcase classname="RegressionTest1" name="test405" time="0.001"/>
  <testcase classname="RegressionTest1" name="test406" time="0"/>
  <testcase classname="RegressionTest1" name="test407" time="0"/>
  <testcase classname="RegressionTest1" name="test408" time="0.001"/>
  <testcase classname="RegressionTest1" name="test409" time="0"/>
  <testcase classname="RegressionTest1" name="test410" time="0"/>
  <testcase classname="RegressionTest1" name="test411" time="0"/>
  <testcase classname="RegressionTest1" name="test412" time="0"/>
  <testcase classname="RegressionTest1" name="test413" time="0"/>
  <testcase classname="RegressionTest1" name="test414" time="0"/>
  <testcase classname="RegressionTest1" name="test415" time="0"/>
  <testcase classname="RegressionTest1" name="test416" time="0"/>
  <testcase classname="RegressionTest1" name="test417" time="0"/>
  <testcase classname="RegressionTest1" name="test418" time="0"/>
  <testcase classname="RegressionTest1" name="test419" time="0"/>
  <testcase classname="RegressionTest1" name="test420" time="0.001"/>
  <testcase classname="RegressionTest1" name="test421" time="0.001"/>
  <testcase classname="RegressionTest1" name="test422" time="0"/>
  <testcase classname="RegressionTest1" name="test423" time="0.002"/>
  <testcase classname="RegressionTest1" name="test424" time="0.001"/>
  <testcase classname="RegressionTest1" name="test425" time="0"/>
  <testcase classname="RegressionTest1" name="test426" time="0"/>
  <testcase classname="RegressionTest1" name="test427" time="0"/>
  <testcase classname="RegressionTest1" name="test428" time="0"/>
  <testcase classname="RegressionTest1" name="test429" time="0"/>
  <testcase classname="RegressionTest1" name="test430" time="0.001"/>
  <testcase classname="RegressionTest1" name="test431" time="0"/>
  <testcase classname="RegressionTest1" name="test432" time="0"/>
  <testcase classname="RegressionTest1" name="test433" time="0"/>
  <testcase classname="RegressionTest1" name="test434" time="0.001"/>
  <testcase classname="RegressionTest1" name="test435" time="0"/>
  <testcase classname="RegressionTest1" name="test436" time="0"/>
  <testcase classname="RegressionTest1" name="test437" time="0"/>
  <testcase classname="RegressionTest1" name="test438" time="0"/>
  <testcase classname="RegressionTest1" name="test439" time="0"/>
  <testcase classname="RegressionTest1" name="test440" time="0"/>
  <testcase classname="RegressionTest1" name="test441" time="0"/>
  <testcase classname="RegressionTest1" name="test442" time="0.001"/>
  <testcase classname="RegressionTest1" name="test443" time="0"/>
  <testcase classname="RegressionTest1" name="test444" time="0"/>
  <testcase classname="RegressionTest1" name="test445" time="0.001"/>
  <testcase classname="RegressionTest1" name="test446" time="0.004"/>
  <testcase classname="RegressionTest1" name="test447" time="0"/>
  <testcase classname="RegressionTest1" name="test448" time="0"/>
  <testcase classname="RegressionTest1" name="test449" time="0"/>
  <testcase classname="RegressionTest1" name="test450" time="0"/>
  <testcase classname="RegressionTest1" name="test451" time="0"/>
  <testcase classname="RegressionTest1" name="test452" time="0"/>
  <testcase classname="RegressionTest1" name="test453" time="0"/>
  <testcase classname="RegressionTest1" name="test454" time="0"/>
  <testcase classname="RegressionTest1" name="test455" time="0"/>
  <testcase classname="RegressionTest1" name="test456" time="0"/>
  <testcase classname="RegressionTest1" name="test457" time="0"/>
  <testcase classname="RegressionTest1" name="test458" time="0"/>
  <testcase classname="RegressionTest1" name="test459" time="0"/>
  <testcase classname="RegressionTest1" name="test460" time="0"/>
  <testcase classname="RegressionTest1" name="test461" time="0"/>
  <testcase classname="RegressionTest1" name="test462" time="0"/>
  <testcase classname="RegressionTest1" name="test463" time="0.001"/>
  <testcase classname="RegressionTest1" name="test464" time="0"/>
  <testcase classname="RegressionTest1" name="test465" time="0"/>
  <testcase classname="RegressionTest1" name="test466" time="0"/>
  <testcase classname="RegressionTest1" name="test467" time="0"/>
  <testcase classname="RegressionTest1" name="test468" time="0"/>
  <testcase classname="RegressionTest1" name="test469" time="0"/>
  <testcase classname="RegressionTest1" name="test470" time="0"/>
  <testcase classname="RegressionTest1" name="test471" time="0"/>
  <testcase classname="RegressionTest1" name="test472" time="0"/>
  <testcase classname="RegressionTest1" name="test473" time="0"/>
  <testcase classname="RegressionTest1" name="test474" time="0"/>
  <testcase classname="RegressionTest1" name="test475" time="0"/>
  <testcase classname="RegressionTest1" name="test476" time="0"/>
  <testcase classname="RegressionTest1" name="test477" time="0"/>
  <testcase classname="RegressionTest1" name="test478" time="0"/>
  <testcase classname="RegressionTest1" name="test479" time="0"/>
  <testcase classname="RegressionTest1" name="test480" time="0.001"/>
  <testcase classname="RegressionTest1" name="test481" time="0"/>
  <testcase classname="RegressionTest1" name="test482" time="0"/>
  <testcase classname="RegressionTest1" name="test483" time="0"/>
  <testcase classname="RegressionTest1" name="test484" time="0"/>
  <testcase classname="RegressionTest1" name="test485" time="0"/>
  <testcase classname="RegressionTest1" name="test486" time="0"/>
  <testcase classname="RegressionTest1" name="test487" time="0"/>
  <testcase classname="RegressionTest1" name="test488" time="0"/>
  <testcase classname="RegressionTest1" name="test489" time="0"/>
  <testcase classname="RegressionTest1" name="test490" time="0"/>
  <testcase classname="RegressionTest1" name="test491" time="0"/>
  <testcase classname="RegressionTest1" name="test492" time="0"/>
  <testcase classname="RegressionTest1" name="test493" time="0"/>
  <testcase classname="RegressionTest1" name="test494" time="0"/>
  <testcase classname="RegressionTest1" name="test495" time="0"/>
  <testcase classname="RegressionTest1" name="test496" time="0"/>
  <testcase classname="RegressionTest1" name="test497" time="0"/>
  <testcase classname="RegressionTest1" name="test498" time="0"/>
  <testcase classname="RegressionTest1" name="test499" time="0"/>
  <testcase classname="RegressionTest1" name="test500" time="0.001"/>
  <testcase classname="RegressionTest2" name="test001" time="0"/>
  <testcase classname="RegressionTest2" name="test002" time="0"/>
  <testcase classname="RegressionTest2" name="test003" time="0"/>
  <testcase classname="RegressionTest2" name="test004" time="0"/>
  <testcase classname="RegressionTest2" name="test005" time="0"/>
  <testcase classname="RegressionTest2" name="test006" time="0"/>
  <testcase classname="RegressionTest2" name="test007" time="0"/>
  <testcase classname="RegressionTest2" name="test008" time="0"/>
  <testcase classname="RegressionTest2" name="test009" time="0"/>
  <testcase classname="RegressionTest2" name="test010" time="0"/>
  <testcase classname="RegressionTest2" name="test011" time="0"/>
  <testcase classname="RegressionTest2" name="test012" time="0"/>
  <testcase classname="RegressionTest2" name="test013" time="0"/>
  <testcase classname="RegressionTest2" name="test014" time="0"/>
  <testcase classname="RegressionTest2" name="test015" time="0"/>
  <testcase classname="RegressionTest2" name="test016" time="0"/>
  <testcase classname="RegressionTest2" name="test017" time="0"/>
  <testcase classname="RegressionTest2" name="test018" time="0"/>
  <testcase classname="RegressionTest2" name="test019" time="0.001"/>
  <testcase classname="RegressionTest2" name="test020" time="0"/>
  <testcase classname="RegressionTest2" name="test021" time="0"/>
  <testcase classname="RegressionTest2" name="test022" time="0"/>
  <testcase classname="RegressionTest2" name="test023" time="0"/>
  <testcase classname="RegressionTest2" name="test024" time="0"/>
  <testcase classname="RegressionTest2" name="test025" time="0"/>
  <testcase classname="RegressionTest2" name="test026" time="0"/>
  <testcase classname="RegressionTest2" name="test027" time="0"/>
  <testcase classname="RegressionTest2" name="test028" time="0"/>
  <testcase classname="RegressionTest2" name="test029" time="0"/>
  <testcase classname="RegressionTest2" name="test030" time="0"/>
  <testcase classname="RegressionTest2" name="test031" time="0"/>
  <testcase classname="RegressionTest2" name="test032" time="0"/>
  <testcase classname="RegressionTest2" name="test033" time="0.001"/>
  <testcase classname="RegressionTest2" name="test034" time="0"/>
  <testcase classname="RegressionTest2" name="test035" time="0"/>
  <testcase classname="RegressionTest2" name="test036" time="0"/>
  <testcase classname="RegressionTest2" name="test037" time="0"/>
  <testcase classname="RegressionTest2" name="test038" time="0"/>
  <testcase classname="RegressionTest2" name="test039" time="0"/>
  <testcase classname="RegressionTest2" name="test040" time="0.001"/>
  <testcase classname="RegressionTest2" name="test041" time="0"/>
  <testcase classname="RegressionTest2" name="test042" time="0"/>
  <testcase classname="RegressionTest2" name="test043" time="0"/>
  <testcase classname="RegressionTest2" name="test044" time="0"/>
  <testcase classname="RegressionTest2" name="test045" time="0"/>
  <testcase classname="RegressionTest2" name="test046" time="0.001"/>
  <testcase classname="RegressionTest2" name="test047" time="0"/>
  <testcase classname="RegressionTest2" name="test048" time="0"/>
  <testcase classname="RegressionTest2" name="test049" time="0"/>
  <testcase classname="RegressionTest2" name="test050" time="0"/>
  <testcase classname="RegressionTest2" name="test051" time="0"/>
  <testcase classname="RegressionTest2" name="test052" time="0.001"/>
  <testcase classname="RegressionTest2" name="test053" time="0"/>
  <testcase classname="RegressionTest2" name="test054" time="0"/>
  <testcase classname="RegressionTest2" name="test055" time="0"/>
  <testcase classname="RegressionTest2" name="test056" time="0"/>
  <testcase classname="RegressionTest2" name="test057" time="0"/>
  <testcase classname="RegressionTest2" name="test058" time="0"/>
  <testcase classname="RegressionTest2" name="test059" time="0"/>
  <testcase classname="RegressionTest2" name="test060" time="0.001"/>
  <testcase classname="RegressionTest2" name="test061" time="0"/>
  <testcase classname="RegressionTest2" name="test062" time="0"/>
  <testcase classname="RegressionTest2" name="test063" time="0"/>
  <testcase classname="RegressionTest2" name="test064" time="0"/>
  <testcase classname="RegressionTest2" name="test065" time="0"/>
  <testcase classname="RegressionTest2" name="test066" time="0"/>
  <testcase classname="RegressionTest2" name="test067" time="0.001"/>
  <testcase classname="RegressionTest2" name="test068" time="0"/>
  <testcase classname="RegressionTest2" name="test069" time="0"/>
  <testcase classname="RegressionTest2" name="test070" time="0"/>
  <testcase classname="RegressionTest2" name="test071" time="0"/>
  <testcase classname="RegressionTest2" name="test072" time="0"/>
  <testcase classname="RegressionTest2" name="test073" time="0.001"/>
  <testcase classname="RegressionTest2" name="test074" time="0"/>
  <testcase classname="RegressionTest2" name="test075" time="0"/>
  <testcase classname="RegressionTest2" name="test076" time="0"/>
  <testcase classname="RegressionTest2" name="test077" time="0"/>
  <testcase classname="RegressionTest2" name="test078" time="0"/>
  <testcase classname="RegressionTest2" name="test079" time="0.001"/>
  <testcase classname="RegressionTest2" name="test080" time="0"/>
  <testcase classname="RegressionTest2" name="test081" time="0"/>
  <testcase classname="RegressionTest2" name="test082" time="0"/>
  <testcase classname="RegressionTest2" name="test083" time="0"/>
  <testcase classname="RegressionTest2" name="test084" time="0"/>
  <testcase classname="RegressionTest2" name="test085" time="0.001"/>
  <testcase classname="RegressionTest2" name="test086" time="0"/>
  <testcase classname="RegressionTest2" name="test087" time="0"/>
  <testcase classname="RegressionTest2" name="test088" time="0"/>
  <testcase classname="RegressionTest2" name="test089" time="0"/>
  <testcase classname="RegressionTest2" name="test090" time="0.001"/>
  <testcase classname="RegressionTest2" name="test091" time="0"/>
  <testcase classname="RegressionTest2" name="test092" time="0"/>
  <testcase classname="RegressionTest2" name="test093" time="0"/>
  <testcase classname="RegressionTest2" name="test094" time="0"/>
  <testcase classname="RegressionTest2" name="test095" time="0"/>
  <testcase classname="RegressionTest2" name="test096" time="0"/>
  <testcase classname="RegressionTest2" name="test097" time="0"/>
  <testcase classname="RegressionTest2" name="test098" time="0.001"/>
  <testcase classname="RegressionTest2" name="test099" time="0"/>
  <testcase classname="RegressionTest2" name="test100" time="0"/>
  <testcase classname="RegressionTest2" name="test101" time="0"/>
  <testcase classname="RegressionTest2" name="test102" time="0"/>
  <testcase classname="RegressionTest2" name="test103" time="0"/>
  <testcase classname="RegressionTest2" name="test104" time="0.001"/>
  <testcase classname="RegressionTest2" name="test105" time="0"/>
  <testcase classname="RegressionTest2" name="test106" time="0"/>
  <testcase classname="RegressionTest2" name="test107" time="0"/>
  <testcase classname="RegressionTest2" name="test108" time="0"/>
  <testcase classname="RegressionTest2" name="test109" time="0"/>
  <testcase classname="RegressionTest2" name="test110" time="0"/>
  <testcase classname="RegressionTest2" name="test111" time="0.001"/>
  <testcase classname="RegressionTest2" name="test112" time="0"/>
  <testcase classname="RegressionTest2" name="test113" time="0"/>
  <testcase classname="RegressionTest2" name="test114" time="0"/>
  <testcase classname="RegressionTest2" name="test115" time="0"/>
  <testcase classname="RegressionTest2" name="test116" time="0"/>
  <testcase classname="RegressionTest2" name="test117" time="0"/>
  <testcase classname="RegressionTest2" name="test118" time="0.001"/>
  <testcase classname="RegressionTest2" name="test119" time="0"/>
  <testcase classname="RegressionTest2" name="test120" time="0"/>
  <testcase classname="RegressionTest2" name="test121" time="0"/>
  <testcase classname="RegressionTest2" name="test122" time="0"/>
  <testcase classname="RegressionTest2" name="test123" time="0"/>
  <testcase classname="RegressionTest2" name="test124" time="0"/>
  <testcase classname="RegressionTest2" name="test125" time="0.001"/>
  <testcase classname="RegressionTest2" name="test126" time="0"/>
  <testcase classname="RegressionTest2" name="test127" time="0"/>
  <testcase classname="RegressionTest2" name="test128" time="0"/>
  <testcase classname="RegressionTest2" name="test129" time="0"/>
  <testcase classname="RegressionTest2" name="test130" time="0"/>
  <testcase classname="RegressionTest2" name="test131" time="0"/>
  <testcase classname="RegressionTest2" name="test132" time="0.001"/>
  <testcase classname="RegressionTest2" name="test133" time="0"/>
  <testcase classname="RegressionTest2" name="test134" time="0"/>
  <testcase classname="RegressionTest2" name="test135" time="0"/>
  <testcase classname="RegressionTest2" name="test136" time="0"/>
  <testcase classname="RegressionTest2" name="test137" time="0"/>
  <testcase classname="RegressionTest2" name="test138" time="0.001"/>
  <testcase classname="RegressionTest2" name="test139" time="0"/>
  <testcase classname="RegressionTest2" name="test140" time="0"/>
  <testcase classname="RegressionTest2" name="test141" time="0"/>
  <testcase classname="RegressionTest2" name="test142" time="0"/>
  <testcase classname="RegressionTest2" name="test143" time="0.001"/>
  <testcase classname="RegressionTest2" name="test144" time="0"/>
  <testcase classname="RegressionTest2" name="test145" time="0"/>
  <testcase classname="RegressionTest2" name="test146" time="0"/>
  <testcase classname="RegressionTest2" name="test147" time="0"/>
  <testcase classname="RegressionTest2" name="test148" time="0"/>
  <testcase classname="RegressionTest2" name="test149" time="0"/>
  <testcase classname="RegressionTest2" name="test150" time="0"/>
  <testcase classname="RegressionTest2" name="test151" time="0"/>
  <testcase classname="RegressionTest2" name="test152" time="0"/>
  <testcase classname="RegressionTest2" name="test153" time="0"/>
  <testcase classname="RegressionTest2" name="test154" time="0"/>
  <testcase classname="RegressionTest2" name="test155" time="0"/>
  <testcase classname="RegressionTest2" name="test156" time="0"/>
  <testcase classname="RegressionTest2" name="test157" time="0.001"/>
  <testcase classname="RegressionTest2" name="test158" time="0"/>
  <testcase classname="RegressionTest2" name="test159" time="0"/>
  <testcase classname="RegressionTest2" name="test160" time="0"/>
  <testcase classname="RegressionTest2" name="test161" time="0"/>
  <testcase classname="RegressionTest2" name="test162" time="0"/>
  <testcase classname="RegressionTest2" name="test163" time="0"/>
  <testcase classname="RegressionTest2" name="test164" time="0"/>
  <testcase classname="RegressionTest2" name="test165" time="0.001"/>
  <testcase classname="RegressionTest2" name="test166" time="0"/>
  <testcase classname="RegressionTest2" name="test167" time="0"/>
  <testcase classname="RegressionTest2" name="test168" time="0"/>
  <testcase classname="RegressionTest2" name="test169" time="0"/>
  <testcase classname="RegressionTest2" name="test170" time="0"/>
  <testcase classname="RegressionTest2" name="test171" time="0.001"/>
  <testcase classname="RegressionTest2" name="test172" time="0"/>
  <testcase classname="RegressionTest2" name="test173" time="0"/>
  <testcase classname="RegressionTest2" name="test174" time="0"/>
  <testcase classname="RegressionTest2" name="test175" time="0"/>
  <testcase classname="RegressionTest2" name="test176" time="0"/>
  <testcase classname="RegressionTest2" name="test177" time="0"/>
  <testcase classname="RegressionTest2" name="test178" time="0"/>
  <testcase classname="RegressionTest2" name="test179" time="0.001"/>
  <testcase classname="RegressionTest2" name="test180" time="0"/>
  <testcase classname="RegressionTest2" name="test181" time="0"/>
  <testcase classname="RegressionTest2" name="test182" time="0"/>
  <testcase classname="RegressionTest2" name="test183" time="0"/>
  <testcase classname="RegressionTest2" name="test184" time="0"/>
  <testcase classname="RegressionTest2" name="test185" time="0"/>
  <testcase classname="RegressionTest2" name="test186" time="0.001"/>
  <testcase classname="RegressionTest2" name="test187" time="0"/>
  <testcase classname="RegressionTest2" name="test188" time="0"/>
  <testcase classname="RegressionTest2" name="test189" time="0"/>
  <testcase classname="RegressionTest2" name="test190" time="0.001"/>
  <testcase classname="RegressionTest2" name="test191" time="0"/>
  <testcase classname="RegressionTest2" name="test192" time="0"/>
  <testcase classname="RegressionTest2" name="test193" time="0"/>
  <testcase classname="RegressionTest2" name="test194" time="0"/>
  <testcase classname="RegressionTest2" name="test195" time="0"/>
  <testcase classname="RegressionTest2" name="test196" time="0"/>
  <testcase classname="RegressionTest2" name="test197" time="0.001"/>
  <testcase classname="RegressionTest2" name="test198" time="0"/>
  <testcase classname="RegressionTest2" name="test199" time="0"/>
  <testcase classname="RegressionTest2" name="test200" time="0"/>
  <testcase classname="RegressionTest2" name="test201" time="0"/>
  <testcase classname="RegressionTest2" name="test202" time="0"/>
  <testcase classname="RegressionTest2" name="test203" time="0"/>
  <testcase classname="RegressionTest2" name="test204" time="0"/>
  <testcase classname="RegressionTest2" name="test205" time="0"/>
  <testcase classname="RegressionTest2" name="test206" time="0"/>
  <testcase classname="RegressionTest2" name="test207" time="0"/>
  <testcase classname="RegressionTest2" name="test208" time="0"/>
  <testcase classname="RegressionTest2" name="test209" time="0"/>
  <testcase classname="RegressionTest2" name="test210" time="0"/>
  <testcase classname="RegressionTest2" name="test211" time="0.001"/>
  <testcase classname="RegressionTest2" name="test212" time="0"/>
  <testcase classname="RegressionTest2" name="test213" time="0"/>
  <testcase classname="RegressionTest2" name="test214" time="0"/>
  <testcase classname="RegressionTest2" name="test215" time="0"/>
  <testcase classname="RegressionTest2" name="test216" time="0"/>
  <testcase classname="RegressionTest2" name="test217" time="0"/>
  <testcase classname="RegressionTest2" name="test218" time="0.001"/>
  <testcase classname="RegressionTest2" name="test219" time="0"/>
  <testcase classname="RegressionTest2" name="test220" time="0"/>
  <testcase classname="RegressionTest2" name="test221" time="0"/>
  <testcase classname="RegressionTest2" name="test222" time="0"/>
  <testcase classname="RegressionTest2" name="test223" time="0"/>
  <testcase classname="RegressionTest2" name="test224" time="0"/>
  <testcase classname="RegressionTest2" name="test225" time="0"/>
  <testcase classname="RegressionTest2" name="test226" time="0.001"/>
  <testcase classname="RegressionTest2" name="test227" time="0"/>
  <testcase classname="RegressionTest2" name="test228" time="0"/>
  <testcase classname="RegressionTest2" name="test229" time="0"/>
  <testcase classname="RegressionTest2" name="test230" time="0"/>
  <testcase classname="RegressionTest2" name="test231" time="0"/>
  <testcase classname="RegressionTest2" name="test232" time="0"/>
  <testcase classname="RegressionTest2" name="test233" time="0"/>
  <testcase classname="RegressionTest2" name="test234" time="0"/>
  <testcase classname="RegressionTest2" name="test235" time="0"/>
  <testcase classname="RegressionTest2" name="test236" time="0"/>
  <testcase classname="RegressionTest2" name="test237" time="0"/>
  <testcase classname="RegressionTest2" name="test238" time="0"/>
  <testcase classname="RegressionTest2" name="test239" time="0"/>
  <testcase classname="RegressionTest2" name="test240" time="0"/>
  <testcase classname="RegressionTest2" name="test241" time="0"/>
  <testcase classname="RegressionTest2" name="test242" time="0"/>
  <testcase classname="RegressionTest2" name="test243" time="0"/>
  <testcase classname="RegressionTest2" name="test244" time="0.001"/>
  <testcase classname="RegressionTest2" name="test245" time="0"/>
  <testcase classname="RegressionTest2" name="test246" time="0"/>
  <testcase classname="RegressionTest2" name="test247" time="0"/>
  <testcase classname="RegressionTest2" name="test248" time="0"/>
  <testcase classname="RegressionTest2" name="test249" time="0"/>
  <testcase classname="RegressionTest2" name="test250" time="0"/>
  <testcase classname="RegressionTest2" name="test251" time="0"/>
  <testcase classname="RegressionTest2" name="test252" time="0.001"/>
  <testcase classname="RegressionTest2" name="test253" time="0"/>
  <testcase classname="RegressionTest2" name="test254" time="0"/>
  <testcase classname="RegressionTest2" name="test255" time="0"/>
  <testcase classname="RegressionTest2" name="test256" time="0"/>
  <testcase classname="RegressionTest2" name="test257" time="0"/>
  <testcase classname="RegressionTest2" name="test258" time="0.001"/>
  <testcase classname="RegressionTest2" name="test259" time="0"/>
  <testcase classname="RegressionTest2" name="test260" time="0"/>
  <testcase classname="RegressionTest2" name="test261" time="0"/>
  <testcase classname="RegressionTest2" name="test262" time="0"/>
  <testcase classname="RegressionTest2" name="test263" time="0"/>
  <testcase classname="RegressionTest2" name="test264" time="0"/>
  <testcase classname="RegressionTest2" name="test265" time="0"/>
  <testcase classname="RegressionTest2" name="test266" time="0"/>
  <testcase classname="RegressionTest2" name="test267" time="0"/>
  <testcase classname="RegressionTest2" name="test268" time="0"/>
  <testcase classname="RegressionTest2" name="test269" time="0"/>
  <testcase classname="RegressionTest2" name="test270" time="0.001"/>
  <testcase classname="RegressionTest2" name="test271" time="0"/>
  <testcase classname="RegressionTest2" name="test272" time="0"/>
  <testcase classname="RegressionTest2" name="test273" time="0"/>
  <testcase classname="RegressionTest2" name="test274" time="0"/>
  <testcase classname="RegressionTest2" name="test275" time="0"/>
  <testcase classname="RegressionTest2" name="test276" time="0"/>
  <testcase classname="RegressionTest2" name="test277" time="0"/>
  <testcase classname="RegressionTest2" name="test278" time="0"/>
  <testcase classname="RegressionTest2" name="test279" time="0"/>
  <testcase classname="RegressionTest2" name="test280" time="0"/>
  <testcase classname="RegressionTest2" name="test281" time="0"/>
  <testcase classname="RegressionTest2" name="test282" time="0"/>
  <testcase classname="RegressionTest2" name="test283" time="0"/>
  <testcase classname="RegressionTest2" name="test284" time="0"/>
  <testcase classname="RegressionTest2" name="test285" time="0"/>
  <testcase classname="RegressionTest2" name="test286" time="0.001"/>
  <testcase classname="RegressionTest2" name="test287" time="0"/>
  <testcase classname="RegressionTest2" name="test288" time="0"/>
  <testcase classname="RegressionTest2" name="test289" time="0"/>
  <testcase classname="RegressionTest2" name="test290" time="0"/>
  <testcase classname="RegressionTest2" name="test291" time="0"/>
  <testcase classname="RegressionTest2" name="test292" time="0"/>
  <testcase classname="RegressionTest2" name="test293" time="0"/>
  <testcase classname="RegressionTest2" name="test294" time="0"/>
  <testcase classname="RegressionTest2" name="test295" time="0"/>
  <testcase classname="RegressionTest2" name="test296" time="0"/>
  <testcase classname="RegressionTest2" name="test297" time="0"/>
  <testcase classname="RegressionTest2" name="test298" time="0"/>
  <testcase classname="RegressionTest2" name="test299" time="0"/>
  <testcase classname="RegressionTest2" name="test300" time="0"/>
  <testcase classname="RegressionTest2" name="test301" time="0"/>
  <testcase classname="RegressionTest2" name="test302" time="0"/>
  <testcase classname="RegressionTest2" name="test303" time="0"/>
  <testcase classname="RegressionTest2" name="test304" time="0"/>
  <testcase classname="RegressionTest2" name="test305" time="0"/>
  <testcase classname="RegressionTest2" name="test306" time="0"/>
  <testcase classname="RegressionTest2" name="test307" time="0"/>
  <testcase classname="RegressionTest2" name="test308" time="0"/>
  <testcase classname="RegressionTest2" name="test309" time="0"/>
  <testcase classname="RegressionTest2" name="test310" time="0"/>
  <testcase classname="RegressionTest2" name="test311" time="0"/>
  <testcase classname="RegressionTest2" name="test312" time="0"/>
  <testcase classname="RegressionTest2" name="test313" time="0"/>
  <testcase classname="RegressionTest2" name="test314" time="0"/>
  <testcase classname="RegressionTest2" name="test315" time="0"/>
  <testcase classname="RegressionTest2" name="test316" time="0"/>
  <testcase classname="RegressionTest2" name="test317" time="0"/>
  <testcase classname="RegressionTest2" name="test318" time="0"/>
  <testcase classname="RegressionTest2" name="test319" time="0"/>
  <testcase classname="RegressionTest2" name="test320" time="0"/>
  <testcase classname="RegressionTest2" name="test321" time="0"/>
  <testcase classname="RegressionTest2" name="test322" time="0"/>
  <testcase classname="RegressionTest2" name="test323" time="0"/>
  <testcase classname="RegressionTest2" name="test324" time="0"/>
  <testcase classname="RegressionTest2" name="test325" time="0"/>
  <testcase classname="RegressionTest2" name="test326" time="0"/>
  <testcase classname="RegressionTest2" name="test327" time="0"/>
  <testcase classname="RegressionTest2" name="test328" time="0"/>
  <testcase classname="RegressionTest2" name="test329" time="0.001"/>
  <testcase classname="RegressionTest2" name="test330" time="0"/>
  <testcase classname="RegressionTest2" name="test331" time="0"/>
  <testcase classname="RegressionTest2" name="test332" time="0"/>
  <testcase classname="RegressionTest2" name="test333" time="0"/>
  <testcase classname="RegressionTest2" name="test334" time="0"/>
  <testcase classname="RegressionTest2" name="test335" time="0"/>
  <testcase classname="RegressionTest2" name="test336" time="0"/>
  <testcase classname="RegressionTest2" name="test337" time="0"/>
  <testcase classname="RegressionTest2" name="test338" time="0"/>
  <testcase classname="RegressionTest2" name="test339" time="0"/>
  <testcase classname="RegressionTest2" name="test340" time="0"/>
  <testcase classname="RegressionTest2" name="test341" time="0"/>
  <testcase classname="RegressionTest2" name="test342" time="0"/>
  <testcase classname="RegressionTest2" name="test343" time="0"/>
  <testcase classname="RegressionTest2" name="test344" time="0"/>
  <testcase classname="RegressionTest2" name="test345" time="0"/>
  <testcase classname="RegressionTest2" name="test346" time="0"/>
  <testcase classname="RegressionTest2" name="test347" time="0"/>
  <testcase classname="RegressionTest2" name="test348" time="0"/>
  <testcase classname="RegressionTest2" name="test349" time="0"/>
  <testcase classname="RegressionTest2" name="test350" time="0"/>
  <testcase classname="RegressionTest2" name="test351" time="0"/>
  <testcase classname="RegressionTest2" name="test352" time="0.001"/>
  <testcase classname="RegressionTest2" name="test353" time="0"/>
  <testcase classname="RegressionTest2" name="test354" time="0"/>
  <testcase classname="RegressionTest2" name="test355" time="0"/>
  <testcase classname="RegressionTest2" name="test356" time="0"/>
  <testcase classname="RegressionTest2" name="test357" time="0"/>
  <testcase classname="RegressionTest2" name="test358" time="0"/>
  <testcase classname="RegressionTest2" name="test359" time="0.002"/>
  <testcase classname="RegressionTest2" name="test360" time="0"/>
  <testcase classname="RegressionTest2" name="test361" time="0"/>
  <testcase classname="RegressionTest2" name="test362" time="0"/>
  <testcase classname="RegressionTest2" name="test363" time="0"/>
  <testcase classname="RegressionTest2" name="test364" time="0"/>
  <testcase classname="RegressionTest2" name="test365" time="0.001"/>
  <testcase classname="RegressionTest2" name="test366" time="0"/>
  <testcase classname="RegressionTest2" name="test367" time="0.005"/>
  <testcase classname="RegressionTest2" name="test368" time="0"/>
  <testcase classname="RegressionTest2" name="test369" time="0"/>
  <testcase classname="RegressionTest2" name="test370" time="0"/>
  <testcase classname="RegressionTest2" name="test371" time="0"/>
  <testcase classname="RegressionTest2" name="test372" time="0"/>
  <testcase classname="RegressionTest2" name="test373" time="0"/>
  <testcase classname="RegressionTest2" name="test374" time="0"/>
  <testcase classname="RegressionTest2" name="test375" time="0.001"/>
  <testcase classname="RegressionTest2" name="test376" time="0"/>
  <testcase classname="RegressionTest2" name="test377" time="0"/>
  <testcase classname="RegressionTest2" name="test378" time="0"/>
  <testcase classname="RegressionTest2" name="test379" time="0"/>
  <testcase classname="RegressionTest2" name="test380" time="0"/>
  <testcase classname="RegressionTest2" name="test381" time="0"/>
  <testcase classname="RegressionTest2" name="test382" time="0"/>
  <testcase classname="RegressionTest2" name="test383" time="0"/>
  <testcase classname="RegressionTest2" name="test384" time="0"/>
  <testcase classname="RegressionTest2" name="test385" time="0.001"/>
  <testcase classname="RegressionTest2" name="test386" time="0"/>
  <testcase classname="RegressionTest2" name="test387" time="0"/>
  <testcase classname="RegressionTest2" name="test388" time="0"/>
  <testcase classname="RegressionTest2" name="test389" time="0"/>
  <testcase classname="RegressionTest2" name="test390" time="0"/>
  <testcase classname="RegressionTest2" name="test391" time="0"/>
  <testcase classname="RegressionTest2" name="test392" time="0"/>
  <testcase classname="RegressionTest2" name="test393" time="0"/>
  <testcase classname="RegressionTest2" name="test394" time="0"/>
  <testcase classname="RegressionTest2" name="test395" time="0"/>
  <testcase classname="RegressionTest2" name="test396" time="0"/>
  <testcase classname="RegressionTest2" name="test397" time="0"/>
  <testcase classname="RegressionTest2" name="test398" time="0"/>
  <testcase classname="RegressionTest2" name="test399" time="0"/>
  <testcase classname="RegressionTest2" name="test400" time="0"/>
  <testcase classname="RegressionTest2" name="test401" time="0.001"/>
  <testcase classname="RegressionTest2" name="test402" time="0"/>
  <testcase classname="RegressionTest2" name="test403" time="0"/>
  <testcase classname="RegressionTest2" name="test404" time="0"/>
  <testcase classname="RegressionTest2" name="test405" time="0"/>
  <testcase classname="RegressionTest2" name="test406" time="0"/>
  <testcase classname="RegressionTest2" name="test407" time="0"/>
  <testcase classname="RegressionTest2" name="test408" time="0"/>
  <testcase classname="RegressionTest2" name="test409" time="0"/>
  <testcase classname="RegressionTest2" name="test410" time="0"/>
  <testcase classname="RegressionTest2" name="test411" time="0"/>
  <testcase classname="RegressionTest2" name="test412" time="0"/>
  <testcase classname="RegressionTest2" name="test413" time="0"/>
  <testcase classname="RegressionTest2" name="test414" time="0"/>
  <testcase classname="RegressionTest2" name="test415" time="0"/>
  <testcase classname="RegressionTest2" name="test416" time="0"/>
  <testcase classname="RegressionTest2" name="test417" time="0"/>
  <testcase classname="RegressionTest2" name="test418" time="0"/>
  <testcase classname="RegressionTest2" name="test419" time="0"/>
  <testcase classname="RegressionTest2" name="test420" time="0"/>
  <testcase classname="RegressionTest2" name="test421" time="0"/>
  <testcase classname="RegressionTest2" name="test422" time="0"/>
  <testcase classname="RegressionTest2" name="test423" time="0"/>
  <testcase classname="RegressionTest2" name="test424" time="0"/>
  <testcase classname="RegressionTest2" name="test425" time="0"/>
  <testcase classname="RegressionTest2" name="test426" time="0"/>
  <testcase classname="RegressionTest2" name="test427" time="0"/>
  <testcase classname="RegressionTest2" name="test428" time="0"/>
  <testcase classname="RegressionTest2" name="test429" time="0"/>
  <testcase classname="RegressionTest2" name="test430" time="0"/>
  <testcase classname="RegressionTest2" name="test431" time="0.001"/>
  <testcase classname="RegressionTest2" name="test432" time="0"/>
  <testcase classname="RegressionTest2" name="test433" time="0"/>
  <testcase classname="RegressionTest2" name="test434" time="0"/>
  <testcase classname="RegressionTest2" name="test435" time="0"/>
  <testcase classname="RegressionTest2" name="test436" time="0"/>
  <testcase classname="RegressionTest2" name="test437" time="0"/>
  <testcase classname="RegressionTest2" name="test438" time="0"/>
  <testcase classname="RegressionTest2" name="test439" time="0"/>
  <testcase classname="RegressionTest2" name="test440" time="0"/>
  <testcase classname="RegressionTest2" name="test441" time="0"/>
  <testcase classname="RegressionTest2" name="test442" time="0.001"/>
  <testcase classname="RegressionTest2" name="test443" time="0"/>
  <testcase classname="RegressionTest2" name="test444" time="0"/>
  <testcase classname="RegressionTest2" name="test445" time="0"/>
  <testcase classname="RegressionTest2" name="test446" time="0"/>
  <testcase classname="RegressionTest2" name="test447" time="0"/>
  <testcase classname="RegressionTest2" name="test448" time="0"/>
  <testcase classname="RegressionTest2" name="test449" time="0"/>
  <testcase classname="RegressionTest2" name="test450" time="0"/>
  <testcase classname="RegressionTest2" name="test451" time="0"/>
  <testcase classname="RegressionTest2" name="test452" time="0"/>
  <testcase classname="RegressionTest2" name="test453" time="0"/>
  <testcase classname="RegressionTest2" name="test454" time="0"/>
  <testcase classname="RegressionTest2" name="test455" time="0.001"/>
  <testcase classname="RegressionTest2" name="test456" time="0"/>
  <testcase classname="RegressionTest2" name="test457" time="0"/>
  <testcase classname="RegressionTest2" name="test458" time="0"/>
  <testcase classname="RegressionTest2" name="test459" time="0"/>
  <testcase classname="RegressionTest2" name="test460" time="0"/>
  <testcase classname="RegressionTest2" name="test461" time="0"/>
  <testcase classname="RegressionTest2" name="test462" time="0.001"/>
  <testcase classname="RegressionTest2" name="test463" time="0"/>
  <testcase classname="RegressionTest2" name="test464" time="0"/>
  <testcase classname="RegressionTest2" name="test465" time="0"/>
  <testcase classname="RegressionTest2" name="test466" time="0"/>
  <testcase classname="RegressionTest2" name="test467" time="0"/>
  <testcase classname="RegressionTest2" name="test468" time="0"/>
  <testcase classname="RegressionTest2" name="test469" time="0"/>
  <testcase classname="RegressionTest2" name="test470" time="0"/>
  <testcase classname="RegressionTest2" name="test471" time="0"/>
  <testcase classname="RegressionTest2" name="test472" time="0"/>
  <testcase classname="RegressionTest2" name="test473" time="0"/>
  <testcase classname="RegressionTest2" name="test474" time="0"/>
  <testcase classname="RegressionTest2" name="test475" time="0.001"/>
  <testcase classname="RegressionTest2" name="test476" time="0"/>
  <testcase classname="RegressionTest2" name="test477" time="0"/>
  <testcase classname="RegressionTest2" name="test478" time="0"/>
  <testcase classname="RegressionTest2" name="test479" time="0"/>
  <testcase classname="RegressionTest2" name="test480" time="0"/>
  <testcase classname="RegressionTest2" name="test481" time="0"/>
  <testcase classname="RegressionTest2" name="test482" time="0.001"/>
  <testcase classname="RegressionTest2" name="test483" time="0"/>
  <testcase classname="RegressionTest2" name="test484" time="0"/>
  <testcase classname="RegressionTest2" name="test485" time="0"/>
  <testcase classname="RegressionTest2" name="test486" time="0"/>
  <testcase classname="RegressionTest2" name="test487" time="0"/>
  <testcase classname="RegressionTest2" name="test488" time="0"/>
  <testcase classname="RegressionTest2" name="test489" time="0"/>
  <testcase classname="RegressionTest2" name="test490" time="0"/>
  <testcase classname="RegressionTest2" name="test491" time="0.001"/>
  <testcase classname="RegressionTest2" name="test492" time="0"/>
  <testcase classname="RegressionTest2" name="test493" time="0"/>
  <testcase classname="RegressionTest2" name="test494" time="0"/>
  <testcase classname="RegressionTest2" name="test495" time="0"/>
  <testcase classname="RegressionTest2" name="test496" time="0"/>
  <testcase classname="RegressionTest2" name="test497" time="0"/>
  <testcase classname="RegressionTest2" name="test498" time="0.001"/>
  <testcase classname="RegressionTest2" name="test499" time="0"/>
  <testcase classname="RegressionTest2" name="test500" time="0"/>
  <testcase classname="RegressionTest3" name="test001" time="0"/>
  <testcase classname="RegressionTest3" name="test002" time="0"/>
  <testcase classname="RegressionTest3" name="test003" time="0"/>
  <testcase classname="RegressionTest3" name="test004" time="0"/>
  <testcase classname="RegressionTest3" name="test005" time="0"/>
  <testcase classname="RegressionTest3" name="test006" time="0"/>
  <testcase classname="RegressionTest3" name="test007" time="0"/>
  <testcase classname="RegressionTest3" name="test008" time="0"/>
  <testcase classname="RegressionTest3" name="test009" time="0"/>
  <testcase classname="RegressionTest3" name="test010" time="0"/>
  <testcase classname="RegressionTest3" name="test011" time="0"/>
  <testcase classname="RegressionTest3" name="test012" time="0"/>
  <testcase classname="RegressionTest3" name="test013" time="0"/>
  <testcase classname="RegressionTest3" name="test014" time="0.001"/>
  <testcase classname="RegressionTest3" name="test015" time="0"/>
  <testcase classname="RegressionTest3" name="test016" time="0"/>
  <testcase classname="RegressionTest3" name="test017" time="0.001"/>
  <testcase classname="RegressionTest3" name="test018" time="0"/>
  <testcase classname="RegressionTest3" name="test019" time="0"/>
  <testcase classname="RegressionTest3" name="test020" time="0"/>
  <testcase classname="RegressionTest3" name="test021" time="0"/>
  <testcase classname="RegressionTest3" name="test022" time="0"/>
  <testcase classname="RegressionTest3" name="test023" time="0"/>
  <testcase classname="RegressionTest3" name="test024" time="0"/>
  <testcase classname="RegressionTest3" name="test025" time="0"/>
  <testcase classname="RegressionTest3" name="test026" time="0"/>
  <testcase classname="RegressionTest3" name="test027" time="0"/>
  <testcase classname="RegressionTest3" name="test028" time="0"/>
  <testcase classname="RegressionTest3" name="test029" time="0"/>
  <testcase classname="RegressionTest3" name="test030" time="0"/>
  <testcase classname="RegressionTest3" name="test031" time="0"/>
  <testcase classname="RegressionTest3" name="test032" time="0"/>
  <testcase classname="RegressionTest3" name="test033" time="0.001"/>
  <testcase classname="RegressionTest3" name="test034" time="0"/>
  <testcase classname="RegressionTest3" name="test035" time="0"/>
  <testcase classname="RegressionTest3" name="test036" time="0"/>
  <testcase classname="RegressionTest3" name="test037" time="0"/>
  <testcase classname="RegressionTest3" name="test038" time="0"/>
  <testcase classname="RegressionTest3" name="test039" time="0.001"/>
  <testcase classname="RegressionTest3" name="test040" time="0"/>
  <testcase classname="RegressionTest3" name="test041" time="0"/>
  <testcase classname="RegressionTest3" name="test042" time="0"/>
  <testcase classname="RegressionTest3" name="test043" time="0"/>
  <testcase classname="RegressionTest3" name="test044" time="0"/>
  <testcase classname="RegressionTest3" name="test045" time="0"/>
  <testcase classname="RegressionTest3" name="test046" time="0"/>
  <testcase classname="RegressionTest3" name="test047" time="0"/>
  <testcase classname="RegressionTest3" name="test048" time="0"/>
  <testcase classname="RegressionTest3" name="test049" time="0"/>
  <testcase classname="RegressionTest3" name="test050" time="0"/>
  <testcase classname="RegressionTest3" name="test051" time="0"/>
  <testcase classname="RegressionTest3" name="test052" time="0"/>
  <testcase classname="RegressionTest3" name="test053" time="0"/>
  <testcase classname="RegressionTest3" name="test054" time="0.001"/>
  <testcase classname="RegressionTest3" name="test055" time="0"/>
  <testcase classname="RegressionTest3" name="test056" time="0"/>
  <testcase classname="RegressionTest3" name="test057" time="0"/>
  <testcase classname="RegressionTest3" name="test058" time="0"/>
  <testcase classname="RegressionTest3" name="test059" time="0"/>
  <testcase classname="RegressionTest3" name="test060" time="0"/>
  <testcase classname="RegressionTest3" name="test061" time="0"/>
  <testcase classname="RegressionTest3" name="test062" time="0.001"/>
  <testcase classname="RegressionTest3" name="test063" time="0"/>
  <testcase classname="RegressionTest3" name="test064" time="0"/>
  <testcase classname="RegressionTest3" name="test065" time="0"/>
  <testcase classname="RegressionTest3" name="test066" time="0"/>
  <testcase classname="RegressionTest3" name="test067" time="0.001"/>
  <testcase classname="RegressionTest3" name="test068" time="0"/>
  <testcase classname="RegressionTest3" name="test069" time="0"/>
  <testcase classname="RegressionTest3" name="test070" time="0"/>
  <testcase classname="RegressionTest3" name="test071" time="0"/>
  <testcase classname="RegressionTest3" name="test072" time="0"/>
  <testcase classname="RegressionTest3" name="test073" time="0"/>
  <testcase classname="RegressionTest3" name="test074" time="0"/>
  <testcase classname="RegressionTest3" name="test075" time="0.001"/>
  <testcase classname="RegressionTest3" name="test076" time="0"/>
  <testcase classname="RegressionTest3" name="test077" time="0"/>
  <testcase classname="RegressionTest3" name="test078" time="0"/>
  <testcase classname="RegressionTest3" name="test079" time="0"/>
  <testcase classname="RegressionTest3" name="test080" time="0"/>
  <testcase classname="RegressionTest3" name="test081" time="0.001"/>
  <testcase classname="RegressionTest3" name="test082" time="0"/>
  <testcase classname="RegressionTest3" name="test083" time="0"/>
  <testcase classname="RegressionTest3" name="test084" time="0"/>
  <testcase classname="RegressionTest3" name="test085" time="0"/>
  <testcase classname="RegressionTest3" name="test086" time="0"/>
  <testcase classname="RegressionTest3" name="test087" time="0"/>
  <testcase classname="RegressionTest3" name="test088" time="0"/>
  <testcase classname="RegressionTest3" name="test089" time="0"/>
  <testcase classname="RegressionTest3" name="test090" time="0.001"/>
  <testcase classname="RegressionTest3" name="test091" time="0"/>
  <testcase classname="RegressionTest3" name="test092" time="0"/>
  <testcase classname="RegressionTest3" name="test093" time="0"/>
  <testcase classname="RegressionTest3" name="test094" time="0"/>
  <testcase classname="RegressionTest3" name="test095" time="0"/>
  <testcase classname="RegressionTest3" name="test096" time="0"/>
  <testcase classname="RegressionTest3" name="test097" time="0"/>
  <testcase classname="RegressionTest3" name="test098" time="0"/>
  <testcase classname="RegressionTest3" name="test099" time="0"/>
  <testcase classname="RegressionTest3" name="test100" time="0"/>
  <testcase classname="RegressionTest3" name="test101" time="0"/>
  <testcase classname="RegressionTest3" name="test102" time="0"/>
  <testcase classname="RegressionTest3" name="test103" time="0"/>
  <testcase classname="RegressionTest3" name="test104" time="0.001"/>
  <testcase classname="RegressionTest3" name="test105" time="0"/>
  <testcase classname="RegressionTest3" name="test106" time="0"/>
  <testcase classname="RegressionTest3" name="test107" time="0"/>
  <testcase classname="RegressionTest3" name="test108" time="0"/>
  <testcase classname="RegressionTest3" name="test109" time="0"/>
  <testcase classname="RegressionTest3" name="test110" time="0"/>
  <testcase classname="RegressionTest3" name="test111" time="0"/>
  <testcase classname="RegressionTest3" name="test112" time="0.001"/>
  <testcase classname="RegressionTest3" name="test113" time="0"/>
  <testcase classname="RegressionTest3" name="test114" time="0"/>
  <testcase classname="RegressionTest3" name="test115" time="0"/>
  <testcase classname="RegressionTest3" name="test116" time="0"/>
  <testcase classname="RegressionTest3" name="test117" time="0"/>
  <testcase classname="RegressionTest3" name="test118" time="0"/>
  <testcase classname="RegressionTest3" name="test119" time="0"/>
  <testcase classname="RegressionTest3" name="test120" time="0.001"/>
  <testcase classname="RegressionTest3" name="test121" time="0"/>
  <testcase classname="RegressionTest3" name="test122" time="0"/>
  <testcase classname="RegressionTest3" name="test123" time="0"/>
  <testcase classname="RegressionTest3" name="test124" time="0"/>
  <testcase classname="RegressionTest3" name="test125" time="0"/>
  <testcase classname="RegressionTest3" name="test126" time="0"/>
  <testcase classname="RegressionTest3" name="test127" time="0"/>
  <testcase classname="RegressionTest3" name="test128" time="0.001"/>
  <testcase classname="RegressionTest3" name="test129" time="0"/>
  <testcase classname="RegressionTest3" name="test130" time="0.001"/>
  <testcase classname="RegressionTest3" name="test131" time="0"/>
  <testcase classname="RegressionTest3" name="test132" time="0"/>
  <testcase classname="RegressionTest3" name="test133" time="0"/>
  <testcase classname="RegressionTest3" name="test134" time="0"/>
  <testcase classname="RegressionTest3" name="test135" time="0"/>
  <testcase classname="RegressionTest3" name="test136" time="0"/>
  <testcase classname="RegressionTest3" name="test137" time="0"/>
  <testcase classname="RegressionTest3" name="test138" time="0"/>
  <testcase classname="RegressionTest3" name="test139" time="0"/>
  <testcase classname="RegressionTest3" name="test140" time="0"/>
  <testcase classname="RegressionTest3" name="test141" time="0"/>
  <testcase classname="RegressionTest3" name="test142" time="0.001"/>
  <testcase classname="RegressionTest3" name="test143" time="0"/>
  <testcase classname="RegressionTest3" name="test144" time="0"/>
  <testcase classname="RegressionTest3" name="test145" time="0"/>
  <testcase classname="RegressionTest3" name="test146" time="0.001"/>
  <testcase classname="RegressionTest3" name="test147" time="0"/>
  <testcase classname="RegressionTest3" name="test148" time="0"/>
  <testcase classname="RegressionTest3" name="test149" time="0"/>
  <testcase classname="RegressionTest3" name="test150" time="0.001"/>
  <testcase classname="RegressionTest3" name="test151" time="0"/>
  <testcase classname="RegressionTest3" name="test152" time="0"/>
  <testcase classname="RegressionTest3" name="test153" time="0"/>
  <testcase classname="RegressionTest3" name="test154" time="0"/>
  <testcase classname="RegressionTest3" name="test155" time="0"/>
  <testcase classname="RegressionTest3" name="test156" time="0.001"/>
  <testcase classname="RegressionTest3" name="test157" time="0"/>
  <testcase classname="RegressionTest3" name="test158" time="0"/>
  <testcase classname="RegressionTest3" name="test159" time="0"/>
  <testcase classname="RegressionTest3" name="test160" time="0"/>
  <testcase classname="RegressionTest3" name="test161" time="0"/>
  <testcase classname="RegressionTest3" name="test162" time="0"/>
  <testcase classname="RegressionTest3" name="test163" time="0"/>
  <testcase classname="RegressionTest3" name="test164" time="0.001"/>
  <testcase classname="RegressionTest3" name="test165" time="0"/>
  <testcase classname="RegressionTest3" name="test166" time="0"/>
  <testcase classname="RegressionTest3" name="test167" time="0"/>
  <testcase classname="RegressionTest3" name="test168" time="0"/>
  <testcase classname="RegressionTest3" name="test169" time="0"/>
  <testcase classname="RegressionTest3" name="test170" time="0"/>
  <testcase classname="RegressionTest3" name="test171" time="0"/>
  <testcase classname="RegressionTest3" name="test172" time="0.001"/>
  <testcase classname="RegressionTest3" name="test173" time="0"/>
  <testcase classname="RegressionTest3" name="test174" time="0"/>
  <testcase classname="RegressionTest3" name="test175" time="0"/>
  <testcase classname="RegressionTest3" name="test176" time="0"/>
  <testcase classname="RegressionTest3" name="test177" time="0.005"/>
  <testcase classname="RegressionTest3" name="test178" time="0"/>
  <testcase classname="RegressionTest3" name="test179" time="0"/>
  <testcase classname="RegressionTest3" name="test180" time="0"/>
  <testcase classname="RegressionTest3" name="test181" time="0.001"/>
  <testcase classname="RegressionTest3" name="test182" time="0"/>
  <testcase classname="RegressionTest3" name="test183" time="0"/>
  <testcase classname="RegressionTest3" name="test184" time="0"/>
  <testcase classname="RegressionTest3" name="test185" time="0.001"/>
  <testcase classname="RegressionTest3" name="test186" time="0"/>
  <testcase classname="RegressionTest3" name="test187" time="0"/>
  <testcase classname="RegressionTest3" name="test188" time="0.001"/>
  <testcase classname="RegressionTest3" name="test189" time="0"/>
  <testcase classname="RegressionTest3" name="test190" time="0"/>
  <testcase classname="RegressionTest3" name="test191" time="0"/>
  <testcase classname="RegressionTest3" name="test192" time="0.001"/>
  <testcase classname="RegressionTest3" name="test193" time="0"/>
  <testcase classname="RegressionTest3" name="test194" time="0"/>
  <testcase classname="RegressionTest3" name="test195" time="0"/>
  <testcase classname="RegressionTest3" name="test196" time="0"/>
  <testcase classname="RegressionTest3" name="test197" time="0.001"/>
  <testcase classname="RegressionTest3" name="test198" time="0"/>
  <testcase classname="RegressionTest3" name="test199" time="0"/>
  <testcase classname="RegressionTest3" name="test200" time="0.001"/>
  <testcase classname="RegressionTest3" name="test201" time="0"/>
  <testcase classname="RegressionTest3" name="test202" time="0"/>
  <testcase classname="RegressionTest3" name="test203" time="0"/>
  <testcase classname="RegressionTest3" name="test204" time="0"/>
  <testcase classname="RegressionTest3" name="test205" time="0.001"/>
  <testcase classname="RegressionTest3" name="test206" time="0"/>
  <testcase classname="RegressionTest3" name="test207" time="0"/>
  <testcase classname="RegressionTest3" name="test208" time="0"/>
  <testcase classname="RegressionTest3" name="test209" time="0"/>
  <testcase classname="RegressionTest3" name="test210" time="0.001"/>
  <testcase classname="RegressionTest3" name="test211" time="0"/>
  <testcase classname="RegressionTest3" name="test212" time="0"/>
  <testcase classname="RegressionTest3" name="test213" time="0"/>
  <testcase classname="RegressionTest3" name="test214" time="0"/>
  <testcase classname="RegressionTest3" name="test215" time="0"/>
  <testcase classname="RegressionTest3" name="test216" time="0"/>
  <testcase classname="RegressionTest3" name="test217" time="0"/>
  <testcase classname="RegressionTest3" name="test218" time="0"/>
  <testcase classname="RegressionTest3" name="test219" time="0"/>
  <testcase classname="RegressionTest3" name="test220" time="0.001"/>
  <testcase classname="RegressionTest3" name="test221" time="0"/>
  <testcase classname="RegressionTest3" name="test222" time="0.001"/>
  <testcase classname="RegressionTest3" name="test223" time="0"/>
  <testcase classname="RegressionTest3" name="test224" time="0"/>
  <testcase classname="RegressionTest3" name="test225" time="0"/>
  <testcase classname="RegressionTest3" name="test226" time="0"/>
  <testcase classname="RegressionTest3" name="test227" time="0.001"/>
  <testcase classname="RegressionTest3" name="test228" time="0"/>
  <testcase classname="RegressionTest3" name="test229" time="0"/>
  <testcase classname="RegressionTest3" name="test230" time="0"/>
  <testcase classname="RegressionTest3" name="test231" time="0.001"/>
  <testcase classname="RegressionTest3" name="test232" time="0"/>
  <testcase classname="RegressionTest3" name="test233" time="0.001"/>
  <testcase classname="RegressionTest3" name="test234" time="0"/>
  <testcase classname="RegressionTest3" name="test235" time="0"/>
  <testcase classname="RegressionTest3" name="test236" time="0"/>
  <testcase classname="RegressionTest3" name="test237" time="0.003"/>
  <testcase classname="RegressionTest3" name="test238" time="0"/>
  <testcase classname="RegressionTest3" name="test239" time="0"/>
  <testcase classname="RegressionTest3" name="test240" time="0"/>
  <testcase classname="RegressionTest3" name="test241" time="0"/>
  <testcase classname="RegressionTest3" name="test242" time="0"/>
  <testcase classname="RegressionTest3" name="test243" time="0"/>
  <testcase classname="RegressionTest3" name="test244" time="0.001"/>
  <testcase classname="RegressionTest3" name="test245" time="0"/>
  <testcase classname="RegressionTest3" name="test246" time="0"/>
  <testcase classname="RegressionTest3" name="test247" time="0"/>
  <testcase classname="RegressionTest3" name="test248" time="0"/>
  <testcase classname="RegressionTest3" name="test249" time="0"/>
  <testcase classname="RegressionTest3" name="test250" time="0"/>
  <testcase classname="RegressionTest3" name="test251" time="0"/>
  <testcase classname="RegressionTest3" name="test252" time="0"/>
  <testcase classname="RegressionTest3" name="test253" time="0"/>
  <testcase classname="RegressionTest3" name="test254" time="0"/>
  <testcase classname="RegressionTest3" name="test255" time="0"/>
  <testcase classname="RegressionTest3" name="test256" time="0"/>
  <testcase classname="RegressionTest3" name="test257" time="0"/>
  <testcase classname="RegressionTest3" name="test258" time="0"/>
  <testcase classname="RegressionTest3" name="test259" time="0"/>
  <testcase classname="RegressionTest3" name="test260" time="0"/>
  <testcase classname="RegressionTest3" name="test261" time="0"/>
  <testcase classname="RegressionTest3" name="test262" time="0.001"/>
  <testcase classname="RegressionTest3" name="test263" time="0"/>
  <testcase classname="RegressionTest3" name="test264" time="0"/>
  <testcase classname="RegressionTest3" name="test265" time="0"/>
  <testcase classname="RegressionTest3" name="test266" time="0"/>
  <testcase classname="RegressionTest3" name="test267" time="0"/>
  <testcase classname="RegressionTest3" name="test268" time="0.001"/>
  <testcase classname="RegressionTest3" name="test269" time="0"/>
  <testcase classname="RegressionTest3" name="test270" time="0"/>
  <testcase classname="RegressionTest3" name="test271" time="0"/>
  <testcase classname="RegressionTest3" name="test272" time="0"/>
  <testcase classname="RegressionTest3" name="test273" time="0"/>
  <testcase classname="RegressionTest3" name="test274" time="0"/>
  <testcase classname="RegressionTest3" name="test275" time="0.001"/>
  <testcase classname="RegressionTest3" name="test276" time="0"/>
  <testcase classname="RegressionTest3" name="test277" time="0"/>
  <testcase classname="RegressionTest3" name="test278" time="0"/>
  <testcase classname="RegressionTest3" name="test279" time="0"/>
  <testcase classname="RegressionTest3" name="test280" time="0.001"/>
  <testcase classname="RegressionTest3" name="test281" time="0"/>
  <testcase classname="RegressionTest3" name="test282" time="0"/>
  <testcase classname="RegressionTest3" name="test283" time="0"/>
  <testcase classname="RegressionTest3" name="test284" time="0"/>
  <testcase classname="RegressionTest3" name="test285" time="0.001"/>
  <testcase classname="RegressionTest3" name="test286" time="0"/>
  <testcase classname="RegressionTest3" name="test287" time="0"/>
  <testcase classname="RegressionTest3" name="test288" time="0"/>
  <testcase classname="RegressionTest3" name="test289" time="0"/>
  <testcase classname="RegressionTest3" name="test290" time="0.001"/>
  <testcase classname="RegressionTest3" name="test291" time="0"/>
  <testcase classname="RegressionTest3" name="test292" time="0"/>
  <testcase classname="RegressionTest3" name="test293" time="0"/>
  <testcase classname="RegressionTest3" name="test294" time="0"/>
  <testcase classname="RegressionTest3" name="test295" time="0"/>
  <testcase classname="RegressionTest3" name="test296" time="0"/>
  <testcase classname="RegressionTest3" name="test297" time="0"/>
  <testcase classname="RegressionTest3" name="test298" time="0"/>
  <testcase classname="RegressionTest3" name="test299" time="0"/>
  <testcase classname="RegressionTest3" name="test300" time="0"/>
  <testcase classname="RegressionTest3" name="test301" time="0"/>
  <testcase classname="RegressionTest3" name="test302" time="0.001"/>
  <testcase classname="RegressionTest3" name="test303" time="0"/>
  <testcase classname="RegressionTest3" name="test304" time="0"/>
  <testcase classname="RegressionTest3" name="test305" time="0"/>
  <testcase classname="RegressionTest3" name="test306" time="0"/>
  <testcase classname="RegressionTest3" name="test307" time="0"/>
  <testcase classname="RegressionTest3" name="test308" time="0.001"/>
  <testcase classname="RegressionTest3" name="test309" time="0"/>
  <testcase classname="RegressionTest3" name="test310" time="0"/>
  <testcase classname="RegressionTest3" name="test311" time="0"/>
  <testcase classname="RegressionTest3" name="test312" time="0"/>
  <testcase classname="RegressionTest3" name="test313" time="0"/>
  <testcase classname="RegressionTest3" name="test314" time="0"/>
  <testcase classname="RegressionTest3" name="test315" time="0.001"/>
  <testcase classname="RegressionTest3" name="test316" time="0"/>
  <testcase classname="RegressionTest3" name="test317" time="0"/>
  <testcase classname="RegressionTest3" name="test318" time="0"/>
  <testcase classname="RegressionTest3" name="test319" time="0"/>
  <testcase classname="RegressionTest3" name="test320" time="0"/>
  <testcase classname="RegressionTest3" name="test321" time="0"/>
  <testcase classname="RegressionTest3" name="test322" time="0"/>
  <testcase classname="RegressionTest3" name="test323" time="0"/>
  <testcase classname="RegressionTest3" name="test324" time="0"/>
  <testcase classname="RegressionTest3" name="test325" time="0.001"/>
  <testcase classname="RegressionTest3" name="test326" time="0"/>
  <testcase classname="RegressionTest3" name="test327" time="0"/>
  <testcase classname="RegressionTest3" name="test328" time="0"/>
  <testcase classname="RegressionTest3" name="test329" time="0"/>
  <testcase classname="RegressionTest3" name="test330" time="0"/>
  <testcase classname="RegressionTest3" name="test331" time="0"/>
  <testcase classname="RegressionTest3" name="test332" time="0.001"/>
  <testcase classname="RegressionTest3" name="test333" time="0"/>
  <testcase classname="RegressionTest3" name="test334" time="0"/>
  <testcase classname="RegressionTest3" name="test335" time="0"/>
  <testcase classname="RegressionTest3" name="test336" time="0"/>
  <testcase classname="RegressionTest3" name="test337" time="0"/>
  <testcase classname="RegressionTest3" name="test338" time="0.001"/>
  <testcase classname="RegressionTest3" name="test339" time="0"/>
  <testcase classname="RegressionTest3" name="test340" time="0"/>
  <testcase classname="RegressionTest3" name="test341" time="0"/>
  <testcase classname="RegressionTest3" name="test342" time="0"/>
  <testcase classname="RegressionTest3" name="test343" time="0"/>
  <testcase classname="RegressionTest3" name="test344" time="0.001"/>
  <testcase classname="RegressionTest3" name="test345" time="0"/>
  <testcase classname="RegressionTest3" name="test346" time="0"/>
  <testcase classname="RegressionTest3" name="test347" time="0"/>
  <testcase classname="RegressionTest3" name="test348" time="0"/>
  <testcase classname="RegressionTest3" name="test349" time="0.001"/>
  <testcase classname="RegressionTest3" name="test350" time="0"/>
  <testcase classname="RegressionTest3" name="test351" time="0"/>
  <testcase classname="RegressionTest3" name="test352" time="0"/>
  <testcase classname="RegressionTest3" name="test353" time="0"/>
  <testcase classname="RegressionTest3" name="test354" time="0"/>
  <testcase classname="RegressionTest3" name="test355" time="0"/>
  <testcase classname="RegressionTest3" name="test356" time="0.001"/>
  <testcase classname="RegressionTest3" name="test357" time="0"/>
  <testcase classname="RegressionTest3" name="test358" time="0"/>
  <testcase classname="RegressionTest3" name="test359" time="0"/>
  <testcase classname="RegressionTest3" name="test360" time="0"/>
  <testcase classname="RegressionTest3" name="test361" time="0"/>
  <testcase classname="RegressionTest3" name="test362" time="0.001"/>
  <testcase classname="RegressionTest3" name="test363" time="0"/>
  <testcase classname="RegressionTest3" name="test364" time="0"/>
  <testcase classname="RegressionTest3" name="test365" time="0"/>
  <testcase classname="RegressionTest3" name="test366" time="0"/>
  <testcase classname="RegressionTest3" name="test367" time="0"/>
  <testcase classname="RegressionTest3" name="test368" time="0"/>
  <testcase classname="RegressionTest3" name="test369" time="0.001"/>
  <testcase classname="RegressionTest3" name="test370" time="0"/>
  <testcase classname="RegressionTest3" name="test371" time="0"/>
  <testcase classname="RegressionTest3" name="test372" time="0"/>
  <testcase classname="RegressionTest3" name="test373" time="0"/>
  <testcase classname="RegressionTest3" name="test374" time="0"/>
  <testcase classname="RegressionTest3" name="test375" time="0.001"/>
  <testcase classname="RegressionTest3" name="test376" time="0"/>
  <testcase classname="RegressionTest3" name="test377" time="0"/>
  <testcase classname="RegressionTest3" name="test378" time="0"/>
  <testcase classname="RegressionTest3" name="test379" time="0.001"/>
  <testcase classname="RegressionTest3" name="test380" time="0"/>
  <testcase classname="RegressionTest3" name="test381" time="0"/>
  <testcase classname="RegressionTest3" name="test382" time="0"/>
  <testcase classname="RegressionTest3" name="test383" time="0"/>
  <testcase classname="RegressionTest3" name="test384" time="0.001"/>
  <testcase classname="RegressionTest3" name="test385" time="0"/>
  <testcase classname="RegressionTest3" name="test386" time="0"/>
  <testcase classname="RegressionTest3" name="test387" time="0"/>
  <testcase classname="RegressionTest3" name="test388" time="0"/>
  <testcase classname="RegressionTest3" name="test389" time="0.001"/>
  <testcase classname="RegressionTest3" name="test390" time="0"/>
  <testcase classname="RegressionTest3" name="test391" time="0"/>
  <testcase classname="RegressionTest3" name="test392" time="0"/>
  <testcase classname="RegressionTest3" name="test393" time="0"/>
  <testcase classname="RegressionTest3" name="test394" time="0"/>
  <testcase classname="RegressionTest3" name="test395" time="0"/>
  <testcase classname="RegressionTest3" name="test396" time="0"/>
  <testcase classname="RegressionTest3" name="test397" time="0"/>
  <testcase classname="RegressionTest3" name="test398" time="0"/>
  <testcase classname="RegressionTest3" name="test399" time="0"/>
  <testcase classname="RegressionTest3" name="test400" time="0"/>
  <testcase classname="RegressionTest3" name="test401" time="0"/>
  <testcase classname="RegressionTest3" name="test402" time="0"/>
  <testcase classname="RegressionTest3" name="test403" time="0.001"/>
  <testcase classname="RegressionTest3" name="test404" time="0"/>
  <testcase classname="RegressionTest3" name="test405" time="0"/>
  <testcase classname="RegressionTest3" name="test406" time="0"/>
  <testcase classname="RegressionTest3" name="test407" time="0"/>
  <testcase classname="RegressionTest3" name="test408" time="0"/>
  <testcase classname="RegressionTest3" name="test409" time="0"/>
  <testcase classname="RegressionTest3" name="test410" time="0"/>
  <testcase classname="RegressionTest3" name="test411" time="0"/>
  <testcase classname="RegressionTest3" name="test412" time="0"/>
  <testcase classname="RegressionTest3" name="test413" time="0"/>
  <testcase classname="RegressionTest3" name="test414" time="0"/>
  <testcase classname="RegressionTest3" name="test415" time="0"/>
  <testcase classname="RegressionTest3" name="test416" time="0"/>
  <testcase classname="RegressionTest3" name="test417" time="0"/>
  <testcase classname="RegressionTest3" name="test418" time="0"/>
  <testcase classname="RegressionTest3" name="test419" time="0"/>
  <testcase classname="RegressionTest3" name="test420" time="0"/>
  <testcase classname="RegressionTest3" name="test421" time="0"/>
  <testcase classname="RegressionTest3" name="test422" time="0"/>
  <testcase classname="RegressionTest3" name="test423" time="0.001"/>
  <testcase classname="RegressionTest3" name="test424" time="0"/>
  <testcase classname="RegressionTest3" name="test425" time="0"/>
  <testcase classname="RegressionTest3" name="test426" time="0"/>
  <testcase classname="RegressionTest3" name="test427" time="0"/>
  <testcase classname="RegressionTest3" name="test428" time="0"/>
  <testcase classname="RegressionTest3" name="test429" time="0"/>
  <testcase classname="RegressionTest3" name="test430" time="0.001"/>
  <testcase classname="RegressionTest3" name="test431" time="0"/>
  <testcase classname="RegressionTest3" name="test432" time="0"/>
  <testcase classname="RegressionTest3" name="test433" time="0.001"/>
  <testcase classname="RegressionTest3" name="test434" time="0"/>
  <testcase classname="RegressionTest3" name="test435" time="0"/>
  <testcase classname="RegressionTest3" name="test436" time="0.001"/>
  <testcase classname="RegressionTest3" name="test437" time="0"/>
  <testcase classname="RegressionTest3" name="test438" time="0"/>
  <testcase classname="RegressionTest3" name="test439" time="0"/>
  <testcase classname="RegressionTest3" name="test440" time="0"/>
  <testcase classname="RegressionTest3" name="test441" time="0.001"/>
  <testcase classname="RegressionTest3" name="test442" time="0"/>
  <testcase classname="RegressionTest3" name="test443" time="0"/>
  <testcase classname="RegressionTest3" name="test444" time="0"/>
  <testcase classname="RegressionTest3" name="test445" time="0"/>
  <testcase classname="RegressionTest3" name="test446" time="0.001"/>
  <testcase classname="RegressionTest3" name="test447" time="0"/>
  <testcase classname="RegressionTest3" name="test448" time="0"/>
  <testcase classname="RegressionTest3" name="test449" time="0"/>
  <testcase classname="RegressionTest3" name="test450" time="0"/>
  <testcase classname="RegressionTest3" name="test451" time="0"/>
  <testcase classname="RegressionTest3" name="test452" time="0"/>
  <testcase classname="RegressionTest3" name="test453" time="0.001"/>
  <testcase classname="RegressionTest3" name="test454" time="0"/>
  <testcase classname="RegressionTest3" name="test455" time="0"/>
  <testcase classname="RegressionTest3" name="test456" time="0"/>
  <testcase classname="RegressionTest3" name="test457" time="0"/>
  <testcase classname="RegressionTest3" name="test458" time="0"/>
  <testcase classname="RegressionTest3" name="test459" time="0"/>
  <testcase classname="RegressionTest3" name="test460" time="0.001"/>
  <testcase classname="RegressionTest3" name="test461" time="0"/>
  <testcase classname="RegressionTest3" name="test462" time="0"/>
  <testcase classname="RegressionTest3" name="test463" time="0"/>
  <testcase classname="RegressionTest3" name="test464" time="0.001"/>
  <testcase classname="RegressionTest3" name="test465" time="0"/>
  <testcase classname="RegressionTest3" name="test466" time="0"/>
  <testcase classname="RegressionTest3" name="test467" time="0"/>
  <testcase classname="RegressionTest3" name="test468" time="0"/>
  <testcase classname="RegressionTest3" name="test469" time="0"/>
  <testcase classname="RegressionTest3" name="test470" time="0"/>
  <testcase classname="RegressionTest3" name="test471" time="0"/>
  <testcase classname="RegressionTest3" name="test472" time="0.001"/>
  <testcase classname="RegressionTest3" name="test473" time="0"/>
  <testcase classname="RegressionTest3" name="test474" time="0"/>
  <testcase classname="RegressionTest3" name="test475" time="0"/>
  <testcase classname="RegressionTest3" name="test476" time="0"/>
  <testcase classname="RegressionTest3" name="test477" time="0"/>
  <testcase classname="RegressionTest3" name="test478" time="0"/>
  <testcase classname="RegressionTest3" name="test479" time="0.001"/>
  <testcase classname="RegressionTest3" name="test480" time="0"/>
  <testcase classname="RegressionTest3" name="test481" time="0"/>
  <testcase classname="RegressionTest3" name="test482" time="0"/>
  <testcase classname="RegressionTest3" name="test483" time="0"/>
  <testcase classname="RegressionTest3" name="test484" time="0"/>
  <testcase classname="RegressionTest3" name="test485" time="0.001"/>
  <testcase classname="RegressionTest3" name="test486" time="0"/>
  <testcase classname="RegressionTest3" name="test487" time="0"/>
  <testcase classname="RegressionTest3" name="test488" time="0"/>
  <testcase classname="RegressionTest3" name="test489" time="0"/>
  <testcase classname="RegressionTest3" name="test490" time="0"/>
  <testcase classname="RegressionTest3" name="test491" time="0"/>
  <testcase classname="RegressionTest3" name="test492" time="0.001"/>
  <testcase classname="RegressionTest3" name="test493" time="0"/>
  <testcase classname="RegressionTest3" name="test494" time="0"/>
  <testcase classname="RegressionTest3" name="test495" time="0"/>
  <testcase classname="RegressionTest3" name="test496" time="0.001"/>
  <testcase classname="RegressionTest3" name="test497" time="0"/>
  <testcase classname="RegressionTest3" name="test498" time="0"/>
  <testcase classname="RegressionTest3" name="test499" time="0"/>
  <testcase classname="RegressionTest3" name="test500" time="0"/>
  <testcase classname="RegressionTest4" name="test001" time="0"/>
  <testcase classname="RegressionTest4" name="test002" time="0"/>
  <testcase classname="RegressionTest4" name="test003" time="0"/>
  <testcase classname="RegressionTest4" name="test004" time="0"/>
  <testcase classname="RegressionTest4" name="test005" time="0"/>
  <testcase classname="RegressionTest4" name="test006" time="0"/>
  <testcase classname="RegressionTest4" name="test007" time="0"/>
  <testcase classname="RegressionTest4" name="test008" time="0"/>
  <testcase classname="RegressionTest4" name="test009" time="0"/>
  <testcase classname="RegressionTest4" name="test010" time="0"/>
  <testcase classname="RegressionTest4" name="test011" time="0"/>
  <testcase classname="RegressionTest4" name="test012" time="0.001"/>
  <testcase classname="RegressionTest4" name="test013" time="0"/>
  <testcase classname="RegressionTest4" name="test014" time="0"/>
  <testcase classname="RegressionTest4" name="test015" time="0.001"/>
  <testcase classname="RegressionTest4" name="test016" time="0"/>
  <testcase classname="RegressionTest4" name="test017" time="0"/>
  <testcase classname="RegressionTest4" name="test018" time="0"/>
  <testcase classname="RegressionTest4" name="test019" time="0"/>
  <testcase classname="RegressionTest4" name="test020" time="0"/>
  <testcase classname="RegressionTest4" name="test021" time="0"/>
  <testcase classname="RegressionTest4" name="test022" time="0"/>
  <testcase classname="RegressionTest4" name="test023" time="0.002"/>
  <testcase classname="RegressionTest4" name="test024" time="0"/>
  <testcase classname="RegressionTest4" name="test025" time="0"/>
  <testcase classname="RegressionTest4" name="test026" time="0"/>
  <testcase classname="RegressionTest4" name="test027" time="0"/>
  <testcase classname="RegressionTest4" name="test028" time="0.002"/>
  <testcase classname="RegressionTest4" name="test029" time="0"/>
  <testcase classname="RegressionTest4" name="test030" time="0"/>
  <testcase classname="RegressionTest4" name="test031" time="0"/>
  <testcase classname="RegressionTest4" name="test032" time="0"/>
  <testcase classname="RegressionTest4" name="test033" time="0"/>
  <testcase classname="RegressionTest4" name="test034" time="0"/>
  <testcase classname="RegressionTest4" name="test035" time="0"/>
  <testcase classname="RegressionTest4" name="test036" time="0"/>
  <testcase classname="RegressionTest4" name="test037" time="0"/>
  <testcase classname="RegressionTest4" name="test038" time="0"/>
  <testcase classname="RegressionTest4" name="test039" time="0"/>
  <testcase classname="RegressionTest4" name="test040" time="0"/>
  <testcase classname="RegressionTest4" name="test041" time="0"/>
  <testcase classname="RegressionTest4" name="test042" time="0.001"/>
  <testcase classname="RegressionTest4" name="test043" time="0"/>
  <testcase classname="RegressionTest4" name="test044" time="0"/>
  <testcase classname="RegressionTest4" name="test045" time="0"/>
  <testcase classname="RegressionTest4" name="test046" time="0"/>
  <testcase classname="RegressionTest4" name="test047" time="0"/>
  <testcase classname="RegressionTest4" name="test048" time="0"/>
  <testcase classname="RegressionTest4" name="test049" time="0"/>
  <testcase classname="RegressionTest4" name="test050" time="0"/>
  <testcase classname="RegressionTest4" name="test051" time="0.001"/>
  <testcase classname="RegressionTest4" name="test052" time="0"/>
  <testcase classname="RegressionTest4" name="test053" time="0"/>
  <testcase classname="RegressionTest4" name="test054" time="0"/>
  <testcase classname="RegressionTest4" name="test055" time="0"/>
  <testcase classname="RegressionTest4" name="test056" time="0"/>
  <testcase classname="RegressionTest4" name="test057" time="0.001"/>
  <testcase classname="RegressionTest4" name="test058" time="0"/>
  <testcase classname="RegressionTest4" name="test059" time="0"/>
  <testcase classname="RegressionTest4" name="test060" time="0"/>
  <testcase classname="RegressionTest4" name="test061" time="0"/>
  <testcase classname="RegressionTest4" name="test062" time="0"/>
  <testcase classname="RegressionTest4" name="test063" time="0.001"/>
  <testcase classname="RegressionTest4" name="test064" time="0"/>
  <testcase classname="RegressionTest4" name="test065" time="0"/>
  <testcase classname="RegressionTest4" name="test066" time="0"/>
  <testcase classname="RegressionTest4" name="test067" time="0"/>
  <testcase classname="RegressionTest4" name="test068" time="0"/>
  <testcase classname="RegressionTest4" name="test069" time="0"/>
  <testcase classname="RegressionTest4" name="test070" time="0"/>
  <testcase classname="RegressionTest4" name="test071" time="0.001"/>
  <testcase classname="RegressionTest4" name="test072" time="0"/>
  <testcase classname="RegressionTest4" name="test073" time="0"/>
  <testcase classname="RegressionTest4" name="test074" time="0"/>
  <testcase classname="RegressionTest4" name="test075" time="0"/>
  <testcase classname="RegressionTest4" name="test076" time="0.001"/>
  <testcase classname="RegressionTest4" name="test077" time="0"/>
  <testcase classname="RegressionTest4" name="test078" time="0"/>
  <testcase classname="RegressionTest4" name="test079" time="0"/>
  <testcase classname="RegressionTest4" name="test080" time="0"/>
  <testcase classname="RegressionTest4" name="test081" time="0"/>
  <testcase classname="RegressionTest4" name="test082" time="0"/>
  <testcase classname="RegressionTest4" name="test083" time="0.001"/>
  <testcase classname="RegressionTest4" name="test084" time="0"/>
  <testcase classname="RegressionTest4" name="test085" time="0"/>
  <testcase classname="RegressionTest4" name="test086" time="0"/>
  <testcase classname="RegressionTest4" name="test087" time="0"/>
  <testcase classname="RegressionTest4" name="test088" time="0.001"/>
  <testcase classname="RegressionTest4" name="test089" time="0"/>
  <testcase classname="RegressionTest4" name="test090" time="0"/>
  <testcase classname="RegressionTest4" name="test091" time="0"/>
  <testcase classname="RegressionTest4" name="test092" time="0"/>
  <testcase classname="RegressionTest4" name="test093" time="0"/>
  <testcase classname="RegressionTest4" name="test094" time="0"/>
  <testcase classname="RegressionTest4" name="test095" time="0.001"/>
  <testcase classname="RegressionTest4" name="test096" time="0"/>
  <testcase classname="RegressionTest4" name="test097" time="0"/>
  <testcase classname="RegressionTest4" name="test098" time="0"/>
  <testcase classname="RegressionTest4" name="test099" time="0"/>
  <testcase classname="RegressionTest4" name="test100" time="0"/>
  <testcase classname="RegressionTest4" name="test101" time="0"/>
  <testcase classname="RegressionTest4" name="test102" time="0"/>
  <testcase classname="RegressionTest4" name="test103" time="0"/>
  <testcase classname="RegressionTest4" name="test104" time="0"/>
  <testcase classname="RegressionTest4" name="test105" time="0"/>
  <testcase classname="RegressionTest4" name="test106" time="0"/>
  <testcase classname="RegressionTest4" name="test107" time="0"/>
  <testcase classname="RegressionTest4" name="test108" time="0"/>
  <testcase classname="RegressionTest4" name="test109" time="0"/>
  <testcase classname="RegressionTest4" name="test110" time="0"/>
  <testcase classname="RegressionTest4" name="test111" time="0"/>
  <testcase classname="RegressionTest4" name="test112" time="0"/>
  <testcase classname="RegressionTest4" name="test113" time="0"/>
  <testcase classname="RegressionTest4" name="test114" time="0"/>
  <testcase classname="RegressionTest4" name="test115" time="0"/>
  <testcase classname="RegressionTest4" name="test116" time="0"/>
  <testcase classname="RegressionTest4" name="test117" time="0"/>
  <testcase classname="RegressionTest4" name="test118" time="0"/>
  <testcase classname="RegressionTest4" name="test119" time="0"/>
  <testcase classname="RegressionTest4" name="test120" time="0.001"/>
  <testcase classname="RegressionTest4" name="test121" time="0"/>
  <testcase classname="RegressionTest4" name="test122" time="0"/>
  <testcase classname="RegressionTest4" name="test123" time="0"/>
  <testcase classname="RegressionTest4" name="test124" time="0"/>
  <testcase classname="RegressionTest4" name="test125" time="0"/>
  <testcase classname="RegressionTest4" name="test126" time="0"/>
  <testcase classname="RegressionTest4" name="test127" time="0"/>
  <testcase classname="RegressionTest4" name="test128" time="0"/>
  <testcase classname="RegressionTest4" name="test129" time="0"/>
  <testcase classname="RegressionTest4" name="test130" time="0"/>
  <testcase classname="RegressionTest4" name="test131" time="0"/>
  <testcase classname="RegressionTest4" name="test132" time="0.001"/>
  <testcase classname="RegressionTest4" name="test133" time="0"/>
  <testcase classname="RegressionTest4" name="test134" time="0"/>
  <testcase classname="RegressionTest4" name="test135" time="0"/>
  <testcase classname="RegressionTest4" name="test136" time="0"/>
  <testcase classname="RegressionTest4" name="test137" time="0"/>
  <testcase classname="RegressionTest4" name="test138" time="0"/>
  <testcase classname="RegressionTest4" name="test139" time="0"/>
  <testcase classname="RegressionTest4" name="test140" time="0.001"/>
  <testcase classname="RegressionTest4" name="test141" time="0"/>
  <testcase classname="RegressionTest4" name="test142" time="0"/>
  <testcase classname="RegressionTest4" name="test143" time="0"/>
  <testcase classname="RegressionTest4" name="test144" time="0"/>
  <testcase classname="RegressionTest4" name="test145" time="0"/>
  <testcase classname="RegressionTest4" name="test146" time="0"/>
  <testcase classname="RegressionTest4" name="test147" time="0"/>
  <testcase classname="RegressionTest4" name="test148" time="0"/>
  <testcase classname="RegressionTest4" name="test149" time="0.001"/>
  <testcase classname="RegressionTest4" name="test150" time="0"/>
  <testcase classname="RegressionTest4" name="test151" time="0"/>
  <testcase classname="RegressionTest4" name="test152" time="0"/>
  <testcase classname="RegressionTest4" name="test153" time="0"/>
  <testcase classname="RegressionTest4" name="test154" time="0"/>
  <testcase classname="RegressionTest4" name="test155" time="0"/>
  <testcase classname="RegressionTest4" name="test156" time="0"/>
  <testcase classname="RegressionTest4" name="test157" time="0"/>
  <testcase classname="RegressionTest4" name="test158" time="0.001"/>
  <testcase classname="RegressionTest4" name="test159" time="0"/>
  <testcase classname="RegressionTest4" name="test160" time="0"/>
  <testcase classname="RegressionTest4" name="test161" time="0"/>
  <testcase classname="RegressionTest4" name="test162" time="0"/>
  <testcase classname="RegressionTest4" name="test163" time="0"/>
  <testcase classname="RegressionTest4" name="test164" time="0"/>
  <testcase classname="RegressionTest4" name="test165" time="0"/>
  <testcase classname="RegressionTest4" name="test166" time="0.001"/>
  <testcase classname="RegressionTest4" name="test167" time="0"/>
  <testcase classname="RegressionTest4" name="test168" time="0"/>
  <testcase classname="RegressionTest4" name="test169" time="0"/>
  <testcase classname="RegressionTest4" name="test170" time="0"/>
  <testcase classname="RegressionTest4" name="test171" time="0"/>
  <testcase classname="RegressionTest4" name="test172" time="0"/>
  <testcase classname="RegressionTest4" name="test173" time="0.001"/>
  <testcase classname="RegressionTest4" name="test174" time="0"/>
  <testcase classname="RegressionTest4" name="test175" time="0"/>
  <testcase classname="RegressionTest4" name="test176" time="0"/>
  <testcase classname="RegressionTest4" name="test177" time="0"/>
  <testcase classname="RegressionTest4" name="test178" time="0"/>
  <testcase classname="RegressionTest4" name="test179" time="0"/>
  <testcase classname="RegressionTest4" name="test180" time="0.001"/>
  <testcase classname="RegressionTest4" name="test181" time="0"/>
  <testcase classname="RegressionTest4" name="test182" time="0"/>
  <testcase classname="RegressionTest4" name="test183" time="0"/>
  <testcase classname="RegressionTest4" name="test184" time="0"/>
  <testcase classname="RegressionTest4" name="test185" time="0"/>
  <testcase classname="RegressionTest4" name="test186" time="0"/>
  <testcase classname="RegressionTest4" name="test187" time="0"/>
  <testcase classname="RegressionTest4" name="test188" time="0"/>
  <testcase classname="RegressionTest4" name="test189" time="0"/>
  <testcase classname="RegressionTest4" name="test190" time="0"/>
  <testcase classname="RegressionTest4" name="test191" time="0"/>
  <testcase classname="RegressionTest4" name="test192" time="0"/>
  <testcase classname="RegressionTest4" name="test193" time="0"/>
  <testcase classname="RegressionTest4" name="test194" time="0"/>
  <testcase classname="RegressionTest4" name="test195" time="0"/>
  <testcase classname="RegressionTest4" name="test196" time="0"/>
  <testcase classname="RegressionTest4" name="test197" time="0"/>
  <testcase classname="RegressionTest4" name="test198" time="0"/>
  <testcase classname="RegressionTest4" name="test199" time="0"/>
  <testcase classname="RegressionTest4" name="test200" time="0"/>
  <testcase classname="RegressionTest4" name="test201" time="0"/>
  <testcase classname="RegressionTest4" name="test202" time="0.001"/>
  <testcase classname="RegressionTest4" name="test203" time="0"/>
  <testcase classname="RegressionTest4" name="test204" time="0"/>
  <testcase classname="RegressionTest4" name="test205" time="0"/>
  <testcase classname="RegressionTest4" name="test206" time="0"/>
  <testcase classname="RegressionTest4" name="test207" time="0"/>
  <testcase classname="RegressionTest4" name="test208" time="0"/>
  <testcase classname="RegressionTest4" name="test209" time="0.001"/>
  <testcase classname="RegressionTest4" name="test210" time="0"/>
  <testcase classname="RegressionTest4" name="test211" time="0"/>
  <testcase classname="RegressionTest4" name="test212" time="0"/>
  <testcase classname="RegressionTest4" name="test213" time="0"/>
  <testcase classname="RegressionTest4" name="test214" time="0"/>
  <testcase classname="RegressionTest4" name="test215" time="0"/>
  <testcase classname="RegressionTest4" name="test216" time="0"/>
  <testcase classname="RegressionTest4" name="test217" time="0"/>
  <testcase classname="RegressionTest4" name="test218" time="0"/>
  <testcase classname="RegressionTest4" name="test219" time="0"/>
  <testcase classname="RegressionTest4" name="test220" time="0"/>
  <testcase classname="RegressionTest4" name="test221" time="0"/>
  <testcase classname="RegressionTest4" name="test222" time="0.001"/>
  <testcase classname="RegressionTest4" name="test223" time="0"/>
  <testcase classname="RegressionTest4" name="test224" time="0"/>
  <testcase classname="RegressionTest4" name="test225" time="0"/>
  <testcase classname="RegressionTest4" name="test226" time="0"/>
  <testcase classname="RegressionTest4" name="test227" time="0"/>
  <testcase classname="RegressionTest4" name="test228" time="0"/>
  <testcase classname="RegressionTest4" name="test229" time="0"/>
  <testcase classname="RegressionTest4" name="test230" time="0"/>
  <testcase classname="RegressionTest4" name="test231" time="0"/>
  <testcase classname="RegressionTest4" name="test232" time="0"/>
  <testcase classname="RegressionTest4" name="test233" time="0"/>
  <testcase classname="RegressionTest4" name="test234" time="0"/>
  <testcase classname="RegressionTest4" name="test235" time="0"/>
  <testcase classname="RegressionTest4" name="test236" time="0"/>
  <testcase classname="RegressionTest4" name="test237" time="0.001"/>
  <testcase classname="RegressionTest4" name="test238" time="0"/>
  <testcase classname="RegressionTest4" name="test239" time="0"/>
  <testcase classname="RegressionTest4" name="test240" time="0"/>
  <testcase classname="RegressionTest4" name="test241" time="0"/>
  <testcase classname="RegressionTest4" name="test242" time="0"/>
  <testcase classname="RegressionTest4" name="test243" time="0"/>
  <testcase classname="RegressionTest4" name="test244" time="0"/>
  <testcase classname="RegressionTest4" name="test245" time="0"/>
  <testcase classname="RegressionTest4" name="test246" time="0"/>
  <testcase classname="RegressionTest4" name="test247" time="0.001"/>
  <testcase classname="RegressionTest4" name="test248" time="0"/>
  <testcase classname="RegressionTest4" name="test249" time="0"/>
  <testcase classname="RegressionTest4" name="test250" time="0"/>
  <testcase classname="RegressionTest4" name="test251" time="0"/>
  <testcase classname="RegressionTest4" name="test252" time="0"/>
  <testcase classname="RegressionTest4" name="test253" time="0"/>
  <testcase classname="RegressionTest4" name="test254" time="0"/>
  <testcase classname="RegressionTest4" name="test255" time="0.001"/>
  <testcase classname="RegressionTest4" name="test256" time="0"/>
  <testcase classname="RegressionTest4" name="test257" time="0"/>
  <testcase classname="RegressionTest4" name="test258" time="0"/>
  <testcase classname="RegressionTest4" name="test259" time="0"/>
  <testcase classname="RegressionTest4" name="test260" time="0"/>
  <testcase classname="RegressionTest4" name="test261" time="0"/>
  <testcase classname="RegressionTest4" name="test262" time="0"/>
  <testcase classname="RegressionTest4" name="test263" time="0"/>
  <testcase classname="RegressionTest4" name="test264" time="0.001"/>
  <testcase classname="RegressionTest4" name="test265" time="0"/>
  <testcase classname="RegressionTest4" name="test266" time="0"/>
  <testcase classname="RegressionTest4" name="test267" time="0"/>
  <testcase classname="RegressionTest4" name="test268" time="0"/>
  <testcase classname="RegressionTest4" name="test269" time="0"/>
  <testcase classname="RegressionTest4" name="test270" time="0"/>
  <testcase classname="RegressionTest4" name="test271" time="0"/>
  <testcase classname="RegressionTest4" name="test272" time="0"/>
  <testcase classname="RegressionTest4" name="test273" time="0.001"/>
  <testcase classname="RegressionTest4" name="test274" time="0"/>
  <testcase classname="RegressionTest4" name="test275" time="0"/>
  <testcase classname="RegressionTest4" name="test276" time="0"/>
  <testcase classname="RegressionTest4" name="test277" time="0"/>
  <testcase classname="RegressionTest4" name="test278" time="0"/>
  <testcase classname="RegressionTest4" name="test279" time="0"/>
  <testcase classname="RegressionTest4" name="test280" time="0.001"/>
  <testcase classname="RegressionTest4" name="test281" time="0"/>
  <testcase classname="RegressionTest4" name="test282" time="0"/>
  <testcase classname="RegressionTest4" name="test283" time="0"/>
  <testcase classname="RegressionTest4" name="test284" time="0"/>
  <testcase classname="RegressionTest4" name="test285" time="0"/>
  <testcase classname="RegressionTest4" name="test286" time="0"/>
  <testcase classname="RegressionTest4" name="test287" time="0"/>
  <testcase classname="RegressionTest4" name="test288" time="0"/>
  <testcase classname="RegressionTest4" name="test289" time="0"/>
  <testcase classname="RegressionTest4" name="test290" time="0"/>
  <testcase classname="RegressionTest4" name="test291" time="0.001"/>
  <testcase classname="RegressionTest4" name="test292" time="0"/>
  <testcase classname="RegressionTest4" name="test293" time="0"/>
  <testcase classname="RegressionTest4" name="test294" time="0"/>
  <testcase classname="RegressionTest4" name="test295" time="0"/>
  <testcase classname="RegressionTest4" name="test296" time="0"/>
  <testcase classname="RegressionTest4" name="test297" time="0"/>
  <testcase classname="RegressionTest4" name="test298" time="0"/>
  <testcase classname="RegressionTest4" name="test299" time="0.001"/>
  <testcase classname="RegressionTest4" name="test300" time="0"/>
  <testcase classname="RegressionTest4" name="test301" time="0"/>
  <testcase classname="RegressionTest4" name="test302" time="0"/>
  <testcase classname="RegressionTest4" name="test303" time="0"/>
  <testcase classname="RegressionTest4" name="test304" time="0"/>
  <testcase classname="RegressionTest4" name="test305" time="0.001"/>
  <testcase classname="RegressionTest4" name="test306" time="0"/>
  <testcase classname="RegressionTest4" name="test307" time="0"/>
  <testcase classname="RegressionTest4" name="test308" time="0"/>
  <testcase classname="RegressionTest4" name="test309" time="0"/>
  <testcase classname="RegressionTest4" name="test310" time="0"/>
  <testcase classname="RegressionTest4" name="test311" time="0.001"/>
  <testcase classname="RegressionTest4" name="test312" time="0"/>
  <testcase classname="RegressionTest4" name="test313" time="0"/>
  <testcase classname="RegressionTest4" name="test314" time="0"/>
  <testcase classname="RegressionTest4" name="test315" time="0"/>
  <testcase classname="RegressionTest4" name="test316" time="0"/>
  <testcase classname="RegressionTest4" name="test317" time="0"/>
  <testcase classname="RegressionTest4" name="test318" time="0"/>
  <testcase classname="RegressionTest4" name="test319" time="0"/>
  <testcase classname="RegressionTest4" name="test320" time="0"/>
  <testcase classname="RegressionTest4" name="test321" time="0"/>
  <testcase classname="RegressionTest4" name="test322" time="0"/>
  <testcase classname="RegressionTest4" name="test323" time="0"/>
  <testcase classname="RegressionTest4" name="test324" time="0"/>
  <testcase classname="RegressionTest4" name="test325" time="0"/>
  <testcase classname="RegressionTest4" name="test326" time="0"/>
  <testcase classname="RegressionTest4" name="test327" time="0"/>
  <testcase classname="RegressionTest4" name="test328" time="0"/>
  <testcase classname="RegressionTest4" name="test329" time="0.001"/>
  <testcase classname="RegressionTest4" name="test330" time="0"/>
  <testcase classname="RegressionTest4" name="test331" time="0"/>
  <testcase classname="RegressionTest4" name="test332" time="0"/>
  <testcase classname="RegressionTest4" name="test333" time="0"/>
  <testcase classname="RegressionTest4" name="test334" time="0"/>
  <testcase classname="RegressionTest4" name="test335" time="0"/>
  <testcase classname="RegressionTest4" name="test336" time="0"/>
  <testcase classname="RegressionTest4" name="test337" time="0"/>
  <testcase classname="RegressionTest4" name="test338" time="0"/>
  <testcase classname="RegressionTest4" name="test339" time="0"/>
  <testcase classname="RegressionTest4" name="test340" time="0"/>
  <testcase classname="RegressionTest4" name="test341" time="0"/>
  <testcase classname="RegressionTest4" name="test342" time="0.001"/>
  <testcase classname="RegressionTest4" name="test343" time="0"/>
  <testcase classname="RegressionTest4" name="test344" time="0"/>
  <testcase classname="RegressionTest4" name="test345" time="0"/>
  <testcase classname="RegressionTest4" name="test346" time="0"/>
  <testcase classname="RegressionTest4" name="test347" time="0"/>
  <testcase classname="RegressionTest4" name="test348" time="0"/>
  <testcase classname="RegressionTest4" name="test349" time="0.001"/>
  <testcase classname="RegressionTest4" name="test350" time="0"/>
  <testcase classname="RegressionTest4" name="test351" time="0"/>
  <testcase classname="RegressionTest4" name="test352" time="0"/>
  <testcase classname="RegressionTest4" name="test353" time="0"/>
  <testcase classname="RegressionTest4" name="test354" time="0"/>
  <testcase classname="RegressionTest4" name="test355" time="0"/>
  <testcase classname="RegressionTest4" name="test356" time="0"/>
  <testcase classname="RegressionTest4" name="test357" time="0.001"/>
  <testcase classname="RegressionTest4" name="test358" time="0"/>
  <testcase classname="RegressionTest4" name="test359" time="0"/>
  <testcase classname="RegressionTest4" name="test360" time="0"/>
  <testcase classname="RegressionTest4" name="test361" time="0.001"/>
  <testcase classname="RegressionTest4" name="test362" time="0"/>
  <testcase classname="RegressionTest4" name="test363" time="0"/>
  <testcase classname="RegressionTest4" name="test364" time="0.001"/>
  <testcase classname="RegressionTest4" name="test365" time="0"/>
  <testcase classname="RegressionTest4" name="test366" time="0.001"/>
  <testcase classname="RegressionTest4" name="test367" time="0.001"/>
  <testcase classname="RegressionTest4" name="test368" time="0"/>
  <testcase classname="RegressionTest4" name="test369" time="0"/>
  <testcase classname="RegressionTest4" name="test370" time="0"/>
  <testcase classname="RegressionTest4" name="test371" time="0"/>
  <testcase classname="RegressionTest4" name="test372" time="0"/>
  <testcase classname="RegressionTest4" name="test373" time="0"/>
  <testcase classname="RegressionTest4" name="test374" time="0"/>
  <testcase classname="RegressionTest4" name="test375" time="0"/>
  <testcase classname="RegressionTest4" name="test376" time="0"/>
  <testcase classname="RegressionTest4" name="test377" time="0"/>
  <testcase classname="RegressionTest4" name="test378" time="0"/>
  <testcase classname="RegressionTest4" name="test379" time="0"/>
  <testcase classname="RegressionTest4" name="test380" time="0"/>
  <testcase classname="RegressionTest4" name="test381" time="0"/>
  <testcase classname="RegressionTest4" name="test382" time="0"/>
  <testcase classname="RegressionTest4" name="test383" time="0"/>
  <testcase classname="RegressionTest4" name="test384" time="0"/>
  <testcase classname="RegressionTest4" name="test385" time="0"/>
  <testcase classname="RegressionTest4" name="test386" time="0"/>
  <testcase classname="RegressionTest4" name="test387" time="0"/>
  <testcase classname="RegressionTest4" name="test388" time="0"/>
  <testcase classname="RegressionTest4" name="test389" time="0"/>
  <testcase classname="RegressionTest4" name="test390" time="0"/>
  <testcase classname="RegressionTest4" name="test391" time="0"/>
  <testcase classname="RegressionTest4" name="test392" time="0"/>
  <testcase classname="RegressionTest4" name="test393" time="0"/>
  <testcase classname="RegressionTest4" name="test394" time="0"/>
  <testcase classname="RegressionTest4" name="test395" time="0"/>
  <testcase classname="RegressionTest4" name="test396" time="0"/>
  <testcase classname="RegressionTest4" name="test397" time="0"/>
  <testcase classname="RegressionTest4" name="test398" time="0"/>
  <testcase classname="RegressionTest4" name="test399" time="0"/>
  <testcase classname="RegressionTest4" name="test400" time="0"/>
  <testcase classname="RegressionTest4" name="test401" time="0"/>
  <testcase classname="RegressionTest4" name="test402" time="0"/>
  <testcase classname="RegressionTest4" name="test403" time="0"/>
  <testcase classname="RegressionTest4" name="test404" time="0"/>
  <testcase classname="RegressionTest4" name="test405" time="0"/>
  <testcase classname="RegressionTest4" name="test406" time="0"/>
  <testcase classname="RegressionTest4" name="test407" time="0"/>
  <testcase classname="RegressionTest4" name="test408" time="0"/>
  <testcase classname="RegressionTest4" name="test409" time="0"/>
  <testcase classname="RegressionTest4" name="test410" time="0"/>
  <testcase classname="RegressionTest4" name="test411" time="0"/>
  <testcase classname="RegressionTest4" name="test412" time="0"/>
  <testcase classname="RegressionTest4" name="test413" time="0"/>
  <testcase classname="RegressionTest4" name="test414" time="0.001"/>
  <testcase classname="RegressionTest4" name="test415" time="0"/>
  <testcase classname="RegressionTest4" name="test416" time="0"/>
  <testcase classname="RegressionTest4" name="test417" time="0"/>
  <testcase classname="RegressionTest4" name="test418" time="0"/>
  <testcase classname="RegressionTest4" name="test419" time="0"/>
  <testcase classname="RegressionTest4" name="test420" time="0"/>
  <testcase classname="RegressionTest4" name="test421" time="0"/>
  <testcase classname="RegressionTest4" name="test422" time="0"/>
  <testcase classname="RegressionTest4" name="test423" time="0"/>
  <testcase classname="RegressionTest4" name="test424" time="0.001"/>
  <testcase classname="RegressionTest4" name="test425" time="0"/>
  <testcase classname="RegressionTest4" name="test426" time="0"/>
  <testcase classname="RegressionTest4" name="test427" time="0"/>
  <testcase classname="RegressionTest4" name="test428" time="0"/>
  <testcase classname="RegressionTest4" name="test429" time="0"/>
  <testcase classname="RegressionTest4" name="test430" time="0"/>
  <testcase classname="RegressionTest4" name="test431" time="0.001"/>
  <testcase classname="RegressionTest4" name="test432" time="0"/>
  <testcase classname="RegressionTest4" name="test433" time="0"/>
  <testcase classname="RegressionTest4" name="test434" time="0"/>
  <testcase classname="RegressionTest4" name="test435" time="0"/>
  <testcase classname="RegressionTest4" name="test436" time="0"/>
  <testcase classname="RegressionTest4" name="test437" time="0"/>
  <testcase classname="RegressionTest4" name="test438" time="0"/>
  <testcase classname="RegressionTest4" name="test439" time="0.001"/>
  <testcase classname="RegressionTest4" name="test440" time="0"/>
  <testcase classname="RegressionTest4" name="test441" time="0"/>
  <testcase classname="RegressionTest4" name="test442" time="0"/>
  <testcase classname="RegressionTest4" name="test443" time="0"/>
  <testcase classname="RegressionTest4" name="test444" time="0"/>
  <testcase classname="RegressionTest4" name="test445" time="0"/>
  <testcase classname="RegressionTest4" name="test446" time="0"/>
  <testcase classname="RegressionTest4" name="test447" time="0.001"/>
  <testcase classname="RegressionTest4" name="test448" time="0"/>
  <testcase classname="RegressionTest4" name="test449" time="0"/>
  <testcase classname="RegressionTest4" name="test450" time="0"/>
  <testcase classname="RegressionTest4" name="test451" time="0"/>
  <testcase classname="RegressionTest4" name="test452" time="0"/>
  <testcase classname="RegressionTest4" name="test453" time="0"/>
  <testcase classname="RegressionTest4" name="test454" time="0"/>
  <testcase classname="RegressionTest4" name="test455" time="0.001"/>
  <testcase classname="RegressionTest4" name="test456" time="0"/>
  <testcase classname="RegressionTest4" name="test457" time="0"/>
  <testcase classname="RegressionTest4" name="test458" time="0"/>
  <testcase classname="RegressionTest4" name="test459" time="0"/>
  <testcase classname="RegressionTest4" name="test460" time="0"/>
  <testcase classname="RegressionTest4" name="test461" time="0"/>
  <testcase classname="RegressionTest4" name="test462" time="0.001"/>
  <testcase classname="RegressionTest4" name="test463" time="0"/>
  <testcase classname="RegressionTest4" name="test464" time="0"/>
  <testcase classname="RegressionTest4" name="test465" time="0"/>
  <testcase classname="RegressionTest4" name="test466" time="0"/>
  <testcase classname="RegressionTest4" name="test467" time="0"/>
  <testcase classname="RegressionTest4" name="test468" time="0"/>
  <testcase classname="RegressionTest4" name="test469" time="0"/>
  <testcase classname="RegressionTest4" name="test470" time="0"/>
  <testcase classname="RegressionTest4" name="test471" time="0"/>
  <testcase classname="RegressionTest4" name="test472" time="0"/>
  <testcase classname="RegressionTest4" name="test473" time="0"/>
  <testcase classname="RegressionTest4" name="test474" time="0"/>
  <testcase classname="RegressionTest4" name="test475" time="0"/>
  <testcase classname="RegressionTest4" name="test476" time="0.001"/>
  <testcase classname="RegressionTest4" name="test477" time="0"/>
  <testcase classname="RegressionTest4" name="test478" time="0"/>
  <testcase classname="RegressionTest4" name="test479" time="0"/>
  <testcase classname="RegressionTest4" name="test480" time="0"/>
  <testcase classname="RegressionTest4" name="test481" time="0"/>
  <testcase classname="RegressionTest4" name="test482" time="0"/>
  <testcase classname="RegressionTest4" name="test483" time="0"/>
  <testcase classname="RegressionTest4" name="test484" time="0"/>
  <testcase classname="RegressionTest4" name="test485" time="0"/>
  <testcase classname="RegressionTest4" name="test486" time="0"/>
  <testcase classname="RegressionTest4" name="test487" time="0"/>
  <testcase classname="RegressionTest4" name="test488" time="0"/>
  <testcase classname="RegressionTest4" name="test489" time="0.001"/>
  <testcase classname="RegressionTest4" name="test490" time="0"/>
  <testcase classname="RegressionTest4" name="test491" time="0"/>
  <testcase classname="RegressionTest4" name="test492" time="0"/>
  <testcase classname="RegressionTest4" name="test493" time="0"/>
  <testcase classname="RegressionTest4" name="test494" time="0"/>
  <testcase classname="RegressionTest4" name="test495" time="0"/>
  <testcase classname="RegressionTest4" name="test496" time="0"/>
  <testcase classname="RegressionTest4" name="test497" time="0"/>
  <testcase classname="RegressionTest4" name="test498" time="0.001"/>
  <testcase classname="RegressionTest4" name="test499" time="0"/>
  <testcase classname="RegressionTest4" name="test500" time="0"/>
  <testcase classname="RegressionTest5" name="test001" time="0"/>
  <testcase classname="RegressionTest5" name="test002" time="0"/>
  <testcase classname="RegressionTest5" name="test003" time="0"/>
  <testcase classname="RegressionTest5" name="test004" time="0"/>
  <testcase classname="RegressionTest5" name="test005" time="0"/>
  <testcase classname="RegressionTest5" name="test006" time="0"/>
  <testcase classname="RegressionTest5" name="test007" time="0"/>
  <testcase classname="RegressionTest5" name="test008" time="0"/>
  <testcase classname="RegressionTest5" name="test009" time="0"/>
  <testcase classname="RegressionTest5" name="test010" time="0"/>
  <testcase classname="RegressionTest5" name="test011" time="0.001"/>
  <testcase classname="RegressionTest5" name="test012" time="0"/>
  <testcase classname="RegressionTest5" name="test013" time="0"/>
  <testcase classname="RegressionTest5" name="test014" time="0"/>
  <testcase classname="RegressionTest5" name="test015" time="0"/>
  <testcase classname="RegressionTest5" name="test016" time="0"/>
  <testcase classname="RegressionTest5" name="test017" time="0"/>
  <testcase classname="RegressionTest5" name="test018" time="0"/>
  <testcase classname="RegressionTest5" name="test019" time="0"/>
  <testcase classname="RegressionTest5" name="test020" time="0"/>
  <testcase classname="RegressionTest5" name="test021" time="0"/>
  <testcase classname="RegressionTest5" name="test022" time="0"/>
  <testcase classname="RegressionTest5" name="test023" time="0"/>
  <testcase classname="RegressionTest5" name="test024" time="0.001"/>
  <testcase classname="RegressionTest5" name="test025" time="0"/>
  <testcase classname="RegressionTest5" name="test026" time="0"/>
  <testcase classname="RegressionTest5" name="test027" time="0"/>
  <testcase classname="RegressionTest5" name="test028" time="0"/>
  <testcase classname="RegressionTest5" name="test029" time="0"/>
  <testcase classname="RegressionTest5" name="test030" time="0.001"/>
  <testcase classname="RegressionTest5" name="test031" time="0"/>
  <testcase classname="RegressionTest5" name="test032" time="0"/>
  <testcase classname="RegressionTest5" name="test033" time="0"/>
  <testcase classname="RegressionTest5" name="test034" time="0"/>
  <testcase classname="RegressionTest5" name="test035" time="0"/>
  <testcase classname="RegressionTest5" name="test036" time="0"/>
  <testcase classname="RegressionTest5" name="test037" time="0.001"/>
  <testcase classname="RegressionTest5" name="test038" time="0"/>
  <testcase classname="RegressionTest5" name="test039" time="0"/>
  <testcase classname="RegressionTest5" name="test040" time="0"/>
  <testcase classname="RegressionTest5" name="test041" time="0"/>
  <testcase classname="RegressionTest5" name="test042" time="0"/>
  <testcase classname="RegressionTest5" name="test043" time="0"/>
  <testcase classname="RegressionTest5" name="test044" time="0"/>
  <testcase classname="RegressionTest5" name="test045" time="0"/>
  <testcase classname="RegressionTest5" name="test046" time="0"/>
  <testcase classname="RegressionTest5" name="test047" time="0.001"/>
  <testcase classname="RegressionTest5" name="test048" time="0"/>
  <testcase classname="RegressionTest5" name="test049" time="0"/>
  <testcase classname="RegressionTest5" name="test050" time="0"/>
  <testcase classname="RegressionTest5" name="test051" time="0"/>
  <testcase classname="RegressionTest5" name="test052" time="0"/>
  <testcase classname="RegressionTest5" name="test053" time="0"/>
  <testcase classname="RegressionTest5" name="test054" time="0"/>
  <testcase classname="RegressionTest5" name="test055" time="0"/>
  <testcase classname="RegressionTest5" name="test056" time="0.001"/>
  <testcase classname="RegressionTest5" name="test057" time="0"/>
  <testcase classname="RegressionTest5" name="test058" time="0"/>
  <testcase classname="RegressionTest5" name="test059" time="0"/>
  <testcase classname="RegressionTest5" name="test060" time="0"/>
  <testcase classname="RegressionTest5" name="test061" time="0"/>
  <testcase classname="RegressionTest5" name="test062" time="0.001"/>
  <testcase classname="RegressionTest5" name="test063" time="0"/>
  <testcase classname="RegressionTest5" name="test064" time="0"/>
  <testcase classname="RegressionTest5" name="test065" time="0"/>
  <testcase classname="RegressionTest5" name="test066" time="0"/>
  <testcase classname="RegressionTest5" name="test067" time="0"/>
  <testcase classname="RegressionTest5" name="test068" time="0"/>
  <testcase classname="RegressionTest5" name="test069" time="0"/>
  <testcase classname="RegressionTest5" name="test070" time="0"/>
  <testcase classname="RegressionTest5" name="test071" time="0.001"/>
  <testcase classname="RegressionTest5" name="test072" time="0"/>
  <testcase classname="RegressionTest5" name="test073" time="0"/>
  <testcase classname="RegressionTest5" name="test074" time="0"/>
  <testcase classname="RegressionTest5" name="test075" time="0"/>
  <testcase classname="RegressionTest5" name="test076" time="0"/>
  <testcase classname="RegressionTest5" name="test077" time="0"/>
  <testcase classname="RegressionTest5" name="test078" time="0"/>
  <testcase classname="RegressionTest5" name="test079" time="0"/>
  <testcase classname="RegressionTest5" name="test080" time="0"/>
  <testcase classname="RegressionTest5" name="test081" time="0"/>
  <testcase classname="RegressionTest5" name="test082" time="0"/>
  <testcase classname="RegressionTest5" name="test083" time="0"/>
  <testcase classname="RegressionTest5" name="test084" time="0"/>
  <testcase classname="RegressionTest5" name="test085" time="0"/>
  <testcase classname="RegressionTest5" name="test086" time="0"/>
  <testcase classname="RegressionTest5" name="test087" time="0"/>
  <testcase classname="RegressionTest5" name="test088" time="0"/>
  <testcase classname="RegressionTest5" name="test089" time="0.001"/>
  <testcase classname="RegressionTest5" name="test090" time="0"/>
  <testcase classname="RegressionTest5" name="test091" time="0"/>
  <testcase classname="RegressionTest5" name="test092" time="0"/>
  <testcase classname="RegressionTest5" name="test093" time="0"/>
  <testcase classname="RegressionTest5" name="test094" time="0"/>
  <testcase classname="RegressionTest5" name="test095" time="0.001"/>
  <testcase classname="RegressionTest5" name="test096" time="0"/>
  <testcase classname="RegressionTest5" name="test097" time="0"/>
  <testcase classname="RegressionTest5" name="test098" time="0"/>
  <testcase classname="RegressionTest5" name="test099" time="0"/>
  <testcase classname="RegressionTest5" name="test100" time="0"/>
  <testcase classname="RegressionTest5" name="test101" time="0"/>
  <testcase classname="RegressionTest5" name="test102" time="0"/>
  <testcase classname="RegressionTest5" name="test103" time="0"/>
  <testcase classname="RegressionTest5" name="test104" time="0"/>
  <testcase classname="RegressionTest5" name="test105" time="0"/>
  <testcase classname="RegressionTest5" name="test106" time="0"/>
  <testcase classname="RegressionTest5" name="test107" time="0"/>
  <testcase classname="RegressionTest5" name="test108" time="0"/>
  <testcase classname="RegressionTest5" name="test109" time="0"/>
  <testcase classname="RegressionTest5" name="test110" time="0"/>
  <testcase classname="RegressionTest5" name="test111" time="0"/>
  <testcase classname="RegressionTest5" name="test112" time="0"/>
  <testcase classname="RegressionTest5" name="test113" time="0.001"/>
  <testcase classname="RegressionTest5" name="test114" time="0"/>
  <testcase classname="RegressionTest5" name="test115" time="0"/>
  <testcase classname="RegressionTest5" name="test116" time="0"/>
  <testcase classname="RegressionTest5" name="test117" time="0"/>
  <testcase classname="RegressionTest5" name="test118" time="0"/>
  <testcase classname="RegressionTest5" name="test119" time="0"/>
  <testcase classname="RegressionTest5" name="test120" time="0"/>
  <testcase classname="RegressionTest5" name="test121" time="0.001"/>
  <testcase classname="RegressionTest5" name="test122" time="0"/>
  <testcase classname="RegressionTest5" name="test123" time="0"/>
  <testcase classname="RegressionTest5" name="test124" time="0"/>
  <testcase classname="RegressionTest5" name="test125" time="0"/>
  <testcase classname="RegressionTest5" name="test126" time="0"/>
  <testcase classname="RegressionTest5" name="test127" time="0"/>
  <testcase classname="RegressionTest5" name="test128" time="0"/>
  <testcase classname="RegressionTest5" name="test129" time="0"/>
  <testcase classname="RegressionTest5" name="test130" time="0"/>
  <testcase classname="RegressionTest5" name="test131" time="0"/>
  <testcase classname="RegressionTest5" name="test132" time="0"/>
  <testcase classname="RegressionTest5" name="test133" time="0"/>
  <testcase classname="RegressionTest5" name="test134" time="0"/>
  <testcase classname="RegressionTest5" name="test135" time="0"/>
  <testcase classname="RegressionTest5" name="test136" time="0.001"/>
  <testcase classname="RegressionTest5" name="test137" time="0"/>
  <testcase classname="RegressionTest5" name="test138" time="0"/>
  <testcase classname="RegressionTest5" name="test139" time="0.001"/>
  <testcase classname="RegressionTest5" name="test140" time="0"/>
  <testcase classname="RegressionTest5" name="test141" time="0.003"/>
  <testcase classname="RegressionTest5" name="test142" time="0.004"/>
  <testcase classname="RegressionTest5" name="test143" time="0"/>
  <testcase classname="RegressionTest5" name="test144" time="0"/>
  <testcase classname="RegressionTest5" name="test145" time="0.001"/>
  <testcase classname="RegressionTest5" name="test146" time="0"/>
  <testcase classname="RegressionTest5" name="test147" time="0"/>
  <testcase classname="RegressionTest5" name="test148" time="0"/>
  <testcase classname="RegressionTest5" name="test149" time="0"/>
  <testcase classname="RegressionTest5" name="test150" time="0"/>
  <testcase classname="RegressionTest5" name="test151" time="0"/>
  <testcase classname="RegressionTest5" name="test152" time="0"/>
  <testcase classname="RegressionTest5" name="test153" time="0.001"/>
  <testcase classname="RegressionTest5" name="test154" time="0"/>
  <testcase classname="RegressionTest5" name="test155" time="0"/>
  <testcase classname="RegressionTest5" name="test156" time="0"/>
  <testcase classname="RegressionTest5" name="test157" time="0"/>
  <testcase classname="RegressionTest5" name="test158" time="0"/>
  <testcase classname="RegressionTest5" name="test159" time="0.001"/>
  <testcase classname="RegressionTest5" name="test160" time="0"/>
  <testcase classname="RegressionTest5" name="test161" time="0"/>
  <testcase classname="RegressionTest5" name="test162" time="0"/>
  <testcase classname="RegressionTest5" name="test163" time="0"/>
  <testcase classname="RegressionTest5" name="test164" time="0"/>
  <testcase classname="RegressionTest5" name="test165" time="0"/>
  <testcase classname="RegressionTest5" name="test166" time="0"/>
  <testcase classname="RegressionTest5" name="test167" time="0"/>
  <testcase classname="RegressionTest5" name="test168" time="0"/>
  <testcase classname="RegressionTest5" name="test169" time="0"/>
  <testcase classname="RegressionTest5" name="test170" time="0"/>
  <testcase classname="RegressionTest5" name="test171" time="0"/>
  <testcase classname="RegressionTest5" name="test172" time="0.001"/>
  <testcase classname="RegressionTest5" name="test173" time="0"/>
  <testcase classname="RegressionTest5" name="test174" time="0"/>
  <testcase classname="RegressionTest5" name="test175" time="0"/>
  <testcase classname="RegressionTest5" name="test176" time="0"/>
  <testcase classname="RegressionTest5" name="test177" time="0"/>
  <testcase classname="RegressionTest5" name="test178" time="0.001"/>
  <testcase classname="RegressionTest5" name="test179" time="0"/>
  <testcase classname="RegressionTest5" name="test180" time="0"/>
  <testcase classname="RegressionTest5" name="test181" time="0"/>
  <testcase classname="RegressionTest5" name="test182" time="0"/>
  <testcase classname="RegressionTest5" name="test183" time="0"/>
  <testcase classname="RegressionTest5" name="test184" time="0"/>
  <testcase classname="RegressionTest5" name="test185" time="0.001"/>
  <testcase classname="RegressionTest5" name="test186" time="0"/>
  <testcase classname="RegressionTest5" name="test187" time="0"/>
  <testcase classname="RegressionTest5" name="test188" time="0"/>
  <testcase classname="RegressionTest5" name="test189" time="0"/>
  <testcase classname="RegressionTest5" name="test190" time="0"/>
  <testcase classname="RegressionTest5" name="test191" time="0"/>
  <testcase classname="RegressionTest5" name="test192" time="0.001"/>
  <testcase classname="RegressionTest5" name="test193" time="0"/>
  <testcase classname="RegressionTest5" name="test194" time="0"/>
  <testcase classname="RegressionTest5" name="test195" time="0"/>
  <testcase classname="RegressionTest5" name="test196" time="0"/>
  <testcase classname="RegressionTest5" name="test197" time="0"/>
  <testcase classname="RegressionTest5" name="test198" time="0"/>
  <testcase classname="RegressionTest5" name="test199" time="0"/>
  <testcase classname="RegressionTest5" name="test200" time="0.001"/>
  <testcase classname="RegressionTest5" name="test201" time="0"/>
  <testcase classname="RegressionTest5" name="test202" time="0"/>
  <testcase classname="RegressionTest5" name="test203" time="0"/>
  <testcase classname="RegressionTest5" name="test204" time="0"/>
  <testcase classname="RegressionTest5" name="test205" time="0"/>
  <testcase classname="RegressionTest5" name="test206" time="0"/>
  <testcase classname="RegressionTest5" name="test207" time="0"/>
  <testcase classname="RegressionTest5" name="test208" time="0"/>
  <testcase classname="RegressionTest5" name="test209" time="0.001"/>
  <testcase classname="RegressionTest5" name="test210" time="0"/>
  <testcase classname="RegressionTest5" name="test211" time="0"/>
  <testcase classname="RegressionTest5" name="test212" time="0"/>
  <testcase classname="RegressionTest5" name="test213" time="0"/>
  <testcase classname="RegressionTest5" name="test214" time="0"/>
  <testcase classname="RegressionTest5" name="test215" time="0"/>
  <testcase classname="RegressionTest5" name="test216" time="0.001"/>
  <testcase classname="RegressionTest5" name="test217" time="0"/>
  <testcase classname="RegressionTest5" name="test218" time="0"/>
  <testcase classname="RegressionTest5" name="test219" time="0"/>
  <testcase classname="RegressionTest5" name="test220" time="0"/>
  <testcase classname="RegressionTest5" name="test221" time="0"/>
  <testcase classname="RegressionTest5" name="test222" time="0.001"/>
  <testcase classname="RegressionTest5" name="test223" time="0"/>
  <testcase classname="RegressionTest5" name="test224" time="0"/>
  <testcase classname="RegressionTest5" name="test225" time="0"/>
  <testcase classname="RegressionTest5" name="test226" time="0"/>
  <testcase classname="RegressionTest5" name="test227" time="0"/>
  <testcase classname="RegressionTest5" name="test228" time="0"/>
  <testcase classname="RegressionTest5" name="test229" time="0"/>
  <testcase classname="RegressionTest5" name="test230" time="0"/>
  <testcase classname="RegressionTest5" name="test231" time="0"/>
  <testcase classname="RegressionTest5" name="test232" time="0"/>
  <testcase classname="RegressionTest5" name="test233" time="0"/>
  <testcase classname="RegressionTest5" name="test234" time="0"/>
  <testcase classname="RegressionTest5" name="test235" time="0"/>
  <testcase classname="RegressionTest5" name="test236" time="0"/>
  <testcase classname="RegressionTest5" name="test237" time="0"/>
  <testcase classname="RegressionTest5" name="test238" time="0.001"/>
  <testcase classname="RegressionTest5" name="test239" time="0"/>
  <testcase classname="RegressionTest5" name="test240" time="0"/>
  <testcase classname="RegressionTest5" name="test241" time="0"/>
  <testcase classname="RegressionTest5" name="test242" time="0"/>
  <testcase classname="RegressionTest5" name="test243" time="0"/>
  <testcase classname="RegressionTest5" name="test244" time="0"/>
  <testcase classname="RegressionTest5" name="test245" time="0"/>
  <testcase classname="RegressionTest5" name="test246" time="0.001"/>
  <testcase classname="RegressionTest5" name="test247" time="0"/>
  <testcase classname="RegressionTest5" name="test248" time="0"/>
  <testcase classname="RegressionTest5" name="test249" time="0"/>
  <testcase classname="RegressionTest5" name="test250" time="0"/>
  <testcase classname="RegressionTest5" name="test251" time="0"/>
  <testcase classname="RegressionTest5" name="test252" time="0"/>
  <testcase classname="RegressionTest5" name="test253" time="0"/>
  <testcase classname="RegressionTest5" name="test254" time="0.001"/>
  <testcase classname="RegressionTest5" name="test255" time="0"/>
  <testcase classname="RegressionTest5" name="test256" time="0"/>
  <testcase classname="RegressionTest5" name="test257" time="0"/>
  <testcase classname="RegressionTest5" name="test258" time="0"/>
  <testcase classname="RegressionTest5" name="test259" time="0"/>
  <testcase classname="RegressionTest5" name="test260" time="0"/>
  <testcase classname="RegressionTest5" name="test261" time="0"/>
  <testcase classname="RegressionTest5" name="test262" time="0"/>
  <testcase classname="RegressionTest5" name="test263" time="0"/>
  <testcase classname="RegressionTest5" name="test264" time="0"/>
  <testcase classname="RegressionTest5" name="test265" time="0"/>
  <testcase classname="RegressionTest5" name="test266" time="0"/>
  <testcase classname="RegressionTest5" name="test267" time="0"/>
  <testcase classname="RegressionTest5" name="test268" time="0"/>
  <testcase classname="RegressionTest5" name="test269" time="0"/>
  <testcase classname="RegressionTest5" name="test270" time="0"/>
  <testcase classname="RegressionTest5" name="test271" time="0.001"/>
  <testcase classname="RegressionTest5" name="test272" time="0"/>
  <testcase classname="RegressionTest5" name="test273" time="0"/>
  <testcase classname="RegressionTest5" name="test274" time="0"/>
  <testcase classname="RegressionTest5" name="test275" time="0"/>
  <testcase classname="RegressionTest5" name="test276" time="0"/>
  <testcase classname="RegressionTest5" name="test277" time="0"/>
  <testcase classname="RegressionTest5" name="test278" time="0"/>
  <testcase classname="RegressionTest5" name="test279" time="0"/>
  <testcase classname="RegressionTest5" name="test280" time="0"/>
  <testcase classname="RegressionTest5" name="test281" time="0"/>
  <testcase classname="RegressionTest5" name="test282" time="0"/>
  <testcase classname="RegressionTest5" name="test283" time="0"/>
  <testcase classname="RegressionTest5" name="test284" time="0"/>
  <testcase classname="RegressionTest5" name="test285" time="0.001"/>
  <testcase classname="RegressionTest5" name="test286" time="0"/>
  <testcase classname="RegressionTest5" name="test287" time="0"/>
  <testcase classname="RegressionTest5" name="test288" time="0"/>
  <testcase classname="RegressionTest5" name="test289" time="0"/>
  <testcase classname="RegressionTest5" name="test290" time="0"/>
  <testcase classname="RegressionTest5" name="test291" time="0.001"/>
  <testcase classname="RegressionTest5" name="test292" time="0"/>
  <testcase classname="RegressionTest5" name="test293" time="0"/>
  <testcase classname="RegressionTest5" name="test294" time="0"/>
  <testcase classname="RegressionTest5" name="test295" time="0"/>
  <testcase classname="RegressionTest5" name="test296" time="0"/>
  <testcase classname="RegressionTest5" name="test297" time="0"/>
  <testcase classname="RegressionTest5" name="test298" time="0"/>
  <testcase classname="RegressionTest5" name="test299" time="0"/>
  <testcase classname="RegressionTest5" name="test300" time="0"/>
  <testcase classname="RegressionTest5" name="test301" time="0.001"/>
  <testcase classname="RegressionTest5" name="test302" time="0"/>
  <testcase classname="RegressionTest5" name="test303" time="0"/>
  <testcase classname="RegressionTest5" name="test304" time="0"/>
  <testcase classname="RegressionTest5" name="test305" time="0"/>
  <testcase classname="RegressionTest5" name="test306" time="0"/>
  <testcase classname="RegressionTest5" name="test307" time="0.001"/>
  <testcase classname="RegressionTest5" name="test308" time="0"/>
  <testcase classname="RegressionTest5" name="test309" time="0"/>
  <testcase classname="RegressionTest5" name="test310" time="0"/>
  <testcase classname="RegressionTest5" name="test311" time="0.001"/>
  <testcase classname="RegressionTest5" name="test312" time="0"/>
  <testcase classname="RegressionTest5" name="test313" time="0"/>
  <testcase classname="RegressionTest5" name="test314" time="0.001"/>
  <testcase classname="RegressionTest5" name="test315" time="0"/>
  <testcase classname="RegressionTest5" name="test316" time="0"/>
  <testcase classname="RegressionTest5" name="test317" time="0"/>
  <testcase classname="RegressionTest5" name="test318" time="0.001"/>
  <testcase classname="RegressionTest5" name="test319" time="0"/>
  <testcase classname="RegressionTest5" name="test320" time="0"/>
  <testcase classname="RegressionTest5" name="test321" time="0"/>
  <testcase classname="RegressionTest5" name="test322" time="0.001"/>
  <testcase classname="RegressionTest5" name="test323" time="0"/>
  <testcase classname="RegressionTest5" name="test324" time="0"/>
  <testcase classname="RegressionTest5" name="test325" time="0.001"/>
  <testcase classname="RegressionTest5" name="test326" time="0"/>
  <testcase classname="RegressionTest5" name="test327" time="0"/>
  <testcase classname="RegressionTest5" name="test328" time="0"/>
  <testcase classname="RegressionTest5" name="test329" time="0.001"/>
  <testcase classname="RegressionTest5" name="test330" time="0"/>
  <testcase classname="RegressionTest5" name="test331" time="0"/>
  <testcase classname="RegressionTest5" name="test332" time="0"/>
  <testcase classname="RegressionTest5" name="test333" time="0"/>
  <testcase classname="RegressionTest5" name="test334" time="0.001"/>
  <testcase classname="RegressionTest5" name="test335" time="0"/>
  <testcase classname="RegressionTest5" name="test336" time="0"/>
  <testcase classname="RegressionTest5" name="test337" time="0"/>
  <testcase classname="RegressionTest5" name="test338" time="0"/>
  <testcase classname="RegressionTest5" name="test339" time="0"/>
  <testcase classname="RegressionTest5" name="test340" time="0.001"/>
  <testcase classname="RegressionTest5" name="test341" time="0"/>
  <testcase classname="RegressionTest5" name="test342" time="0"/>
  <testcase classname="RegressionTest5" name="test343" time="0"/>
  <testcase classname="RegressionTest5" name="test344" time="0"/>
  <testcase classname="RegressionTest5" name="test345" time="0"/>
  <testcase classname="RegressionTest5" name="test346" time="0"/>
  <testcase classname="RegressionTest5" name="test347" time="0"/>
  <testcase classname="RegressionTest5" name="test348" time="0"/>
  <testcase classname="RegressionTest5" name="test349" time="0"/>
  <testcase classname="RegressionTest5" name="test350" time="0"/>
  <testcase classname="RegressionTest5" name="test351" time="0"/>
  <testcase classname="RegressionTest5" name="test352" time="0"/>
  <testcase classname="RegressionTest5" name="test353" time="0"/>
  <testcase classname="RegressionTest5" name="test354" time="0"/>
  <testcase classname="RegressionTest5" name="test355" time="0"/>
  <testcase classname="RegressionTest5" name="test356" time="0"/>
  <testcase classname="RegressionTest5" name="test357" time="0"/>
  <testcase classname="RegressionTest5" name="test358" time="0"/>
  <testcase classname="RegressionTest5" name="test359" time="0"/>
  <testcase classname="RegressionTest5" name="test360" time="0.001"/>
  <testcase classname="RegressionTest5" name="test361" time="0"/>
  <testcase classname="RegressionTest5" name="test362" time="0"/>
  <testcase classname="RegressionTest5" name="test363" time="0"/>
  <testcase classname="RegressionTest5" name="test364" time="0"/>
  <testcase classname="RegressionTest5" name="test365" time="0"/>
  <testcase classname="RegressionTest5" name="test366" time="0.001"/>
  <testcase classname="RegressionTest5" name="test367" time="0"/>
  <testcase classname="RegressionTest5" name="test368" time="0"/>
  <testcase classname="RegressionTest5" name="test369" time="0"/>
  <testcase classname="RegressionTest5" name="test370" time="0"/>
  <testcase classname="RegressionTest5" name="test371" time="0"/>
  <testcase classname="RegressionTest5" name="test372" time="0"/>
  <testcase classname="RegressionTest5" name="test373" time="0"/>
  <testcase classname="RegressionTest5" name="test374" time="0"/>
  <testcase classname="RegressionTest5" name="test375" time="0"/>
  <testcase classname="RegressionTest5" name="test376" time="0"/>
  <testcase classname="RegressionTest5" name="test377" time="0"/>
  <testcase classname="RegressionTest5" name="test378" time="0"/>
  <testcase classname="RegressionTest5" name="test379" time="0"/>
  <testcase classname="RegressionTest5" name="test380" time="0"/>
  <testcase classname="RegressionTest5" name="test381" time="0"/>
  <testcase classname="RegressionTest5" name="test382" time="0"/>
  <testcase classname="RegressionTest5" name="test383" time="0"/>
  <testcase classname="RegressionTest5" name="test384" time="0"/>
  <testcase classname="RegressionTest5" name="test385" time="0"/>
  <testcase classname="RegressionTest5" name="test386" time="0"/>
  <testcase classname="RegressionTest5" name="test387" time="0"/>
  <testcase classname="RegressionTest5" name="test388" time="0.001"/>
  <testcase classname="RegressionTest5" name="test389" time="0"/>
  <testcase classname="RegressionTest5" name="test390" time="0"/>
  <testcase classname="RegressionTest5" name="test391" time="0"/>
  <testcase classname="RegressionTest5" name="test392" time="0"/>
  <testcase classname="RegressionTest5" name="test393" time="0"/>
  <testcase classname="RegressionTest5" name="test394" time="0"/>
  <testcase classname="RegressionTest5" name="test395" time="0"/>
  <testcase classname="RegressionTest5" name="test396" time="0"/>
  <testcase classname="RegressionTest5" name="test397" time="0"/>
  <testcase classname="RegressionTest5" name="test398" time="0"/>
  <testcase classname="RegressionTest5" name="test399" time="0"/>
  <testcase classname="RegressionTest5" name="test400" time="0"/>
  <testcase classname="RegressionTest5" name="test401" time="0"/>
  <testcase classname="RegressionTest5" name="test402" time="0"/>
  <testcase classname="RegressionTest5" name="test403" time="0.001"/>
  <testcase classname="RegressionTest5" name="test404" time="0"/>
  <testcase classname="RegressionTest5" name="test405" time="0"/>
  <testcase classname="RegressionTest5" name="test406" time="0"/>
  <testcase classname="RegressionTest5" name="test407" time="0"/>
  <testcase classname="RegressionTest5" name="test408" time="0"/>
  <testcase classname="RegressionTest5" name="test409" time="0.001"/>
  <testcase classname="RegressionTest5" name="test410" time="0"/>
  <testcase classname="RegressionTest5" name="test411" time="0"/>
  <testcase classname="RegressionTest5" name="test412" time="0"/>
  <testcase classname="RegressionTest5" name="test413" time="0"/>
  <testcase classname="RegressionTest5" name="test414" time="0"/>
  <testcase classname="RegressionTest5" name="test415" time="0"/>
  <testcase classname="RegressionTest5" name="test416" time="0"/>
  <testcase classname="RegressionTest5" name="test417" time="0.001"/>
  <testcase classname="RegressionTest5" name="test418" time="0"/>
  <testcase classname="RegressionTest5" name="test419" time="0"/>
  <testcase classname="RegressionTest5" name="test420" time="0"/>
  <testcase classname="RegressionTest5" name="test421" time="0"/>
  <testcase classname="RegressionTest5" name="test422" time="0"/>
  <testcase classname="RegressionTest5" name="test423" time="0"/>
  <testcase classname="RegressionTest5" name="test424" time="0"/>
  <testcase classname="RegressionTest5" name="test425" time="0.001"/>
  <testcase classname="RegressionTest5" name="test426" time="0"/>
  <testcase classname="RegressionTest5" name="test427" time="0"/>
  <testcase classname="RegressionTest5" name="test428" time="0"/>
  <testcase classname="RegressionTest5" name="test429" time="0.001"/>
  <testcase classname="RegressionTest5" name="test430" time="0.001"/>
  <testcase classname="RegressionTest5" name="test431" time="0"/>
  <testcase classname="RegressionTest5" name="test432" time="0"/>
  <testcase classname="RegressionTest5" name="test433" time="0.003"/>
  <testcase classname="RegressionTest5" name="test434" time="0"/>
  <testcase classname="RegressionTest5" name="test435" time="0"/>
  <testcase classname="RegressionTest5" name="test436" time="0"/>
  <testcase classname="RegressionTest5" name="test437" time="0"/>
  <testcase classname="RegressionTest5" name="test438" time="0"/>
  <testcase classname="RegressionTest5" name="test439" time="0"/>
  <testcase classname="RegressionTest5" name="test440" time="0"/>
  <testcase classname="RegressionTest5" name="test441" time="0"/>
  <testcase classname="RegressionTest5" name="test442" time="0"/>
  <testcase classname="RegressionTest5" name="test443" time="0"/>
  <testcase classname="RegressionTest5" name="test444" time="0"/>
  <testcase classname="RegressionTest5" name="test445" time="0"/>
  <testcase classname="RegressionTest5" name="test446" time="0"/>
  <testcase classname="RegressionTest5" name="test447" time="0"/>
  <testcase classname="RegressionTest5" name="test448" time="0"/>
  <testcase classname="RegressionTest5" name="test449" time="0"/>
  <testcase classname="RegressionTest5" name="test450" time="0"/>
  <testcase classname="RegressionTest5" name="test451" time="0.001"/>
  <testcase classname="RegressionTest5" name="test452" time="0"/>
  <testcase classname="RegressionTest5" name="test453" time="0"/>
  <testcase classname="RegressionTest5" name="test454" time="0"/>
  <testcase classname="RegressionTest5" name="test455" time="0"/>
  <testcase classname="RegressionTest5" name="test456" time="0"/>
  <testcase classname="RegressionTest5" name="test457" time="0"/>
  <testcase classname="RegressionTest5" name="test458" time="0"/>
  <testcase classname="RegressionTest5" name="test459" time="0"/>
  <testcase classname="RegressionTest5" name="test460" time="0"/>
  <testcase classname="RegressionTest5" name="test461" time="0"/>
  <testcase classname="RegressionTest5" name="test462" time="0"/>
  <testcase classname="RegressionTest5" name="test463" time="0"/>
  <testcase classname="RegressionTest5" name="test464" time="0"/>
  <testcase classname="RegressionTest5" name="test465" time="0.001"/>
  <testcase classname="RegressionTest5" name="test466" time="0"/>
  <testcase classname="RegressionTest5" name="test467" time="0"/>
  <testcase classname="RegressionTest5" name="test468" time="0"/>
  <testcase classname="RegressionTest5" name="test469" time="0"/>
  <testcase classname="RegressionTest5" name="test470" time="0"/>
  <testcase classname="RegressionTest5" name="test471" time="0"/>
  <testcase classname="RegressionTest5" name="test472" time="0"/>
  <testcase classname="RegressionTest5" name="test473" time="0"/>
  <testcase classname="RegressionTest5" name="test474" time="0"/>
  <testcase classname="RegressionTest5" name="test475" time="0.001"/>
  <testcase classname="RegressionTest5" name="test476" time="0"/>
  <testcase classname="RegressionTest5" name="test477" time="0"/>
  <testcase classname="RegressionTest5" name="test478" time="0"/>
  <testcase classname="RegressionTest5" name="test479" time="0"/>
  <testcase classname="RegressionTest5" name="test480" time="0"/>
  <testcase classname="RegressionTest5" name="test481" time="0.001"/>
  <testcase classname="RegressionTest5" name="test482" time="0"/>
  <testcase classname="RegressionTest5" name="test483" time="0.002"/>
  <testcase classname="RegressionTest5" name="test484" time="0"/>
  <testcase classname="RegressionTest5" name="test485" time="0"/>
  <testcase classname="RegressionTest5" name="test486" time="0"/>
  <testcase classname="RegressionTest5" name="test487" time="0"/>
  <testcase classname="RegressionTest5" name="test488" time="0.001"/>
  <testcase classname="RegressionTest5" name="test489" time="0"/>
  <testcase classname="RegressionTest5" name="test490" time="0"/>
  <testcase classname="RegressionTest5" name="test491" time="0"/>
  <testcase classname="RegressionTest5" name="test492" time="0"/>
  <testcase classname="RegressionTest5" name="test493" time="0"/>
  <testcase classname="RegressionTest5" name="test494" time="0.001"/>
  <testcase classname="RegressionTest5" name="test495" time="0"/>
  <testcase classname="RegressionTest5" name="test496" time="0"/>
  <testcase classname="RegressionTest5" name="test497" time="0"/>
  <testcase classname="RegressionTest5" name="test498" time="0"/>
  <testcase classname="RegressionTest5" name="test499" time="0"/>
  <testcase classname="RegressionTest5" name="test500" time="0.001"/>
  <testcase classname="RegressionTest6" name="test001" time="0"/>
  <testcase classname="RegressionTest6" name="test002" time="0"/>
  <testcase classname="RegressionTest6" name="test003" time="0"/>
  <testcase classname="RegressionTest6" name="test004" time="0"/>
  <testcase classname="RegressionTest6" name="test005" time="0"/>
  <testcase classname="RegressionTest6" name="test006" time="0"/>
  <testcase classname="RegressionTest6" name="test007" time="0"/>
  <testcase classname="RegressionTest6" name="test008" time="0"/>
  <testcase classname="RegressionTest6" name="test009" time="0"/>
  <testcase classname="RegressionTest6" name="test010" time="0.001"/>
  <testcase classname="RegressionTest6" name="test011" time="0"/>
  <testcase classname="RegressionTest6" name="test012" time="0"/>
  <testcase classname="RegressionTest6" name="test013" time="0"/>
  <testcase classname="RegressionTest6" name="test014" time="0"/>
  <testcase classname="RegressionTest6" name="test015" time="0"/>
  <testcase classname="RegressionTest6" name="test016" time="0"/>
  <testcase classname="RegressionTest6" name="test017" time="0"/>
  <testcase classname="RegressionTest6" name="test018" time="0"/>
  <testcase classname="RegressionTest6" name="test019" time="0"/>
  <testcase classname="RegressionTest6" name="test020" time="0"/>
  <testcase classname="RegressionTest6" name="test021" time="0.001"/>
  <testcase classname="RegressionTest6" name="test022" time="0"/>
  <testcase classname="RegressionTest6" name="test023" time="0"/>
  <testcase classname="RegressionTest6" name="test024" time="0"/>
  <testcase classname="RegressionTest6" name="test025" time="0"/>
  <testcase classname="RegressionTest6" name="test026" time="0"/>
  <testcase classname="RegressionTest6" name="test027" time="0.001"/>
  <testcase classname="RegressionTest6" name="test028" time="0"/>
  <testcase classname="RegressionTest6" name="test029" time="0"/>
  <testcase classname="RegressionTest6" name="test030" time="0"/>
  <testcase classname="RegressionTest6" name="test031" time="0"/>
  <testcase classname="RegressionTest6" name="test032" time="0"/>
  <testcase classname="RegressionTest6" name="test033" time="0"/>
  <testcase classname="RegressionTest6" name="test034" time="0.001"/>
  <testcase classname="RegressionTest6" name="test035" time="0"/>
  <testcase classname="RegressionTest6" name="test036" time="0"/>
  <testcase classname="RegressionTest6" name="test037" time="0"/>
  <testcase classname="RegressionTest6" name="test038" time="0"/>
  <testcase classname="RegressionTest6" name="test039" time="0"/>
  <testcase classname="RegressionTest6" name="test040" time="0"/>
  <testcase classname="RegressionTest6" name="test041" time="0"/>
  <testcase classname="RegressionTest6" name="test042" time="0.001"/>
  <testcase classname="RegressionTest6" name="test043" time="0"/>
  <testcase classname="RegressionTest6" name="test044" time="0"/>
  <testcase classname="RegressionTest6" name="test045" time="0"/>
  <testcase classname="RegressionTest6" name="test046" time="0"/>
  <testcase classname="RegressionTest6" name="test047" time="0"/>
  <testcase classname="RegressionTest6" name="test048" time="0"/>
  <testcase classname="RegressionTest6" name="test049" time="0"/>
  <testcase classname="RegressionTest6" name="test050" time="0"/>
  <testcase classname="RegressionTest6" name="test051" time="0.001"/>
  <testcase classname="RegressionTest6" name="test052" time="0"/>
  <testcase classname="RegressionTest6" name="test053" time="0"/>
  <testcase classname="RegressionTest6" name="test054" time="0"/>
  <testcase classname="RegressionTest6" name="test055" time="0"/>
  <testcase classname="RegressionTest6" name="test056" time="0"/>
  <testcase classname="RegressionTest6" name="test057" time="0.001"/>
  <testcase classname="RegressionTest6" name="test058" time="0"/>
  <testcase classname="RegressionTest6" name="test059" time="0"/>
  <testcase classname="RegressionTest6" name="test060" time="0"/>
  <testcase classname="RegressionTest6" name="test061" time="0"/>
  <testcase classname="RegressionTest6" name="test062" time="0"/>
  <testcase classname="RegressionTest6" name="test063" time="0"/>
  <testcase classname="RegressionTest6" name="test064" time="0"/>
  <testcase classname="RegressionTest6" name="test065" time="0"/>
  <testcase classname="RegressionTest6" name="test066" time="0"/>
  <testcase classname="RegressionTest6" name="test067" time="0"/>
  <testcase classname="RegressionTest6" name="test068" time="0"/>
  <testcase classname="RegressionTest6" name="test069" time="0.001"/>
  <testcase classname="RegressionTest6" name="test070" time="0"/>
  <testcase classname="RegressionTest6" name="test071" time="0"/>
  <testcase classname="RegressionTest6" name="test072" time="0"/>
  <testcase classname="RegressionTest6" name="test073" time="0"/>
  <testcase classname="RegressionTest6" name="test074" time="0"/>
  <testcase classname="RegressionTest6" name="test075" time="0"/>
  <testcase classname="RegressionTest6" name="test076" time="0.001"/>
  <testcase classname="RegressionTest6" name="test077" time="0"/>
  <testcase classname="RegressionTest6" name="test078" time="0"/>
  <testcase classname="RegressionTest6" name="test079" time="0"/>
  <testcase classname="RegressionTest6" name="test080" time="0"/>
  <testcase classname="RegressionTest6" name="test081" time="0"/>
  <testcase classname="RegressionTest6" name="test082" time="0.001"/>
  <testcase classname="RegressionTest6" name="test083" time="0"/>
  <testcase classname="RegressionTest6" name="test084" time="0"/>
  <testcase classname="RegressionTest6" name="test085" time="0"/>
  <testcase classname="RegressionTest6" name="test086" time="0"/>
  <testcase classname="RegressionTest6" name="test087" time="0"/>
  <testcase classname="RegressionTest6" name="test088" time="0"/>
  <testcase classname="RegressionTest6" name="test089" time="0.001"/>
  <testcase classname="RegressionTest6" name="test090" time="0"/>
  <testcase classname="RegressionTest6" name="test091" time="0"/>
  <testcase classname="RegressionTest6" name="test092" time="0"/>
  <testcase classname="RegressionTest6" name="test093" time="0"/>
  <testcase classname="RegressionTest6" name="test094" time="0"/>
  <testcase classname="RegressionTest6" name="test095" time="0"/>
  <testcase classname="RegressionTest6" name="test096" time="0"/>
  <testcase classname="RegressionTest6" name="test097" time="0"/>
  <testcase classname="RegressionTest6" name="test098" time="0"/>
  <testcase classname="RegressionTest6" name="test099" time="0"/>
  <testcase classname="RegressionTest6" name="test100" time="0"/>
  <testcase classname="RegressionTest6" name="test101" time="0"/>
  <testcase classname="RegressionTest6" name="test102" time="0.001"/>
  <testcase classname="RegressionTest6" name="test103" time="0"/>
  <testcase classname="RegressionTest6" name="test104" time="0"/>
  <testcase classname="RegressionTest6" name="test105" time="0"/>
  <testcase classname="RegressionTest6" name="test106" time="0"/>
  <testcase classname="RegressionTest6" name="test107" time="0"/>
  <testcase classname="RegressionTest6" name="test108" time="0.001"/>
  <testcase classname="RegressionTest6" name="test109" time="0"/>
  <testcase classname="RegressionTest6" name="test110" time="0"/>
  <testcase classname="RegressionTest6" name="test111" time="0"/>
  <testcase classname="RegressionTest6" name="test112" time="0"/>
  <testcase classname="RegressionTest6" name="test113" time="0"/>
  <testcase classname="RegressionTest6" name="test114" time="0.001"/>
  <testcase classname="RegressionTest6" name="test115" time="0"/>
  <testcase classname="RegressionTest6" name="test116" time="0"/>
  <testcase classname="RegressionTest6" name="test117" time="0"/>
  <testcase classname="RegressionTest6" name="test118" time="0"/>
  <testcase classname="RegressionTest6" name="test119" time="0"/>
  <testcase classname="RegressionTest6" name="test120" time="0"/>
  <testcase classname="RegressionTest6" name="test121" time="0.001"/>
  <testcase classname="RegressionTest6" name="test122" time="0"/>
  <testcase classname="RegressionTest6" name="test123" time="0"/>
  <testcase classname="RegressionTest6" name="test124" time="0"/>
  <testcase classname="RegressionTest6" name="test125" time="0"/>
  <testcase classname="RegressionTest6" name="test126" time="0"/>
  <testcase classname="RegressionTest6" name="test127" time="0.001"/>
  <testcase classname="RegressionTest6" name="test128" time="0"/>
  <testcase classname="RegressionTest6" name="test129" time="0"/>
  <testcase classname="RegressionTest6" name="test130" time="0"/>
  <testcase classname="RegressionTest6" name="test131" time="0"/>
  <testcase classname="RegressionTest6" name="test132" time="0"/>
  <testcase classname="RegressionTest6" name="test133" time="0"/>
  <testcase classname="RegressionTest6" name="test134" time="0"/>
  <testcase classname="RegressionTest6" name="test135" time="0.001"/>
  <testcase classname="RegressionTest6" name="test136" time="0"/>
  <testcase classname="RegressionTest6" name="test137" time="0"/>
  <testcase classname="RegressionTest6" name="test138" time="0"/>
  <testcase classname="RegressionTest6" name="test139" time="0"/>
  <testcase classname="RegressionTest6" name="test140" time="0"/>
  <testcase classname="RegressionTest6" name="test141" time="0"/>
  <testcase classname="RegressionTest6" name="test142" time="0"/>
  <testcase classname="RegressionTest6" name="test143" time="0.001"/>
  <testcase classname="RegressionTest6" name="test144" time="0"/>
  <testcase classname="RegressionTest6" name="test145" time="0"/>
  <testcase classname="RegressionTest6" name="test146" time="0"/>
  <testcase classname="RegressionTest6" name="test147" time="0"/>
  <testcase classname="RegressionTest6" name="test148" time="0"/>
  <testcase classname="RegressionTest6" name="test149" time="0"/>
  <testcase classname="RegressionTest6" name="test150" time="0.001"/>
  <testcase classname="RegressionTest6" name="test151" time="0"/>
  <testcase classname="RegressionTest6" name="test152" time="0"/>
  <testcase classname="RegressionTest6" name="test153" time="0"/>
  <testcase classname="RegressionTest6" name="test154" time="0"/>
  <testcase classname="RegressionTest6" name="test155" time="0"/>
  <testcase classname="RegressionTest6" name="test156" time="0"/>
  <testcase classname="RegressionTest6" name="test157" time="0"/>
  <testcase classname="RegressionTest6" name="test158" time="0"/>
  <testcase classname="RegressionTest6" name="test159" time="0"/>
  <testcase classname="RegressionTest6" name="test160" time="0"/>
  <testcase classname="RegressionTest6" name="test161" time="0.005"/>
  <testcase classname="RegressionTest6" name="test162" time="0.001"/>
  <testcase classname="RegressionTest6" name="test163" time="0"/>
  <testcase classname="RegressionTest6" name="test164" time="0"/>
  <testcase classname="RegressionTest6" name="test165" time="0"/>
  <testcase classname="RegressionTest6" name="test166" time="0"/>
  <testcase classname="RegressionTest6" name="test167" time="0.001"/>
  <testcase classname="RegressionTest6" name="test168" time="0"/>
  <testcase classname="RegressionTest6" name="test169" time="0"/>
  <testcase classname="RegressionTest6" name="test170" time="0"/>
  <testcase classname="RegressionTest6" name="test171" time="0"/>
  <testcase classname="RegressionTest6" name="test172" time="0"/>
  <testcase classname="RegressionTest6" name="test173" time="0"/>
  <testcase classname="RegressionTest6" name="test174" time="0.001"/>
  <testcase classname="RegressionTest6" name="test175" time="0"/>
  <testcase classname="RegressionTest6" name="test176" time="0"/>
  <testcase classname="RegressionTest6" name="test177" time="0.001"/>
  <testcase classname="RegressionTest6" name="test178" time="0"/>
  <testcase classname="RegressionTest6" name="test179" time="0"/>
  <testcase classname="RegressionTest6" name="test180" time="0"/>
  <testcase classname="RegressionTest6" name="test181" time="0"/>
  <testcase classname="RegressionTest6" name="test182" time="0"/>
  <testcase classname="RegressionTest6" name="test183" time="0.001"/>
  <testcase classname="RegressionTest6" name="test184" time="0"/>
  <testcase classname="RegressionTest6" name="test185" time="0"/>
  <testcase classname="RegressionTest6" name="test186" time="0"/>
  <testcase classname="RegressionTest6" name="test187" time="0"/>
  <testcase classname="RegressionTest6" name="test188" time="0.001"/>
  <testcase classname="RegressionTest6" name="test189" time="0"/>
  <testcase classname="RegressionTest6" name="test190" time="0"/>
  <testcase classname="RegressionTest6" name="test191" time="0"/>
  <testcase classname="RegressionTest6" name="test192" time="0"/>
  <testcase classname="RegressionTest6" name="test193" time="0"/>
  <testcase classname="RegressionTest6" name="test194" time="0.001"/>
  <testcase classname="RegressionTest6" name="test195" time="0"/>
  <testcase classname="RegressionTest6" name="test196" time="0"/>
  <testcase classname="RegressionTest6" name="test197" time="0"/>
  <testcase classname="RegressionTest6" name="test198" time="0"/>
  <testcase classname="RegressionTest6" name="test199" time="0"/>
  <testcase classname="RegressionTest6" name="test200" time="0.001"/>
  <testcase classname="RegressionTest6" name="test201" time="0"/>
  <testcase classname="RegressionTest6" name="test202" time="0"/>
  <testcase classname="RegressionTest6" name="test203" time="0"/>
  <testcase classname="RegressionTest6" name="test204" time="0"/>
  <testcase classname="RegressionTest6" name="test205" time="0.001"/>
  <testcase classname="RegressionTest6" name="test206" time="0"/>
  <testcase classname="RegressionTest6" name="test207" time="0"/>
  <testcase classname="RegressionTest6" name="test208" time="0"/>
  <testcase classname="RegressionTest6" name="test209" time="0"/>
  <testcase classname="RegressionTest6" name="test210" time="0"/>
  <testcase classname="RegressionTest6" name="test211" time="0.001"/>
  <testcase classname="RegressionTest6" name="test212" time="0"/>
  <testcase classname="RegressionTest6" name="test213" time="0"/>
  <testcase classname="RegressionTest6" name="test214" time="0"/>
  <testcase classname="RegressionTest6" name="test215" time="0"/>
  <testcase classname="RegressionTest6" name="test216" time="0"/>
  <testcase classname="RegressionTest6" name="test217" time="0"/>
  <testcase classname="RegressionTest6" name="test218" time="0.001"/>
  <testcase classname="RegressionTest6" name="test219" time="0"/>
  <testcase classname="RegressionTest6" name="test220" time="0"/>
  <testcase classname="RegressionTest6" name="test221" time="0"/>
  <testcase classname="RegressionTest6" name="test222" time="0"/>
  <testcase classname="RegressionTest6" name="test223" time="0"/>
  <testcase classname="RegressionTest6" name="test224" time="0.001"/>
  <testcase classname="RegressionTest6" name="test225" time="0"/>
  <testcase classname="RegressionTest6" name="test226" time="0"/>
  <testcase classname="RegressionTest6" name="test227" time="0"/>
  <testcase classname="RegressionTest6" name="test228" time="0"/>
  <testcase classname="RegressionTest6" name="test229" time="0"/>
  <testcase classname="RegressionTest6" name="test230" time="0"/>
  <testcase classname="RegressionTest6" name="test231" time="0.001"/>
  <testcase classname="RegressionTest6" name="test232" time="0"/>
  <testcase classname="RegressionTest6" name="test233" time="0"/>
  <testcase classname="RegressionTest6" name="test234" time="0"/>
  <testcase classname="RegressionTest6" name="test235" time="0"/>
  <testcase classname="RegressionTest6" name="test236" time="0.001"/>
  <testcase classname="RegressionTest6" name="test237" time="0"/>
  <testcase classname="RegressionTest6" name="test238" time="0"/>
  <testcase classname="RegressionTest6" name="test239" time="0"/>
  <testcase classname="RegressionTest6" name="test240" time="0"/>
  <testcase classname="RegressionTest6" name="test241" time="0"/>
  <testcase classname="RegressionTest6" name="test242" time="0"/>
  <testcase classname="RegressionTest6" name="test243" time="0.001"/>
  <testcase classname="RegressionTest6" name="test244" time="0"/>
  <testcase classname="RegressionTest6" name="test245" time="0"/>
  <testcase classname="RegressionTest6" name="test246" time="0"/>
  <testcase classname="RegressionTest6" name="test247" time="0"/>
  <testcase classname="RegressionTest6" name="test248" time="0.001"/>
  <testcase classname="RegressionTest6" name="test249" time="0"/>
  <testcase classname="RegressionTest6" name="test250" time="0"/>
  <testcase classname="RegressionTest6" name="test251" time="0"/>
  <testcase classname="RegressionTest6" name="test252" time="0.001"/>
  <testcase classname="RegressionTest6" name="test253" time="0"/>
  <testcase classname="RegressionTest6" name="test254" time="0"/>
  <testcase classname="RegressionTest6" name="test255" time="0"/>
  <testcase classname="RegressionTest6" name="test256" time="0.001"/>
  <testcase classname="RegressionTest6" name="test257" time="0"/>
  <testcase classname="RegressionTest6" name="test258" time="0"/>
  <testcase classname="RegressionTest6" name="test259" time="0"/>
  <testcase classname="RegressionTest6" name="test260" time="0.001"/>
  <testcase classname="RegressionTest6" name="test261" time="0"/>
  <testcase classname="RegressionTest6" name="test262" time="0"/>
  <testcase classname="RegressionTest6" name="test263" time="0"/>
  <testcase classname="RegressionTest6" name="test264" time="0"/>
  <testcase classname="RegressionTest6" name="test265" time="0"/>
  <testcase classname="RegressionTest6" name="test266" time="0"/>
  <testcase classname="RegressionTest6" name="test267" time="0.001"/>
  <testcase classname="RegressionTest6" name="test268" time="0"/>
  <testcase classname="RegressionTest6" name="test269" time="0"/>
  <testcase classname="RegressionTest6" name="test270" time="0"/>
  <testcase classname="RegressionTest6" name="test271" time="0"/>
  <testcase classname="RegressionTest6" name="test272" time="0"/>
  <testcase classname="RegressionTest6" name="test273" time="0.001"/>
  <testcase classname="RegressionTest6" name="test274" time="0"/>
  <testcase classname="RegressionTest6" name="test275" time="0"/>
  <testcase classname="RegressionTest6" name="test276" time="0"/>
  <testcase classname="RegressionTest6" name="test277" time="0"/>
  <testcase classname="RegressionTest6" name="test278" time="0.001"/>
  <testcase classname="RegressionTest6" name="test279" time="0"/>
  <testcase classname="RegressionTest6" name="test280" time="0"/>
  <testcase classname="RegressionTest6" name="test281" time="0"/>
  <testcase classname="RegressionTest6" name="test282" time="0"/>
  <testcase classname="RegressionTest6" name="test283" time="0"/>
  <testcase classname="RegressionTest6" name="test284" time="0"/>
  <testcase classname="RegressionTest6" name="test285" time="0"/>
  <testcase classname="RegressionTest6" name="test286" time="0.001"/>
  <testcase classname="RegressionTest6" name="test287" time="0"/>
  <testcase classname="RegressionTest6" name="test288" time="0"/>
  <testcase classname="RegressionTest6" name="test289" time="0"/>
  <testcase classname="RegressionTest6" name="test290" time="0"/>
  <testcase classname="RegressionTest6" name="test291" time="0"/>
  <testcase classname="RegressionTest6" name="test292" time="0"/>
  <testcase classname="RegressionTest6" name="test293" time="0"/>
  <testcase classname="RegressionTest6" name="test294" time="0"/>
  <testcase classname="RegressionTest6" name="test295" time="0"/>
  <testcase classname="RegressionTest6" name="test296" time="0.001"/>
  <testcase classname="RegressionTest6" name="test297" time="0"/>
  <testcase classname="RegressionTest6" name="test298" time="0"/>
  <testcase classname="RegressionTest6" name="test299" time="0"/>
  <testcase classname="RegressionTest6" name="test300" time="0"/>
  <testcase classname="RegressionTest6" name="test301" time="0.001"/>
  <testcase classname="RegressionTest6" name="test302" time="0"/>
  <testcase classname="RegressionTest6" name="test303" time="0"/>
  <testcase classname="RegressionTest6" name="test304" time="0"/>
  <testcase classname="RegressionTest6" name="test305" time="0"/>
  <testcase classname="RegressionTest6" name="test306" time="0"/>
  <testcase classname="RegressionTest6" name="test307" time="0"/>
  <testcase classname="RegressionTest6" name="test308" time="0"/>
  <testcase classname="RegressionTest6" name="test309" time="0"/>
  <testcase classname="RegressionTest6" name="test310" time="0"/>
  <testcase classname="RegressionTest6" name="test311" time="0"/>
  <testcase classname="RegressionTest6" name="test312" time="0"/>
  <testcase classname="RegressionTest6" name="test313" time="0"/>
  <testcase classname="RegressionTest6" name="test314" time="0"/>
  <testcase classname="RegressionTest6" name="test315" time="0.001"/>
  <testcase classname="RegressionTest6" name="test316" time="0"/>
  <testcase classname="RegressionTest6" name="test317" time="0"/>
  <testcase classname="RegressionTest6" name="test318" time="0"/>
  <testcase classname="RegressionTest6" name="test319" time="0"/>
  <testcase classname="RegressionTest6" name="test320" time="0.001"/>
  <testcase classname="RegressionTest6" name="test321" time="0"/>
  <testcase classname="RegressionTest6" name="test322" time="0"/>
  <testcase classname="RegressionTest6" name="test323" time="0"/>
  <testcase classname="RegressionTest6" name="test324" time="0"/>
  <testcase classname="RegressionTest6" name="test325" time="0"/>
  <testcase classname="RegressionTest6" name="test326" time="0.001"/>
  <testcase classname="RegressionTest6" name="test327" time="0"/>
  <testcase classname="RegressionTest6" name="test328" time="0"/>
  <testcase classname="RegressionTest6" name="test329" time="0"/>
  <testcase classname="RegressionTest6" name="test330" time="0"/>
  <testcase classname="RegressionTest6" name="test331" time="0.001"/>
  <testcase classname="RegressionTest6" name="test332" time="0"/>
  <testcase classname="RegressionTest6" name="test333" time="0"/>
  <testcase classname="RegressionTest6" name="test334" time="0"/>
  <testcase classname="RegressionTest6" name="test335" time="0"/>
  <testcase classname="RegressionTest6" name="test336" time="0"/>
  <testcase classname="RegressionTest6" name="test337" time="0"/>
  <testcase classname="RegressionTest6" name="test338" time="0"/>
  <testcase classname="RegressionTest6" name="test339" time="0"/>
  <testcase classname="RegressionTest6" name="test340" time="0"/>
  <testcase classname="RegressionTest6" name="test341" time="0"/>
  <testcase classname="RegressionTest6" name="test342" time="0.001"/>
  <testcase classname="RegressionTest6" name="test343" time="0"/>
  <testcase classname="RegressionTest6" name="test344" time="0.001"/>
  <testcase classname="RegressionTest6" name="test345" time="0"/>
  <testcase classname="RegressionTest6" name="test346" time="0"/>
  <testcase classname="RegressionTest6" name="test347" time="0"/>
  <testcase classname="RegressionTest6" name="test348" time="0.001"/>
  <testcase classname="RegressionTest6" name="test349" time="0"/>
  <testcase classname="RegressionTest6" name="test350" time="0"/>
  <testcase classname="RegressionTest6" name="test351" time="0.001"/>
  <testcase classname="RegressionTest6" name="test352" time="0"/>
  <testcase classname="RegressionTest6" name="test353" time="0"/>
  <testcase classname="RegressionTest6" name="test354" time="0"/>
  <testcase classname="RegressionTest6" name="test355" time="0"/>
  <testcase classname="RegressionTest6" name="test356" time="0.001"/>
  <testcase classname="RegressionTest6" name="test357" time="0"/>
  <testcase classname="RegressionTest6" name="test358" time="0"/>
  <testcase classname="RegressionTest6" name="test359" time="0"/>
  <testcase classname="RegressionTest6" name="test360" time="0.001"/>
  <testcase classname="RegressionTest6" name="test361" time="0.004"/>
  <testcase classname="RegressionTest6" name="test362" time="0.001"/>
  <testcase classname="RegressionTest6" name="test363" time="0"/>
  <testcase classname="RegressionTest6" name="test364" time="0"/>
  <testcase classname="RegressionTest6" name="test365" time="0"/>
  <testcase classname="RegressionTest6" name="test366" time="0.001"/>
  <testcase classname="RegressionTest6" name="test367" time="0"/>
  <testcase classname="RegressionTest6" name="test368" time="0"/>
  <testcase classname="RegressionTest6" name="test369" time="0"/>
  <testcase classname="RegressionTest6" name="test370" time="0"/>
  <testcase classname="RegressionTest6" name="test371" time="0"/>
  <testcase classname="RegressionTest6" name="test372" time="0"/>
  <testcase classname="RegressionTest6" name="test373" time="0"/>
  <testcase classname="RegressionTest6" name="test374" time="0"/>
  <testcase classname="RegressionTest6" name="test375" time="0"/>
  <testcase classname="RegressionTest6" name="test376" time="0"/>
  <testcase classname="RegressionTest6" name="test377" time="0"/>
  <testcase classname="RegressionTest6" name="test378" time="0.001"/>
  <testcase classname="RegressionTest6" name="test379" time="0.001"/>
  <testcase classname="RegressionTest6" name="test380" time="0"/>
  <testcase classname="RegressionTest6" name="test381" time="0"/>
  <testcase classname="RegressionTest6" name="test382" time="0"/>
  <testcase classname="RegressionTest6" name="test383" time="0.001"/>
  <testcase classname="RegressionTest6" name="test384" time="0"/>
  <testcase classname="RegressionTest6" name="test385" time="0"/>
  <testcase classname="RegressionTest6" name="test386" time="0"/>
  <testcase classname="RegressionTest6" name="test387" time="0"/>
  <testcase classname="RegressionTest6" name="test388" time="0.001"/>
  <testcase classname="RegressionTest6" name="test389" time="0"/>
  <testcase classname="RegressionTest6" name="test390" time="0"/>
  <testcase classname="RegressionTest6" name="test391" time="0"/>
  <testcase classname="RegressionTest6" name="test392" time="0"/>
  <testcase classname="RegressionTest6" name="test393" time="0.001"/>
  <testcase classname="RegressionTest6" name="test394" time="0"/>
  <testcase classname="RegressionTest6" name="test395" time="0"/>
  <testcase classname="RegressionTest6" name="test396" time="0"/>
  <testcase classname="RegressionTest6" name="test397" time="0"/>
  <testcase classname="RegressionTest6" name="test398" time="0.001"/>
  <testcase classname="RegressionTest6" name="test399" time="0"/>
  <testcase classname="RegressionTest6" name="test400" time="0"/>
  <testcase classname="RegressionTest6" name="test401" time="0"/>
  <testcase classname="RegressionTest6" name="test402" time="0"/>
  <testcase classname="RegressionTest6" name="test403" time="0"/>
  <testcase classname="RegressionTest6" name="test404" time="0"/>
  <testcase classname="RegressionTest6" name="test405" time="0.001"/>
  <testcase classname="RegressionTest6" name="test406" time="0"/>
  <testcase classname="RegressionTest6" name="test407" time="0"/>
  <testcase classname="RegressionTest6" name="test408" time="0"/>
  <testcase classname="RegressionTest6" name="test409" time="0"/>
  <testcase classname="RegressionTest6" name="test410" time="0.001"/>
  <testcase classname="RegressionTest6" name="test411" time="0"/>
  <testcase classname="RegressionTest6" name="test412" time="0"/>
  <testcase classname="RegressionTest6" name="test413" time="0"/>
  <testcase classname="RegressionTest6" name="test414" time="0"/>
  <testcase classname="RegressionTest6" name="test415" time="0"/>
  <testcase classname="RegressionTest6" name="test416" time="0.001"/>
  <testcase classname="RegressionTest6" name="test417" time="0"/>
  <testcase classname="RegressionTest6" name="test418" time="0"/>
  <testcase classname="RegressionTest6" name="test419" time="0"/>
  <testcase classname="RegressionTest6" name="test420" time="0"/>
  <testcase classname="RegressionTest6" name="test421" time="0"/>
  <testcase classname="RegressionTest6" name="test422" time="0.001"/>
  <testcase classname="RegressionTest6" name="test423" time="0"/>
  <testcase classname="RegressionTest6" name="test424" time="0"/>
  <testcase classname="RegressionTest6" name="test425" time="0"/>
  <testcase classname="RegressionTest6" name="test426" time="0"/>
  <testcase classname="RegressionTest6" name="test427" time="0"/>
  <testcase classname="RegressionTest6" name="test428" time="0"/>
  <testcase classname="RegressionTest6" name="test429" time="0.001"/>
  <testcase classname="RegressionTest6" name="test430" time="0"/>
  <testcase classname="RegressionTest6" name="test431" time="0"/>
  <testcase classname="RegressionTest6" name="test432" time="0"/>
  <testcase classname="RegressionTest6" name="test433" time="0"/>
  <testcase classname="RegressionTest6" name="test434" time="0"/>
  <testcase classname="RegressionTest6" name="test435" time="0.001"/>
  <testcase classname="RegressionTest6" name="test436" time="0"/>
  <testcase classname="RegressionTest6" name="test437" time="0"/>
  <testcase classname="RegressionTest6" name="test438" time="0"/>
  <testcase classname="RegressionTest6" name="test439" time="0"/>
  <testcase classname="RegressionTest6" name="test440" time="0"/>
  <testcase classname="RegressionTest6" name="test441" time="0"/>
  <testcase classname="RegressionTest6" name="test442" time="0"/>
  <testcase classname="RegressionTest6" name="test443" time="0"/>
  <testcase classname="RegressionTest6" name="test444" time="0.001"/>
  <testcase classname="RegressionTest6" name="test445" time="0"/>
  <testcase classname="RegressionTest6" name="test446" time="0"/>
  <testcase classname="RegressionTest6" name="test447" time="0"/>
  <testcase classname="RegressionTest6" name="test448" time="0"/>
  <testcase classname="RegressionTest6" name="test449" time="0.001"/>
  <testcase classname="RegressionTest6" name="test450" time="0"/>
  <testcase classname="RegressionTest6" name="test451" time="0"/>
  <testcase classname="RegressionTest6" name="test452" time="0"/>
  <testcase classname="RegressionTest6" name="test453" time="0.001"/>
  <testcase classname="RegressionTest6" name="test454" time="0"/>
  <testcase classname="RegressionTest6" name="test455" time="0"/>
  <testcase classname="RegressionTest6" name="test456" time="0"/>
  <testcase classname="RegressionTest6" name="test457" time="0.001"/>
  <testcase classname="RegressionTest6" name="test458" time="0"/>
  <testcase classname="RegressionTest6" name="test459" time="0"/>
  <testcase classname="RegressionTest6" name="test460" time="0"/>
  <testcase classname="RegressionTest6" name="test461" time="0"/>
  <testcase classname="RegressionTest6" name="test462" time="0"/>
  <testcase classname="RegressionTest6" name="test463" time="0.001"/>
  <testcase classname="RegressionTest6" name="test464" time="0"/>
  <testcase classname="RegressionTest6" name="test465" time="0"/>
  <testcase classname="RegressionTest6" name="test466" time="0"/>
  <testcase classname="RegressionTest6" name="test467" time="0"/>
  <testcase classname="RegressionTest6" name="test468" time="0"/>
  <testcase classname="RegressionTest6" name="test469" time="0"/>
  <testcase classname="RegressionTest6" name="test470" time="0.001"/>
  <testcase classname="RegressionTest6" name="test471" time="0"/>
  <testcase classname="RegressionTest6" name="test472" time="0"/>
  <testcase classname="RegressionTest6" name="test473" time="0"/>
  <testcase classname="RegressionTest6" name="test474" time="0"/>
  <testcase classname="RegressionTest6" name="test475" time="0"/>
  <testcase classname="RegressionTest6" name="test476" time="0"/>
  <testcase classname="RegressionTest6" name="test477" time="0.001"/>
  <testcase classname="RegressionTest6" name="test478" time="0"/>
  <testcase classname="RegressionTest6" name="test479" time="0"/>
  <testcase classname="RegressionTest6" name="test480" time="0"/>
  <testcase classname="RegressionTest6" name="test481" time="0"/>
  <testcase classname="RegressionTest6" name="test482" time="0"/>
  <testcase classname="RegressionTest6" name="test483" time="0"/>
  <testcase classname="RegressionTest6" name="test484" time="0"/>
  <testcase classname="RegressionTest6" name="test485" time="0"/>
  <testcase classname="RegressionTest6" name="test486" time="0.001"/>
  <testcase classname="RegressionTest6" name="test487" time="0"/>
  <testcase classname="RegressionTest6" name="test488" time="0"/>
  <testcase classname="RegressionTest6" name="test489" time="0"/>
  <testcase classname="RegressionTest6" name="test490" time="0"/>
  <testcase classname="RegressionTest6" name="test491" time="0"/>
  <testcase classname="RegressionTest6" name="test492" time="0"/>
  <testcase classname="RegressionTest6" name="test493" time="0"/>
  <testcase classname="RegressionTest6" name="test494" time="0.001"/>
  <testcase classname="RegressionTest6" name="test495" time="0"/>
  <testcase classname="RegressionTest6" name="test496" time="0"/>
  <testcase classname="RegressionTest6" name="test497" time="0"/>
  <testcase classname="RegressionTest6" name="test498" time="0"/>
  <testcase classname="RegressionTest6" name="test499" time="0"/>
  <testcase classname="RegressionTest6" name="test500" time="0"/>
  <testcase classname="RegressionTest7" name="test001" time="0"/>
  <testcase classname="RegressionTest7" name="test002" time="0"/>
  <testcase classname="RegressionTest7" name="test003" time="0"/>
  <testcase classname="RegressionTest7" name="test004" time="0"/>
  <testcase classname="RegressionTest7" name="test005" time="0"/>
  <testcase classname="RegressionTest7" name="test006" time="0"/>
  <testcase classname="RegressionTest7" name="test007" time="0.001"/>
  <testcase classname="RegressionTest7" name="test008" time="0"/>
  <testcase classname="RegressionTest7" name="test009" time="0"/>
  <testcase classname="RegressionTest7" name="test010" time="0"/>
  <testcase classname="RegressionTest7" name="test011" time="0"/>
  <testcase classname="RegressionTest7" name="test012" time="0"/>
  <testcase classname="RegressionTest7" name="test013" time="0"/>
  <testcase classname="RegressionTest7" name="test014" time="0.001"/>
  <testcase classname="RegressionTest7" name="test015" time="0"/>
  <testcase classname="RegressionTest7" name="test016" time="0"/>
  <testcase classname="RegressionTest7" name="test017" time="0"/>
  <testcase classname="RegressionTest7" name="test018" time="0"/>
  <testcase classname="RegressionTest7" name="test019" time="0"/>
  <testcase classname="RegressionTest7" name="test020" time="0"/>
  <testcase classname="RegressionTest7" name="test021" time="0"/>
  <testcase classname="RegressionTest7" name="test022" time="0.001"/>
  <testcase classname="RegressionTest7" name="test023" time="0"/>
  <testcase classname="RegressionTest7" name="test024" time="0"/>
  <testcase classname="RegressionTest7" name="test025" time="0"/>
  <testcase classname="RegressionTest7" name="test026" time="0"/>
  <testcase classname="RegressionTest7" name="test027" time="0.001"/>
  <testcase classname="RegressionTest7" name="test028" time="0"/>
  <testcase classname="RegressionTest7" name="test029" time="0"/>
  <testcase classname="RegressionTest7" name="test030" time="0"/>
  <testcase classname="RegressionTest7" name="test031" time="0"/>
  <testcase classname="RegressionTest7" name="test032" time="0"/>
  <testcase classname="RegressionTest7" name="test033" time="0"/>
  <testcase classname="RegressionTest7" name="test034" time="0"/>
  <testcase classname="RegressionTest7" name="test035" time="0.001"/>
  <testcase classname="RegressionTest7" name="test036" time="0"/>
  <testcase classname="RegressionTest7" name="test037" time="0"/>
  <testcase classname="RegressionTest7" name="test038" time="0"/>
  <testcase classname="RegressionTest7" name="test039" time="0"/>
  <testcase classname="RegressionTest7" name="test040" time="0"/>
  <testcase classname="RegressionTest7" name="test041" time="0"/>
  <testcase classname="RegressionTest7" name="test042" time="0"/>
  <testcase classname="RegressionTest7" name="test043" time="0"/>
  <testcase classname="RegressionTest7" name="test044" time="0.001"/>
  <testcase classname="RegressionTest7" name="test045" time="0"/>
  <testcase classname="RegressionTest7" name="test046" time="0"/>
  <testcase classname="RegressionTest7" name="test047" time="0"/>
  <testcase classname="RegressionTest7" name="test048" time="0"/>
  <testcase classname="RegressionTest7" name="test049" time="0.001"/>
  <testcase classname="RegressionTest7" name="test050" time="0"/>
  <testcase classname="RegressionTest7" name="test051" time="0"/>
  <testcase classname="RegressionTest7" name="test052" time="0"/>
  <testcase classname="RegressionTest7" name="test053" time="0"/>
  <testcase classname="RegressionTest7" name="test054" time="0"/>
  <testcase classname="RegressionTest7" name="test055" time="0"/>
  <testcase classname="RegressionTest7" name="test056" time="0"/>
  <testcase classname="RegressionTest7" name="test057" time="0.001"/>
  <testcase classname="RegressionTest7" name="test058" time="0"/>
  <testcase classname="RegressionTest7" name="test059" time="0"/>
  <testcase classname="RegressionTest7" name="test060" time="0"/>
  <testcase classname="RegressionTest7" name="test061" time="0"/>
  <testcase classname="RegressionTest7" name="test062" time="0"/>
  <testcase classname="RegressionTest7" name="test063" time="0"/>
  <testcase classname="RegressionTest7" name="test064" time="0"/>
  <testcase classname="RegressionTest7" name="test065" time="0.001"/>
  <testcase classname="RegressionTest7" name="test066" time="0"/>
  <testcase classname="RegressionTest7" name="test067" time="0"/>
  <testcase classname="RegressionTest7" name="test068" time="0"/>
  <testcase classname="RegressionTest7" name="test069" time="0"/>
  <testcase classname="RegressionTest7" name="test070" time="0"/>
  <testcase classname="RegressionTest7" name="test071" time="0"/>
  <testcase classname="RegressionTest7" name="test072" time="0.001"/>
  <testcase classname="RegressionTest7" name="test073" time="0"/>
  <testcase classname="RegressionTest7" name="test074" time="0"/>
  <testcase classname="RegressionTest7" name="test075" time="0"/>
  <testcase classname="RegressionTest7" name="test076" time="0"/>
  <testcase classname="RegressionTest7" name="test077" time="0"/>
  <testcase classname="RegressionTest7" name="test078" time="0"/>
  <testcase classname="RegressionTest7" name="test079" time="0"/>
  <testcase classname="RegressionTest7" name="test080" time="0"/>
  <testcase classname="RegressionTest7" name="test081" time="0"/>
  <testcase classname="RegressionTest7" name="test082" time="0"/>
  <testcase classname="RegressionTest7" name="test083" time="0"/>
  <testcase classname="RegressionTest7" name="test084" time="0.001"/>
  <testcase classname="RegressionTest7" name="test085" time="0"/>
  <testcase classname="RegressionTest7" name="test086" time="0"/>
  <testcase classname="RegressionTest7" name="test087" time="0"/>
  <testcase classname="RegressionTest7" name="test088" time="0"/>
  <testcase classname="RegressionTest7" name="test089" time="0"/>
  <testcase classname="RegressionTest7" name="test090" time="0.001"/>
  <testcase classname="RegressionTest7" name="test091" time="0"/>
  <testcase classname="RegressionTest7" name="test092" time="0"/>
  <testcase classname="RegressionTest7" name="test093" time="0"/>
  <testcase classname="RegressionTest7" name="test094" time="0"/>
  <testcase classname="RegressionTest7" name="test095" time="0"/>
  <testcase classname="RegressionTest7" name="test096" time="0.001"/>
  <testcase classname="RegressionTest7" name="test097" time="0"/>
  <testcase classname="RegressionTest7" name="test098" time="0"/>
  <testcase classname="RegressionTest7" name="test099" time="0.001"/>
  <testcase classname="RegressionTest7" name="test100" time="0"/>
  <testcase classname="RegressionTest7" name="test101" time="0"/>
  <testcase classname="RegressionTest7" name="test102" time="0.001"/>
  <testcase classname="RegressionTest7" name="test103" time="0"/>
  <testcase classname="RegressionTest7" name="test104" time="0"/>
  <testcase classname="RegressionTest7" name="test105" time="0"/>
  <testcase classname="RegressionTest7" name="test106" time="0"/>
  <testcase classname="RegressionTest7" name="test107" time="0"/>
  <testcase classname="RegressionTest7" name="test108" time="0"/>
  <testcase classname="RegressionTest7" name="test109" time="0"/>
  <testcase classname="RegressionTest7" name="test110" time="0"/>
  <testcase classname="RegressionTest7" name="test111" time="0"/>
  <testcase classname="RegressionTest7" name="test112" time="0"/>
  <testcase classname="RegressionTest7" name="test113" time="0"/>
  <testcase classname="RegressionTest7" name="test114" time="0.001"/>
  <testcase classname="RegressionTest7" name="test115" time="0"/>
  <testcase classname="RegressionTest7" name="test116" time="0"/>
  <testcase classname="RegressionTest7" name="test117" time="0"/>
  <testcase classname="RegressionTest7" name="test118" time="0"/>
  <testcase classname="RegressionTest7" name="test119" time="0"/>
  <testcase classname="RegressionTest7" name="test120" time="0"/>
  <testcase classname="RegressionTest7" name="test121" time="0.001"/>
  <testcase classname="RegressionTest7" name="test122" time="0"/>
  <testcase classname="RegressionTest7" name="test123" time="0"/>
  <testcase classname="RegressionTest7" name="test124" time="0"/>
  <testcase classname="RegressionTest7" name="test125" time="0"/>
  <testcase classname="RegressionTest7" name="test126" time="0"/>
  <testcase classname="RegressionTest7" name="test127" time="0"/>
  <testcase classname="RegressionTest7" name="test128" time="0"/>
  <testcase classname="RegressionTest7" name="test129" time="0.001"/>
  <testcase classname="RegressionTest7" name="test130" time="0"/>
  <testcase classname="RegressionTest7" name="test131" time="0"/>
  <testcase classname="RegressionTest7" name="test132" time="0"/>
  <testcase classname="RegressionTest7" name="test133" time="0"/>
  <testcase classname="RegressionTest7" name="test134" time="0.001"/>
  <testcase classname="RegressionTest7" name="test135" time="0"/>
  <testcase classname="RegressionTest7" name="test136" time="0"/>
  <testcase classname="RegressionTest7" name="test137" time="0"/>
  <testcase classname="RegressionTest7" name="test138" time="0"/>
  <testcase classname="RegressionTest7" name="test139" time="0"/>
  <testcase classname="RegressionTest7" name="test140" time="0"/>
  <testcase classname="RegressionTest7" name="test141" time="0"/>
  <testcase classname="RegressionTest7" name="test142" time="0"/>
  <testcase classname="RegressionTest7" name="test143" time="0.001"/>
  <testcase classname="RegressionTest7" name="test144" time="0"/>
  <testcase classname="RegressionTest7" name="test145" time="0"/>
  <testcase classname="RegressionTest7" name="test146" time="0"/>
  <testcase classname="RegressionTest7" name="test147" time="0"/>
  <testcase classname="RegressionTest7" name="test148" time="0"/>
  <testcase classname="RegressionTest7" name="test149" time="0"/>
  <testcase classname="RegressionTest7" name="test150" time="0"/>
  <testcase classname="RegressionTest7" name="test151" time="0"/>
  <testcase classname="RegressionTest7" name="test152" time="0"/>
  <testcase classname="RegressionTest7" name="test153" time="0"/>
  <testcase classname="RegressionTest7" name="test154" time="0.001"/>
  <testcase classname="RegressionTest7" name="test155" time="0"/>
  <testcase classname="RegressionTest7" name="test156" time="0"/>
  <testcase classname="RegressionTest7" name="test157" time="0"/>
  <testcase classname="RegressionTest7" name="test158" time="0"/>
  <testcase classname="RegressionTest7" name="test159" time="0"/>
  <testcase classname="RegressionTest7" name="test160" time="0"/>
  <testcase classname="RegressionTest7" name="test161" time="0"/>
  <testcase classname="RegressionTest7" name="test162" time="0"/>
  <testcase classname="RegressionTest7" name="test163" time="0"/>
  <testcase classname="RegressionTest7" name="test164" time="0.001"/>
  <testcase classname="RegressionTest7" name="test165" time="0"/>
  <testcase classname="RegressionTest7" name="test166" time="0"/>
  <testcase classname="RegressionTest7" name="test167" time="0"/>
  <testcase classname="RegressionTest7" name="test168" time="0"/>
  <testcase classname="RegressionTest7" name="test169" time="0"/>
  <testcase classname="RegressionTest7" name="test170" time="0"/>
  <testcase classname="RegressionTest7" name="test171" time="0"/>
  <testcase classname="RegressionTest7" name="test172" time="0"/>
  <testcase classname="RegressionTest7" name="test173" time="0"/>
  <testcase classname="RegressionTest7" name="test174" time="0.001"/>
  <testcase classname="RegressionTest7" name="test175" time="0"/>
  <testcase classname="RegressionTest7" name="test176" time="0"/>
  <testcase classname="RegressionTest7" name="test177" time="0"/>
  <testcase classname="RegressionTest7" name="test178" time="0"/>
  <testcase classname="RegressionTest7" name="test179" time="0"/>
  <testcase classname="RegressionTest7" name="test180" time="0"/>
  <testcase classname="RegressionTest7" name="test181" time="0"/>
  <testcase classname="RegressionTest7" name="test182" time="0.001"/>
  <testcase classname="RegressionTest7" name="test183" time="0"/>
  <testcase classname="RegressionTest7" name="test184" time="0"/>
  <testcase classname="RegressionTest7" name="test185" time="0"/>
  <testcase classname="RegressionTest7" name="test186" time="0"/>
  <testcase classname="RegressionTest7" name="test187" time="0"/>
  <testcase classname="RegressionTest7" name="test188" time="0"/>
  <testcase classname="RegressionTest7" name="test189" time="0"/>
  <testcase classname="RegressionTest7" name="test190" time="0"/>
  <testcase classname="RegressionTest7" name="test191" time="0"/>
  <testcase classname="RegressionTest7" name="test192" time="0.001"/>
  <testcase classname="RegressionTest7" name="test193" time="0"/>
  <testcase classname="RegressionTest7" name="test194" time="0"/>
  <testcase classname="RegressionTest7" name="test195" time="0"/>
  <testcase classname="RegressionTest7" name="test196" time="0"/>
  <testcase classname="RegressionTest7" name="test197" time="0"/>
  <testcase classname="RegressionTest7" name="test198" time="0"/>
  <testcase classname="RegressionTest7" name="test199" time="0"/>
  <testcase classname="RegressionTest7" name="test200" time="0"/>
  <testcase classname="RegressionTest7" name="test201" time="0"/>
  <testcase classname="RegressionTest7" name="test202" time="0"/>
  <testcase classname="RegressionTest7" name="test203" time="0"/>
  <testcase classname="RegressionTest7" name="test204" time="0"/>
  <testcase classname="RegressionTest7" name="test205" time="0"/>
  <testcase classname="RegressionTest7" name="test206" time="0"/>
  <testcase classname="RegressionTest7" name="test207" time="0"/>
  <testcase classname="RegressionTest7" name="test208" time="0"/>
  <testcase classname="RegressionTest7" name="test209" time="0"/>
  <testcase classname="RegressionTest7" name="test210" time="0"/>
  <testcase classname="RegressionTest7" name="test211" time="0.001"/>
  <testcase classname="RegressionTest7" name="test212" time="0"/>
  <testcase classname="RegressionTest7" name="test213" time="0"/>
  <testcase classname="RegressionTest7" name="test214" time="0"/>
  <testcase classname="RegressionTest7" name="test215" time="0"/>
  <testcase classname="RegressionTest7" name="test216" time="0"/>
  <testcase classname="RegressionTest7" name="test217" time="0"/>
  <testcase classname="RegressionTest7" name="test218" time="0"/>
  <testcase classname="RegressionTest7" name="test219" time="0"/>
  <testcase classname="RegressionTest7" name="test220" time="0"/>
  <testcase classname="RegressionTest7" name="test221" time="0"/>
  <testcase classname="RegressionTest7" name="test222" time="0"/>
  <testcase classname="RegressionTest7" name="test223" time="0"/>
  <testcase classname="RegressionTest7" name="test224" time="0"/>
  <testcase classname="RegressionTest7" name="test225" time="0"/>
  <testcase classname="RegressionTest7" name="test226" time="0"/>
  <testcase classname="RegressionTest7" name="test227" time="0"/>
  <testcase classname="RegressionTest7" name="test228" time="0"/>
  <testcase classname="RegressionTest7" name="test229" time="0"/>
  <testcase classname="RegressionTest7" name="test230" time="0"/>
  <testcase classname="RegressionTest7" name="test231" time="0"/>
  <testcase classname="RegressionTest7" name="test232" time="0"/>
  <testcase classname="RegressionTest7" name="test233" time="0"/>
  <testcase classname="RegressionTest7" name="test234" time="0"/>
  <testcase classname="RegressionTest7" name="test235" time="0.001"/>
  <testcase classname="RegressionTest7" name="test236" time="0"/>
  <testcase classname="RegressionTest7" name="test237" time="0"/>
  <testcase classname="RegressionTest7" name="test238" time="0"/>
  <testcase classname="RegressionTest7" name="test239" time="0"/>
  <testcase classname="RegressionTest7" name="test240" time="0"/>
  <testcase classname="RegressionTest7" name="test241" time="0"/>
  <testcase classname="RegressionTest7" name="test242" time="0"/>
  <testcase classname="RegressionTest7" name="test243" time="0"/>
  <testcase classname="RegressionTest7" name="test244" time="0"/>
  <testcase classname="RegressionTest7" name="test245" time="0"/>
  <testcase classname="RegressionTest7" name="test246" time="0"/>
  <testcase classname="RegressionTest7" name="test247" time="0"/>
  <testcase classname="RegressionTest7" name="test248" time="0"/>
  <testcase classname="RegressionTest7" name="test249" time="0"/>
  <testcase classname="RegressionTest7" name="test250" time="0"/>
  <testcase classname="RegressionTest7" name="test251" time="0"/>
  <testcase classname="RegressionTest7" name="test252" time="0"/>
  <testcase classname="RegressionTest7" name="test253" time="0"/>
  <testcase classname="RegressionTest7" name="test254" time="0"/>
  <testcase classname="RegressionTest7" name="test255" time="0.001"/>
  <testcase classname="RegressionTest7" name="test256" time="0"/>
  <testcase classname="RegressionTest7" name="test257" time="0"/>
  <testcase classname="RegressionTest7" name="test258" time="0"/>
  <testcase classname="RegressionTest7" name="test259" time="0"/>
  <testcase classname="RegressionTest7" name="test260" time="0"/>
  <testcase classname="RegressionTest7" name="test261" time="0"/>
  <testcase classname="RegressionTest7" name="test262" time="0"/>
  <testcase classname="RegressionTest7" name="test263" time="0.001"/>
  <testcase classname="RegressionTest7" name="test264" time="0"/>
  <testcase classname="RegressionTest7" name="test265" time="0"/>
  <testcase classname="RegressionTest7" name="test266" time="0"/>
  <testcase classname="RegressionTest7" name="test267" time="0"/>
  <testcase classname="RegressionTest7" name="test268" time="0"/>
  <testcase classname="RegressionTest7" name="test269" time="0"/>
  <testcase classname="RegressionTest7" name="test270" time="0"/>
  <testcase classname="RegressionTest7" name="test271" time="0"/>
  <testcase classname="RegressionTest7" name="test272" time="0"/>
  <testcase classname="RegressionTest7" name="test273" time="0.001"/>
  <testcase classname="RegressionTest7" name="test274" time="0"/>
  <testcase classname="RegressionTest7" name="test275" time="0"/>
  <testcase classname="RegressionTest7" name="test276" time="0"/>
  <testcase classname="RegressionTest7" name="test277" time="0"/>
  <testcase classname="RegressionTest7" name="test278" time="0"/>
  <testcase classname="RegressionTest7" name="test279" time="0"/>
  <testcase classname="RegressionTest7" name="test280" time="0.001"/>
  <testcase classname="RegressionTest7" name="test281" time="0"/>
  <testcase classname="RegressionTest7" name="test282" time="0"/>
  <testcase classname="RegressionTest7" name="test283" time="0"/>
  <testcase classname="RegressionTest7" name="test284" time="0"/>
  <testcase classname="RegressionTest7" name="test285" time="0"/>
  <testcase classname="RegressionTest7" name="test286" time="0"/>
  <testcase classname="RegressionTest7" name="test287" time="0"/>
  <testcase classname="RegressionTest7" name="test288" time="0.001"/>
  <testcase classname="RegressionTest7" name="test289" time="0"/>
  <testcase classname="RegressionTest7" name="test290" time="0"/>
  <testcase classname="RegressionTest7" name="test291" time="0"/>
  <testcase classname="RegressionTest7" name="test292" time="0"/>
  <testcase classname="RegressionTest7" name="test293" time="0"/>
  <testcase classname="RegressionTest7" name="test294" time="0"/>
  <testcase classname="RegressionTest7" name="test295" time="0"/>
  <testcase classname="RegressionTest7" name="test296" time="0"/>
  <testcase classname="RegressionTest7" name="test297" time="0.001"/>
  <testcase classname="RegressionTest7" name="test298" time="0"/>
  <testcase classname="RegressionTest7" name="test299" time="0"/>
  <testcase classname="RegressionTest7" name="test300" time="0"/>
  <testcase classname="RegressionTest7" name="test301" time="0"/>
  <testcase classname="RegressionTest7" name="test302" time="0"/>
  <testcase classname="RegressionTest7" name="test303" time="0"/>
  <testcase classname="RegressionTest7" name="test304" time="0"/>
  <testcase classname="RegressionTest7" name="test305" time="0"/>
  <testcase classname="RegressionTest7" name="test306" time="0"/>
  <testcase classname="RegressionTest7" name="test307" time="0"/>
  <testcase classname="RegressionTest7" name="test308" time="0"/>
  <testcase classname="RegressionTest7" name="test309" time="0"/>
  <testcase classname="RegressionTest7" name="test310" time="0"/>
  <testcase classname="RegressionTest7" name="test311" time="0"/>
  <testcase classname="RegressionTest7" name="test312" time="0"/>
  <testcase classname="RegressionTest7" name="test313" time="0"/>
  <testcase classname="RegressionTest7" name="test314" time="0"/>
  <testcase classname="RegressionTest7" name="test315" time="0"/>
  <testcase classname="RegressionTest7" name="test316" time="0"/>
  <testcase classname="RegressionTest7" name="test317" time="0"/>
  <testcase classname="RegressionTest7" name="test318" time="0"/>
  <testcase classname="RegressionTest7" name="test319" time="0"/>
  <testcase classname="RegressionTest7" name="test320" time="0"/>
  <testcase classname="RegressionTest7" name="test321" time="0.001"/>
  <testcase classname="RegressionTest7" name="test322" time="0"/>
  <testcase classname="RegressionTest7" name="test323" time="0"/>
  <testcase classname="RegressionTest7" name="test324" time="0"/>
  <testcase classname="RegressionTest7" name="test325" time="0"/>
  <testcase classname="RegressionTest7" name="test326" time="0"/>
  <testcase classname="RegressionTest7" name="test327" time="0"/>
  <testcase classname="RegressionTest7" name="test328" time="0"/>
  <testcase classname="RegressionTest7" name="test329" time="0.001"/>
  <testcase classname="RegressionTest7" name="test330" time="0"/>
  <testcase classname="RegressionTest7" name="test331" time="0"/>
  <testcase classname="RegressionTest7" name="test332" time="0"/>
  <testcase classname="RegressionTest7" name="test333" time="0"/>
  <testcase classname="RegressionTest7" name="test334" time="0"/>
  <testcase classname="RegressionTest7" name="test335" time="0"/>
  <testcase classname="RegressionTest7" name="test336" time="0"/>
  <testcase classname="RegressionTest7" name="test337" time="0.001"/>
  <testcase classname="RegressionTest7" name="test338" time="0"/>
  <testcase classname="RegressionTest7" name="test339" time="0"/>
  <testcase classname="RegressionTest7" name="test340" time="0"/>
  <testcase classname="RegressionTest7" name="test341" time="0"/>
  <testcase classname="RegressionTest7" name="test342" time="0"/>
  <testcase classname="RegressionTest7" name="test343" time="0"/>
  <testcase classname="RegressionTest7" name="test344" time="0"/>
  <testcase classname="RegressionTest7" name="test345" time="0"/>
  <testcase classname="RegressionTest7" name="test346" time="0"/>
  <testcase classname="RegressionTest7" name="test347" time="0"/>
  <testcase classname="RegressionTest7" name="test348" time="0.001"/>
  <testcase classname="RegressionTest7" name="test349" time="0"/>
  <testcase classname="RegressionTest7" name="test350" time="0"/>
  <testcase classname="RegressionTest7" name="test351" time="0"/>
  <testcase classname="RegressionTest7" name="test352" time="0"/>
  <testcase classname="RegressionTest7" name="test353" time="0.001"/>
  <testcase classname="RegressionTest7" name="test354" time="0"/>
  <testcase classname="RegressionTest7" name="test355" time="0"/>
  <testcase classname="RegressionTest7" name="test356" time="0"/>
  <testcase classname="RegressionTest7" name="test357" time="0"/>
  <testcase classname="RegressionTest7" name="test358" time="0"/>
  <testcase classname="RegressionTest7" name="test359" time="0"/>
  <testcase classname="RegressionTest7" name="test360" time="0"/>
  <testcase classname="RegressionTest7" name="test361" time="0"/>
  <testcase classname="RegressionTest7" name="test362" time="0.001"/>
  <testcase classname="RegressionTest7" name="test363" time="0"/>
  <testcase classname="RegressionTest7" name="test364" time="0"/>
  <testcase classname="RegressionTest7" name="test365" time="0"/>
  <testcase classname="RegressionTest7" name="test366" time="0"/>
  <testcase classname="RegressionTest7" name="test367" time="0"/>
  <testcase classname="RegressionTest7" name="test368" time="0"/>
  <testcase classname="RegressionTest7" name="test369" time="0"/>
  <testcase classname="RegressionTest7" name="test370" time="0"/>
  <testcase classname="RegressionTest7" name="test371" time="0"/>
  <testcase classname="RegressionTest7" name="test372" time="0"/>
  <testcase classname="RegressionTest7" name="test373" time="0"/>
  <testcase classname="RegressionTest7" name="test374" time="0"/>
  <testcase classname="RegressionTest7" name="test375" time="0.001"/>
  <testcase classname="RegressionTest7" name="test376" time="0"/>
  <testcase classname="RegressionTest7" name="test377" time="0"/>
  <testcase classname="RegressionTest7" name="test378" time="0"/>
  <testcase classname="RegressionTest7" name="test379" time="0"/>
  <testcase classname="RegressionTest7" name="test380" time="0"/>
  <testcase classname="RegressionTest7" name="test381" time="0"/>
  <testcase classname="RegressionTest7" name="test382" time="0"/>
  <testcase classname="RegressionTest7" name="test383" time="0"/>
  <testcase classname="RegressionTest7" name="test384" time="0.001"/>
  <testcase classname="RegressionTest7" name="test385" time="0"/>
  <testcase classname="RegressionTest7" name="test386" time="0"/>
  <testcase classname="RegressionTest7" name="test387" time="0"/>
  <testcase classname="RegressionTest7" name="test388" time="0"/>
  <testcase classname="RegressionTest7" name="test389" time="0"/>
  <testcase classname="RegressionTest7" name="test390" time="0"/>
  <testcase classname="RegressionTest7" name="test391" time="0"/>
  <testcase classname="RegressionTest7" name="test392" time="0"/>
  <testcase classname="RegressionTest7" name="test393" time="0"/>
  <testcase classname="RegressionTest7" name="test394" time="0.001"/>
  <testcase classname="RegressionTest7" name="test395" time="0"/>
  <testcase classname="RegressionTest7" name="test396" time="0"/>
  <testcase classname="RegressionTest7" name="test397" time="0"/>
  <testcase classname="RegressionTest7" name="test398" time="0"/>
  <testcase classname="RegressionTest7" name="test399" time="0"/>
  <testcase classname="RegressionTest7" name="test400" time="0"/>
  <testcase classname="RegressionTest7" name="test401" time="0"/>
  <testcase classname="RegressionTest7" name="test402" time="0"/>
  <testcase classname="RegressionTest7" name="test403" time="0"/>
  <testcase classname="RegressionTest7" name="test404" time="0"/>
  <testcase classname="RegressionTest7" name="test405" time="0"/>
  <testcase classname="RegressionTest7" name="test406" time="0"/>
  <testcase classname="RegressionTest7" name="test407" time="0"/>
  <testcase classname="RegressionTest7" name="test408" time="0"/>
  <testcase classname="RegressionTest7" name="test409" time="0"/>
  <testcase classname="RegressionTest7" name="test410" time="0"/>
  <testcase classname="RegressionTest7" name="test411" time="0"/>
  <testcase classname="RegressionTest7" name="test412" time="0"/>
  <testcase classname="RegressionTest7" name="test413" time="0"/>
  <testcase classname="RegressionTest7" name="test414" time="0"/>
  <testcase classname="RegressionTest7" name="test415" time="0.001"/>
  <testcase classname="RegressionTest7" name="test416" time="0"/>
  <testcase classname="RegressionTest7" name="test417" time="0"/>
  <testcase classname="RegressionTest7" name="test418" time="0"/>
  <testcase classname="RegressionTest7" name="test419" time="0"/>
  <testcase classname="RegressionTest7" name="test420" time="0"/>
  <testcase classname="RegressionTest7" name="test421" time="0"/>
  <testcase classname="RegressionTest7" name="test422" time="0"/>
  <testcase classname="RegressionTest7" name="test423" time="0"/>
  <testcase classname="RegressionTest7" name="test424" time="0"/>
  <testcase classname="RegressionTest7" name="test425" time="0"/>
  <testcase classname="RegressionTest7" name="test426" time="0"/>
  <testcase classname="RegressionTest7" name="test427" time="0.001"/>
  <testcase classname="RegressionTest7" name="test428" time="0"/>
  <testcase classname="RegressionTest7" name="test429" time="0"/>
  <testcase classname="RegressionTest7" name="test430" time="0"/>
  <testcase classname="RegressionTest7" name="test431" time="0"/>
  <testcase classname="RegressionTest7" name="test432" time="0"/>
  <testcase classname="RegressionTest7" name="test433" time="0"/>
  <testcase classname="RegressionTest7" name="test434" time="0"/>
  <testcase classname="RegressionTest7" name="test435" time="0"/>
  <testcase classname="RegressionTest7" name="test436" time="0"/>
  <testcase classname="RegressionTest7" name="test437" time="0"/>
  <testcase classname="RegressionTest7" name="test438" time="0"/>
  <testcase classname="RegressionTest7" name="test439" time="0.001"/>
  <testcase classname="RegressionTest7" name="test440" time="0"/>
  <testcase classname="RegressionTest7" name="test441" time="0"/>
  <testcase classname="RegressionTest7" name="test442" time="0"/>
  <testcase classname="RegressionTest7" name="test443" time="0"/>
  <testcase classname="RegressionTest7" name="test444" time="0"/>
  <testcase classname="RegressionTest7" name="test445" time="0"/>
  <testcase classname="RegressionTest7" name="test446" time="0"/>
  <testcase classname="RegressionTest7" name="test447" time="0"/>
  <testcase classname="RegressionTest7" name="test448" time="0"/>
  <testcase classname="RegressionTest7" name="test449" time="0.001"/>
  <testcase classname="RegressionTest7" name="test450" time="0"/>
  <testcase classname="RegressionTest7" name="test451" time="0"/>
  <testcase classname="RegressionTest7" name="test452" time="0"/>
  <testcase classname="RegressionTest7" name="test453" time="0"/>
  <testcase classname="RegressionTest7" name="test454" time="0"/>
  <testcase classname="RegressionTest7" name="test455" time="0.001"/>
  <testcase classname="RegressionTest7" name="test456" time="0"/>
  <testcase classname="RegressionTest7" name="test457" time="0"/>
  <testcase classname="RegressionTest7" name="test458" time="0"/>
  <testcase classname="RegressionTest7" name="test459" time="0"/>
  <testcase classname="RegressionTest7" name="test460" time="0"/>
  <testcase classname="RegressionTest7" name="test461" time="0"/>
  <testcase classname="RegressionTest7" name="test462" time="0"/>
  <testcase classname="RegressionTest7" name="test463" time="0.001"/>
  <testcase classname="RegressionTest7" name="test464" time="0"/>
  <testcase classname="RegressionTest7" name="test465" time="0"/>
  <testcase classname="RegressionTest7" name="test466" time="0"/>
  <testcase classname="RegressionTest7" name="test467" time="0"/>
  <testcase classname="RegressionTest7" name="test468" time="0"/>
  <testcase classname="RegressionTest7" name="test469" time="0"/>
  <testcase classname="RegressionTest7" name="test470" time="0.001"/>
  <testcase classname="RegressionTest7" name="test471" time="0"/>
  <testcase classname="RegressionTest7" name="test472" time="0"/>
  <testcase classname="RegressionTest7" name="test473" time="0"/>
  <testcase classname="RegressionTest7" name="test474" time="0"/>
  <testcase classname="RegressionTest7" name="test475" time="0"/>
  <testcase classname="RegressionTest7" name="test476" time="0"/>
  <testcase classname="RegressionTest7" name="test477" time="0"/>
  <testcase classname="RegressionTest7" name="test478" time="0.001"/>
  <testcase classname="RegressionTest7" name="test479" time="0"/>
  <testcase classname="RegressionTest7" name="test480" time="0"/>
  <testcase classname="RegressionTest7" name="test481" time="0"/>
  <testcase classname="RegressionTest7" name="test482" time="0"/>
  <testcase classname="RegressionTest7" name="test483" time="0"/>
  <testcase classname="RegressionTest7" name="test484" time="0"/>
  <testcase classname="RegressionTest7" name="test485" time="0.001"/>
  <testcase classname="RegressionTest7" name="test486" time="0"/>
  <testcase classname="RegressionTest7" name="test487" time="0"/>
  <testcase classname="RegressionTest7" name="test488" time="0"/>
  <testcase classname="RegressionTest7" name="test489" time="0"/>
  <testcase classname="RegressionTest7" name="test490" time="0"/>
  <testcase classname="RegressionTest7" name="test491" time="0"/>
  <testcase classname="RegressionTest7" name="test492" time="0.001"/>
  <testcase classname="RegressionTest7" name="test493" time="0"/>
  <testcase classname="RegressionTest7" name="test494" time="0"/>
  <testcase classname="RegressionTest7" name="test495" time="0"/>
  <testcase classname="RegressionTest7" name="test496" time="0"/>
  <testcase classname="RegressionTest7" name="test497" time="0"/>
  <testcase classname="RegressionTest7" name="test498" time="0.002"/>
  <testcase classname="RegressionTest7" name="test499" time="0"/>
  <testcase classname="RegressionTest7" name="test500" time="0"/>
  <testcase classname="RegressionTest8" name="test001" time="0.001"/>
  <testcase classname="RegressionTest8" name="test002" time="0"/>
  <testcase classname="RegressionTest8" name="test003" time="0"/>
  <testcase classname="RegressionTest8" name="test004" time="0.001"/>
  <testcase classname="RegressionTest8" name="test005" time="0"/>
  <testcase classname="RegressionTest8" name="test006" time="0"/>
  <testcase classname="RegressionTest8" name="test007" time="0"/>
  <testcase classname="RegressionTest8" name="test008" time="0"/>
  <testcase classname="RegressionTest8" name="test009" time="0"/>
  <testcase classname="RegressionTest8" name="test010" time="0"/>
  <testcase classname="RegressionTest8" name="test011" time="0"/>
  <testcase classname="RegressionTest8" name="test012" time="0"/>
  <testcase classname="RegressionTest8" name="test013" time="0"/>
  <testcase classname="RegressionTest8" name="test014" time="0.001"/>
  <testcase classname="RegressionTest8" name="test015" time="0"/>
  <testcase classname="RegressionTest8" name="test016" time="0"/>
  <testcase classname="RegressionTest8" name="test017" time="0.001"/>
  <testcase classname="RegressionTest8" name="test018" time="0"/>
  <testcase classname="RegressionTest8" name="test019" time="0"/>
  <testcase classname="RegressionTest8" name="test020" time="0"/>
  <testcase classname="RegressionTest8" name="test021" time="0"/>
  <testcase classname="RegressionTest8" name="test022" time="0.001"/>
  <testcase classname="RegressionTest8" name="test023" time="0"/>
  <testcase classname="RegressionTest8" name="test024" time="0"/>
  <testcase classname="RegressionTest8" name="test025" time="0"/>
  <testcase classname="RegressionTest8" name="test026" time="0"/>
  <testcase classname="RegressionTest8" name="test027" time="0"/>
  <testcase classname="RegressionTest8" name="test028" time="0"/>
  <testcase classname="RegressionTest8" name="test029" time="0.001"/>
  <testcase classname="RegressionTest8" name="test030" time="0"/>
  <testcase classname="RegressionTest8" name="test031" time="0"/>
  <testcase classname="RegressionTest8" name="test032" time="0"/>
  <testcase classname="RegressionTest8" name="test033" time="0"/>
  <testcase classname="RegressionTest8" name="test034" time="0"/>
  <testcase classname="RegressionTest8" name="test035" time="0"/>
  <testcase classname="RegressionTest8" name="test036" time="0"/>
  <testcase classname="RegressionTest8" name="test037" time="0"/>
  <testcase classname="RegressionTest8" name="test038" time="0.001"/>
  <testcase classname="RegressionTest8" name="test039" time="0"/>
  <testcase classname="RegressionTest8" name="test040" time="0"/>
  <testcase classname="RegressionTest8" name="test041" time="0"/>
  <testcase classname="RegressionTest8" name="test042" time="0"/>
  <testcase classname="RegressionTest8" name="test043" time="0"/>
  <testcase classname="RegressionTest8" name="test044" time="0"/>
  <testcase classname="RegressionTest8" name="test045" time="0"/>
  <testcase classname="RegressionTest8" name="test046" time="0"/>
  <testcase classname="RegressionTest8" name="test047" time="0"/>
  <testcase classname="RegressionTest8" name="test048" time="0"/>
  <testcase classname="RegressionTest8" name="test049" time="0"/>
  <testcase classname="RegressionTest8" name="test050" time="0"/>
  <testcase classname="RegressionTest8" name="test051" time="0"/>
  <testcase classname="RegressionTest8" name="test052" time="0"/>
  <testcase classname="RegressionTest8" name="test053" time="0"/>
  <testcase classname="RegressionTest8" name="test054" time="0"/>
  <testcase classname="RegressionTest8" name="test055" time="0.001"/>
  <testcase classname="RegressionTest8" name="test056" time="0"/>
  <testcase classname="RegressionTest8" name="test057" time="0"/>
  <testcase classname="RegressionTest8" name="test058" time="0"/>
  <testcase classname="RegressionTest8" name="test059" time="0"/>
  <testcase classname="RegressionTest8" name="test060" time="0"/>
  <testcase classname="RegressionTest8" name="test061" time="0"/>
  <testcase classname="RegressionTest8" name="test062" time="0.001"/>
  <testcase classname="RegressionTest8" name="test063" time="0"/>
  <testcase classname="RegressionTest8" name="test064" time="0"/>
  <testcase classname="RegressionTest8" name="test065" time="0"/>
  <testcase classname="RegressionTest8" name="test066" time="0"/>
  <testcase classname="RegressionTest8" name="test067" time="0"/>
  <testcase classname="RegressionTest8" name="test068" time="0"/>
  <testcase classname="RegressionTest8" name="test069" time="0"/>
  <testcase classname="RegressionTest8" name="test070" time="0"/>
  <testcase classname="RegressionTest8" name="test071" time="0.001"/>
  <testcase classname="RegressionTest8" name="test072" time="0"/>
  <testcase classname="RegressionTest8" name="test073" time="0"/>
  <testcase classname="RegressionTest8" name="test074" time="0"/>
  <testcase classname="RegressionTest8" name="test075" time="0"/>
  <testcase classname="RegressionTest8" name="test076" time="0"/>
  <testcase classname="RegressionTest8" name="test077" time="0"/>
  <testcase classname="RegressionTest8" name="test078" time="0.001"/>
  <testcase classname="RegressionTest8" name="test079" time="0"/>
  <testcase classname="RegressionTest8" name="test080" time="0"/>
  <testcase classname="RegressionTest8" name="test081" time="0"/>
  <testcase classname="RegressionTest8" name="test082" time="0"/>
  <testcase classname="RegressionTest8" name="test083" time="0"/>
  <testcase classname="RegressionTest8" name="test084" time="0"/>
  <testcase classname="RegressionTest8" name="test085" time="0"/>
  <testcase classname="RegressionTest8" name="test086" time="0.001"/>
  <testcase classname="RegressionTest8" name="test087" time="0"/>
  <testcase classname="RegressionTest8" name="test088" time="0"/>
  <testcase classname="RegressionTest8" name="test089" time="0"/>
  <testcase classname="RegressionTest8" name="test090" time="0"/>
  <testcase classname="RegressionTest8" name="test091" time="0"/>
  <testcase classname="RegressionTest8" name="test092" time="0"/>
  <testcase classname="RegressionTest8" name="test093" time="0"/>
  <testcase classname="RegressionTest8" name="test094" time="0"/>
  <testcase classname="RegressionTest8" name="test095" time="0"/>
  <testcase classname="RegressionTest8" name="test096" time="0"/>
  <testcase classname="RegressionTest8" name="test097" time="0"/>
  <testcase classname="RegressionTest8" name="test098" time="0"/>
  <testcase classname="RegressionTest8" name="test099" time="0"/>
  <testcase classname="RegressionTest8" name="test100" time="0"/>
  <testcase classname="RegressionTest8" name="test101" time="0"/>
  <testcase classname="RegressionTest8" name="test102" time="0"/>
  <testcase classname="RegressionTest8" name="test103" time="0.001"/>
  <testcase classname="RegressionTest8" name="test104" time="0"/>
  <testcase classname="RegressionTest8" name="test105" time="0"/>
  <testcase classname="RegressionTest8" name="test106" time="0"/>
  <testcase classname="RegressionTest8" name="test107" time="0"/>
  <testcase classname="RegressionTest8" name="test108" time="0"/>
  <testcase classname="RegressionTest8" name="test109" time="0"/>
  <testcase classname="RegressionTest8" name="test110" time="0.001"/>
  <testcase classname="RegressionTest8" name="test111" time="0"/>
  <testcase classname="RegressionTest8" name="test112" time="0"/>
  <testcase classname="RegressionTest8" name="test113" time="0"/>
  <testcase classname="RegressionTest8" name="test114" time="0"/>
  <testcase classname="RegressionTest8" name="test115" time="0"/>
  <testcase classname="RegressionTest8" name="test116" time="0"/>
  <testcase classname="RegressionTest8" name="test117" time="0"/>
  <testcase classname="RegressionTest8" name="test118" time="0"/>
  <testcase classname="RegressionTest8" name="test119" time="0"/>
  <testcase classname="RegressionTest8" name="test120" time="0"/>
  <testcase classname="RegressionTest8" name="test121" time="0"/>
  <testcase classname="RegressionTest8" name="test122" time="0"/>
  <testcase classname="RegressionTest8" name="test123" time="0"/>
  <testcase classname="RegressionTest8" name="test124" time="0"/>
  <testcase classname="RegressionTest8" name="test125" time="0"/>
  <testcase classname="RegressionTest8" name="test126" time="0.001"/>
  <testcase classname="RegressionTest8" name="test127" time="0"/>
  <testcase classname="RegressionTest8" name="test128" time="0"/>
  <testcase classname="RegressionTest8" name="test129" time="0"/>
  <testcase classname="RegressionTest8" name="test130" time="0"/>
  <testcase classname="RegressionTest8" name="test131" time="0"/>
  <testcase classname="RegressionTest8" name="test132" time="0"/>
  <testcase classname="RegressionTest8" name="test133" time="0"/>
  <testcase classname="RegressionTest8" name="test134" time="0"/>
  <testcase classname="RegressionTest8" name="test135" time="0.001"/>
  <testcase classname="RegressionTest8" name="test136" time="0"/>
  <testcase classname="RegressionTest8" name="test137" time="0"/>
  <testcase classname="RegressionTest8" name="test138" time="0"/>
  <testcase classname="RegressionTest8" name="test139" time="0"/>
  <testcase classname="RegressionTest8" name="test140" time="0"/>
  <testcase classname="RegressionTest8" name="test141" time="0"/>
  <testcase classname="RegressionTest8" name="test142" time="0"/>
  <testcase classname="RegressionTest8" name="test143" time="0.001"/>
  <testcase classname="RegressionTest8" name="test144" time="0"/>
  <testcase classname="RegressionTest8" name="test145" time="0"/>
  <testcase classname="RegressionTest8" name="test146" time="0"/>
  <testcase classname="RegressionTest8" name="test147" time="0"/>
  <testcase classname="RegressionTest8" name="test148" time="0"/>
  <testcase classname="RegressionTest8" name="test149" time="0"/>
  <testcase classname="RegressionTest8" name="test150" time="0"/>
  <testcase classname="RegressionTest8" name="test151" time="0"/>
  <testcase classname="RegressionTest8" name="test152" time="0"/>
  <testcase classname="RegressionTest8" name="test153" time="0"/>
  <testcase classname="RegressionTest8" name="test154" time="0"/>
  <testcase classname="RegressionTest8" name="test155" time="0"/>
  <testcase classname="RegressionTest8" name="test156" time="0"/>
  <testcase classname="RegressionTest8" name="test157" time="0"/>
  <testcase classname="RegressionTest8" name="test158" time="0"/>
  <testcase classname="RegressionTest8" name="test159" time="0"/>
  <testcase classname="RegressionTest8" name="test160" time="0"/>
  <testcase classname="RegressionTest8" name="test161" time="0.001"/>
  <testcase classname="RegressionTest8" name="test162" time="0"/>
  <testcase classname="RegressionTest8" name="test163" time="0"/>
  <testcase classname="RegressionTest8" name="test164" time="0"/>
  <testcase classname="RegressionTest8" name="test165" time="0"/>
  <testcase classname="RegressionTest8" name="test166" time="0"/>
  <testcase classname="RegressionTest8" name="test167" time="0"/>
  <testcase classname="RegressionTest8" name="test168" time="0"/>
  <testcase classname="RegressionTest8" name="test169" time="0"/>
  <testcase classname="RegressionTest8" name="test170" time="0.001"/>
  <testcase classname="RegressionTest8" name="test171" time="0"/>
  <testcase classname="RegressionTest8" name="test172" time="0"/>
  <testcase classname="RegressionTest8" name="test173" time="0"/>
  <testcase classname="RegressionTest8" name="test174" time="0"/>
  <testcase classname="RegressionTest8" name="test175" time="0"/>
  <testcase classname="RegressionTest8" name="test176" time="0"/>
  <testcase classname="RegressionTest8" name="test177" time="0"/>
  <testcase classname="RegressionTest8" name="test178" time="0"/>
  <testcase classname="RegressionTest8" name="test179" time="0"/>
  <testcase classname="RegressionTest8" name="test180" time="0"/>
  <testcase classname="RegressionTest8" name="test181" time="0.001"/>
  <testcase classname="RegressionTest8" name="test182" time="0"/>
  <testcase classname="RegressionTest8" name="test183" time="0"/>
  <testcase classname="RegressionTest8" name="test184" time="0"/>
  <testcase classname="RegressionTest8" name="test185" time="0"/>
  <testcase classname="RegressionTest8" name="test186" time="0"/>
  <testcase classname="RegressionTest8" name="test187" time="0"/>
  <testcase classname="RegressionTest8" name="test188" time="0"/>
  <testcase classname="RegressionTest8" name="test189" time="0"/>
  <testcase classname="RegressionTest8" name="test190" time="0"/>
  <testcase classname="RegressionTest8" name="test191" time="0"/>
  <testcase classname="RegressionTest8" name="test192" time="0"/>
  <testcase classname="RegressionTest8" name="test193" time="0"/>
  <testcase classname="RegressionTest8" name="test194" time="0"/>
  <testcase classname="RegressionTest8" name="test195" time="0"/>
  <testcase classname="RegressionTest8" name="test196" time="0"/>
  <testcase classname="RegressionTest8" name="test197" time="0"/>
  <testcase classname="RegressionTest8" name="test198" time="0.001"/>
  <testcase classname="RegressionTest8" name="test199" time="0"/>
  <testcase classname="RegressionTest8" name="test200" time="0"/>
  <testcase classname="RegressionTest8" name="test201" time="0"/>
  <testcase classname="RegressionTest8" name="test202" time="0"/>
  <testcase classname="RegressionTest8" name="test203" time="0"/>
  <testcase classname="RegressionTest8" name="test204" time="0"/>
  <testcase classname="RegressionTest8" name="test205" time="0"/>
  <testcase classname="RegressionTest8" name="test206" time="0"/>
  <testcase classname="RegressionTest8" name="test207" time="0.001"/>
  <testcase classname="RegressionTest8" name="test208" time="0"/>
  <testcase classname="RegressionTest8" name="test209" time="0"/>
  <testcase classname="RegressionTest8" name="test210" time="0"/>
  <testcase classname="RegressionTest8" name="test211" time="0"/>
  <testcase classname="RegressionTest8" name="test212" time="0"/>
  <testcase classname="RegressionTest8" name="test213" time="0"/>
  <testcase classname="RegressionTest8" name="test214" time="0"/>
  <testcase classname="RegressionTest8" name="test215" time="0"/>
  <testcase classname="RegressionTest8" name="test216" time="0"/>
  <testcase classname="RegressionTest8" name="test217" time="0.001"/>
  <testcase classname="RegressionTest8" name="test218" time="0"/>
  <testcase classname="RegressionTest8" name="test219" time="0"/>
  <testcase classname="RegressionTest8" name="test220" time="0"/>
  <testcase classname="RegressionTest8" name="test221" time="0"/>
  <testcase classname="RegressionTest8" name="test222" time="0"/>
  <testcase classname="RegressionTest8" name="test223" time="0"/>
  <testcase classname="RegressionTest8" name="test224" time="0"/>
  <testcase classname="RegressionTest8" name="test225" time="0"/>
  <testcase classname="RegressionTest8" name="test226" time="0"/>
  <testcase classname="RegressionTest8" name="test227" time="0.001"/>
  <testcase classname="RegressionTest8" name="test228" time="0"/>
  <testcase classname="RegressionTest8" name="test229" time="0"/>
  <testcase classname="RegressionTest8" name="test230" time="0"/>
  <testcase classname="RegressionTest8" name="test231" time="0"/>
  <testcase classname="RegressionTest8" name="test232" time="0"/>
  <testcase classname="RegressionTest8" name="test233" time="0"/>
  <testcase classname="RegressionTest8" name="test234" time="0"/>
  <testcase classname="RegressionTest8" name="test235" time="0"/>
  <testcase classname="RegressionTest8" name="test236" time="0"/>
  <testcase classname="RegressionTest8" name="test237" time="0.001"/>
  <testcase classname="RegressionTest8" name="test238" time="0"/>
  <testcase classname="RegressionTest8" name="test239" time="0"/>
  <testcase classname="RegressionTest8" name="test240" time="0"/>
  <testcase classname="RegressionTest8" name="test241" time="0"/>
  <testcase classname="RegressionTest8" name="test242" time="0"/>
  <testcase classname="RegressionTest8" name="test243" time="0"/>
  <testcase classname="RegressionTest8" name="test244" time="0"/>
  <testcase classname="RegressionTest8" name="test245" time="0"/>
  <testcase classname="RegressionTest8" name="test246" time="0"/>
  <testcase classname="RegressionTest8" name="test247" time="0"/>
  <testcase classname="RegressionTest8" name="test248" time="0"/>
  <testcase classname="RegressionTest8" name="test249" time="0"/>
  <testcase classname="RegressionTest8" name="test250" time="0.001"/>
  <testcase classname="RegressionTest8" name="test251" time="0"/>
  <testcase classname="RegressionTest8" name="test252" time="0"/>
  <testcase classname="RegressionTest8" name="test253" time="0"/>
  <testcase classname="RegressionTest8" name="test254" time="0"/>
  <testcase classname="RegressionTest8" name="test255" time="0"/>
  <testcase classname="RegressionTest8" name="test256" time="0.001"/>
  <testcase classname="RegressionTest8" name="test257" time="0"/>
  <testcase classname="RegressionTest8" name="test258" time="0"/>
  <testcase classname="RegressionTest8" name="test259" time="0"/>
  <testcase classname="RegressionTest8" name="test260" time="0"/>
  <testcase classname="RegressionTest8" name="test261" time="0"/>
  <testcase classname="RegressionTest8" name="test262" time="0"/>
  <testcase classname="RegressionTest8" name="test263" time="0"/>
  <testcase classname="RegressionTest8" name="test264" time="0"/>
  <testcase classname="RegressionTest8" name="test265" time="0"/>
  <testcase classname="RegressionTest8" name="test266" time="0.001"/>
  <testcase classname="RegressionTest8" name="test267" time="0"/>
  <testcase classname="RegressionTest8" name="test268" time="0"/>
  <testcase classname="RegressionTest8" name="test269" time="0"/>
  <testcase classname="RegressionTest8" name="test270" time="0"/>
  <testcase classname="RegressionTest8" name="test271" time="0"/>
  <testcase classname="RegressionTest8" name="test272" time="0"/>
  <testcase classname="RegressionTest8" name="test273" time="0"/>
  <testcase classname="RegressionTest8" name="test274" time="0"/>
  <testcase classname="RegressionTest8" name="test275" time="0"/>
  <testcase classname="RegressionTest8" name="test276" time="0"/>
  <testcase classname="RegressionTest8" name="test277" time="0.001"/>
  <testcase classname="RegressionTest8" name="test278" time="0"/>
  <testcase classname="RegressionTest8" name="test279" time="0"/>
  <testcase classname="RegressionTest8" name="test280" time="0"/>
  <testcase classname="RegressionTest8" name="test281" time="0"/>
  <testcase classname="RegressionTest8" name="test282" time="0"/>
  <testcase classname="RegressionTest8" name="test283" time="0"/>
  <testcase classname="RegressionTest8" name="test284" time="0"/>
  <testcase classname="RegressionTest8" name="test285" time="0"/>
  <testcase classname="RegressionTest8" name="test286" time="0"/>
  <testcase classname="RegressionTest8" name="test287" time="0.001"/>
  <testcase classname="RegressionTest8" name="test288" time="0"/>
  <testcase classname="RegressionTest8" name="test289" time="0"/>
  <testcase classname="RegressionTest8" name="test290" time="0"/>
  <testcase classname="RegressionTest8" name="test291" time="0"/>
  <testcase classname="RegressionTest8" name="test292" time="0"/>
  <testcase classname="RegressionTest8" name="test293" time="0"/>
  <testcase classname="RegressionTest8" name="test294" time="0"/>
  <testcase classname="RegressionTest8" name="test295" time="0"/>
  <testcase classname="RegressionTest8" name="test296" time="0.001"/>
  <testcase classname="RegressionTest8" name="test297" time="0"/>
  <testcase classname="RegressionTest8" name="test298" time="0"/>
  <testcase classname="RegressionTest8" name="test299" time="0"/>
  <testcase classname="RegressionTest8" name="test300" time="0"/>
  <testcase classname="RegressionTest8" name="test301" time="0"/>
  <testcase classname="RegressionTest8" name="test302" time="0"/>
  <testcase classname="RegressionTest8" name="test303" time="0"/>
  <testcase classname="RegressionTest8" name="test304" time="0"/>
  <testcase classname="RegressionTest8" name="test305" time="0"/>
  <testcase classname="RegressionTest8" name="test306" time="0"/>
  <testcase classname="RegressionTest8" name="test307" time="0"/>
  <testcase classname="RegressionTest8" name="test308" time="0"/>
  <testcase classname="RegressionTest8" name="test309" time="0"/>
  <testcase classname="RegressionTest8" name="test310" time="0"/>
  <testcase classname="RegressionTest8" name="test311" time="0"/>
  <testcase classname="RegressionTest8" name="test312" time="0.001"/>
  <testcase classname="RegressionTest8" name="test313" time="0"/>
  <testcase classname="RegressionTest8" name="test314" time="0"/>
  <testcase classname="RegressionTest8" name="test315" time="0"/>
  <testcase classname="RegressionTest8" name="test316" time="0"/>
  <testcase classname="RegressionTest8" name="test317" time="0"/>
  <testcase classname="RegressionTest8" name="test318" time="0"/>
  <testcase classname="RegressionTest8" name="test319" time="0"/>
  <testcase classname="RegressionTest8" name="test320" time="0"/>
  <testcase classname="RegressionTest8" name="test321" time="0.001"/>
  <testcase classname="RegressionTest8" name="test322" time="0"/>
  <testcase classname="RegressionTest8" name="test323" time="0"/>
  <testcase classname="RegressionTest8" name="test324" time="0"/>
  <testcase classname="RegressionTest8" name="test325" time="0"/>
  <testcase classname="RegressionTest8" name="test326" time="0"/>
  <testcase classname="RegressionTest8" name="test327" time="0"/>
  <testcase classname="RegressionTest8" name="test328" time="0"/>
  <testcase classname="RegressionTest8" name="test329" time="0.001"/>
  <testcase classname="RegressionTest8" name="test330" time="0"/>
  <testcase classname="RegressionTest8" name="test331" time="0"/>
  <testcase classname="RegressionTest8" name="test332" time="0"/>
  <testcase classname="RegressionTest8" name="test333" time="0"/>
  <testcase classname="RegressionTest8" name="test334" time="0"/>
  <testcase classname="RegressionTest8" name="test335" time="0"/>
  <testcase classname="RegressionTest8" name="test336" time="0"/>
  <testcase classname="RegressionTest8" name="test337" time="0"/>
  <testcase classname="RegressionTest8" name="test338" time="0.001"/>
  <testcase classname="RegressionTest8" name="test339" time="0"/>
  <testcase classname="RegressionTest8" name="test340" time="0"/>
  <testcase classname="RegressionTest8" name="test341" time="0"/>
  <testcase classname="RegressionTest8" name="test342" time="0"/>
  <testcase classname="RegressionTest8" name="test343" time="0"/>
  <testcase classname="RegressionTest8" name="test344" time="0"/>
  <testcase classname="RegressionTest8" name="test345" time="0.001"/>
  <testcase classname="RegressionTest8" name="test346" time="0"/>
  <testcase classname="RegressionTest8" name="test347" time="0"/>
  <testcase classname="RegressionTest8" name="test348" time="0"/>
  <testcase classname="RegressionTest8" name="test349" time="0"/>
  <testcase classname="RegressionTest8" name="test350" time="0.001"/>
  <testcase classname="RegressionTest8" name="test351" time="0"/>
  <testcase classname="RegressionTest8" name="test352" time="0.002"/>
  <testcase classname="RegressionTest8" name="test353" time="0"/>
  <testcase classname="RegressionTest8" name="test354" time="0"/>
  <testcase classname="RegressionTest8" name="test355" time="0"/>
  <testcase classname="RegressionTest8" name="test356" time="0"/>
  <testcase classname="RegressionTest8" name="test357" time="0"/>
  <testcase classname="RegressionTest8" name="test358" time="0"/>
  <testcase classname="RegressionTest8" name="test359" time="0"/>
  <testcase classname="RegressionTest8" name="test360" time="0"/>
  <testcase classname="RegressionTest8" name="test361" time="0"/>
  <testcase classname="RegressionTest8" name="test362" time="0"/>
  <testcase classname="RegressionTest8" name="test363" time="0"/>
  <testcase classname="RegressionTest8" name="test364" time="0"/>
  <testcase classname="RegressionTest8" name="test365" time="0"/>
  <testcase classname="RegressionTest8" name="test366" time="0"/>
  <testcase classname="RegressionTest8" name="test367" time="0"/>
  <testcase classname="RegressionTest8" name="test368" time="0.001"/>
  <testcase classname="RegressionTest8" name="test369" time="0"/>
  <testcase classname="RegressionTest8" name="test370" time="0"/>
  <testcase classname="RegressionTest8" name="test371" time="0"/>
  <testcase classname="RegressionTest8" name="test372" time="0"/>
  <testcase classname="RegressionTest8" name="test373" time="0"/>
  <testcase classname="RegressionTest8" name="test374" time="0"/>
  <testcase classname="RegressionTest8" name="test375" time="0"/>
  <testcase classname="RegressionTest8" name="test376" time="0"/>
  <testcase classname="RegressionTest8" name="test377" time="0"/>
  <testcase classname="RegressionTest8" name="test378" time="0"/>
  <testcase classname="RegressionTest8" name="test379" time="0"/>
  <testcase classname="RegressionTest8" name="test380" time="0"/>
  <testcase classname="RegressionTest8" name="test381" time="0"/>
  <testcase classname="RegressionTest8" name="test382" time="0"/>
  <testcase classname="RegressionTest8" name="test383" time="0"/>
  <testcase classname="RegressionTest8" name="test384" time="0"/>
  <testcase classname="RegressionTest8" name="test385" time="0"/>
  <testcase classname="RegressionTest8" name="test386" time="0.001"/>
  <testcase classname="RegressionTest8" name="test387" time="0"/>
  <testcase classname="RegressionTest8" name="test388" time="0"/>
  <testcase classname="RegressionTest8" name="test389" time="0"/>
  <testcase classname="RegressionTest8" name="test390" time="0"/>
  <testcase classname="RegressionTest8" name="test391" time="0"/>
  <testcase classname="RegressionTest8" name="test392" time="0"/>
  <testcase classname="RegressionTest8" name="test393" time="0"/>
  <testcase classname="RegressionTest8" name="test394" time="0.01"/>
  <testcase classname="RegressionTest8" name="test395" time="0"/>
  <testcase classname="RegressionTest8" name="test396" time="0"/>
  <testcase classname="RegressionTest8" name="test397" time="0"/>
  <testcase classname="RegressionTest8" name="test398" time="0"/>
  <testcase classname="RegressionTest8" name="test399" time="0"/>
  <testcase classname="RegressionTest8" name="test400" time="0.001"/>
  <testcase classname="RegressionTest8" name="test401" time="0"/>
  <testcase classname="RegressionTest8" name="test402" time="0"/>
  <testcase classname="RegressionTest8" name="test403" time="0"/>
  <testcase classname="RegressionTest8" name="test404" time="0"/>
  <testcase classname="RegressionTest8" name="test405" time="0"/>
  <testcase classname="RegressionTest8" name="test406" time="0"/>
  <testcase classname="RegressionTest8" name="test407" time="0"/>
  <testcase classname="RegressionTest8" name="test408" time="0"/>
  <testcase classname="RegressionTest8" name="test409" time="0"/>
  <testcase classname="RegressionTest8" name="test410" time="0.001"/>
  <testcase classname="RegressionTest8" name="test411" time="0"/>
  <testcase classname="RegressionTest8" name="test412" time="0"/>
  <testcase classname="RegressionTest8" name="test413" time="0"/>
  <testcase classname="RegressionTest8" name="test414" time="0"/>
  <testcase classname="RegressionTest8" name="test415" time="0"/>
  <testcase classname="RegressionTest8" name="test416" time="0"/>
  <testcase classname="RegressionTest8" name="test417" time="0"/>
  <testcase classname="RegressionTest8" name="test418" time="0"/>
  <testcase classname="RegressionTest8" name="test419" time="0"/>
  <testcase classname="RegressionTest8" name="test420" time="0"/>
  <testcase classname="RegressionTest8" name="test421" time="0"/>
  <testcase classname="RegressionTest8" name="test422" time="0"/>
  <testcase classname="RegressionTest8" name="test423" time="0"/>
  <testcase classname="RegressionTest8" name="test424" time="0"/>
  <testcase classname="RegressionTest8" name="test425" time="0"/>
  <testcase classname="RegressionTest8" name="test426" time="0"/>
  <testcase classname="RegressionTest8" name="test427" time="0"/>
  <testcase classname="RegressionTest8" name="test428" time="0"/>
  <testcase classname="RegressionTest8" name="test429" time="0"/>
  <testcase classname="RegressionTest8" name="test430" time="0"/>
  <testcase classname="RegressionTest8" name="test431" time="0"/>
  <testcase classname="RegressionTest8" name="test432" time="0.001"/>
  <testcase classname="RegressionTest8" name="test433" time="0"/>
  <testcase classname="RegressionTest8" name="test434" time="0"/>
  <testcase classname="RegressionTest8" name="test435" time="0"/>
  <testcase classname="RegressionTest8" name="test436" time="0"/>
  <testcase classname="RegressionTest8" name="test437" time="0"/>
  <testcase classname="RegressionTest8" name="test438" time="0"/>
  <testcase classname="RegressionTest8" name="test439" time="0"/>
  <testcase classname="RegressionTest8" name="test440" time="0"/>
  <testcase classname="RegressionTest8" name="test441" time="0"/>
  <testcase classname="RegressionTest8" name="test442" time="0.001"/>
  <testcase classname="RegressionTest8" name="test443" time="0"/>
  <testcase classname="RegressionTest8" name="test444" time="0"/>
  <testcase classname="RegressionTest8" name="test445" time="0"/>
  <testcase classname="RegressionTest8" name="test446" time="0"/>
  <testcase classname="RegressionTest8" name="test447" time="0"/>
  <testcase classname="RegressionTest8" name="test448" time="0"/>
  <testcase classname="RegressionTest8" name="test449" time="0"/>
  <testcase classname="RegressionTest8" name="test450" time="0.001"/>
  <testcase classname="RegressionTest8" name="test451" time="0"/>
  <testcase classname="RegressionTest8" name="test452" time="0"/>
  <testcase classname="RegressionTest8" name="test453" time="0"/>
  <testcase classname="RegressionTest8" name="test454" time="0"/>
  <testcase classname="RegressionTest8" name="test455" time="0"/>
  <testcase classname="RegressionTest8" name="test456" time="0"/>
  <testcase classname="RegressionTest8" name="test457" time="0"/>
  <testcase classname="RegressionTest8" name="test458" time="0"/>
  <testcase classname="RegressionTest8" name="test459" time="0"/>
  <testcase classname="RegressionTest8" name="test460" time="0.001"/>
  <testcase classname="RegressionTest8" name="test461" time="0"/>
  <testcase classname="RegressionTest8" name="test462" time="0"/>
  <testcase classname="RegressionTest8" name="test463" time="0"/>
  <testcase classname="RegressionTest8" name="test464" time="0"/>
  <testcase classname="RegressionTest8" name="test465" time="0"/>
  <testcase classname="RegressionTest8" name="test466" time="0"/>
  <testcase classname="RegressionTest8" name="test467" time="0"/>
  <testcase classname="RegressionTest8" name="test468" time="0"/>
  <testcase classname="RegressionTest8" name="test469" time="0"/>
  <testcase classname="RegressionTest8" name="test470" time="0"/>
  <testcase classname="RegressionTest8" name="test471" time="0"/>
  <testcase classname="RegressionTest8" name="test472" time="0"/>
  <testcase classname="RegressionTest8" name="test473" time="0"/>
  <testcase classname="RegressionTest8" name="test474" time="0"/>
  <testcase classname="RegressionTest8" name="test475" time="0.001"/>
  <testcase classname="RegressionTest8" name="test476" time="0"/>
  <testcase classname="RegressionTest8" name="test477" time="0"/>
  <testcase classname="RegressionTest8" name="test478" time="0"/>
  <testcase classname="RegressionTest8" name="test479" time="0"/>
  <testcase classname="RegressionTest8" name="test480" time="0"/>
  <testcase classname="RegressionTest8" name="test481" time="0"/>
  <testcase classname="RegressionTest8" name="test482" time="0.001"/>
  <testcase classname="RegressionTest8" name="test483" time="0"/>
  <testcase classname="RegressionTest8" name="test484" time="0"/>
  <testcase classname="RegressionTest8" name="test485" time="0"/>
  <testcase classname="RegressionTest8" name="test486" time="0"/>
  <testcase classname="RegressionTest8" name="test487" time="0"/>
  <testcase classname="RegressionTest8" name="test488" time="0"/>
  <testcase classname="RegressionTest8" name="test489" time="0.001"/>
  <testcase classname="RegressionTest8" name="test490" time="0"/>
  <testcase classname="RegressionTest8" name="test491" time="0"/>
  <testcase classname="RegressionTest8" name="test492" time="0"/>
  <testcase classname="RegressionTest8" name="test493" time="0"/>
  <testcase classname="RegressionTest8" name="test494" time="0"/>
  <testcase classname="RegressionTest8" name="test495" time="0"/>
  <testcase classname="RegressionTest8" name="test496" time="0"/>
  <testcase classname="RegressionTest8" name="test497" time="0.001"/>
  <testcase classname="RegressionTest8" name="test498" time="0"/>
  <testcase classname="RegressionTest8" name="test499" time="0"/>
  <testcase classname="RegressionTest8" name="test500" time="0"/>
  <testcase classname="RegressionTest9" name="test001" time="0"/>
  <testcase classname="RegressionTest9" name="test002" time="0"/>
  <testcase classname="RegressionTest9" name="test003" time="0"/>
  <testcase classname="RegressionTest9" name="test004" time="0"/>
  <testcase classname="RegressionTest9" name="test005" time="0"/>
  <testcase classname="RegressionTest9" name="test006" time="0"/>
  <testcase classname="RegressionTest9" name="test007" time="0"/>
  <testcase classname="RegressionTest9" name="test008" time="0"/>
  <testcase classname="RegressionTest9" name="test009" time="0"/>
  <testcase classname="RegressionTest9" name="test010" time="0"/>
  <testcase classname="RegressionTest9" name="test011" time="0"/>
  <testcase classname="RegressionTest9" name="test012" time="0"/>
  <testcase classname="RegressionTest9" name="test013" time="0.001"/>
  <testcase classname="RegressionTest9" name="test014" time="0"/>
  <testcase classname="RegressionTest9" name="test015" time="0"/>
  <testcase classname="RegressionTest9" name="test016" time="0"/>
  <testcase classname="RegressionTest9" name="test017" time="0"/>
  <testcase classname="RegressionTest9" name="test018" time="0"/>
  <testcase classname="RegressionTest9" name="test019" time="0"/>
  <testcase classname="RegressionTest9" name="test020" time="0.001"/>
  <testcase classname="RegressionTest9" name="test021" time="0"/>
  <testcase classname="RegressionTest9" name="test022" time="0"/>
  <testcase classname="RegressionTest9" name="test023" time="0"/>
  <testcase classname="RegressionTest9" name="test024" time="0"/>
  <testcase classname="RegressionTest9" name="test025" time="0"/>
  <testcase classname="RegressionTest9" name="test026" time="0"/>
  <testcase classname="RegressionTest9" name="test027" time="0"/>
  <testcase classname="RegressionTest9" name="test028" time="0.001"/>
  <testcase classname="RegressionTest9" name="test029" time="0"/>
  <testcase classname="RegressionTest9" name="test030" time="0"/>
  <testcase classname="RegressionTest9" name="test031" time="0"/>
  <testcase classname="RegressionTest9" name="test032" time="0"/>
  <testcase classname="RegressionTest9" name="test033" time="0"/>
  <testcase classname="RegressionTest9" name="test034" time="0"/>
  <testcase classname="RegressionTest9" name="test035" time="0"/>
  <testcase classname="RegressionTest9" name="test036" time="0"/>
  <testcase classname="RegressionTest9" name="test037" time="0.001"/>
  <testcase classname="RegressionTest9" name="test038" time="0"/>
  <testcase classname="RegressionTest9" name="test039" time="0"/>
  <testcase classname="RegressionTest9" name="test040" time="0"/>
  <testcase classname="RegressionTest9" name="test041" time="0"/>
  <testcase classname="RegressionTest9" name="test042" time="0"/>
  <testcase classname="RegressionTest9" name="test043" time="0"/>
  <testcase classname="RegressionTest9" name="test044" time="0"/>
  <testcase classname="RegressionTest9" name="test045" time="0"/>
  <testcase classname="RegressionTest9" name="test046" time="0"/>
  <testcase classname="RegressionTest9" name="test047" time="0"/>
  <testcase classname="RegressionTest9" name="test048" time="0"/>
  <testcase classname="RegressionTest9" name="test049" time="0"/>
  <testcase classname="RegressionTest9" name="test050" time="0.001"/>
  <testcase classname="RegressionTest9" name="test051" time="0"/>
  <testcase classname="RegressionTest9" name="test052" time="0"/>
  <testcase classname="RegressionTest9" name="test053" time="0"/>
  <testcase classname="RegressionTest9" name="test054" time="0"/>
  <testcase classname="RegressionTest9" name="test055" time="0"/>
  <testcase classname="RegressionTest9" name="test056" time="0"/>
  <testcase classname="RegressionTest9" name="test057" time="0"/>
  <testcase classname="RegressionTest9" name="test058" time="0"/>
  <testcase classname="RegressionTest9" name="test059" time="0.001"/>
  <testcase classname="RegressionTest9" name="test060" time="0"/>
  <testcase classname="RegressionTest9" name="test061" time="0"/>
  <testcase classname="RegressionTest9" name="test062" time="0"/>
  <testcase classname="RegressionTest9" name="test063" time="0"/>
  <testcase classname="RegressionTest9" name="test064" time="0"/>
  <testcase classname="RegressionTest9" name="test065" time="0"/>
  <testcase classname="RegressionTest9" name="test066" time="0"/>
  <testcase classname="RegressionTest9" name="test067" time="0"/>
  <testcase classname="RegressionTest9" name="test068" time="0"/>
  <testcase classname="RegressionTest9" name="test069" time="0"/>
  <testcase classname="RegressionTest9" name="test070" time="0.001"/>
  <testcase classname="RegressionTest9" name="test071" time="0"/>
  <testcase classname="RegressionTest9" name="test072" time="0"/>
  <testcase classname="RegressionTest9" name="test073" time="0"/>
  <testcase classname="RegressionTest9" name="test074" time="0"/>
  <testcase classname="RegressionTest9" name="test075" time="0"/>
  <testcase classname="RegressionTest9" name="test076" time="0"/>
  <testcase classname="RegressionTest9" name="test077" time="0"/>
  <testcase classname="RegressionTest9" name="test078" time="0"/>
  <testcase classname="RegressionTest9" name="test079" time="0.001"/>
  <testcase classname="RegressionTest9" name="test080" time="0"/>
  <testcase classname="RegressionTest9" name="test081" time="0"/>
  <testcase classname="RegressionTest9" name="test082" time="0"/>
  <testcase classname="RegressionTest9" name="test083" time="0"/>
  <testcase classname="RegressionTest9" name="test084" time="0"/>
  <testcase classname="RegressionTest9" name="test085" time="0"/>
  <testcase classname="RegressionTest9" name="test086" time="0"/>
  <testcase classname="RegressionTest9" name="test087" time="0.001"/>
  <testcase classname="RegressionTest9" name="test088" time="0"/>
  <testcase classname="RegressionTest9" name="test089" time="0"/>
  <testcase classname="RegressionTest9" name="test090" time="0"/>
  <testcase classname="RegressionTest9" name="test091" time="0"/>
  <testcase classname="RegressionTest9" name="test092" time="0"/>
  <testcase classname="RegressionTest9" name="test093" time="0"/>
  <testcase classname="RegressionTest9" name="test094" time="0"/>
  <testcase classname="RegressionTest9" name="test095" time="0.001"/>
  <testcase classname="RegressionTest9" name="test096" time="0"/>
  <testcase classname="RegressionTest9" name="test097" time="0"/>
  <testcase classname="RegressionTest9" name="test098" time="0"/>
  <testcase classname="RegressionTest9" name="test099" time="0"/>
  <testcase classname="RegressionTest9" name="test100" time="0"/>
  <testcase classname="RegressionTest9" name="test101" time="0"/>
  <testcase classname="RegressionTest9" name="test102" time="0"/>
  <testcase classname="RegressionTest9" name="test103" time="0"/>
  <testcase classname="RegressionTest9" name="test104" time="0.001"/>
  <testcase classname="RegressionTest9" name="test105" time="0"/>
  <testcase classname="RegressionTest9" name="test106" time="0"/>
  <testcase classname="RegressionTest9" name="test107" time="0"/>
  <testcase classname="RegressionTest9" name="test108" time="0"/>
  <testcase classname="RegressionTest9" name="test109" time="0"/>
  <testcase classname="RegressionTest9" name="test110" time="0"/>
  <testcase classname="RegressionTest9" name="test111" time="0.001"/>
  <testcase classname="RegressionTest9" name="test112" time="0"/>
  <testcase classname="RegressionTest9" name="test113" time="0"/>
  <testcase classname="RegressionTest9" name="test114" time="0"/>
  <testcase classname="RegressionTest9" name="test115" time="0"/>
  <testcase classname="RegressionTest9" name="test116" time="0"/>
  <testcase classname="RegressionTest9" name="test117" time="0"/>
  <testcase classname="RegressionTest9" name="test118" time="0"/>
  <testcase classname="RegressionTest9" name="test119" time="0"/>
  <testcase classname="RegressionTest9" name="test120" time="0"/>
  <testcase classname="RegressionTest9" name="test121" time="0.001"/>
  <testcase classname="RegressionTest9" name="test122" time="0"/>
  <testcase classname="RegressionTest9" name="test123" time="0"/>
  <testcase classname="RegressionTest9" name="test124" time="0"/>
  <testcase classname="RegressionTest9" name="test125" time="0"/>
  <testcase classname="RegressionTest9" name="test126" time="0"/>
  <testcase classname="RegressionTest9" name="test127" time="0"/>
  <testcase classname="RegressionTest9" name="test128" time="0"/>
  <testcase classname="RegressionTest9" name="test129" time="0"/>
  <testcase classname="RegressionTest9" name="test130" time="0.001"/>
  <testcase classname="RegressionTest9" name="test131" time="0"/>
  <testcase classname="RegressionTest9" name="test132" time="0"/>
  <testcase classname="RegressionTest9" name="test133" time="0"/>
  <testcase classname="RegressionTest9" name="test134" time="0"/>
  <testcase classname="RegressionTest9" name="test135" time="0"/>
  <testcase classname="RegressionTest9" name="test136" time="0"/>
  <testcase classname="RegressionTest9" name="test137" time="0"/>
  <testcase classname="RegressionTest9" name="test138" time="0.002"/>
  <testcase classname="RegressionTest9" name="test139" time="0"/>
  <testcase classname="RegressionTest9" name="test140" time="0"/>
  <testcase classname="RegressionTest9" name="test141" time="0.002"/>
  <testcase classname="RegressionTest9" name="test142" time="0"/>
  <testcase classname="RegressionTest9" name="test143" time="0"/>
  <testcase classname="RegressionTest9" name="test144" time="0.001"/>
  <testcase classname="RegressionTest9" name="test145" time="0"/>
  <testcase classname="RegressionTest9" name="test146" time="0"/>
  <testcase classname="RegressionTest9" name="test147" time="0"/>
  <testcase classname="RegressionTest9" name="test148" time="0"/>
  <testcase classname="RegressionTest9" name="test149" time="0"/>
  <testcase classname="RegressionTest9" name="test150" time="0"/>
  <testcase classname="RegressionTest9" name="test151" time="0"/>
  <testcase classname="RegressionTest9" name="test152" time="0"/>
  <testcase classname="RegressionTest9" name="test153" time="0"/>
  <testcase classname="RegressionTest9" name="test154" time="0"/>
  <testcase classname="RegressionTest9" name="test155" time="0"/>
  <testcase classname="RegressionTest9" name="test156" time="0"/>
  <testcase classname="RegressionTest9" name="test157" time="0"/>
  <testcase classname="RegressionTest9" name="test158" time="0"/>
  <testcase classname="RegressionTest9" name="test159" time="0.001"/>
  <testcase classname="RegressionTest9" name="test160" time="0"/>
  <testcase classname="RegressionTest9" name="test161" time="0"/>
  <testcase classname="RegressionTest9" name="test162" time="0"/>
  <testcase classname="RegressionTest9" name="test163" time="0"/>
  <testcase classname="RegressionTest9" name="test164" time="0"/>
  <testcase classname="RegressionTest9" name="test165" time="0"/>
  <testcase classname="RegressionTest9" name="test166" time="0"/>
  <testcase classname="RegressionTest9" name="test167" time="0"/>
  <testcase classname="RegressionTest9" name="test168" time="0"/>
  <testcase classname="RegressionTest9" name="test169" time="0"/>
  <testcase classname="RegressionTest9" name="test170" time="0"/>
  <testcase classname="RegressionTest9" name="test171" time="0"/>
  <testcase classname="RegressionTest9" name="test172" time="0"/>
  <testcase classname="RegressionTest9" name="test173" time="0"/>
  <testcase classname="RegressionTest9" name="test174" time="0"/>
  <testcase classname="RegressionTest9" name="test175" time="0"/>
  <testcase classname="RegressionTest9" name="test176" time="0"/>
  <testcase classname="RegressionTest9" name="test177" time="0"/>
  <testcase classname="RegressionTest9" name="test178" time="0.001"/>
  <testcase classname="RegressionTest9" name="test179" time="0"/>
  <testcase classname="RegressionTest9" name="test180" time="0"/>
  <testcase classname="RegressionTest9" name="test181" time="0"/>
  <testcase classname="RegressionTest9" name="test182" time="0"/>
  <testcase classname="RegressionTest9" name="test183" time="0"/>
  <testcase classname="RegressionTest9" name="test184" time="0"/>
  <testcase classname="RegressionTest9" name="test185" time="0"/>
  <testcase classname="RegressionTest9" name="test186" time="0.001"/>
  <testcase classname="RegressionTest9" name="test187" time="0"/>
  <testcase classname="RegressionTest9" name="test188" time="0"/>
  <testcase classname="RegressionTest9" name="test189" time="0"/>
  <testcase classname="RegressionTest9" name="test190" time="0"/>
  <testcase classname="RegressionTest9" name="test191" time="0"/>
  <testcase classname="RegressionTest9" name="test192" time="0"/>
  <testcase classname="RegressionTest9" name="test193" time="0"/>
  <testcase classname="RegressionTest9" name="test194" time="0"/>
  <testcase classname="RegressionTest9" name="test195" time="0"/>
  <testcase classname="RegressionTest9" name="test196" time="0"/>
  <testcase classname="RegressionTest9" name="test197" time="0.001"/>
  <testcase classname="RegressionTest9" name="test198" time="0"/>
  <testcase classname="RegressionTest9" name="test199" time="0"/>
  <testcase classname="RegressionTest9" name="test200" time="0"/>
  <testcase classname="RegressionTest9" name="test201" time="0"/>
  <testcase classname="RegressionTest9" name="test202" time="0"/>
  <testcase classname="RegressionTest9" name="test203" time="0"/>
  <testcase classname="RegressionTest9" name="test204" time="0"/>
  <testcase classname="RegressionTest9" name="test205" time="0"/>
  <testcase classname="RegressionTest9" name="test206" time="0"/>
  <testcase classname="RegressionTest9" name="test207" time="0.001"/>
  <testcase classname="RegressionTest9" name="test208" time="0"/>
  <testcase classname="RegressionTest9" name="test209" time="0"/>
  <testcase classname="RegressionTest9" name="test210" time="0"/>
  <testcase classname="RegressionTest9" name="test211" time="0"/>
  <testcase classname="RegressionTest9" name="test212" time="0"/>
  <testcase classname="RegressionTest9" name="test213" time="0"/>
  <testcase classname="RegressionTest9" name="test214" time="0"/>
  <testcase classname="RegressionTest9" name="test215" time="0.001"/>
  <testcase classname="RegressionTest9" name="test216" time="0"/>
  <testcase classname="RegressionTest9" name="test217" time="0"/>
  <testcase classname="RegressionTest9" name="test218" time="0"/>
  <testcase classname="RegressionTest9" name="test219" time="0"/>
  <testcase classname="RegressionTest9" name="test220" time="0"/>
  <testcase classname="RegressionTest9" name="test221" time="0"/>
  <testcase classname="RegressionTest9" name="test222" time="0"/>
  <testcase classname="RegressionTest9" name="test223" time="0"/>
  <testcase classname="RegressionTest9" name="test224" time="0"/>
  <testcase classname="RegressionTest9" name="test225" time="0.001"/>
  <testcase classname="RegressionTest9" name="test226" time="0"/>
  <testcase classname="RegressionTest9" name="test227" time="0"/>
  <testcase classname="RegressionTest9" name="test228" time="0"/>
  <testcase classname="RegressionTest9" name="test229" time="0"/>
  <testcase classname="RegressionTest9" name="test230" time="0"/>
  <testcase classname="RegressionTest9" name="test231" time="0"/>
  <testcase classname="RegressionTest9" name="test232" time="0"/>
  <testcase classname="RegressionTest9" name="test233" time="0"/>
  <testcase classname="RegressionTest9" name="test234" time="0"/>
  <testcase classname="RegressionTest9" name="test235" time="0"/>
  <testcase classname="RegressionTest9" name="test236" time="0"/>
  <testcase classname="RegressionTest9" name="test237" time="0"/>
  <testcase classname="RegressionTest9" name="test238" time="0"/>
  <testcase classname="RegressionTest9" name="test239" time="0"/>
  <testcase classname="RegressionTest9" name="test240" time="0"/>
  <testcase classname="RegressionTest9" name="test241" time="0"/>
  <testcase classname="RegressionTest9" name="test242" time="0"/>
  <testcase classname="RegressionTest9" name="test243" time="0"/>
  <testcase classname="RegressionTest9" name="test244" time="0"/>
  <testcase classname="RegressionTest9" name="test245" time="0"/>
  <testcase classname="RegressionTest9" name="test246" time="0"/>
  <testcase classname="RegressionTest9" name="test247" time="0"/>
  <testcase classname="RegressionTest9" name="test248" time="0.001"/>
  <testcase classname="RegressionTest9" name="test249" time="0"/>
  <testcase classname="RegressionTest9" name="test250" time="0"/>
  <testcase classname="RegressionTest9" name="test251" time="0"/>
  <testcase classname="RegressionTest9" name="test252" time="0"/>
  <testcase classname="RegressionTest9" name="test253" time="0"/>
  <testcase classname="RegressionTest9" name="test254" time="0"/>
  <testcase classname="RegressionTest9" name="test255" time="0"/>
  <testcase classname="RegressionTest9" name="test256" time="0"/>
  <testcase classname="RegressionTest9" name="test257" time="0"/>
  <testcase classname="RegressionTest9" name="test258" time="0"/>
  <testcase classname="RegressionTest9" name="test259" time="0"/>
  <testcase classname="RegressionTest9" name="test260" time="0"/>
  <testcase classname="RegressionTest9" name="test261" time="0"/>
  <testcase classname="RegressionTest9" name="test262" time="0.001"/>
  <testcase classname="RegressionTest9" name="test263" time="0"/>
  <testcase classname="RegressionTest9" name="test264" time="0"/>
  <testcase classname="RegressionTest9" name="test265" time="0"/>
  <testcase classname="RegressionTest9" name="test266" time="0"/>
  <testcase classname="RegressionTest9" name="test267" time="0"/>
  <testcase classname="RegressionTest9" name="test268" time="0"/>
  <testcase classname="RegressionTest9" name="test269" time="0"/>
  <testcase classname="RegressionTest9" name="test270" time="0"/>
  <testcase classname="RegressionTest9" name="test271" time="0.001"/>
  <testcase classname="RegressionTest9" name="test272" time="0"/>
  <testcase classname="RegressionTest9" name="test273" time="0"/>
  <testcase classname="RegressionTest9" name="test274" time="0"/>
  <testcase classname="RegressionTest9" name="test275" time="0"/>
  <testcase classname="RegressionTest9" name="test276" time="0"/>
  <testcase classname="RegressionTest9" name="test277" time="0"/>
  <testcase classname="RegressionTest9" name="test278" time="0.001"/>
  <testcase classname="RegressionTest9" name="test279" time="0"/>
  <testcase classname="RegressionTest9" name="test280" time="0"/>
  <testcase classname="RegressionTest9" name="test281" time="0"/>
  <testcase classname="RegressionTest9" name="test282" time="0"/>
  <testcase classname="RegressionTest9" name="test283" time="0"/>
  <testcase classname="RegressionTest9" name="test284" time="0"/>
  <testcase classname="RegressionTest9" name="test285" time="0"/>
  <testcase classname="RegressionTest9" name="test286" time="0"/>
  <testcase classname="RegressionTest9" name="test287" time="0"/>
  <testcase classname="RegressionTest9" name="test288" time="0"/>
  <testcase classname="RegressionTest9" name="test289" time="0.001"/>
  <testcase classname="RegressionTest9" name="test290" time="0"/>
  <testcase classname="RegressionTest9" name="test291" time="0"/>
  <testcase classname="RegressionTest9" name="test292" time="0"/>
  <testcase classname="RegressionTest9" name="test293" time="0"/>
  <testcase classname="RegressionTest9" name="test294" time="0"/>
  <testcase classname="RegressionTest9" name="test295" time="0"/>
  <testcase classname="RegressionTest9" name="test296" time="0"/>
  <testcase classname="RegressionTest9" name="test297" time="0"/>
  <testcase classname="RegressionTest9" name="test298" time="0.001"/>
  <testcase classname="RegressionTest9" name="test299" time="0"/>
  <testcase classname="RegressionTest9" name="test300" time="0"/>
  <testcase classname="RegressionTest9" name="test301" time="0"/>
  <testcase classname="RegressionTest9" name="test302" time="0"/>
  <testcase classname="RegressionTest9" name="test303" time="0"/>
  <testcase classname="RegressionTest9" name="test304" time="0"/>
  <testcase classname="RegressionTest9" name="test305" time="0"/>
  <testcase classname="RegressionTest9" name="test306" time="0.001"/>
  <testcase classname="RegressionTest9" name="test307" time="0"/>
  <testcase classname="RegressionTest9" name="test308" time="0"/>
  <testcase classname="RegressionTest9" name="test309" time="0"/>
  <testcase classname="RegressionTest9" name="test310" time="0"/>
  <testcase classname="RegressionTest9" name="test311" time="0"/>
  <testcase classname="RegressionTest9" name="test312" time="0"/>
  <testcase classname="RegressionTest9" name="test313" time="0"/>
  <testcase classname="RegressionTest9" name="test314" time="0"/>
  <testcase classname="RegressionTest9" name="test315" time="0"/>
  <testcase classname="RegressionTest9" name="test316" time="0.001"/>
  <testcase classname="RegressionTest9" name="test317" time="0"/>
  <testcase classname="RegressionTest9" name="test318" time="0"/>
  <testcase classname="RegressionTest9" name="test319" time="0"/>
  <testcase classname="RegressionTest9" name="test320" time="0"/>
  <testcase classname="RegressionTest9" name="test321" time="0"/>
  <testcase classname="RegressionTest9" name="test322" time="0"/>
  <testcase classname="RegressionTest9" name="test323" time="0"/>
  <testcase classname="RegressionTest9" name="test324" time="0"/>
  <testcase classname="RegressionTest9" name="test325" time="0"/>
  <testcase classname="RegressionTest9" name="test326" time="0.001"/>
  <testcase classname="RegressionTest9" name="test327" time="0"/>
  <testcase classname="RegressionTest9" name="test328" time="0"/>
  <testcase classname="RegressionTest9" name="test329" time="0"/>
  <testcase classname="RegressionTest9" name="test330" time="0"/>
  <testcase classname="RegressionTest9" name="test331" time="0"/>
  <testcase classname="RegressionTest9" name="test332" time="0"/>
  <testcase classname="RegressionTest9" name="test333" time="0"/>
  <testcase classname="RegressionTest9" name="test334" time="0"/>
  <testcase classname="RegressionTest9" name="test335" time="0"/>
  <testcase classname="RegressionTest9" name="test336" time="0"/>
  <testcase classname="RegressionTest9" name="test337" time="0"/>
  <testcase classname="RegressionTest9" name="test338" time="0"/>
  <testcase classname="RegressionTest9" name="test339" time="0"/>
  <testcase classname="RegressionTest9" name="test340" time="0"/>
  <testcase classname="RegressionTest9" name="test341" time="0"/>
  <testcase classname="RegressionTest9" name="test342" time="0"/>
  <testcase classname="RegressionTest9" name="test343" time="0"/>
  <testcase classname="RegressionTest9" name="test344" time="0"/>
  <testcase classname="RegressionTest9" name="test345" time="0.001"/>
  <testcase classname="RegressionTest9" name="test346" time="0"/>
  <testcase classname="RegressionTest9" name="test347" time="0"/>
  <testcase classname="RegressionTest9" name="test348" time="0"/>
  <testcase classname="RegressionTest9" name="test349" time="0"/>
  <testcase classname="RegressionTest9" name="test350" time="0"/>
  <testcase classname="RegressionTest9" name="test351" time="0"/>
  <testcase classname="RegressionTest9" name="test352" time="0"/>
  <testcase classname="RegressionTest9" name="test353" time="0"/>
  <testcase classname="RegressionTest9" name="test354" time="0.001"/>
  <testcase classname="RegressionTest9" name="test355" time="0"/>
  <testcase classname="RegressionTest9" name="test356" time="0"/>
  <testcase classname="RegressionTest9" name="test357" time="0"/>
  <testcase classname="RegressionTest9" name="test358" time="0"/>
  <testcase classname="RegressionTest9" name="test359" time="0"/>
  <testcase classname="RegressionTest9" name="test360" time="0"/>
  <testcase classname="RegressionTest9" name="test361" time="0"/>
  <testcase classname="RegressionTest9" name="test362" time="0"/>
  <testcase classname="RegressionTest9" name="test363" time="0.001"/>
  <testcase classname="RegressionTest9" name="test364" time="0"/>
  <testcase classname="RegressionTest9" name="test365" time="0"/>
  <testcase classname="RegressionTest9" name="test366" time="0"/>
  <testcase classname="RegressionTest9" name="test367" time="0"/>
  <testcase classname="RegressionTest9" name="test368" time="0"/>
  <testcase classname="RegressionTest9" name="test369" time="0"/>
  <testcase classname="RegressionTest9" name="test370" time="0"/>
  <testcase classname="RegressionTest9" name="test371" time="0"/>
  <testcase classname="RegressionTest9" name="test372" time="0"/>
  <testcase classname="RegressionTest9" name="test373" time="0.001"/>
  <testcase classname="RegressionTest9" name="test374" time="0"/>
  <testcase classname="RegressionTest9" name="test375" time="0"/>
  <testcase classname="RegressionTest9" name="test376" time="0"/>
  <testcase classname="RegressionTest9" name="test377" time="0"/>
  <testcase classname="RegressionTest9" name="test378" time="0"/>
  <testcase classname="RegressionTest9" name="test379" time="0"/>
  <testcase classname="RegressionTest9" name="test380" time="0"/>
  <testcase classname="RegressionTest9" name="test381" time="0"/>
  <testcase classname="RegressionTest9" name="test382" time="0"/>
  <testcase classname="RegressionTest9" name="test383" time="0"/>
  <testcase classname="RegressionTest9" name="test384" time="0"/>
  <testcase classname="RegressionTest9" name="test385" time="0"/>
  <testcase classname="RegressionTest9" name="test386" time="0"/>
  <testcase classname="RegressionTest9" name="test387" time="0"/>
  <testcase classname="RegressionTest9" name="test388" time="0"/>
  <testcase classname="RegressionTest9" name="test389" time="0"/>
  <testcase classname="RegressionTest9" name="test390" time="0"/>
  <testcase classname="RegressionTest9" name="test391" time="0"/>
  <testcase classname="RegressionTest9" name="test392" time="0"/>
  <testcase classname="RegressionTest9" name="test393" time="0.001"/>
  <testcase classname="RegressionTest9" name="test394" time="0"/>
  <testcase classname="RegressionTest9" name="test395" time="0"/>
  <testcase classname="RegressionTest9" name="test396" time="0"/>
  <testcase classname="RegressionTest9" name="test397" time="0"/>
  <testcase classname="RegressionTest9" name="test398" time="0"/>
  <testcase classname="RegressionTest9" name="test399" time="0"/>
  <testcase classname="RegressionTest9" name="test400" time="0.001"/>
  <testcase classname="RegressionTest9" name="test401" time="0"/>
  <testcase classname="RegressionTest9" name="test402" time="0"/>
  <testcase classname="RegressionTest9" name="test403" time="0"/>
  <testcase classname="RegressionTest9" name="test404" time="0"/>
  <testcase classname="RegressionTest9" name="test405" time="0"/>
  <testcase classname="RegressionTest9" name="test406" time="0"/>
  <testcase classname="RegressionTest9" name="test407" time="0.001"/>
  <testcase classname="RegressionTest9" name="test408" time="0"/>
  <testcase classname="RegressionTest9" name="test409" time="0"/>
  <testcase classname="RegressionTest9" name="test410" time="0"/>
  <testcase classname="RegressionTest9" name="test411" time="0"/>
  <testcase classname="RegressionTest9" name="test412" time="0"/>
  <testcase classname="RegressionTest9" name="test413" time="0"/>
  <testcase classname="RegressionTest9" name="test414" time="0"/>
  <testcase classname="RegressionTest9" name="test415" time="0.001"/>
  <testcase classname="RegressionTest9" name="test416" time="0"/>
  <testcase classname="RegressionTest9" name="test417" time="0"/>
  <testcase classname="RegressionTest9" name="test418" time="0"/>
  <testcase classname="RegressionTest9" name="test419" time="0"/>
  <testcase classname="RegressionTest9" name="test420" time="0"/>
  <testcase classname="RegressionTest9" name="test421" time="0"/>
  <testcase classname="RegressionTest9" name="test422" time="0"/>
  <testcase classname="RegressionTest9" name="test423" time="0"/>
  <testcase classname="RegressionTest9" name="test424" time="0"/>
  <testcase classname="RegressionTest9" name="test425" time="0"/>
  <testcase classname="RegressionTest9" name="test426" time="0"/>
  <testcase classname="RegressionTest9" name="test427" time="0"/>
  <testcase classname="RegressionTest9" name="test428" time="0"/>
  <testcase classname="RegressionTest9" name="test429" time="0"/>
  <testcase classname="RegressionTest9" name="test430" time="0"/>
  <testcase classname="RegressionTest9" name="test431" time="0.001"/>
  <testcase classname="RegressionTest9" name="test432" time="0"/>
  <testcase classname="RegressionTest9" name="test433" time="0"/>
  <testcase classname="RegressionTest9" name="test434" time="0"/>
  <testcase classname="RegressionTest9" name="test435" time="0"/>
  <testcase classname="RegressionTest9" name="test436" time="0"/>
  <testcase classname="RegressionTest9" name="test437" time="0"/>
  <testcase classname="RegressionTest9" name="test438" time="0"/>
  <testcase classname="RegressionTest9" name="test439" time="0"/>
  <testcase classname="RegressionTest9" name="test440" time="0"/>
  <testcase classname="RegressionTest9" name="test441" time="0"/>
  <testcase classname="RegressionTest9" name="test442" time="0"/>
  <testcase classname="RegressionTest9" name="test443" time="0.001"/>
  <testcase classname="RegressionTest9" name="test444" time="0"/>
  <testcase classname="RegressionTest9" name="test445" time="0"/>
  <testcase classname="RegressionTest9" name="test446" time="0"/>
  <testcase classname="RegressionTest9" name="test447" time="0.003"/>
  <testcase classname="RegressionTest9" name="test448" time="0.001"/>
  <testcase classname="RegressionTest9" name="test449" time="0.004"/>
  <testcase classname="RegressionTest9" name="test450" time="0"/>
  <testcase classname="RegressionTest9" name="test451" time="0"/>
  <testcase classname="RegressionTest9" name="test452" time="0"/>
  <testcase classname="RegressionTest9" name="test453" time="0.001"/>
  <testcase classname="RegressionTest9" name="test454" time="0"/>
  <testcase classname="RegressionTest9" name="test455" time="0"/>
  <testcase classname="RegressionTest9" name="test456" time="0"/>
  <testcase classname="RegressionTest9" name="test457" time="0"/>
  <testcase classname="RegressionTest9" name="test458" time="0"/>
  <testcase classname="RegressionTest9" name="test459" time="0.001"/>
  <testcase classname="RegressionTest9" name="test460" time="0"/>
  <testcase classname="RegressionTest9" name="test461" time="0"/>
  <testcase classname="RegressionTest9" name="test462" time="0"/>
  <testcase classname="RegressionTest9" name="test463" time="0.001"/>
  <testcase classname="RegressionTest9" name="test464" time="0"/>
  <testcase classname="RegressionTest9" name="test465" time="0"/>
  <testcase classname="RegressionTest9" name="test466" time="0.001"/>
  <testcase classname="RegressionTest9" name="test467" time="0"/>
  <testcase classname="RegressionTest9" name="test468" time="0"/>
  <testcase classname="RegressionTest9" name="test469" time="0"/>
  <testcase classname="RegressionTest9" name="test470" time="0"/>
  <testcase classname="RegressionTest9" name="test471" time="0"/>
  <testcase classname="RegressionTest9" name="test472" time="0"/>
  <testcase classname="RegressionTest9" name="test473" time="0"/>
  <testcase classname="RegressionTest9" name="test474" time="0"/>
  <testcase classname="RegressionTest9" name="test475" time="0.001"/>
  <testcase classname="RegressionTest9" name="test476" time="0"/>
  <testcase classname="RegressionTest9" name="test477" time="0"/>
  <testcase classname="RegressionTest9" name="test478" time="0"/>
  <testcase classname="RegressionTest9" name="test479" time="0"/>
  <testcase classname="RegressionTest9" name="test480" time="0"/>
  <testcase classname="RegressionTest9" name="test481" time="0"/>
  <testcase classname="RegressionTest9" name="test482" time="0"/>
  <testcase classname="RegressionTest9" name="test483" time="0"/>
  <testcase classname="RegressionTest9" name="test484" time="0"/>
  <testcase classname="RegressionTest9" name="test485" time="0"/>
  <testcase classname="RegressionTest9" name="test486" time="0"/>
  <testcase classname="RegressionTest9" name="test487" time="0"/>
  <testcase classname="RegressionTest9" name="test488" time="0"/>
  <testcase classname="RegressionTest9" name="test489" time="0"/>
  <testcase classname="RegressionTest9" name="test490" time="0"/>
  <testcase classname="RegressionTest9" name="test491" time="0"/>
  <testcase classname="RegressionTest9" name="test492" time="0"/>
  <testcase classname="RegressionTest9" name="test493" time="0"/>
  <testcase classname="RegressionTest9" name="test494" time="0"/>
  <testcase classname="RegressionTest9" name="test495" time="0"/>
  <testcase classname="RegressionTest9" name="test496" time="0"/>
  <testcase classname="RegressionTest9" name="test497" time="0"/>
  <testcase classname="RegressionTest9" name="test498" time="0"/>
  <testcase classname="RegressionTest9" name="test499" time="0"/>
  <testcase classname="RegressionTest9" name="test500" time="0"/>
  <testcase classname="RegressionTest10" name="test001" time="0"/>
  <testcase classname="RegressionTest10" name="test002" time="0"/>
  <testcase classname="RegressionTest10" name="test003" time="0"/>
  <testcase classname="RegressionTest10" name="test004" time="0"/>
  <testcase classname="RegressionTest10" name="test005" time="0.001"/>
  <testcase classname="RegressionTest10" name="test006" time="0"/>
  <testcase classname="RegressionTest10" name="test007" time="0"/>
  <testcase classname="RegressionTest10" name="test008" time="0"/>
  <testcase classname="RegressionTest10" name="test009" time="0.001"/>
  <testcase classname="RegressionTest10" name="test010" time="0"/>
  <testcase classname="RegressionTest10" name="test011" time="0"/>
  <testcase classname="RegressionTest10" name="test012" time="0"/>
  <testcase classname="RegressionTest10" name="test013" time="0"/>
  <testcase classname="RegressionTest10" name="test014" time="0"/>
  <testcase classname="RegressionTest10" name="test015" time="0"/>
  <testcase classname="RegressionTest10" name="test016" time="0"/>
  <testcase classname="RegressionTest10" name="test017" time="0"/>
  <testcase classname="RegressionTest10" name="test018" time="0"/>
  <testcase classname="RegressionTest10" name="test019" time="0"/>
  <testcase classname="RegressionTest10" name="test020" time="0"/>
  <testcase classname="RegressionTest10" name="test021" time="0.001"/>
  <testcase classname="RegressionTest10" name="test022" time="0"/>
  <testcase classname="RegressionTest10" name="test023" time="0"/>
  <testcase classname="RegressionTest10" name="test024" time="0"/>
  <testcase classname="RegressionTest10" name="test025" time="0"/>
  <testcase classname="RegressionTest10" name="test026" time="0"/>
  <testcase classname="RegressionTest10" name="test027" time="0"/>
  <testcase classname="RegressionTest10" name="test028" time="0"/>
  <testcase classname="RegressionTest10" name="test029" time="0"/>
  <testcase classname="RegressionTest10" name="test030" time="0"/>
  <testcase classname="RegressionTest10" name="test031" time="0"/>
  <testcase classname="RegressionTest10" name="test032" time="0"/>
  <testcase classname="RegressionTest10" name="test033" time="0"/>
  <testcase classname="RegressionTest10" name="test034" time="0"/>
  <testcase classname="RegressionTest10" name="test035" time="0"/>
  <testcase classname="RegressionTest10" name="test036" time="0"/>
  <testcase classname="RegressionTest10" name="test037" time="0"/>
  <testcase classname="RegressionTest10" name="test038" time="0.001"/>
  <testcase classname="RegressionTest10" name="test039" time="0"/>
  <testcase classname="RegressionTest10" name="test040" time="0"/>
  <testcase classname="RegressionTest10" name="test041" time="0"/>
  <testcase classname="RegressionTest10" name="test042" time="0"/>
  <testcase classname="RegressionTest10" name="test043" time="0"/>
  <testcase classname="RegressionTest10" name="test044" time="0"/>
  <testcase classname="RegressionTest10" name="test045" time="0.001"/>
  <testcase classname="RegressionTest10" name="test046" time="0"/>
  <testcase classname="RegressionTest10" name="test047" time="0"/>
  <testcase classname="RegressionTest10" name="test048" time="0"/>
  <testcase classname="RegressionTest10" name="test049" time="0"/>
  <testcase classname="RegressionTest10" name="test050" time="0"/>
  <testcase classname="RegressionTest10" name="test051" time="0"/>
  <testcase classname="RegressionTest10" name="test052" time="0"/>
  <testcase classname="RegressionTest10" name="test053" time="0.001"/>
  <testcase classname="RegressionTest10" name="test054" time="0"/>
  <testcase classname="RegressionTest10" name="test055" time="0"/>
  <testcase classname="RegressionTest10" name="test056" time="0"/>
  <testcase classname="RegressionTest10" name="test057" time="0"/>
  <testcase classname="RegressionTest10" name="test058" time="0"/>
  <testcase classname="RegressionTest10" name="test059" time="0"/>
  <testcase classname="RegressionTest10" name="test060" time="0.001"/>
  <testcase classname="RegressionTest10" name="test061" time="0"/>
  <testcase classname="RegressionTest10" name="test062" time="0"/>
  <testcase classname="RegressionTest10" name="test063" time="0"/>
  <testcase classname="RegressionTest10" name="test064" time="0"/>
  <testcase classname="RegressionTest10" name="test065" time="0"/>
  <testcase classname="RegressionTest10" name="test066" time="0"/>
  <testcase classname="RegressionTest10" name="test067" time="0.001"/>
  <testcase classname="RegressionTest10" name="test068" time="0"/>
  <testcase classname="RegressionTest10" name="test069" time="0"/>
  <testcase classname="RegressionTest10" name="test070" time="0"/>
  <testcase classname="RegressionTest10" name="test071" time="0"/>
  <testcase classname="RegressionTest10" name="test072" time="0"/>
  <testcase classname="RegressionTest10" name="test073" time="0"/>
  <testcase classname="RegressionTest10" name="test074" time="0"/>
  <testcase classname="RegressionTest10" name="test075" time="0.001"/>
  <testcase classname="RegressionTest10" name="test076" time="0"/>
  <testcase classname="RegressionTest10" name="test077" time="0"/>
  <testcase classname="RegressionTest10" name="test078" time="0"/>
  <testcase classname="RegressionTest10" name="test079" time="0"/>
  <testcase classname="RegressionTest10" name="test080" time="0"/>
  <testcase classname="RegressionTest10" name="test081" time="0"/>
  <testcase classname="RegressionTest10" name="test082" time="0"/>
  <testcase classname="RegressionTest10" name="test083" time="0"/>
  <testcase classname="RegressionTest10" name="test084" time="0"/>
  <testcase classname="RegressionTest10" name="test085" time="0.001"/>
  <testcase classname="RegressionTest10" name="test086" time="0"/>
  <testcase classname="RegressionTest10" name="test087" time="0"/>
  <testcase classname="RegressionTest10" name="test088" time="0"/>
  <testcase classname="RegressionTest10" name="test089" time="0"/>
  <testcase classname="RegressionTest10" name="test090" time="0"/>
  <testcase classname="RegressionTest10" name="test091" time="0"/>
  <testcase classname="RegressionTest10" name="test092" time="0.001"/>
  <testcase classname="RegressionTest10" name="test093" time="0"/>
  <testcase classname="RegressionTest10" name="test094" time="0"/>
  <testcase classname="RegressionTest10" name="test095" time="0"/>
  <testcase classname="RegressionTest10" name="test096" time="0"/>
  <testcase classname="RegressionTest10" name="test097" time="0"/>
  <testcase classname="RegressionTest10" name="test098" time="0"/>
  <testcase classname="RegressionTest10" name="test099" time="0"/>
  <testcase classname="RegressionTest10" name="test100" time="0"/>
  <testcase classname="RegressionTest10" name="test101" time="0"/>
  <testcase classname="RegressionTest10" name="test102" time="0"/>
  <testcase classname="RegressionTest10" name="test103" time="0.001"/>
  <testcase classname="RegressionTest10" name="test104" time="0"/>
  <testcase classname="RegressionTest10" name="test105" time="0"/>
  <testcase classname="RegressionTest10" name="test106" time="0"/>
  <testcase classname="RegressionTest10" name="test107" time="0"/>
  <testcase classname="RegressionTest10" name="test108" time="0"/>
  <testcase classname="RegressionTest10" name="test109" time="0"/>
  <testcase classname="RegressionTest10" name="test110" time="0"/>
  <testcase classname="RegressionTest10" name="test111" time="0"/>
  <testcase classname="RegressionTest10" name="test112" time="0.001"/>
  <testcase classname="RegressionTest10" name="test113" time="0"/>
  <testcase classname="RegressionTest10" name="test114" time="0"/>
  <testcase classname="RegressionTest10" name="test115" time="0"/>
  <testcase classname="RegressionTest10" name="test116" time="0"/>
  <testcase classname="RegressionTest10" name="test117" time="0"/>
  <testcase classname="RegressionTest10" name="test118" time="0.001"/>
  <testcase classname="RegressionTest10" name="test119" time="0"/>
  <testcase classname="RegressionTest10" name="test120" time="0"/>
  <testcase classname="RegressionTest10" name="test121" time="0"/>
  <testcase classname="RegressionTest10" name="test122" time="0.001"/>
  <testcase classname="RegressionTest10" name="test123" time="0"/>
  <testcase classname="RegressionTest10" name="test124" time="0"/>
  <testcase classname="RegressionTest10" name="test125" time="0"/>
  <testcase classname="RegressionTest10" name="test126" time="0.001"/>
  <testcase classname="RegressionTest10" name="test127" time="0"/>
  <testcase classname="RegressionTest10" name="test128" time="0"/>
  <testcase classname="RegressionTest10" name="test129" time="0"/>
  <testcase classname="RegressionTest10" name="test130" time="0"/>
  <testcase classname="RegressionTest10" name="test131" time="0"/>
  <testcase classname="RegressionTest10" name="test132" time="0"/>
  <testcase classname="RegressionTest10" name="test133" time="0.001"/>
  <testcase classname="RegressionTest10" name="test134" time="0"/>
  <testcase classname="RegressionTest10" name="test135" time="0"/>
  <testcase classname="RegressionTest10" name="test136" time="0"/>
  <testcase classname="RegressionTest10" name="test137" time="0"/>
  <testcase classname="RegressionTest10" name="test138" time="0"/>
  <testcase classname="RegressionTest10" name="test139" time="0"/>
  <testcase classname="RegressionTest10" name="test140" time="0"/>
  <testcase classname="RegressionTest10" name="test141" time="0.001"/>
  <testcase classname="RegressionTest10" name="test142" time="0"/>
  <testcase classname="RegressionTest10" name="test143" time="0"/>
  <testcase classname="RegressionTest10" name="test144" time="0"/>
  <testcase classname="RegressionTest10" name="test145" time="0"/>
  <testcase classname="RegressionTest10" name="test146" time="0"/>
  <testcase classname="RegressionTest10" name="test147" time="0"/>
  <testcase classname="RegressionTest10" name="test148" time="0"/>
  <testcase classname="RegressionTest10" name="test149" time="0"/>
  <testcase classname="RegressionTest10" name="test150" time="0.001"/>
  <testcase classname="RegressionTest10" name="test151" time="0"/>
  <testcase classname="RegressionTest10" name="test152" time="0"/>
  <testcase classname="RegressionTest10" name="test153" time="0"/>
  <testcase classname="RegressionTest10" name="test154" time="0"/>
  <testcase classname="RegressionTest10" name="test155" time="0"/>
  <testcase classname="RegressionTest10" name="test156" time="0.001"/>
  <testcase classname="RegressionTest10" name="test157" time="0"/>
  <testcase classname="RegressionTest10" name="test158" time="0"/>
  <testcase classname="RegressionTest10" name="test159" time="0"/>
  <testcase classname="RegressionTest10" name="test160" time="0"/>
  <testcase classname="RegressionTest10" name="test161" time="0"/>
  <testcase classname="RegressionTest10" name="test162" time="0"/>
  <testcase classname="RegressionTest10" name="test163" time="0"/>
  <testcase classname="RegressionTest10" name="test164" time="0"/>
  <testcase classname="RegressionTest10" name="test165" time="0.001"/>
  <testcase classname="RegressionTest10" name="test166" time="0"/>
  <testcase classname="RegressionTest10" name="test167" time="0"/>
  <testcase classname="RegressionTest10" name="test168" time="0"/>
  <testcase classname="RegressionTest10" name="test169" time="0"/>
  <testcase classname="RegressionTest10" name="test170" time="0"/>
  <testcase classname="RegressionTest10" name="test171" time="0"/>
  <testcase classname="RegressionTest10" name="test172" time="0"/>
  <testcase classname="RegressionTest10" name="test173" time="0.001"/>
  <testcase classname="RegressionTest10" name="test174" time="0"/>
  <testcase classname="RegressionTest10" name="test175" time="0"/>
  <testcase classname="RegressionTest10" name="test176" time="0"/>
  <testcase classname="RegressionTest10" name="test177" time="0"/>
  <testcase classname="RegressionTest10" name="test178" time="0"/>
  <testcase classname="RegressionTest10" name="test179" time="0"/>
  <testcase classname="RegressionTest10" name="test180" time="0"/>
  <testcase classname="RegressionTest10" name="test181" time="0"/>
  <testcase classname="RegressionTest10" name="test182" time="0.001"/>
  <testcase classname="RegressionTest10" name="test183" time="0"/>
  <testcase classname="RegressionTest10" name="test184" time="0"/>
  <testcase classname="RegressionTest10" name="test185" time="0"/>
  <testcase classname="RegressionTest10" name="test186" time="0"/>
  <testcase classname="RegressionTest10" name="test187" time="0"/>
  <testcase classname="RegressionTest10" name="test188" time="0"/>
  <testcase classname="RegressionTest10" name="test189" time="0.001"/>
  <testcase classname="RegressionTest10" name="test190" time="0"/>
  <testcase classname="RegressionTest10" name="test191" time="0"/>
  <testcase classname="RegressionTest10" name="test192" time="0"/>
  <testcase classname="RegressionTest10" name="test193" time="0"/>
  <testcase classname="RegressionTest10" name="test194" time="0"/>
  <testcase classname="RegressionTest10" name="test195" time="0"/>
  <testcase classname="RegressionTest10" name="test196" time="0"/>
  <testcase classname="RegressionTest10" name="test197" time="0.002"/>
  <testcase classname="RegressionTest10" name="test198" time="0"/>
  <testcase classname="RegressionTest10" name="test199" time="0.001"/>
  <testcase classname="RegressionTest10" name="test200" time="0"/>
  <testcase classname="RegressionTest10" name="test201" time="0"/>
  <testcase classname="RegressionTest10" name="test202" time="0"/>
  <testcase classname="RegressionTest10" name="test203" time="0"/>
  <testcase classname="RegressionTest10" name="test204" time="0"/>
  <testcase classname="RegressionTest10" name="test205" time="0.001"/>
  <testcase classname="RegressionTest10" name="test206" time="0"/>
  <testcase classname="RegressionTest10" name="test207" time="0"/>
  <testcase classname="RegressionTest10" name="test208" time="0"/>
  <testcase classname="RegressionTest10" name="test209" time="0"/>
  <testcase classname="RegressionTest10" name="test210" time="0"/>
  <testcase classname="RegressionTest10" name="test211" time="0"/>
  <testcase classname="RegressionTest10" name="test212" time="0"/>
  <testcase classname="RegressionTest10" name="test213" time="0"/>
  <testcase classname="RegressionTest10" name="test214" time="0"/>
  <testcase classname="RegressionTest10" name="test215" time="0.001"/>
  <testcase classname="RegressionTest10" name="test216" time="0"/>
  <testcase classname="RegressionTest10" name="test217" time="0"/>
  <testcase classname="RegressionTest10" name="test218" time="0"/>
  <testcase classname="RegressionTest10" name="test219" time="0"/>
  <testcase classname="RegressionTest10" name="test220" time="0"/>
  <testcase classname="RegressionTest10" name="test221" time="0"/>
  <testcase classname="RegressionTest10" name="test222" time="0.001"/>
  <testcase classname="RegressionTest10" name="test223" time="0"/>
  <testcase classname="RegressionTest10" name="test224" time="0"/>
  <testcase classname="RegressionTest10" name="test225" time="0"/>
  <testcase classname="RegressionTest10" name="test226" time="0"/>
  <testcase classname="RegressionTest10" name="test227" time="0"/>
  <testcase classname="RegressionTest10" name="test228" time="0"/>
  <testcase classname="RegressionTest10" name="test229" time="0.001"/>
  <testcase classname="RegressionTest10" name="test230" time="0"/>
  <testcase classname="RegressionTest10" name="test231" time="0"/>
  <testcase classname="RegressionTest10" name="test232" time="0"/>
  <testcase classname="RegressionTest10" name="test233" time="0"/>
  <testcase classname="RegressionTest10" name="test234" time="0"/>
  <testcase classname="RegressionTest10" name="test235" time="0"/>
  <testcase classname="RegressionTest10" name="test236" time="0.001"/>
  <testcase classname="RegressionTest10" name="test237" time="0"/>
  <testcase classname="RegressionTest10" name="test238" time="0"/>
  <testcase classname="RegressionTest10" name="test239" time="0"/>
  <testcase classname="RegressionTest10" name="test240" time="0"/>
  <testcase classname="RegressionTest10" name="test241" time="0"/>
  <testcase classname="RegressionTest10" name="test242" time="0"/>
  <testcase classname="RegressionTest10" name="test243" time="0"/>
  <testcase classname="RegressionTest10" name="test244" time="0"/>
  <testcase classname="RegressionTest10" name="test245" time="0.002"/>
  <testcase classname="RegressionTest10" name="test246" time="0"/>
  <testcase classname="RegressionTest10" name="test247" time="0"/>
  <testcase classname="RegressionTest10" name="test248" time="0"/>
  <testcase classname="RegressionTest10" name="test249" time="0.002"/>
  <testcase classname="RegressionTest10" name="test250" time="0"/>
  <testcase classname="RegressionTest10" name="test251" time="0"/>
  <testcase classname="RegressionTest10" name="test252" time="0"/>
  <testcase classname="RegressionTest10" name="test253" time="0"/>
  <testcase classname="RegressionTest10" name="test254" time="0"/>
  <testcase classname="RegressionTest10" name="test255" time="0.001"/>
  <testcase classname="RegressionTest10" name="test256" time="0"/>
  <testcase classname="RegressionTest10" name="test257" time="0"/>
  <testcase classname="RegressionTest10" name="test258" time="0"/>
  <testcase classname="RegressionTest10" name="test259" time="0"/>
  <testcase classname="RegressionTest10" name="test260" time="0"/>
  <testcase classname="RegressionTest10" name="test261" time="0"/>
  <testcase classname="RegressionTest10" name="test262" time="0"/>
  <testcase classname="RegressionTest10" name="test263" time="0"/>
  <testcase classname="RegressionTest10" name="test264" time="0"/>
  <testcase classname="RegressionTest10" name="test265" time="0.001"/>
  <testcase classname="RegressionTest10" name="test266" time="0"/>
  <testcase classname="RegressionTest10" name="test267" time="0"/>
  <testcase classname="RegressionTest10" name="test268" time="0"/>
  <testcase classname="RegressionTest10" name="test269" time="0"/>
  <testcase classname="RegressionTest10" name="test270" time="0.001"/>
  <testcase classname="RegressionTest10" name="test271" time="0"/>
  <testcase classname="RegressionTest10" name="test272" time="0"/>
  <testcase classname="RegressionTest10" name="test273" time="0"/>
  <testcase classname="RegressionTest10" name="test274" time="0"/>
  <testcase classname="RegressionTest10" name="test275" time="0.001"/>
  <testcase classname="RegressionTest10" name="test276" time="0"/>
  <testcase classname="RegressionTest10" name="test277" time="0"/>
  <testcase classname="RegressionTest10" name="test278" time="0"/>
  <testcase classname="RegressionTest10" name="test279" time="0"/>
  <testcase classname="RegressionTest10" name="test280" time="0"/>
  <testcase classname="RegressionTest10" name="test281" time="0"/>
  <testcase classname="RegressionTest10" name="test282" time="0"/>
  <testcase classname="RegressionTest10" name="test283" time="0"/>
  <testcase classname="RegressionTest10" name="test284" time="0"/>
  <testcase classname="RegressionTest10" name="test285" time="0"/>
  <testcase classname="RegressionTest10" name="test286" time="0.001"/>
  <testcase classname="RegressionTest10" name="test287" time="0"/>
  <testcase classname="RegressionTest10" name="test288" time="0"/>
  <testcase classname="RegressionTest10" name="test289" time="0"/>
  <testcase classname="RegressionTest10" name="test290" time="0"/>
  <testcase classname="RegressionTest10" name="test291" time="0"/>
  <testcase classname="RegressionTest10" name="test292" time="0"/>
  <testcase classname="RegressionTest10" name="test293" time="0"/>
  <testcase classname="RegressionTest10" name="test294" time="0.001"/>
  <testcase classname="RegressionTest10" name="test295" time="0"/>
  <testcase classname="RegressionTest10" name="test296" time="0"/>
  <testcase classname="RegressionTest10" name="test297" time="0"/>
  <testcase classname="RegressionTest10" name="test298" time="0"/>
  <testcase classname="RegressionTest10" name="test299" time="0"/>
  <testcase classname="RegressionTest10" name="test300" time="0"/>
  <testcase classname="RegressionTest10" name="test301" time="0"/>
  <testcase classname="RegressionTest10" name="test302" time="0.001"/>
  <testcase classname="RegressionTest10" name="test303" time="0"/>
  <testcase classname="RegressionTest10" name="test304" time="0"/>
  <testcase classname="RegressionTest10" name="test305" time="0"/>
  <testcase classname="RegressionTest10" name="test306" time="0"/>
  <testcase classname="RegressionTest10" name="test307" time="0"/>
  <testcase classname="RegressionTest10" name="test308" time="0.001"/>
  <testcase classname="RegressionTest10" name="test309" time="0"/>
  <testcase classname="RegressionTest10" name="test310" time="0"/>
  <testcase classname="RegressionTest10" name="test311" time="0"/>
  <testcase classname="RegressionTest10" name="test312" time="0.001"/>
  <testcase classname="RegressionTest10" name="test313" time="0"/>
  <testcase classname="RegressionTest10" name="test314" time="0"/>
  <testcase classname="RegressionTest10" name="test315" time="0"/>
  <testcase classname="RegressionTest10" name="test316" time="0"/>
  <testcase classname="RegressionTest10" name="test317" time="0"/>
  <testcase classname="RegressionTest10" name="test318" time="0.001"/>
  <testcase classname="RegressionTest10" name="test319" time="0"/>
  <testcase classname="RegressionTest10" name="test320" time="0"/>
  <testcase classname="RegressionTest10" name="test321" time="0"/>
  <testcase classname="RegressionTest10" name="test322" time="0"/>
  <testcase classname="RegressionTest10" name="test323" time="0"/>
  <testcase classname="RegressionTest10" name="test324" time="0"/>
  <testcase classname="RegressionTest10" name="test325" time="0.001"/>
  <testcase classname="RegressionTest10" name="test326" time="0"/>
  <testcase classname="RegressionTest10" name="test327" time="0"/>
  <testcase classname="RegressionTest10" name="test328" time="0"/>
  <testcase classname="RegressionTest10" name="test329" time="0.001"/>
  <testcase classname="RegressionTest10" name="test330" time="0"/>
  <testcase classname="RegressionTest10" name="test331" time="0"/>
  <testcase classname="RegressionTest10" name="test332" time="0"/>
  <testcase classname="RegressionTest10" name="test333" time="0"/>
  <testcase classname="RegressionTest10" name="test334" time="0.001"/>
  <testcase classname="RegressionTest10" name="test335" time="0"/>
  <testcase classname="RegressionTest10" name="test336" time="0"/>
  <testcase classname="RegressionTest10" name="test337" time="0"/>
  <testcase classname="RegressionTest10" name="test338" time="0"/>
  <testcase classname="RegressionTest10" name="test339" time="0"/>
  <testcase classname="RegressionTest10" name="test340" time="0.001"/>
  <testcase classname="RegressionTest10" name="test341" time="0"/>
  <testcase classname="RegressionTest10" name="test342" time="0"/>
  <testcase classname="RegressionTest10" name="test343" time="0"/>
  <testcase classname="RegressionTest10" name="test344" time="0"/>
  <testcase classname="RegressionTest10" name="test345" time="0"/>
  <testcase classname="RegressionTest10" name="test346" time="0"/>
  <testcase classname="RegressionTest10" name="test347" time="0"/>
  <testcase classname="RegressionTest10" name="test348" time="0"/>
  <testcase classname="RegressionTest10" name="test349" time="0"/>
  <testcase classname="RegressionTest10" name="test350" time="0"/>
  <testcase classname="RegressionTest10" name="test351" time="0"/>
  <testcase classname="RegressionTest10" name="test352" time="0"/>
  <testcase classname="RegressionTest10" name="test353" time="0"/>
  <testcase classname="RegressionTest10" name="test354" time="0"/>
  <testcase classname="RegressionTest10" name="test355" time="0.001"/>
  <testcase classname="RegressionTest10" name="test356" time="0"/>
  <testcase classname="RegressionTest10" name="test357" time="0"/>
  <testcase classname="RegressionTest10" name="test358" time="0"/>
  <testcase classname="RegressionTest10" name="test359" time="0"/>
  <testcase classname="RegressionTest10" name="test360" time="0.001"/>
  <testcase classname="RegressionTest10" name="test361" time="0"/>
  <testcase classname="RegressionTest10" name="test362" time="0"/>
  <testcase classname="RegressionTest10" name="test363" time="0"/>
  <testcase classname="RegressionTest10" name="test364" time="0"/>
  <testcase classname="RegressionTest10" name="test365" time="0.001"/>
  <testcase classname="RegressionTest10" name="test366" time="0"/>
  <testcase classname="RegressionTest10" name="test367" time="0"/>
  <testcase classname="RegressionTest10" name="test368" time="0"/>
  <testcase classname="RegressionTest10" name="test369" time="0"/>
  <testcase classname="RegressionTest10" name="test370" time="0"/>
  <testcase classname="RegressionTest10" name="test371" time="0.001"/>
  <testcase classname="RegressionTest10" name="test372" time="0"/>
  <testcase classname="RegressionTest10" name="test373" time="0"/>
  <testcase classname="RegressionTest10" name="test374" time="0"/>
  <testcase classname="RegressionTest10" name="test375" time="0"/>
  <testcase classname="RegressionTest10" name="test376" time="0"/>
  <testcase classname="RegressionTest10" name="test377" time="0"/>
  <testcase classname="RegressionTest10" name="test378" time="0"/>
  <testcase classname="RegressionTest10" name="test379" time="0.001"/>
  <testcase classname="RegressionTest10" name="test380" time="0"/>
  <testcase classname="RegressionTest10" name="test381" time="0"/>
  <testcase classname="RegressionTest10" name="test382" time="0"/>
  <testcase classname="RegressionTest10" name="test383" time="0"/>
  <testcase classname="RegressionTest10" name="test384" time="0.001"/>
  <testcase classname="RegressionTest10" name="test385" time="0"/>
  <testcase classname="RegressionTest10" name="test386" time="0"/>
  <testcase classname="RegressionTest10" name="test387" time="0"/>
  <testcase classname="RegressionTest10" name="test388" time="0.001"/>
  <testcase classname="RegressionTest10" name="test389" time="0"/>
  <testcase classname="RegressionTest10" name="test390" time="0"/>
  <testcase classname="RegressionTest10" name="test391" time="0"/>
  <testcase classname="RegressionTest10" name="test392" time="0"/>
  <testcase classname="RegressionTest10" name="test393" time="0"/>
  <testcase classname="RegressionTest10" name="test394" time="0"/>
  <testcase classname="RegressionTest10" name="test395" time="0"/>
  <testcase classname="RegressionTest10" name="test396" time="0.001"/>
  <testcase classname="RegressionTest10" name="test397" time="0"/>
  <testcase classname="RegressionTest10" name="test398" time="0"/>
  <testcase classname="RegressionTest10" name="test399" time="0"/>
  <testcase classname="RegressionTest10" name="test400" time="0"/>
  <testcase classname="RegressionTest10" name="test401" time="0"/>
  <testcase classname="RegressionTest10" name="test402" time="0"/>
  <testcase classname="RegressionTest10" name="test403" time="0"/>
  <testcase classname="RegressionTest10" name="test404" time="0"/>
  <testcase classname="RegressionTest10" name="test405" time="0.001"/>
  <testcase classname="RegressionTest10" name="test406" time="0"/>
  <testcase classname="RegressionTest10" name="test407" time="0"/>
  <testcase classname="RegressionTest10" name="test408" time="0"/>
  <testcase classname="RegressionTest10" name="test409" time="0"/>
  <testcase classname="RegressionTest10" name="test410" time="0"/>
  <testcase classname="RegressionTest10" name="test411" time="0"/>
  <testcase classname="RegressionTest10" name="test412" time="0"/>
  <testcase classname="RegressionTest10" name="test413" time="0.001"/>
  <testcase classname="RegressionTest10" name="test414" time="0"/>
  <testcase classname="RegressionTest10" name="test415" time="0"/>
  <testcase classname="RegressionTest10" name="test416" time="0"/>
  <testcase classname="RegressionTest10" name="test417" time="0"/>
  <testcase classname="RegressionTest10" name="test418" time="0"/>
  <testcase classname="RegressionTest10" name="test419" time="0"/>
  <testcase classname="RegressionTest10" name="test420" time="0"/>
  <testcase classname="RegressionTest10" name="test421" time="0"/>
  <testcase classname="RegressionTest10" name="test422" time="0.001"/>
  <testcase classname="RegressionTest10" name="test423" time="0"/>
  <testcase classname="RegressionTest10" name="test424" time="0"/>
  <testcase classname="RegressionTest10" name="test425" time="0"/>
  <testcase classname="RegressionTest10" name="test426" time="0"/>
  <testcase classname="RegressionTest10" name="test427" time="0"/>
  <testcase classname="RegressionTest10" name="test428" time="0"/>
  <testcase classname="RegressionTest10" name="test429" time="0.001"/>
  <testcase classname="RegressionTest10" name="test430" time="0"/>
  <testcase classname="RegressionTest10" name="test431" time="0"/>
  <testcase classname="RegressionTest10" name="test432" time="0"/>
  <testcase classname="RegressionTest10" name="test433" time="0"/>
  <testcase classname="RegressionTest10" name="test434" time="0"/>
  <testcase classname="RegressionTest10" name="test435" time="0.001"/>
  <testcase classname="RegressionTest10" name="test436" time="0"/>
  <testcase classname="RegressionTest10" name="test437" time="0"/>
  <testcase classname="RegressionTest10" name="test438" time="0"/>
  <testcase classname="RegressionTest10" name="test439" time="0"/>
  <testcase classname="RegressionTest10" name="test440" time="0"/>
  <testcase classname="RegressionTest10" name="test441" time="0"/>
  <testcase classname="RegressionTest10" name="test442" time="0"/>
  <testcase classname="RegressionTest10" name="test443" time="0"/>
  <testcase classname="RegressionTest10" name="test444" time="0.001"/>
  <testcase classname="RegressionTest10" name="test445" time="0"/>
  <testcase classname="RegressionTest10" name="test446" time="0"/>
  <testcase classname="RegressionTest10" name="test447" time="0"/>
  <testcase classname="RegressionTest10" name="test448" time="0"/>
  <testcase classname="RegressionTest10" name="test449" time="0"/>
  <testcase classname="RegressionTest10" name="test450" time="0"/>
  <testcase classname="RegressionTest10" name="test451" time="0.001"/>
  <testcase classname="RegressionTest10" name="test452" time="0"/>
  <testcase classname="RegressionTest10" name="test453" time="0"/>
  <testcase classname="RegressionTest10" name="test454" time="0"/>
  <testcase classname="RegressionTest10" name="test455" time="0"/>
  <testcase classname="RegressionTest10" name="test456" time="0"/>
  <testcase classname="RegressionTest10" name="test457" time="0"/>
  <testcase classname="RegressionTest10" name="test458" time="0"/>
  <testcase classname="RegressionTest10" name="test459" time="0"/>
  <testcase classname="RegressionTest10" name="test460" time="0"/>
  <testcase classname="RegressionTest10" name="test461" time="0"/>
  <testcase classname="RegressionTest10" name="test462" time="0"/>
  <testcase classname="RegressionTest10" name="test463" time="0"/>
  <testcase classname="RegressionTest10" name="test464" time="0.001"/>
  <testcase classname="RegressionTest10" name="test465" time="0"/>
  <testcase classname="RegressionTest10" name="test466" time="0"/>
  <testcase classname="RegressionTest10" name="test467" time="0"/>
  <testcase classname="RegressionTest10" name="test468" time="0"/>
  <testcase classname="RegressionTest10" name="test469" time="0"/>
  <testcase classname="RegressionTest10" name="test470" time="0"/>
  <testcase classname="RegressionTest10" name="test471" time="0"/>
  <testcase classname="RegressionTest10" name="test472" time="0.001"/>
  <testcase classname="RegressionTest10" name="test473" time="0"/>
  <testcase classname="RegressionTest10" name="test474" time="0"/>
  <testcase classname="RegressionTest10" name="test475" time="0"/>
  <testcase classname="RegressionTest10" name="test476" time="0"/>
  <testcase classname="RegressionTest10" name="test477" time="0"/>
  <testcase classname="RegressionTest10" name="test478" time="0"/>
  <testcase classname="RegressionTest10" name="test479" time="0.001"/>
  <testcase classname="RegressionTest10" name="test480" time="0"/>
  <testcase classname="RegressionTest10" name="test481" time="0"/>
  <testcase classname="RegressionTest10" name="test482" time="0"/>
  <testcase classname="RegressionTest10" name="test483" time="0"/>
  <testcase classname="RegressionTest10" name="test484" time="0"/>
  <testcase classname="RegressionTest10" name="test485" time="0"/>
  <testcase classname="RegressionTest10" name="test486" time="0"/>
  <testcase classname="RegressionTest10" name="test487" time="0"/>
  <testcase classname="RegressionTest10" name="test488" time="0"/>
  <testcase classname="RegressionTest10" name="test489" time="0"/>
  <testcase classname="RegressionTest10" name="test490" time="0"/>
  <testcase classname="RegressionTest10" name="test491" time="0"/>
  <testcase classname="RegressionTest10" name="test492" time="0"/>
  <testcase classname="RegressionTest10" name="test493" time="0.002"/>
  <testcase classname="RegressionTest10" name="test494" time="0"/>
  <testcase classname="RegressionTest10" name="test495" time="0"/>
  <testcase classname="RegressionTest10" name="test496" time="0"/>
  <testcase classname="RegressionTest10" name="test497" time="0"/>
  <testcase classname="RegressionTest10" name="test498" time="0.001"/>
  <testcase classname="RegressionTest10" name="test499" time="0"/>
  <testcase classname="RegressionTest10" name="test500" time="0"/>
  <testcase classname="RegressionTest11" name="test001" time="0"/>
  <testcase classname="RegressionTest11" name="test002" time="0"/>
  <testcase classname="RegressionTest11" name="test003" time="0"/>
  <testcase classname="RegressionTest11" name="test004" time="0"/>
  <testcase classname="RegressionTest11" name="test005" time="0"/>
  <testcase classname="RegressionTest11" name="test006" time="0"/>
  <testcase classname="RegressionTest11" name="test007" time="0"/>
  <testcase classname="RegressionTest11" name="test008" time="0"/>
  <testcase classname="RegressionTest11" name="test009" time="0"/>
  <testcase classname="RegressionTest11" name="test010" time="0"/>
  <testcase classname="RegressionTest11" name="test011" time="0"/>
  <testcase classname="RegressionTest11" name="test012" time="0"/>
  <testcase classname="RegressionTest11" name="test013" time="0"/>
  <testcase classname="RegressionTest11" name="test014" time="0.001"/>
  <testcase classname="RegressionTest11" name="test015" time="0"/>
  <testcase classname="RegressionTest11" name="test016" time="0"/>
  <testcase classname="RegressionTest11" name="test017" time="0"/>
  <testcase classname="RegressionTest11" name="test018" time="0"/>
  <testcase classname="RegressionTest11" name="test019" time="0"/>
  <testcase classname="RegressionTest11" name="test020" time="0.001"/>
  <testcase classname="RegressionTest11" name="test021" time="0"/>
  <testcase classname="RegressionTest11" name="test022" time="0"/>
  <testcase classname="RegressionTest11" name="test023" time="0"/>
  <testcase classname="RegressionTest11" name="test024" time="0"/>
  <testcase classname="RegressionTest11" name="test025" time="0"/>
  <testcase classname="RegressionTest11" name="test026" time="0"/>
  <testcase classname="RegressionTest11" name="test027" time="0.001"/>
  <testcase classname="RegressionTest11" name="test028" time="0"/>
  <testcase classname="RegressionTest11" name="test029" time="0"/>
  <testcase classname="RegressionTest11" name="test030" time="0"/>
  <testcase classname="RegressionTest11" name="test031" time="0"/>
  <testcase classname="RegressionTest11" name="test032" time="0"/>
  <testcase classname="RegressionTest11" name="test033" time="0.001"/>
  <testcase classname="RegressionTest11" name="test034" time="0"/>
  <testcase classname="RegressionTest11" name="test035" time="0"/>
  <testcase classname="RegressionTest11" name="test036" time="0"/>
  <testcase classname="RegressionTest11" name="test037" time="0.002"/>
  <testcase classname="RegressionTest11" name="test038" time="0"/>
  <testcase classname="RegressionTest11" name="test039" time="0"/>
  <testcase classname="RegressionTest11" name="test040" time="0"/>
  <testcase classname="RegressionTest11" name="test041" time="0"/>
  <testcase classname="RegressionTest11" name="test042" time="0.001"/>
  <testcase classname="RegressionTest11" name="test043" time="0"/>
  <testcase classname="RegressionTest11" name="test044" time="0"/>
  <testcase classname="RegressionTest11" name="test045" time="0"/>
  <testcase classname="RegressionTest11" name="test046" time="0"/>
  <testcase classname="RegressionTest11" name="test047" time="0"/>
  <testcase classname="RegressionTest11" name="test048" time="0"/>
  <testcase classname="RegressionTest11" name="test049" time="0"/>
  <testcase classname="RegressionTest11" name="test050" time="0"/>
  <testcase classname="RegressionTest11" name="test051" time="0"/>
  <testcase classname="RegressionTest11" name="test052" time="0"/>
  <testcase classname="RegressionTest11" name="test053" time="0"/>
  <testcase classname="RegressionTest11" name="test054" time="0"/>
  <testcase classname="RegressionTest11" name="test055" time="0"/>
  <testcase classname="RegressionTest11" name="test056" time="0"/>
  <testcase classname="RegressionTest11" name="test057" time="0"/>
  <testcase classname="RegressionTest11" name="test058" time="0"/>
  <testcase classname="RegressionTest11" name="test059" time="0"/>
  <testcase classname="RegressionTest11" name="test060" time="0.001"/>
  <testcase classname="RegressionTest11" name="test061" time="0"/>
  <testcase classname="RegressionTest11" name="test062" time="0"/>
  <testcase classname="RegressionTest11" name="test063" time="0"/>
  <testcase classname="RegressionTest11" name="test064" time="0"/>
  <testcase classname="RegressionTest11" name="test065" time="0.001"/>
  <testcase classname="RegressionTest11" name="test066" time="0"/>
  <testcase classname="RegressionTest11" name="test067" time="0"/>
  <testcase classname="RegressionTest11" name="test068" time="0"/>
  <testcase classname="RegressionTest11" name="test069" time="0"/>
  <testcase classname="RegressionTest11" name="test070" time="0"/>
  <testcase classname="RegressionTest11" name="test071" time="0"/>
  <testcase classname="RegressionTest11" name="test072" time="0"/>
  <testcase classname="RegressionTest11" name="test073" time="0"/>
  <testcase classname="RegressionTest11" name="test074" time="0.001"/>
  <testcase classname="RegressionTest11" name="test075" time="0"/>
  <testcase classname="RegressionTest11" name="test076" time="0"/>
  <testcase classname="RegressionTest11" name="test077" time="0"/>
  <testcase classname="RegressionTest11" name="test078" time="0"/>
  <testcase classname="RegressionTest11" name="test079" time="0.001"/>
  <testcase classname="RegressionTest11" name="test080" time="0"/>
  <testcase classname="RegressionTest11" name="test081" time="0"/>
  <testcase classname="RegressionTest11" name="test082" time="0"/>
  <testcase classname="RegressionTest11" name="test083" time="0"/>
  <testcase classname="RegressionTest11" name="test084" time="0"/>
  <testcase classname="RegressionTest11" name="test085" time="0"/>
  <testcase classname="RegressionTest11" name="test086" time="0.001"/>
  <testcase classname="RegressionTest11" name="test087" time="0"/>
  <testcase classname="RegressionTest11" name="test088" time="0"/>
  <testcase classname="RegressionTest11" name="test089" time="0"/>
  <testcase classname="RegressionTest11" name="test090" time="0"/>
  <testcase classname="RegressionTest11" name="test091" time="0"/>
  <testcase classname="RegressionTest11" name="test092" time="0"/>
  <testcase classname="RegressionTest11" name="test093" time="0.001"/>
  <testcase classname="RegressionTest11" name="test094" time="0"/>
  <testcase classname="RegressionTest11" name="test095" time="0"/>
  <testcase classname="RegressionTest11" name="test096" time="0"/>
  <testcase classname="RegressionTest11" name="test097" time="0"/>
  <testcase classname="RegressionTest11" name="test098" time="0"/>
  <testcase classname="RegressionTest11" name="test099" time="0"/>
  <testcase classname="RegressionTest11" name="test100" time="0"/>
  <testcase classname="RegressionTest11" name="test101" time="0.001"/>
  <testcase classname="RegressionTest11" name="test102" time="0"/>
  <testcase classname="RegressionTest11" name="test103" time="0"/>
  <testcase classname="RegressionTest11" name="test104" time="0"/>
  <testcase classname="RegressionTest11" name="test105" time="0"/>
  <testcase classname="RegressionTest11" name="test106" time="0"/>
  <testcase classname="RegressionTest11" name="test107" time="0.001"/>
  <testcase classname="RegressionTest11" name="test108" time="0"/>
  <testcase classname="RegressionTest11" name="test109" time="0"/>
  <testcase classname="RegressionTest11" name="test110" time="0"/>
  <testcase classname="RegressionTest11" name="test111" time="0"/>
  <testcase classname="RegressionTest11" name="test112" time="0"/>
  <testcase classname="RegressionTest11" name="test113" time="0.001"/>
  <testcase classname="RegressionTest11" name="test114" time="0"/>
  <testcase classname="RegressionTest11" name="test115" time="0"/>
  <testcase classname="RegressionTest11" name="test116" time="0"/>
  <testcase classname="RegressionTest11" name="test117" time="0"/>
  <testcase classname="RegressionTest11" name="test118" time="0"/>
  <testcase classname="RegressionTest11" name="test119" time="0"/>
  <testcase classname="RegressionTest11" name="test120" time="0"/>
  <testcase classname="RegressionTest11" name="test121" time="0"/>
  <testcase classname="RegressionTest11" name="test122" time="0"/>
  <testcase classname="RegressionTest11" name="test123" time="0.001"/>
  <testcase classname="RegressionTest11" name="test124" time="0"/>
  <testcase classname="RegressionTest11" name="test125" time="0"/>
  <testcase classname="RegressionTest11" name="test126" time="0"/>
  <testcase classname="RegressionTest11" name="test127" time="0"/>
  <testcase classname="RegressionTest11" name="test128" time="0"/>
  <testcase classname="RegressionTest11" name="test129" time="0"/>
  <testcase classname="RegressionTest11" name="test130" time="0"/>
  <testcase classname="RegressionTest11" name="test131" time="0"/>
  <testcase classname="RegressionTest11" name="test132" time="0"/>
  <testcase classname="RegressionTest11" name="test133" time="0"/>
  <testcase classname="RegressionTest11" name="test134" time="0"/>
  <testcase classname="RegressionTest11" name="test135" time="0"/>
  <testcase classname="RegressionTest11" name="test136" time="0"/>
  <testcase classname="RegressionTest11" name="test137" time="0.001"/>
  <testcase classname="RegressionTest11" name="test138" time="0"/>
  <testcase classname="RegressionTest11" name="test139" time="0"/>
  <testcase classname="RegressionTest11" name="test140" time="0"/>
  <testcase classname="RegressionTest11" name="test141" time="0"/>
  <testcase classname="RegressionTest11" name="test142" time="0.001"/>
  <testcase classname="RegressionTest11" name="test143" time="0"/>
  <testcase classname="RegressionTest11" name="test144" time="0"/>
  <testcase classname="RegressionTest11" name="test145" time="0"/>
  <testcase classname="RegressionTest11" name="test146" time="0"/>
  <testcase classname="RegressionTest11" name="test147" time="0"/>
  <testcase classname="RegressionTest11" name="test148" time="0"/>
  <testcase classname="RegressionTest11" name="test149" time="0"/>
  <testcase classname="RegressionTest11" name="test150" time="0"/>
  <testcase classname="RegressionTest11" name="test151" time="0"/>
  <testcase classname="RegressionTest11" name="test152" time="0"/>
  <testcase classname="RegressionTest11" name="test153" time="0.001"/>
  <testcase classname="RegressionTest11" name="test154" time="0"/>
  <testcase classname="RegressionTest11" name="test155" time="0"/>
  <testcase classname="RegressionTest11" name="test156" time="0"/>
  <testcase classname="RegressionTest11" name="test157" time="0"/>
  <testcase classname="RegressionTest11" name="test158" time="0"/>
  <testcase classname="RegressionTest11" name="test159" time="0"/>
  <testcase classname="RegressionTest11" name="test160" time="0"/>
  <testcase classname="RegressionTest11" name="test161" time="0.001"/>
  <testcase classname="RegressionTest11" name="test162" time="0"/>
  <testcase classname="RegressionTest11" name="test163" time="0"/>
  <testcase classname="RegressionTest11" name="test164" time="0"/>
  <testcase classname="RegressionTest11" name="test165" time="0"/>
  <testcase classname="RegressionTest11" name="test166" time="0"/>
  <testcase classname="RegressionTest11" name="test167" time="0"/>
  <testcase classname="RegressionTest11" name="test168" time="0"/>
  <testcase classname="RegressionTest11" name="test169" time="0"/>
  <testcase classname="RegressionTest11" name="test170" time="0"/>
  <testcase classname="RegressionTest11" name="test171" time="0"/>
  <testcase classname="RegressionTest11" name="test172" time="0"/>
  <testcase classname="RegressionTest11" name="test173" time="0"/>
  <testcase classname="RegressionTest11" name="test174" time="0"/>
  <testcase classname="RegressionTest11" name="test175" time="0"/>
  <testcase classname="RegressionTest11" name="test176" time="0"/>
  <testcase classname="RegressionTest11" name="test177" time="0.001"/>
  <testcase classname="RegressionTest11" name="test178" time="0"/>
  <testcase classname="RegressionTest11" name="test179" time="0"/>
  <testcase classname="RegressionTest11" name="test180" time="0"/>
  <testcase classname="RegressionTest11" name="test181" time="0"/>
  <testcase classname="RegressionTest11" name="test182" time="0"/>
  <testcase classname="RegressionTest11" name="test183" time="0"/>
  <testcase classname="RegressionTest11" name="test184" time="0"/>
  <testcase classname="RegressionTest11" name="test185" time="0"/>
  <testcase classname="RegressionTest11" name="test186" time="0"/>
  <testcase classname="RegressionTest11" name="test187" time="0.001"/>
  <testcase classname="RegressionTest11" name="test188" time="0"/>
  <testcase classname="RegressionTest11" name="test189" time="0"/>
  <testcase classname="RegressionTest11" name="test190" time="0"/>
  <testcase classname="RegressionTest11" name="test191" time="0"/>
  <testcase classname="RegressionTest11" name="test192" time="0"/>
  <testcase classname="RegressionTest11" name="test193" time="0"/>
  <testcase classname="RegressionTest11" name="test194" time="0"/>
  <testcase classname="RegressionTest11" name="test195" time="0"/>
  <testcase classname="RegressionTest11" name="test196" time="0.001"/>
  <testcase classname="RegressionTest11" name="test197" time="0"/>
  <testcase classname="RegressionTest11" name="test198" time="0"/>
  <testcase classname="RegressionTest11" name="test199" time="0"/>
  <testcase classname="RegressionTest11" name="test200" time="0"/>
  <testcase classname="RegressionTest11" name="test201" time="0"/>
  <testcase classname="RegressionTest11" name="test202" time="0.001"/>
  <testcase classname="RegressionTest11" name="test203" time="0"/>
  <testcase classname="RegressionTest11" name="test204" time="0"/>
  <testcase classname="RegressionTest11" name="test205" time="0"/>
  <testcase classname="RegressionTest11" name="test206" time="0"/>
  <testcase classname="RegressionTest11" name="test207" time="0"/>
  <testcase classname="RegressionTest11" name="test208" time="0.001"/>
  <testcase classname="RegressionTest11" name="test209" time="0.001"/>
  <testcase classname="RegressionTest11" name="test210" time="0"/>
  <testcase classname="RegressionTest11" name="test211" time="0"/>
  <testcase classname="RegressionTest11" name="test212" time="0"/>
  <testcase classname="RegressionTest11" name="test213" time="0"/>
  <testcase classname="RegressionTest11" name="test214" time="0.001"/>
  <testcase classname="RegressionTest11" name="test215" time="0"/>
  <testcase classname="RegressionTest11" name="test216" time="0"/>
  <testcase classname="RegressionTest11" name="test217" time="0"/>
  <testcase classname="RegressionTest11" name="test218" time="0.001"/>
  <testcase classname="RegressionTest11" name="test219" time="0"/>
  <testcase classname="RegressionTest11" name="test220" time="0"/>
  <testcase classname="RegressionTest11" name="test221" time="0.001"/>
  <testcase classname="RegressionTest11" name="test222" time="0"/>
  <testcase classname="RegressionTest11" name="test223" time="0"/>
  <testcase classname="RegressionTest11" name="test224" time="0"/>
  <testcase classname="RegressionTest11" name="test225" time="0"/>
  <testcase classname="RegressionTest11" name="test226" time="0.001"/>
  <testcase classname="RegressionTest11" name="test227" time="0"/>
  <testcase classname="RegressionTest11" name="test228" time="0"/>
  <testcase classname="RegressionTest11" name="test229" time="0"/>
  <testcase classname="RegressionTest11" name="test230" time="0"/>
  <testcase classname="RegressionTest11" name="test231" time="0"/>
  <testcase classname="RegressionTest11" name="test232" time="0"/>
  <testcase classname="RegressionTest11" name="test233" time="0.001"/>
  <testcase classname="RegressionTest11" name="test234" time="0"/>
  <testcase classname="RegressionTest11" name="test235" time="0"/>
  <testcase classname="RegressionTest11" name="test236" time="0"/>
  <testcase classname="RegressionTest11" name="test237" time="0"/>
  <testcase classname="RegressionTest11" name="test238" time="0"/>
  <testcase classname="RegressionTest11" name="test239" time="0.001"/>
  <testcase classname="RegressionTest11" name="test240" time="0"/>
  <testcase classname="RegressionTest11" name="test241" time="0"/>
  <testcase classname="RegressionTest11" name="test242" time="0"/>
  <testcase classname="RegressionTest11" name="test243" time="0"/>
  <testcase classname="RegressionTest11" name="test244" time="0"/>
  <testcase classname="RegressionTest11" name="test245" time="0.001"/>
  <testcase classname="RegressionTest11" name="test246" time="0"/>
  <testcase classname="RegressionTest11" name="test247" time="0"/>
  <testcase classname="RegressionTest11" name="test248" time="0"/>
  <testcase classname="RegressionTest11" name="test249" time="0"/>
  <testcase classname="RegressionTest11" name="test250" time="0"/>
  <testcase classname="RegressionTest11" name="test251" time="0"/>
  <testcase classname="RegressionTest11" name="test252" time="0"/>
  <testcase classname="RegressionTest11" name="test253" time="0"/>
  <testcase classname="RegressionTest11" name="test254" time="0"/>
  <testcase classname="RegressionTest11" name="test255" time="0.001"/>
  <testcase classname="RegressionTest11" name="test256" time="0"/>
  <testcase classname="RegressionTest11" name="test257" time="0"/>
  <testcase classname="RegressionTest11" name="test258" time="0"/>
  <testcase classname="RegressionTest11" name="test259" time="0"/>
  <testcase classname="RegressionTest11" name="test260" time="0.001"/>
  <testcase classname="RegressionTest11" name="test261" time="0"/>
  <testcase classname="RegressionTest11" name="test262" time="0"/>
  <testcase classname="RegressionTest11" name="test263" time="0"/>
  <testcase classname="RegressionTest11" name="test264" time="0"/>
  <testcase classname="RegressionTest11" name="test265" time="0"/>
  <testcase classname="RegressionTest11" name="test266" time="0.001"/>
  <testcase classname="RegressionTest11" name="test267" time="0"/>
  <testcase classname="RegressionTest11" name="test268" time="0"/>
  <testcase classname="RegressionTest11" name="test269" time="0"/>
  <testcase classname="RegressionTest11" name="test270" time="0"/>
  <testcase classname="RegressionTest11" name="test271" time="0"/>
  <testcase classname="RegressionTest11" name="test272" time="0.005"/>
  <testcase classname="RegressionTest11" name="test273" time="0.002"/>
  <testcase classname="RegressionTest11" name="test274" time="0.003"/>
  <testcase classname="RegressionTest11" name="test275" time="0"/>
  <testcase classname="RegressionTest11" name="test276" time="0.001"/>
  <testcase classname="RegressionTest11" name="test277" time="0"/>
  <testcase classname="RegressionTest11" name="test278" time="0"/>
  <testcase classname="RegressionTest11" name="test279" time="0.001"/>
  <testcase classname="RegressionTest11" name="test280" time="0"/>
  <testcase classname="RegressionTest11" name="test281" time="0"/>
  <testcase classname="RegressionTest11" name="test282" time="0"/>
  <testcase classname="RegressionTest11" name="test283" time="0"/>
  <testcase classname="RegressionTest11" name="test284" time="0.001"/>
  <testcase classname="RegressionTest11" name="test285" time="0"/>
  <testcase classname="RegressionTest11" name="test286" time="0.001"/>
  <testcase classname="RegressionTest11" name="test287" time="0"/>
  <testcase classname="RegressionTest11" name="test288" time="0"/>
  <testcase classname="RegressionTest11" name="test289" time="0"/>
  <testcase classname="RegressionTest11" name="test290" time="0"/>
  <testcase classname="RegressionTest11" name="test291" time="0.001"/>
  <testcase classname="RegressionTest11" name="test292" time="0"/>
  <testcase classname="RegressionTest11" name="test293" time="0.001"/>
  <testcase classname="RegressionTest11" name="test294" time="0"/>
  <testcase classname="RegressionTest11" name="test295" time="0"/>
  <testcase classname="RegressionTest11" name="test296" time="0"/>
  <testcase classname="RegressionTest11" name="test297" time="0"/>
  <testcase classname="RegressionTest11" name="test298" time="0.001"/>
  <testcase classname="RegressionTest11" name="test299" time="0"/>
  <testcase classname="RegressionTest11" name="test300" time="0"/>
  <testcase classname="RegressionTest11" name="test301" time="0"/>
  <testcase classname="RegressionTest11" name="test302" time="0"/>
  <testcase classname="RegressionTest11" name="test303" time="0.001"/>
  <testcase classname="RegressionTest11" name="test304" time="0"/>
  <testcase classname="RegressionTest11" name="test305" time="0"/>
  <testcase classname="RegressionTest11" name="test306" time="0.001"/>
  <testcase classname="RegressionTest11" name="test307" time="0"/>
  <testcase classname="RegressionTest11" name="test308" time="0"/>
  <testcase classname="RegressionTest11" name="test309" time="0"/>
  <testcase classname="RegressionTest11" name="test310" time="0.001"/>
  <testcase classname="RegressionTest11" name="test311" time="0"/>
  <testcase classname="RegressionTest11" name="test312" time="0"/>
  <testcase classname="RegressionTest11" name="test313" time="0"/>
  <testcase classname="RegressionTest11" name="test314" time="0.001"/>
  <testcase classname="RegressionTest11" name="test315" time="0"/>
  <testcase classname="RegressionTest11" name="test316" time="0.001"/>
  <testcase classname="RegressionTest11" name="test317" time="0"/>
  <testcase classname="RegressionTest11" name="test318" time="0"/>
  <testcase classname="RegressionTest11" name="test319" time="0"/>
  <testcase classname="RegressionTest11" name="test320" time="0"/>
  <testcase classname="RegressionTest11" name="test321" time="0"/>
  <testcase classname="RegressionTest11" name="test322" time="0.001"/>
  <testcase classname="RegressionTest11" name="test323" time="0.002"/>
  <testcase classname="RegressionTest11" name="test324" time="0"/>
  <testcase classname="RegressionTest11" name="test325" time="0"/>
  <testcase classname="RegressionTest11" name="test326" time="0"/>
  <testcase classname="RegressionTest11" name="test327" time="0"/>
  <testcase classname="RegressionTest11" name="test328" time="0.001"/>
  <testcase classname="RegressionTest11" name="test329" time="0"/>
  <testcase classname="RegressionTest11" name="test330" time="0"/>
  <testcase classname="RegressionTest11" name="test331" time="0"/>
  <testcase classname="RegressionTest11" name="test332" time="0"/>
  <testcase classname="RegressionTest11" name="test333" time="0"/>
  <testcase classname="RegressionTest11" name="test334" time="0"/>
  <testcase classname="RegressionTest11" name="test335" time="0"/>
  <testcase classname="RegressionTest11" name="test336" time="0.001"/>
  <testcase classname="RegressionTest11" name="test337" time="0"/>
  <testcase classname="RegressionTest11" name="test338" time="0"/>
  <testcase classname="RegressionTest11" name="test339" time="0"/>
  <testcase classname="RegressionTest11" name="test340" time="0"/>
  <testcase classname="RegressionTest11" name="test341" time="0"/>
  <testcase classname="RegressionTest11" name="test342" time="0.001"/>
  <testcase classname="RegressionTest11" name="test343" time="0"/>
  <testcase classname="RegressionTest11" name="test344" time="0"/>
  <testcase classname="RegressionTest11" name="test345" time="0"/>
  <testcase classname="RegressionTest11" name="test346" time="0"/>
  <testcase classname="RegressionTest11" name="test347" time="0"/>
  <testcase classname="RegressionTest11" name="test348" time="0"/>
  <testcase classname="RegressionTest11" name="test349" time="0"/>
  <testcase classname="RegressionTest11" name="test350" time="0.001"/>
  <testcase classname="RegressionTest11" name="test351" time="0"/>
  <testcase classname="RegressionTest11" name="test352" time="0"/>
  <testcase classname="RegressionTest11" name="test353" time="0"/>
  <testcase classname="RegressionTest11" name="test354" time="0"/>
  <testcase classname="RegressionTest11" name="test355" time="0"/>
  <testcase classname="RegressionTest11" name="test356" time="0"/>
  <testcase classname="RegressionTest11" name="test357" time="0"/>
  <testcase classname="RegressionTest11" name="test358" time="0.001"/>
  <testcase classname="RegressionTest11" name="test359" time="0"/>
  <testcase classname="RegressionTest11" name="test360" time="0"/>
  <testcase classname="RegressionTest11" name="test361" time="0"/>
  <testcase classname="RegressionTest11" name="test362" time="0"/>
  <testcase classname="RegressionTest11" name="test363" time="0"/>
  <testcase classname="RegressionTest11" name="test364" time="0"/>
  <testcase classname="RegressionTest11" name="test365" time="0.001"/>
  <testcase classname="RegressionTest11" name="test366" time="0"/>
  <testcase classname="RegressionTest11" name="test367" time="0"/>
  <testcase classname="RegressionTest11" name="test368" time="0"/>
  <testcase classname="RegressionTest11" name="test369" time="0"/>
  <testcase classname="RegressionTest11" name="test370" time="0"/>
  <testcase classname="RegressionTest11" name="test371" time="0"/>
  <testcase classname="RegressionTest11" name="test372" time="0"/>
  <testcase classname="RegressionTest11" name="test373" time="0"/>
  <testcase classname="RegressionTest11" name="test374" time="0.001"/>
  <testcase classname="RegressionTest11" name="test375" time="0"/>
  <testcase classname="RegressionTest11" name="test376" time="0"/>
  <testcase classname="RegressionTest11" name="test377" time="0"/>
  <testcase classname="RegressionTest11" name="test378" time="0"/>
  <testcase classname="RegressionTest11" name="test379" time="0"/>
  <testcase classname="RegressionTest11" name="test380" time="0"/>
  <testcase classname="RegressionTest11" name="test381" time="0"/>
  <testcase classname="RegressionTest11" name="test382" time="0"/>
  <testcase classname="RegressionTest11" name="test383" time="0"/>
  <testcase classname="RegressionTest11" name="test384" time="0"/>
  <testcase classname="RegressionTest11" name="test385" time="0"/>
  <testcase classname="RegressionTest11" name="test386" time="0"/>
  <testcase classname="RegressionTest11" name="test387" time="0"/>
  <testcase classname="RegressionTest11" name="test388" time="0"/>
  <testcase classname="RegressionTest11" name="test389" time="0"/>
  <testcase classname="RegressionTest11" name="test390" time="0"/>
  <testcase classname="RegressionTest11" name="test391" time="0"/>
  <testcase classname="RegressionTest11" name="test392" time="0"/>
  <testcase classname="RegressionTest11" name="test393" time="0"/>
  <testcase classname="RegressionTest11" name="test394" time="0"/>
  <testcase classname="RegressionTest11" name="test395" time="0.001"/>
  <testcase classname="RegressionTest11" name="test396" time="0"/>
  <testcase classname="RegressionTest11" name="test397" time="0"/>
  <testcase classname="RegressionTest11" name="test398" time="0"/>
  <testcase classname="RegressionTest11" name="test399" time="0"/>
  <testcase classname="RegressionTest11" name="test400" time="0.001"/>
  <testcase classname="RegressionTest11" name="test401" time="0"/>
  <testcase classname="RegressionTest11" name="test402" time="0"/>
  <testcase classname="RegressionTest11" name="test403" time="0"/>
  <testcase classname="RegressionTest11" name="test404" time="0"/>
  <testcase classname="RegressionTest11" name="test405" time="0.001"/>
  <testcase classname="RegressionTest11" name="test406" time="0"/>
  <testcase classname="RegressionTest11" name="test407" time="0"/>
  <testcase classname="RegressionTest11" name="test408" time="0"/>
  <testcase classname="RegressionTest11" name="test409" time="0"/>
  <testcase classname="RegressionTest11" name="test410" time="0.001"/>
  <testcase classname="RegressionTest11" name="test411" time="0"/>
  <testcase classname="RegressionTest11" name="test412" time="0"/>
  <testcase classname="RegressionTest11" name="test413" time="0"/>
  <testcase classname="RegressionTest11" name="test414" time="0"/>
  <testcase classname="RegressionTest11" name="test415" time="0.001"/>
  <testcase classname="RegressionTest11" name="test416" time="0"/>
  <testcase classname="RegressionTest11" name="test417" time="0"/>
  <testcase classname="RegressionTest11" name="test418" time="0"/>
  <testcase classname="RegressionTest11" name="test419" time="0.001"/>
  <testcase classname="RegressionTest11" name="test420" time="0"/>
  <testcase classname="RegressionTest11" name="test421" time="0"/>
  <testcase classname="RegressionTest11" name="test422" time="0"/>
  <testcase classname="RegressionTest11" name="test423" time="0"/>
  <testcase classname="RegressionTest11" name="test424" time="0"/>
  <testcase classname="RegressionTest11" name="test425" time="0"/>
  <testcase classname="RegressionTest11" name="test426" time="0"/>
  <testcase classname="RegressionTest11" name="test427" time="0"/>
  <testcase classname="RegressionTest11" name="test428" time="0"/>
  <testcase classname="RegressionTest11" name="test429" time="0.001"/>
  <testcase classname="RegressionTest11" name="test430" time="0"/>
  <testcase classname="RegressionTest11" name="test431" time="0"/>
  <testcase classname="RegressionTest11" name="test432" time="0"/>
  <testcase classname="RegressionTest11" name="test433" time="0"/>
  <testcase classname="RegressionTest11" name="test434" time="0"/>
  <testcase classname="RegressionTest11" name="test435" time="0"/>
  <testcase classname="RegressionTest11" name="test436" time="0"/>
  <testcase classname="RegressionTest11" name="test437" time="0.001"/>
  <testcase classname="RegressionTest11" name="test438" time="0"/>
  <testcase classname="RegressionTest11" name="test439" time="0"/>
  <testcase classname="RegressionTest11" name="test440" time="0"/>
  <testcase classname="RegressionTest11" name="test441" time="0"/>
  <testcase classname="RegressionTest11" name="test442" time="0"/>
  <testcase classname="RegressionTest11" name="test443" time="0.001"/>
  <testcase classname="RegressionTest11" name="test444" time="0.008"/>
  <testcase classname="RegressionTest11" name="test445" time="0"/>
  <testcase classname="RegressionTest11" name="test446" time="0"/>
  <testcase classname="RegressionTest11" name="test447" time="0"/>
  <testcase classname="RegressionTest11" name="test448" time="0.001"/>
  <testcase classname="RegressionTest11" name="test449" time="0"/>
  <testcase classname="RegressionTest11" name="test450" time="0"/>
  <testcase classname="RegressionTest11" name="test451" time="0.001"/>
  <testcase classname="RegressionTest11" name="test452" time="0"/>
  <testcase classname="RegressionTest11" name="test453" time="0"/>
  <testcase classname="RegressionTest11" name="test454" time="0"/>
  <testcase classname="RegressionTest11" name="test455" time="0"/>
  <testcase classname="RegressionTest11" name="test456" time="0"/>
  <testcase classname="RegressionTest11" name="test457" time="0"/>
  <testcase classname="RegressionTest11" name="test458" time="0"/>
  <testcase classname="RegressionTest11" name="test459" time="0"/>
  <testcase classname="RegressionTest11" name="test460" time="0"/>
  <testcase classname="RegressionTest11" name="test461" time="0"/>
  <testcase classname="RegressionTest11" name="test462" time="0"/>
  <testcase classname="RegressionTest11" name="test463" time="0"/>
  <testcase classname="RegressionTest11" name="test464" time="0"/>
  <testcase classname="RegressionTest11" name="test465" time="0"/>
  <testcase classname="RegressionTest11" name="test466" time="0"/>
  <testcase classname="RegressionTest11" name="test467" time="0"/>
  <testcase classname="RegressionTest11" name="test468" time="0"/>
  <testcase classname="RegressionTest11" name="test469" time="0"/>
  <testcase classname="RegressionTest11" name="test470" time="0"/>
  <testcase classname="RegressionTest11" name="test471" time="0.003"/>
  <testcase classname="RegressionTest11" name="test472" time="0"/>
  <testcase classname="RegressionTest11" name="test473" time="0"/>
  <testcase classname="RegressionTest11" name="test474" time="0"/>
  <testcase classname="RegressionTest11" name="test475" time="0"/>
  <testcase classname="RegressionTest11" name="test476" time="0"/>
  <testcase classname="RegressionTest11" name="test477" time="0"/>
  <testcase classname="RegressionTest11" name="test478" time="0.001"/>
  <testcase classname="RegressionTest11" name="test479" time="0"/>
  <testcase classname="RegressionTest11" name="test480" time="0"/>
  <testcase classname="RegressionTest11" name="test481" time="0"/>
  <testcase classname="RegressionTest11" name="test482" time="0"/>
  <testcase classname="RegressionTest11" name="test483" time="0"/>
  <testcase classname="RegressionTest11" name="test484" time="0"/>
  <testcase classname="RegressionTest11" name="test485" time="0"/>
  <testcase classname="RegressionTest11" name="test486" time="0.001"/>
  <testcase classname="RegressionTest11" name="test487" time="0"/>
  <testcase classname="RegressionTest11" name="test488" time="0"/>
  <testcase classname="RegressionTest11" name="test489" time="0"/>
  <testcase classname="RegressionTest11" name="test490" time="0"/>
  <testcase classname="RegressionTest11" name="test491" time="0"/>
  <testcase classname="RegressionTest11" name="test492" time="0"/>
  <testcase classname="RegressionTest11" name="test493" time="0.001"/>
  <testcase classname="RegressionTest11" name="test494" time="0"/>
  <testcase classname="RegressionTest11" name="test495" time="0"/>
  <testcase classname="RegressionTest11" name="test496" time="0"/>
  <testcase classname="RegressionTest11" name="test497" time="0"/>
  <testcase classname="RegressionTest11" name="test498" time="0"/>
  <testcase classname="RegressionTest11" name="test499" time="0"/>
  <testcase classname="RegressionTest11" name="test500" time="0"/>
  <testcase classname="RegressionTest12" name="test001" time="0"/>
  <testcase classname="RegressionTest12" name="test002" time="0.001"/>
  <testcase classname="RegressionTest12" name="test003" time="0"/>
  <testcase classname="RegressionTest12" name="test004" time="0"/>
  <testcase classname="RegressionTest12" name="test005" time="0"/>
  <testcase classname="RegressionTest12" name="test006" time="0"/>
  <testcase classname="RegressionTest12" name="test007" time="0"/>
  <testcase classname="RegressionTest12" name="test008" time="0"/>
  <testcase classname="RegressionTest12" name="test009" time="0.001"/>
  <testcase classname="RegressionTest12" name="test010" time="0"/>
  <testcase classname="RegressionTest12" name="test011" time="0"/>
  <testcase classname="RegressionTest12" name="test012" time="0"/>
  <testcase classname="RegressionTest12" name="test013" time="0"/>
  <testcase classname="RegressionTest12" name="test014" time="0"/>
  <testcase classname="RegressionTest12" name="test015" time="0.001"/>
  <testcase classname="RegressionTest12" name="test016" time="0"/>
  <testcase classname="RegressionTest12" name="test017" time="0"/>
  <testcase classname="RegressionTest12" name="test018" time="0"/>
  <testcase classname="RegressionTest12" name="test019" time="0.001"/>
  <testcase classname="RegressionTest12" name="test020" time="0"/>
  <testcase classname="RegressionTest12" name="test021" time="0"/>
  <testcase classname="RegressionTest12" name="test022" time="0"/>
  <testcase classname="RegressionTest12" name="test023" time="0"/>
  <testcase classname="RegressionTest12" name="test024" time="0"/>
  <testcase classname="RegressionTest12" name="test025" time="0.001"/>
  <testcase classname="RegressionTest12" name="test026" time="0"/>
  <testcase classname="RegressionTest12" name="test027" time="0"/>
  <testcase classname="RegressionTest12" name="test028" time="0"/>
  <testcase classname="RegressionTest12" name="test029" time="0"/>
  <testcase classname="RegressionTest12" name="test030" time="0"/>
  <testcase classname="RegressionTest12" name="test031" time="0"/>
  <testcase classname="RegressionTest12" name="test032" time="0"/>
  <testcase classname="RegressionTest12" name="test033" time="0"/>
  <testcase classname="RegressionTest12" name="test034" time="0.001"/>
  <testcase classname="RegressionTest12" name="test035" time="0"/>
  <testcase classname="RegressionTest12" name="test036" time="0"/>
  <testcase classname="RegressionTest12" name="test037" time="0"/>
  <testcase classname="RegressionTest12" name="test038" time="0"/>
  <testcase classname="RegressionTest12" name="test039" time="0"/>
  <testcase classname="RegressionTest12" name="test040" time="0"/>
  <testcase classname="RegressionTest12" name="test041" time="0"/>
  <testcase classname="RegressionTest12" name="test042" time="0"/>
  <testcase classname="RegressionTest12" name="test043" time="0"/>
  <testcase classname="RegressionTest12" name="test044" time="0.001"/>
  <testcase classname="RegressionTest12" name="test045" time="0"/>
  <testcase classname="RegressionTest12" name="test046" time="0"/>
  <testcase classname="RegressionTest12" name="test047" time="0"/>
  <testcase classname="RegressionTest12" name="test048" time="0"/>
  <testcase classname="RegressionTest12" name="test049" time="0"/>
  <testcase classname="RegressionTest12" name="test050" time="0"/>
  <testcase classname="RegressionTest12" name="test051" time="0"/>
  <testcase classname="RegressionTest12" name="test052" time="0"/>
  <testcase classname="RegressionTest12" name="test053" time="0"/>
  <testcase classname="RegressionTest12" name="test054" time="0"/>
  <testcase classname="RegressionTest12" name="test055" time="0"/>
  <testcase classname="RegressionTest12" name="test056" time="0.001"/>
  <testcase classname="RegressionTest12" name="test057" time="0"/>
  <testcase classname="RegressionTest12" name="test058" time="0"/>
  <testcase classname="RegressionTest12" name="test059" time="0"/>
  <testcase classname="RegressionTest12" name="test060" time="0"/>
  <testcase classname="RegressionTest12" name="test061" time="0"/>
  <testcase classname="RegressionTest12" name="test062" time="0"/>
  <testcase classname="RegressionTest12" name="test063" time="0"/>
  <testcase classname="RegressionTest12" name="test064" time="0"/>
  <testcase classname="RegressionTest12" name="test065" time="0.001"/>
  <testcase classname="RegressionTest12" name="test066" time="0"/>
  <testcase classname="RegressionTest12" name="test067" time="0"/>
  <testcase classname="RegressionTest12" name="test068" time="0"/>
  <testcase classname="RegressionTest12" name="test069" time="0"/>
  <testcase classname="RegressionTest12" name="test070" time="0"/>
  <testcase classname="RegressionTest12" name="test071" time="0"/>
  <testcase classname="RegressionTest12" name="test072" time="0.001"/>
  <testcase classname="RegressionTest12" name="test073" time="0"/>
  <testcase classname="RegressionTest12" name="test074" time="0"/>
  <testcase classname="RegressionTest12" name="test075" time="0"/>
  <testcase classname="RegressionTest12" name="test076" time="0"/>
  <testcase classname="RegressionTest12" name="test077" time="0"/>
  <testcase classname="RegressionTest12" name="test078" time="0"/>
  <testcase classname="RegressionTest12" name="test079" time="0"/>
  <testcase classname="RegressionTest12" name="test080" time="0"/>
  <testcase classname="RegressionTest12" name="test081" time="0.001"/>
  <testcase classname="RegressionTest12" name="test082" time="0"/>
  <testcase classname="RegressionTest12" name="test083" time="0"/>
  <testcase classname="RegressionTest12" name="test084" time="0"/>
  <testcase classname="RegressionTest12" name="test085" time="0"/>
  <testcase classname="RegressionTest12" name="test086" time="0"/>
  <testcase classname="RegressionTest12" name="test087" time="0"/>
  <testcase classname="RegressionTest12" name="test088" time="0"/>
  <testcase classname="RegressionTest12" name="test089" time="0"/>
  <testcase classname="RegressionTest12" name="test090" time="0"/>
  <testcase classname="RegressionTest12" name="test091" time="0"/>
  <testcase classname="RegressionTest12" name="test092" time="0"/>
  <testcase classname="RegressionTest12" name="test093" time="0"/>
  <testcase classname="RegressionTest12" name="test094" time="0"/>
  <testcase classname="RegressionTest12" name="test095" time="0"/>
  <testcase classname="RegressionTest12" name="test096" time="0"/>
  <testcase classname="RegressionTest12" name="test097" time="0.001"/>
  <testcase classname="RegressionTest12" name="test098" time="0"/>
  <testcase classname="RegressionTest12" name="test099" time="0"/>
  <testcase classname="RegressionTest12" name="test100" time="0"/>
  <testcase classname="RegressionTest12" name="test101" time="0"/>
  <testcase classname="RegressionTest12" name="test102" time="0"/>
  <testcase classname="RegressionTest12" name="test103" time="0"/>
  <testcase classname="RegressionTest12" name="test104" time="0"/>
  <testcase classname="RegressionTest12" name="test105" time="0"/>
  <testcase classname="RegressionTest12" name="test106" time="0.001"/>
  <testcase classname="RegressionTest12" name="test107" time="0"/>
  <testcase classname="RegressionTest12" name="test108" time="0"/>
  <testcase classname="RegressionTest12" name="test109" time="0"/>
  <testcase classname="RegressionTest12" name="test110" time="0"/>
  <testcase classname="RegressionTest12" name="test111" time="0"/>
  <testcase classname="RegressionTest12" name="test112" time="0"/>
  <testcase classname="RegressionTest12" name="test113" time="0"/>
  <testcase classname="RegressionTest12" name="test114" time="0"/>
  <testcase classname="RegressionTest12" name="test115" time="0.001"/>
  <testcase classname="RegressionTest12" name="test116" time="0"/>
  <testcase classname="RegressionTest12" name="test117" time="0"/>
  <testcase classname="RegressionTest12" name="test118" time="0"/>
  <testcase classname="RegressionTest12" name="test119" time="0"/>
  <testcase classname="RegressionTest12" name="test120" time="0"/>
  <testcase classname="RegressionTest12" name="test121" time="0"/>
  <testcase classname="RegressionTest12" name="test122" time="0.001"/>
  <testcase classname="RegressionTest12" name="test123" time="0"/>
  <testcase classname="RegressionTest12" name="test124" time="0"/>
  <testcase classname="RegressionTest12" name="test125" time="0"/>
  <testcase classname="RegressionTest12" name="test126" time="0"/>
  <testcase classname="RegressionTest12" name="test127" time="0"/>
  <testcase classname="RegressionTest12" name="test128" time="0"/>
  <testcase classname="RegressionTest12" name="test129" time="0"/>
  <testcase classname="RegressionTest12" name="test130" time="0"/>
  <testcase classname="RegressionTest12" name="test131" time="0"/>
  <testcase classname="RegressionTest12" name="test132" time="0"/>
  <testcase classname="RegressionTest12" name="test133" time="0.001"/>
  <testcase classname="RegressionTest12" name="test134" time="0"/>
  <testcase classname="RegressionTest12" name="test135" time="0"/>
  <testcase classname="RegressionTest12" name="test136" time="0"/>
  <testcase classname="RegressionTest12" name="test137" time="0"/>
  <testcase classname="RegressionTest12" name="test138" time="0"/>
  <testcase classname="RegressionTest12" name="test139" time="0"/>
  <testcase classname="RegressionTest12" name="test140" time="0.001"/>
  <testcase classname="RegressionTest12" name="test141" time="0"/>
  <testcase classname="RegressionTest12" name="test142" time="0"/>
  <testcase classname="RegressionTest12" name="test143" time="0"/>
  <testcase classname="RegressionTest12" name="test144" time="0"/>
  <testcase classname="RegressionTest12" name="test145" time="0"/>
  <testcase classname="RegressionTest12" name="test146" time="0"/>
  <testcase classname="RegressionTest12" name="test147" time="0"/>
  <testcase classname="RegressionTest12" name="test148" time="0.001"/>
  <testcase classname="RegressionTest12" name="test149" time="0"/>
  <testcase classname="RegressionTest12" name="test150" time="0"/>
  <testcase classname="RegressionTest12" name="test151" time="0"/>
  <testcase classname="RegressionTest12" name="test152" time="0"/>
  <testcase classname="RegressionTest12" name="test153" time="0"/>
  <testcase classname="RegressionTest12" name="test154" time="0"/>
  <testcase classname="RegressionTest12" name="test155" time="0"/>
  <testcase classname="RegressionTest12" name="test156" time="0"/>
  <testcase classname="RegressionTest12" name="test157" time="0"/>
  <testcase classname="RegressionTest12" name="test158" time="0"/>
  <testcase classname="RegressionTest12" name="test159" time="0.001"/>
  <testcase classname="RegressionTest12" name="test160" time="0"/>
  <testcase classname="RegressionTest12" name="test161" time="0"/>
  <testcase classname="RegressionTest12" name="test162" time="0"/>
  <testcase classname="RegressionTest12" name="test163" time="0"/>
  <testcase classname="RegressionTest12" name="test164" time="0"/>
  <testcase classname="RegressionTest12" name="test165" time="0"/>
  <testcase classname="RegressionTest12" name="test166" time="0"/>
  <testcase classname="RegressionTest12" name="test167" time="0.001"/>
  <testcase classname="RegressionTest12" name="test168" time="0"/>
  <testcase classname="RegressionTest12" name="test169" time="0"/>
  <testcase classname="RegressionTest12" name="test170" time="0"/>
  <testcase classname="RegressionTest12" name="test171" time="0"/>
  <testcase classname="RegressionTest12" name="test172" time="0"/>
  <testcase classname="RegressionTest12" name="test173" time="0"/>
  <testcase classname="RegressionTest12" name="test174" time="0"/>
  <testcase classname="RegressionTest12" name="test175" time="0"/>
  <testcase classname="RegressionTest12" name="test176" time="0"/>
  <testcase classname="RegressionTest12" name="test177" time="0"/>
  <testcase classname="RegressionTest12" name="test178" time="0"/>
  <testcase classname="RegressionTest12" name="test179" time="0"/>
  <testcase classname="RegressionTest12" name="test180" time="0"/>
  <testcase classname="RegressionTest12" name="test181" time="0"/>
  <testcase classname="RegressionTest12" name="test182" time="0"/>
  <testcase classname="RegressionTest12" name="test183" time="0"/>
  <testcase classname="RegressionTest12" name="test184" time="0"/>
  <testcase classname="RegressionTest12" name="test185" time="0"/>
  <testcase classname="RegressionTest12" name="test186" time="0"/>
  <testcase classname="RegressionTest12" name="test187" time="0"/>
  <testcase classname="RegressionTest12" name="test188" time="0"/>
  <testcase classname="RegressionTest12" name="test189" time="0"/>
  <testcase classname="RegressionTest12" name="test190" time="0"/>
  <testcase classname="RegressionTest12" name="test191" time="0"/>
  <testcase classname="RegressionTest12" name="test192" time="0"/>
  <testcase classname="RegressionTest12" name="test193" time="0"/>
  <testcase classname="RegressionTest12" name="test194" time="0.001"/>
  <testcase classname="RegressionTest12" name="test195" time="0"/>
  <testcase classname="RegressionTest12" name="test196" time="0"/>
  <testcase classname="RegressionTest12" name="test197" time="0"/>
  <testcase classname="RegressionTest12" name="test198" time="0.001"/>
  <testcase classname="RegressionTest12" name="test199" time="0.001"/>
  <testcase classname="RegressionTest12" name="test200" time="0"/>
  <testcase classname="RegressionTest12" name="test201" time="0"/>
  <testcase classname="RegressionTest12" name="test202" time="0"/>
  <testcase classname="RegressionTest12" name="test203" time="0"/>
  <testcase classname="RegressionTest12" name="test204" time="0"/>
  <testcase classname="RegressionTest12" name="test205" time="0"/>
  <testcase classname="RegressionTest12" name="test206" time="0"/>
  <testcase classname="RegressionTest12" name="test207" time="0"/>
  <testcase classname="RegressionTest12" name="test208" time="0"/>
  <testcase classname="RegressionTest12" name="test209" time="0"/>
  <testcase classname="RegressionTest12" name="test210" time="0.001"/>
  <testcase classname="RegressionTest12" name="test211" time="0"/>
  <testcase classname="RegressionTest12" name="test212" time="0"/>
  <testcase classname="RegressionTest12" name="test213" time="0"/>
  <testcase classname="RegressionTest12" name="test214" time="0"/>
  <testcase classname="RegressionTest12" name="test215" time="0"/>
  <testcase classname="RegressionTest12" name="test216" time="0"/>
  <testcase classname="RegressionTest12" name="test217" time="0"/>
  <testcase classname="RegressionTest12" name="test218" time="0"/>
  <testcase classname="RegressionTest12" name="test219" time="0.001"/>
  <testcase classname="RegressionTest12" name="test220" time="0"/>
  <testcase classname="RegressionTest12" name="test221" time="0"/>
  <testcase classname="RegressionTest12" name="test222" time="0"/>
  <testcase classname="RegressionTest12" name="test223" time="0"/>
  <testcase classname="RegressionTest12" name="test224" time="0"/>
  <testcase classname="RegressionTest12" name="test225" time="0"/>
  <testcase classname="RegressionTest12" name="test226" time="0"/>
  <testcase classname="RegressionTest12" name="test227" time="0"/>
  <testcase classname="RegressionTest12" name="test228" time="0"/>
  <testcase classname="RegressionTest12" name="test229" time="0"/>
  <testcase classname="RegressionTest12" name="test230" time="0"/>
  <testcase classname="RegressionTest12" name="test231" time="0"/>
  <testcase classname="RegressionTest12" name="test232" time="0"/>
  <testcase classname="RegressionTest12" name="test233" time="0"/>
  <testcase classname="RegressionTest12" name="test234" time="0"/>
  <testcase classname="RegressionTest12" name="test235" time="0"/>
  <testcase classname="RegressionTest12" name="test236" time="0"/>
  <testcase classname="RegressionTest12" name="test237" time="0"/>
  <testcase classname="RegressionTest12" name="test238" time="0"/>
  <testcase classname="RegressionTest12" name="test239" time="0"/>
  <testcase classname="RegressionTest12" name="test240" time="0"/>
  <testcase classname="RegressionTest12" name="test241" time="0.001"/>
  <testcase classname="RegressionTest12" name="test242" time="0"/>
  <testcase classname="RegressionTest12" name="test243" time="0"/>
  <testcase classname="RegressionTest12" name="test244" time="0"/>
  <testcase classname="RegressionTest12" name="test245" time="0"/>
  <testcase classname="RegressionTest12" name="test246" time="0"/>
  <testcase classname="RegressionTest12" name="test247" time="0"/>
  <testcase classname="RegressionTest12" name="test248" time="0"/>
  <testcase classname="RegressionTest12" name="test249" time="0"/>
  <testcase classname="RegressionTest12" name="test250" time="0"/>
  <testcase classname="RegressionTest12" name="test251" time="0.001"/>
  <testcase classname="RegressionTest12" name="test252" time="0"/>
  <testcase classname="RegressionTest12" name="test253" time="0"/>
  <testcase classname="RegressionTest12" name="test254" time="0.001"/>
  <testcase classname="RegressionTest12" name="test255" time="0"/>
  <testcase classname="RegressionTest12" name="test256" time="0.002"/>
  <testcase classname="RegressionTest12" name="test257" time="0"/>
  <testcase classname="RegressionTest12" name="test258" time="0"/>
  <testcase classname="RegressionTest12" name="test259" time="0"/>
  <testcase classname="RegressionTest12" name="test260" time="0"/>
  <testcase classname="RegressionTest12" name="test261" time="0"/>
  <testcase classname="RegressionTest12" name="test262" time="0"/>
  <testcase classname="RegressionTest12" name="test263" time="0"/>
  <testcase classname="RegressionTest12" name="test264" time="0"/>
  <testcase classname="RegressionTest12" name="test265" time="0"/>
  <testcase classname="RegressionTest12" name="test266" time="0.001"/>
  <testcase classname="RegressionTest12" name="test267" time="0"/>
  <testcase classname="RegressionTest12" name="test268" time="0"/>
  <testcase classname="RegressionTest12" name="test269" time="0"/>
  <testcase classname="RegressionTest12" name="test270" time="0"/>
  <testcase classname="RegressionTest12" name="test271" time="0"/>
  <testcase classname="RegressionTest12" name="test272" time="0"/>
  <testcase classname="RegressionTest12" name="test273" time="0"/>
  <testcase classname="RegressionTest12" name="test274" time="0"/>
  <testcase classname="RegressionTest12" name="test275" time="0"/>
  <testcase classname="RegressionTest12" name="test276" time="0"/>
  <testcase classname="RegressionTest12" name="test277" time="0"/>
  <testcase classname="RegressionTest12" name="test278" time="0"/>
  <testcase classname="RegressionTest12" name="test279" time="0"/>
  <testcase classname="RegressionTest12" name="test280" time="0"/>
  <testcase classname="RegressionTest12" name="test281" time="0"/>
  <testcase classname="RegressionTest12" name="test282" time="0.001"/>
  <testcase classname="RegressionTest12" name="test283" time="0"/>
  <testcase classname="RegressionTest12" name="test284" time="0"/>
  <testcase classname="RegressionTest12" name="test285" time="0"/>
  <testcase classname="RegressionTest12" name="test286" time="0"/>
  <testcase classname="RegressionTest12" name="test287" time="0"/>
  <testcase classname="RegressionTest12" name="test288" time="0"/>
  <testcase classname="RegressionTest12" name="test289" time="0"/>
  <testcase classname="RegressionTest12" name="test290" time="0"/>
  <testcase classname="RegressionTest12" name="test291" time="0"/>
  <testcase classname="RegressionTest12" name="test292" time="0"/>
  <testcase classname="RegressionTest12" name="test293" time="0"/>
  <testcase classname="RegressionTest12" name="test294" time="0"/>
  <testcase classname="RegressionTest12" name="test295" time="0"/>
  <testcase classname="RegressionTest12" name="test296" time="0"/>
  <testcase classname="RegressionTest12" name="test297" time="0.001"/>
  <testcase classname="RegressionTest12" name="test298" time="0"/>
  <testcase classname="RegressionTest12" name="test299" time="0"/>
  <testcase classname="RegressionTest12" name="test300" time="0"/>
  <testcase classname="RegressionTest12" name="test301" time="0"/>
  <testcase classname="RegressionTest12" name="test302" time="0"/>
  <testcase classname="RegressionTest12" name="test303" time="0"/>
  <testcase classname="RegressionTest12" name="test304" time="0"/>
  <testcase classname="RegressionTest12" name="test305" time="0"/>
  <testcase classname="RegressionTest12" name="test306" time="0"/>
  <testcase classname="RegressionTest12" name="test307" time="0"/>
  <testcase classname="RegressionTest12" name="test308" time="0"/>
  <testcase classname="RegressionTest12" name="test309" time="0"/>
  <testcase classname="RegressionTest12" name="test310" time="0.001"/>
  <testcase classname="RegressionTest12" name="test311" time="0"/>
  <testcase classname="RegressionTest12" name="test312" time="0"/>
  <testcase classname="RegressionTest12" name="test313" time="0"/>
  <testcase classname="RegressionTest12" name="test314" time="0"/>
  <testcase classname="RegressionTest12" name="test315" time="0"/>
  <testcase classname="RegressionTest12" name="test316" time="0"/>
  <testcase classname="RegressionTest12" name="test317" time="0"/>
  <testcase classname="RegressionTest12" name="test318" time="0"/>
  <testcase classname="RegressionTest12" name="test319" time="0"/>
  <testcase classname="RegressionTest12" name="test320" time="0"/>
  <testcase classname="RegressionTest12" name="test321" time="0.001"/>
  <testcase classname="RegressionTest12" name="test322" time="0"/>
  <testcase classname="RegressionTest12" name="test323" time="0"/>
  <testcase classname="RegressionTest12" name="test324" time="0"/>
  <testcase classname="RegressionTest12" name="test325" time="0"/>
  <testcase classname="RegressionTest12" name="test326" time="0"/>
  <testcase classname="RegressionTest12" name="test327" time="0"/>
  <testcase classname="RegressionTest12" name="test328" time="0"/>
  <testcase classname="RegressionTest12" name="test329" time="0"/>
  <testcase classname="RegressionTest12" name="test330" time="0"/>
  <testcase classname="RegressionTest12" name="test331" time="0.001"/>
  <testcase classname="RegressionTest12" name="test332" time="0"/>
  <testcase classname="RegressionTest12" name="test333" time="0"/>
  <testcase classname="RegressionTest12" name="test334" time="0"/>
  <testcase classname="RegressionTest12" name="test335" time="0"/>
  <testcase classname="RegressionTest12" name="test336" time="0"/>
  <testcase classname="RegressionTest12" name="test337" time="0"/>
  <testcase classname="RegressionTest12" name="test338" time="0"/>
  <testcase classname="RegressionTest12" name="test339" time="0"/>
  <testcase classname="RegressionTest12" name="test340" time="0"/>
  <testcase classname="RegressionTest12" name="test341" time="0.001"/>
  <testcase classname="RegressionTest12" name="test342" time="0"/>
  <testcase classname="RegressionTest12" name="test343" time="0"/>
  <testcase classname="RegressionTest12" name="test344" time="0"/>
  <testcase classname="RegressionTest12" name="test345" time="0"/>
  <testcase classname="RegressionTest12" name="test346" time="0"/>
  <testcase classname="RegressionTest12" name="test347" time="0"/>
  <testcase classname="RegressionTest12" name="test348" time="0"/>
  <testcase classname="RegressionTest12" name="test349" time="0"/>
  <testcase classname="RegressionTest12" name="test350" time="0"/>
  <testcase classname="RegressionTest12" name="test351" time="0"/>
  <testcase classname="RegressionTest12" name="test352" time="0"/>
  <testcase classname="RegressionTest12" name="test353" time="0"/>
  <testcase classname="RegressionTest12" name="test354" time="0"/>
  <testcase classname="RegressionTest12" name="test355" time="0"/>
  <testcase classname="RegressionTest12" name="test356" time="0.001"/>
  <testcase classname="RegressionTest12" name="test357" time="0"/>
  <testcase classname="RegressionTest12" name="test358" time="0"/>
  <testcase classname="RegressionTest12" name="test359" time="0"/>
  <testcase classname="RegressionTest12" name="test360" time="0"/>
  <testcase classname="RegressionTest12" name="test361" time="0"/>
  <testcase classname="RegressionTest12" name="test362" time="0"/>
  <testcase classname="RegressionTest12" name="test363" time="0"/>
  <testcase classname="RegressionTest12" name="test364" time="0"/>
  <testcase classname="RegressionTest12" name="test365" time="0"/>
  <testcase classname="RegressionTest12" name="test366" time="0"/>
  <testcase classname="RegressionTest12" name="test367" time="0"/>
  <testcase classname="RegressionTest12" name="test368" time="0"/>
  <testcase classname="RegressionTest12" name="test369" time="0"/>
  <testcase classname="RegressionTest12" name="test370" time="0"/>
  <testcase classname="RegressionTest12" name="test371" time="0"/>
  <testcase classname="RegressionTest12" name="test372" time="0"/>
  <testcase classname="RegressionTest12" name="test373" time="0"/>
  <testcase classname="RegressionTest12" name="test374" time="0"/>
  <testcase classname="RegressionTest12" name="test375" time="0"/>
  <testcase classname="RegressionTest12" name="test376" time="0"/>
  <testcase classname="RegressionTest12" name="test377" time="0.001"/>
  <testcase classname="RegressionTest12" name="test378" time="0"/>
  <testcase classname="RegressionTest12" name="test379" time="0"/>
  <testcase classname="RegressionTest12" name="test380" time="0"/>
  <testcase classname="RegressionTest12" name="test381" time="0"/>
  <testcase classname="RegressionTest12" name="test382" time="0"/>
  <testcase classname="RegressionTest12" name="test383" time="0"/>
  <testcase classname="RegressionTest12" name="test384" time="0"/>
  <testcase classname="RegressionTest12" name="test385" time="0"/>
  <testcase classname="RegressionTest12" name="test386" time="0"/>
  <testcase classname="RegressionTest12" name="test387" time="0.001"/>
  <testcase classname="RegressionTest12" name="test388" time="0"/>
  <testcase classname="RegressionTest12" name="test389" time="0"/>
  <testcase classname="RegressionTest12" name="test390" time="0"/>
  <testcase classname="RegressionTest12" name="test391" time="0"/>
  <testcase classname="RegressionTest12" name="test392" time="0"/>
  <testcase classname="RegressionTest12" name="test393" time="0"/>
  <testcase classname="RegressionTest12" name="test394" time="0"/>
  <testcase classname="RegressionTest12" name="test395" time="0.001"/>
  <testcase classname="RegressionTest12" name="test396" time="0"/>
  <testcase classname="RegressionTest12" name="test397" time="0"/>
  <testcase classname="RegressionTest12" name="test398" time="0"/>
  <testcase classname="RegressionTest12" name="test399" time="0"/>
  <testcase classname="RegressionTest12" name="test400" time="0"/>
  <testcase classname="RegressionTest12" name="test401" time="0"/>
  <testcase classname="RegressionTest12" name="test402" time="0"/>
  <testcase classname="RegressionTest12" name="test403" time="0.001"/>
  <testcase classname="RegressionTest12" name="test404" time="0"/>
  <testcase classname="RegressionTest12" name="test405" time="0"/>
  <testcase classname="RegressionTest12" name="test406" time="0"/>
  <testcase classname="RegressionTest12" name="test407" time="0"/>
  <testcase classname="RegressionTest12" name="test408" time="0"/>
  <testcase classname="RegressionTest12" name="test409" time="0"/>
  <testcase classname="RegressionTest12" name="test410" time="0"/>
  <testcase classname="RegressionTest12" name="test411" time="0.001"/>
  <testcase classname="RegressionTest12" name="test412" time="0"/>
  <testcase classname="RegressionTest12" name="test413" time="0"/>
  <testcase classname="RegressionTest12" name="test414" time="0"/>
  <testcase classname="RegressionTest12" name="test415" time="0"/>
  <testcase classname="RegressionTest12" name="test416" time="0"/>
  <testcase classname="RegressionTest12" name="test417" time="0"/>
  <testcase classname="RegressionTest12" name="test418" time="0"/>
  <testcase classname="RegressionTest12" name="test419" time="0"/>
  <testcase classname="RegressionTest12" name="test420" time="0"/>
  <testcase classname="RegressionTest12" name="test421" time="0.001"/>
  <testcase classname="RegressionTest12" name="test422" time="0"/>
  <testcase classname="RegressionTest12" name="test423" time="0"/>
  <testcase classname="RegressionTest12" name="test424" time="0"/>
  <testcase classname="RegressionTest12" name="test425" time="0"/>
  <testcase classname="RegressionTest12" name="test426" time="0"/>
  <testcase classname="RegressionTest12" name="test427" time="0"/>
  <testcase classname="RegressionTest12" name="test428" time="0"/>
  <testcase classname="RegressionTest12" name="test429" time="0"/>
  <testcase classname="RegressionTest12" name="test430" time="0"/>
  <testcase classname="RegressionTest12" name="test431" time="0"/>
  <testcase classname="RegressionTest12" name="test432" time="0"/>
  <testcase classname="RegressionTest12" name="test433" time="0"/>
  <testcase classname="RegressionTest12" name="test434" time="0"/>
  <testcase classname="RegressionTest12" name="test435" time="0"/>
  <testcase classname="RegressionTest12" name="test436" time="0"/>
  <testcase classname="RegressionTest12" name="test437" time="0"/>
  <testcase classname="RegressionTest12" name="test438" time="0"/>
  <testcase classname="RegressionTest12" name="test439" time="0"/>
  <testcase classname="RegressionTest12" name="test440" time="0"/>
  <testcase classname="RegressionTest12" name="test441" time="0"/>
  <testcase classname="RegressionTest12" name="test442" time="0.001"/>
  <testcase classname="RegressionTest12" name="test443" time="0"/>
  <testcase classname="RegressionTest12" name="test444" time="0"/>
  <testcase classname="RegressionTest12" name="test445" time="0"/>
  <testcase classname="RegressionTest12" name="test446" time="0"/>
  <testcase classname="RegressionTest12" name="test447" time="0"/>
  <testcase classname="RegressionTest12" name="test448" time="0"/>
  <testcase classname="RegressionTest12" name="test449" time="0"/>
  <testcase classname="RegressionTest12" name="test450" time="0"/>
  <testcase classname="RegressionTest12" name="test451" time="0.001"/>
  <testcase classname="RegressionTest12" name="test452" time="0"/>
  <testcase classname="RegressionTest12" name="test453" time="0"/>
  <testcase classname="RegressionTest12" name="test454" time="0"/>
  <testcase classname="RegressionTest12" name="test455" time="0"/>
  <testcase classname="RegressionTest12" name="test456" time="0"/>
  <testcase classname="RegressionTest12" name="test457" time="0"/>
  <testcase classname="RegressionTest12" name="test458" time="0"/>
  <testcase classname="RegressionTest12" name="test459" time="0"/>
  <testcase classname="RegressionTest12" name="test460" time="0"/>
  <testcase classname="RegressionTest12" name="test461" time="0"/>
  <testcase classname="RegressionTest12" name="test462" time="0"/>
  <testcase classname="RegressionTest12" name="test463" time="0.001"/>
  <testcase classname="RegressionTest12" name="test464" time="0"/>
  <testcase classname="RegressionTest12" name="test465" time="0"/>
  <testcase classname="RegressionTest12" name="test466" time="0"/>
  <testcase classname="RegressionTest12" name="test467" time="0"/>
  <testcase classname="RegressionTest12" name="test468" time="0"/>
  <testcase classname="RegressionTest12" name="test469" time="0"/>
  <testcase classname="RegressionTest12" name="test470" time="0"/>
  <testcase classname="RegressionTest12" name="test471" time="0"/>
  <testcase classname="RegressionTest12" name="test472" time="0"/>
  <testcase classname="RegressionTest12" name="test473" time="0"/>
  <testcase classname="RegressionTest12" name="test474" time="0"/>
  <testcase classname="RegressionTest12" name="test475" time="0"/>
  <testcase classname="RegressionTest12" name="test476" time="0"/>
  <testcase classname="RegressionTest12" name="test477" time="0"/>
  <testcase classname="RegressionTest12" name="test478" time="0.001"/>
  <testcase classname="RegressionTest12" name="test479" time="0"/>
  <testcase classname="RegressionTest12" name="test480" time="0"/>
  <testcase classname="RegressionTest12" name="test481" time="0"/>
  <testcase classname="RegressionTest12" name="test482" time="0"/>
  <testcase classname="RegressionTest12" name="test483" time="0"/>
  <testcase classname="RegressionTest12" name="test484" time="0"/>
  <testcase classname="RegressionTest12" name="test485" time="0"/>
  <testcase classname="RegressionTest12" name="test486" time="0"/>
  <testcase classname="RegressionTest12" name="test487" time="0"/>
  <testcase classname="RegressionTest12" name="test488" time="0"/>
  <testcase classname="RegressionTest12" name="test489" time="0"/>
  <testcase classname="RegressionTest12" name="test490" time="0"/>
  <testcase classname="RegressionTest12" name="test491" time="0"/>
  <testcase classname="RegressionTest12" name="test492" time="0"/>
  <testcase classname="RegressionTest12" name="test493" time="0.001"/>
  <testcase classname="RegressionTest12" name="test494" time="0"/>
  <testcase classname="RegressionTest12" name="test495" time="0"/>
  <testcase classname="RegressionTest12" name="test496" time="0"/>
  <testcase classname="RegressionTest12" name="test497" time="0"/>
  <testcase classname="RegressionTest12" name="test498" time="0"/>
  <testcase classname="RegressionTest12" name="test499" time="0"/>
  <testcase classname="RegressionTest12" name="test500" time="0"/>
  <testcase classname="RegressionTest13" name="test001" time="0"/>
  <testcase classname="RegressionTest13" name="test002" time="0"/>
  <testcase classname="RegressionTest13" name="test003" time="0"/>
  <testcase classname="RegressionTest13" name="test004" time="0"/>
  <testcase classname="RegressionTest13" name="test005" time="0"/>
  <testcase classname="RegressionTest13" name="test006" time="0"/>
  <testcase classname="RegressionTest13" name="test007" time="0"/>
  <testcase classname="RegressionTest13" name="test008" time="0"/>
  <testcase classname="RegressionTest13" name="test009" time="0"/>
  <testcase classname="RegressionTest13" name="test010" time="0.001"/>
  <testcase classname="RegressionTest13" name="test011" time="0"/>
  <testcase classname="RegressionTest13" name="test012" time="0"/>
  <testcase classname="RegressionTest13" name="test013" time="0"/>
  <testcase classname="RegressionTest13" name="test014" time="0"/>
  <testcase classname="RegressionTest13" name="test015" time="0"/>
  <testcase classname="RegressionTest13" name="test016" time="0"/>
  <testcase classname="RegressionTest13" name="test017" time="0"/>
  <testcase classname="RegressionTest13" name="test018" time="0"/>
  <testcase classname="RegressionTest13" name="test019" time="0"/>
  <testcase classname="RegressionTest13" name="test020" time="0"/>
  <testcase classname="RegressionTest13" name="test021" time="0"/>
  <testcase classname="RegressionTest13" name="test022" time="0"/>
  <testcase classname="RegressionTest13" name="test023" time="0"/>
  <testcase classname="RegressionTest13" name="test024" time="0.001"/>
  <testcase classname="RegressionTest13" name="test025" time="0"/>
  <testcase classname="RegressionTest13" name="test026" time="0"/>
  <testcase classname="RegressionTest13" name="test027" time="0"/>
  <testcase classname="RegressionTest13" name="test028" time="0"/>
  <testcase classname="RegressionTest13" name="test029" time="0"/>
  <testcase classname="RegressionTest13" name="test030" time="0"/>
  <testcase classname="RegressionTest13" name="test031" time="0"/>
  <testcase classname="RegressionTest13" name="test032" time="0"/>
  <testcase classname="RegressionTest13" name="test033" time="0"/>
  <testcase classname="RegressionTest13" name="test034" time="0"/>
  <testcase classname="RegressionTest13" name="test035" time="0"/>
  <testcase classname="RegressionTest13" name="test036" time="0"/>
  <testcase classname="RegressionTest13" name="test037" time="0"/>
  <testcase classname="RegressionTest13" name="test038" time="0"/>
  <testcase classname="RegressionTest13" name="test039" time="0.001"/>
  <testcase classname="RegressionTest13" name="test040" time="0"/>
  <testcase classname="RegressionTest13" name="test041" time="0"/>
  <testcase classname="RegressionTest13" name="test042" time="0"/>
  <testcase classname="RegressionTest13" name="test043" time="0"/>
  <testcase classname="RegressionTest13" name="test044" time="0"/>
  <testcase classname="RegressionTest13" name="test045" time="0"/>
  <testcase classname="RegressionTest13" name="test046" time="0"/>
  <testcase classname="RegressionTest13" name="test047" time="0"/>
  <testcase classname="RegressionTest13" name="test048" time="0.001"/>
  <testcase classname="RegressionTest13" name="test049" time="0"/>
  <testcase classname="RegressionTest13" name="test050" time="0"/>
  <testcase classname="RegressionTest13" name="test051" time="0"/>
  <testcase classname="RegressionTest13" name="test052" time="0"/>
  <testcase classname="RegressionTest13" name="test053" time="0"/>
  <testcase classname="RegressionTest13" name="test054" time="0"/>
  <testcase classname="RegressionTest13" name="test055" time="0"/>
  <testcase classname="RegressionTest13" name="test056" time="0"/>
  <testcase classname="RegressionTest13" name="test057" time="0"/>
  <testcase classname="RegressionTest13" name="test058" time="0"/>
  <testcase classname="RegressionTest13" name="test059" time="0"/>
  <testcase classname="RegressionTest13" name="test060" time="0"/>
  <testcase classname="RegressionTest13" name="test061" time="0"/>
  <testcase classname="RegressionTest13" name="test062" time="0"/>
  <testcase classname="RegressionTest13" name="test063" time="0"/>
  <testcase classname="RegressionTest13" name="test064" time="0"/>
  <testcase classname="RegressionTest13" name="test065" time="0.001"/>
  <testcase classname="RegressionTest13" name="test066" time="0"/>
  <testcase classname="RegressionTest13" name="test067" time="0"/>
  <testcase classname="RegressionTest13" name="test068" time="0"/>
  <testcase classname="RegressionTest13" name="test069" time="0"/>
  <testcase classname="RegressionTest13" name="test070" time="0"/>
  <testcase classname="RegressionTest13" name="test071" time="0"/>
  <testcase classname="RegressionTest13" name="test072" time="0"/>
  <testcase classname="RegressionTest13" name="test073" time="0"/>
  <testcase classname="RegressionTest13" name="test074" time="0"/>
  <testcase classname="RegressionTest13" name="test075" time="0"/>
  <testcase classname="RegressionTest13" name="test076" time="0"/>
  <testcase classname="RegressionTest13" name="test077" time="0"/>
  <testcase classname="RegressionTest13" name="test078" time="0"/>
  <testcase classname="RegressionTest13" name="test079" time="0.001"/>
  <testcase classname="RegressionTest13" name="test080" time="0"/>
  <testcase classname="RegressionTest13" name="test081" time="0"/>
  <testcase classname="RegressionTest13" name="test082" time="0"/>
  <testcase classname="RegressionTest13" name="test083" time="0"/>
  <testcase classname="RegressionTest13" name="test084" time="0"/>
  <testcase classname="RegressionTest13" name="test085" time="0"/>
  <testcase classname="RegressionTest13" name="test086" time="0"/>
  <testcase classname="RegressionTest13" name="test087" time="0"/>
  <testcase classname="RegressionTest13" name="test088" time="0"/>
  <testcase classname="RegressionTest13" name="test089" time="0"/>
  <testcase classname="RegressionTest13" name="test090" time="0"/>
  <testcase classname="RegressionTest13" name="test091" time="0"/>
  <testcase classname="RegressionTest13" name="test092" time="0"/>
  <testcase classname="RegressionTest13" name="test093" time="0"/>
  <testcase classname="RegressionTest13" name="test094" time="0"/>
  <testcase classname="RegressionTest13" name="test095" time="0"/>
  <testcase classname="RegressionTest13" name="test096" time="0"/>
  <testcase classname="RegressionTest13" name="test097" time="0"/>
  <testcase classname="RegressionTest13" name="test098" time="0"/>
  <testcase classname="RegressionTest13" name="test099" time="0"/>
  <testcase classname="RegressionTest13" name="test100" time="0"/>
  <testcase classname="RegressionTest13" name="test101" time="0"/>
  <testcase classname="RegressionTest13" name="test102" time="0"/>
  <testcase classname="RegressionTest13" name="test103" time="0"/>
  <testcase classname="RegressionTest13" name="test104" time="0"/>
  <testcase classname="RegressionTest13" name="test105" time="0.001"/>
  <testcase classname="RegressionTest13" name="test106" time="0"/>
  <testcase classname="RegressionTest13" name="test107" time="0"/>
  <testcase classname="RegressionTest13" name="test108" time="0"/>
  <testcase classname="RegressionTest13" name="test109" time="0"/>
  <testcase classname="RegressionTest13" name="test110" time="0"/>
  <testcase classname="RegressionTest13" name="test111" time="0"/>
  <testcase classname="RegressionTest13" name="test112" time="0"/>
  <testcase classname="RegressionTest13" name="test113" time="0"/>
  <testcase classname="RegressionTest13" name="test114" time="0"/>
  <testcase classname="RegressionTest13" name="test115" time="0"/>
  <testcase classname="RegressionTest13" name="test116" time="0.001"/>
  <testcase classname="RegressionTest13" name="test117" time="0"/>
  <testcase classname="RegressionTest13" name="test118" time="0"/>
  <testcase classname="RegressionTest13" name="test119" time="0"/>
  <testcase classname="RegressionTest13" name="test120" time="0"/>
  <testcase classname="RegressionTest13" name="test121" time="0"/>
  <testcase classname="RegressionTest13" name="test122" time="0"/>
  <testcase classname="RegressionTest13" name="test123" time="0"/>
  <testcase classname="RegressionTest13" name="test124" time="0"/>
  <testcase classname="RegressionTest13" name="test125" time="0"/>
  <testcase classname="RegressionTest13" name="test126" time="0"/>
  <testcase classname="RegressionTest13" name="test127" time="0"/>
  <testcase classname="RegressionTest13" name="test128" time="0"/>
  <testcase classname="RegressionTest13" name="test129" time="0"/>
  <testcase classname="RegressionTest13" name="test130" time="0"/>
  <testcase classname="RegressionTest13" name="test131" time="0"/>
  <testcase classname="RegressionTest13" name="test132" time="0"/>
  <testcase classname="RegressionTest13" name="test133" time="0"/>
  <testcase classname="RegressionTest13" name="test134" time="0.001"/>
  <testcase classname="RegressionTest13" name="test135" time="0"/>
  <testcase classname="RegressionTest13" name="test136" time="0"/>
  <testcase classname="RegressionTest13" name="test137" time="0"/>
  <testcase classname="RegressionTest13" name="test138" time="0"/>
  <testcase classname="RegressionTest13" name="test139" time="0"/>
  <testcase classname="RegressionTest13" name="test140" time="0"/>
  <testcase classname="RegressionTest13" name="test141" time="0"/>
  <testcase classname="RegressionTest13" name="test142" time="0.001"/>
  <testcase classname="RegressionTest13" name="test143" time="0"/>
  <testcase classname="RegressionTest13" name="test144" time="0"/>
  <testcase classname="RegressionTest13" name="test145" time="0"/>
  <testcase classname="RegressionTest13" name="test146" time="0"/>
  <testcase classname="RegressionTest13" name="test147" time="0"/>
  <testcase classname="RegressionTest13" name="test148" time="0"/>
  <testcase classname="RegressionTest13" name="test149" time="0.001"/>
  <testcase classname="RegressionTest13" name="test150" time="0"/>
  <testcase classname="RegressionTest13" name="test151" time="0"/>
  <testcase classname="RegressionTest13" name="test152" time="0"/>
  <testcase classname="RegressionTest13" name="test153" time="0"/>
  <testcase classname="RegressionTest13" name="test154" time="0"/>
  <testcase classname="RegressionTest13" name="test155" time="0"/>
  <testcase classname="RegressionTest13" name="test156" time="0"/>
  <testcase classname="RegressionTest13" name="test157" time="0.001"/>
  <testcase classname="RegressionTest13" name="test158" time="0"/>
  <testcase classname="RegressionTest13" name="test159" time="0"/>
  <testcase classname="RegressionTest13" name="test160" time="0"/>
  <testcase classname="RegressionTest13" name="test161" time="0"/>
  <testcase classname="RegressionTest13" name="test162" time="0"/>
  <testcase classname="RegressionTest13" name="test163" time="0"/>
  <testcase classname="RegressionTest13" name="test164" time="0"/>
  <testcase classname="RegressionTest13" name="test165" time="0"/>
  <testcase classname="RegressionTest13" name="test166" time="0"/>
  <testcase classname="RegressionTest13" name="test167" time="0"/>
  <testcase classname="RegressionTest13" name="test168" time="0.001"/>
  <testcase classname="RegressionTest13" name="test169" time="0"/>
  <testcase classname="RegressionTest13" name="test170" time="0"/>
  <testcase classname="RegressionTest13" name="test171" time="0"/>
  <testcase classname="RegressionTest13" name="test172" time="0"/>
  <testcase classname="RegressionTest13" name="test173" time="0"/>
  <testcase classname="RegressionTest13" name="test174" time="0"/>
  <testcase classname="RegressionTest13" name="test175" time="0"/>
  <testcase classname="RegressionTest13" name="test176" time="0"/>
  <testcase classname="RegressionTest13" name="test177" time="0"/>
  <testcase classname="RegressionTest13" name="test178" time="0.001"/>
  <testcase classname="RegressionTest13" name="test179" time="0"/>
  <testcase classname="RegressionTest13" name="test180" time="0"/>
  <testcase classname="RegressionTest13" name="test181" time="0"/>
  <testcase classname="RegressionTest13" name="test182" time="0"/>
  <testcase classname="RegressionTest13" name="test183" time="0"/>
  <testcase classname="RegressionTest13" name="test184" time="0"/>
  <testcase classname="RegressionTest13" name="test185" time="0"/>
  <testcase classname="RegressionTest13" name="test186" time="0"/>
  <testcase classname="RegressionTest13" name="test187" time="0.001"/>
  <testcase classname="RegressionTest13" name="test188" time="0"/>
  <testcase classname="RegressionTest13" name="test189" time="0"/>
  <testcase classname="RegressionTest13" name="test190" time="0"/>
  <testcase classname="RegressionTest13" name="test191" time="0.001"/>
  <testcase classname="RegressionTest13" name="test192" time="0.001"/>
  <testcase classname="RegressionTest13" name="test193" time="0"/>
  <testcase classname="RegressionTest13" name="test194" time="0.001"/>
  <testcase classname="RegressionTest13" name="test195" time="0"/>
  <testcase classname="RegressionTest13" name="test196" time="0"/>
  <testcase classname="RegressionTest13" name="test197" time="0"/>
  <testcase classname="RegressionTest13" name="test198" time="0"/>
  <testcase classname="RegressionTest13" name="test199" time="0"/>
  <testcase classname="RegressionTest13" name="test200" time="0"/>
  <testcase classname="RegressionTest13" name="test201" time="0.001"/>
  <testcase classname="RegressionTest13" name="test202" time="0"/>
  <testcase classname="RegressionTest13" name="test203" time="0"/>
  <testcase classname="RegressionTest13" name="test204" time="0"/>
  <testcase classname="RegressionTest13" name="test205" time="0"/>
  <testcase classname="RegressionTest13" name="test206" time="0"/>
  <testcase classname="RegressionTest13" name="test207" time="0"/>
  <testcase classname="RegressionTest13" name="test208" time="0"/>
  <testcase classname="RegressionTest13" name="test209" time="0"/>
  <testcase classname="RegressionTest13" name="test210" time="0"/>
  <testcase classname="RegressionTest13" name="test211" time="0"/>
  <testcase classname="RegressionTest13" name="test212" time="0"/>
  <testcase classname="RegressionTest13" name="test213" time="0"/>
  <testcase classname="RegressionTest13" name="test214" time="0"/>
  <testcase classname="RegressionTest13" name="test215" time="0"/>
  <testcase classname="RegressionTest13" name="test216" time="0"/>
  <testcase classname="RegressionTest13" name="test217" time="0"/>
  <testcase classname="RegressionTest13" name="test218" time="0"/>
  <testcase classname="RegressionTest13" name="test219" time="0"/>
  <testcase classname="RegressionTest13" name="test220" time="0"/>
  <testcase classname="RegressionTest13" name="test221" time="0"/>
  <testcase classname="RegressionTest13" name="test222" time="0"/>
  <testcase classname="RegressionTest13" name="test223" time="0"/>
  <testcase classname="RegressionTest13" name="test224" time="0"/>
  <testcase classname="RegressionTest13" name="test225" time="0.001"/>
  <testcase classname="RegressionTest13" name="test226" time="0"/>
  <testcase classname="RegressionTest13" name="test227" time="0"/>
  <testcase classname="RegressionTest13" name="test228" time="0"/>
  <testcase classname="RegressionTest13" name="test229" time="0"/>
  <testcase classname="RegressionTest13" name="test230" time="0"/>
  <testcase classname="RegressionTest13" name="test231" time="0"/>
  <testcase classname="RegressionTest13" name="test232" time="0"/>
  <testcase classname="RegressionTest13" name="test233" time="0"/>
  <testcase classname="RegressionTest13" name="test234" time="0"/>
  <testcase classname="RegressionTest13" name="test235" time="0"/>
  <testcase classname="RegressionTest13" name="test236" time="0"/>
  <testcase classname="RegressionTest13" name="test237" time="0"/>
  <testcase classname="RegressionTest13" name="test238" time="0"/>
  <testcase classname="RegressionTest13" name="test239" time="0"/>
  <testcase classname="RegressionTest13" name="test240" time="0"/>
  <testcase classname="RegressionTest13" name="test241" time="0"/>
  <testcase classname="RegressionTest13" name="test242" time="0"/>
  <testcase classname="RegressionTest13" name="test243" time="0"/>
  <testcase classname="RegressionTest13" name="test244" time="0"/>
  <testcase classname="RegressionTest13" name="test245" time="0"/>
  <testcase classname="RegressionTest13" name="test246" time="0"/>
  <testcase classname="RegressionTest13" name="test247" time="0"/>
  <testcase classname="RegressionTest13" name="test248" time="0"/>
  <testcase classname="RegressionTest13" name="test249" time="0"/>
  <testcase classname="RegressionTest13" name="test250" time="0"/>
  <testcase classname="RegressionTest13" name="test251" time="0"/>
  <testcase classname="RegressionTest13" name="test252" time="0.001"/>
  <testcase classname="RegressionTest13" name="test253" time="0"/>
  <testcase classname="RegressionTest13" name="test254" time="0"/>
  <testcase classname="RegressionTest13" name="test255" time="0"/>
  <testcase classname="RegressionTest13" name="test256" time="0"/>
  <testcase classname="RegressionTest13" name="test257" time="0"/>
  <testcase classname="RegressionTest13" name="test258" time="0"/>
  <testcase classname="RegressionTest13" name="test259" time="0"/>
  <testcase classname="RegressionTest13" name="test260" time="0"/>
  <testcase classname="RegressionTest13" name="test261" time="0"/>
  <testcase classname="RegressionTest13" name="test262" time="0"/>
  <testcase classname="RegressionTest13" name="test263" time="0.001"/>
  <testcase classname="RegressionTest13" name="test264" time="0"/>
  <testcase classname="RegressionTest13" name="test265" time="0"/>
  <testcase classname="RegressionTest13" name="test266" time="0"/>
  <testcase classname="RegressionTest13" name="test267" time="0"/>
  <testcase classname="RegressionTest13" name="test268" time="0"/>
  <testcase classname="RegressionTest13" name="test269" time="0"/>
  <testcase classname="RegressionTest13" name="test270" time="0"/>
  <testcase classname="RegressionTest13" name="test271" time="0"/>
  <testcase classname="RegressionTest13" name="test272" time="0"/>
  <testcase classname="RegressionTest13" name="test273" time="0.001"/>
  <testcase classname="RegressionTest13" name="test274" time="0"/>
  <testcase classname="RegressionTest13" name="test275" time="0"/>
  <testcase classname="RegressionTest13" name="test276" time="0"/>
  <testcase classname="RegressionTest13" name="test277" time="0"/>
  <testcase classname="RegressionTest13" name="test278" time="0"/>
  <testcase classname="RegressionTest13" name="test279" time="0"/>
  <testcase classname="RegressionTest13" name="test280" time="0"/>
  <testcase classname="RegressionTest13" name="test281" time="0"/>
  <testcase classname="RegressionTest13" name="test282" time="0.001"/>
  <testcase classname="RegressionTest13" name="test283" time="0"/>
  <testcase classname="RegressionTest13" name="test284" time="0"/>
  <testcase classname="RegressionTest13" name="test285" time="0"/>
  <testcase classname="RegressionTest13" name="test286" time="0"/>
  <testcase classname="RegressionTest13" name="test287" time="0"/>
  <testcase classname="RegressionTest13" name="test288" time="0"/>
  <testcase classname="RegressionTest13" name="test289" time="0"/>
  <testcase classname="RegressionTest13" name="test290" time="0"/>
  <testcase classname="RegressionTest13" name="test291" time="0"/>
  <testcase classname="RegressionTest13" name="test292" time="0"/>
  <testcase classname="RegressionTest13" name="test293" time="0"/>
  <testcase classname="RegressionTest13" name="test294" time="0.001"/>
  <testcase classname="RegressionTest13" name="test295" time="0"/>
  <testcase classname="RegressionTest13" name="test296" time="0"/>
  <testcase classname="RegressionTest13" name="test297" time="0"/>
  <testcase classname="RegressionTest13" name="test298" time="0"/>
  <testcase classname="RegressionTest13" name="test299" time="0"/>
  <testcase classname="RegressionTest13" name="test300" time="0"/>
  <testcase classname="RegressionTest13" name="test301" time="0"/>
  <testcase classname="RegressionTest13" name="test302" time="0"/>
  <testcase classname="RegressionTest13" name="test303" time="0"/>
  <testcase classname="RegressionTest13" name="test304" time="0"/>
  <testcase classname="RegressionTest13" name="test305" time="0.001"/>
  <testcase classname="RegressionTest13" name="test306" time="0"/>
  <testcase classname="RegressionTest13" name="test307" time="0"/>
  <testcase classname="RegressionTest13" name="test308" time="0"/>
  <testcase classname="RegressionTest13" name="test309" time="0"/>
  <testcase classname="RegressionTest13" name="test310" time="0"/>
  <testcase classname="RegressionTest13" name="test311" time="0"/>
  <testcase classname="RegressionTest13" name="test312" time="0"/>
  <testcase classname="RegressionTest13" name="test313" time="0"/>
  <testcase classname="RegressionTest13" name="test314" time="0"/>
  <testcase classname="RegressionTest13" name="test315" time="0"/>
  <testcase classname="RegressionTest13" name="test316" time="0"/>
  <testcase classname="RegressionTest13" name="test317" time="0.001"/>
  <testcase classname="RegressionTest13" name="test318" time="0"/>
  <testcase classname="RegressionTest13" name="test319" time="0"/>
  <testcase classname="RegressionTest13" name="test320" time="0"/>
  <testcase classname="RegressionTest13" name="test321" time="0"/>
  <testcase classname="RegressionTest13" name="test322" time="0"/>
  <testcase classname="RegressionTest13" name="test323" time="0"/>
  <testcase classname="RegressionTest13" name="test324" time="0"/>
  <testcase classname="RegressionTest13" name="test325" time="0"/>
  <testcase classname="RegressionTest13" name="test326" time="0"/>
  <testcase classname="RegressionTest13" name="test327" time="0"/>
  <testcase classname="RegressionTest13" name="test328" time="0.001"/>
  <testcase classname="RegressionTest13" name="test329" time="0"/>
  <testcase classname="RegressionTest13" name="test330" time="0"/>
  <testcase classname="RegressionTest13" name="test331" time="0"/>
  <testcase classname="RegressionTest13" name="test332" time="0"/>
  <testcase classname="RegressionTest13" name="test333" time="0"/>
  <testcase classname="RegressionTest13" name="test334" time="0"/>
  <testcase classname="RegressionTest13" name="test335" time="0"/>
  <testcase classname="RegressionTest13" name="test336" time="0"/>
  <testcase classname="RegressionTest13" name="test337" time="0"/>
  <testcase classname="RegressionTest13" name="test338" time="0"/>
  <testcase classname="RegressionTest13" name="test339" time="0.001"/>
  <testcase classname="RegressionTest13" name="test340" time="0"/>
  <testcase classname="RegressionTest13" name="test341" time="0"/>
  <testcase classname="RegressionTest13" name="test342" time="0"/>
  <testcase classname="RegressionTest13" name="test343" time="0"/>
  <testcase classname="RegressionTest13" name="test344" time="0"/>
  <testcase classname="RegressionTest13" name="test345" time="0"/>
  <testcase classname="RegressionTest13" name="test346" time="0"/>
  <testcase classname="RegressionTest13" name="test347" time="0"/>
  <testcase classname="RegressionTest13" name="test348" time="0"/>
  <testcase classname="RegressionTest13" name="test349" time="0.001"/>
  <testcase classname="RegressionTest13" name="test350" time="0"/>
  <testcase classname="RegressionTest13" name="test351" time="0"/>
  <testcase classname="RegressionTest13" name="test352" time="0"/>
  <testcase classname="RegressionTest13" name="test353" time="0"/>
  <testcase classname="RegressionTest13" name="test354" time="0"/>
  <testcase classname="RegressionTest13" name="test355" time="0"/>
  <testcase classname="RegressionTest13" name="test356" time="0"/>
  <testcase classname="RegressionTest13" name="test357" time="0"/>
  <testcase classname="RegressionTest13" name="test358" time="0"/>
  <testcase classname="RegressionTest13" name="test359" time="0"/>
  <testcase classname="RegressionTest13" name="test360" time="0"/>
  <testcase classname="RegressionTest13" name="test361" time="0.001"/>
  <testcase classname="RegressionTest13" name="test362" time="0"/>
  <testcase classname="RegressionTest13" name="test363" time="0"/>
  <testcase classname="RegressionTest13" name="test364" time="0"/>
  <testcase classname="RegressionTest13" name="test365" time="0"/>
  <testcase classname="RegressionTest13" name="test366" time="0"/>
  <testcase classname="RegressionTest13" name="test367" time="0"/>
  <testcase classname="RegressionTest13" name="test368" time="0"/>
  <testcase classname="RegressionTest13" name="test369" time="0"/>
  <testcase classname="RegressionTest13" name="test370" time="0"/>
  <testcase classname="RegressionTest13" name="test371" time="0"/>
  <testcase classname="RegressionTest13" name="test372" time="0"/>
  <testcase classname="RegressionTest13" name="test373" time="0"/>
  <testcase classname="RegressionTest13" name="test374" time="0"/>
  <testcase classname="RegressionTest13" name="test375" time="0"/>
  <testcase classname="RegressionTest13" name="test376" time="0"/>
  <testcase classname="RegressionTest13" name="test377" time="0"/>
  <testcase classname="RegressionTest13" name="test378" time="0"/>
  <testcase classname="RegressionTest13" name="test379" time="0"/>
  <testcase classname="RegressionTest13" name="test380" time="0"/>
  <testcase classname="RegressionTest13" name="test381" time="0"/>
  <testcase classname="RegressionTest13" name="test382" time="0"/>
  <testcase classname="RegressionTest13" name="test383" time="0"/>
  <testcase classname="RegressionTest13" name="test384" time="0.001"/>
  <testcase classname="RegressionTest13" name="test385" time="0"/>
  <testcase classname="RegressionTest13" name="test386" time="0"/>
  <testcase classname="RegressionTest13" name="test387" time="0"/>
  <testcase classname="RegressionTest13" name="test388" time="0"/>
  <testcase classname="RegressionTest13" name="test389" time="0"/>
  <testcase classname="RegressionTest13" name="test390" time="0"/>
  <testcase classname="RegressionTest13" name="test391" time="0"/>
  <testcase classname="RegressionTest13" name="test392" time="0"/>
  <testcase classname="RegressionTest13" name="test393" time="0"/>
  <testcase classname="RegressionTest13" name="test394" time="0"/>
  <testcase classname="RegressionTest13" name="test395" time="0"/>
  <testcase classname="RegressionTest13" name="test396" time="0"/>
  <testcase classname="RegressionTest13" name="test397" time="0"/>
  <testcase classname="RegressionTest13" name="test398" time="0"/>
  <testcase classname="RegressionTest13" name="test399" time="0"/>
  <testcase classname="RegressionTest13" name="test400" time="0.001"/>
  <testcase classname="RegressionTest13" name="test401" time="0"/>
  <testcase classname="RegressionTest13" name="test402" time="0"/>
  <testcase classname="RegressionTest13" name="test403" time="0"/>
  <testcase classname="RegressionTest13" name="test404" time="0"/>
  <testcase classname="RegressionTest13" name="test405" time="0"/>
  <testcase classname="RegressionTest13" name="test406" time="0"/>
  <testcase classname="RegressionTest13" name="test407" time="0"/>
  <testcase classname="RegressionTest13" name="test408" time="0"/>
  <testcase classname="RegressionTest13" name="test409" time="0"/>
  <testcase classname="RegressionTest13" name="test410" time="0"/>
  <testcase classname="RegressionTest13" name="test411" time="0.001"/>
  <testcase classname="RegressionTest13" name="test412" time="0"/>
  <testcase classname="RegressionTest13" name="test413" time="0"/>
  <testcase classname="RegressionTest13" name="test414" time="0"/>
  <testcase classname="RegressionTest13" name="test415" time="0"/>
  <testcase classname="RegressionTest13" name="test416" time="0"/>
  <testcase classname="RegressionTest13" name="test417" time="0"/>
  <testcase classname="RegressionTest13" name="test418" time="0"/>
  <testcase classname="RegressionTest13" name="test419" time="0.001"/>
  <testcase classname="RegressionTest13" name="test420" time="0"/>
  <testcase classname="RegressionTest13" name="test421" time="0"/>
  <testcase classname="RegressionTest13" name="test422" time="0"/>
  <testcase classname="RegressionTest13" name="test423" time="0"/>
  <testcase classname="RegressionTest13" name="test424" time="0"/>
  <testcase classname="RegressionTest13" name="test425" time="0"/>
  <testcase classname="RegressionTest13" name="test426" time="0"/>
  <testcase classname="RegressionTest13" name="test427" time="0"/>
  <testcase classname="RegressionTest13" name="test428" time="0"/>
  <testcase classname="RegressionTest13" name="test429" time="0"/>
  <testcase classname="RegressionTest13" name="test430" time="0.001"/>
  <testcase classname="RegressionTest13" name="test431" time="0"/>
  <testcase classname="RegressionTest13" name="test432" time="0"/>
  <testcase classname="RegressionTest13" name="test433" time="0"/>
  <testcase classname="RegressionTest13" name="test434" time="0"/>
  <testcase classname="RegressionTest13" name="test435" time="0"/>
  <testcase classname="RegressionTest13" name="test436" time="0"/>
  <testcase classname="RegressionTest13" name="test437" time="0"/>
  <testcase classname="RegressionTest13" name="test438" time="0"/>
  <testcase classname="RegressionTest13" name="test439" time="0.001"/>
  <testcase classname="RegressionTest13" name="test440" time="0"/>
  <testcase classname="RegressionTest13" name="test441" time="0"/>
  <testcase classname="RegressionTest13" name="test442" time="0"/>
  <testcase classname="RegressionTest13" name="test443" time="0"/>
  <testcase classname="RegressionTest13" name="test444" time="0"/>
  <testcase classname="RegressionTest13" name="test445" time="0"/>
  <testcase classname="RegressionTest13" name="test446" time="0"/>
  <testcase classname="RegressionTest13" name="test447" time="0"/>
  <testcase classname="RegressionTest13" name="test448" time="0"/>
  <testcase classname="RegressionTest13" name="test449" time="0.001"/>
  <testcase classname="RegressionTest13" name="test450" time="0"/>
  <testcase classname="RegressionTest13" name="test451" time="0"/>
  <testcase classname="RegressionTest13" name="test452" time="0"/>
  <testcase classname="RegressionTest13" name="test453" time="0"/>
  <testcase classname="RegressionTest13" name="test454" time="0"/>
  <testcase classname="RegressionTest13" name="test455" time="0"/>
  <testcase classname="RegressionTest13" name="test456" time="0"/>
  <testcase classname="RegressionTest13" name="test457" time="0"/>
  <testcase classname="RegressionTest13" name="test458" time="0"/>
  <testcase classname="RegressionTest13" name="test459" time="0"/>
  <testcase classname="RegressionTest13" name="test460" time="0"/>
  <testcase classname="RegressionTest13" name="test461" time="0"/>
  <testcase classname="RegressionTest13" name="test462" time="0"/>
  <testcase classname="RegressionTest13" name="test463" time="0.001"/>
  <testcase classname="RegressionTest13" name="test464" time="0"/>
  <testcase classname="RegressionTest13" name="test465" time="0"/>
  <testcase classname="RegressionTest13" name="test466" time="0"/>
  <testcase classname="RegressionTest13" name="test467" time="0"/>
  <testcase classname="RegressionTest13" name="test468" time="0"/>
  <testcase classname="RegressionTest13" name="test469" time="0"/>
  <testcase classname="RegressionTest13" name="test470" time="0"/>
  <testcase classname="RegressionTest13" name="test471" time="0"/>
  <testcase classname="RegressionTest13" name="test472" time="0"/>
  <testcase classname="RegressionTest13" name="test473" time="0.001"/>
  <testcase classname="RegressionTest13" name="test474" time="0"/>
  <testcase classname="RegressionTest13" name="test475" time="0"/>
  <testcase classname="RegressionTest13" name="test476" time="0"/>
  <testcase classname="RegressionTest13" name="test477" time="0"/>
  <testcase classname="RegressionTest13" name="test478" time="0"/>
  <testcase classname="RegressionTest13" name="test479" time="0"/>
  <testcase classname="RegressionTest13" name="test480" time="0"/>
  <testcase classname="RegressionTest13" name="test481" time="0"/>
  <testcase classname="RegressionTest13" name="test482" time="0"/>
  <testcase classname="RegressionTest13" name="test483" time="0"/>
  <testcase classname="RegressionTest13" name="test484" time="0"/>
  <testcase classname="RegressionTest13" name="test485" time="0"/>
  <testcase classname="RegressionTest13" name="test486" time="0"/>
  <testcase classname="RegressionTest13" name="test487" time="0.001"/>
  <testcase classname="RegressionTest13" name="test488" time="0"/>
  <testcase classname="RegressionTest13" name="test489" time="0"/>
  <testcase classname="RegressionTest13" name="test490" time="0"/>
  <testcase classname="RegressionTest13" name="test491" time="0"/>
  <testcase classname="RegressionTest13" name="test492" time="0"/>
  <testcase classname="RegressionTest13" name="test493" time="0"/>
  <testcase classname="RegressionTest13" name="test494" time="0"/>
  <testcase classname="RegressionTest13" name="test495" time="0.001"/>
  <testcase classname="RegressionTest13" name="test496" time="0"/>
  <testcase classname="RegressionTest13" name="test497" time="0"/>
  <testcase classname="RegressionTest13" name="test498" time="0"/>
  <testcase classname="RegressionTest13" name="test499" time="0"/>
  <testcase classname="RegressionTest13" name="test500" time="0"/>
  <testcase classname="RegressionTest14" name="test001" time="0"/>
  <testcase classname="RegressionTest14" name="test002" time="0"/>
  <testcase classname="RegressionTest14" name="test003" time="0.001"/>
  <testcase classname="RegressionTest14" name="test004" time="0"/>
  <testcase classname="RegressionTest14" name="test005" time="0"/>
  <testcase classname="RegressionTest14" name="test006" time="0"/>
  <testcase classname="RegressionTest14" name="test007" time="0"/>
  <testcase classname="RegressionTest14" name="test008" time="0"/>
  <testcase classname="RegressionTest14" name="test009" time="0"/>
  <testcase classname="RegressionTest14" name="test010" time="0"/>
  <testcase classname="RegressionTest14" name="test011" time="0"/>
  <testcase classname="RegressionTest14" name="test012" time="0.001"/>
  <testcase classname="RegressionTest14" name="test013" time="0"/>
  <testcase classname="RegressionTest14" name="test014" time="0"/>
  <testcase classname="RegressionTest14" name="test015" time="0"/>
  <testcase classname="RegressionTest14" name="test016" time="0"/>
  <testcase classname="RegressionTest14" name="test017" time="0"/>
  <testcase classname="RegressionTest14" name="test018" time="0"/>
  <testcase classname="RegressionTest14" name="test019" time="0"/>
  <testcase classname="RegressionTest14" name="test020" time="0"/>
  <testcase classname="RegressionTest14" name="test021" time="0.001"/>
  <testcase classname="RegressionTest14" name="test022" time="0"/>
  <testcase classname="RegressionTest14" name="test023" time="0"/>
  <testcase classname="RegressionTest14" name="test024" time="0"/>
  <testcase classname="RegressionTest14" name="test025" time="0"/>
  <testcase classname="RegressionTest14" name="test026" time="0"/>
  <testcase classname="RegressionTest14" name="test027" time="0"/>
  <testcase classname="RegressionTest14" name="test028" time="0"/>
  <testcase classname="RegressionTest14" name="test029" time="0"/>
  <testcase classname="RegressionTest14" name="test030" time="0"/>
  <testcase classname="RegressionTest14" name="test031" time="0.001"/>
  <testcase classname="RegressionTest14" name="test032" time="0"/>
  <testcase classname="RegressionTest14" name="test033" time="0"/>
  <testcase classname="RegressionTest14" name="test034" time="0"/>
  <testcase classname="RegressionTest14" name="test035" time="0"/>
  <testcase classname="RegressionTest14" name="test036" time="0"/>
  <testcase classname="RegressionTest14" name="test037" time="0"/>
  <testcase classname="RegressionTest14" name="test038" time="0"/>
  <testcase classname="RegressionTest14" name="test039" time="0"/>
  <testcase classname="RegressionTest14" name="test040" time="0"/>
  <testcase classname="RegressionTest14" name="test041" time="0"/>
  <testcase classname="RegressionTest14" name="test042" time="0"/>
  <testcase classname="RegressionTest14" name="test043" time="0"/>
  <testcase classname="RegressionTest14" name="test044" time="0.001"/>
  <testcase classname="RegressionTest14" name="test045" time="0"/>
  <testcase classname="RegressionTest14" name="test046" time="0"/>
  <testcase classname="RegressionTest14" name="test047" time="0"/>
  <testcase classname="RegressionTest14" name="test048" time="0"/>
  <testcase classname="RegressionTest14" name="test049" time="0"/>
  <testcase classname="RegressionTest14" name="test050" time="0"/>
  <testcase classname="RegressionTest14" name="test051" time="0"/>
  <testcase classname="RegressionTest14" name="test052" time="0"/>
  <testcase classname="RegressionTest14" name="test053" time="0"/>
  <testcase classname="RegressionTest14" name="test054" time="0.001"/>
  <testcase classname="RegressionTest14" name="test055" time="0"/>
  <testcase classname="RegressionTest14" name="test056" time="0"/>
  <testcase classname="RegressionTest14" name="test057" time="0"/>
  <testcase classname="RegressionTest14" name="test058" time="0"/>
  <testcase classname="RegressionTest14" name="test059" time="0"/>
  <testcase classname="RegressionTest14" name="test060" time="0"/>
  <testcase classname="RegressionTest14" name="test061" time="0"/>
  <testcase classname="RegressionTest14" name="test062" time="0"/>
  <testcase classname="RegressionTest14" name="test063" time="0"/>
  <testcase classname="RegressionTest14" name="test064" time="0"/>
  <testcase classname="RegressionTest14" name="test065" time="0.001"/>
  <testcase classname="RegressionTest14" name="test066" time="0"/>
  <testcase classname="RegressionTest14" name="test067" time="0"/>
  <testcase classname="RegressionTest14" name="test068" time="0"/>
  <testcase classname="RegressionTest14" name="test069" time="0"/>
  <testcase classname="RegressionTest14" name="test070" time="0"/>
  <testcase classname="RegressionTest14" name="test071" time="0"/>
  <testcase classname="RegressionTest14" name="test072" time="0.001"/>
  <testcase classname="RegressionTest14" name="test073" time="0"/>
  <testcase classname="RegressionTest14" name="test074" time="0"/>
  <testcase classname="RegressionTest14" name="test075" time="0"/>
  <testcase classname="RegressionTest14" name="test076" time="0.001"/>
  <testcase classname="RegressionTest14" name="test077" time="0"/>
  <testcase classname="RegressionTest14" name="test078" time="0"/>
  <testcase classname="RegressionTest14" name="test079" time="0"/>
  <testcase classname="RegressionTest14" name="test080" time="0"/>
  <testcase classname="RegressionTest14" name="test081" time="0"/>
  <testcase classname="RegressionTest14" name="test082" time="0.001"/>
  <testcase classname="RegressionTest14" name="test083" time="0"/>
  <testcase classname="RegressionTest14" name="test084" time="0"/>
  <testcase classname="RegressionTest14" name="test085" time="0"/>
  <testcase classname="RegressionTest14" name="test086" time="0"/>
  <testcase classname="RegressionTest14" name="test087" time="0"/>
  <testcase classname="RegressionTest14" name="test088" time="0.001"/>
  <testcase classname="RegressionTest14" name="test089" time="0"/>
  <testcase classname="RegressionTest14" name="test090" time="0"/>
  <testcase classname="RegressionTest14" name="test091" time="0"/>
  <testcase classname="RegressionTest14" name="test092" time="0"/>
  <testcase classname="RegressionTest14" name="test093" time="0"/>
  <testcase classname="RegressionTest14" name="test094" time="0.001"/>
  <testcase classname="RegressionTest14" name="test095" time="0"/>
  <testcase classname="RegressionTest14" name="test096" time="0"/>
  <testcase classname="RegressionTest14" name="test097" time="0"/>
  <testcase classname="RegressionTest14" name="test098" time="0"/>
  <testcase classname="RegressionTest14" name="test099" time="0"/>
  <testcase classname="RegressionTest14" name="test100" time="0.001"/>
  <testcase classname="RegressionTest14" name="test101" time="0"/>
  <testcase classname="RegressionTest14" name="test102" time="0"/>
  <testcase classname="RegressionTest14" name="test103" time="0.001"/>
  <testcase classname="RegressionTest14" name="test104" time="0"/>
  <testcase classname="RegressionTest14" name="test105" time="0.001"/>
  <testcase classname="RegressionTest14" name="test106" time="0"/>
  <testcase classname="RegressionTest14" name="test107" time="0"/>
  <testcase classname="RegressionTest14" name="test108" time="0"/>
  <testcase classname="RegressionTest14" name="test109" time="0"/>
  <testcase classname="RegressionTest14" name="test110" time="0"/>
  <testcase classname="RegressionTest14" name="test111" time="0"/>
  <testcase classname="RegressionTest14" name="test112" time="0"/>
  <testcase classname="RegressionTest14" name="test113" time="0"/>
  <testcase classname="RegressionTest14" name="test114" time="0"/>
  <testcase classname="RegressionTest14" name="test115" time="0.001"/>
  <testcase classname="RegressionTest14" name="test116" time="0"/>
  <testcase classname="RegressionTest14" name="test117" time="0"/>
  <testcase classname="RegressionTest14" name="test118" time="0"/>
  <testcase classname="RegressionTest14" name="test119" time="0"/>
  <testcase classname="RegressionTest14" name="test120" time="0"/>
  <testcase classname="RegressionTest14" name="test121" time="0"/>
  <testcase classname="RegressionTest14" name="test122" time="0"/>
  <testcase classname="RegressionTest14" name="test123" time="0"/>
  <testcase classname="RegressionTest14" name="test124" time="0"/>
  <testcase classname="RegressionTest14" name="test125" time="0"/>
  <testcase classname="RegressionTest14" name="test126" time="0"/>
  <testcase classname="RegressionTest14" name="test127" time="0"/>
  <testcase classname="RegressionTest14" name="test128" time="0"/>
  <testcase classname="RegressionTest14" name="test129" time="0"/>
  <testcase classname="RegressionTest14" name="test130" time="0"/>
  <testcase classname="RegressionTest14" name="test131" time="0"/>
  <testcase classname="RegressionTest14" name="test132" time="0"/>
  <testcase classname="RegressionTest14" name="test133" time="0"/>
  <testcase classname="RegressionTest14" name="test134" time="0"/>
  <testcase classname="RegressionTest14" name="test135" time="0"/>
  <testcase classname="RegressionTest14" name="test136" time="0"/>
  <testcase classname="RegressionTest14" name="test137" time="0"/>
  <testcase classname="RegressionTest14" name="test138" time="0"/>
  <testcase classname="RegressionTest14" name="test139" time="0"/>
  <testcase classname="RegressionTest14" name="test140" time="0"/>
  <testcase classname="RegressionTest14" name="test141" time="0"/>
  <testcase classname="RegressionTest14" name="test142" time="0"/>
  <testcase classname="RegressionTest14" name="test143" time="0"/>
  <testcase classname="RegressionTest14" name="test144" time="0"/>
  <testcase classname="RegressionTest14" name="test145" time="0"/>
  <testcase classname="RegressionTest14" name="test146" time="0"/>
  <testcase classname="RegressionTest14" name="test147" time="0"/>
  <testcase classname="RegressionTest14" name="test148" time="0"/>
  <testcase classname="RegressionTest14" name="test149" time="0.001"/>
  <testcase classname="RegressionTest14" name="test150" time="0"/>
  <testcase classname="RegressionTest14" name="test151" time="0"/>
  <testcase classname="RegressionTest14" name="test152" time="0"/>
  <testcase classname="RegressionTest14" name="test153" time="0"/>
  <testcase classname="RegressionTest14" name="test154" time="0"/>
  <testcase classname="RegressionTest14" name="test155" time="0"/>
  <testcase classname="RegressionTest14" name="test156" time="0"/>
  <testcase classname="RegressionTest14" name="test157" time="0"/>
  <testcase classname="RegressionTest14" name="test158" time="0"/>
  <testcase classname="RegressionTest14" name="test159" time="0"/>
  <testcase classname="RegressionTest14" name="test160" time="0.001"/>
  <testcase classname="RegressionTest14" name="test161" time="0"/>
  <testcase classname="RegressionTest14" name="test162" time="0"/>
  <testcase classname="RegressionTest14" name="test163" time="0"/>
  <testcase classname="RegressionTest14" name="test164" time="0"/>
  <testcase classname="RegressionTest14" name="test165" time="0"/>
  <testcase classname="RegressionTest14" name="test166" time="0"/>
  <testcase classname="RegressionTest14" name="test167" time="0"/>
  <testcase classname="RegressionTest14" name="test168" time="0"/>
  <testcase classname="RegressionTest14" name="test169" time="0"/>
  <testcase classname="RegressionTest14" name="test170" time="0.001"/>
  <testcase classname="RegressionTest14" name="test171" time="0"/>
  <testcase classname="RegressionTest14" name="test172" time="0"/>
  <testcase classname="RegressionTest14" name="test173" time="0"/>
  <testcase classname="RegressionTest14" name="test174" time="0"/>
  <testcase classname="RegressionTest14" name="test175" time="0"/>
  <testcase classname="RegressionTest14" name="test176" time="0"/>
  <testcase classname="RegressionTest14" name="test177" time="0"/>
  <testcase classname="RegressionTest14" name="test178" time="0"/>
  <testcase classname="RegressionTest14" name="test179" time="0"/>
  <testcase classname="RegressionTest14" name="test180" time="0"/>
  <testcase classname="RegressionTest14" name="test181" time="0"/>
  <testcase classname="RegressionTest14" name="test182" time="0.001"/>
  <testcase classname="RegressionTest14" name="test183" time="0"/>
  <testcase classname="RegressionTest14" name="test184" time="0"/>
  <testcase classname="RegressionTest14" name="test185" time="0"/>
  <testcase classname="RegressionTest14" name="test186" time="0"/>
  <testcase classname="RegressionTest14" name="test187" time="0"/>
  <testcase classname="RegressionTest14" name="test188" time="0"/>
  <testcase classname="RegressionTest14" name="test189" time="0.001"/>
  <testcase classname="RegressionTest14" name="test190" time="0"/>
  <testcase classname="RegressionTest14" name="test191" time="0"/>
  <testcase classname="RegressionTest14" name="test192" time="0"/>
  <testcase classname="RegressionTest14" name="test193" time="0"/>
  <testcase classname="RegressionTest14" name="test194" time="0"/>
  <testcase classname="RegressionTest14" name="test195" time="0"/>
  <testcase classname="RegressionTest14" name="test196" time="0.001"/>
  <testcase classname="RegressionTest14" name="test197" time="0"/>
  <testcase classname="RegressionTest14" name="test198" time="0"/>
  <testcase classname="RegressionTest14" name="test199" time="0"/>
  <testcase classname="RegressionTest14" name="test200" time="0"/>
  <testcase classname="RegressionTest14" name="test201" time="0"/>
  <testcase classname="RegressionTest14" name="test202" time="0"/>
  <testcase classname="RegressionTest14" name="test203" time="0"/>
  <testcase classname="RegressionTest14" name="test204" time="0"/>
  <testcase classname="RegressionTest14" name="test205" time="0"/>
  <testcase classname="RegressionTest14" name="test206" time="0"/>
  <testcase classname="RegressionTest14" name="test207" time="0"/>
  <testcase classname="RegressionTest14" name="test208" time="0"/>
  <testcase classname="RegressionTest14" name="test209" time="0"/>
  <testcase classname="RegressionTest14" name="test210" time="0"/>
  <testcase classname="RegressionTest14" name="test211" time="0"/>
  <testcase classname="RegressionTest14" name="test212" time="0"/>
  <testcase classname="RegressionTest14" name="test213" time="0"/>
  <testcase classname="RegressionTest14" name="test214" time="0"/>
  <testcase classname="RegressionTest14" name="test215" time="0"/>
  <testcase classname="RegressionTest14" name="test216" time="0"/>
  <testcase classname="RegressionTest14" name="test217" time="0"/>
  <testcase classname="RegressionTest14" name="test218" time="0"/>
  <testcase classname="RegressionTest14" name="test219" time="0.001"/>
  <testcase classname="RegressionTest14" name="test220" time="0"/>
  <testcase classname="RegressionTest14" name="test221" time="0"/>
  <testcase classname="RegressionTest14" name="test222" time="0"/>
  <testcase classname="RegressionTest14" name="test223" time="0"/>
  <testcase classname="RegressionTest14" name="test224" time="0"/>
  <testcase classname="RegressionTest14" name="test225" time="0"/>
  <testcase classname="RegressionTest14" name="test226" time="0"/>
  <testcase classname="RegressionTest14" name="test227" time="0"/>
  <testcase classname="RegressionTest14" name="test228" time="0.001"/>
  <testcase classname="RegressionTest14" name="test229" time="0"/>
  <testcase classname="RegressionTest14" name="test230" time="0"/>
  <testcase classname="RegressionTest14" name="test231" time="0"/>
  <testcase classname="RegressionTest14" name="test232" time="0"/>
  <testcase classname="RegressionTest14" name="test233" time="0"/>
  <testcase classname="RegressionTest14" name="test234" time="0"/>
  <testcase classname="RegressionTest14" name="test235" time="0"/>
  <testcase classname="RegressionTest14" name="test236" time="0"/>
  <testcase classname="RegressionTest14" name="test237" time="0"/>
  <testcase classname="RegressionTest14" name="test238" time="0"/>
  <testcase classname="RegressionTest14" name="test239" time="0"/>
  <testcase classname="RegressionTest14" name="test240" time="0.001"/>
  <testcase classname="RegressionTest14" name="test241" time="0"/>
  <testcase classname="RegressionTest14" name="test242" time="0"/>
  <testcase classname="RegressionTest14" name="test243" time="0"/>
  <testcase classname="RegressionTest14" name="test244" time="0"/>
  <testcase classname="RegressionTest14" name="test245" time="0"/>
  <testcase classname="RegressionTest14" name="test246" time="0"/>
  <testcase classname="RegressionTest14" name="test247" time="0"/>
  <testcase classname="RegressionTest14" name="test248" time="0"/>
  <testcase classname="RegressionTest14" name="test249" time="0"/>
  <testcase classname="RegressionTest14" name="test250" time="0"/>
  <testcase classname="RegressionTest14" name="test251" time="0.001"/>
  <testcase classname="RegressionTest14" name="test252" time="0"/>
  <testcase classname="RegressionTest14" name="test253" time="0"/>
  <testcase classname="RegressionTest14" name="test254" time="0"/>
  <testcase classname="RegressionTest14" name="test255" time="0"/>
  <testcase classname="RegressionTest14" name="test256" time="0"/>
  <testcase classname="RegressionTest14" name="test257" time="0"/>
  <testcase classname="RegressionTest14" name="test258" time="0"/>
  <testcase classname="RegressionTest14" name="test259" time="0"/>
  <testcase classname="RegressionTest14" name="test260" time="0"/>
  <testcase classname="RegressionTest14" name="test261" time="0"/>
  <testcase classname="RegressionTest14" name="test262" time="0"/>
  <testcase classname="RegressionTest14" name="test263" time="0.001"/>
  <testcase classname="RegressionTest14" name="test264" time="0"/>
  <testcase classname="RegressionTest14" name="test265" time="0"/>
  <testcase classname="RegressionTest14" name="test266" time="0"/>
  <testcase classname="RegressionTest14" name="test267" time="0"/>
  <testcase classname="RegressionTest14" name="test268" time="0"/>
  <testcase classname="RegressionTest14" name="test269" time="0"/>
  <testcase classname="RegressionTest14" name="test270" time="0"/>
  <testcase classname="RegressionTest14" name="test271" time="0"/>
  <testcase classname="RegressionTest14" name="test272" time="0"/>
  <testcase classname="RegressionTest14" name="test273" time="0"/>
  <testcase classname="RegressionTest14" name="test274" time="0"/>
  <testcase classname="RegressionTest14" name="test275" time="0"/>
  <testcase classname="RegressionTest14" name="test276" time="0"/>
  <testcase classname="RegressionTest14" name="test277" time="0"/>
  <testcase classname="RegressionTest14" name="test278" time="0"/>
  <testcase classname="RegressionTest14" name="test279" time="0"/>
  <testcase classname="RegressionTest14" name="test280" time="0"/>
  <testcase classname="RegressionTest14" name="test281" time="0"/>
  <testcase classname="RegressionTest14" name="test282" time="0"/>
  <testcase classname="RegressionTest14" name="test283" time="0"/>
  <testcase classname="RegressionTest14" name="test284" time="0.001"/>
  <testcase classname="RegressionTest14" name="test285" time="0"/>
  <testcase classname="RegressionTest14" name="test286" time="0"/>
  <testcase classname="RegressionTest14" name="test287" time="0"/>
  <testcase classname="RegressionTest14" name="test288" time="0"/>
  <testcase classname="RegressionTest14" name="test289" time="0"/>
  <testcase classname="RegressionTest14" name="test290" time="0"/>
  <testcase classname="RegressionTest14" name="test291" time="0"/>
  <testcase classname="RegressionTest14" name="test292" time="0"/>
  <testcase classname="RegressionTest14" name="test293" time="0"/>
  <testcase classname="RegressionTest14" name="test294" time="0"/>
  <testcase classname="RegressionTest14" name="test295" time="0"/>
  <testcase classname="RegressionTest14" name="test296" time="0"/>
  <testcase classname="RegressionTest14" name="test297" time="0"/>
  <testcase classname="RegressionTest14" name="test298" time="0.001"/>
  <testcase classname="RegressionTest14" name="test299" time="0"/>
  <testcase classname="RegressionTest14" name="test300" time="0"/>
  <testcase classname="RegressionTest14" name="test301" time="0"/>
  <testcase classname="RegressionTest14" name="test302" time="0"/>
  <testcase classname="RegressionTest14" name="test303" time="0"/>
  <testcase classname="RegressionTest14" name="test304" time="0"/>
  <testcase classname="RegressionTest14" name="test305" time="0"/>
  <testcase classname="RegressionTest14" name="test306" time="0"/>
  <testcase classname="RegressionTest14" name="test307" time="0"/>
  <testcase classname="RegressionTest14" name="test308" time="0"/>
  <testcase classname="RegressionTest14" name="test309" time="0"/>
  <testcase classname="RegressionTest14" name="test310" time="0"/>
  <testcase classname="RegressionTest14" name="test311" time="0"/>
  <testcase classname="RegressionTest14" name="test312" time="0"/>
  <testcase classname="RegressionTest14" name="test313" time="0"/>
  <testcase classname="RegressionTest14" name="test314" time="0"/>
  <testcase classname="RegressionTest14" name="test315" time="0"/>
  <testcase classname="RegressionTest14" name="test316" time="0"/>
  <testcase classname="RegressionTest14" name="test317" time="0"/>
  <testcase classname="RegressionTest14" name="test318" time="0"/>
  <testcase classname="RegressionTest14" name="test319" time="0"/>
  <testcase classname="RegressionTest14" name="test320" time="0"/>
  <testcase classname="RegressionTest14" name="test321" time="0"/>
  <testcase classname="RegressionTest14" name="test322" time="0.001"/>
  <testcase classname="RegressionTest14" name="test323" time="0"/>
  <testcase classname="RegressionTest14" name="test324" time="0"/>
  <testcase classname="RegressionTest14" name="test325" time="0"/>
  <testcase classname="RegressionTest14" name="test326" time="0"/>
  <testcase classname="RegressionTest14" name="test327" time="0"/>
  <testcase classname="RegressionTest14" name="test328" time="0"/>
  <testcase classname="RegressionTest14" name="test329" time="0"/>
  <testcase classname="RegressionTest14" name="test330" time="0"/>
  <testcase classname="RegressionTest14" name="test331" time="0"/>
  <testcase classname="RegressionTest14" name="test332" time="0.001"/>
  <testcase classname="RegressionTest14" name="test333" time="0"/>
  <testcase classname="RegressionTest14" name="test334" time="0"/>
  <testcase classname="RegressionTest14" name="test335" time="0"/>
  <testcase classname="RegressionTest14" name="test336" time="0"/>
  <testcase classname="RegressionTest14" name="test337" time="0"/>
  <testcase classname="RegressionTest14" name="test338" time="0"/>
  <testcase classname="RegressionTest14" name="test339" time="0"/>
  <testcase classname="RegressionTest14" name="test340" time="0"/>
  <testcase classname="RegressionTest14" name="test341" time="0"/>
  <testcase classname="RegressionTest14" name="test342" time="0"/>
  <testcase classname="RegressionTest14" name="test343" time="0"/>
  <testcase classname="RegressionTest14" name="test344" time="0"/>
  <testcase classname="RegressionTest14" name="test345" time="0"/>
  <testcase classname="RegressionTest14" name="test346" time="0"/>
  <testcase classname="RegressionTest14" name="test347" time="0"/>
  <testcase classname="RegressionTest14" name="test348" time="0"/>
  <testcase classname="RegressionTest14" name="test349" time="0"/>
  <testcase classname="RegressionTest14" name="test350" time="0"/>
  <testcase classname="RegressionTest14" name="test351" time="0"/>
  <testcase classname="RegressionTest14" name="test352" time="0"/>
  <testcase classname="RegressionTest14" name="test353" time="0"/>
  <testcase classname="RegressionTest14" name="test354" time="0.001"/>
  <testcase classname="RegressionTest14" name="test355" time="0"/>
  <testcase classname="RegressionTest14" name="test356" time="0"/>
  <testcase classname="RegressionTest14" name="test357" time="0"/>
  <testcase classname="RegressionTest14" name="test358" time="0"/>
  <testcase classname="RegressionTest14" name="test359" time="0"/>
  <testcase classname="RegressionTest14" name="test360" time="0"/>
  <testcase classname="RegressionTest14" name="test361" time="0"/>
  <testcase classname="RegressionTest14" name="test362" time="0"/>
  <testcase classname="RegressionTest14" name="test363" time="0"/>
  <testcase classname="RegressionTest14" name="test364" time="0"/>
  <testcase classname="RegressionTest14" name="test365" time="0"/>
  <testcase classname="RegressionTest14" name="test366" time="0"/>
  <testcase classname="RegressionTest14" name="test367" time="0.001"/>
  <testcase classname="RegressionTest14" name="test368" time="0"/>
  <testcase classname="RegressionTest14" name="test369" time="0"/>
  <testcase classname="RegressionTest14" name="test370" time="0"/>
  <testcase classname="RegressionTest14" name="test371" time="0"/>
  <testcase classname="RegressionTest14" name="test372" time="0"/>
  <testcase classname="RegressionTest14" name="test373" time="0"/>
  <testcase classname="RegressionTest14" name="test374" time="0"/>
  <testcase classname="RegressionTest14" name="test375" time="0"/>
  <testcase classname="RegressionTest14" name="test376" time="0"/>
  <testcase classname="RegressionTest14" name="test377" time="0"/>
  <testcase classname="RegressionTest14" name="test378" time="0.001"/>
  <testcase classname="RegressionTest14" name="test379" time="0"/>
  <testcase classname="RegressionTest14" name="test380" time="0"/>
  <testcase classname="RegressionTest14" name="test381" time="0"/>
  <testcase classname="RegressionTest14" name="test382" time="0"/>
  <testcase classname="RegressionTest14" name="test383" time="0"/>
  <testcase classname="RegressionTest14" name="test384" time="0"/>
  <testcase classname="RegressionTest14" name="test385" time="0"/>
  <testcase classname="RegressionTest14" name="test386" time="0"/>
  <testcase classname="RegressionTest14" name="test387" time="0"/>
  <testcase classname="RegressionTest14" name="test388" time="0"/>
  <testcase classname="RegressionTest14" name="test389" time="0"/>
  <testcase classname="RegressionTest14" name="test390" time="0"/>
  <testcase classname="RegressionTest14" name="test391" time="0"/>
  <testcase classname="RegressionTest14" name="test392" time="0"/>
  <testcase classname="RegressionTest14" name="test393" time="0"/>
  <testcase classname="RegressionTest14" name="test394" time="0"/>
  <testcase classname="RegressionTest14" name="test395" time="0"/>
  <testcase classname="RegressionTest14" name="test396" time="0"/>
  <testcase classname="RegressionTest14" name="test397" time="0"/>
  <testcase classname="RegressionTest14" name="test398" time="0"/>
  <testcase classname="RegressionTest14" name="test399" time="0.001"/>
  <testcase classname="RegressionTest14" name="test400" time="0"/>
  <testcase classname="RegressionTest14" name="test401" time="0"/>
  <testcase classname="RegressionTest14" name="test402" time="0"/>
  <testcase classname="RegressionTest14" name="test403" time="0"/>
  <testcase classname="RegressionTest14" name="test404" time="0"/>
  <testcase classname="RegressionTest14" name="test405" time="0"/>
  <testcase classname="RegressionTest14" name="test406" time="0"/>
  <testcase classname="RegressionTest14" name="test407" time="0"/>
  <testcase classname="RegressionTest14" name="test408" time="0"/>
  <testcase classname="RegressionTest14" name="test409" time="0.001"/>
  <testcase classname="RegressionTest14" name="test410" time="0"/>
  <testcase classname="RegressionTest14" name="test411" time="0"/>
  <testcase classname="RegressionTest14" name="test412" time="0"/>
  <testcase classname="RegressionTest14" name="test413" time="0"/>
  <testcase classname="RegressionTest14" name="test414" time="0"/>
  <testcase classname="RegressionTest14" name="test415" time="0"/>
  <testcase classname="RegressionTest14" name="test416" time="0"/>
  <testcase classname="RegressionTest14" name="test417" time="0"/>
  <testcase classname="RegressionTest14" name="test418" time="0"/>
  <testcase classname="RegressionTest14" name="test419" time="0"/>
  <testcase classname="RegressionTest14" name="test420" time="0"/>
  <testcase classname="RegressionTest14" name="test421" time="0"/>
  <testcase classname="RegressionTest14" name="test422" time="0"/>
  <testcase classname="RegressionTest14" name="test423" time="0.001"/>
  <testcase classname="RegressionTest14" name="test424" time="0"/>
  <testcase classname="RegressionTest14" name="test425" time="0"/>
  <testcase classname="RegressionTest14" name="test426" time="0"/>
  <testcase classname="RegressionTest14" name="test427" time="0"/>
  <testcase classname="RegressionTest14" name="test428" time="0"/>
  <testcase classname="RegressionTest14" name="test429" time="0"/>
  <testcase classname="RegressionTest14" name="test430" time="0"/>
  <testcase classname="RegressionTest14" name="test431" time="0"/>
  <testcase classname="RegressionTest14" name="test432" time="0"/>
  <testcase classname="RegressionTest14" name="test433" time="0"/>
  <testcase classname="RegressionTest14" name="test434" time="0"/>
  <testcase classname="RegressionTest14" name="test435" time="0"/>
  <testcase classname="RegressionTest14" name="test436" time="0"/>
  <testcase classname="RegressionTest14" name="test437" time="0"/>
  <testcase classname="RegressionTest14" name="test438" time="0"/>
  <testcase classname="RegressionTest14" name="test439" time="0"/>
  <testcase classname="RegressionTest14" name="test440" time="0"/>
  <testcase classname="RegressionTest14" name="test441" time="0"/>
  <testcase classname="RegressionTest14" name="test442" time="0.001"/>
  <testcase classname="RegressionTest14" name="test443" time="0"/>
  <testcase classname="RegressionTest14" name="test444" time="0"/>
  <testcase classname="RegressionTest14" name="test445" time="0"/>
  <testcase classname="RegressionTest14" name="test446" time="0"/>
  <testcase classname="RegressionTest14" name="test447" time="0"/>
  <testcase classname="RegressionTest14" name="test448" time="0"/>
  <testcase classname="RegressionTest14" name="test449" time="0"/>
  <testcase classname="RegressionTest14" name="test450" time="0"/>
  <testcase classname="RegressionTest14" name="test451" time="0"/>
  <testcase classname="RegressionTest14" name="test452" time="0.001"/>
  <testcase classname="RegressionTest14" name="test453" time="0"/>
  <testcase classname="RegressionTest14" name="test454" time="0"/>
  <testcase classname="RegressionTest14" name="test455" time="0"/>
  <testcase classname="RegressionTest14" name="test456" time="0"/>
  <testcase classname="RegressionTest14" name="test457" time="0"/>
  <testcase classname="RegressionTest14" name="test458" time="0"/>
  <testcase classname="RegressionTest14" name="test459" time="0"/>
  <testcase classname="RegressionTest14" name="test460" time="0"/>
  <testcase classname="RegressionTest14" name="test461" time="0"/>
  <testcase classname="RegressionTest14" name="test462" time="0"/>
  <testcase classname="RegressionTest14" name="test463" time="0"/>
  <testcase classname="RegressionTest14" name="test464" time="0"/>
  <testcase classname="RegressionTest14" name="test465" time="0"/>
  <testcase classname="RegressionTest14" name="test466" time="0"/>
  <testcase classname="RegressionTest14" name="test467" time="0"/>
  <testcase classname="RegressionTest14" name="test468" time="0"/>
  <testcase classname="RegressionTest14" name="test469" time="0"/>
  <testcase classname="RegressionTest14" name="test470" time="0"/>
  <testcase classname="RegressionTest14" name="test471" time="0"/>
  <testcase classname="RegressionTest14" name="test472" time="0"/>
  <testcase classname="RegressionTest14" name="test473" time="0"/>
  <testcase classname="RegressionTest14" name="test474" time="0"/>
  <testcase classname="RegressionTest14" name="test475" time="0"/>
  <testcase classname="RegressionTest14" name="test476" time="0"/>
  <testcase classname="RegressionTest14" name="test477" time="0"/>
  <testcase classname="RegressionTest14" name="test478" time="0.001"/>
  <testcase classname="RegressionTest14" name="test479" time="0"/>
  <testcase classname="RegressionTest14" name="test480" time="0"/>
  <testcase classname="RegressionTest14" name="test481" time="0"/>
  <testcase classname="RegressionTest14" name="test482" time="0"/>
  <testcase classname="RegressionTest14" name="test483" time="0"/>
  <testcase classname="RegressionTest14" name="test484" time="0"/>
  <testcase classname="RegressionTest14" name="test485" time="0"/>
  <testcase classname="RegressionTest14" name="test486" time="0.001"/>
  <testcase classname="RegressionTest14" name="test487" time="0"/>
  <testcase classname="RegressionTest14" name="test488" time="0"/>
  <testcase classname="RegressionTest14" name="test489" time="0"/>
  <testcase classname="RegressionTest14" name="test490" time="0"/>
  <testcase classname="RegressionTest14" name="test491" time="0.001"/>
  <testcase classname="RegressionTest14" name="test492" time="0"/>
  <testcase classname="RegressionTest14" name="test493" time="0"/>
  <testcase classname="RegressionTest14" name="test494" time="0"/>
  <testcase classname="RegressionTest14" name="test495" time="0"/>
  <testcase classname="RegressionTest14" name="test496" time="0"/>
  <testcase classname="RegressionTest14" name="test497" time="0"/>
  <testcase classname="RegressionTest14" name="test498" time="0"/>
  <testcase classname="RegressionTest14" name="test499" time="0"/>
  <testcase classname="RegressionTest14" name="test500" time="0"/>
  <testcase classname="RegressionTest15" name="test001" time="0"/>
  <testcase classname="RegressionTest15" name="test002" time="0"/>
  <testcase classname="RegressionTest15" name="test003" time="0"/>
  <testcase classname="RegressionTest15" name="test004" time="0"/>
  <testcase classname="RegressionTest15" name="test005" time="0"/>
  <testcase classname="RegressionTest15" name="test006" time="0"/>
  <testcase classname="RegressionTest15" name="test007" time="0"/>
  <testcase classname="RegressionTest15" name="test008" time="0"/>
  <testcase classname="RegressionTest15" name="test009" time="0"/>
  <testcase classname="RegressionTest15" name="test010" time="0"/>
  <testcase classname="RegressionTest15" name="test011" time="0"/>
  <testcase classname="RegressionTest15" name="test012" time="0"/>
  <testcase classname="RegressionTest15" name="test013" time="0"/>
  <testcase classname="RegressionTest15" name="test014" time="0"/>
  <testcase classname="RegressionTest15" name="test015" time="0"/>
  <testcase classname="RegressionTest15" name="test016" time="0"/>
  <testcase classname="RegressionTest15" name="test017" time="0"/>
  <testcase classname="RegressionTest15" name="test018" time="0"/>
  <testcase classname="RegressionTest15" name="test019" time="0"/>
  <testcase classname="RegressionTest15" name="test020" time="0"/>
  <testcase classname="RegressionTest15" name="test021" time="0"/>
  <testcase classname="RegressionTest15" name="test022" time="0"/>
  <testcase classname="RegressionTest15" name="test023" time="0"/>
  <testcase classname="RegressionTest15" name="test024" time="0"/>
  <testcase classname="RegressionTest15" name="test025" time="0"/>
  <testcase classname="RegressionTest15" name="test026" time="0"/>
  <testcase classname="RegressionTest15" name="test027" time="0"/>
  <testcase classname="RegressionTest15" name="test028" time="0"/>
  <testcase classname="RegressionTest15" name="test029" time="0"/>
  <testcase classname="RegressionTest15" name="test030" time="0"/>
  <testcase classname="RegressionTest15" name="test031" time="0"/>
  <testcase classname="RegressionTest15" name="test032" time="0"/>
  <testcase classname="RegressionTest15" name="test033" time="0"/>
  <testcase classname="RegressionTest15" name="test034" time="0"/>
  <testcase classname="RegressionTest15" name="test035" time="0"/>
  <testcase classname="RegressionTest15" name="test036" time="0"/>
  <testcase classname="RegressionTest15" name="test037" time="0.001"/>
  <testcase classname="RegressionTest15" name="test038" time="0"/>
  <testcase classname="RegressionTest15" name="test039" time="0"/>
  <testcase classname="RegressionTest15" name="test040" time="0"/>
  <testcase classname="RegressionTest15" name="test041" time="0"/>
  <testcase classname="RegressionTest15" name="test042" time="0"/>
  <testcase classname="RegressionTest15" name="test043" time="0.001"/>
  <testcase classname="RegressionTest15" name="test044" time="0"/>
  <testcase classname="RegressionTest15" name="test045" time="0"/>
  <testcase classname="RegressionTest15" name="test046" time="0.001"/>
  <testcase classname="RegressionTest15" name="test047" time="0"/>
  <testcase classname="RegressionTest15" name="test048" time="0.001"/>
  <testcase classname="RegressionTest15" name="test049" time="0"/>
  <testcase classname="RegressionTest15" name="test050" time="0"/>
  <testcase classname="RegressionTest15" name="test051" time="0"/>
  <testcase classname="RegressionTest15" name="test052" time="0"/>
  <testcase classname="RegressionTest15" name="test053" time="0"/>
  <testcase classname="RegressionTest15" name="test054" time="0"/>
  <testcase classname="RegressionTest15" name="test055" time="0"/>
  <testcase classname="RegressionTest15" name="test056" time="0"/>
  <testcase classname="RegressionTest15" name="test057" time="0.001"/>
  <testcase classname="RegressionTest15" name="test058" time="0"/>
  <testcase classname="RegressionTest15" name="test059" time="0"/>
  <testcase classname="RegressionTest15" name="test060" time="0"/>
  <testcase classname="RegressionTest15" name="test061" time="0"/>
  <testcase classname="RegressionTest15" name="test062" time="0"/>
  <testcase classname="RegressionTest15" name="test063" time="0"/>
  <testcase classname="RegressionTest15" name="test064" time="0"/>
  <testcase classname="RegressionTest15" name="test065" time="0"/>
  <testcase classname="RegressionTest15" name="test066" time="0"/>
  <testcase classname="RegressionTest15" name="test067" time="0"/>
  <testcase classname="RegressionTest15" name="test068" time="0"/>
  <testcase classname="RegressionTest15" name="test069" time="0"/>
  <testcase classname="RegressionTest15" name="test070" time="0"/>
  <testcase classname="RegressionTest15" name="test071" time="0"/>
  <testcase classname="RegressionTest15" name="test072" time="0"/>
  <testcase classname="RegressionTest15" name="test073" time="0"/>
  <testcase classname="RegressionTest15" name="test074" time="0"/>
  <testcase classname="RegressionTest15" name="test075" time="0"/>
  <testcase classname="RegressionTest15" name="test076" time="0"/>
  <testcase classname="RegressionTest15" name="test077" time="0"/>
  <testcase classname="RegressionTest15" name="test078" time="0"/>
  <testcase classname="RegressionTest15" name="test079" time="0.001"/>
  <testcase classname="RegressionTest15" name="test080" time="0"/>
  <testcase classname="RegressionTest15" name="test081" time="0"/>
  <testcase classname="RegressionTest15" name="test082" time="0"/>
  <testcase classname="RegressionTest15" name="test083" time="0"/>
  <testcase classname="RegressionTest15" name="test084" time="0"/>
  <testcase classname="RegressionTest15" name="test085" time="0"/>
  <testcase classname="RegressionTest15" name="test086" time="0"/>
  <testcase classname="RegressionTest15" name="test087" time="0"/>
  <testcase classname="RegressionTest15" name="test088" time="0"/>
  <testcase classname="RegressionTest15" name="test089" time="0"/>
  <testcase classname="RegressionTest15" name="test090" time="0"/>
  <testcase classname="RegressionTest15" name="test091" time="0"/>
  <testcase classname="RegressionTest15" name="test092" time="0"/>
  <testcase classname="RegressionTest15" name="test093" time="0"/>
  <testcase classname="RegressionTest15" name="test094" time="0"/>
  <testcase classname="RegressionTest15" name="test095" time="0"/>
  <testcase classname="RegressionTest15" name="test096" time="0"/>
  <testcase classname="RegressionTest15" name="test097" time="0"/>
  <testcase classname="RegressionTest15" name="test098" time="0"/>
  <testcase classname="RegressionTest15" name="test099" time="0.001"/>
  <testcase classname="RegressionTest15" name="test100" time="0"/>
  <testcase classname="RegressionTest15" name="test101" time="0"/>
  <testcase classname="RegressionTest15" name="test102" time="0"/>
  <testcase classname="RegressionTest15" name="test103" time="0"/>
  <testcase classname="RegressionTest15" name="test104" time="0"/>
  <testcase classname="RegressionTest15" name="test105" time="0"/>
  <testcase classname="RegressionTest15" name="test106" time="0"/>
  <testcase classname="RegressionTest15" name="test107" time="0"/>
  <testcase classname="RegressionTest15" name="test108" time="0"/>
  <testcase classname="RegressionTest15" name="test109" time="0.001"/>
  <testcase classname="RegressionTest15" name="test110" time="0"/>
  <testcase classname="RegressionTest15" name="test111" time="0"/>
  <testcase classname="RegressionTest15" name="test112" time="0"/>
  <testcase classname="RegressionTest15" name="test113" time="0"/>
  <testcase classname="RegressionTest15" name="test114" time="0"/>
  <testcase classname="RegressionTest15" name="test115" time="0"/>
  <testcase classname="RegressionTest15" name="test116" time="0"/>
  <testcase classname="RegressionTest15" name="test117" time="0"/>
  <testcase classname="RegressionTest15" name="test118" time="0"/>
  <testcase classname="RegressionTest15" name="test119" time="0"/>
  <testcase classname="RegressionTest15" name="test120" time="0"/>
  <testcase classname="RegressionTest15" name="test121" time="0"/>
  <testcase classname="RegressionTest15" name="test122" time="0"/>
  <testcase classname="RegressionTest15" name="test123" time="0"/>
  <testcase classname="RegressionTest15" name="test124" time="0"/>
  <testcase classname="RegressionTest15" name="test125" time="0"/>
  <testcase classname="RegressionTest15" name="test126" time="0"/>
  <testcase classname="RegressionTest15" name="test127" time="0"/>
  <testcase classname="RegressionTest15" name="test128" time="0"/>
  <testcase classname="RegressionTest15" name="test129" time="0"/>
  <testcase classname="RegressionTest15" name="test130" time="0"/>
  <testcase classname="RegressionTest15" name="test131" time="0"/>
  <testcase classname="RegressionTest15" name="test132" time="0"/>
  <testcase classname="RegressionTest15" name="test133" time="0.001"/>
  <testcase classname="RegressionTest15" name="test134" time="0"/>
  <testcase classname="RegressionTest15" name="test135" time="0"/>
  <testcase classname="RegressionTest15" name="test136" time="0"/>
  <testcase classname="RegressionTest15" name="test137" time="0"/>
  <testcase classname="RegressionTest15" name="test138" time="0"/>
  <testcase classname="RegressionTest15" name="test139" time="0"/>
  <testcase classname="RegressionTest15" name="test140" time="0"/>
  <testcase classname="RegressionTest15" name="test141" time="0"/>
  <testcase classname="RegressionTest15" name="test142" time="0"/>
  <testcase classname="RegressionTest15" name="test143" time="0"/>
  <testcase classname="RegressionTest15" name="test144" time="0"/>
  <testcase classname="RegressionTest15" name="test145" time="0"/>
  <testcase classname="RegressionTest15" name="test146" time="0"/>
  <testcase classname="RegressionTest15" name="test147" time="0"/>
  <testcase classname="RegressionTest15" name="test148" time="0"/>
  <testcase classname="RegressionTest15" name="test149" time="0.001"/>
  <testcase classname="RegressionTest15" name="test150" time="0"/>
  <testcase classname="RegressionTest15" name="test151" time="0"/>
  <testcase classname="RegressionTest15" name="test152" time="0"/>
  <testcase classname="RegressionTest15" name="test153" time="0"/>
  <testcase classname="RegressionTest15" name="test154" time="0"/>
  <testcase classname="RegressionTest15" name="test155" time="0"/>
  <testcase classname="RegressionTest15" name="test156" time="0"/>
  <testcase classname="RegressionTest15" name="test157" time="0"/>
  <testcase classname="RegressionTest15" name="test158" time="0"/>
  <testcase classname="RegressionTest15" name="test159" time="0"/>
  <testcase classname="RegressionTest15" name="test160" time="0"/>
  <testcase classname="RegressionTest15" name="test161" time="0.001"/>
  <testcase classname="RegressionTest15" name="test162" time="0"/>
  <testcase classname="RegressionTest15" name="test163" time="0"/>
  <testcase classname="RegressionTest15" name="test164" time="0"/>
  <testcase classname="RegressionTest15" name="test165" time="0"/>
  <testcase classname="RegressionTest15" name="test166" time="0"/>
  <testcase classname="RegressionTest15" name="test167" time="0"/>
  <testcase classname="RegressionTest15" name="test168" time="0"/>
  <testcase classname="RegressionTest15" name="test169" time="0"/>
  <testcase classname="RegressionTest15" name="test170" time="0"/>
  <testcase classname="RegressionTest15" name="test171" time="0"/>
  <testcase classname="RegressionTest15" name="test172" time="0.001"/>
  <testcase classname="RegressionTest15" name="test173" time="0"/>
  <testcase classname="RegressionTest15" name="test174" time="0"/>
  <testcase classname="RegressionTest15" name="test175" time="0"/>
  <testcase classname="RegressionTest15" name="test176" time="0"/>
  <testcase classname="RegressionTest15" name="test177" time="0"/>
  <testcase classname="RegressionTest15" name="test178" time="0"/>
  <testcase classname="RegressionTest15" name="test179" time="0"/>
  <testcase classname="RegressionTest15" name="test180" time="0"/>
  <testcase classname="RegressionTest15" name="test181" time="0.001"/>
  <testcase classname="RegressionTest15" name="test182" time="0"/>
  <testcase classname="RegressionTest15" name="test183" time="0"/>
  <testcase classname="RegressionTest15" name="test184" time="0"/>
  <testcase classname="RegressionTest15" name="test185" time="0"/>
  <testcase classname="RegressionTest15" name="test186" time="0"/>
  <testcase classname="RegressionTest15" name="test187" time="0"/>
  <testcase classname="RegressionTest15" name="test188" time="0"/>
  <testcase classname="RegressionTest15" name="test189" time="0"/>
  <testcase classname="RegressionTest15" name="test190" time="0"/>
  <testcase classname="RegressionTest15" name="test191" time="0"/>
  <testcase classname="RegressionTest15" name="test192" time="0"/>
  <testcase classname="RegressionTest15" name="test193" time="0"/>
  <testcase classname="RegressionTest15" name="test194" time="0"/>
  <testcase classname="RegressionTest15" name="test195" time="0"/>
  <testcase classname="RegressionTest15" name="test196" time="0"/>
  <testcase classname="RegressionTest15" name="test197" time="0"/>
  <testcase classname="RegressionTest15" name="test198" time="0"/>
  <testcase classname="RegressionTest15" name="test199" time="0.001"/>
  <testcase classname="RegressionTest15" name="test200" time="0"/>
  <testcase classname="RegressionTest15" name="test201" time="0"/>
  <testcase classname="RegressionTest15" name="test202" time="0"/>
  <testcase classname="RegressionTest15" name="test203" time="0"/>
  <testcase classname="RegressionTest15" name="test204" time="0"/>
  <testcase classname="RegressionTest15" name="test205" time="0"/>
  <testcase classname="RegressionTest15" name="test206" time="0"/>
  <testcase classname="RegressionTest15" name="test207" time="0"/>
  <testcase classname="RegressionTest15" name="test208" time="0"/>
  <testcase classname="RegressionTest15" name="test209" time="0.001"/>
  <testcase classname="RegressionTest15" name="test210" time="0"/>
  <testcase classname="RegressionTest15" name="test211" time="0"/>
  <testcase classname="RegressionTest15" name="test212" time="0"/>
  <testcase classname="RegressionTest15" name="test213" time="0"/>
  <testcase classname="RegressionTest15" name="test214" time="0"/>
  <testcase classname="RegressionTest15" name="test215" time="0"/>
  <testcase classname="RegressionTest15" name="test216" time="0"/>
  <testcase classname="RegressionTest15" name="test217" time="0"/>
  <testcase classname="RegressionTest15" name="test218" time="0.001"/>
  <testcase classname="RegressionTest15" name="test219" time="0"/>
  <testcase classname="RegressionTest15" name="test220" time="0"/>
  <testcase classname="RegressionTest15" name="test221" time="0"/>
  <testcase classname="RegressionTest15" name="test222" time="0"/>
  <testcase classname="RegressionTest15" name="test223" time="0"/>
  <testcase classname="RegressionTest15" name="test224" time="0"/>
  <testcase classname="RegressionTest15" name="test225" time="0"/>
  <testcase classname="RegressionTest15" name="test226" time="0"/>
  <testcase classname="RegressionTest15" name="test227" time="0"/>
  <testcase classname="RegressionTest15" name="test228" time="0"/>
  <testcase classname="RegressionTest15" name="test229" time="0"/>
  <testcase classname="RegressionTest15" name="test230" time="0"/>
  <testcase classname="RegressionTest15" name="test231" time="0"/>
  <testcase classname="RegressionTest15" name="test232" time="0.001"/>
  <testcase classname="RegressionTest15" name="test233" time="0"/>
  <testcase classname="RegressionTest15" name="test234" time="0"/>
  <testcase classname="RegressionTest15" name="test235" time="0"/>
  <testcase classname="RegressionTest15" name="test236" time="0"/>
  <testcase classname="RegressionTest15" name="test237" time="0"/>
  <testcase classname="RegressionTest15" name="test238" time="0"/>
  <testcase classname="RegressionTest15" name="test239" time="0"/>
  <testcase classname="RegressionTest15" name="test240" time="0"/>
  <testcase classname="RegressionTest15" name="test241" time="0.001"/>
  <testcase classname="RegressionTest15" name="test242" time="0"/>
  <testcase classname="RegressionTest15" name="test243" time="0"/>
  <testcase classname="RegressionTest15" name="test244" time="0"/>
  <testcase classname="RegressionTest15" name="test245" time="0"/>
  <testcase classname="RegressionTest15" name="test246" time="0"/>
  <testcase classname="RegressionTest15" name="test247" time="0"/>
  <testcase classname="RegressionTest15" name="test248" time="0"/>
  <testcase classname="RegressionTest15" name="test249" time="0"/>
  <testcase classname="RegressionTest15" name="test250" time="0.001"/>
  <testcase classname="RegressionTest15" name="test251" time="0"/>
  <testcase classname="RegressionTest15" name="test252" time="0"/>
  <testcase classname="RegressionTest15" name="test253" time="0"/>
  <testcase classname="RegressionTest15" name="test254" time="0"/>
  <testcase classname="RegressionTest15" name="test255" time="0"/>
  <testcase classname="RegressionTest15" name="test256" time="0"/>
  <testcase classname="RegressionTest15" name="test257" time="0.001"/>
  <testcase classname="RegressionTest15" name="test258" time="0"/>
  <testcase classname="RegressionTest15" name="test259" time="0"/>
  <testcase classname="RegressionTest15" name="test260" time="0"/>
  <testcase classname="RegressionTest15" name="test261" time="0"/>
  <testcase classname="RegressionTest15" name="test262" time="0"/>
  <testcase classname="RegressionTest15" name="test263" time="0"/>
  <testcase classname="RegressionTest15" name="test264" time="0.001"/>
  <testcase classname="RegressionTest15" name="test265" time="0"/>
  <testcase classname="RegressionTest15" name="test266" time="0"/>
  <testcase classname="RegressionTest15" name="test267" time="0"/>
  <testcase classname="RegressionTest15" name="test268" time="0"/>
  <testcase classname="RegressionTest15" name="test269" time="0"/>
  <testcase classname="RegressionTest15" name="test270" time="0"/>
  <testcase classname="RegressionTest15" name="test271" time="0.001"/>
  <testcase classname="RegressionTest15" name="test272" time="0"/>
  <testcase classname="RegressionTest15" name="test273" time="0"/>
  <testcase classname="RegressionTest15" name="test274" time="0"/>
  <testcase classname="RegressionTest15" name="test275" time="0"/>
  <testcase classname="RegressionTest15" name="test276" time="0"/>
  <testcase classname="RegressionTest15" name="test277" time="0"/>
  <testcase classname="RegressionTest15" name="test278" time="0"/>
  <testcase classname="RegressionTest15" name="test279" time="0"/>
  <testcase classname="RegressionTest15" name="test280" time="0.001"/>
  <testcase classname="RegressionTest15" name="test281" time="0"/>
  <testcase classname="RegressionTest15" name="test282" time="0"/>
  <testcase classname="RegressionTest15" name="test283" time="0"/>
  <testcase classname="RegressionTest15" name="test284" time="0"/>
  <testcase classname="RegressionTest15" name="test285" time="0"/>
  <testcase classname="RegressionTest15" name="test286" time="0"/>
  <testcase classname="RegressionTest15" name="test287" time="0"/>
  <testcase classname="RegressionTest15" name="test288" time="0"/>
  <testcase classname="RegressionTest15" name="test289" time="0"/>
  <testcase classname="RegressionTest15" name="test290" time="0.001"/>
  <testcase classname="RegressionTest15" name="test291" time="0"/>
  <testcase classname="RegressionTest15" name="test292" time="0"/>
  <testcase classname="RegressionTest15" name="test293" time="0"/>
  <testcase classname="RegressionTest15" name="test294" time="0"/>
  <testcase classname="RegressionTest15" name="test295" time="0"/>
  <testcase classname="RegressionTest15" name="test296" time="0"/>
  <testcase classname="RegressionTest15" name="test297" time="0"/>
  <testcase classname="RegressionTest15" name="test298" time="0.001"/>
  <testcase classname="RegressionTest15" name="test299" time="0"/>
  <testcase classname="RegressionTest15" name="test300" time="0"/>
  <testcase classname="RegressionTest15" name="test301" time="0"/>
  <testcase classname="RegressionTest15" name="test302" time="0"/>
  <testcase classname="RegressionTest15" name="test303" time="0"/>
  <testcase classname="RegressionTest15" name="test304" time="0"/>
  <testcase classname="RegressionTest15" name="test305" time="0"/>
  <testcase classname="RegressionTest15" name="test306" time="0"/>
  <testcase classname="RegressionTest15" name="test307" time="0.001"/>
  <testcase classname="RegressionTest15" name="test308" time="0"/>
  <testcase classname="RegressionTest15" name="test309" time="0"/>
  <testcase classname="RegressionTest15" name="test310" time="0"/>
  <testcase classname="RegressionTest15" name="test311" time="0"/>
  <testcase classname="RegressionTest15" name="test312" time="0"/>
  <testcase classname="RegressionTest15" name="test313" time="0"/>
  <testcase classname="RegressionTest15" name="test314" time="0"/>
  <testcase classname="RegressionTest15" name="test315" time="0.001"/>
  <testcase classname="RegressionTest15" name="test316" time="0"/>
  <testcase classname="RegressionTest15" name="test317" time="0"/>
  <testcase classname="RegressionTest15" name="test318" time="0"/>
  <testcase classname="RegressionTest15" name="test319" time="0"/>
  <testcase classname="RegressionTest15" name="test320" time="0"/>
  <testcase classname="RegressionTest15" name="test321" time="0"/>
  <testcase classname="RegressionTest15" name="test322" time="0"/>
  <testcase classname="RegressionTest15" name="test323" time="0"/>
  <testcase classname="RegressionTest15" name="test324" time="0.001"/>
  <testcase classname="RegressionTest15" name="test325" time="0"/>
  <testcase classname="RegressionTest15" name="test326" time="0"/>
  <testcase classname="RegressionTest15" name="test327" time="0"/>
  <testcase classname="RegressionTest15" name="test328" time="0"/>
  <testcase classname="RegressionTest15" name="test329" time="0"/>
  <testcase classname="RegressionTest15" name="test330" time="0"/>
  <testcase classname="RegressionTest15" name="test331" time="0"/>
  <testcase classname="RegressionTest15" name="test332" time="0"/>
  <testcase classname="RegressionTest15" name="test333" time="0.001"/>
  <testcase classname="RegressionTest15" name="test334" time="0"/>
  <testcase classname="RegressionTest15" name="test335" time="0"/>
  <testcase classname="RegressionTest15" name="test336" time="0"/>
  <testcase classname="RegressionTest15" name="test337" time="0"/>
  <testcase classname="RegressionTest15" name="test338" time="0"/>
  <testcase classname="RegressionTest15" name="test339" time="0"/>
  <testcase classname="RegressionTest15" name="test340" time="0"/>
  <testcase classname="RegressionTest15" name="test341" time="0.001"/>
  <testcase classname="RegressionTest15" name="test342" time="0"/>
  <testcase classname="RegressionTest15" name="test343" time="0"/>
  <testcase classname="RegressionTest15" name="test344" time="0"/>
  <testcase classname="RegressionTest15" name="test345" time="0"/>
  <testcase classname="RegressionTest15" name="test346" time="0"/>
  <testcase classname="RegressionTest15" name="test347" time="0"/>
  <testcase classname="RegressionTest15" name="test348" time="0.001"/>
  <testcase classname="RegressionTest15" name="test349" time="0"/>
  <testcase classname="RegressionTest15" name="test350" time="0"/>
  <testcase classname="RegressionTest15" name="test351" time="0"/>
  <testcase classname="RegressionTest15" name="test352" time="0"/>
  <testcase classname="RegressionTest15" name="test353" time="0"/>
  <testcase classname="RegressionTest15" name="test354" time="0"/>
  <testcase classname="RegressionTest15" name="test355" time="0"/>
  <testcase classname="RegressionTest15" name="test356" time="0"/>
  <testcase classname="RegressionTest15" name="test357" time="0"/>
  <testcase classname="RegressionTest15" name="test358" time="0"/>
  <testcase classname="RegressionTest15" name="test359" time="0"/>
  <testcase classname="RegressionTest15" name="test360" time="0"/>
  <testcase classname="RegressionTest15" name="test361" time="0"/>
  <testcase classname="RegressionTest15" name="test362" time="0"/>
  <testcase classname="RegressionTest15" name="test363" time="0"/>
  <testcase classname="RegressionTest15" name="test364" time="0"/>
  <testcase classname="RegressionTest15" name="test365" time="0"/>
  <testcase classname="RegressionTest15" name="test366" time="0"/>
  <testcase classname="RegressionTest15" name="test367" time="0"/>
  <testcase classname="RegressionTest15" name="test368" time="0"/>
  <testcase classname="RegressionTest15" name="test369" time="0"/>
  <testcase classname="RegressionTest15" name="test370" time="0"/>
  <testcase classname="RegressionTest15" name="test371" time="0"/>
  <testcase classname="RegressionTest15" name="test372" time="0"/>
  <testcase classname="RegressionTest15" name="test373" time="0"/>
  <testcase classname="RegressionTest15" name="test374" time="0.001"/>
  <testcase classname="RegressionTest15" name="test375" time="0"/>
  <testcase classname="RegressionTest15" name="test376" time="0"/>
  <testcase classname="RegressionTest15" name="test377" time="0"/>
  <testcase classname="RegressionTest15" name="test378" time="0"/>
  <testcase classname="RegressionTest15" name="test379" time="0"/>
  <testcase classname="RegressionTest15" name="test380" time="0"/>
  <testcase classname="RegressionTest15" name="test381" time="0.001"/>
  <testcase classname="RegressionTest15" name="test382" time="0"/>
  <testcase classname="RegressionTest15" name="test383" time="0"/>
  <testcase classname="RegressionTest15" name="test384" time="0"/>
  <testcase classname="RegressionTest15" name="test385" time="0"/>
  <testcase classname="RegressionTest15" name="test386" time="0.001"/>
  <testcase classname="RegressionTest15" name="test387" time="0"/>
  <testcase classname="RegressionTest15" name="test388" time="0"/>
  <testcase classname="RegressionTest15" name="test389" time="0.001"/>
  <testcase classname="RegressionTest15" name="test390" time="0"/>
  <testcase classname="RegressionTest15" name="test391" time="0"/>
  <testcase classname="RegressionTest15" name="test392" time="0"/>
  <testcase classname="RegressionTest15" name="test393" time="0"/>
  <testcase classname="RegressionTest15" name="test394" time="0"/>
  <testcase classname="RegressionTest15" name="test395" time="0"/>
  <testcase classname="RegressionTest15" name="test396" time="0"/>
  <testcase classname="RegressionTest15" name="test397" time="0"/>
  <testcase classname="RegressionTest15" name="test398" time="0"/>
  <testcase classname="RegressionTest15" name="test399" time="0"/>
  <testcase classname="RegressionTest15" name="test400" time="0"/>
  <testcase classname="RegressionTest15" name="test401" time="0"/>
  <testcase classname="RegressionTest15" name="test402" time="0"/>
  <testcase classname="RegressionTest15" name="test403" time="0"/>
  <testcase classname="RegressionTest15" name="test404" time="0"/>
  <testcase classname="RegressionTest15" name="test405" time="0"/>
  <testcase classname="RegressionTest15" name="test406" time="0"/>
  <testcase classname="RegressionTest15" name="test407" time="0"/>
  <testcase classname="RegressionTest15" name="test408" time="0"/>
  <testcase classname="RegressionTest15" name="test409" time="0"/>
  <testcase classname="RegressionTest15" name="test410" time="0.001"/>
  <testcase classname="RegressionTest15" name="test411" time="0"/>
  <testcase classname="RegressionTest15" name="test412" time="0"/>
  <testcase classname="RegressionTest15" name="test413" time="0"/>
  <testcase classname="RegressionTest15" name="test414" time="0"/>
  <testcase classname="RegressionTest15" name="test415" time="0"/>
  <testcase classname="RegressionTest15" name="test416" time="0"/>
  <testcase classname="RegressionTest15" name="test417" time="0"/>
  <testcase classname="RegressionTest15" name="test418" time="0"/>
  <testcase classname="RegressionTest15" name="test419" time="0"/>
  <testcase classname="RegressionTest15" name="test420" time="0"/>
  <testcase classname="RegressionTest15" name="test421" time="0"/>
  <testcase classname="RegressionTest15" name="test422" time="0"/>
  <testcase classname="RegressionTest15" name="test423" time="0"/>
  <testcase classname="RegressionTest15" name="test424" time="0"/>
  <testcase classname="RegressionTest15" name="test425" time="0"/>
  <testcase classname="RegressionTest15" name="test426" time="0"/>
  <testcase classname="RegressionTest15" name="test427" time="0"/>
  <testcase classname="RegressionTest15" name="test428" time="0"/>
  <testcase classname="RegressionTest15" name="test429" time="0"/>
  <testcase classname="RegressionTest15" name="test430" time="0"/>
  <testcase classname="RegressionTest15" name="test431" time="0"/>
  <testcase classname="RegressionTest15" name="test432" time="0"/>
  <testcase classname="RegressionTest15" name="test433" time="0"/>
  <testcase classname="RegressionTest15" name="test434" time="0"/>
  <testcase classname="RegressionTest15" name="test435" time="0"/>
  <testcase classname="RegressionTest15" name="test436" time="0"/>
  <testcase classname="RegressionTest15" name="test437" time="0"/>
  <testcase classname="RegressionTest15" name="test438" time="0"/>
  <testcase classname="RegressionTest15" name="test439" time="0"/>
  <testcase classname="RegressionTest15" name="test440" time="0"/>
  <testcase classname="RegressionTest15" name="test441" time="0"/>
  <testcase classname="RegressionTest15" name="test442" time="0"/>
  <testcase classname="RegressionTest15" name="test443" time="0"/>
  <testcase classname="RegressionTest15" name="test444" time="0"/>
  <testcase classname="RegressionTest15" name="test445" time="0.001"/>
  <testcase classname="RegressionTest15" name="test446" time="0"/>
  <testcase classname="RegressionTest15" name="test447" time="0"/>
  <testcase classname="RegressionTest15" name="test448" time="0"/>
  <testcase classname="RegressionTest15" name="test449" time="0"/>
  <testcase classname="RegressionTest15" name="test450" time="0"/>
  <testcase classname="RegressionTest15" name="test451" time="0"/>
  <testcase classname="RegressionTest15" name="test452" time="0"/>
  <testcase classname="RegressionTest15" name="test453" time="0"/>
  <testcase classname="RegressionTest15" name="test454" time="0"/>
  <testcase classname="RegressionTest15" name="test455" time="0"/>
  <testcase classname="RegressionTest15" name="test456" time="0.001"/>
  <testcase classname="RegressionTest15" name="test457" time="0"/>
  <testcase classname="RegressionTest15" name="test458" time="0"/>
  <testcase classname="RegressionTest15" name="test459" time="0"/>
  <testcase classname="RegressionTest15" name="test460" time="0"/>
  <testcase classname="RegressionTest15" name="test461" time="0"/>
  <testcase classname="RegressionTest15" name="test462" time="0"/>
  <testcase classname="RegressionTest15" name="test463" time="0"/>
  <testcase classname="RegressionTest15" name="test464" time="0"/>
  <testcase classname="RegressionTest15" name="test465" time="0"/>
  <testcase classname="RegressionTest15" name="test466" time="0"/>
  <testcase classname="RegressionTest15" name="test467" time="0"/>
  <testcase classname="RegressionTest15" name="test468" time="0"/>
  <testcase classname="RegressionTest15" name="test469" time="0"/>
  <testcase classname="RegressionTest15" name="test470" time="0.001"/>
  <testcase classname="RegressionTest15" name="test471" time="0.002"/>
  <testcase classname="RegressionTest15" name="test472" time="0"/>
  <testcase classname="RegressionTest15" name="test473" time="0"/>
  <testcase classname="RegressionTest15" name="test474" time="0"/>
  <testcase classname="RegressionTest15" name="test475" time="0"/>
  <testcase classname="RegressionTest15" name="test476" time="0"/>
  <testcase classname="RegressionTest15" name="test477" time="0"/>
  <testcase classname="RegressionTest15" name="test478" time="0"/>
  <testcase classname="RegressionTest15" name="test479" time="0"/>
  <testcase classname="RegressionTest15" name="test480" time="0"/>
  <testcase classname="RegressionTest15" name="test481" time="0"/>
  <testcase classname="RegressionTest15" name="test482" time="0"/>
  <testcase classname="RegressionTest15" name="test483" time="0"/>
  <testcase classname="RegressionTest15" name="test484" time="0"/>
  <testcase classname="RegressionTest15" name="test485" time="0"/>
  <testcase classname="RegressionTest15" name="test486" time="0"/>
  <testcase classname="RegressionTest15" name="test487" time="0"/>
  <testcase classname="RegressionTest15" name="test488" time="0"/>
  <testcase classname="RegressionTest15" name="test489" time="0"/>
  <testcase classname="RegressionTest15" name="test490" time="0.001"/>
  <testcase classname="RegressionTest15" name="test491" time="0"/>
  <testcase classname="RegressionTest15" name="test492" time="0"/>
  <testcase classname="RegressionTest15" name="test493" time="0"/>
  <testcase classname="RegressionTest15" name="test494" time="0"/>
  <testcase classname="RegressionTest15" name="test495" time="0"/>
  <testcase classname="RegressionTest15" name="test496" time="0"/>
  <testcase classname="RegressionTest15" name="test497" time="0"/>
  <testcase classname="RegressionTest15" name="test498" time="0"/>
  <testcase classname="RegressionTest15" name="test499" time="0"/>
  <testcase classname="RegressionTest15" name="test500" time="0"/>
  <testcase classname="RegressionTest16" name="test001" time="0"/>
  <testcase classname="RegressionTest16" name="test002" time="0"/>
  <testcase classname="RegressionTest16" name="test003" time="0"/>
  <testcase classname="RegressionTest16" name="test004" time="0"/>
  <testcase classname="RegressionTest16" name="test005" time="0"/>
  <testcase classname="RegressionTest16" name="test006" time="0"/>
  <testcase classname="RegressionTest16" name="test007" time="0"/>
  <testcase classname="RegressionTest16" name="test008" time="0.001"/>
  <testcase classname="RegressionTest16" name="test009" time="0"/>
  <testcase classname="RegressionTest16" name="test010" time="0"/>
  <testcase classname="RegressionTest16" name="test011" time="0"/>
  <testcase classname="RegressionTest16" name="test012" time="0"/>
  <testcase classname="RegressionTest16" name="test013" time="0"/>
  <testcase classname="RegressionTest16" name="test014" time="0"/>
  <testcase classname="RegressionTest16" name="test015" time="0"/>
  <testcase classname="RegressionTest16" name="test016" time="0"/>
  <testcase classname="RegressionTest16" name="test017" time="0.001"/>
  <testcase classname="RegressionTest16" name="test018" time="0"/>
  <testcase classname="RegressionTest16" name="test019" time="0"/>
  <testcase classname="RegressionTest16" name="test020" time="0"/>
  <testcase classname="RegressionTest16" name="test021" time="0"/>
  <testcase classname="RegressionTest16" name="test022" time="0"/>
  <testcase classname="RegressionTest16" name="test023" time="0"/>
  <testcase classname="RegressionTest16" name="test024" time="0"/>
  <testcase classname="RegressionTest16" name="test025" time="0"/>
  <testcase classname="RegressionTest16" name="test026" time="0"/>
  <testcase classname="RegressionTest16" name="test027" time="0"/>
  <testcase classname="RegressionTest16" name="test028" time="0"/>
  <testcase classname="RegressionTest16" name="test029" time="0"/>
  <testcase classname="RegressionTest16" name="test030" time="0"/>
  <testcase classname="RegressionTest16" name="test031" time="0"/>
  <testcase classname="RegressionTest16" name="test032" time="0"/>
  <testcase classname="RegressionTest16" name="test033" time="0"/>
  <testcase classname="RegressionTest16" name="test034" time="0.001"/>
  <testcase classname="RegressionTest16" name="test035" time="0"/>
  <testcase classname="RegressionTest16" name="test036" time="0"/>
  <testcase classname="RegressionTest16" name="test037" time="0"/>
  <testcase classname="RegressionTest16" name="test038" time="0"/>
  <testcase classname="RegressionTest16" name="test039" time="0"/>
  <testcase classname="RegressionTest16" name="test040" time="0"/>
  <testcase classname="RegressionTest16" name="test041" time="0"/>
  <testcase classname="RegressionTest16" name="test042" time="0"/>
  <testcase classname="RegressionTest16" name="test043" time="0.001"/>
  <testcase classname="RegressionTest16" name="test044" time="0"/>
  <testcase classname="RegressionTest16" name="test045" time="0"/>
  <testcase classname="RegressionTest16" name="test046" time="0"/>
  <testcase classname="RegressionTest16" name="test047" time="0"/>
  <testcase classname="RegressionTest16" name="test048" time="0"/>
  <testcase classname="RegressionTest16" name="test049" time="0"/>
  <testcase classname="RegressionTest16" name="test050" time="0"/>
  <testcase classname="RegressionTest16" name="test051" time="0.001"/>
  <testcase classname="RegressionTest16" name="test052" time="0"/>
  <testcase classname="RegressionTest16" name="test053" time="0"/>
  <testcase classname="RegressionTest16" name="test054" time="0"/>
  <testcase classname="RegressionTest16" name="test055" time="0"/>
  <testcase classname="RegressionTest16" name="test056" time="0"/>
  <testcase classname="RegressionTest16" name="test057" time="0"/>
  <testcase classname="RegressionTest16" name="test058" time="0"/>
  <testcase classname="RegressionTest16" name="test059" time="0"/>
  <testcase classname="RegressionTest16" name="test060" time="0"/>
  <testcase classname="RegressionTest16" name="test061" time="0.001"/>
  <testcase classname="RegressionTest16" name="test062" time="0"/>
  <testcase classname="RegressionTest16" name="test063" time="0"/>
  <testcase classname="RegressionTest16" name="test064" time="0"/>
  <testcase classname="RegressionTest16" name="test065" time="0"/>
  <testcase classname="RegressionTest16" name="test066" time="0"/>
  <testcase classname="RegressionTest16" name="test067" time="0"/>
  <testcase classname="RegressionTest16" name="test068" time="0"/>
  <testcase classname="RegressionTest16" name="test069" time="0"/>
  <testcase classname="RegressionTest16" name="test070" time="0"/>
  <testcase classname="RegressionTest16" name="test071" time="0"/>
  <testcase classname="RegressionTest16" name="test072" time="0"/>
  <testcase classname="RegressionTest16" name="test073" time="0"/>
  <testcase classname="RegressionTest16" name="test074" time="0"/>
  <testcase classname="RegressionTest16" name="test075" time="0"/>
  <testcase classname="RegressionTest16" name="test076" time="0"/>
  <testcase classname="RegressionTest16" name="test077" time="0.001"/>
  <testcase classname="RegressionTest16" name="test078" time="0"/>
  <testcase classname="RegressionTest16" name="test079" time="0"/>
  <testcase classname="RegressionTest16" name="test080" time="0"/>
  <testcase classname="RegressionTest16" name="test081" time="0"/>
  <testcase classname="RegressionTest16" name="test082" time="0"/>
  <testcase classname="RegressionTest16" name="test083" time="0"/>
  <testcase classname="RegressionTest16" name="test084" time="0"/>
  <testcase classname="RegressionTest16" name="test085" time="0"/>
  <testcase classname="RegressionTest16" name="test086" time="0"/>
  <testcase classname="RegressionTest16" name="test087" time="0"/>
  <testcase classname="RegressionTest16" name="test088" time="0"/>
  <testcase classname="RegressionTest16" name="test089" time="0"/>
  <testcase classname="RegressionTest16" name="test090" time="0"/>
  <testcase classname="RegressionTest16" name="test091" time="0"/>
  <testcase classname="RegressionTest16" name="test092" time="0"/>
  <testcase classname="RegressionTest16" name="test093" time="0"/>
  <testcase classname="RegressionTest16" name="test094" time="0"/>
  <testcase classname="RegressionTest16" name="test095" time="0"/>
  <testcase classname="RegressionTest16" name="test096" time="0"/>
  <testcase classname="RegressionTest16" name="test097" time="0"/>
  <testcase classname="RegressionTest16" name="test098" time="0"/>
  <testcase classname="RegressionTest16" name="test099" time="0"/>
  <testcase classname="RegressionTest16" name="test100" time="0"/>
  <testcase classname="RegressionTest16" name="test101" time="0"/>
  <testcase classname="RegressionTest16" name="test102" time="0"/>
  <testcase classname="RegressionTest16" name="test103" time="0"/>
  <testcase classname="RegressionTest16" name="test104" time="0"/>
  <testcase classname="RegressionTest16" name="test105" time="0.001"/>
  <testcase classname="RegressionTest16" name="test106" time="0"/>
  <testcase classname="RegressionTest16" name="test107" time="0"/>
  <testcase classname="RegressionTest16" name="test108" time="0"/>
  <testcase classname="RegressionTest16" name="test109" time="0"/>
  <testcase classname="RegressionTest16" name="test110" time="0"/>
  <testcase classname="RegressionTest16" name="test111" time="0"/>
  <testcase classname="RegressionTest16" name="test112" time="0"/>
  <testcase classname="RegressionTest16" name="test113" time="0"/>
  <testcase classname="RegressionTest16" name="test114" time="0"/>
  <testcase classname="RegressionTest16" name="test115" time="0"/>
  <testcase classname="RegressionTest16" name="test116" time="0"/>
  <testcase classname="RegressionTest16" name="test117" time="0"/>
  <testcase classname="RegressionTest16" name="test118" time="0"/>
  <testcase classname="RegressionTest16" name="test119" time="0"/>
  <testcase classname="RegressionTest16" name="test120" time="0"/>
  <testcase classname="RegressionTest16" name="test121" time="0"/>
  <testcase classname="RegressionTest16" name="test122" time="0"/>
  <testcase classname="RegressionTest16" name="test123" time="0"/>
  <testcase classname="RegressionTest16" name="test124" time="0.007"/>
  <testcase classname="RegressionTest16" name="test125" time="0"/>
  <testcase classname="RegressionTest16" name="test126" time="0"/>
  <testcase classname="RegressionTest16" name="test127" time="0"/>
  <testcase classname="RegressionTest16" name="test128" time="0"/>
  <testcase classname="RegressionTest16" name="test129" time="0"/>
  <testcase classname="RegressionTest16" name="test130" time="0"/>
  <testcase classname="RegressionTest16" name="test131" time="0"/>
  <testcase classname="RegressionTest16" name="test132" time="0"/>
  <testcase classname="RegressionTest16" name="test133" time="0"/>
  <testcase classname="RegressionTest16" name="test134" time="0"/>
  <testcase classname="RegressionTest16" name="test135" time="0"/>
  <testcase classname="RegressionTest16" name="test136" time="0"/>
  <testcase classname="RegressionTest16" name="test137" time="0"/>
  <testcase classname="RegressionTest16" name="test138" time="0"/>
  <testcase classname="RegressionTest16" name="test139" time="0"/>
  <testcase classname="RegressionTest16" name="test140" time="0"/>
  <testcase classname="RegressionTest16" name="test141" time="0"/>
  <testcase classname="RegressionTest16" name="test142" time="0"/>
  <testcase classname="RegressionTest16" name="test143" time="0"/>
  <testcase classname="RegressionTest16" name="test144" time="0"/>
  <testcase classname="RegressionTest16" name="test145" time="0"/>
  <testcase classname="RegressionTest16" name="test146" time="0"/>
  <testcase classname="RegressionTest16" name="test147" time="0.001"/>
  <testcase classname="RegressionTest16" name="test148" time="0"/>
  <testcase classname="RegressionTest16" name="test149" time="0"/>
  <testcase classname="RegressionTest16" name="test150" time="0"/>
  <testcase classname="RegressionTest16" name="test151" time="0"/>
  <testcase classname="RegressionTest16" name="test152" time="0"/>
  <testcase classname="RegressionTest16" name="test153" time="0"/>
  <testcase classname="RegressionTest16" name="test154" time="0"/>
  <testcase classname="RegressionTest16" name="test155" time="0"/>
  <testcase classname="RegressionTest16" name="test156" time="0"/>
  <testcase classname="RegressionTest16" name="test157" time="0"/>
  <testcase classname="RegressionTest16" name="test158" time="0"/>
  <testcase classname="RegressionTest16" name="test159" time="0"/>
  <testcase classname="RegressionTest16" name="test160" time="0"/>
  <testcase classname="RegressionTest16" name="test161" time="0"/>
  <testcase classname="RegressionTest16" name="test162" time="0"/>
  <testcase classname="RegressionTest16" name="test163" time="0"/>
  <testcase classname="RegressionTest16" name="test164" time="0"/>
  <testcase classname="RegressionTest16" name="test165" time="0"/>
  <testcase classname="RegressionTest16" name="test166" time="0"/>
  <testcase classname="RegressionTest16" name="test167" time="0"/>
  <testcase classname="RegressionTest16" name="test168" time="0"/>
  <testcase classname="RegressionTest16" name="test169" time="0"/>
  <testcase classname="RegressionTest16" name="test170" time="0"/>
  <testcase classname="RegressionTest16" name="test171" time="0"/>
  <testcase classname="RegressionTest16" name="test172" time="0"/>
  <testcase classname="RegressionTest16" name="test173" time="0"/>
  <testcase classname="RegressionTest16" name="test174" time="0"/>
  <testcase classname="RegressionTest16" name="test175" time="0"/>
  <testcase classname="RegressionTest16" name="test176" time="0"/>
  <testcase classname="RegressionTest16" name="test177" time="0"/>
  <testcase classname="RegressionTest16" name="test178" time="0"/>
  <testcase classname="RegressionTest16" name="test179" time="0"/>
  <testcase classname="RegressionTest16" name="test180" time="0"/>
  <testcase classname="RegressionTest16" name="test181" time="0"/>
  <testcase classname="RegressionTest16" name="test182" time="0"/>
  <testcase classname="RegressionTest16" name="test183" time="0"/>
  <testcase classname="RegressionTest16" name="test184" time="0"/>
  <testcase classname="RegressionTest16" name="test185" time="0"/>
  <testcase classname="RegressionTest16" name="test186" time="0"/>
  <testcase classname="RegressionTest16" name="test187" time="0"/>
  <testcase classname="RegressionTest16" name="test188" time="0.001"/>
  <testcase classname="RegressionTest16" name="test189" time="0"/>
  <testcase classname="RegressionTest16" name="test190" time="0"/>
  <testcase classname="RegressionTest16" name="test191" time="0"/>
  <testcase classname="RegressionTest16" name="test192" time="0"/>
  <testcase classname="RegressionTest16" name="test193" time="0"/>
  <testcase classname="RegressionTest16" name="test194" time="0"/>
  <testcase classname="RegressionTest16" name="test195" time="0"/>
  <testcase classname="RegressionTest16" name="test196" time="0"/>
  <testcase classname="RegressionTest16" name="test197" time="0"/>
  <testcase classname="RegressionTest16" name="test198" time="0"/>
  <testcase classname="RegressionTest16" name="test199" time="0.001"/>
  <testcase classname="RegressionTest16" name="test200" time="0"/>
  <testcase classname="RegressionTest16" name="test201" time="0"/>
  <testcase classname="RegressionTest16" name="test202" time="0"/>
  <testcase classname="RegressionTest16" name="test203" time="0"/>
  <testcase classname="RegressionTest16" name="test204" time="0"/>
  <testcase classname="RegressionTest16" name="test205" time="0"/>
  <testcase classname="RegressionTest16" name="test206" time="0"/>
  <testcase classname="RegressionTest16" name="test207" time="0"/>
  <testcase classname="RegressionTest16" name="test208" time="0.001"/>
  <testcase classname="RegressionTest16" name="test209" time="0"/>
  <testcase classname="RegressionTest16" name="test210" time="0"/>
  <testcase classname="RegressionTest16" name="test211" time="0"/>
  <testcase classname="RegressionTest16" name="test212" time="0"/>
  <testcase classname="RegressionTest16" name="test213" time="0"/>
  <testcase classname="RegressionTest16" name="test214" time="0"/>
  <testcase classname="RegressionTest16" name="test215" time="0"/>
  <testcase classname="RegressionTest16" name="test216" time="0"/>
  <testcase classname="RegressionTest16" name="test217" time="0"/>
  <testcase classname="RegressionTest16" name="test218" time="0"/>
  <testcase classname="RegressionTest16" name="test219" time="0.001"/>
  <testcase classname="RegressionTest16" name="test220" time="0"/>
  <testcase classname="RegressionTest16" name="test221" time="0"/>
  <testcase classname="RegressionTest16" name="test222" time="0"/>
  <testcase classname="RegressionTest16" name="test223" time="0"/>
  <testcase classname="RegressionTest16" name="test224" time="0"/>
  <testcase classname="RegressionTest16" name="test225" time="0"/>
  <testcase classname="RegressionTest16" name="test226" time="0"/>
  <testcase classname="RegressionTest16" name="test227" time="0"/>
  <testcase classname="RegressionTest16" name="test228" time="0"/>
  <testcase classname="RegressionTest16" name="test229" time="0"/>
  <testcase classname="RegressionTest16" name="test230" time="0.001"/>
  <testcase classname="RegressionTest16" name="test231" time="0"/>
  <testcase classname="RegressionTest16" name="test232" time="0"/>
  <testcase classname="RegressionTest16" name="test233" time="0"/>
  <testcase classname="RegressionTest16" name="test234" time="0"/>
  <testcase classname="RegressionTest16" name="test235" time="0"/>
  <testcase classname="RegressionTest16" name="test236" time="0"/>
  <testcase classname="RegressionTest16" name="test237" time="0"/>
  <testcase classname="RegressionTest16" name="test238" time="0"/>
  <testcase classname="RegressionTest16" name="test239" time="0.001"/>
  <testcase classname="RegressionTest16" name="test240" time="0"/>
  <testcase classname="RegressionTest16" name="test241" time="0"/>
  <testcase classname="RegressionTest16" name="test242" time="0"/>
  <testcase classname="RegressionTest16" name="test243" time="0"/>
  <testcase classname="RegressionTest16" name="test244" time="0"/>
  <testcase classname="RegressionTest16" name="test245" time="0"/>
  <testcase classname="RegressionTest16" name="test246" time="0"/>
  <testcase classname="RegressionTest16" name="test247" time="0.001"/>
  <testcase classname="RegressionTest16" name="test248" time="0"/>
  <testcase classname="RegressionTest16" name="test249" time="0"/>
  <testcase classname="RegressionTest16" name="test250" time="0"/>
  <testcase classname="RegressionTest16" name="test251" time="0"/>
  <testcase classname="RegressionTest16" name="test252" time="0"/>
  <testcase classname="RegressionTest16" name="test253" time="0"/>
  <testcase classname="RegressionTest16" name="test254" time="0"/>
  <testcase classname="RegressionTest16" name="test255" time="0"/>
  <testcase classname="RegressionTest16" name="test256" time="0.001"/>
  <testcase classname="RegressionTest16" name="test257" time="0"/>
  <testcase classname="RegressionTest16" name="test258" time="0"/>
  <testcase classname="RegressionTest16" name="test259" time="0"/>
  <testcase classname="RegressionTest16" name="test260" time="0"/>
  <testcase classname="RegressionTest16" name="test261" time="0"/>
  <testcase classname="RegressionTest16" name="test262" time="0"/>
  <testcase classname="RegressionTest16" name="test263" time="0"/>
  <testcase classname="RegressionTest16" name="test264" time="0"/>
  <testcase classname="RegressionTest16" name="test265" time="0.001"/>
  <testcase classname="RegressionTest16" name="test266" time="0"/>
  <testcase classname="RegressionTest16" name="test267" time="0"/>
  <testcase classname="RegressionTest16" name="test268" time="0"/>
  <testcase classname="RegressionTest16" name="test269" time="0"/>
  <testcase classname="RegressionTest16" name="test270" time="0"/>
  <testcase classname="RegressionTest16" name="test271" time="0"/>
  <testcase classname="RegressionTest16" name="test272" time="0"/>
  <testcase classname="RegressionTest16" name="test273" time="0"/>
  <testcase classname="RegressionTest16" name="test274" time="0"/>
  <testcase classname="RegressionTest16" name="test275" time="0"/>
  <testcase classname="RegressionTest16" name="test276" time="0.001"/>
  <testcase classname="RegressionTest16" name="test277" time="0"/>
  <testcase classname="RegressionTest16" name="test278" time="0"/>
  <testcase classname="RegressionTest16" name="test279" time="0"/>
  <testcase classname="RegressionTest16" name="test280" time="0"/>
  <testcase classname="RegressionTest16" name="test281" time="0"/>
  <testcase classname="RegressionTest16" name="test282" time="0"/>
  <testcase classname="RegressionTest16" name="test283" time="0"/>
  <testcase classname="RegressionTest16" name="test284" time="0"/>
  <testcase classname="RegressionTest16" name="test285" time="0"/>
  <testcase classname="RegressionTest16" name="test286" time="0"/>
  <testcase classname="RegressionTest16" name="test287" time="0"/>
  <testcase classname="RegressionTest16" name="test288" time="0"/>
  <testcase classname="RegressionTest16" name="test289" time="0"/>
  <testcase classname="RegressionTest16" name="test290" time="0"/>
</testsuite>