<?xml version="1.0" encoding="UTF-8"?>
<testsuite name="org.cs362.dominion.Card_ESTest" time="0.207" tests="28" errors="28" skipped="0" failures="0">
  <properties>
    <property name="java.runtime.name" value="Java(TM) SE Runtime Environment"/>
    <property name="sun.boot.library.path" value="C:\Program Files (x86)\Java\jdk1.8.0_121\jre\bin"/>
    <property name="java.vm.version" value="25.121-b13"/>
    <property name="java.vm.vendor" value="Oracle Corporation"/>
    <property name="maven.multiModuleProjectDirectory" value="C:\Users\10463\OneDrive\文档\GitHub\CS362W17Section-001\projects\yangx3\dominion"/>
    <property name="java.vendor.url" value="http://java.oracle.com/"/>
    <property name="path.separator" value=";"/>
    <property name="guice.disable.misplaced.annotation.check" value="true"/>
    <property name="java.vm.name" value="Java HotSpot(TM) Client VM"/>
    <property name="file.encoding.pkg" value="sun.io"/>
    <property name="user.script" value=""/>
    <property name="user.country" value="CN"/>
    <property name="sun.java.launcher" value="SUN_STANDARD"/>
    <property name="sun.os.patch.level" value=""/>
    <property name="java.vm.specification.name" value="Java Virtual Machine Specification"/>
    <property name="user.dir" value="C:\Users\10463\OneDrive\文档\GitHub\CS362W17Section-001\projects\yangx3\dominion"/>
    <property name="java.runtime.version" value="1.8.0_121-b13"/>
    <property name="java.awt.graphicsenv" value="sun.awt.Win32GraphicsEnvironment"/>
    <property name="java.endorsed.dirs" value="C:\Program Files (x86)\Java\jdk1.8.0_121\jre\lib\endorsed"/>
    <property name="os.arch" value="x86"/>
    <property name="java.io.tmpdir" value="C:\Users\10463\AppData\Local\Temp\"/>
    <property name="line.separator" value="&#10;"/>
    <property name="java.vm.specification.vendor" value="Oracle Corporation"/>
    <property name="user.variant" value=""/>
    <property name="os.name" value="Windows 10"/>
    <property name="classworlds.conf" value="C:\apache-maven-3.3.9\bin\m2.conf"/>
    <property name="sun.jnu.encoding" value="GBK"/>
    <property name="java.library.path" value="C:\Program Files (x86)\Java\jdk1.8.0_121\bin;C:\windows\Sun\Java\bin;C:\windows\system32;C:\windows;C:\ProgramData\Oracle\Java\javapath;C:\Program Files (x86)\Intel\iCLS Client\;C:\Program Files\Intel\iCLS Client\;C:\windows\system32;C:\windows;C:\windows\System32\Wbem;C:\windows\System32\WindowsPowerShell\v1.0\;C:\Program Files (x86)\Intel\Intel(R) Management Engine Components\DAL;C:\Program Files\Intel\Intel(R) Management Engine Components\DAL;C:\Program Files (x86)\Intel\Intel(R) Management Engine Components\IPT;C:\Program Files\Intel\Intel(R) Management Engine Components\IPT;C:\Program Files (x86)\NVIDIA Corporation\PhysX\Common;c:\Program Files\Intel\WiFi\bin\;c:\Program Files\Common Files\Intel\WirelessCommon\;C:\apache-maven-3.3.9\bin;C:\Program Files (x86)\Java\jdk1.8.0_121;C:\apache-maven-3.3.9\bin;."/>
    <property name="java.specification.name" value="Java Platform API Specification"/>
    <property name="java.class.version" value="52.0"/>
    <property name="sun.management.compiler" value="HotSpot Client Compiler"/>
    <property name="os.version" value="10.0"/>
    <property name="user.home" value="C:\Users\10463"/>
    <property name="user.timezone" value="America/Los_Angeles"/>
    <property name="java.awt.printerjob" value="sun.awt.windows.WPrinterJob"/>
    <property name="java.specification.version" value="1.8"/>
    <property name="file.encoding" value="GBK"/>
    <property name="user.name" value="10463"/>
    <property name="java.class.path" value="C:\apache-maven-3.3.9\boot\plexus-classworlds-2.5.2.jar"/>
    <property name="java.vm.specification.version" value="1.8"/>
    <property name="sun.arch.data.model" value="32"/>
    <property name="java.home" value="C:\Program Files (x86)\Java\jdk1.8.0_121\jre"/>
    <property name="sun.java.command" value="org.codehaus.plexus.classworlds.launcher.Launcher test"/>
    <property name="java.specification.vendor" value="Oracle Corporation"/>
    <property name="user.language" value="zh"/>
    <property name="awt.toolkit" value="sun.awt.windows.WToolkit"/>
    <property name="java.vm.info" value="mixed mode, sharing"/>
    <property name="java.version" value="1.8.0_121"/>
    <property name="java.ext.dirs" value="C:\Program Files (x86)\Java\jdk1.8.0_121\jre\lib\ext;C:\windows\Sun\Java\lib\ext"/>
    <property name="sun.boot.class.path" value="C:\Program Files (x86)\Java\jdk1.8.0_121\jre\lib\resources.jar;C:\Program Files (x86)\Java\jdk1.8.0_121\jre\lib\rt.jar;C:\Program Files (x86)\Java\jdk1.8.0_121\jre\lib\sunrsasign.jar;C:\Program Files (x86)\Java\jdk1.8.0_121\jre\lib\jsse.jar;C:\Program Files (x86)\Java\jdk1.8.0_121\jre\lib\jce.jar;C:\Program Files (x86)\Java\jdk1.8.0_121\jre\lib\charsets.jar;C:\Program Files (x86)\Java\jdk1.8.0_121\jre\lib\jfr.jar;C:\Program Files (x86)\Java\jdk1.8.0_121\jre\classes"/>
    <property name="sun.stderr.encoding" value="ms936"/>
    <property name="java.vendor" value="Oracle Corporation"/>
    <property name="maven.home" value="C:\apache-maven-3.3.9"/>
    <property name="file.separator" value="\"/>
    <property name="java.vendor.url.bug" value="http://bugreport.sun.com/bugreport/"/>
    <property name="sun.cpu.endian" value="little"/>
    <property name="sun.io.unicode.encoding" value="UnicodeLittle"/>
    <property name="sun.stdout.encoding" value="ms936"/>
    <property name="sun.desktop" value="windows"/>
    <property name="sun.cpu.isalist" value="pentium_pro+mmx pentium_pro pentium+mmx pentium i486 i386 i86"/>
  </properties>
  <testcase name="test17" classname="org.cs362.dominion.Card_ESTest" time="0.026">
    <error message="org/cs362/dominion/Card$CardName" type="java.lang.NoClassDefFoundError">java.lang.NoClassDefFoundError: org/cs362/dominion/Card$CardName
	at java.lang.ClassLoader.defineClass1(Native Method)
	at java.lang.ClassLoader.defineClass(ClassLoader.java:763)
	at java.lang.ClassLoader.defineClass(ClassLoader.java:642)
	at org.evosuite.runtime.instrumentation.EvoClassLoader.instrumentClass(EvoClassLoader.java:116)
	at org.evosuite.runtime.instrumentation.EvoClassLoader.loadClass(EvoClassLoader.java:92)
	at org.cs362.dominion.Card_ESTest.test17(Card_ESTest.java:200)
</error>
    <system-out><![CDATA[[INFO] Seeing class for first time: org.cs362.dominion.Card_ESTest
[INFO] Instrumenting class 'org.cs362.dominion.Card_ESTest'.
[INFO] Seeing class for first time: org.cs362.dominion.Card_ESTest_scaffolding
[INFO] Instrumenting class 'org.cs362.dominion.Card_ESTest_scaffolding'.
[INFO] Keeping class: org.cs362.dominion.Card_ESTest_scaffolding
[INFO] Keeping class: org.cs362.dominion.Card_ESTest
[DEBUG] Adding privileged thread: "Reference Handler"
[DEBUG] Adding privileged thread: "Finalizer"
[DEBUG] Adding privileged thread: "Signal Dispatcher"
[DEBUG] Adding privileged thread: "Attach Listener"
[DEBUG] Adding privileged thread: "Java2D Disposer"
[DEBUG] Adding privileged thread: "AWT-Shutdown"
[DEBUG] Adding privileged thread: "AWT-Windows"
[DEBUG] Adding privileged thread: "main"
[INFO] Seeing class for first time: org.cs362.dominion.Card
[INFO] Instrumenting class 'org.cs362.dominion.Card'.
[INFO] Adding mock interface to class org/cs362/dominion/Card
[INFO] No hashCode defined for: org/cs362/dominion/Card, superclass = java.lang.Object
[INFO] Creating brand-new static initializer in class org/cs362/dominion/Card
[DEBUG] Going to instrument: org.cs362.dominion.Card
[INFO] Keeping class: org.cs362.dominion.Card
[INFO] Seeing class for first time: org.cs362.dominion.Card$CardName
[INFO] Instrumenting class 'org.cs362.dominion.Card$CardName'.
[INFO] Adding mock interface to class org/cs362/dominion/Card$CardName
[INFO] Found static initializer in class org/cs362/dominion/Card$CardName
[INFO] No hashCode defined for: org/cs362/dominion/Card$CardName, superclass = java.lang.Enum
[DEBUG] Going to instrument: org.cs362.dominion.Card$CardName
[INFO] Found static initializer in class org/cs362/dominion/Card$CardName
[INFO] No hashCode defined for: org/cs362/dominion/Card$CardName, superclass = java.lang.Enum
[INFO] Error while loading class: java.lang.ClassFormatError: Duplicate method name&signature in class file org/cs362/dominion/Card$CardName
[ERROR] Could not initialize org.cs362.dominion.Card: org/cs362/dominion/Card$CardName
[INFO] Seeing class for first time: org.cs362.dominion.GameState
[INFO] Instrumenting class 'org.cs362.dominion.GameState'.
[INFO] Adding mock interface to class org/cs362/dominion/GameState
[INFO] No hashCode defined for: org/cs362/dominion/GameState, superclass = java.lang.Object
[INFO] Creating brand-new static initializer in class org/cs362/dominion/GameState
[DEBUG] Going to instrument: org.cs362.dominion.GameState
[INFO] Keeping class: org.cs362.dominion.GameState
[INFO] Seeing class for first time: org.cs362.dominion.Card$CardName
[INFO] Instrumenting class 'org.cs362.dominion.Card$CardName'.
[INFO] Adding mock interface to class org/cs362/dominion/Card$CardName
[INFO] Found static initializer in class org/cs362/dominion/Card$CardName
[INFO] No hashCode defined for: org/cs362/dominion/Card$CardName, superclass = java.lang.Enum
[DEBUG] Going to instrument: org.cs362.dominion.Card$CardName
[INFO] Found static initializer in class org/cs362/dominion/Card$CardName
[INFO] No hashCode defined for: org/cs362/dominion/Card$CardName, superclass = java.lang.Enum
[INFO] Error while loading class: java.lang.ClassFormatError: Duplicate method name&signature in class file org/cs362/dominion/Card$CardName
[ERROR] Could not initialize org.cs362.dominion.Card$CardName: Duplicate method name&signature in class file org/cs362/dominion/Card$CardName
[INFO] Seeing class for first time: org.cs362.dominion.Card$Type
[INFO] Instrumenting class 'org.cs362.dominion.Card$Type'.
[INFO] Adding mock interface to class org/cs362/dominion/Card$Type
[INFO] Found static initializer in class org/cs362/dominion/Card$Type
[INFO] No hashCode defined for: org/cs362/dominion/Card$Type, superclass = java.lang.Enum
[DEBUG] Going to instrument: org.cs362.dominion.Card$Type
[INFO] Found static initializer in class org/cs362/dominion/Card$Type
[INFO] No hashCode defined for: org/cs362/dominion/Card$Type, superclass = java.lang.Enum
[INFO] Error while loading class: java.lang.ClassFormatError: Duplicate method name&signature in class file org/cs362/dominion/Card$Type
[ERROR] Could not initialize org.cs362.dominion.Card$Type: Duplicate method name&signature in class file org/cs362/dominion/Card$Type
[INFO] Seeing class for first time: org.cs362.dominion.Card$1
[INFO] Instrumenting class 'org.cs362.dominion.Card$1'.
[INFO] Adding mock interface to class org/cs362/dominion/Card$1
[INFO] No hashCode defined for: org/cs362/dominion/Card$1, superclass = java.lang.Object
[DEBUG] Going to instrument: org.cs362.dominion.Card$1
[INFO] Keeping class: org.cs362.dominion.Card$1
[INFO] Seeing class for first time: org.cs362.dominion.Card$CardName
[INFO] Instrumenting class 'org.cs362.dominion.Card$CardName'.
[INFO] Adding mock interface to class org/cs362/dominion/Card$CardName
[INFO] Found static initializer in class org/cs362/dominion/Card$CardName
[INFO] No hashCode defined for: org/cs362/dominion/Card$CardName, superclass = java.lang.Enum
[DEBUG] Going to instrument: org.cs362.dominion.Card$CardName
[INFO] Found static initializer in class org/cs362/dominion/Card$CardName
[INFO] No hashCode defined for: org/cs362/dominion/Card$CardName, superclass = java.lang.Enum
[INFO] Error while loading class: java.lang.ClassFormatError: Duplicate method name&signature in class file org/cs362/dominion/Card$CardName
[ERROR] Could not initialize org.cs362.dominion.Card$1: org/cs362/dominion/Card$CardName
[INFO] Seeing class for first time: org.cs362.dominion.Player
[INFO] Instrumenting class 'org.cs362.dominion.Player'.
[INFO] Adding mock interface to class org/cs362/dominion/Player
[INFO] No hashCode defined for: org/cs362/dominion/Player, superclass = java.lang.Object
[INFO] Creating brand-new static initializer in class org/cs362/dominion/Player
[DEBUG] Going to instrument: org.cs362.dominion.Player
[INFO] Keeping class: org.cs362.dominion.Player
[INFO] Seeing class for first time: org.cs362.dominion.Card$CardName
[INFO] Instrumenting class 'org.cs362.dominion.Card$CardName'.
[INFO] Adding mock interface to class org/cs362/dominion/Card$CardName
[INFO] Found static initializer in class org/cs362/dominion/Card$CardName
[INFO] No hashCode defined for: org/cs362/dominion/Card$CardName, superclass = java.lang.Enum
[DEBUG] Going to instrument: org.cs362.dominion.Card$CardName
[INFO] Found static initializer in class org/cs362/dominion/Card$CardName
[INFO] No hashCode defined for: org/cs362/dominion/Card$CardName, superclass = java.lang.Enum
[INFO] Error while loading class: java.lang.ClassFormatError: Duplicate method name&signature in class file org/cs362/dominion/Card$CardName
[INFO] Seeing class for first time: org.cs362.dominion.Card$CardName
[INFO] Instrumenting class 'org.cs362.dominion.Card$CardName'.
[INFO] Adding mock interface to class org/cs362/dominion/Card$CardName
[INFO] Found static initializer in class org/cs362/dominion/Card$CardName
[INFO] No hashCode defined for: org/cs362/dominion/Card$CardName, superclass = java.lang.Enum
[DEBUG] Going to instrument: org.cs362.dominion.Card$CardName
[INFO] Found static initializer in class org/cs362/dominion/Card$CardName
[INFO] No hashCode defined for: org/cs362/dominion/Card$CardName, superclass = java.lang.Enum
[INFO] Error while loading class: java.lang.ClassFormatError: Duplicate method name&signature in class file org/cs362/dominion/Card$CardName
[WARN] class java.lang.ClassNotFoundException thrown while loading method  __STATIC_RESET() for class org.cs362.dominion.Card$CardName
[INFO] Seeing class for first time: org.cs362.dominion.Card$Type
[INFO] Instrumenting class 'org.cs362.dominion.Card$Type'.
[INFO] Adding mock interface to class org/cs362/dominion/Card$Type
[INFO] Found static initializer in class org/cs362/dominion/Card$Type
[INFO] No hashCode defined for: org/cs362/dominion/Card$Type, superclass = java.lang.Enum
[DEBUG] Going to instrument: org.cs362.dominion.Card$Type
[INFO] Found static initializer in class org/cs362/dominion/Card$Type
[INFO] No hashCode defined for: org/cs362/dominion/Card$Type, superclass = java.lang.Enum
[INFO] Error while loading class: java.lang.ClassFormatError: Duplicate method name&signature in class file org/cs362/dominion/Card$Type
[WARN] class java.lang.ClassNotFoundException thrown while loading method  __STATIC_RESET() for class org.cs362.dominion.Card$Type
]]></system-out>
  </testcase>
  <testcase name="test18" classname="org.cs362.dominion.Card_ESTest" time="0.008">
    <error message="org/cs362/dominion/Card$CardName" type="java.lang.NoClassDefFoundError">java.lang.NoClassDefFoundError: org/cs362/dominion/Card$CardName
	at java.lang.ClassLoader.defineClass1(Native Method)
	at java.lang.ClassLoader.defineClass(ClassLoader.java:763)
	at java.lang.ClassLoader.defineClass(ClassLoader.java:642)
	at org.evosuite.runtime.instrumentation.EvoClassLoader.instrumentClass(EvoClassLoader.java:116)
	at org.evosuite.runtime.instrumentation.EvoClassLoader.loadClass(EvoClassLoader.java:92)
	at org.cs362.dominion.Card_ESTest.test18(Card_ESTest.java:212)
</error>
    <system-out><![CDATA[[INFO] Seeing class for first time: org.cs362.dominion.Card$CardName
[INFO] Instrumenting class 'org.cs362.dominion.Card$CardName'.
[INFO] Adding mock interface to class org/cs362/dominion/Card$CardName
[INFO] Found static initializer in class org/cs362/dominion/Card$CardName
[INFO] No hashCode defined for: org/cs362/dominion/Card$CardName, superclass = java.lang.Enum
[DEBUG] Going to instrument: org.cs362.dominion.Card$CardName
[INFO] Found static initializer in class org/cs362/dominion/Card$CardName
[INFO] No hashCode defined for: org/cs362/dominion/Card$CardName, superclass = java.lang.Enum
[INFO] Error while loading class: java.lang.ClassFormatError: Duplicate method name&signature in class file org/cs362/dominion/Card$CardName
[INFO] Seeing class for first time: org.cs362.dominion.Card$CardName
[INFO] Instrumenting class 'org.cs362.dominion.Card$CardName'.
[INFO] Adding mock interface to class org/cs362/dominion/Card$CardName
[INFO] Found static initializer in class org/cs362/dominion/Card$CardName
[INFO] No hashCode defined for: org/cs362/dominion/Card$CardName, superclass = java.lang.Enum
[DEBUG] Going to instrument: org.cs362.dominion.Card$CardName
[INFO] Found static initializer in class org/cs362/dominion/Card$CardName
[INFO] No hashCode defined for: org/cs362/dominion/Card$CardName, superclass = java.lang.Enum
[INFO] Error while loading class: java.lang.ClassFormatError: Duplicate method name&signature in class file org/cs362/dominion/Card$CardName
[INFO] Seeing class for first time: org.cs362.dominion.Card$Type
[INFO] Instrumenting class 'org.cs362.dominion.Card$Type'.
[INFO] Adding mock interface to class org/cs362/dominion/Card$Type
[INFO] Found static initializer in class org/cs362/dominion/Card$Type
[INFO] No hashCode defined for: org/cs362/dominion/Card$Type, superclass = java.lang.Enum
[DEBUG] Going to instrument: org.cs362.dominion.Card$Type
[INFO] Found static initializer in class org/cs362/dominion/Card$Type
[INFO] No hashCode defined for: org/cs362/dominion/Card$Type, superclass = java.lang.Enum
[INFO] Error while loading class: java.lang.ClassFormatError: Duplicate method name&signature in class file org/cs362/dominion/Card$Type
]]></system-out>
  </testcase>
  <testcase name="test19" classname="org.cs362.dominion.Card_ESTest" time="0.008">
    <error message="org/cs362/dominion/Card$CardName" type="java.lang.NoClassDefFoundError">java.lang.NoClassDefFoundError: org/cs362/dominion/Card$CardName
	at java.lang.ClassLoader.defineClass1(Native Method)
	at java.lang.ClassLoader.defineClass(ClassLoader.java:763)
	at java.lang.ClassLoader.defineClass(ClassLoader.java:642)
	at org.evosuite.runtime.instrumentation.EvoClassLoader.instrumentClass(EvoClassLoader.java:116)
	at org.evosuite.runtime.instrumentation.EvoClassLoader.loadClass(EvoClassLoader.java:92)
	at org.cs362.dominion.Card_ESTest.test19(Card_ESTest.java:223)
</error>
    <system-out><![CDATA[[INFO] Seeing class for first time: org.cs362.dominion.Card$CardName
[INFO] Instrumenting class 'org.cs362.dominion.Card$CardName'.
[INFO] Adding mock interface to class org/cs362/dominion/Card$CardName
[INFO] Found static initializer in class org/cs362/dominion/Card$CardName
[INFO] No hashCode defined for: org/cs362/dominion/Card$CardName, superclass = java.lang.Enum
[DEBUG] Going to instrument: org.cs362.dominion.Card$CardName
[INFO] Found static initializer in class org/cs362/dominion/Card$CardName
[INFO] No hashCode defined for: org/cs362/dominion/Card$CardName, superclass = java.lang.Enum
[INFO] Error while loading class: java.lang.ClassFormatError: Duplicate method name&signature in class file org/cs362/dominion/Card$CardName
[INFO] Seeing class for first time: org.cs362.dominion.Card$CardName
[INFO] Instrumenting class 'org.cs362.dominion.Card$CardName'.
[INFO] Adding mock interface to class org/cs362/dominion/Card$CardName
[INFO] Found static initializer in class org/cs362/dominion/Card$CardName
[INFO] No hashCode defined for: org/cs362/dominion/Card$CardName, superclass = java.lang.Enum
[DEBUG] Going to instrument: org.cs362.dominion.Card$CardName
[INFO] Found static initializer in class org/cs362/dominion/Card$CardName
[INFO] No hashCode defined for: org/cs362/dominion/Card$CardName, superclass = java.lang.Enum
[INFO] Error while loading class: java.lang.ClassFormatError: Duplicate method name&signature in class file org/cs362/dominion/Card$CardName
[INFO] Seeing class for first time: org.cs362.dominion.Card$Type
[INFO] Instrumenting class 'org.cs362.dominion.Card$Type'.
[INFO] Adding mock interface to class org/cs362/dominion/Card$Type
[INFO] Found static initializer in class org/cs362/dominion/Card$Type
[INFO] No hashCode defined for: org/cs362/dominion/Card$Type, superclass = java.lang.Enum
[DEBUG] Going to instrument: org.cs362.dominion.Card$Type
[INFO] Found static initializer in class org/cs362/dominion/Card$Type
[INFO] No hashCode defined for: org/cs362/dominion/Card$Type, superclass = java.lang.Enum
[INFO] Error while loading class: java.lang.ClassFormatError: Duplicate method name&signature in class file org/cs362/dominion/Card$Type
]]></system-out>
  </testcase>
  <testcase name="test13" classname="org.cs362.dominion.Card_ESTest" time="0.007">
    <error message="org/cs362/dominion/Card$CardName" type="java.lang.NoClassDefFoundError">java.lang.NoClassDefFoundError: org/cs362/dominion/Card$CardName
	at java.lang.ClassLoader.defineClass1(Native Method)
	at java.lang.ClassLoader.defineClass(ClassLoader.java:763)
	at java.lang.ClassLoader.defineClass(ClassLoader.java:642)
	at org.evosuite.runtime.instrumentation.EvoClassLoader.instrumentClass(EvoClassLoader.java:116)
	at org.evosuite.runtime.instrumentation.EvoClassLoader.loadClass(EvoClassLoader.java:92)
	at org.cs362.dominion.Card_ESTest.test13(Card_ESTest.java:159)
</error>
    <system-out><![CDATA[[INFO] Seeing class for first time: org.cs362.dominion.Card$CardName
[INFO] Instrumenting class 'org.cs362.dominion.Card$CardName'.
[INFO] Adding mock interface to class org/cs362/dominion/Card$CardName
[INFO] Found static initializer in class org/cs362/dominion/Card$CardName
[INFO] No hashCode defined for: org/cs362/dominion/Card$CardName, superclass = java.lang.Enum
[DEBUG] Going to instrument: org.cs362.dominion.Card$CardName
[INFO] Found static initializer in class org/cs362/dominion/Card$CardName
[INFO] No hashCode defined for: org/cs362/dominion/Card$CardName, superclass = java.lang.Enum
[INFO] Error while loading class: java.lang.ClassFormatError: Duplicate method name&signature in class file org/cs362/dominion/Card$CardName
[INFO] Seeing class for first time: org.cs362.dominion.Card$CardName
[INFO] Instrumenting class 'org.cs362.dominion.Card$CardName'.
[INFO] Adding mock interface to class org/cs362/dominion/Card$CardName
[INFO] Found static initializer in class org/cs362/dominion/Card$CardName
[INFO] No hashCode defined for: org/cs362/dominion/Card$CardName, superclass = java.lang.Enum
[DEBUG] Going to instrument: org.cs362.dominion.Card$CardName
[INFO] Found static initializer in class org/cs362/dominion/Card$CardName
[INFO] No hashCode defined for: org/cs362/dominion/Card$CardName, superclass = java.lang.Enum
[INFO] Error while loading class: java.lang.ClassFormatError: Duplicate method name&signature in class file org/cs362/dominion/Card$CardName
[INFO] Seeing class for first time: org.cs362.dominion.Card$Type
[INFO] Instrumenting class 'org.cs362.dominion.Card$Type'.
[INFO] Adding mock interface to class org/cs362/dominion/Card$Type
[INFO] Found static initializer in class org/cs362/dominion/Card$Type
[INFO] No hashCode defined for: org/cs362/dominion/Card$Type, superclass = java.lang.Enum
[DEBUG] Going to instrument: org.cs362.dominion.Card$Type
[INFO] Found static initializer in class org/cs362/dominion/Card$Type
[INFO] No hashCode defined for: org/cs362/dominion/Card$Type, superclass = java.lang.Enum
[INFO] Error while loading class: java.lang.ClassFormatError: Duplicate method name&signature in class file org/cs362/dominion/Card$Type
]]></system-out>
  </testcase>
  <testcase name="test14" classname="org.cs362.dominion.Card_ESTest" time="0.008">
    <error message="org/cs362/dominion/Card$CardName" type="java.lang.NoClassDefFoundError">java.lang.NoClassDefFoundError: org/cs362/dominion/Card$CardName
	at java.lang.ClassLoader.defineClass1(Native Method)
	at java.lang.ClassLoader.defineClass(ClassLoader.java:763)
	at java.lang.ClassLoader.defineClass(ClassLoader.java:642)
	at org.evosuite.runtime.instrumentation.EvoClassLoader.instrumentClass(EvoClassLoader.java:116)
	at org.evosuite.runtime.instrumentation.EvoClassLoader.loadClass(EvoClassLoader.java:92)
	at org.cs362.dominion.Card_ESTest.test14(Card_ESTest.java:170)
</error>
    <system-out><![CDATA[[INFO] Seeing class for first time: org.cs362.dominion.Card$CardName
[INFO] Instrumenting class 'org.cs362.dominion.Card$CardName'.
[INFO] Adding mock interface to class org/cs362/dominion/Card$CardName
[INFO] Found static initializer in class org/cs362/dominion/Card$CardName
[INFO] No hashCode defined for: org/cs362/dominion/Card$CardName, superclass = java.lang.Enum
[DEBUG] Going to instrument: org.cs362.dominion.Card$CardName
[INFO] Found static initializer in class org/cs362/dominion/Card$CardName
[INFO] No hashCode defined for: org/cs362/dominion/Card$CardName, superclass = java.lang.Enum
[INFO] Error while loading class: java.lang.ClassFormatError: Duplicate method name&signature in class file org/cs362/dominion/Card$CardName
[INFO] Seeing class for first time: org.cs362.dominion.Card$CardName
[INFO] Instrumenting class 'org.cs362.dominion.Card$CardName'.
[INFO] Adding mock interface to class org/cs362/dominion/Card$CardName
[INFO] Found static initializer in class org/cs362/dominion/Card$CardName
[INFO] No hashCode defined for: org/cs362/dominion/Card$CardName, superclass = java.lang.Enum
[DEBUG] Going to instrument: org.cs362.dominion.Card$CardName
[INFO] Found static initializer in class org/cs362/dominion/Card$CardName
[INFO] No hashCode defined for: org/cs362/dominion/Card$CardName, superclass = java.lang.Enum
[INFO] Error while loading class: java.lang.ClassFormatError: Duplicate method name&signature in class file org/cs362/dominion/Card$CardName
[INFO] Seeing class for first time: org.cs362.dominion.Card$Type
[INFO] Instrumenting class 'org.cs362.dominion.Card$Type'.
[INFO] Adding mock interface to class org/cs362/dominion/Card$Type
[INFO] Found static initializer in class org/cs362/dominion/Card$Type
[INFO] No hashCode defined for: org/cs362/dominion/Card$Type, superclass = java.lang.Enum
[DEBUG] Going to instrument: org.cs362.dominion.Card$Type
[INFO] Found static initializer in class org/cs362/dominion/Card$Type
[INFO] No hashCode defined for: org/cs362/dominion/Card$Type, superclass = java.lang.Enum
[INFO] Error while loading class: java.lang.ClassFormatError: Duplicate method name&signature in class file org/cs362/dominion/Card$Type
]]></system-out>
  </testcase>
  <testcase name="test15" classname="org.cs362.dominion.Card_ESTest" time="0.006">
    <error message="org/cs362/dominion/Card$CardName" type="java.lang.NoClassDefFoundError">java.lang.NoClassDefFoundError: org/cs362/dominion/Card$CardName
	at java.lang.ClassLoader.defineClass1(Native Method)
	at java.lang.ClassLoader.defineClass(ClassLoader.java:763)
	at java.lang.ClassLoader.defineClass(ClassLoader.java:642)
	at org.evosuite.runtime.instrumentation.EvoClassLoader.instrumentClass(EvoClassLoader.java:116)
	at org.evosuite.runtime.instrumentation.EvoClassLoader.loadClass(EvoClassLoader.java:92)
	at org.cs362.dominion.Card_ESTest.test15(Card_ESTest.java:180)
</error>
    <system-out><![CDATA[[INFO] Seeing class for first time: org.cs362.dominion.Card$CardName
[INFO] Instrumenting class 'org.cs362.dominion.Card$CardName'.
[INFO] Adding mock interface to class org/cs362/dominion/Card$CardName
[INFO] Found static initializer in class org/cs362/dominion/Card$CardName
[INFO] No hashCode defined for: org/cs362/dominion/Card$CardName, superclass = java.lang.Enum
[DEBUG] Going to instrument: org.cs362.dominion.Card$CardName
[INFO] Found static initializer in class org/cs362/dominion/Card$CardName
[INFO] No hashCode defined for: org/cs362/dominion/Card$CardName, superclass = java.lang.Enum
[INFO] Error while loading class: java.lang.ClassFormatError: Duplicate method name&signature in class file org/cs362/dominion/Card$CardName
[INFO] Seeing class for first time: org.cs362.dominion.Card$CardName
[INFO] Instrumenting class 'org.cs362.dominion.Card$CardName'.
[INFO] Adding mock interface to class org/cs362/dominion/Card$CardName
[INFO] Found static initializer in class org/cs362/dominion/Card$CardName
[INFO] No hashCode defined for: org/cs362/dominion/Card$CardName, superclass = java.lang.Enum
[DEBUG] Going to instrument: org.cs362.dominion.Card$CardName
[INFO] Found static initializer in class org/cs362/dominion/Card$CardName
[INFO] No hashCode defined for: org/cs362/dominion/Card$CardName, superclass = java.lang.Enum
[INFO] Error while loading class: java.lang.ClassFormatError: Duplicate method name&signature in class file org/cs362/dominion/Card$CardName
[INFO] Seeing class for first time: org.cs362.dominion.Card$Type
[INFO] Instrumenting class 'org.cs362.dominion.Card$Type'.
[INFO] Adding mock interface to class org/cs362/dominion/Card$Type
[INFO] Found static initializer in class org/cs362/dominion/Card$Type
[INFO] No hashCode defined for: org/cs362/dominion/Card$Type, superclass = java.lang.Enum
[DEBUG] Going to instrument: org.cs362.dominion.Card$Type
[INFO] Found static initializer in class org/cs362/dominion/Card$Type
[INFO] No hashCode defined for: org/cs362/dominion/Card$Type, superclass = java.lang.Enum
[INFO] Error while loading class: java.lang.ClassFormatError: Duplicate method name&signature in class file org/cs362/dominion/Card$Type
]]></system-out>
  </testcase>
  <testcase name="test16" classname="org.cs362.dominion.Card_ESTest" time="0.009">
    <error message="org/cs362/dominion/Card$CardName" type="java.lang.NoClassDefFoundError">java.lang.NoClassDefFoundError: org/cs362/dominion/Card$CardName
	at java.lang.ClassLoader.defineClass1(Native Method)
	at java.lang.ClassLoader.defineClass(ClassLoader.java:763)
	at java.lang.ClassLoader.defineClass(ClassLoader.java:642)
	at org.evosuite.runtime.instrumentation.EvoClassLoader.instrumentClass(EvoClassLoader.java:116)
	at org.evosuite.runtime.instrumentation.EvoClassLoader.loadClass(EvoClassLoader.java:92)
	at org.cs362.dominion.Card_ESTest.test16(Card_ESTest.java:190)
</error>
    <system-out><![CDATA[[INFO] Seeing class for first time: org.cs362.dominion.Card$CardName
[INFO] Instrumenting class 'org.cs362.dominion.Card$CardName'.
[INFO] Adding mock interface to class org/cs362/dominion/Card$CardName
[INFO] Found static initializer in class org/cs362/dominion/Card$CardName
[INFO] No hashCode defined for: org/cs362/dominion/Card$CardName, superclass = java.lang.Enum
[DEBUG] Going to instrument: org.cs362.dominion.Card$CardName
[INFO] Found static initializer in class org/cs362/dominion/Card$CardName
[INFO] No hashCode defined for: org/cs362/dominion/Card$CardName, superclass = java.lang.Enum
[INFO] Error while loading class: java.lang.ClassFormatError: Duplicate method name&signature in class file org/cs362/dominion/Card$CardName
[INFO] Seeing class for first time: org.cs362.dominion.Card$CardName
[INFO] Instrumenting class 'org.cs362.dominion.Card$CardName'.
[INFO] Adding mock interface to class org/cs362/dominion/Card$CardName
[INFO] Found static initializer in class org/cs362/dominion/Card$CardName
[INFO] No hashCode defined for: org/cs362/dominion/Card$CardName, superclass = java.lang.Enum
[DEBUG] Going to instrument: org.cs362.dominion.Card$CardName
[INFO] Found static initializer in class org/cs362/dominion/Card$CardName
[INFO] No hashCode defined for: org/cs362/dominion/Card$CardName, superclass = java.lang.Enum
[INFO] Error while loading class: java.lang.ClassFormatError: Duplicate method name&signature in class file org/cs362/dominion/Card$CardName
[INFO] Seeing class for first time: org.cs362.dominion.Card$Type
[INFO] Instrumenting class 'org.cs362.dominion.Card$Type'.
[INFO] Adding mock interface to class org/cs362/dominion/Card$Type
[INFO] Found static initializer in class org/cs362/dominion/Card$Type
[INFO] No hashCode defined for: org/cs362/dominion/Card$Type, superclass = java.lang.Enum
[DEBUG] Going to instrument: org.cs362.dominion.Card$Type
[INFO] Found static initializer in class org/cs362/dominion/Card$Type
[INFO] No hashCode defined for: org/cs362/dominion/Card$Type, superclass = java.lang.Enum
[INFO] Error while loading class: java.lang.ClassFormatError: Duplicate method name&signature in class file org/cs362/dominion/Card$Type
]]></system-out>
  </testcase>
  <testcase name="test10" classname="org.cs362.dominion.Card_ESTest" time="0.006">
    <error message="org/cs362/dominion/Card$Type" type="java.lang.NoClassDefFoundError">java.lang.NoClassDefFoundError: org/cs362/dominion/Card$Type
	at java.lang.ClassLoader.defineClass1(Native Method)
	at java.lang.ClassLoader.defineClass(ClassLoader.java:763)
	at java.lang.ClassLoader.defineClass(ClassLoader.java:642)
	at org.evosuite.runtime.instrumentation.EvoClassLoader.instrumentClass(EvoClassLoader.java:116)
	at org.evosuite.runtime.instrumentation.EvoClassLoader.loadClass(EvoClassLoader.java:92)
	at org.cs362.dominion.Card_ESTest.test10(Card_ESTest.java:123)
</error>
    <system-out><![CDATA[[INFO] Seeing class for first time: org.cs362.dominion.Card$Type
[INFO] Instrumenting class 'org.cs362.dominion.Card$Type'.
[INFO] Adding mock interface to class org/cs362/dominion/Card$Type
[INFO] Found static initializer in class org/cs362/dominion/Card$Type
[INFO] No hashCode defined for: org/cs362/dominion/Card$Type, superclass = java.lang.Enum
[DEBUG] Going to instrument: org.cs362.dominion.Card$Type
[INFO] Found static initializer in class org/cs362/dominion/Card$Type
[INFO] No hashCode defined for: org/cs362/dominion/Card$Type, superclass = java.lang.Enum
[INFO] Error while loading class: java.lang.ClassFormatError: Duplicate method name&signature in class file org/cs362/dominion/Card$Type
[INFO] Seeing class for first time: org.cs362.dominion.Card$CardName
[INFO] Instrumenting class 'org.cs362.dominion.Card$CardName'.
[INFO] Adding mock interface to class org/cs362/dominion/Card$CardName
[INFO] Found static initializer in class org/cs362/dominion/Card$CardName
[INFO] No hashCode defined for: org/cs362/dominion/Card$CardName, superclass = java.lang.Enum
[DEBUG] Going to instrument: org.cs362.dominion.Card$CardName
[INFO] Found static initializer in class org/cs362/dominion/Card$CardName
[INFO] No hashCode defined for: org/cs362/dominion/Card$CardName, superclass = java.lang.Enum
[INFO] Error while loading class: java.lang.ClassFormatError: Duplicate method name&signature in class file org/cs362/dominion/Card$CardName
[INFO] Seeing class for first time: org.cs362.dominion.Card$Type
[INFO] Instrumenting class 'org.cs362.dominion.Card$Type'.
[INFO] Adding mock interface to class org/cs362/dominion/Card$Type
[INFO] Found static initializer in class org/cs362/dominion/Card$Type
[INFO] No hashCode defined for: org/cs362/dominion/Card$Type, superclass = java.lang.Enum
[DEBUG] Going to instrument: org.cs362.dominion.Card$Type
[INFO] Found static initializer in class org/cs362/dominion/Card$Type
[INFO] No hashCode defined for: org/cs362/dominion/Card$Type, superclass = java.lang.Enum
[INFO] Error while loading class: java.lang.ClassFormatError: Duplicate method name&signature in class file org/cs362/dominion/Card$Type
]]></system-out>
  </testcase>
  <testcase name="test11" classname="org.cs362.dominion.Card_ESTest" time="0.005">
    <error message="org/cs362/dominion/Card$CardName" type="java.lang.NoClassDefFoundError">java.lang.NoClassDefFoundError: org/cs362/dominion/Card$CardName
	at java.lang.ClassLoader.defineClass1(Native Method)
	at java.lang.ClassLoader.defineClass(ClassLoader.java:763)
	at java.lang.ClassLoader.defineClass(ClassLoader.java:642)
	at org.evosuite.runtime.instrumentation.EvoClassLoader.instrumentClass(EvoClassLoader.java:116)
	at org.evosuite.runtime.instrumentation.EvoClassLoader.loadClass(EvoClassLoader.java:92)
	at org.cs362.dominion.Card_ESTest.test11(Card_ESTest.java:139)
</error>
    <system-out><![CDATA[[INFO] Seeing class for first time: org.cs362.dominion.Card$CardName
[INFO] Instrumenting class 'org.cs362.dominion.Card$CardName'.
[INFO] Adding mock interface to class org/cs362/dominion/Card$CardName
[INFO] Found static initializer in class org/cs362/dominion/Card$CardName
[INFO] No hashCode defined for: org/cs362/dominion/Card$CardName, superclass = java.lang.Enum
[DEBUG] Going to instrument: org.cs362.dominion.Card$CardName
[INFO] Found static initializer in class org/cs362/dominion/Card$CardName
[INFO] No hashCode defined for: org/cs362/dominion/Card$CardName, superclass = java.lang.Enum
[INFO] Error while loading class: java.lang.ClassFormatError: Duplicate method name&signature in class file org/cs362/dominion/Card$CardName
[INFO] Seeing class for first time: org.cs362.dominion.Card$CardName
[INFO] Instrumenting class 'org.cs362.dominion.Card$CardName'.
[INFO] Adding mock interface to class org/cs362/dominion/Card$CardName
[INFO] Found static initializer in class org/cs362/dominion/Card$CardName
[INFO] No hashCode defined for: org/cs362/dominion/Card$CardName, superclass = java.lang.Enum
[DEBUG] Going to instrument: org.cs362.dominion.Card$CardName
[INFO] Found static initializer in class org/cs362/dominion/Card$CardName
[INFO] No hashCode defined for: org/cs362/dominion/Card$CardName, superclass = java.lang.Enum
[INFO] Error while loading class: java.lang.ClassFormatError: Duplicate method name&signature in class file org/cs362/dominion/Card$CardName
[INFO] Seeing class for first time: org.cs362.dominion.Card$Type
[INFO] Instrumenting class 'org.cs362.dominion.Card$Type'.
[INFO] Adding mock interface to class org/cs362/dominion/Card$Type
[INFO] Found static initializer in class org/cs362/dominion/Card$Type
[INFO] No hashCode defined for: org/cs362/dominion/Card$Type, superclass = java.lang.Enum
[DEBUG] Going to instrument: org.cs362.dominion.Card$Type
[INFO] Found static initializer in class org/cs362/dominion/Card$Type
[INFO] No hashCode defined for: org/cs362/dominion/Card$Type, superclass = java.lang.Enum
[INFO] Error while loading class: java.lang.ClassFormatError: Duplicate method name&signature in class file org/cs362/dominion/Card$Type
]]></system-out>
  </testcase>
  <testcase name="test12" classname="org.cs362.dominion.Card_ESTest" time="0.007">
    <error message="org/cs362/dominion/Card$CardName" type="java.lang.NoClassDefFoundError">java.lang.NoClassDefFoundError: org/cs362/dominion/Card$CardName
	at java.lang.ClassLoader.defineClass1(Native Method)
	at java.lang.ClassLoader.defineClass(ClassLoader.java:763)
	at java.lang.ClassLoader.defineClass(ClassLoader.java:642)
	at org.evosuite.runtime.instrumentation.EvoClassLoader.instrumentClass(EvoClassLoader.java:116)
	at org.evosuite.runtime.instrumentation.EvoClassLoader.loadClass(EvoClassLoader.java:92)
	at org.cs362.dominion.Card_ESTest.test12(Card_ESTest.java:146)
</error>
    <system-out><![CDATA[[INFO] Seeing class for first time: org.cs362.dominion.Card$CardName
[INFO] Instrumenting class 'org.cs362.dominion.Card$CardName'.
[INFO] Adding mock interface to class org/cs362/dominion/Card$CardName
[INFO] Found static initializer in class org/cs362/dominion/Card$CardName
[INFO] No hashCode defined for: org/cs362/dominion/Card$CardName, superclass = java.lang.Enum
[DEBUG] Going to instrument: org.cs362.dominion.Card$CardName
[INFO] Found static initializer in class org/cs362/dominion/Card$CardName
[INFO] No hashCode defined for: org/cs362/dominion/Card$CardName, superclass = java.lang.Enum
[INFO] Error while loading class: java.lang.ClassFormatError: Duplicate method name&signature in class file org/cs362/dominion/Card$CardName
[INFO] Seeing class for first time: org.cs362.dominion.Card$CardName
[INFO] Instrumenting class 'org.cs362.dominion.Card$CardName'.
[INFO] Adding mock interface to class org/cs362/dominion/Card$CardName
[INFO] Found static initializer in class org/cs362/dominion/Card$CardName
[INFO] No hashCode defined for: org/cs362/dominion/Card$CardName, superclass = java.lang.Enum
[DEBUG] Going to instrument: org.cs362.dominion.Card$CardName
[INFO] Found static initializer in class org/cs362/dominion/Card$CardName
[INFO] No hashCode defined for: org/cs362/dominion/Card$CardName, superclass = java.lang.Enum
[INFO] Error while loading class: java.lang.ClassFormatError: Duplicate method name&signature in class file org/cs362/dominion/Card$CardName
[INFO] Seeing class for first time: org.cs362.dominion.Card$Type
[INFO] Instrumenting class 'org.cs362.dominion.Card$Type'.
[INFO] Adding mock interface to class org/cs362/dominion/Card$Type
[INFO] Found static initializer in class org/cs362/dominion/Card$Type
[INFO] No hashCode defined for: org/cs362/dominion/Card$Type, superclass = java.lang.Enum
[DEBUG] Going to instrument: org.cs362.dominion.Card$Type
[INFO] Found static initializer in class org/cs362/dominion/Card$Type
[INFO] No hashCode defined for: org/cs362/dominion/Card$Type, superclass = java.lang.Enum
[INFO] Error while loading class: java.lang.ClassFormatError: Duplicate method name&signature in class file org/cs362/dominion/Card$Type
]]></system-out>
  </testcase>
  <testcase name="test06" classname="org.cs362.dominion.Card_ESTest" time="0.007">
    <error message="org/cs362/dominion/Card$CardName" type="java.lang.NoClassDefFoundError">java.lang.NoClassDefFoundError: org/cs362/dominion/Card$CardName
	at java.lang.ClassLoader.defineClass1(Native Method)
	at java.lang.ClassLoader.defineClass(ClassLoader.java:763)
	at java.lang.ClassLoader.defineClass(ClassLoader.java:642)
	at org.evosuite.runtime.instrumentation.EvoClassLoader.instrumentClass(EvoClassLoader.java:116)
	at org.evosuite.runtime.instrumentation.EvoClassLoader.loadClass(EvoClassLoader.java:92)
	at org.cs362.dominion.Card_ESTest.test06(Card_ESTest.java:77)
</error>
    <system-out><![CDATA[[INFO] Seeing class for first time: org.cs362.dominion.Card$CardName
[INFO] Instrumenting class 'org.cs362.dominion.Card$CardName'.
[INFO] Adding mock interface to class org/cs362/dominion/Card$CardName
[INFO] Found static initializer in class org/cs362/dominion/Card$CardName
[INFO] No hashCode defined for: org/cs362/dominion/Card$CardName, superclass = java.lang.Enum
[DEBUG] Going to instrument: org.cs362.dominion.Card$CardName
[INFO] Found static initializer in class org/cs362/dominion/Card$CardName
[INFO] No hashCode defined for: org/cs362/dominion/Card$CardName, superclass = java.lang.Enum
[INFO] Error while loading class: java.lang.ClassFormatError: Duplicate method name&signature in class file org/cs362/dominion/Card$CardName
[INFO] Seeing class for first time: org.cs362.dominion.Card$CardName
[INFO] Instrumenting class 'org.cs362.dominion.Card$CardName'.
[INFO] Adding mock interface to class org/cs362/dominion/Card$CardName
[INFO] Found static initializer in class org/cs362/dominion/Card$CardName
[INFO] No hashCode defined for: org/cs362/dominion/Card$CardName, superclass = java.lang.Enum
[DEBUG] Going to instrument: org.cs362.dominion.Card$CardName
[INFO] Found static initializer in class org/cs362/dominion/Card$CardName
[INFO] No hashCode defined for: org/cs362/dominion/Card$CardName, superclass = java.lang.Enum
[INFO] Error while loading class: java.lang.ClassFormatError: Duplicate method name&signature in class file org/cs362/dominion/Card$CardName
[INFO] Seeing class for first time: org.cs362.dominion.Card$Type
[INFO] Instrumenting class 'org.cs362.dominion.Card$Type'.
[INFO] Adding mock interface to class org/cs362/dominion/Card$Type
[INFO] Found static initializer in class org/cs362/dominion/Card$Type
[INFO] No hashCode defined for: org/cs362/dominion/Card$Type, superclass = java.lang.Enum
[DEBUG] Going to instrument: org.cs362.dominion.Card$Type
[INFO] Found static initializer in class org/cs362/dominion/Card$Type
[INFO] No hashCode defined for: org/cs362/dominion/Card$Type, superclass = java.lang.Enum
[INFO] Error while loading class: java.lang.ClassFormatError: Duplicate method name&signature in class file org/cs362/dominion/Card$Type
]]></system-out>
  </testcase>
  <testcase name="test07" classname="org.cs362.dominion.Card_ESTest" time="0.008">
    <error message="org/cs362/dominion/Card$CardName" type="java.lang.NoClassDefFoundError">java.lang.NoClassDefFoundError: org/cs362/dominion/Card$CardName
	at java.lang.ClassLoader.defineClass1(Native Method)
	at java.lang.ClassLoader.defineClass(ClassLoader.java:763)
	at java.lang.ClassLoader.defineClass(ClassLoader.java:642)
	at org.evosuite.runtime.instrumentation.EvoClassLoader.instrumentClass(EvoClassLoader.java:116)
	at org.evosuite.runtime.instrumentation.EvoClassLoader.loadClass(EvoClassLoader.java:92)
	at org.cs362.dominion.Card_ESTest.test07(Card_ESTest.java:86)
</error>
    <system-out><![CDATA[[INFO] Seeing class for first time: org.cs362.dominion.Card$CardName
[INFO] Instrumenting class 'org.cs362.dominion.Card$CardName'.
[INFO] Adding mock interface to class org/cs362/dominion/Card$CardName
[INFO] Found static initializer in class org/cs362/dominion/Card$CardName
[INFO] No hashCode defined for: org/cs362/dominion/Card$CardName, superclass = java.lang.Enum
[DEBUG] Going to instrument: org.cs362.dominion.Card$CardName
[INFO] Found static initializer in class org/cs362/dominion/Card$CardName
[INFO] No hashCode defined for: org/cs362/dominion/Card$CardName, superclass = java.lang.Enum
[INFO] Error while loading class: java.lang.ClassFormatError: Duplicate method name&signature in class file org/cs362/dominion/Card$CardName
[INFO] Seeing class for first time: org.cs362.dominion.Card$CardName
[INFO] Instrumenting class 'org.cs362.dominion.Card$CardName'.
[INFO] Adding mock interface to class org/cs362/dominion/Card$CardName
[INFO] Found static initializer in class org/cs362/dominion/Card$CardName
[INFO] No hashCode defined for: org/cs362/dominion/Card$CardName, superclass = java.lang.Enum
[DEBUG] Going to instrument: org.cs362.dominion.Card$CardName
[INFO] Found static initializer in class org/cs362/dominion/Card$CardName
[INFO] No hashCode defined for: org/cs362/dominion/Card$CardName, superclass = java.lang.Enum
[INFO] Error while loading class: java.lang.ClassFormatError: Duplicate method name&signature in class file org/cs362/dominion/Card$CardName
[INFO] Seeing class for first time: org.cs362.dominion.Card$Type
[INFO] Instrumenting class 'org.cs362.dominion.Card$Type'.
[INFO] Adding mock interface to class org/cs362/dominion/Card$Type
[INFO] Found static initializer in class org/cs362/dominion/Card$Type
[INFO] No hashCode defined for: org/cs362/dominion/Card$Type, superclass = java.lang.Enum
[DEBUG] Going to instrument: org.cs362.dominion.Card$Type
[INFO] Found static initializer in class org/cs362/dominion/Card$Type
[INFO] No hashCode defined for: org/cs362/dominion/Card$Type, superclass = java.lang.Enum
[INFO] Error while loading class: java.lang.ClassFormatError: Duplicate method name&signature in class file org/cs362/dominion/Card$Type
]]></system-out>
  </testcase>
  <testcase name="test08" classname="org.cs362.dominion.Card_ESTest" time="0.006">
    <error message="org/cs362/dominion/Card$CardName" type="java.lang.NoClassDefFoundError">java.lang.NoClassDefFoundError: org/cs362/dominion/Card$CardName
	at java.lang.ClassLoader.defineClass1(Native Method)
	at java.lang.ClassLoader.defineClass(ClassLoader.java:763)
	at java.lang.ClassLoader.defineClass(ClassLoader.java:642)
	at org.evosuite.runtime.instrumentation.EvoClassLoader.instrumentClass(EvoClassLoader.java:116)
	at org.evosuite.runtime.instrumentation.EvoClassLoader.loadClass(EvoClassLoader.java:92)
	at org.cs362.dominion.Card_ESTest.test08(Card_ESTest.java:95)
</error>
    <system-out><![CDATA[[INFO] Seeing class for first time: org.cs362.dominion.Card$CardName
[INFO] Instrumenting class 'org.cs362.dominion.Card$CardName'.
[INFO] Adding mock interface to class org/cs362/dominion/Card$CardName
[INFO] Found static initializer in class org/cs362/dominion/Card$CardName
[INFO] No hashCode defined for: org/cs362/dominion/Card$CardName, superclass = java.lang.Enum
[DEBUG] Going to instrument: org.cs362.dominion.Card$CardName
[INFO] Found static initializer in class org/cs362/dominion/Card$CardName
[INFO] No hashCode defined for: org/cs362/dominion/Card$CardName, superclass = java.lang.Enum
[INFO] Error while loading class: java.lang.ClassFormatError: Duplicate method name&signature in class file org/cs362/dominion/Card$CardName
[INFO] Seeing class for first time: org.cs362.dominion.Card$CardName
[INFO] Instrumenting class 'org.cs362.dominion.Card$CardName'.
[INFO] Adding mock interface to class org/cs362/dominion/Card$CardName
[INFO] Found static initializer in class org/cs362/dominion/Card$CardName
[INFO] No hashCode defined for: org/cs362/dominion/Card$CardName, superclass = java.lang.Enum
[DEBUG] Going to instrument: org.cs362.dominion.Card$CardName
[INFO] Found static initializer in class org/cs362/dominion/Card$CardName
[INFO] No hashCode defined for: org/cs362/dominion/Card$CardName, superclass = java.lang.Enum
[INFO] Error while loading class: java.lang.ClassFormatError: Duplicate method name&signature in class file org/cs362/dominion/Card$CardName
[INFO] Seeing class for first time: org.cs362.dominion.Card$Type
[INFO] Instrumenting class 'org.cs362.dominion.Card$Type'.
[INFO] Adding mock interface to class org/cs362/dominion/Card$Type
[INFO] Found static initializer in class org/cs362/dominion/Card$Type
[INFO] No hashCode defined for: org/cs362/dominion/Card$Type, superclass = java.lang.Enum
[DEBUG] Going to instrument: org.cs362.dominion.Card$Type
[INFO] Found static initializer in class org/cs362/dominion/Card$Type
[INFO] No hashCode defined for: org/cs362/dominion/Card$Type, superclass = java.lang.Enum
[INFO] Error while loading class: java.lang.ClassFormatError: Duplicate method name&signature in class file org/cs362/dominion/Card$Type
]]></system-out>
  </testcase>
  <testcase name="test09" classname="org.cs362.dominion.Card_ESTest" time="0.006">
    <error message="org/cs362/dominion/Card$CardName" type="java.lang.NoClassDefFoundError">java.lang.NoClassDefFoundError: org/cs362/dominion/Card$CardName
	at java.lang.ClassLoader.defineClass1(Native Method)
	at java.lang.ClassLoader.defineClass(ClassLoader.java:763)
	at java.lang.ClassLoader.defineClass(ClassLoader.java:642)
	at org.evosuite.runtime.instrumentation.EvoClassLoader.instrumentClass(EvoClassLoader.java:116)
	at org.evosuite.runtime.instrumentation.EvoClassLoader.loadClass(EvoClassLoader.java:92)
	at org.cs362.dominion.Card_ESTest.test09(Card_ESTest.java:107)
</error>
    <system-out><![CDATA[[INFO] Seeing class for first time: org.cs362.dominion.Card$CardName
[INFO] Instrumenting class 'org.cs362.dominion.Card$CardName'.
[INFO] Adding mock interface to class org/cs362/dominion/Card$CardName
[INFO] Found static initializer in class org/cs362/dominion/Card$CardName
[INFO] No hashCode defined for: org/cs362/dominion/Card$CardName, superclass = java.lang.Enum
[DEBUG] Going to instrument: org.cs362.dominion.Card$CardName
[INFO] Found static initializer in class org/cs362/dominion/Card$CardName
[INFO] No hashCode defined for: org/cs362/dominion/Card$CardName, superclass = java.lang.Enum
[INFO] Error while loading class: java.lang.ClassFormatError: Duplicate method name&signature in class file org/cs362/dominion/Card$CardName
[INFO] Seeing class for first time: org.cs362.dominion.Card$CardName
[INFO] Instrumenting class 'org.cs362.dominion.Card$CardName'.
[INFO] Adding mock interface to class org/cs362/dominion/Card$CardName
[INFO] Found static initializer in class org/cs362/dominion/Card$CardName
[INFO] No hashCode defined for: org/cs362/dominion/Card$CardName, superclass = java.lang.Enum
[DEBUG] Going to instrument: org.cs362.dominion.Card$CardName
[INFO] Found static initializer in class org/cs362/dominion/Card$CardName
[INFO] No hashCode defined for: org/cs362/dominion/Card$CardName, superclass = java.lang.Enum
[INFO] Error while loading class: java.lang.ClassFormatError: Duplicate method name&signature in class file org/cs362/dominion/Card$CardName
[INFO] Seeing class for first time: org.cs362.dominion.Card$Type
[INFO] Instrumenting class 'org.cs362.dominion.Card$Type'.
[INFO] Adding mock interface to class org/cs362/dominion/Card$Type
[INFO] Found static initializer in class org/cs362/dominion/Card$Type
[INFO] No hashCode defined for: org/cs362/dominion/Card$Type, superclass = java.lang.Enum
[DEBUG] Going to instrument: org.cs362.dominion.Card$Type
[INFO] Found static initializer in class org/cs362/dominion/Card$Type
[INFO] No hashCode defined for: org/cs362/dominion/Card$Type, superclass = java.lang.Enum
[INFO] Error while loading class: java.lang.ClassFormatError: Duplicate method name&signature in class file org/cs362/dominion/Card$Type
]]></system-out>
  </testcase>
  <testcase name="test02" classname="org.cs362.dominion.Card_ESTest" time="0.007">
    <error message="org/cs362/dominion/Card$CardName" type="java.lang.NoClassDefFoundError">java.lang.NoClassDefFoundError: org/cs362/dominion/Card$CardName
	at java.lang.ClassLoader.defineClass1(Native Method)
	at java.lang.ClassLoader.defineClass(ClassLoader.java:763)
	at java.lang.ClassLoader.defineClass(ClassLoader.java:642)
	at org.evosuite.runtime.instrumentation.EvoClassLoader.instrumentClass(EvoClassLoader.java:116)
	at org.evosuite.runtime.instrumentation.EvoClassLoader.loadClass(EvoClassLoader.java:92)
	at org.cs362.dominion.Card_ESTest.test02(Card_ESTest.java:42)
</error>
    <system-out><![CDATA[[INFO] Seeing class for first time: org.cs362.dominion.Card$CardName
[INFO] Instrumenting class 'org.cs362.dominion.Card$CardName'.
[INFO] Adding mock interface to class org/cs362/dominion/Card$CardName
[INFO] Found static initializer in class org/cs362/dominion/Card$CardName
[INFO] No hashCode defined for: org/cs362/dominion/Card$CardName, superclass = java.lang.Enum
[DEBUG] Going to instrument: org.cs362.dominion.Card$CardName
[INFO] Found static initializer in class org/cs362/dominion/Card$CardName
[INFO] No hashCode defined for: org/cs362/dominion/Card$CardName, superclass = java.lang.Enum
[INFO] Error while loading class: java.lang.ClassFormatError: Duplicate method name&signature in class file org/cs362/dominion/Card$CardName
[INFO] Seeing class for first time: org.cs362.dominion.Card$CardName
[INFO] Instrumenting class 'org.cs362.dominion.Card$CardName'.
[INFO] Adding mock interface to class org/cs362/dominion/Card$CardName
[INFO] Found static initializer in class org/cs362/dominion/Card$CardName
[INFO] No hashCode defined for: org/cs362/dominion/Card$CardName, superclass = java.lang.Enum
[DEBUG] Going to instrument: org.cs362.dominion.Card$CardName
[INFO] Found static initializer in class org/cs362/dominion/Card$CardName
[INFO] No hashCode defined for: org/cs362/dominion/Card$CardName, superclass = java.lang.Enum
[INFO] Error while loading class: java.lang.ClassFormatError: Duplicate method name&signature in class file org/cs362/dominion/Card$CardName
[INFO] Seeing class for first time: org.cs362.dominion.Card$Type
[INFO] Instrumenting class 'org.cs362.dominion.Card$Type'.
[INFO] Adding mock interface to class org/cs362/dominion/Card$Type
[INFO] Found static initializer in class org/cs362/dominion/Card$Type
[INFO] No hashCode defined for: org/cs362/dominion/Card$Type, superclass = java.lang.Enum
[DEBUG] Going to instrument: org.cs362.dominion.Card$Type
[INFO] Found static initializer in class org/cs362/dominion/Card$Type
[INFO] No hashCode defined for: org/cs362/dominion/Card$Type, superclass = java.lang.Enum
[INFO] Error while loading class: java.lang.ClassFormatError: Duplicate method name&signature in class file org/cs362/dominion/Card$Type
]]></system-out>
  </testcase>
  <testcase name="test24" classname="org.cs362.dominion.Card_ESTest" time="0.008">
    <error message="org/cs362/dominion/Card$CardName" type="java.lang.NoClassDefFoundError">java.lang.NoClassDefFoundError: org/cs362/dominion/Card$CardName
	at java.lang.ClassLoader.defineClass1(Native Method)
	at java.lang.ClassLoader.defineClass(ClassLoader.java:763)
	at java.lang.ClassLoader.defineClass(ClassLoader.java:642)
	at org.evosuite.runtime.instrumentation.EvoClassLoader.instrumentClass(EvoClassLoader.java:116)
	at org.evosuite.runtime.instrumentation.EvoClassLoader.loadClass(EvoClassLoader.java:92)
	at org.cs362.dominion.Card_ESTest.test24(Card_ESTest.java:276)
</error>
    <system-out><![CDATA[[INFO] Seeing class for first time: org.cs362.dominion.Card$CardName
[INFO] Instrumenting class 'org.cs362.dominion.Card$CardName'.
[INFO] Adding mock interface to class org/cs362/dominion/Card$CardName
[INFO] Found static initializer in class org/cs362/dominion/Card$CardName
[INFO] No hashCode defined for: org/cs362/dominion/Card$CardName, superclass = java.lang.Enum
[DEBUG] Going to instrument: org.cs362.dominion.Card$CardName
[INFO] Found static initializer in class org/cs362/dominion/Card$CardName
[INFO] No hashCode defined for: org/cs362/dominion/Card$CardName, superclass = java.lang.Enum
[INFO] Error while loading class: java.lang.ClassFormatError: Duplicate method name&signature in class file org/cs362/dominion/Card$CardName
[INFO] Seeing class for first time: org.cs362.dominion.Card$CardName
[INFO] Instrumenting class 'org.cs362.dominion.Card$CardName'.
[INFO] Adding mock interface to class org/cs362/dominion/Card$CardName
[INFO] Found static initializer in class org/cs362/dominion/Card$CardName
[INFO] No hashCode defined for: org/cs362/dominion/Card$CardName, superclass = java.lang.Enum
[DEBUG] Going to instrument: org.cs362.dominion.Card$CardName
[INFO] Found static initializer in class org/cs362/dominion/Card$CardName
[INFO] No hashCode defined for: org/cs362/dominion/Card$CardName, superclass = java.lang.Enum
[INFO] Error while loading class: java.lang.ClassFormatError: Duplicate method name&signature in class file org/cs362/dominion/Card$CardName
[INFO] Seeing class for first time: org.cs362.dominion.Card$Type
[INFO] Instrumenting class 'org.cs362.dominion.Card$Type'.
[INFO] Adding mock interface to class org/cs362/dominion/Card$Type
[INFO] Found static initializer in class org/cs362/dominion/Card$Type
[INFO] No hashCode defined for: org/cs362/dominion/Card$Type, superclass = java.lang.Enum
[DEBUG] Going to instrument: org.cs362.dominion.Card$Type
[INFO] Found static initializer in class org/cs362/dominion/Card$Type
[INFO] No hashCode defined for: org/cs362/dominion/Card$Type, superclass = java.lang.Enum
[INFO] Error while loading class: java.lang.ClassFormatError: Duplicate method name&signature in class file org/cs362/dominion/Card$Type
]]></system-out>
  </testcase>
  <testcase name="test03" classname="org.cs362.dominion.Card_ESTest" time="0.007">
    <error message="org/cs362/dominion/Card$CardName" type="java.lang.NoClassDefFoundError">java.lang.NoClassDefFoundError: org/cs362/dominion/Card$CardName
	at java.lang.ClassLoader.defineClass1(Native Method)
	at java.lang.ClassLoader.defineClass(ClassLoader.java:763)
	at java.lang.ClassLoader.defineClass(ClassLoader.java:642)
	at org.evosuite.runtime.instrumentation.EvoClassLoader.instrumentClass(EvoClassLoader.java:116)
	at org.evosuite.runtime.instrumentation.EvoClassLoader.loadClass(EvoClassLoader.java:92)
	at org.cs362.dominion.Card_ESTest.test03(Card_ESTest.java:49)
</error>
    <system-out><![CDATA[[INFO] Seeing class for first time: org.cs362.dominion.Card$CardName
[INFO] Instrumenting class 'org.cs362.dominion.Card$CardName'.
[INFO] Adding mock interface to class org/cs362/dominion/Card$CardName
[INFO] Found static initializer in class org/cs362/dominion/Card$CardName
[INFO] No hashCode defined for: org/cs362/dominion/Card$CardName, superclass = java.lang.Enum
[DEBUG] Going to instrument: org.cs362.dominion.Card$CardName
[INFO] Found static initializer in class org/cs362/dominion/Card$CardName
[INFO] No hashCode defined for: org/cs362/dominion/Card$CardName, superclass = java.lang.Enum
[INFO] Error while loading class: java.lang.ClassFormatError: Duplicate method name&signature in class file org/cs362/dominion/Card$CardName
[INFO] Seeing class for first time: org.cs362.dominion.Card$CardName
[INFO] Instrumenting class 'org.cs362.dominion.Card$CardName'.
[INFO] Adding mock interface to class org/cs362/dominion/Card$CardName
[INFO] Found static initializer in class org/cs362/dominion/Card$CardName
[INFO] No hashCode defined for: org/cs362/dominion/Card$CardName, superclass = java.lang.Enum
[DEBUG] Going to instrument: org.cs362.dominion.Card$CardName
[INFO] Found static initializer in class org/cs362/dominion/Card$CardName
[INFO] No hashCode defined for: org/cs362/dominion/Card$CardName, superclass = java.lang.Enum
[INFO] Error while loading class: java.lang.ClassFormatError: Duplicate method name&signature in class file org/cs362/dominion/Card$CardName
[INFO] Seeing class for first time: org.cs362.dominion.Card$Type
[INFO] Instrumenting class 'org.cs362.dominion.Card$Type'.
[INFO] Adding mock interface to class org/cs362/dominion/Card$Type
[INFO] Found static initializer in class org/cs362/dominion/Card$Type
[INFO] No hashCode defined for: org/cs362/dominion/Card$Type, superclass = java.lang.Enum
[DEBUG] Going to instrument: org.cs362.dominion.Card$Type
[INFO] Found static initializer in class org/cs362/dominion/Card$Type
[INFO] No hashCode defined for: org/cs362/dominion/Card$Type, superclass = java.lang.Enum
[INFO] Error while loading class: java.lang.ClassFormatError: Duplicate method name&signature in class file org/cs362/dominion/Card$Type
]]></system-out>
  </testcase>
  <testcase name="test25" classname="org.cs362.dominion.Card_ESTest" time="0.007">
    <error message="org/cs362/dominion/Card$CardName" type="java.lang.NoClassDefFoundError">java.lang.NoClassDefFoundError: org/cs362/dominion/Card$CardName
	at java.lang.ClassLoader.defineClass1(Native Method)
	at java.lang.ClassLoader.defineClass(ClassLoader.java:763)
	at java.lang.ClassLoader.defineClass(ClassLoader.java:642)
	at org.evosuite.runtime.instrumentation.EvoClassLoader.instrumentClass(EvoClassLoader.java:116)
	at org.evosuite.runtime.instrumentation.EvoClassLoader.loadClass(EvoClassLoader.java:92)
	at org.cs362.dominion.Card_ESTest.test25(Card_ESTest.java:286)
</error>
    <system-out><![CDATA[[INFO] Seeing class for first time: org.cs362.dominion.Card$CardName
[INFO] Instrumenting class 'org.cs362.dominion.Card$CardName'.
[INFO] Adding mock interface to class org/cs362/dominion/Card$CardName
[INFO] Found static initializer in class org/cs362/dominion/Card$CardName
[INFO] No hashCode defined for: org/cs362/dominion/Card$CardName, superclass = java.lang.Enum
[DEBUG] Going to instrument: org.cs362.dominion.Card$CardName
[INFO] Found static initializer in class org/cs362/dominion/Card$CardName
[INFO] No hashCode defined for: org/cs362/dominion/Card$CardName, superclass = java.lang.Enum
[INFO] Error while loading class: java.lang.ClassFormatError: Duplicate method name&signature in class file org/cs362/dominion/Card$CardName
[INFO] Seeing class for first time: org.cs362.dominion.Card$CardName
[INFO] Instrumenting class 'org.cs362.dominion.Card$CardName'.
[INFO] Adding mock interface to class org/cs362/dominion/Card$CardName
[INFO] Found static initializer in class org/cs362/dominion/Card$CardName
[INFO] No hashCode defined for: org/cs362/dominion/Card$CardName, superclass = java.lang.Enum
[DEBUG] Going to instrument: org.cs362.dominion.Card$CardName
[INFO] Found static initializer in class org/cs362/dominion/Card$CardName
[INFO] No hashCode defined for: org/cs362/dominion/Card$CardName, superclass = java.lang.Enum
[INFO] Error while loading class: java.lang.ClassFormatError: Duplicate method name&signature in class file org/cs362/dominion/Card$CardName
[INFO] Seeing class for first time: org.cs362.dominion.Card$Type
[INFO] Instrumenting class 'org.cs362.dominion.Card$Type'.
[INFO] Adding mock interface to class org/cs362/dominion/Card$Type
[INFO] Found static initializer in class org/cs362/dominion/Card$Type
[INFO] No hashCode defined for: org/cs362/dominion/Card$Type, superclass = java.lang.Enum
[DEBUG] Going to instrument: org.cs362.dominion.Card$Type
[INFO] Found static initializer in class org/cs362/dominion/Card$Type
[INFO] No hashCode defined for: org/cs362/dominion/Card$Type, superclass = java.lang.Enum
[INFO] Error while loading class: java.lang.ClassFormatError: Duplicate method name&signature in class file org/cs362/dominion/Card$Type
]]></system-out>
  </testcase>
  <testcase name="test04" classname="org.cs362.dominion.Card_ESTest" time="0.007">
    <error message="org/cs362/dominion/Card$CardName" type="java.lang.NoClassDefFoundError">java.lang.NoClassDefFoundError: org/cs362/dominion/Card$CardName
	at java.lang.ClassLoader.defineClass1(Native Method)
	at java.lang.ClassLoader.defineClass(ClassLoader.java:763)
	at java.lang.ClassLoader.defineClass(ClassLoader.java:642)
	at org.evosuite.runtime.instrumentation.EvoClassLoader.instrumentClass(EvoClassLoader.java:116)
	at org.evosuite.runtime.instrumentation.EvoClassLoader.loadClass(EvoClassLoader.java:92)
	at org.cs362.dominion.Card_ESTest.test04(Card_ESTest.java:59)
</error>
    <system-out><![CDATA[[INFO] Seeing class for first time: org.cs362.dominion.Card$CardName
[INFO] Instrumenting class 'org.cs362.dominion.Card$CardName'.
[INFO] Adding mock interface to class org/cs362/dominion/Card$CardName
[INFO] Found static initializer in class org/cs362/dominion/Card$CardName
[INFO] No hashCode defined for: org/cs362/dominion/Card$CardName, superclass = java.lang.Enum
[DEBUG] Going to instrument: org.cs362.dominion.Card$CardName
[INFO] Found static initializer in class org/cs362/dominion/Card$CardName
[INFO] No hashCode defined for: org/cs362/dominion/Card$CardName, superclass = java.lang.Enum
[INFO] Error while loading class: java.lang.ClassFormatError: Duplicate method name&signature in class file org/cs362/dominion/Card$CardName
[INFO] Seeing class for first time: org.cs362.dominion.Card$CardName
[INFO] Instrumenting class 'org.cs362.dominion.Card$CardName'.
[INFO] Adding mock interface to class org/cs362/dominion/Card$CardName
[INFO] Found static initializer in class org/cs362/dominion/Card$CardName
[INFO] No hashCode defined for: org/cs362/dominion/Card$CardName, superclass = java.lang.Enum
[DEBUG] Going to instrument: org.cs362.dominion.Card$CardName
[INFO] Found static initializer in class org/cs362/dominion/Card$CardName
[INFO] No hashCode defined for: org/cs362/dominion/Card$CardName, superclass = java.lang.Enum
[INFO] Error while loading class: java.lang.ClassFormatError: Duplicate method name&signature in class file org/cs362/dominion/Card$CardName
[INFO] Seeing class for first time: org.cs362.dominion.Card$Type
[INFO] Instrumenting class 'org.cs362.dominion.Card$Type'.
[INFO] Adding mock interface to class org/cs362/dominion/Card$Type
[INFO] Found static initializer in class org/cs362/dominion/Card$Type
[INFO] No hashCode defined for: org/cs362/dominion/Card$Type, superclass = java.lang.Enum
[DEBUG] Going to instrument: org.cs362.dominion.Card$Type
[INFO] Found static initializer in class org/cs362/dominion/Card$Type
[INFO] No hashCode defined for: org/cs362/dominion/Card$Type, superclass = java.lang.Enum
[INFO] Error while loading class: java.lang.ClassFormatError: Duplicate method name&signature in class file org/cs362/dominion/Card$Type
]]></system-out>
  </testcase>
  <testcase name="test26" classname="org.cs362.dominion.Card_ESTest" time="0.007">
    <error message="org/cs362/dominion/Card$CardName" type="java.lang.NoClassDefFoundError">java.lang.NoClassDefFoundError: org/cs362/dominion/Card$CardName
	at java.lang.ClassLoader.defineClass1(Native Method)
	at java.lang.ClassLoader.defineClass(ClassLoader.java:763)
	at java.lang.ClassLoader.defineClass(ClassLoader.java:642)
	at org.evosuite.runtime.instrumentation.EvoClassLoader.instrumentClass(EvoClassLoader.java:116)
	at org.evosuite.runtime.instrumentation.EvoClassLoader.loadClass(EvoClassLoader.java:92)
	at org.cs362.dominion.Card_ESTest.test26(Card_ESTest.java:294)
</error>
    <system-out><![CDATA[[INFO] Seeing class for first time: org.cs362.dominion.Card$CardName
[INFO] Instrumenting class 'org.cs362.dominion.Card$CardName'.
[INFO] Adding mock interface to class org/cs362/dominion/Card$CardName
[INFO] Found static initializer in class org/cs362/dominion/Card$CardName
[INFO] No hashCode defined for: org/cs362/dominion/Card$CardName, superclass = java.lang.Enum
[DEBUG] Going to instrument: org.cs362.dominion.Card$CardName
[INFO] Found static initializer in class org/cs362/dominion/Card$CardName
[INFO] No hashCode defined for: org/cs362/dominion/Card$CardName, superclass = java.lang.Enum
[INFO] Error while loading class: java.lang.ClassFormatError: Duplicate method name&signature in class file org/cs362/dominion/Card$CardName
[INFO] Seeing class for first time: org.cs362.dominion.Card$CardName
[INFO] Instrumenting class 'org.cs362.dominion.Card$CardName'.
[INFO] Adding mock interface to class org/cs362/dominion/Card$CardName
[INFO] Found static initializer in class org/cs362/dominion/Card$CardName
[INFO] No hashCode defined for: org/cs362/dominion/Card$CardName, superclass = java.lang.Enum
[DEBUG] Going to instrument: org.cs362.dominion.Card$CardName
[INFO] Found static initializer in class org/cs362/dominion/Card$CardName
[INFO] No hashCode defined for: org/cs362/dominion/Card$CardName, superclass = java.lang.Enum
[INFO] Error while loading class: java.lang.ClassFormatError: Duplicate method name&signature in class file org/cs362/dominion/Card$CardName
[INFO] Seeing class for first time: org.cs362.dominion.Card$Type
[INFO] Instrumenting class 'org.cs362.dominion.Card$Type'.
[INFO] Adding mock interface to class org/cs362/dominion/Card$Type
[INFO] Found static initializer in class org/cs362/dominion/Card$Type
[INFO] No hashCode defined for: org/cs362/dominion/Card$Type, superclass = java.lang.Enum
[DEBUG] Going to instrument: org.cs362.dominion.Card$Type
[INFO] Found static initializer in class org/cs362/dominion/Card$Type
[INFO] No hashCode defined for: org/cs362/dominion/Card$Type, superclass = java.lang.Enum
[INFO] Error while loading class: java.lang.ClassFormatError: Duplicate method name&signature in class file org/cs362/dominion/Card$Type
]]></system-out>
  </testcase>
  <testcase name="test05" classname="org.cs362.dominion.Card_ESTest" time="0.007">
    <error message="org/cs362/dominion/Card$CardName" type="java.lang.NoClassDefFoundError">java.lang.NoClassDefFoundError: org/cs362/dominion/Card$CardName
	at java.lang.ClassLoader.defineClass1(Native Method)
	at java.lang.ClassLoader.defineClass(ClassLoader.java:763)
	at java.lang.ClassLoader.defineClass(ClassLoader.java:642)
	at org.evosuite.runtime.instrumentation.EvoClassLoader.instrumentClass(EvoClassLoader.java:116)
	at org.evosuite.runtime.instrumentation.EvoClassLoader.loadClass(EvoClassLoader.java:92)
	at org.cs362.dominion.Card_ESTest.test05(Card_ESTest.java:66)
</error>
    <system-out><![CDATA[[INFO] Seeing class for first time: org.cs362.dominion.Card$CardName
[INFO] Instrumenting class 'org.cs362.dominion.Card$CardName'.
[INFO] Adding mock interface to class org/cs362/dominion/Card$CardName
[INFO] Found static initializer in class org/cs362/dominion/Card$CardName
[INFO] No hashCode defined for: org/cs362/dominion/Card$CardName, superclass = java.lang.Enum
[DEBUG] Going to instrument: org.cs362.dominion.Card$CardName
[INFO] Found static initializer in class org/cs362/dominion/Card$CardName
[INFO] No hashCode defined for: org/cs362/dominion/Card$CardName, superclass = java.lang.Enum
[INFO] Error while loading class: java.lang.ClassFormatError: Duplicate method name&signature in class file org/cs362/dominion/Card$CardName
[INFO] Seeing class for first time: org.cs362.dominion.Card$CardName
[INFO] Instrumenting class 'org.cs362.dominion.Card$CardName'.
[INFO] Adding mock interface to class org/cs362/dominion/Card$CardName
[INFO] Found static initializer in class org/cs362/dominion/Card$CardName
[INFO] No hashCode defined for: org/cs362/dominion/Card$CardName, superclass = java.lang.Enum
[DEBUG] Going to instrument: org.cs362.dominion.Card$CardName
[INFO] Found static initializer in class org/cs362/dominion/Card$CardName
[INFO] No hashCode defined for: org/cs362/dominion/Card$CardName, superclass = java.lang.Enum
[INFO] Error while loading class: java.lang.ClassFormatError: Duplicate method name&signature in class file org/cs362/dominion/Card$CardName
[INFO] Seeing class for first time: org.cs362.dominion.Card$Type
[INFO] Instrumenting class 'org.cs362.dominion.Card$Type'.
[INFO] Adding mock interface to class org/cs362/dominion/Card$Type
[INFO] Found static initializer in class org/cs362/dominion/Card$Type
[INFO] No hashCode defined for: org/cs362/dominion/Card$Type, superclass = java.lang.Enum
[DEBUG] Going to instrument: org.cs362.dominion.Card$Type
[INFO] Found static initializer in class org/cs362/dominion/Card$Type
[INFO] No hashCode defined for: org/cs362/dominion/Card$Type, superclass = java.lang.Enum
[INFO] Error while loading class: java.lang.ClassFormatError: Duplicate method name&signature in class file org/cs362/dominion/Card$Type
]]></system-out>
  </testcase>
  <testcase name="test27" classname="org.cs362.dominion.Card_ESTest" time="0.006">
    <error message="org/cs362/dominion/Card$CardName" type="java.lang.NoClassDefFoundError">java.lang.NoClassDefFoundError: org/cs362/dominion/Card$CardName
	at java.lang.ClassLoader.defineClass1(Native Method)
	at java.lang.ClassLoader.defineClass(ClassLoader.java:763)
	at java.lang.ClassLoader.defineClass(ClassLoader.java:642)
	at org.evosuite.runtime.instrumentation.EvoClassLoader.instrumentClass(EvoClassLoader.java:116)
	at org.evosuite.runtime.instrumentation.EvoClassLoader.loadClass(EvoClassLoader.java:92)
	at org.cs362.dominion.Card_ESTest.test27(Card_ESTest.java:303)
</error>
    <system-out><![CDATA[[INFO] Seeing class for first time: org.cs362.dominion.Card$CardName
[INFO] Instrumenting class 'org.cs362.dominion.Card$CardName'.
[INFO] Adding mock interface to class org/cs362/dominion/Card$CardName
[INFO] Found static initializer in class org/cs362/dominion/Card$CardName
[INFO] No hashCode defined for: org/cs362/dominion/Card$CardName, superclass = java.lang.Enum
[DEBUG] Going to instrument: org.cs362.dominion.Card$CardName
[INFO] Found static initializer in class org/cs362/dominion/Card$CardName
[INFO] No hashCode defined for: org/cs362/dominion/Card$CardName, superclass = java.lang.Enum
[INFO] Error while loading class: java.lang.ClassFormatError: Duplicate method name&signature in class file org/cs362/dominion/Card$CardName
[INFO] Seeing class for first time: org.cs362.dominion.Card$CardName
[INFO] Instrumenting class 'org.cs362.dominion.Card$CardName'.
[INFO] Adding mock interface to class org/cs362/dominion/Card$CardName
[INFO] Found static initializer in class org/cs362/dominion/Card$CardName
[INFO] No hashCode defined for: org/cs362/dominion/Card$CardName, superclass = java.lang.Enum
[DEBUG] Going to instrument: org.cs362.dominion.Card$CardName
[INFO] Found static initializer in class org/cs362/dominion/Card$CardName
[INFO] No hashCode defined for: org/cs362/dominion/Card$CardName, superclass = java.lang.Enum
[INFO] Error while loading class: java.lang.ClassFormatError: Duplicate method name&signature in class file org/cs362/dominion/Card$CardName
[INFO] Seeing class for first time: org.cs362.dominion.Card$Type
[INFO] Instrumenting class 'org.cs362.dominion.Card$Type'.
[INFO] Adding mock interface to class org/cs362/dominion/Card$Type
[INFO] Found static initializer in class org/cs362/dominion/Card$Type
[INFO] No hashCode defined for: org/cs362/dominion/Card$Type, superclass = java.lang.Enum
[DEBUG] Going to instrument: org.cs362.dominion.Card$Type
[INFO] Found static initializer in class org/cs362/dominion/Card$Type
[INFO] No hashCode defined for: org/cs362/dominion/Card$Type, superclass = java.lang.Enum
[INFO] Error while loading class: java.lang.ClassFormatError: Duplicate method name&signature in class file org/cs362/dominion/Card$Type
]]></system-out>
  </testcase>
  <testcase name="test20" classname="org.cs362.dominion.Card_ESTest" time="0.008">
    <error message="org/cs362/dominion/Card$CardName" type="java.lang.NoClassDefFoundError">java.lang.NoClassDefFoundError: org/cs362/dominion/Card$CardName
	at java.lang.ClassLoader.defineClass1(Native Method)
	at java.lang.ClassLoader.defineClass(ClassLoader.java:763)
	at java.lang.ClassLoader.defineClass(ClassLoader.java:642)
	at org.evosuite.runtime.instrumentation.EvoClassLoader.instrumentClass(EvoClassLoader.java:116)
	at org.evosuite.runtime.instrumentation.EvoClassLoader.loadClass(EvoClassLoader.java:92)
	at org.cs362.dominion.Card_ESTest.test20(Card_ESTest.java:235)
</error>
    <system-out><![CDATA[[INFO] Seeing class for first time: org.cs362.dominion.Card$CardName
[INFO] Instrumenting class 'org.cs362.dominion.Card$CardName'.
[INFO] Adding mock interface to class org/cs362/dominion/Card$CardName
[INFO] Found static initializer in class org/cs362/dominion/Card$CardName
[INFO] No hashCode defined for: org/cs362/dominion/Card$CardName, superclass = java.lang.Enum
[DEBUG] Going to instrument: org.cs362.dominion.Card$CardName
[INFO] Found static initializer in class org/cs362/dominion/Card$CardName
[INFO] No hashCode defined for: org/cs362/dominion/Card$CardName, superclass = java.lang.Enum
[INFO] Error while loading class: java.lang.ClassFormatError: Duplicate method name&signature in class file org/cs362/dominion/Card$CardName
[INFO] Seeing class for first time: org.cs362.dominion.Card$CardName
[INFO] Instrumenting class 'org.cs362.dominion.Card$CardName'.
[INFO] Adding mock interface to class org/cs362/dominion/Card$CardName
[INFO] Found static initializer in class org/cs362/dominion/Card$CardName
[INFO] No hashCode defined for: org/cs362/dominion/Card$CardName, superclass = java.lang.Enum
[DEBUG] Going to instrument: org.cs362.dominion.Card$CardName
[INFO] Found static initializer in class org/cs362/dominion/Card$CardName
[INFO] No hashCode defined for: org/cs362/dominion/Card$CardName, superclass = java.lang.Enum
[INFO] Error while loading class: java.lang.ClassFormatError: Duplicate method name&signature in class file org/cs362/dominion/Card$CardName
[INFO] Seeing class for first time: org.cs362.dominion.Card$Type
[INFO] Instrumenting class 'org.cs362.dominion.Card$Type'.
[INFO] Adding mock interface to class org/cs362/dominion/Card$Type
[INFO] Found static initializer in class org/cs362/dominion/Card$Type
[INFO] No hashCode defined for: org/cs362/dominion/Card$Type, superclass = java.lang.Enum
[DEBUG] Going to instrument: org.cs362.dominion.Card$Type
[INFO] Found static initializer in class org/cs362/dominion/Card$Type
[INFO] No hashCode defined for: org/cs362/dominion/Card$Type, superclass = java.lang.Enum
[INFO] Error while loading class: java.lang.ClassFormatError: Duplicate method name&signature in class file org/cs362/dominion/Card$Type
]]></system-out>
  </testcase>
  <testcase name="test21" classname="org.cs362.dominion.Card_ESTest" time="0.005">
    <error message="org/cs362/dominion/Card$CardName" type="java.lang.NoClassDefFoundError">java.lang.NoClassDefFoundError: org/cs362/dominion/Card$CardName
	at java.lang.ClassLoader.defineClass1(Native Method)
	at java.lang.ClassLoader.defineClass(ClassLoader.java:763)
	at java.lang.ClassLoader.defineClass(ClassLoader.java:642)
	at org.evosuite.runtime.instrumentation.EvoClassLoader.instrumentClass(EvoClassLoader.java:116)
	at org.evosuite.runtime.instrumentation.EvoClassLoader.loadClass(EvoClassLoader.java:92)
	at org.cs362.dominion.Card_ESTest.test21(Card_ESTest.java:246)
</error>
    <system-out><![CDATA[[INFO] Seeing class for first time: org.cs362.dominion.Card$CardName
[INFO] Instrumenting class 'org.cs362.dominion.Card$CardName'.
[INFO] Adding mock interface to class org/cs362/dominion/Card$CardName
[INFO] Found static initializer in class org/cs362/dominion/Card$CardName
[INFO] No hashCode defined for: org/cs362/dominion/Card$CardName, superclass = java.lang.Enum
[DEBUG] Going to instrument: org.cs362.dominion.Card$CardName
[INFO] Found static initializer in class org/cs362/dominion/Card$CardName
[INFO] No hashCode defined for: org/cs362/dominion/Card$CardName, superclass = java.lang.Enum
[INFO] Error while loading class: java.lang.ClassFormatError: Duplicate method name&signature in class file org/cs362/dominion/Card$CardName
[INFO] Seeing class for first time: org.cs362.dominion.Card$CardName
[INFO] Instrumenting class 'org.cs362.dominion.Card$CardName'.
[INFO] Adding mock interface to class org/cs362/dominion/Card$CardName
[INFO] Found static initializer in class org/cs362/dominion/Card$CardName
[INFO] No hashCode defined for: org/cs362/dominion/Card$CardName, superclass = java.lang.Enum
[DEBUG] Going to instrument: org.cs362.dominion.Card$CardName
[INFO] Found static initializer in class org/cs362/dominion/Card$CardName
[INFO] No hashCode defined for: org/cs362/dominion/Card$CardName, superclass = java.lang.Enum
[INFO] Error while loading class: java.lang.ClassFormatError: Duplicate method name&signature in class file org/cs362/dominion/Card$CardName
[INFO] Seeing class for first time: org.cs362.dominion.Card$Type
[INFO] Instrumenting class 'org.cs362.dominion.Card$Type'.
[INFO] Adding mock interface to class org/cs362/dominion/Card$Type
[INFO] Found static initializer in class org/cs362/dominion/Card$Type
[INFO] No hashCode defined for: org/cs362/dominion/Card$Type, superclass = java.lang.Enum
[DEBUG] Going to instrument: org.cs362.dominion.Card$Type
[INFO] Found static initializer in class org/cs362/dominion/Card$Type
[INFO] No hashCode defined for: org/cs362/dominion/Card$Type, superclass = java.lang.Enum
[INFO] Error while loading class: java.lang.ClassFormatError: Duplicate method name&signature in class file org/cs362/dominion/Card$Type
]]></system-out>
  </testcase>
  <testcase name="test00" classname="org.cs362.dominion.Card_ESTest" time="0.003">
    <error message="org/cs362/dominion/Card$CardName" type="java.lang.NoClassDefFoundError">java.lang.NoClassDefFoundError: org/cs362/dominion/Card$CardName
	at java.lang.ClassLoader.defineClass1(Native Method)
	at java.lang.ClassLoader.defineClass(ClassLoader.java:763)
	at java.lang.ClassLoader.defineClass(ClassLoader.java:642)
	at org.evosuite.runtime.instrumentation.EvoClassLoader.instrumentClass(EvoClassLoader.java:116)
	at org.evosuite.runtime.instrumentation.EvoClassLoader.loadClass(EvoClassLoader.java:92)
	at org.cs362.dominion.Card_ESTest.test00(Card_ESTest.java:27)
</error>
    <system-out><![CDATA[[INFO] Seeing class for first time: org.cs362.dominion.Card$CardName
[INFO] Instrumenting class 'org.cs362.dominion.Card$CardName'.
[INFO] Adding mock interface to class org/cs362/dominion/Card$CardName
[INFO] Found static initializer in class org/cs362/dominion/Card$CardName
[INFO] No hashCode defined for: org/cs362/dominion/Card$CardName, superclass = java.lang.Enum
[DEBUG] Going to instrument: org.cs362.dominion.Card$CardName
[INFO] Found static initializer in class org/cs362/dominion/Card$CardName
[INFO] No hashCode defined for: org/cs362/dominion/Card$CardName, superclass = java.lang.Enum
[INFO] Error while loading class: java.lang.ClassFormatError: Duplicate method name&signature in class file org/cs362/dominion/Card$CardName
[INFO] Seeing class for first time: org.cs362.dominion.Card$CardName
[INFO] Instrumenting class 'org.cs362.dominion.Card$CardName'.
[INFO] Adding mock interface to class org/cs362/dominion/Card$CardName
[INFO] Found static initializer in class org/cs362/dominion/Card$CardName
[INFO] No hashCode defined for: org/cs362/dominion/Card$CardName, superclass = java.lang.Enum
[DEBUG] Going to instrument: org.cs362.dominion.Card$CardName
[INFO] Found static initializer in class org/cs362/dominion/Card$CardName
[INFO] No hashCode defined for: org/cs362/dominion/Card$CardName, superclass = java.lang.Enum
[INFO] Error while loading class: java.lang.ClassFormatError: Duplicate method name&signature in class file org/cs362/dominion/Card$CardName
[INFO] Seeing class for first time: org.cs362.dominion.Card$Type
[INFO] Instrumenting class 'org.cs362.dominion.Card$Type'.
[INFO] Adding mock interface to class org/cs362/dominion/Card$Type
[INFO] Found static initializer in class org/cs362/dominion/Card$Type
[INFO] No hashCode defined for: org/cs362/dominion/Card$Type, superclass = java.lang.Enum
[DEBUG] Going to instrument: org.cs362.dominion.Card$Type
[INFO] Found static initializer in class org/cs362/dominion/Card$Type
[INFO] No hashCode defined for: org/cs362/dominion/Card$Type, superclass = java.lang.Enum
[INFO] Error while loading class: java.lang.ClassFormatError: Duplicate method name&signature in class file org/cs362/dominion/Card$Type
]]></system-out>
  </testcase>
  <testcase name="test22" classname="org.cs362.dominion.Card_ESTest" time="0.005">
    <error message="org/cs362/dominion/Card$CardName" type="java.lang.NoClassDefFoundError">java.lang.NoClassDefFoundError: org/cs362/dominion/Card$CardName
	at java.lang.ClassLoader.defineClass1(Native Method)
	at java.lang.ClassLoader.defineClass(ClassLoader.java:763)
	at java.lang.ClassLoader.defineClass(ClassLoader.java:642)
	at org.evosuite.runtime.instrumentation.EvoClassLoader.instrumentClass(EvoClassLoader.java:116)
	at org.evosuite.runtime.instrumentation.EvoClassLoader.loadClass(EvoClassLoader.java:92)
	at org.cs362.dominion.Card_ESTest.test22(Card_ESTest.java:256)
</error>
    <system-out><![CDATA[[INFO] Seeing class for first time: org.cs362.dominion.Card$CardName
[INFO] Instrumenting class 'org.cs362.dominion.Card$CardName'.
[INFO] Adding mock interface to class org/cs362/dominion/Card$CardName
[INFO] Found static initializer in class org/cs362/dominion/Card$CardName
[INFO] No hashCode defined for: org/cs362/dominion/Card$CardName, superclass = java.lang.Enum
[DEBUG] Going to instrument: org.cs362.dominion.Card$CardName
[INFO] Found static initializer in class org/cs362/dominion/Card$CardName
[INFO] No hashCode defined for: org/cs362/dominion/Card$CardName, superclass = java.lang.Enum
[INFO] Error while loading class: java.lang.ClassFormatError: Duplicate method name&signature in class file org/cs362/dominion/Card$CardName
[INFO] Seeing class for first time: org.cs362.dominion.Card$CardName
[INFO] Instrumenting class 'org.cs362.dominion.Card$CardName'.
[INFO] Adding mock interface to class org/cs362/dominion/Card$CardName
[INFO] Found static initializer in class org/cs362/dominion/Card$CardName
[INFO] No hashCode defined for: org/cs362/dominion/Card$CardName, superclass = java.lang.Enum
[DEBUG] Going to instrument: org.cs362.dominion.Card$CardName
[INFO] Found static initializer in class org/cs362/dominion/Card$CardName
[INFO] No hashCode defined for: org/cs362/dominion/Card$CardName, superclass = java.lang.Enum
[INFO] Error while loading class: java.lang.ClassFormatError: Duplicate method name&signature in class file org/cs362/dominion/Card$CardName
[INFO] Seeing class for first time: org.cs362.dominion.Card$Type
[INFO] Instrumenting class 'org.cs362.dominion.Card$Type'.
[INFO] Adding mock interface to class org/cs362/dominion/Card$Type
[INFO] Found static initializer in class org/cs362/dominion/Card$Type
[INFO] No hashCode defined for: org/cs362/dominion/Card$Type, superclass = java.lang.Enum
[DEBUG] Going to instrument: org.cs362.dominion.Card$Type
[INFO] Found static initializer in class org/cs362/dominion/Card$Type
[INFO] No hashCode defined for: org/cs362/dominion/Card$Type, superclass = java.lang.Enum
[INFO] Error while loading class: java.lang.ClassFormatError: Duplicate method name&signature in class file org/cs362/dominion/Card$Type
]]></system-out>
  </testcase>
  <testcase name="test01" classname="org.cs362.dominion.Card_ESTest" time="0.007">
    <error message="org/cs362/dominion/Card$CardName" type="java.lang.NoClassDefFoundError">java.lang.NoClassDefFoundError: org/cs362/dominion/Card$CardName
	at java.lang.ClassLoader.defineClass1(Native Method)
	at java.lang.ClassLoader.defineClass(ClassLoader.java:763)
	at java.lang.ClassLoader.defineClass(ClassLoader.java:642)
	at org.evosuite.runtime.instrumentation.EvoClassLoader.instrumentClass(EvoClassLoader.java:116)
	at org.evosuite.runtime.instrumentation.EvoClassLoader.loadClass(EvoClassLoader.java:92)
	at org.cs362.dominion.Card_ESTest.test01(Card_ESTest.java:35)
</error>
    <system-out><![CDATA[[INFO] Seeing class for first time: org.cs362.dominion.Card$CardName
[INFO] Instrumenting class 'org.cs362.dominion.Card$CardName'.
[INFO] Adding mock interface to class org/cs362/dominion/Card$CardName
[INFO] Found static initializer in class org/cs362/dominion/Card$CardName
[INFO] No hashCode defined for: org/cs362/dominion/Card$CardName, superclass = java.lang.Enum
[DEBUG] Going to instrument: org.cs362.dominion.Card$CardName
[INFO] Found static initializer in class org/cs362/dominion/Card$CardName
[INFO] No hashCode defined for: org/cs362/dominion/Card$CardName, superclass = java.lang.Enum
[INFO] Error while loading class: java.lang.ClassFormatError: Duplicate method name&signature in class file org/cs362/dominion/Card$CardName
[INFO] Seeing class for first time: org.cs362.dominion.Card$CardName
[INFO] Instrumenting class 'org.cs362.dominion.Card$CardName'.
[INFO] Adding mock interface to class org/cs362/dominion/Card$CardName
[INFO] Found static initializer in class org/cs362/dominion/Card$CardName
[INFO] No hashCode defined for: org/cs362/dominion/Card$CardName, superclass = java.lang.Enum
[DEBUG] Going to instrument: org.cs362.dominion.Card$CardName
[INFO] Found static initializer in class org/cs362/dominion/Card$CardName
[INFO] No hashCode defined for: org/cs362/dominion/Card$CardName, superclass = java.lang.Enum
[INFO] Error while loading class: java.lang.ClassFormatError: Duplicate method name&signature in class file org/cs362/dominion/Card$CardName
[INFO] Seeing class for first time: org.cs362.dominion.Card$Type
[INFO] Instrumenting class 'org.cs362.dominion.Card$Type'.
[INFO] Adding mock interface to class org/cs362/dominion/Card$Type
[INFO] Found static initializer in class org/cs362/dominion/Card$Type
[INFO] No hashCode defined for: org/cs362/dominion/Card$Type, superclass = java.lang.Enum
[DEBUG] Going to instrument: org.cs362.dominion.Card$Type
[INFO] Found static initializer in class org/cs362/dominion/Card$Type
[INFO] No hashCode defined for: org/cs362/dominion/Card$Type, superclass = java.lang.Enum
[INFO] Error while loading class: java.lang.ClassFormatError: Duplicate method name&signature in class file org/cs362/dominion/Card$Type
]]></system-out>
  </testcase>
  <testcase name="test23" classname="org.cs362.dominion.Card_ESTest" time="0.006">
    <error message="org/cs362/dominion/Card$CardName" type="java.lang.NoClassDefFoundError">java.lang.NoClassDefFoundError: org/cs362/dominion/Card$CardName
	at java.lang.ClassLoader.defineClass1(Native Method)
	at java.lang.ClassLoader.defineClass(ClassLoader.java:763)
	at java.lang.ClassLoader.defineClass(ClassLoader.java:642)
	at org.evosuite.runtime.instrumentation.EvoClassLoader.instrumentClass(EvoClassLoader.java:116)
	at org.evosuite.runtime.instrumentation.EvoClassLoader.loadClass(EvoClassLoader.java:92)
	at org.cs362.dominion.Card_ESTest.test23(Card_ESTest.java:267)
</error>
    <system-out><![CDATA[[INFO] Seeing class for first time: org.cs362.dominion.Card$CardName
[INFO] Instrumenting class 'org.cs362.dominion.Card$CardName'.
[INFO] Adding mock interface to class org/cs362/dominion/Card$CardName
[INFO] Found static initializer in class org/cs362/dominion/Card$CardName
[INFO] No hashCode defined for: org/cs362/dominion/Card$CardName, superclass = java.lang.Enum
[DEBUG] Going to instrument: org.cs362.dominion.Card$CardName
[INFO] Found static initializer in class org/cs362/dominion/Card$CardName
[INFO] No hashCode defined for: org/cs362/dominion/Card$CardName, superclass = java.lang.Enum
[INFO] Error while loading class: java.lang.ClassFormatError: Duplicate method name&signature in class file org/cs362/dominion/Card$CardName
[INFO] Seeing class for first time: org.cs362.dominion.Card$CardName
[INFO] Instrumenting class 'org.cs362.dominion.Card$CardName'.
[INFO] Adding mock interface to class org/cs362/dominion/Card$CardName
[INFO] Found static initializer in class org/cs362/dominion/Card$CardName
[INFO] No hashCode defined for: org/cs362/dominion/Card$CardName, superclass = java.lang.Enum
[DEBUG] Going to instrument: org.cs362.dominion.Card$CardName
[INFO] Found static initializer in class org/cs362/dominion/Card$CardName
[INFO] No hashCode defined for: org/cs362/dominion/Card$CardName, superclass = java.lang.Enum
[INFO] Error while loading class: java.lang.ClassFormatError: Duplicate method name&signature in class file org/cs362/dominion/Card$CardName
[INFO] Seeing class for first time: org.cs362.dominion.Card$Type
[INFO] Instrumenting class 'org.cs362.dominion.Card$Type'.
[INFO] Adding mock interface to class org/cs362/dominion/Card$Type
[INFO] Found static initializer in class org/cs362/dominion/Card$Type
[INFO] No hashCode defined for: org/cs362/dominion/Card$Type, superclass = java.lang.Enum
[DEBUG] Going to instrument: org.cs362.dominion.Card$Type
[INFO] Found static initializer in class org/cs362/dominion/Card$Type
[INFO] No hashCode defined for: org/cs362/dominion/Card$Type, superclass = java.lang.Enum
[INFO] Error while loading class: java.lang.ClassFormatError: Duplicate method name&signature in class file org/cs362/dominion/Card$Type
]]></system-out>
  </testcase>
</testsuite>