<?xml version="1.0" encoding="UTF-8"?>
<testsuite name="org.cs362.dominion.GameStateTest" time="0.594" tests="9" errors="0" skipped="0" failures="5">
  <properties>
    <property name="java.runtime.name" value="Java(TM) SE Runtime Environment"/>
    <property name="sun.boot.library.path" value="/Library/Java/JavaVirtualMachines/jdk1.8.0_112.jdk/Contents/Home/jre/lib"/>
    <property name="java.vm.version" value="25.112-b16"/>
    <property name="gopherProxySet" value="false"/>
    <property name="java.vm.vendor" value="Oracle Corporation"/>
    <property name="maven.multiModuleProjectDirectory" value="/Users/Billy/School/2016-2017/Winter/Software Engineering 2/CS362W17Section-001/projects/buffumw/Dominion"/>
    <property name="java.vendor.url" value="http://java.oracle.com/"/>
    <property name="path.separator" value=":"/>
    <property name="guice.disable.misplaced.annotation.check" value="true"/>
    <property name="java.vm.name" value="Java HotSpot(TM) 64-Bit Server VM"/>
    <property name="file.encoding.pkg" value="sun.io"/>
    <property name="user.country" value="US"/>
    <property name="sun.java.launcher" value="SUN_STANDARD"/>
    <property name="sun.os.patch.level" value="unknown"/>
    <property name="java.vm.specification.name" value="Java Virtual Machine Specification"/>
    <property name="user.dir" value="/Users/Billy/School/2016-2017/Winter/Software Engineering 2/CS362W17Section-001/projects/buffumw/Dominion"/>
    <property name="java.runtime.version" value="1.8.0_112-b16"/>
    <property name="java.awt.graphicsenv" value="sun.awt.CGraphicsEnvironment"/>
    <property name="java.endorsed.dirs" value="/Library/Java/JavaVirtualMachines/jdk1.8.0_112.jdk/Contents/Home/jre/lib/endorsed"/>
    <property name="os.arch" value="x86_64"/>
    <property name="java.io.tmpdir" value="/var/folders/h7/tf8p_jrd1hzgh394lvz7x5680000gn/T/"/>
    <property name="line.separator" value="&#10;"/>
    <property name="java.vm.specification.vendor" value="Oracle Corporation"/>
    <property name="os.name" value="Mac OS X"/>
    <property name="net.sourceforge.cobertura.datafile" value="/Users/Billy/School/2016-2017/Winter/Software Engineering 2/CS362W17Section-001/projects/buffumw/Dominion/target/cobertura/cobertura.ser"/>
    <property name="classworlds.conf" value="/usr/local/Cellar/maven/3.3.9/libexec/bin/m2.conf"/>
    <property name="sun.jnu.encoding" value="UTF-8"/>
    <property name="java.library.path" value="/Users/Billy/Library/Java/Extensions:/Library/Java/Extensions:/Network/Library/Java/Extensions:/System/Library/Java/Extensions:/usr/lib/java:."/>
    <property name="java.specification.name" value="Java Platform API Specification"/>
    <property name="java.class.version" value="52.0"/>
    <property name="sun.management.compiler" value="HotSpot 64-Bit Tiered Compilers"/>
    <property name="os.version" value="10.12.2"/>
    <property name="http.nonProxyHosts" value="local|*.local|169.254/16|*.169.254/16"/>
    <property name="user.home" value="/Users/Billy"/>
    <property name="user.timezone" value="America/Los_Angeles"/>
    <property name="java.awt.printerjob" value="sun.lwawt.macosx.CPrinterJob"/>
    <property name="java.specification.version" value="1.8"/>
    <property name="file.encoding" value="UTF-8"/>
    <property name="user.name" value="Billy"/>
    <property name="java.class.path" value="/usr/local/Cellar/maven/3.3.9/libexec/boot/plexus-classworlds-2.5.2.jar"/>
    <property name="java.vm.specification.version" value="1.8"/>
    <property name="sun.arch.data.model" value="64"/>
    <property name="java.home" value="/Library/Java/JavaVirtualMachines/jdk1.8.0_112.jdk/Contents/Home/jre"/>
    <property name="sun.java.command" value="org.codehaus.plexus.classworlds.launcher.Launcher cobertura:cobertura"/>
    <property name="java.specification.vendor" value="Oracle Corporation"/>
    <property name="user.language" value="en"/>
    <property name="awt.toolkit" value="sun.lwawt.macosx.LWCToolkit"/>
    <property name="java.vm.info" value="mixed mode"/>
    <property name="java.version" value="1.8.0_112"/>
    <property name="java.ext.dirs" value="/Users/Billy/Library/Java/Extensions:/Library/Java/JavaVirtualMachines/jdk1.8.0_112.jdk/Contents/Home/jre/lib/ext:/Library/Java/Extensions:/Network/Library/Java/Extensions:/System/Library/Java/Extensions:/usr/lib/java"/>
    <property name="sun.boot.class.path" value="/Library/Java/JavaVirtualMachines/jdk1.8.0_112.jdk/Contents/Home/jre/lib/resources.jar:/Library/Java/JavaVirtualMachines/jdk1.8.0_112.jdk/Contents/Home/jre/lib/rt.jar:/Library/Java/JavaVirtualMachines/jdk1.8.0_112.jdk/Contents/Home/jre/lib/sunrsasign.jar:/Library/Java/JavaVirtualMachines/jdk1.8.0_112.jdk/Contents/Home/jre/lib/jsse.jar:/Library/Java/JavaVirtualMachines/jdk1.8.0_112.jdk/Contents/Home/jre/lib/jce.jar:/Library/Java/JavaVirtualMachines/jdk1.8.0_112.jdk/Contents/Home/jre/lib/charsets.jar:/Library/Java/JavaVirtualMachines/jdk1.8.0_112.jdk/Contents/Home/jre/lib/jfr.jar:/Library/Java/JavaVirtualMachines/jdk1.8.0_112.jdk/Contents/Home/jre/classes"/>
    <property name="java.vendor" value="Oracle Corporation"/>
    <property name="maven.home" value="/usr/local/Cellar/maven/3.3.9/libexec"/>
    <property name="file.separator" value="/"/>
    <property name="java.vendor.url.bug" value="http://bugreport.sun.com/bugreport/"/>
    <property name="sun.cpu.endian" value="little"/>
    <property name="sun.io.unicode.encoding" value="UnicodeBig"/>
    <property name="project.build.outputDirectory" value="/Users/Billy/School/2016-2017/Winter/Software Engineering 2/CS362W17Section-001/projects/buffumw/Dominion/target/generated-classes/cobertura"/>
    <property name="socksNonProxyHosts" value="local|*.local|169.254/16|*.169.254/16"/>
    <property name="ftp.nonProxyHosts" value="local|*.local|169.254/16|*.169.254/16"/>
    <property name="sun.cpu.isalist" value=""/>
  </properties>
  <testcase name="Council_Room" classname="org.cs362.dominion.GameStateTest" time="0.026">
    <failure message="Bug 4: When a player plays the council room card, other players should only draw 1 card.  expected:&lt;1&gt; but was:&lt;3&gt;" type="java.lang.AssertionError"><![CDATA[java.lang.AssertionError: Bug 4: When a player plays the council room card, other players should only draw 1 card.  expected:<1> but was:<3>
	at org.junit.Assert.fail(Assert.java:88)
	at org.junit.Assert.failNotEquals(Assert.java:743)
	at org.junit.Assert.assertEquals(Assert.java:118)
	at org.junit.Assert.assertEquals(Assert.java:555)
	at org.cs362.dominion.GameStateTest.Council_Room(GameStateTest.java:193)
]]></failure>
    <system-out><![CDATA[Welcome to the game , setting up your deck now!
&amp#27;[2J&amp#27;[K&amp#27;[HWelcome to the game , setting up your deck now!
&amp#27;[2J&amp#27;[K&amp#27;[H&amp#27;[2J&amp#27;[K&amp#27;[H]]></system-out>
  </testcase>
  <testcase name="AddPlayers" classname="org.cs362.dominion.GameStateTest" time="0"/>
  <testcase name="GameStateFunction" classname="org.cs362.dominion.GameStateTest" time="0"/>
  <testcase name="Play" classname="org.cs362.dominion.GameStateTest" time="0.533"/>
  <testcase name="Feast" classname="org.cs362.dominion.GameStateTest" time="0.005">
    <failure message="Bug 2: Player&apos;s coins not stored properly when playing Feast.  expected:&lt;3&gt; but was:&lt;5&gt;" type="java.lang.AssertionError"><![CDATA[java.lang.AssertionError: Bug 2: Player's coins not stored properly when playing Feast.  expected:<3> but was:<5>
	at org.junit.Assert.fail(Assert.java:88)
	at org.junit.Assert.failNotEquals(Assert.java:743)
	at org.junit.Assert.assertEquals(Assert.java:118)
	at org.junit.Assert.assertEquals(Assert.java:555)
	at org.cs362.dominion.GameStateTest.Feast(GameStateTest.java:149)
]]></failure>
    <system-out><![CDATA[Welcome to the game , setting up your deck now!
&amp#27;[2J&amp#27;[K&amp#27;[HWelcome to the game , setting up your deck now!
&amp#27;[2J&amp#27;[K&amp#27;[H&amp#27;[2J&amp#27;[K&amp#27;[HSince you trashed your Feast, you may get a card that costs 5 or less
 Copper         : Costs:  0: 60 Left: "+1 Coin"
 Silver         : Costs:  3: 40 Left: "+2 Coins"
 Gold           : Costs:  6: 30 Left: "+3 Coins"
 Estate         : Costs:  2: 10 Left: "+1 Victory point"
 Duchy          : Costs:  5: 10 Left: "+3 Victory points"
 Province       : Costs:  8: 10 Left: "+6 Victory points"
 Curse          : Costs:  0: 10 Left: "-1 Victory point"
 Adventurer     : Costs:  6: 10 Left: "Reveal cards from your deck until you reveal 2 Treasure cards. Put those Treasure cards into your hand and discard the other cards."
 Ambassador     : Costs:  6: 10 Left: "Reveal a card from your hand. Return up to 2 copies of it from your hand to the Supply. Each other player gains a copy of it."
 Baron          : Costs:  4: 10 Left: "+1 Buy | You may discard an Estate for +4 coins. If you don't, gain an Estate."
 Council_Room   : Costs:  5: 10 Left: "+4 Cards and +1 Buys | Each other player draws a card."
 Cutpurse       : Costs:  4: 10 Left: "+2 Coins | Each other player discards a Copper card (or reveals a hand with no Copper)."
 Embargo        : Costs:  2: 10 Left: "+2 Coins | Trash this card, put Embargo token on a Supply pile. When buying card, player gains 1 curse card per embargo token on pile"
 Feast          : Costs:  4: 10 Left: "Trash this card. Gain a card costing up to 5 coins."
 Gardens        : Costs:  4: 10 Left: "Worth +1 Victory points per 10 cards you have (round down)."
 Great_Hall     : Costs:  3: 10 Left: "+1 Card | +1 Action | +1 Victory point"
 Mine           : Costs:  5: 10 Left: "You may trash a Treasure from your hand. Gain a Treasure to your hand costing up to 3 coins more than it."
 Village        : Costs:  3: 10 Left: "+1 Card | +1 Action"
 Smithy         : Costs:  4: 10 Left: "+3 Cards"
 Salvager       : Costs:  4: 10 Left: "+1 Buy | Trash a card from your hand. + # of coins equal to its cost."

What card would you like?: Embargo
]]></system-out>
  </testcase>
  <testcase name="AWinner" classname="org.cs362.dominion.GameStateTest" time="0"/>
  <testcase name="CutPurse" classname="org.cs362.dominion.GameStateTest" time="0.004">
    <failure message="Bug 5: Cutpurse card should remove 1 copper from another players hand, not all.  expected:&lt;9&gt; but was:&lt;5&gt;" type="java.lang.AssertionError"><![CDATA[java.lang.AssertionError: Bug 5: Cutpurse card should remove 1 copper from another players hand, not all.  expected:<9> but was:<5>
	at org.junit.Assert.fail(Assert.java:88)
	at org.junit.Assert.failNotEquals(Assert.java:743)
	at org.junit.Assert.assertEquals(Assert.java:118)
	at org.junit.Assert.assertEquals(Assert.java:555)
	at org.cs362.dominion.GameStateTest.CutPurse(GameStateTest.java:217)
]]></failure>
    <system-out><![CDATA[Welcome to the game , setting up your deck now!
&amp#27;[2J&amp#27;[K&amp#27;[HWelcome to the game , setting up your deck now!
&amp#27;[2J&amp#27;[K&amp#27;[H&amp#27;[2J&amp#27;[K&amp#27;[H's hand includes: []
's hand includes: [Estate, Estate, Copper, Estate, Copper]
]]></system-out>
  </testcase>
  <testcase name="InitializeGame" classname="org.cs362.dominion.GameStateTest" time="0.021">
    <failure message="expected:&lt;[Billy]&gt; but was:&lt;[]&gt;" type="org.junit.ComparisonFailure"><![CDATA[org.junit.ComparisonFailure: expected:<[Billy]> but was:<[]>
	at org.junit.Assert.assertEquals(Assert.java:115)
	at org.junit.Assert.assertEquals(Assert.java:144)
	at org.cs362.dominion.GameStateTest.InitializeGame(GameStateTest.java:63)
]]></failure>
    <system-out><![CDATA[Welcome to the game , setting up your deck now!
&amp#27;[2J&amp#27;[K&amp#27;[HWelcome to the game , setting up your deck now!
&amp#27;[2J&amp#27;[K&amp#27;[H&amp#27;[2J&amp#27;[K&amp#27;[H]]></system-out>
  </testcase>
  <testcase name="Gardens" classname="org.cs362.dominion.GameStateTest" time="0.005">
    <failure message="Bug 3: Garden should give 1 point per 10 cards, this give 10 points per 1 card.  expected:&lt;1&gt; but was:&lt;100&gt;" type="java.lang.AssertionError"><![CDATA[java.lang.AssertionError: Bug 3: Garden should give 1 point per 10 cards, this give 10 points per 1 card.  expected:<1> but was:<100>
	at org.junit.Assert.fail(Assert.java:88)
	at org.junit.Assert.failNotEquals(Assert.java:743)
	at org.junit.Assert.assertEquals(Assert.java:118)
	at org.junit.Assert.assertEquals(Assert.java:555)
	at org.cs362.dominion.GameStateTest.Gardens(GameStateTest.java:171)
]]></failure>
    <system-out><![CDATA[Welcome to the game , setting up your deck now!
&amp#27;[2J&amp#27;[K&amp#27;[HWelcome to the game , setting up your deck now!
&amp#27;[2J&amp#27;[K&amp#27;[H&amp#27;[2J&amp#27;[K&amp#27;[H]]></system-out>
  </testcase>
</testsuite>