<?xml version="1.0" encoding="UTF-8"?>
<testsuite name="cs362.dominion.CutpurseTest" time="0.002" tests="1" errors="0" skipped="0" failures="1">
  <properties>
    <property name="java.runtime.name" value="Java(TM) SE Runtime Environment"/>
    <property name="sun.boot.library.path" value="C:\Program Files\Java\jdk1.8.0_121\jre\bin"/>
    <property name="java.vm.version" value="25.121-b13"/>
    <property name="java.vm.vendor" value="Oracle Corporation"/>
    <property name="maven.multiModuleProjectDirectory" value="C:\Users\Jacob\Documents\Jarvis&apos; Documents\School Related\Winter 2017\CS 362\Dominion\src\org\cs362\dominion\Dominion"/>
    <property name="java.vendor.url" value="http://java.oracle.com/"/>
    <property name="path.separator" value=";"/>
    <property name="guice.disable.misplaced.annotation.check" value="true"/>
    <property name="java.vm.name" value="Java HotSpot(TM) 64-Bit Server VM"/>
    <property name="file.encoding.pkg" value="sun.io"/>
    <property name="user.script" value=""/>
    <property name="user.country" value="US"/>
    <property name="sun.java.launcher" value="SUN_STANDARD"/>
    <property name="sun.os.patch.level" value=""/>
    <property name="java.vm.specification.name" value="Java Virtual Machine Specification"/>
    <property name="user.dir" value="C:\Users\Jacob\Documents\Jarvis&apos; Documents\School Related\Winter 2017\CS 362\Dominion\src\org\cs362\dominion\Dominion"/>
    <property name="java.runtime.version" value="1.8.0_121-b13"/>
    <property name="java.awt.graphicsenv" value="sun.awt.Win32GraphicsEnvironment"/>
    <property name="java.endorsed.dirs" value="C:\Program Files\Java\jdk1.8.0_121\jre\lib\endorsed"/>
    <property name="os.arch" value="amd64"/>
    <property name="java.io.tmpdir" value="C:\Users\Jacob\AppData\Local\Temp\"/>
    <property name="line.separator" value="&#10;"/>
    <property name="java.vm.specification.vendor" value="Oracle Corporation"/>
    <property name="user.variant" value=""/>
    <property name="os.name" value="Windows 10"/>
    <property name="net.sourceforge.cobertura.datafile" value="C:\Users\Jacob\Documents\Jarvis&apos; Documents\School Related\Winter 2017\CS 362\Dominion\src\org\cs362\dominion\Dominion\target\cobertura\cobertura.ser"/>
    <property name="classworlds.conf" value="C:\Program Files\apache-maven-3.3.9-bin\apache-maven-3.3.9\bin\..\bin\m2.conf"/>
    <property name="sun.jnu.encoding" value="Cp1252"/>
    <property name="java.library.path" value="C:\Program Files\Java\jdk1.8.0_121\bin;C:\WINDOWS\Sun\Java\bin;C:\WINDOWS\system32;C:\WINDOWS;C:\ProgramData\Oracle\Java\javapath;C:\Program Files\Haskell\bin;C:\Program Files\Haskell Platform\8.0.2\lib\extralibs\bin;C:\Program Files\Haskell Platform\8.0.2\bin;C:\WINDOWS\system32;C:\WINDOWS;C:\WINDOWS\System32\Wbem;C:\WINDOWS\System32\WindowsPowerShell\v1.0\;C:\WINDOWS\system32\config\systemprofile\.dnx\bin;C:\Program Files\Microsoft DNX\Dnvm\;C:\Program Files\Microsoft SQL Server\130\Tools\Binn\;C:\Program Files\Haskell Platform\8.0.2\mingw\bin;C:\Users\Jacob\AppData\Roaming\cabal\bin;C:\Users\Jacob\AppData\Roaming\local\bin;C:\Users\Jacob\AppData\Local\atom\bin;C:\Users\Jacob\AppData\Local\Microsoft\WindowsApps;C:\Program Files\Java\jdk1.8.0_121\bin;C:\Program Files\apache-maven-3.3.9-bin\apache-maven-3.3.9\bin;."/>
    <property name="java.specification.name" value="Java Platform API Specification"/>
    <property name="java.class.version" value="52.0"/>
    <property name="sun.management.compiler" value="HotSpot 64-Bit Tiered Compilers"/>
    <property name="os.version" value="10.0"/>
    <property name="user.home" value="C:\Users\Jacob"/>
    <property name="user.timezone" value="America/Los_Angeles"/>
    <property name="java.awt.printerjob" value="sun.awt.windows.WPrinterJob"/>
    <property name="java.specification.version" value="1.8"/>
    <property name="file.encoding" value="Cp1252"/>
    <property name="user.name" value="Jacob"/>
    <property name="java.class.path" value="C:\Program Files\apache-maven-3.3.9-bin\apache-maven-3.3.9\bin\..\boot\plexus-classworlds-2.5.2.jar"/>
    <property name="java.vm.specification.version" value="1.8"/>
    <property name="sun.arch.data.model" value="64"/>
    <property name="java.home" value="C:\Program Files\Java\jdk1.8.0_121\jre"/>
    <property name="sun.java.command" value="org.codehaus.plexus.classworlds.launcher.Launcher cobertura:cobertura"/>
    <property name="java.specification.vendor" value="Oracle Corporation"/>
    <property name="user.language" value="en"/>
    <property name="awt.toolkit" value="sun.awt.windows.WToolkit"/>
    <property name="java.vm.info" value="mixed mode"/>
    <property name="java.version" value="1.8.0_121"/>
    <property name="java.ext.dirs" value="C:\Program Files\Java\jdk1.8.0_121\jre\lib\ext;C:\WINDOWS\Sun\Java\lib\ext"/>
    <property name="sun.boot.class.path" value="C:\Program Files\Java\jdk1.8.0_121\jre\lib\resources.jar;C:\Program Files\Java\jdk1.8.0_121\jre\lib\rt.jar;C:\Program Files\Java\jdk1.8.0_121\jre\lib\sunrsasign.jar;C:\Program Files\Java\jdk1.8.0_121\jre\lib\jsse.jar;C:\Program Files\Java\jdk1.8.0_121\jre\lib\jce.jar;C:\Program Files\Java\jdk1.8.0_121\jre\lib\charsets.jar;C:\Program Files\Java\jdk1.8.0_121\jre\lib\jfr.jar;C:\Program Files\Java\jdk1.8.0_121\jre\classes"/>
    <property name="sun.stderr.encoding" value="cp437"/>
    <property name="java.vendor" value="Oracle Corporation"/>
    <property name="maven.home" value="C:\Program Files\apache-maven-3.3.9-bin\apache-maven-3.3.9\bin\.."/>
    <property name="file.separator" value="\"/>
    <property name="java.vendor.url.bug" value="http://bugreport.sun.com/bugreport/"/>
    <property name="sun.cpu.endian" value="little"/>
    <property name="sun.io.unicode.encoding" value="UnicodeLittle"/>
    <property name="project.build.outputDirectory" value="C:\Users\Jacob\Documents\Jarvis&apos; Documents\School Related\Winter 2017\CS 362\Dominion\src\org\cs362\dominion\Dominion\target\generated-classes\cobertura"/>
    <property name="sun.stdout.encoding" value="cp437"/>
    <property name="sun.desktop" value="windows"/>
    <property name="sun.cpu.isalist" value="amd64"/>
  </properties>
  <testcase name="test" classname="cs362.dominion.CutpurseTest" time="0.002">
    <failure message="expected:&lt;false&gt; but was:&lt;true&gt;" type="java.lang.AssertionError"><![CDATA[java.lang.AssertionError: expected:<false> but was:<true>
	at org.junit.Assert.fail(Assert.java:88)
	at org.junit.Assert.failNotEquals(Assert.java:743)
	at org.junit.Assert.assertEquals(Assert.java:118)
	at org.junit.Assert.assertEquals(Assert.java:144)
	at cs362.dominion.CutpurseTest.test(CutpurseTest.java:57)
]]></failure>
    <system-out><![CDATA[Begin Cutpurse Test
Player: player-1 gains  
	Copper
Player: player-1 gains  
	Copper
Player: player-1 gains  
	Copper
Player: player-1 gains  
	Copper
Player: player-1 gains  
	Copper
Player: player-1 gains  
	Copper
Player: player-1 gains  
	Copper
Player: player-1 gains  
	Estate
Player: player-1 gains  
	Estate
Player: player-1 gains  
	Estate
reshuffle the deck of the player player-1 to draw FIVE cards
draw  
	Copper
draw  
	Estate
draw  
	Copper
draw  
	Copper
draw  
	Estate
Player: player-2 gains  
	Copper
Player: player-2 gains  
	Copper
Player: player-2 gains  
	Copper
Player: player-2 gains  
	Copper
Player: player-2 gains  
	Copper
Player: player-2 gains  
	Copper
Player: player-2 gains  
	Copper
Player: player-2 gains  
	Estate
Player: player-2 gains  
	Estate
Player: player-2 gains  
	Estate
reshuffle the deck of the player player-2 to draw FIVE cards
draw  
	Estate
draw  
	Estate
draw  
	Copper
draw  
	Copper
draw  
	Copper
hand coins = 0
hand numActions = 1
Player: player-1 is playing
Turn Started
Num Actions: 1
Player.actionPhase Card: 
	Cutpurse
Player:  player-2 discards  
	Copper
Action Phase Finished
Deck Count, Gardens Count, then Gardens Value for player-1
11
0
1
Deck Count, Gardens Count, then Gardens Value for player-2
10
0
1
  *****    Player-1 Status ***** 
hand count = 5, expected = 5 
discard count = 1, expected = 1
numActions = 0, expected = 0
numCoins = 4, expected = 2
  *****    Player-2 Status *****
hand count = 4, expected = 4
deck count = 5, expected = 5
numActions = 1, expected = 1
discard count = 1, expected = 1
]]></system-out>
  </testcase>
</testsuite>