<?xml version="1.0" encoding="UTF-8"?><TestSessionContainer xmlns="http://www.codecover.org/xml/testsession-container" Date="1487039650828" TestSessionContainerId="2f8e3355-6018-4d44-be83-bcc7433f1c91" version="1.0">
<SrcFileList>
<SrcFile Content="package Dominion;&#13;&#10;import java.lang.reflect.Array;&#13;&#10;import java.util.*;&#13;&#10;&#13;&#10;import Dominion.Card.*;&#13;&#10;&#13;&#10;public class Board &#13;&#10;{&#13;&#10;&#9;/*&#13;&#10;&#9; * The board contains: &#13;&#10;&#9; * - Supply&#13;&#10;&#9; * &#13;&#10;&#9; * Supply contains:&#13;&#10;&#9; * - Treasures (copper, silver and gold)&#13;&#10;&#9; * - Victory Cards (Estate, Duchy and Provinces)&#13;&#10;&#9; * - Kingdom cards&#13;&#10;&#9; * - Curse Cards&#13;&#10;&#9; */&#13;&#10;&#9;&#13;&#10;&#9;public List&lt;Card&gt; supply = new ArrayList();&#13;&#10;&#9;public List&lt;Card&gt; curse = new ArrayList();&#13;&#10;&#9;&#13;&#10;&#9;public List&lt;String&gt; kList = new ArrayList();&#13;&#10;&#13;&#10;&#9;public List&lt;String&gt; embargo = new ArrayList();&#13;&#10;&#9;public int[] em = new int[16];&#13;&#10;&#9;&#13;&#10;&#9;&#13;&#10;&#9;public Board()&#13;&#10;&#9;{&#13;&#10;&#9;&#9;//fill board with standard supply&#13;&#10;&#9;&#9;&#13;&#10;&#9;&#9;for (int i = 0; i &lt; 60; i++)&#13;&#10;&#9;&#9;{&#13;&#10;&#9;&#9;&#9;supply.add(new Card(&quot;Copper&quot;));&#13;&#10;&#9;&#9;}&#13;&#10;&#13;&#10;&#9;&#9;for (int i = 0; i &lt; 40; i++)&#13;&#10;&#9;&#9;{&#13;&#10;&#9;&#9;&#9;supply.add(new Card(&quot;Silver&quot;));&#13;&#10;&#9;&#9;}&#13;&#10;&#13;&#10;&#9;&#9;for (int i = 0; i &lt; 30; i++)&#13;&#10;&#9;&#9;{&#13;&#10;&#9;&#9;&#9;supply.add(new Card(&quot;Gold&quot;));&#13;&#10;&#9;&#9;}&#13;&#10;&#9;&#9;&#13;&#10;&#9;&#9;for (int i = 0; i &lt; 24; i++)&#13;&#10;&#9;&#9;{&#13;&#10;&#9;&#9;&#9;supply.add(new Card(&quot;Estate&quot;));&#13;&#10;&#9;&#9;}&#13;&#10;&#9;&#9;&#13;&#10;&#9;&#9;for (int i = 0; i &lt; 12; i++)&#13;&#10;&#9;&#9;{&#13;&#10;&#9;&#9;&#9;supply.add(new Card(&quot;Duchy&quot;));&#13;&#10;&#9;&#9;}&#13;&#10;&#13;&#10;&#9;&#9;for (int i = 0; i &lt; 12; i++)&#13;&#10;&#9;&#9;{&#13;&#10;&#9;&#9;&#9;supply.add(new Card(&quot;Province&quot;));&#13;&#10;&#9;&#9;}&#13;&#10;&#9;&#9;&#13;&#10;&#9;&#9;for (int i = 0; i &lt; 16; i++)&#13;&#10;&#9;&#9;&#9;em[i] = 0;&#13;&#10;&#9;&#9;&#13;&#10;&#9;&#9;kList.add(&quot;Adventurer&quot;);&#13;&#10;&#9;&#9;kList.add(&quot;Ambassador&quot;);&#13;&#10;&#9;&#9;kList.add(&quot;Baron&quot;);&#13;&#10;&#9;&#9;kList.add(&quot;Council Room&quot;);&#13;&#10;&#9;&#9;kList.add(&quot;Cutpurse&quot;);&#13;&#10;&#9;&#9;kList.add(&quot;Embargo&quot;);&#13;&#10;&#9;&#9;kList.add(&quot;Feast&quot;);&#13;&#10;&#9;&#9;kList.add(&quot;Gardens&quot;);&#13;&#10;&#9;&#9;kList.add(&quot;Great Hall&quot;);&#13;&#10;&#9;&#9;kList.add(&quot;Mine&quot;);&#13;&#10;&#9;&#9;kList.add(&quot;Minion&quot;);&#13;&#10;&#9;&#9;kList.add(&quot;Smithy&quot;);&#13;&#10;&#9;&#9;kList.add(&quot;Steward&quot;);&#13;&#10;&#9;&#9;&#13;&#10;&#9;&#9;Random r = new Random();&#13;&#10;&#9;&#9;int rn;&#13;&#10;&#9;&#9;&#13;&#10;&#9;&#9;//set list of kingdoms to 10 randomly&#13;&#10;&#9;&#9;for (int i = 0; i &lt; 3; i++)&#13;&#10;&#9;&#9;{&#13;&#10;&#9;&#9;&#9;rn = nextInt(kList.size());&#13;&#10;&#9;&#9;&#9;kList.remove(rn);&#13;&#10;&#9;&#9;}&#13;&#10;&#9;&#9;&#13;&#10;&#9;&#9;embargo.add(&quot;Copper&quot;);&#13;&#10;&#9;&#9;embargo.add(&quot;Silver&quot;);&#13;&#10;&#9;&#9;embargo.add(&quot;Gold&quot;);&#13;&#10;&#9;&#9;embargo.add(&quot;Estate&quot;);&#13;&#10;&#9;&#9;embargo.add(&quot;Duchy&quot;);&#13;&#10;&#9;&#9;embargo.add(&quot;Province&quot;);&#13;&#10;&#9;&#9;&#13;&#10;&#9;&#9;for (int i = 0; i &lt; 10; i++)&#13;&#10;&#9;&#9;{&#13;&#10;&#9;&#9;&#9;curse.add(new Card(&quot;Curse&quot;));&#13;&#10;&#9;&#9;}&#13;&#10;&#9;&#9;&#13;&#10;&#9;&#9;for (int i = 0; i &lt; 10; i++)&#13;&#10;&#9;&#9;{&#13;&#10;&#9;&#9;&#9;for (int j = 0; j &lt; 10; j++)&#13;&#10;&#9;&#9;&#9;{&#13;&#10;&#9;&#9;&#9;&#9;if (kList.get(i) == &quot;Adventurer&quot;)&#13;&#10;&#9;&#9;&#9;&#9;&#9;supply.add(new Card(&quot;Adventurer&quot;, 6));&#13;&#10;&#9;&#9;&#9;&#9;else if (kList.get(i) == &quot;Ambassador&quot;)&#13;&#10;&#9;&#9;&#9;&#9;&#9;supply.add(new Card(&quot;Ambassador&quot;, 3));&#13;&#10;&#9;&#9;&#9;&#9;else if (kList.get(i) == &quot;Barron&quot;)&#13;&#10;&#9;&#9;&#9;&#9;&#9;supply.add(new Card(&quot;Barron&quot;,4));&#13;&#10;&#9;&#9;&#9;&#9;else if (kList.get(i) == &quot;Council Room&quot;)&#13;&#10;&#9;&#9;&#9;&#9;&#9;supply.add(new Card(&quot;Council Room&quot;, 5));&#13;&#10;&#9;&#9;&#9;&#9;else if (kList.get(i) == &quot;Cutpurse&quot;)&#13;&#10;&#9;&#9;&#9;&#9;&#9;supply.add(new Card(&quot;Cutpurse&quot;, 4));&#13;&#10;&#9;&#9;&#9;&#9;else if (kList.get(i) == &quot;Embargo&quot;)&#13;&#10;&#9;&#9;&#9;&#9;&#9;supply.add(new Card(&quot;Embargo&quot;, 2));&#13;&#10;&#9;&#9;&#9;&#9;else if (kList.get(i) == &quot;Feast&quot;)&#13;&#10;&#9;&#9;&#9;&#9;&#9;supply.add(new Card(&quot;Feast&quot;, 4));&#13;&#10;&#9;&#9;&#9;&#9;else if (kList.get(i) == &quot;Gardens&quot;)&#13;&#10;&#9;&#9;&#9;&#9;&#9;supply.add(new Card(&quot;Gardens&quot;));&#13;&#10;&#9;&#9;&#9;&#9;else if (kList.get(i) == &quot;Great Hall&quot;)&#13;&#10;&#9;&#9;&#9;&#9;&#9;supply.add(new Card(&quot;Great Hall&quot;, 3));&#13;&#10;&#9;&#9;&#9;&#9;else if (kList.get(i) == &quot;Mine&quot;)&#13;&#10;&#9;&#9;&#9;&#9;&#9;supply.add(new Card(&quot;Mine&quot;, 5));&#13;&#10;&#9;&#9;&#9;&#9;else if (kList.get(i) == &quot;Minion&quot;)&#13;&#10;&#9;&#9;&#9;&#9;&#9;supply.add(new Card(&quot;Minion&quot;, 5));&#13;&#10;&#9;&#9;&#9;&#9;else if (kList.get(i) == &quot;Smithy&quot;)&#13;&#10;&#9;&#9;&#9;&#9;&#9;supply.add(new Card(&quot;Smithy&quot;, 4));&#13;&#10;&#9;&#9;&#9;&#9;else if (kList.get(i) == &quot;Steward&quot;)&#13;&#10;&#9;&#9;&#9;&#9;&#9;supply.add(new Card(&quot;Steward&quot;, 3));&#13;&#10;&#9;&#9;&#9;}&#13;&#10;&#9;&#9;}&#13;&#10;&#9;}&#13;&#10;&#9;&#13;&#10;&#9;&#13;&#10;&#9;private int nextInt(int size) {&#13;&#10;&#9;&#9;// TODO Auto-generated method stub&#13;&#10;&#9;&#9;return 0;&#13;&#10;&#9;}&#13;&#10;&#13;&#10;&#13;&#10;&#9;//counts empty supply piles and determines if the game is over&#13;&#10;&#9;public boolean gameEnd()&#13;&#10;&#9;{&#13;&#10;&#9;&#9;int supplyEmpty = 0;&#13;&#10;&#9;&#9;List&lt;String&gt; check = new ArrayList();&#13;&#10;&#9;&#9;boolean pEmpty = false;&#13;&#10;&#9;&#9;boolean checkS = false;&#13;&#10;&#9;&#9;&#13;&#10;&#9;&#9;for (int i = 0; i &lt; 10; i++)&#13;&#10;&#9;&#9;{&#13;&#10;&#9;&#9;&#9;checkS = false;&#13;&#10;&#9;&#9;&#9;for (int j = 0; j &lt; supply.size(); j++)&#13;&#10;&#9;&#9;&#9;{&#13;&#10;&#9;&#9;&#9;&#9;if (supply.get(j).getName() == kList.get(i))&#13;&#10;&#9;&#9;&#9;&#9;&#9;checkS = true;&#13;&#10;&#9;&#9;&#9;}&#13;&#10;&#9;&#9;&#9;if (checkS == false)&#13;&#10;&#9;&#9;&#9;&#9;supplyEmpty++;&#13;&#10;&#9;&#9;}&#13;&#10;&#9;&#9;&#13;&#10;&#9;&#9;if (Card.search(new Card(&quot;Copper&quot;), supply) == false)&#13;&#10;&#9;&#9;&#9;supplyEmpty++;&#13;&#10;&#9;&#9;else if (Card.search(new Card(&quot;Silver&quot;), supply) == false)&#13;&#10;&#9;&#9;&#9;supplyEmpty++;&#13;&#10;&#9;&#9;else if (Card.search(new Card(&quot;Gold&quot;), supply) == false)&#13;&#10;&#9;&#9;&#9;supplyEmpty++;&#13;&#10;&#9;&#9;else if (Card.search(new Card(&quot;Estate&quot;), supply) == false)&#13;&#10;&#9;&#9;&#9;supplyEmpty++;&#13;&#10;&#9;&#9;else if (Card.search(new Card(&quot;Duchy&quot;), supply) == false)&#13;&#10;&#9;&#9;&#9;supplyEmpty++;&#13;&#10;&#9;&#9;&#13;&#10;&#9;&#9;if (curse.isEmpty() == true)&#13;&#10;&#9;&#9;&#9;supplyEmpty++;&#13;&#10;&#9;&#9;&#13;&#10;&#9;&#9;if (Card.search(new Card(&quot;Province&quot;), supply) == false)&#13;&#10;&#9;&#9;&#9;pEmpty = true;&#13;&#10;&#13;&#10;&#9;&#9;if (supplyEmpty &gt;= 3 || pEmpty == true)&#13;&#10;&#9;&#9;&#9;return true;&#13;&#10;&#9;&#9;else&#13;&#10;&#9;&#9;&#9;return false;&#13;&#10;&#9;}&#13;&#10;&#9;&#13;&#10;&#9;&#13;&#10;&#9;//returns a list of what cards in the supply are available to be bought&#13;&#10;&#9;public List&lt;String&gt; available(int wealth)&#13;&#10;&#9;{&#13;&#10;&#9;&#9;List&lt;String&gt; a = new ArrayList();&#13;&#10;&#9;&#9;Card temp = null;&#13;&#10;&#9;&#9;&#13;&#10;&#9;&#9;for (int i = 0; i &lt; supply.size(); i++)&#13;&#10;&#9;&#9;{&#13;&#10;&#9;&#9;&#9;if (!a.contains(supply.get(i).getName()) &amp;&amp; wealth &gt;= supply.get(i).getCost())&#13;&#10;&#9;&#9;&#9;{&#13;&#10;&#9;&#9;&#9;&#9;a.add(supply.get(i).getName());&#13;&#10;&#9;&#9;&#9;}&#13;&#10;&#9;&#9;}&#13;&#10;&#9;&#9;&#13;&#10;&#9;&#9;return a;&#13;&#10;&#9;}&#13;&#10;&#9;&#13;&#10;&#9;&#13;&#10;&#9;//buying action&#13;&#10;&#9;public void buy(int wealth, String c, List&lt;Card&gt; hand)&#13;&#10;&#9;{&#13;&#10;&#9;&#9;boolean control = false;&#13;&#10;&#9;&#9;int i = 0;&#13;&#10;&#9;&#9;while (control == false &amp;&amp; i &lt; supply.size())&#13;&#10;&#9;&#9;{&#13;&#10;&#9;&#9;&#9;if (c == supply.get(i).getName())&#13;&#10;&#9;&#9;&#9;{&#13;&#10;&#9;&#9;&#9;&#9;hand.add(supply.get(i));&#13;&#10;&#9;&#9;&#9;&#9;wealth -= supply.get(i).getCost(); &#13;&#10;&#9;&#9;&#9;&#9;control = true;&#13;&#10;&#9;&#9;&#9;&#9;int emToken = checkEmbargo(supply.get(i).getName());&#13;&#10;&#9;&#9;&#9;&#9;//bug; must be AFTEr emToken's instantiation, else it can call a&#13;&#10;&#9;&#9;&#9;&#9;//nonexistant element&#13;&#10;&#9;&#9;&#9;&#9;supply.remove(i);&#13;&#10;&#9;&#9;&#9;&#9;if (curse.isEmpty() == false)&#13;&#10;&#9;&#9;&#9;&#9;{&#13;&#10;&#9;&#9;&#9;&#9;&#9;//account for the number of tokens being greater than the number in the pile&#13;&#10;&#9;&#9;&#9;&#9;&#9;if (emToken &gt; curse.size())&#13;&#10;&#9;&#9;&#9;&#9;&#9;&#9;emToken = curse.size();&#13;&#10;&#9;&#9;&#9;&#9;&#9;for (int j = 0; j &lt; emToken; j++)&#13;&#10;&#9;&#9;&#9;&#9;&#9;{&#13;&#10;&#9;&#9;&#9;&#9;&#9;&#9;hand.add(curse.get(0));&#13;&#10;&#9;&#9;&#9;&#9;&#9;&#9;curse.remove(0);&#13;&#10;&#9;&#9;&#9;&#9;&#9;}&#13;&#10;&#9;&#9;&#9;&#9;}&#13;&#10;&#9;&#9;&#9;}&#13;&#10;&#9;&#9;&#9;i++;&#13;&#10;&#9;&#9;}&#13;&#10;&#9;}&#13;&#10;&#9;&#13;&#10;&#9;private int checkEmbargo(String c)&#13;&#10;&#9;{&#13;&#10;&#9;&#9;for (int i = 0; i &lt; embargo.size(); i++)&#13;&#10;&#9;&#9;{&#13;&#10;&#9;&#9;&#9;//account for curse to be empty&#13;&#10;&#9;&#9;&#9;if (c == embargo.get(i) &amp;&amp; !curse.isEmpty())&#13;&#10;&#9;&#9;&#9;{&#13;&#10;&#9;&#9;&#9;&#9;if (em[i] &gt; 0)&#13;&#10;&#9;&#9;&#9;&#9;&#9;System.out.println(&quot;There is an embargo on &quot; + c + &quot; You receive &quot; + String.format(&quot;%d&quot;, em[i]) + &quot; curse cards&quot;);&#13;&#10;&#9;&#9;&#9;&#9;return em[i];&#13;&#10;&#9;&#9;&#9;}&#13;&#10;&#9;&#9;&#9;else &#13;&#10;&#9;&#9;&#9;&#9;return 0;&#13;&#10;&#9;&#9;}&#13;&#10;&#9;&#9;return 0;&#13;&#10;&#9;}&#13;&#10;&#9;&#13;&#10;}&#13;&#10;" Filename="Board.java" Intrnl_Id="1"/>
<SrcFile Content="package Dominion;&#13;&#10;&#13;&#10;&#13;&#10;import java.util.ArrayList;&#13;&#10;import java.util.List;&#13;&#10;import java.util.Random;&#13;&#10;&#13;&#10;public class Card &#13;&#10;{&#13;&#10;&#9;&#13;&#10;&#9;&#13;&#10;&#9;private String name, type;&#13;&#10;&#9;private List&lt;String&gt; preReq;&#13;&#10;&#9;private int cost = 0;&#13;&#10;&#9;private int points = 0;&#13;&#10;&#9;private int value = 0;&#13;&#10;&#9;&#13;&#10;&#9;public String getName()&#13;&#10;&#9;{&#13;&#10;&#9;&#9;return name;&#13;&#10;&#9;}&#13;&#10;&#9;&#13;&#10;&#9;&#13;&#10;&#13;&#10;&#9;/*kingdom cards will have the fields:&#13;&#10;&#9; * - Prereq; Cards that must be in either the player's hand or play&#13;&#10;&#9; * &#9;* canPlay will be called at the start of a player's action phase to test the prereq&#13;&#10;&#9; * - Cost&#13;&#10;&#9; * - Effect list; a list of strings which are fed to the effect function, which calls the appropriate functions &#13;&#10;&#9;*/&#13;&#10;&#9;&#13;&#10;&#9;&#13;&#10;&#9;&#13;&#10;&#9;&#13;&#10;&#9;public Card(String n)&#13;&#10;&#9;{&#13;&#10;&#9;&#9;points = 0;&#13;&#10;&#9;&#9;cost = 0;&#13;&#10;&#9;&#9;//Victory&#13;&#10;&#9;&#9;if (n == &quot;Estate&quot;)&#13;&#10;&#9;&#9;{&#13;&#10;&#9;&#9;&#9;name = &quot;Estate&quot;;&#13;&#10;&#9;&#9;&#9;type = &quot;Victory&quot;;&#13;&#10;&#9;&#9;&#9;cost = 2;&#13;&#10;&#9;&#9;&#9;points= 1;&#13;&#10;&#9;&#9;}&#13;&#10;&#9;&#9;else if (n == &quot;Duchy&quot;)&#13;&#10;&#9;&#9;{&#13;&#10;&#9;&#9;&#9;name = &quot;Duchy&quot;;&#13;&#10;&#9;&#9;&#9;type = &quot;Victory&quot;;&#13;&#10;&#9;&#9;&#9;cost = 5;&#13;&#10;&#9;&#9;&#9;points = 3;&#13;&#10;&#9;&#9;}&#13;&#10;&#9;&#9;else if (n == &quot;Province&quot;)&#13;&#10;&#9;&#9;{&#13;&#10;&#9;&#9;&#9;name = &quot;Province&quot;;&#13;&#10;&#9;&#9;&#9;type = &quot;Victory&quot;;&#13;&#10;&#9;&#9;&#9;cost = 8;&#13;&#10;&#9;&#9;&#9;points = 6;&#13;&#10;&#9;&#9;}&#13;&#10;&#9;&#9;//Treasure&#13;&#10;&#9;&#9;else if (n == &quot;Copper&quot;)&#13;&#10;&#9;&#9;{&#13;&#10;&#9;&#9;&#9;name = &quot;Copper&quot;;&#13;&#10;&#9;&#9;&#9;type = &quot;Treasure&quot;;&#13;&#10;&#9;&#9;&#9;cost = 0;&#13;&#10;&#9;&#9;&#9;value = 1;&#13;&#10;&#9;&#9;}&#13;&#10;&#9;&#9;else if (n == &quot;Silver&quot;)&#13;&#10;&#9;&#9;{&#13;&#10;&#9;&#9;&#9;name = &quot;Silver&quot;;&#13;&#10;&#9;&#9;&#9;type = &quot;Treasure&quot;;&#13;&#10;&#9;&#9;&#9;cost = 3;&#13;&#10;&#9;&#9;&#9;value = 2;&#13;&#10;&#9;&#9;}&#13;&#10;&#9;&#9;else if (n == &quot;Gold&quot;)&#13;&#10;&#9;&#9;{&#13;&#10;&#9;&#9;&#9;name = &quot;Gold&quot;;&#13;&#10;&#9;&#9;&#9;type = &quot;Treasure&quot;;&#13;&#10;&#9;&#9;&#9;cost = 6;&#13;&#10;&#9;&#9;&#9;value = 3;&#13;&#10;&#9;&#9;}&#13;&#10;&#9;&#9;else if (n == &quot;Gardens&quot;)&#13;&#10;&#9;&#9;{&#13;&#10;&#9;&#9;&#9;name = n;&#13;&#10;&#9;&#9;&#9;type = &quot;KingdomS&quot;;&#13;&#10;&#9;&#9;&#9;cost = 4;&#13;&#10;&#9;&#9;}&#13;&#10;&#9;&#9;else if (n == &quot;Great Hall&quot;)&#13;&#10;&#9;&#9;{&#13;&#10;&#9;&#9;&#9;name = n;&#13;&#10;&#9;&#9;&#9;type = &quot;Kingdom&quot;;&#13;&#10;&#9;&#9;&#9;cost = 3;&#13;&#10;&#9;&#9;&#9;points = 1;&#13;&#10;&#9;&#9;}&#13;&#10;&#9;&#9;else if (n == &quot;Curse&quot;)&#13;&#10;&#9;&#9;{&#13;&#10;&#9;&#9;&#9;name = n;&#13;&#10;&#9;&#9;&#9;type = n;&#13;&#10;&#9;&#9;&#9;points = -1;&#13;&#10;&#9;&#9;}&#13;&#10;&#9;}&#13;&#10;&#9;&#13;&#10;&#9;public Card(String n, int c)&#13;&#10;&#9;{&#13;&#10;&#9;&#9;name = n;&#13;&#10;&#9;&#9;type = &quot;Kingdom&quot;;&#13;&#10;&#9;&#9;cost = c;&#13;&#10;&#9;}&#13;&#10;&#9;&#13;&#10;&#9;public String getType()&#13;&#10;&#9;{&#13;&#10;&#9;&#9;return type;&#13;&#10;&#9;}&#13;&#10;&#9;&#13;&#10;&#9;public int getCost()&#13;&#10;&#9;{&#13;&#10;&#9;&#9;return cost;&#13;&#10;&#9;}&#13;&#10;&#9;&#9;&#13;&#10;&#9;&#9;&#13;&#10;&#9;&#13;&#10;&#9;/*&#13;&#10;&#9; * The types of cards:&#13;&#10;&#9; * - Treasure&#13;&#10;&#9; * - Victory&#13;&#10;&#9; * - Kingdom &#13;&#10;&#9; * &#9;Abilities include:&#13;&#10;&#9; * &#9;* Draw x (+x card)&#13;&#10;&#9; * &#9;* Can play x additional action cards (+x Actions)&#13;&#10;&#9; * &#9;* x additional purchases (+x buy)&#13;&#10;&#9; * &#9;* Gain x coins (+x coin)&#13;&#10;&#9; *  * Take a card from the supply and place in discard (Gain)&#13;&#10;&#9; *  * Take a card from the supply and place in hand (Gain into hand)&#13;&#10;&#9; *  * Show a card, and put it back where it came from (Reveal)&#13;&#10;&#9; *  * Place card into holding area until a condition is met (Set Aside)&#13;&#10;&#9; *  * Put into discard pile (discard)&#13;&#10;&#9; *  * Put a card into trash which removes it from the game (Trash)&#13;&#10;&#9; * - Curse&#13;&#10;&#9; * Players start with an initial draw pile of 3 estates and 7 coppers&#13;&#10;&#9; * Players draw a hand of five to start (handled in player class)&#13;&#10;&#9; * &#13;&#10;&#9; * Necessary methods include:&#13;&#10;&#9; * - checkFor; checks if a specific card is in play&#13;&#10;&#9; * - Target: draws, discards or trashes a specific card&#13;&#10;&#9; */&#13;&#10;&#9;&#13;&#10;&#9;//searches a list for a specific card&#13;&#10;&#9;public static boolean search(Card s, List&lt;Card&gt; c)&#13;&#10;&#9;{&#13;&#10;&#9;&#9;boolean b = false;&#13;&#10;&#9;&#9;for (int i = 0; i &lt; c.size(); i++)&#13;&#10;&#9;&#9;{&#13;&#10;&#9;&#9;&#9;if (c.get(i).getName() == s.getName())&#13;&#10;&#9;&#9;&#9;&#9;b = true;&#13;&#10;&#9;&#9;}&#13;&#10;&#9;&#9;return b;&#13;&#10;&#9;}&#13;&#10;&#9;&#13;&#10;&#9;//moves the 'top' card from one pile or hand to another n times&#13;&#10;&#9;public static void draw(List&lt;Card&gt; from, List&lt;Card&gt; to, int n)&#13;&#10;&#9;{&#13;&#10;&#9;&#9;for (int i = 0; i &lt; n; i++)&#13;&#10;&#9;&#9;{&#13;&#10;&#9;&#9;&#9;//account for lack of cards&#13;&#10;&#9;&#9;&#9;if (from.isEmpty() == false)&#13;&#10;&#9;&#9;&#9;{&#13;&#10;&#9;&#9;&#9;&#9;to.add(from.get(0));&#13;&#10;&#9;&#9;&#9;&#9;from.remove(0);&#13;&#10;&#9;&#9;&#9;}&#13;&#10;&#9;&#9;}&#13;&#10;&#9;}&#13;&#10;&#9;&#13;&#10;&#9;//moves a specific card from one pile or hand to another&#13;&#10;&#9;public static void move (Card c, List&lt;Card&gt; from, List&lt;Card&gt; to)&#13;&#10;&#9;{&#13;&#10;&#9;&#9;boolean control = false;&#13;&#10;&#9;&#9;int i = 0;&#13;&#10;&#9;&#9;//confirm card exists&#13;&#10;&#9;&#9;if (search(c, from) == true)&#13;&#10;&#9;&#9;{&#13;&#10;&#9;&#9;&#9;while (control == false)&#13;&#10;&#9;&#9;&#9;{&#13;&#10;&#9;&#9;&#9;&#9;if (from.get(i).getName() == c.getName())&#13;&#10;&#9;&#9;&#9;&#9;{&#13;&#10;&#9;&#9;&#9;&#9;&#9;control = true;&#13;&#10;&#9;&#9;&#9;&#9;&#9;from.remove(i);&#13;&#10;&#9;&#9;&#9;&#9;}&#13;&#10;&#9;&#9;&#9;&#9;else&#13;&#10;&#9;&#9;&#9;&#9;&#9;i++;&#13;&#10;&#9;&#9;&#9;}&#13;&#10;&#9;&#9;&#9;to.add(c);&#13;&#10;&#9;&#9;}&#13;&#10;&#9;&#9;&#13;&#10;&#9;}&#13;&#10;&#9;&#13;&#10;&#9;//adds n actions to the player's turn&#13;&#10;&#9;public void action(Player p, int n)&#13;&#10;&#9;{&#13;&#10;&#9;&#9;p.actions += n;&#13;&#10;&#9;}&#13;&#10;&#9;&#13;&#10;&#9;public void buy(Player p, int n)&#13;&#10;&#9;{&#13;&#10;&#9;&#9;p.purchases += n;&#13;&#10;&#9;}&#13;&#10;&#9;&#13;&#10;&#9;public int getPoints()&#13;&#10;&#9;{&#13;&#10;&#9;&#9;return points;&#13;&#10;&#9;}&#13;&#10;&#9;&#13;&#10;}&#13;&#10;" Filename="Card.java" Intrnl_Id="2"/>
<SrcFile Content="package Dominion;&#13;&#10;import java.util.ArrayList;&#13;&#10;import java.util.List;&#13;&#10;import java.util.Random;&#13;&#10;&#13;&#10;public class Play &#13;&#10;{&#13;&#10;&#9;/*play maintains turn order and handling, communicates between the different&#13;&#10;&#9; * classes, and acts as the main&#13;&#10;&#9; * &#13;&#10;&#9; * Play initializes the game by calling the constructors at the &#13;&#10;&#9; * start of the game&#13;&#10;&#9; * it then begins a loop which checks the status of the game (whether or not it is done)&#13;&#10;&#9; * It then begins the next player's turn&#13;&#10;&#9; */&#13;&#10;&#9;&#13;&#10;&#9;public static String state;&#13;&#10;&#9;&#13;&#10;&#9;public static void playGame(int rounds)&#13;&#10;&#9;{&#13;&#10;&#9;&#9;state = &quot;Initializing&quot;;&#13;&#10;&#9;&#9;Board b = new Board();&#13;&#10;&#9;&#9;&#13;&#10;&#9;&#9;List&lt;Player&gt; p = new ArrayList();&#13;&#10;&#9;&#9;&#13;&#10;&#9;&#9;for (int i = 0; i &lt; 2; i++)&#13;&#10;&#9;&#9;{&#13;&#10;&#9;&#9;&#9;p.add(new Player(i + 1));&#13;&#10;&#9;&#9;}&#13;&#10;&#9;&#9;&#13;&#10;&#9;&#9;p.get(0).opponents.add(p.get(1));&#13;&#10;&#9;&#9;p.get(1).opponents.add(p.get(0));&#13;&#10;&#9;&#9;&#13;&#10;&#9;&#9;boolean control = true;&#13;&#10;&#9;&#9;int turn = 0;&#13;&#10;&#9;&#9;&#13;&#10;&#9;&#9;if (rounds == 0)&#13;&#10;&#9;&#9;{&#13;&#10;&#9;&#9;&#9;while (control == true)&#13;&#10;&#9;&#9;&#9;{&#13;&#10;&#9;&#9;&#9;&#9;state = &quot;run game&quot;;&#13;&#10;&#9;&#9;&#9;&#9;p.get(turn).turn(b, state);&#13;&#10;&#9;&#9;&#9;&#9;turn++;&#13;&#10;&#9;&#9;&#9;&#9;if (turn &gt; 1)&#13;&#10;&#9;&#9;&#9;&#9;&#9;turn = 0;&#13;&#10;&#9;&#9;&#9;&#9;if (b.gameEnd() == true)&#13;&#10;&#9;&#9;&#9;&#9;{&#13;&#10;&#9;&#9;&#9;&#9;&#9;System.out.println(&quot;Game is over&quot;);&#13;&#10;&#9;&#9;&#9;&#9;&#9;control = false;&#13;&#10;&#9;&#9;&#9;&#9;}&#13;&#10;&#9;&#9;&#9;}&#13;&#10;&#9;&#9;}&#13;&#10;&#9;&#9;else&#13;&#10;&#9;&#9;{&#13;&#10;&#9;&#9;&#9;while (rounds &gt; 0)&#13;&#10;&#9;&#9;&#9;{&#13;&#10;&#9;&#9;&#9;&#9;state = &quot;Test turn run&quot;;&#13;&#10;&#9;&#9;&#9;&#9;p.get(turn).turn(b, state);&#13;&#10;&#9;&#9;&#9;&#9;turn++;&#13;&#10;&#9;&#9;&#9;&#9;if (turn &gt; 1)&#13;&#10;&#9;&#9;&#9;&#9;&#9;turn = 0;&#13;&#10;&#9;&#9;&#9;&#9;rounds--;&#13;&#10;&#9;&#9;&#9;}&#13;&#10;&#9;&#9;&#9;&#13;&#10;&#9;&#9;}&#13;&#10;&#9;&#9;&#13;&#10;&#9;&#9;for (int i = 0; i &lt; p.size(); i++)&#13;&#10;&#9;&#9;{&#13;&#10;&#9;&#9;&#9;state = &quot;Count points player&quot; + String.format(&quot;%d&quot;, i + 1);&#13;&#10;&#9;&#9;&#9;p.get(i).discardAll(p.get(i).hand);&#13;&#10;&#9;&#9;&#9;p.get(i).discardAll(p.get(i).deck);&#13;&#10;&#9;&#9;&#9;for (int j = 0; j &lt; p.get(i).discard.size(); j++)&#13;&#10;&#9;&#9;&#9;{&#13;&#10;&#9;&#9;&#9;&#9;if (p.get(i).discard.get(j).getType() == &quot;Victory&quot; || p.get(i).discard.get(j).getName() == &quot;Great Hall&quot;)&#13;&#10;&#9;&#9;&#9;&#9;&#9;p.get(i).vPoints += p.get(i).discard.get(j).getPoints();&#13;&#10;&#9;&#9;&#9;&#9;else if (p.get(i).discard.get(j).getName() == &quot;Gardens&quot;)&#13;&#10;&#9;&#9;&#9;&#9;&#9;p.get(i).vPoints += p.get(i).discard.size()/10;&#13;&#10;&#9;&#9;&#9;&#9;else if (p.get(i).discard.get(j).getType() == &quot;Curse&quot;)&#13;&#10;&#9;&#9;&#9;&#9;&#9;p.get(i).vPoints -= 1;&#13;&#10;&#9;&#9;&#9;}&#13;&#10;&#9;&#9;}&#13;&#10;&#9;&#9;&#13;&#10;&#9;&#9;if (p.get(0).vPoints &gt;= p.get(1).vPoints)&#13;&#10;&#9;&#9;&#9;System.out.println(&quot;Player 1 wins with &quot; + String.format(&quot;%d&quot;, p.get(0).vPoints) + &quot; to &quot; + String.format(&quot;%d&quot;, p.get(1).vPoints));&#13;&#10;&#9;&#9;else &#13;&#10;&#9;&#9;&#9;System.out.println(&quot;Player 2 wins with &quot; + String.format(&quot;%d&quot;, p.get(1).vPoints) + &quot; to &quot; + String.format(&quot;%d&quot;, p.get(0).vPoints));&#13;&#10;&#9;&#9;state = &quot;End&quot;;&#13;&#10;&#9;}&#13;&#10;&#9;&#13;&#10;&#9;&#9;&#13;&#10;&#9;&#13;&#10;&#9;&#13;&#10;}&#13;&#10;" Filename="Play.java" Intrnl_Id="3"/>
<SrcFile Content="package Dominion;&#13;&#10;import java.util.*;&#13;&#10;&#13;&#10;public class Player &#13;&#10;{&#13;&#10;&#9;public int actions, turnMoney, purchases, playerNum, vPoints;&#13;&#10;&#9;public List&lt;Card&gt; &#13;&#10;&#9;&#9;&#9;hand = new ArrayList(), &#13;&#10;&#9;&#9;&#9;discard = new ArrayList(), &#13;&#10;&#9;&#9;&#9;deck = new ArrayList();&#13;&#10;&#9;&#13;&#10;&#9;public List&lt;Player&gt; opponents = new ArrayList();&#13;&#10;&#9;&#13;&#10;&#9;public static void readCards(List&lt;Card&gt; c)&#13;&#10;&#9;{&#13;&#10;&#9;&#9;for (int i = 0; i &lt; c.size(); i++)&#13;&#10;&#9;&#9;{&#13;&#10;&#9;&#9;&#9;System.out.println(c.get(i).getName());&#13;&#10;&#9;&#9;}&#13;&#10;&#9;}&#13;&#10;&#9;&#13;&#10;&#9;//determines the amount of treasure in a player's hand at the start of a turn&#13;&#10;&#9;protected int getMoney()&#13;&#10;&#9;{&#13;&#10;&#9;&#9;int wealth = 0;&#13;&#10;&#9;&#9;for (int i = 0; i &lt; hand.size(); i++)&#13;&#10;&#9;&#9;{&#13;&#10;&#9;&#9;&#9;if (hand.get(i).getName() == &quot;Copper&quot;)&#13;&#10;&#9;&#9;&#9;{&#13;&#10;&#9;&#9;&#9;&#9;wealth += 1;&#13;&#10;&#9;&#9;&#9;}&#13;&#10;&#9;&#9;&#9;if (hand.get(i).getName() == &quot;Silver&quot;)&#13;&#10;&#9;&#9;&#9;{&#13;&#10;&#9;&#9;&#9;&#9;wealth += 2;&#13;&#10;&#9;&#9;&#9;}&#13;&#10;&#9;&#9;&#9;if (hand.get(i).getName() == &quot;Gold&quot;)&#13;&#10;&#9;&#9;&#9;{&#13;&#10;&#9;&#9;&#9;&#9;wealth += 3;&#13;&#10;&#9;&#9;&#9;}&#13;&#10;&#9;&#9;}&#13;&#10;&#13;&#10;&#9;&#9;return wealth;&#13;&#10;&#9;}&#13;&#10;&#9;&#13;&#10;&#9;&#13;&#10;&#9;public void turn(Board b, String state)&#13;&#10;&#9;{&#9;&#13;&#10;&#9;&#9;System.out.println(&quot;Player &quot; + String.format(&quot;%d&quot;, playerNum) + &quot;'s turn&quot;);&#13;&#10;&#9;&#9;System.out.println(&quot;Player &quot; + String.format(&quot;%d&quot;, playerNum) + &quot;'s hand:&quot;);&#13;&#10;&#9;&#9;readCards(hand);&#13;&#10;&#9;&#9;actions = 1;&#13;&#10;&#9;&#9;purchases = 1;&#13;&#10;&#9;&#9;List&lt;String&gt; a;&#13;&#10;&#13;&#10;&#9;&#9;Random r = new Random();&#13;&#10;&#9;&#9;int rn;&#13;&#10;&#9;&#9;&#13;&#10;&#9;//action phase&#13;&#10;&#9;&#9;//check which cards are able to be played, and display those&#13;&#10;&#9;&#9;while (actions &gt; 0)&#13;&#10;&#9;&#9;{&#13;&#10;&#9;&#9;&#9;state = &quot;Player &quot; + String.format(&quot;%d&quot;, playerNum) + &quot;action phase&quot;;&#13;&#10;&#9;&#9;&#9;//must have k be set to Null at the beginning of the loop&#13;&#10;&#9;&#9;&#9;List&lt;String&gt; k = new ArrayList();&#13;&#10;&#9;&#9;&#9;for (int i = 0; i &lt; hand.size(); i++)&#13;&#10;&#9;&#9;&#9;{&#13;&#10;&#9;&#9;&#9;&#9;if (hand.get(i).getType() == &quot;Kingdom&quot;)&#13;&#10;&#9;&#9;&#9;&#9;&#9;k.add(hand.get(i).getName());&#13;&#10;&#9;&#9;&#9;}&#13;&#10;&#9;&#9;&#9;&#13;&#10;&#9;&#9;&#9;rn = r.nextInt(k.size() + 1);&#13;&#10;&#9;&#9;&#9;&#13;&#10;&#9;&#9;&#9;if (rn &lt; k.size())&#13;&#10;&#9;&#9;&#9;{&#13;&#10;&#9;&#9;&#9;    System.out.println(&quot;Player &quot; + String.format(&quot;%d&quot;, playerNum) + &quot; plays &quot; + k.get(rn));&#13;&#10;&#9;&#9;&#9;&#9;playK(k.get(rn), b);&#13;&#10;&#9;&#9;&#9;}&#13;&#10;&#9;&#9;&#9;else&#13;&#10;&#9;&#9;&#9;{&#13;&#10;&#9;&#9;&#9;&#9;System.out.println(&quot;Player &quot; + String.format(&quot;%d&quot;, playerNum) + &quot; passes their action phase&quot;);&#13;&#10;&#9;&#9;&#9;&#9;actions = 0;&#13;&#10;&#9;&#9;&#9;}&#13;&#10;&#9;&#9;&#9;&#13;&#10;&#9;&#9;&#9;actions--;&#13;&#10;&#9;&#9;}&#13;&#10;&#9;&#9;&#13;&#10;&#9;&#9;&#9;&#13;&#10;&#9;&#9;&#9;//accept input to play available cards until the player exhausts actions&#13;&#10;&#9;&#9;&#9;// or passes to the buy phase&#13;&#10;&#9;&#9;&#9;&#13;&#10;&#9;&#9;//buy phase&#13;&#10;&#9;&#9;&#9;//check and display which cards can be bought with current wealth&#13;&#10;&#9;&#13;&#10;&#9;&#9;turnMoney = getMoney();&#13;&#10;&#9;&#9;while (purchases &gt; 0)&#13;&#10;&#9;&#9;{&#13;&#10;&#9;&#9;&#9;state = &quot;Player &quot; + String.format(&quot;%d&quot;, playerNum) + &quot;buy phase&quot;;&#13;&#10;&#9;&#9;&#9;a = b.available(turnMoney);&#13;&#10;&#9;&#9;&#9;for (int i = 0; i &lt; a.size(); i++)&#13;&#10;&#9;&#9;&#9;{&#13;&#10;&#9;&#9;&#9;&#9;//System.out.println(a.get(i));&#13;&#10;&#9;&#9;&#9;}&#13;&#10;&#9;&#9;&#9;//accept input to buy cards until the player exhaust their buys or passes&#13;&#10;&#9;&#9;&#9;rn = r.nextInt(a.size() + 1);&#13;&#10;&#9;&#9;&#9;if (rn &lt; a.size())&#13;&#10;&#9;&#9;&#9;{&#13;&#10;&#9;&#9;&#9;&#9;System.out.println(&quot;Player &quot; + String.format(&quot;%d&quot;, playerNum) + &quot; buys &quot; + a.get(rn));&#13;&#10;&#9;&#9;&#9;&#9;b.buy(turnMoney, a.get(rn), hand);&#13;&#10;&#9;&#9;&#9;&#9;purchases--;&#13;&#10;&#9;&#9;&#9;}&#13;&#10;&#9;&#9;&#9;else&#13;&#10;&#9;&#9;&#9;{&#13;&#10;&#9;&#9;&#9;&#9;System.out.println(&quot;Player &quot; + String.format(&quot;%d&quot;, playerNum) + &quot; passes their buy phase&quot;);&#13;&#10;&#9;&#9;&#9;&#9;purchases = 0;&#13;&#10;&#9;&#9;&#9;}&#13;&#10;&#9;&#9;&#9;//forgot to set passing as setting purchases to 0&#13;&#10;&#9;&#9;}&#13;&#10;&#9;&#9;&#9;&#13;&#10;&#9;&#9;//cleanup phase&#13;&#10;&#9;&#9;&#9;//discards the player's hand and draws a new one&#13;&#10;&#9;&#9;&#9;state = &quot;Player &quot; + String.format(&quot;%d&quot;, playerNum) + &quot;cleanup phase&quot;;&#13;&#10;&#9;&#9;&#9;discardAll(hand);&#13;&#10;&#9;&#9;&#9;drawDeck(5);&#13;&#10;&#9;&#9;&#9;System.out.println(&quot;End of Player &quot; + String.format(&quot;%d&quot;, playerNum) +&quot;'s turn&quot;);&#13;&#10;&#9;&#9;&#9;&#13;&#10;&#9;&#9;&#9;&#13;&#10;&#9;}&#13;&#10;&#13;&#10;&#9;&#13;&#10;&#9;/*&#13;&#10;&#9; * Components include:&#13;&#10;&#9; * - A hand&#13;&#10;&#9; * - Discard&#13;&#10;&#9; * - A Deck&#13;&#10;&#9; * &#13;&#10;&#9; * Player class will contain a set of methods which play turns;&#13;&#10;&#9; * &#13;&#10;&#9; * A turn plays as follows:&#13;&#10;&#9; * - Action:&#13;&#10;&#9; * &#9;Player may play any action card(s) in their hand, and their effect is applied &#13;&#10;&#9; *  (card is then added to the discard)&#13;&#10;&#9; * - Buy:&#13;&#10;&#9; * &#9;Player is allowed to buy any card in the supply which has a lower cost than their current treasure&#13;&#10;&#9; * &#13;&#10;&#9; * - Cleanup:&#13;&#10;&#9; *  Places all cards in hand into discard and redraw&#13;&#10;&#9; *  &#13;&#10;&#9; *  If at any point the count for the player's deck drops to zero,&#13;&#10;&#9; *  shuffle the discard and it becomes the new deck&#13;&#10;&#9; * &#13;&#10;&#9; */&#13;&#10;&#13;&#10;&#9;public List&lt;Card&gt; shuffle(List&lt;Card&gt; c)&#13;&#10;&#9;{&#13;&#10;&#9;&#9;List&lt;Card&gt; f = new ArrayList();&#13;&#10;&#9;&#9;int csize = c.size();&#13;&#10;&#9;&#9;&#13;&#10;&#9;&#9;for (int i = 0; i &lt; csize; i++)&#13;&#10;&#9;&#9;{&#13;&#10;&#9;&#9;&#9;Random r = new Random();&#13;&#10;&#9;&#9;&#9;int rn;&#13;&#10;&#9;&#9;&#9;rn = r.nextInt(c.size());&#13;&#10;&#9;&#9;&#9;f.add(c.get(rn));&#13;&#10;&#9;&#9;&#9;c.remove(rn);&#13;&#10;&#9;&#9;}&#13;&#10;&#9;&#9;&#13;&#10;&#9;&#9;return f;&#13;&#10;&#9;}&#13;&#10;&#9;&#13;&#10;&#9;public Player(int num)&#13;&#10;&#9;{&#13;&#10;&#9;&#9;playerNum = num;&#13;&#10;&#9;&#9;for (int i = 0; i &lt; 7; i++)&#13;&#10;&#9;&#9;{&#13;&#10;&#9;&#9;&#9;deck.add(new Card(&quot;Copper&quot;));&#13;&#10;&#9;&#9;}&#13;&#10;&#9;&#9;for (int i = 0; i &lt; 3; i++)&#13;&#10;&#9;&#9;{&#13;&#10;&#9;&#9;&#9;deck.add(new Card(&quot;Estate&quot;));&#13;&#10;&#9;&#9;}&#13;&#10;&#13;&#10;&#9;&#9;deck = shuffle(deck);&#13;&#10;&#9;&#9;drawDeck(5);&#13;&#10;&#9;&#9;&#13;&#10;&#9;&#9;vPoints = 0;&#13;&#10;&#9;}&#13;&#10;&#9;&#13;&#10;&#9;&#13;&#10;&#9;//draws from deck&#13;&#10;&#9;public void drawDeck(int n)&#13;&#10;&#9;{&#13;&#10;&#9;&#9;//check if deck has enough cards&#13;&#10;&#9;&#9;if (deck.size() &lt; n)&#13;&#10;&#9;&#9;{&#13;&#10;&#9;&#9;&#9;deck.addAll(shuffle(discard));&#13;&#10;&#9;&#9;}&#13;&#10;&#9;&#9;Card.draw(deck, hand, n);&#13;&#10;&#9;}&#13;&#10;&#9;&#13;&#10;&#9;public void discard(Card c)&#13;&#10;&#9;{&#13;&#10;&#9;&#9;&#9;Card.move(c, hand, discard);&#13;&#10;&#9;}&#13;&#10;&#9;&#13;&#10;&#9;public void discardAll(List&lt;Card&gt; c)&#13;&#10;&#9;{&#13;&#10;&#9;&#9;int handSize = c.size();&#13;&#10;&#9;&#9;for (int i = 0; i &lt; handSize; i++)&#13;&#10;&#9;&#9;&#9;discard(c.get(0));&#13;&#10;&#9;}&#13;&#10;&#13;&#10;&#13;&#10;&#9;public void gain(Card c, List&lt;Card&gt; s)&#13;&#10;&#9;{&#13;&#10;&#9;&#9;Card r;&#13;&#10;&#9;&#9;if (Card.search(c, s) == true)&#13;&#10;&#9;&#9;{&#13;&#10;&#9;&#9;&#9;boolean b = false;&#13;&#10;&#9;&#9;&#9;int i = 0;&#13;&#10;&#9;&#9;&#9;while(b == false)&#13;&#10;&#9;&#9;&#9;{&#13;&#10;&#9;&#9;&#9;&#9;if (s.get(i).getName() == c.getName())&#13;&#10;&#9;&#9;&#9;&#9;&#9;b = true;&#13;&#10;&#9;&#9;&#9;&#9;else&#13;&#10;&#9;&#9;&#9;&#9;&#9;i++;&#13;&#10;&#9;&#9;&#9;}&#13;&#10;&#9;&#9;&#9;Card.move(s.get(i), s, hand);&#13;&#10;&#9;&#9;}&#13;&#10;&#9;}&#13;&#10;&#9;&#13;&#10;&#9;public void trash(Card c)&#13;&#10;&#9;{&#13;&#10;&#9;&#9;int index = -1;&#13;&#10;&#9;&#9;for (int i = 0; i &lt; hand.size(); i++)&#13;&#10;&#9;&#9;{&#13;&#10;&#9;&#9;&#9;if (c.getName() == hand.get(i).getName())&#13;&#10;&#9;&#9;&#9;{&#13;&#10;&#9;&#9;&#9;&#9;index = i;&#13;&#10;&#9;&#9;&#9;}&#13;&#10;&#9;&#9;}&#13;&#10;&#9;&#9;if (index != -1)&#13;&#10;&#9;&#9;&#9;hand.remove(index);&#13;&#10;&#9;&#9;&#9;&#13;&#10;&#9;}&#13;&#10;&#9;&#13;&#10;&#9;//checks string k for card name, and plays the corresponding card&#13;&#10;&#9;//set to public for test purposes&#13;&#10;&#9;public void playK(String k, Board b)&#13;&#10;&#9;{&#13;&#10;&#9;&#9;int cost = 0;&#13;&#10;&#9;&#9;&#13;&#10;&#9;&#9;/*Reveal cards from deck until 2 treasure cards are revealed, put them&#13;&#10;&#9;&#9; * in your hand and discard all others*/&#13;&#10;&#9;&#9;if (k == &quot;Adventurer&quot;)&#13;&#10;&#9;&#9;{&#13;&#10;&#9;&#9;&#9;cost = 6;&#13;&#10;&#9;&#9;&#9;discard(new Card(k, cost));&#13;&#10;&#9;&#9;&#9;List&lt;Card&gt; l = new ArrayList();&#13;&#10;&#9;&#9;&#9;int t = 0;&#13;&#10;&#9;&#9;&#9;while (t &lt; 2)&#13;&#10;&#9;&#9;&#9;{&#13;&#10;&#9;&#9;&#9;&#9;System.out.println(&quot;Player &quot; + &quot; drew a &quot; + deck.get(0).getName());&#13;&#10;&#9;&#9;&#9;&#9;if (deck.get(0).getType() == &quot;Treasure&quot;)&#13;&#10;&#9;&#9;&#9;&#9;{&#13;&#10;&#9;&#9;&#9;&#9;&#9;System.out.println(&quot;Adding &quot; + deck.get(0).getName());&#13;&#10;&#9;&#9;&#9;&#9;&#9;drawDeck(1);&#13;&#10;&#9;&#9;&#9;&#9;&#9;t++;&#13;&#10;&#9;&#9;&#9;&#9;}&#13;&#10;&#9;&#9;&#9;&#9;else&#13;&#10;&#9;&#9;&#9;&#9;{&#13;&#10;&#9;&#9;&#9;&#9;&#9;discard.add(deck.get(0));&#13;&#10;&#9;&#9;&#9;&#9;&#9;deck.remove(0);&#13;&#10;&#9;&#9;&#9;&#9;}&#13;&#10;&#9;&#9;&#9;}&#13;&#10;&#9;&#9;}&#13;&#10;&#9;&#9;&#13;&#10;&#9;&#9;/*&#9;Reveal a card from your hand. Return up to 2 copies of it from your hand to 4&#13;&#10;&#9;&#9; * the Supply. Then each other player gains a copy of it.&#13;&#10;&#9;&#9; */&#13;&#10;&#9;&#9;if (k == &quot;Ambassador&quot;)&#13;&#10;&#9;&#9;{&#13;&#10;&#9;&#9;&#9;cost = 3;&#13;&#10;&#9;&#9;&#9;discard(new Card(k, cost));&#13;&#10;&#9;&#9;&#9;Random r = new Random();&#13;&#10;&#9;&#9;&#9;int rn;&#13;&#10;&#9;&#9;&#9;rn = r.nextInt(hand.size());&#13;&#10;&#9;&#9;&#9;String cardName = hand.get(rn).getName();&#13;&#10;&#9;&#9;&#9;&#13;&#10;&#9;&#9;&#9;System.out.println(&quot;Player &quot; + String.format(&quot;%d&quot;, playerNum) + &quot; Reveals &quot; + hand.get(rn).getName());&#13;&#10;&#9;&#9;&#9;&#13;&#10;&#9;&#9;&#9;int cardCount = 0;&#13;&#10;&#9;&#9;&#9;for (int i = 0; i &lt; hand.size(); i++)&#13;&#10;&#9;&#9;&#9;{&#13;&#10;&#9;&#9;&#9;&#9;if (hand.get(i).getName() == cardName)&#13;&#10;&#9;&#9;&#9;&#9;&#9;cardCount++;&#13;&#10;&#9;&#9;&#9;}&#13;&#10;&#9;&#9;&#9;&#13;&#10;&#9;&#9;&#9;if (cardCount &gt; 1)&#13;&#10;&#9;&#9;&#9;{&#13;&#10;&#9;&#9;&#9;&#9;rn = r.nextInt(3);&#13;&#10;&#9;&#9;&#9;&#9;for (int i = 0; i &lt; rn; i++)&#13;&#10;&#9;&#9;&#9;&#9;{&#13;&#10;&#9;&#9;&#9;&#9;&#9;Card.move(new Card(cardName, cost), hand, b.supply);&#13;&#10;&#9;&#9;&#9;&#9;}&#13;&#10;&#9;&#9;&#9;}&#13;&#10;&#9;&#9;&#9;else&#13;&#10;&#9;&#9;&#9;&#9;Card.move(new Card(cardName), hand, b.supply);&#13;&#10;&#9;&#9;&#9;&#13;&#10;&#9;&#9;&#9;for (int i = 0; i &lt; opponents.size(); i++)&#13;&#10;&#9;&#9;&#9;&#9;opponents.get(i).gain(new Card(cardName), b.supply);&#13;&#10;&#9;&#9;&#9;&#13;&#10;&#9;&#9;&#9;&#13;&#10;&#9;&#9;}&#13;&#10;&#9;&#9;&#13;&#10;&#9;&#9;/*&#9;+1 Buy, You may discard an Estate card. If you do, +4 coins. &#13;&#10;&#9;&#9; * Otherwise, gain an Estate card.&#13;&#10;&#9;&#9; */&#13;&#10;&#9;&#9;&#13;&#10;&#9;&#9;if (k == &quot;Baron&quot;)&#13;&#10;&#9;&#9;{&#13;&#10;&#9;&#9;&#9;cost = 4;&#13;&#10;&#9;&#9;&#9;discard(new Card(k, cost));&#13;&#10;&#9;&#9;&#9;purchases++;&#13;&#10;&#9;&#9;&#9;Random r = new Random();&#13;&#10;&#9;&#9;&#9;int rn;&#13;&#10;&#9;&#9;&#9;rn = r.nextInt(2);&#13;&#10;&#9;&#9;&#9;if (Card.search(new Card(&quot;Estate&quot;, 4), hand) == true &amp;&amp; rn &gt; 0)&#13;&#10;&#9;&#9;&#9;{&#13;&#10;&#9;&#9;&#9;&#9;System.out.println(&quot;Player &quot; + String.format(&quot;%d&quot;, playerNum) + &quot; discards an estate&quot;);&#13;&#10;&#9;&#9;&#9;&#9;boolean bo = false;&#13;&#10;&#9;&#9;&#9;&#9;int i = 0;&#13;&#10;&#9;&#9;&#9;&#9;while(bo == false &amp;&amp; i &lt; hand.size())&#13;&#10;&#9;&#9;&#9;&#9;{&#13;&#10;&#9;&#9;&#9;&#9;&#9;if (hand.get(i).getName() == &quot;Estate&quot;)&#13;&#10;&#9;&#9;&#9;&#9;&#9;&#9;bo = true;&#13;&#10;&#9;&#9;&#9;&#9;&#9;else&#13;&#10;&#9;&#9;&#9;&#9;&#9;&#9;i++;&#13;&#10;&#9;&#9;&#9;&#9;}&#13;&#10;&#9;&#9;&#9;&#9;discard(hand.get(i));&#13;&#10;&#9;&#9;&#9;&#9;turnMoney += 4;&#13;&#10;&#9;&#9;&#9;}&#13;&#10;&#9;&#9;&#9;else if(Card.search(new Card(&quot;Estate&quot;), b.supply) == true)&#13;&#10;&#9;&#9;&#9;{&#13;&#10;&#9;&#9;&#9;&#9;//gain estate from supply&#13;&#10;&#9;&#9;&#9;&#9;System.out.println(&quot;Player &quot; + String.format(&quot;%d&quot;, playerNum) + &quot; gains an estate&quot;);&#13;&#10;&#9;&#9;&#9;&#9;gain((new Card(&quot;Estate&quot;, 3)), b.supply);&#13;&#10;&#9;&#9;&#9;}&#13;&#10;&#9;&#9;}&#13;&#10;&#9;&#9;&#13;&#10;&#9;&#9;/*+ 4 cards, + 1 buy, each other player draws a card*/&#13;&#10;&#9;&#9;&#13;&#10;&#9;&#9;if (k == &quot;Council Room&quot;)&#13;&#10;&#9;&#9;{&#13;&#10;&#9;&#9;&#9;cost = 4;&#13;&#10;&#9;&#9;&#9;discard(new Card(k, cost));&#13;&#10;&#9;&#9;&#9;drawDeck(4);&#13;&#10;&#9;&#9;&#9;purchases++;&#13;&#10;&#9;&#9;&#9;for (int i = 0; i &lt; opponents.size(); i++)&#13;&#10;&#9;&#9;&#9;{&#13;&#10;&#9;&#9;&#9;&#9;opponents.get(i).drawDeck(1);&#13;&#10;&#9;&#9;&#9;}&#13;&#10;&#9;&#9;}&#13;&#10;&#9;&#9;&#13;&#10;&#9;&#9;if (k == &quot;Cutpurse&quot;)&#13;&#10;&#9;&#9;{&#13;&#10;&#9;&#9;&#9;cost = 4;&#13;&#10;&#9;&#9;&#9;discard(new Card(k, cost));&#13;&#10;&#9;&#9;&#9;turnMoney += 2;&#13;&#10;&#9;&#9;&#9;for (int i = 0; i &lt; opponents.size(); i++)&#13;&#10;&#9;&#9;&#9;{&#13;&#10;&#9;&#9;&#9;&#9;if (Card.search(new Card(&quot;Copper&quot;), opponents.get(i).hand) == true)&#13;&#10;&#9;&#9;&#9;&#9;{&#13;&#10;&#9;&#9;&#9;&#9;&#9;opponents.get(i).discard(new Card(&quot;Copper&quot;));&#13;&#10;&#9;&#9;&#9;&#9;}&#13;&#10;&#9;&#9;&#9;&#9;else&#13;&#10;&#9;&#9;&#9;&#9;{&#13;&#10;&#9;&#9;&#9;&#9;&#9;System.out.println(&quot;Player &quot; + String.format(&quot;%d&quot;, opponents.get(i).playerNum) +  &quot; reveals hand:&quot;);&#13;&#10;&#9;&#9;&#9;&#9;&#9;readCards(opponents.get(i).hand);&#13;&#10;&#9;&#9;&#9;&#9;}&#13;&#10;&#9;&#9;&#9;}&#13;&#10;&#9;&#9;}&#13;&#10;&#9;&#9;&#13;&#10;&#9;&#9;&#13;&#10;&#9;&#9;/*Place an embargo token on a supply pile. Whenever&#13;&#10;&#9;&#9; * a card is bought from that pile, the player gets as many curse &#13;&#10;&#9;&#9; * cards as embargo tokens*/&#13;&#10;&#9;&#9;&#13;&#10;&#9;&#9;if (k == &quot;Embargo&quot;)&#13;&#10;&#9;&#9;{&#13;&#10;&#9;&#9;&#9;trash(new Card(&quot;Embargo&quot;));&#13;&#10;&#9;&#9;&#9;Random r = new Random();&#13;&#10;&#9;&#9;&#9;int rn;&#13;&#10;&#9;&#9;&#9;rn = r.nextInt(16);&#13;&#10;&#9;&#9;&#9;b.em[rn]++;&#13;&#10;&#9;&#9;}&#13;&#10;&#9;&#9;&#13;&#10;&#9;&#9;/*Trash this card; gain a card costing up to 5*/&#13;&#10;&#9;&#9;&#13;&#10;&#9;&#9;if (k == &quot;Feast&quot;)&#13;&#10;&#9;&#9;{&#13;&#10;&#9;&#9;&#9;trash(new Card(&quot;Feast&quot;));&#13;&#10;&#9;&#9;&#9;List&lt;Card&gt; l = new ArrayList();&#13;&#10;&#9;&#9;&#9;for (int i = 0; i &lt; b.supply.size(); i++)&#13;&#10;&#9;&#9;&#9;{&#13;&#10;&#9;&#9;&#9;&#9;if (b.supply.get(i).getCost() &lt; 6 &amp;&amp; !l.contains(b.supply.get(i).getName()))&#13;&#10;&#9;&#9;&#9;&#9;{&#13;&#10;&#9;&#9;&#9;&#9;&#9;l.add(b.supply.get(i));&#13;&#10;&#9;&#9;&#9;&#9;}&#13;&#10;&#9;&#9;&#9;}&#13;&#10;&#9;&#9;&#9;Random r = new Random();&#13;&#10;&#9;&#9;&#9;int rn;&#13;&#10;&#9;&#9;&#9;rn = r.nextInt(l.size());&#13;&#10;&#9;&#9;&#9;if (l.get(rn).getType() == &quot;Kingdom&quot;)&#13;&#10;&#9;&#9;&#9;{&#13;&#10;&#9;&#9;&#9;&#9;gain(new Card(l.get(rn).getName(), l.get(rn).getCost()), b.supply);&#13;&#10;&#9;&#9;&#9;}&#13;&#10;&#9;&#9;&#9;else&#13;&#10;&#9;&#9;&#9;{&#13;&#10;&#9;&#9;&#9;&#9;gain(new Card(l.get(rn).getName()), b.supply);&#13;&#10;&#9;&#9;&#9;}&#13;&#10;&#9;&#9;}&#13;&#10;&#9;&#9;&#13;&#10;&#9;&#9;if (k == &quot;Great Hall&quot;)&#13;&#10;&#9;&#9;{&#13;&#10;&#9;&#9;&#9;//readCards(hand);&#13;&#10;&#9;&#9;&#9;cost = 3;&#13;&#10;&#9;&#9;&#9;//need to only call with regular constructor (else it will stay in hand)&#13;&#10;&#9;&#9;&#9;discard(new Card(k));&#13;&#10;&#9;&#9;&#9;drawDeck(1);&#13;&#10;&#9;&#9;&#9;actions++;&#13;&#10;&#9;&#9;}&#13;&#10;&#9;&#9;&#13;&#10;&#9;&#9;/*Trash a treasure card; gain a treasure card up to 3 &#13;&#10;&#9;&#9; * more in cost than the one trashed&#13;&#10;&#9;&#9; */&#13;&#10;&#9;&#9;&#13;&#10;&#9;&#9;if (k == &quot;Mine&quot;)&#13;&#10;&#9;&#9;{&#13;&#10;&#9;&#9;&#9;cost = 5;&#13;&#10;&#9;&#9;&#9;discard(new Card(k, cost));&#13;&#10;&#9;&#9;&#9;List&lt;String&gt; l = new ArrayList();&#13;&#10;&#9;&#9;&#9;for (int i = 0; i &lt; hand.size(); i++)&#13;&#10;&#9;&#9;&#9;{&#13;&#10;&#9;&#9;&#9;&#9;if (hand.get(i).getType() == &quot;Treasure&quot;)&#13;&#10;&#9;&#9;&#9;&#9;&#9;l.add(hand.get(i).getName());&#13;&#10;&#9;&#9;&#9;}&#13;&#10;&#9;&#9;&#9;&#13;&#10;&#9;&#9;&#9;//must account for card requirements&#13;&#10;&#9;&#9;&#9;if (l.isEmpty() == true)&#13;&#10;&#9;&#9;&#9;{&#13;&#10;&#9;&#9;&#9;&#9;System.out.println(&quot;But they could not play it as they do not have any treasure cards&quot;);&#13;&#10;&#9;&#9;&#9;&#9;actions++;&#13;&#10;&#9;&#9;&#9;&#9;return;&#13;&#10;&#9;&#9;&#9;}&#13;&#10;&#9;&#9;&#9;&#13;&#10;&#9;&#9;&#9;Random r = new Random();&#13;&#10;&#9;&#9;&#9;int rn;&#13;&#10;&#9;&#9;&#9;rn = r.nextInt(l.size());&#13;&#10;&#9;&#9;&#9;if (l.get(rn) == &quot;Copper&quot;)&#13;&#10;&#9;&#9;&#9;{&#13;&#10;&#9;&#9;&#9;&#9;rn = r.nextInt(2);&#13;&#10;&#9;&#9;&#9;&#9;if (rn == 1)&#13;&#10;&#9;&#9;&#9;&#9;&#9;gain(new Card(&quot;Silver&quot;), b.supply);&#13;&#10;&#9;&#9;&#9;&#9;else &#13;&#10;&#9;&#9;&#9;&#9;&#9;gain(new Card(&quot;Copper&quot;), b.supply);&#13;&#10;&#9;&#9;&#9;}&#13;&#10;&#9;&#9;&#9;else if (l.get(rn) == &quot;Silver&quot; || l.get(rn) == &quot;Gold&quot;)&#13;&#10;&#9;&#9;&#9;{&#13;&#10;&#9;&#9;&#9;&#9;rn = r.nextInt(3);&#13;&#10;&#9;&#9;&#9;&#9;if (rn == 2)&#13;&#10;&#9;&#9;&#9;&#9;&#9;gain(new Card(&quot;Gold&quot;), b.supply);&#13;&#10;&#9;&#9;&#9;&#9;else if (rn == 1)&#13;&#10;&#9;&#9;&#9;&#9;&#9;gain(new Card(&quot;Silver&quot;), b.supply);&#13;&#10;&#9;&#9;&#9;&#9;else &#13;&#10;&#9;&#9;&#9;&#9;&#9;gain(new Card(&quot;Copper&quot;), b.supply);&#13;&#10;&#9;&#9;&#9;}&#13;&#10;&#9;&#9;&#9;&#13;&#10;&#9;&#9;}&#13;&#10;&#9;&#9;&#13;&#10;&#9;&#9;/*Choose one: +2 money or all players with more than &#13;&#10;&#9;&#9; * 5 cards discard and draw 4&#13;&#10;&#9;&#9; */&#13;&#10;&#9;&#9;&#13;&#10;&#9;&#9;if (k == &quot;Minion&quot;)&#13;&#10;&#9;&#9;{&#13;&#10;&#9;&#9;&#9;cost = 5;&#13;&#10;&#9;&#9;&#9;discard(new Card(k, cost));&#13;&#10;&#9;&#9;&#9;Random r = new Random();&#13;&#10;&#9;&#9;&#9;int rn;&#13;&#10;&#9;&#9;&#9;rn = r.nextInt(2);&#13;&#10;&#9;&#9;&#9;if (rn &gt; 0)&#13;&#10;&#9;&#9;&#9;{&#13;&#10;&#9;&#9;&#9;&#9;turnMoney += 2;&#13;&#10;&#9;&#9;&#9;}&#13;&#10;&#9;&#9;&#9;else&#13;&#10;&#9;&#9;&#9;{&#13;&#10;&#9;&#9;&#9;&#9;discardAll(hand);&#13;&#10;&#9;&#9;&#9;&#9;drawDeck(4);&#13;&#10;&#9;&#9;&#9;&#9;for (int i = 0; i &lt; opponents.size(); i++)&#13;&#10;&#9;&#9;&#9;&#9;{&#13;&#10;&#9;&#9;&#9;&#9;&#9;if (opponents.get(i).hand.size() &gt;= 5)&#13;&#10;&#9;&#9;&#9;&#9;&#9;{&#13;&#10;&#9;&#9;&#9;&#9;&#9;&#9;opponents.get(i).discardAll(opponents.get(i).hand);&#13;&#10;&#9;&#9;&#9;&#9;&#9;&#9;opponents.get(i).drawDeck(4);&#13;&#10;&#9;&#9;&#9;&#9;&#9;}&#13;&#10;&#9;&#9;&#9;&#9;}&#13;&#10;&#9;&#9;&#9;}&#13;&#10;&#9;&#9;}&#13;&#10;&#9;&#9;&#13;&#10;&#9;&#9;if (k == &quot;Smithy&quot;)&#13;&#10;&#9;&#9;{&#13;&#10;&#9;&#9;&#9;cost = 4;&#13;&#10;&#9;&#9;&#9;discard(new Card(k, cost));&#13;&#10;&#9;&#9;&#9;drawDeck(3);&#13;&#10;&#9;&#9;}&#13;&#10;&#9;&#9;&#13;&#10;&#9;&#9;/*Either draw two, trash two or plus 2 money*/&#13;&#10;&#9;&#9;&#13;&#10;&#9;&#9;if (k == &quot;Steward&quot;)&#13;&#10;&#9;&#9;{&#13;&#10;&#9;&#9;&#9;cost = 3;&#13;&#10;&#9;&#9;&#9;discard(new Card(k, cost));&#13;&#10;&#9;&#9;&#9;Random r = new Random();&#13;&#10;&#9;&#9;&#9;int rn;&#13;&#10;&#9;&#9;&#9;rn = r.nextInt(3);&#13;&#10;&#9;&#9;&#9;if (rn == 0)&#13;&#10;&#9;&#9;&#9;{&#13;&#10;&#9;&#9;&#9;&#9;drawDeck(2);&#13;&#10;&#9;&#9;&#9;}&#13;&#10;&#9;&#9;&#9;else if (rn == 1)&#13;&#10;&#9;&#9;&#9;{&#13;&#10;&#9;&#9;&#9;&#9;turnMoney += 2;&#13;&#10;&#9;&#9;&#9;}&#13;&#10;&#9;&#9;&#9;else&#13;&#10;&#9;&#9;&#9;{&#13;&#10;&#9;&#9;&#9;&#9;for (int i = 0; i &lt; 2; i++)&#13;&#10;&#9;&#9;&#9;&#9;{&#13;&#10;&#9;&#9;&#9;&#9;&#9;rn = r.nextInt(hand.size());&#13;&#10;&#9;&#9;&#9;&#9;&#9;hand.remove(rn);&#13;&#10;&#9;&#9;&#9;&#9;}&#13;&#10;&#9;&#9;&#9;}&#13;&#10;&#9;&#9;}&#13;&#10;&#9;&#9;&#13;&#10;&#9;}&#13;&#10;}&#13;&#10;" Filename="Player.java" Intrnl_Id="4"/>
<SrcFile Content="package Dominion;&#13;&#10;&#13;&#10;public class driver {&#13;&#10;&#13;&#10;&#9;public static void main(String[] args)&#13;&#10;&#9;{&#13;&#10;&#9;&#9;//playGame plays either the number of turns given as input, or, if input is 0, a full game&#13;&#10;&#9;&#9;//Play.playGame(0);&#13;&#10;&#9;&#9;&#13;&#10;&#9;&#9;PlayerTest1 pt = new PlayerTest1();&#13;&#10;&#9;}&#13;&#10;&#13;&#10;}&#13;&#10;" Filename="driver.java" Intrnl_Id="5"/>
</SrcFileList>
<CritList>
<CritListEntry Name="org.codecover.model.utils.criteria.BranchCoverage" PluginName="org.codecover"/>
</CritList>
<BoolOpList/>
<HierarchyLvlTypeList>
<HierarchyLvlType EnglishName="package" IntrnlName="package" Intrnl_Id="6"/>
<HierarchyLvlType EnglishName="method" IntrnlName="method" Intrnl_Id="7"/>
<HierarchyLvlType EnglishName="class" IntrnlName="class" Intrnl_Id="8"/>
<HierarchyLvlType EnglishName="default package" IntrnlName="default package" Intrnl_Id="9"/>
</HierarchyLvlTypeList>
<MASTRoot>
<HierarchyLvl HierarchyLvlId="1190" HierarchyLvlTypeId="9" Intrnl_Id="10" Name="default package">
<Header/>
<LocList/>
<HierarchyLvl HierarchyLvlId="1189" HierarchyLvlTypeId="6" Intrnl_Id="11" Name="Dominion">
<Header/>
<LocList/>
<HierarchyLvl HierarchyLvlId="1160" HierarchyLvlTypeId="8" Intrnl_Id="12" Name="Board">
<Header>
<Loc EndOffset="120" SrcFileId="1" StartOffset="102"/>
</Header>
<LocList>
<Loc EndOffset="5909" SrcFileId="1" StartOffset="102"/>
</LocList>
<StmntSeq Intrnl_Id="13">
<LocList>
<Loc EndOffset="386" SrcFileId="1" StartOffset="343"/>
<Loc EndOffset="431" SrcFileId="1" StartOffset="389"/>
<Loc EndOffset="481" SrcFileId="1" StartOffset="437"/>
<Loc EndOffset="532" SrcFileId="1" StartOffset="486"/>
<Loc EndOffset="565" SrcFileId="1" StartOffset="535"/>
</LocList>
<BasicStmnt CovItemId="S1" CovItemPrefix="Dominion.Board.java" Intrnl_Id="14">
<LocList>
<Loc EndOffset="386" SrcFileId="1" StartOffset="343"/>
</LocList>
</BasicStmnt>
<BasicStmnt CovItemId="S2" CovItemPrefix="Dominion.Board.java" Intrnl_Id="15">
<LocList>
<Loc EndOffset="431" SrcFileId="1" StartOffset="389"/>
</LocList>
</BasicStmnt>
<BasicStmnt CovItemId="S3" CovItemPrefix="Dominion.Board.java" Intrnl_Id="16">
<LocList>
<Loc EndOffset="481" SrcFileId="1" StartOffset="437"/>
</LocList>
</BasicStmnt>
<BasicStmnt CovItemId="S4" CovItemPrefix="Dominion.Board.java" Intrnl_Id="17">
<LocList>
<Loc EndOffset="532" SrcFileId="1" StartOffset="486"/>
</LocList>
</BasicStmnt>
<BasicStmnt CovItemId="S5" CovItemPrefix="Dominion.Board.java" Intrnl_Id="18">
<LocList>
<Loc EndOffset="565" SrcFileId="1" StartOffset="535"/>
</LocList>
</BasicStmnt>
</StmntSeq>
<HierarchyLvl HierarchyLvlId="1154" HierarchyLvlTypeId="7" Intrnl_Id="19" Name="Board">
<Header>
<Loc EndOffset="588" SrcFileId="1" StartOffset="574"/>
</Header>
<LocList>
<Loc EndOffset="3101" SrcFileId="1" StartOffset="574"/>
</LocList>
<StmntSeq Intrnl_Id="20">
<LocList>
<Loc EndOffset="711" SrcFileId="1" StartOffset="637"/>
<Loc EndOffset="791" SrcFileId="1" StartOffset="717"/>
<Loc EndOffset="869" SrcFileId="1" StartOffset="797"/>
<Loc EndOffset="951" SrcFileId="1" StartOffset="877"/>
<Loc EndOffset="1032" SrcFileId="1" StartOffset="959"/>
<Loc EndOffset="1114" SrcFileId="1" StartOffset="1038"/>
<Loc EndOffset="1165" SrcFileId="1" StartOffset="1122"/>
<Loc EndOffset="1197" SrcFileId="1" StartOffset="1173"/>
<Loc EndOffset="1225" SrcFileId="1" StartOffset="1201"/>
<Loc EndOffset="1248" SrcFileId="1" StartOffset="1229"/>
<Loc EndOffset="1278" SrcFileId="1" StartOffset="1252"/>
<Loc EndOffset="1304" SrcFileId="1" StartOffset="1282"/>
<Loc EndOffset="1329" SrcFileId="1" StartOffset="1308"/>
<Loc EndOffset="1352" SrcFileId="1" StartOffset="1333"/>
<Loc EndOffset="1377" SrcFileId="1" StartOffset="1356"/>
<Loc EndOffset="1405" SrcFileId="1" StartOffset="1381"/>
<Loc EndOffset="1427" SrcFileId="1" StartOffset="1409"/>
<Loc EndOffset="1451" SrcFileId="1" StartOffset="1431"/>
<Loc EndOffset="1475" SrcFileId="1" StartOffset="1455"/>
<Loc EndOffset="1500" SrcFileId="1" StartOffset="1479"/>
<Loc EndOffset="1532" SrcFileId="1" StartOffset="1508"/>
<Loc EndOffset="1683" SrcFileId="1" StartOffset="1592"/>
<Loc EndOffset="1713" SrcFileId="1" StartOffset="1691"/>
<Loc EndOffset="1739" SrcFileId="1" StartOffset="1717"/>
<Loc EndOffset="1763" SrcFileId="1" StartOffset="1743"/>
<Loc EndOffset="1789" SrcFileId="1" StartOffset="1767"/>
<Loc EndOffset="1814" SrcFileId="1" StartOffset="1793"/>
<Loc EndOffset="1842" SrcFileId="1" StartOffset="1818"/>
<Loc EndOffset="1922" SrcFileId="1" StartOffset="1850"/>
<Loc EndOffset="3097" SrcFileId="1" StartOffset="1930"/>
</LocList>
<LoopStmnt CovItemId="S6" CovItemPrefix="Dominion.Board.java" Intrnl_Id="21" MltplExecId="L1-2" MltplExecPrefix="Dominion.Board.java" NvrExecId="L1-0" NvrExecPrefix="Dominion.Board.java" OnceExecutedId="L1-1" OnceExecutedPrefix="Dominion.Board.java" OptBodyExec="true">
<StmntSeq Intrnl_Id="22">
<LocList>
<Loc EndOffset="706" SrcFileId="1" StartOffset="675"/>
</LocList>
<BasicStmnt CovItemId="S7" CovItemPrefix="Dominion.Board.java" Intrnl_Id="23">
<LocList>
<Loc EndOffset="706" SrcFileId="1" StartOffset="675"/>
</LocList>
</BasicStmnt>
</StmntSeq>
<Keyword EndOffset="640" SrcFileId="1" StartOffset="637"/>
<LocList>
<Loc EndOffset="711" SrcFileId="1" StartOffset="637"/>
</LocList>
</LoopStmnt>
<LoopStmnt CovItemId="S8" CovItemPrefix="Dominion.Board.java" Intrnl_Id="24" MltplExecId="L2-2" MltplExecPrefix="Dominion.Board.java" NvrExecId="L2-0" NvrExecPrefix="Dominion.Board.java" OnceExecutedId="L2-1" OnceExecutedPrefix="Dominion.Board.java" OptBodyExec="true">
<StmntSeq Intrnl_Id="25">
<LocList>
<Loc EndOffset="786" SrcFileId="1" StartOffset="755"/>
</LocList>
<BasicStmnt CovItemId="S9" CovItemPrefix="Dominion.Board.java" Intrnl_Id="26">
<LocList>
<Loc EndOffset="786" SrcFileId="1" StartOffset="755"/>
</LocList>
</BasicStmnt>
</StmntSeq>
<Keyword EndOffset="720" SrcFileId="1" StartOffset="717"/>
<LocList>
<Loc EndOffset="791" SrcFileId="1" StartOffset="717"/>
</LocList>
</LoopStmnt>
<LoopStmnt CovItemId="S10" CovItemPrefix="Dominion.Board.java" Intrnl_Id="27" MltplExecId="L3-2" MltplExecPrefix="Dominion.Board.java" NvrExecId="L3-0" NvrExecPrefix="Dominion.Board.java" OnceExecutedId="L3-1" OnceExecutedPrefix="Dominion.Board.java" OptBodyExec="true">
<StmntSeq Intrnl_Id="28">
<LocList>
<Loc EndOffset="864" SrcFileId="1" StartOffset="835"/>
</LocList>
<BasicStmnt CovItemId="S11" CovItemPrefix="Dominion.Board.java" Intrnl_Id="29">
<LocList>
<Loc EndOffset="864" SrcFileId="1" StartOffset="835"/>
</LocList>
</BasicStmnt>
</StmntSeq>
<Keyword EndOffset="800" SrcFileId="1" StartOffset="797"/>
<LocList>
<Loc EndOffset="869" SrcFileId="1" StartOffset="797"/>
</LocList>
</LoopStmnt>
<LoopStmnt CovItemId="S12" CovItemPrefix="Dominion.Board.java" Intrnl_Id="30" MltplExecId="L4-2" MltplExecPrefix="Dominion.Board.java" NvrExecId="L4-0" NvrExecPrefix="Dominion.Board.java" OnceExecutedId="L4-1" OnceExecutedPrefix="Dominion.Board.java" OptBodyExec="true">
<StmntSeq Intrnl_Id="31">
<LocList>
<Loc EndOffset="946" SrcFileId="1" StartOffset="915"/>
</LocList>
<BasicStmnt CovItemId="S13" CovItemPrefix="Dominion.Board.java" Intrnl_Id="32">
<LocList>
<Loc EndOffset="946" SrcFileId="1" StartOffset="915"/>
</LocList>
</BasicStmnt>
</StmntSeq>
<Keyword EndOffset="880" SrcFileId="1" StartOffset="877"/>
<LocList>
<Loc EndOffset="951" SrcFileId="1" StartOffset="877"/>
</LocList>
</LoopStmnt>
<LoopStmnt CovItemId="S14" CovItemPrefix="Dominion.Board.java" Intrnl_Id="33" MltplExecId="L5-2" MltplExecPrefix="Dominion.Board.java" NvrExecId="L5-0" NvrExecPrefix="Dominion.Board.java" OnceExecutedId="L5-1" OnceExecutedPrefix="Dominion.Board.java" OptBodyExec="true">
<StmntSeq Intrnl_Id="34">
<LocList>
<Loc EndOffset="1027" SrcFileId="1" StartOffset="997"/>
</LocList>
<BasicStmnt CovItemId="S15" CovItemPrefix="Dominion.Board.java" Intrnl_Id="35">
<LocList>
<Loc EndOffset="1027" SrcFileId="1" StartOffset="997"/>
</LocList>
</BasicStmnt>
</StmntSeq>
<Keyword EndOffset="962" SrcFileId="1" StartOffset="959"/>
<LocList>
<Loc EndOffset="1032" SrcFileId="1" StartOffset="959"/>
</LocList>
</LoopStmnt>
<LoopStmnt CovItemId="S16" CovItemPrefix="Dominion.Board.java" Intrnl_Id="36" MltplExecId="L6-2" MltplExecPrefix="Dominion.Board.java" NvrExecId="L6-0" NvrExecPrefix="Dominion.Board.java" OnceExecutedId="L6-1" OnceExecutedPrefix="Dominion.Board.java" OptBodyExec="true">
<StmntSeq Intrnl_Id="37">
<LocList>
<Loc EndOffset="1109" SrcFileId="1" StartOffset="1076"/>
</LocList>
<BasicStmnt CovItemId="S17" CovItemPrefix="Dominion.Board.java" Intrnl_Id="38">
<LocList>
<Loc EndOffset="1109" SrcFileId="1" StartOffset="1076"/>
</LocList>
</BasicStmnt>
</StmntSeq>
<Keyword EndOffset="1041" SrcFileId="1" StartOffset="1038"/>
<LocList>
<Loc EndOffset="1114" SrcFileId="1" StartOffset="1038"/>
</LocList>
</LoopStmnt>
<LoopStmnt CovItemId="S18" CovItemPrefix="Dominion.Board.java" Intrnl_Id="39" MltplExecId="L7-2" MltplExecPrefix="Dominion.Board.java" NvrExecId="L7-0" NvrExecPrefix="Dominion.Board.java" OnceExecutedId="L7-1" OnceExecutedPrefix="Dominion.Board.java" OptBodyExec="true">
<StmntSeq Intrnl_Id="40">
<LocList>
<Loc EndOffset="1165" SrcFileId="1" StartOffset="1155"/>
</LocList>
<BasicStmnt CovItemId="S19" CovItemPrefix="Dominion.Board.java" Intrnl_Id="41">
<LocList>
<Loc EndOffset="1165" SrcFileId="1" StartOffset="1155"/>
</LocList>
</BasicStmnt>
</StmntSeq>
<Keyword EndOffset="1125" SrcFileId="1" StartOffset="1122"/>
<LocList>
<Loc EndOffset="1165" SrcFileId="1" StartOffset="1122"/>
</LocList>
</LoopStmnt>
<BasicStmnt CovItemId="S20" CovItemPrefix="Dominion.Board.java" Intrnl_Id="42">
<LocList>
<Loc EndOffset="1197" SrcFileId="1" StartOffset="1173"/>
</LocList>
</BasicStmnt>
<BasicStmnt CovItemId="S21" CovItemPrefix="Dominion.Board.java" Intrnl_Id="43">
<LocList>
<Loc EndOffset="1225" SrcFileId="1" StartOffset="1201"/>
</LocList>
</BasicStmnt>
<BasicStmnt CovItemId="S22" CovItemPrefix="Dominion.Board.java" Intrnl_Id="44">
<LocList>
<Loc EndOffset="1248" SrcFileId="1" StartOffset="1229"/>
</LocList>
</BasicStmnt>
<BasicStmnt CovItemId="S23" CovItemPrefix="Dominion.Board.java" Intrnl_Id="45">
<LocList>
<Loc EndOffset="1278" SrcFileId="1" StartOffset="1252"/>
</LocList>
</BasicStmnt>
<BasicStmnt CovItemId="S24" CovItemPrefix="Dominion.Board.java" Intrnl_Id="46">
<LocList>
<Loc EndOffset="1304" SrcFileId="1" StartOffset="1282"/>
</LocList>
</BasicStmnt>
<BasicStmnt CovItemId="S25" CovItemPrefix="Dominion.Board.java" Intrnl_Id="47">
<LocList>
<Loc EndOffset="1329" SrcFileId="1" StartOffset="1308"/>
</LocList>
</BasicStmnt>
<BasicStmnt CovItemId="S26" CovItemPrefix="Dominion.Board.java" Intrnl_Id="48">
<LocList>
<Loc EndOffset="1352" SrcFileId="1" StartOffset="1333"/>
</LocList>
</BasicStmnt>
<BasicStmnt CovItemId="S27" CovItemPrefix="Dominion.Board.java" Intrnl_Id="49">
<LocList>
<Loc EndOffset="1377" SrcFileId="1" StartOffset="1356"/>
</LocList>
</BasicStmnt>
<BasicStmnt CovItemId="S28" CovItemPrefix="Dominion.Board.java" Intrnl_Id="50">
<LocList>
<Loc EndOffset="1405" SrcFileId="1" StartOffset="1381"/>
</LocList>
</BasicStmnt>
<BasicStmnt CovItemId="S29" CovItemPrefix="Dominion.Board.java" Intrnl_Id="51">
<LocList>
<Loc EndOffset="1427" SrcFileId="1" StartOffset="1409"/>
</LocList>
</BasicStmnt>
<BasicStmnt CovItemId="S30" CovItemPrefix="Dominion.Board.java" Intrnl_Id="52">
<LocList>
<Loc EndOffset="1451" SrcFileId="1" StartOffset="1431"/>
</LocList>
</BasicStmnt>
<BasicStmnt CovItemId="S31" CovItemPrefix="Dominion.Board.java" Intrnl_Id="53">
<LocList>
<Loc EndOffset="1475" SrcFileId="1" StartOffset="1455"/>
</LocList>
</BasicStmnt>
<BasicStmnt CovItemId="S32" CovItemPrefix="Dominion.Board.java" Intrnl_Id="54">
<LocList>
<Loc EndOffset="1500" SrcFileId="1" StartOffset="1479"/>
</LocList>
</BasicStmnt>
<BasicStmnt CovItemId="S33" CovItemPrefix="Dominion.Board.java" Intrnl_Id="55">
<LocList>
<Loc EndOffset="1532" SrcFileId="1" StartOffset="1508"/>
</LocList>
</BasicStmnt>
<LoopStmnt CovItemId="S34" CovItemPrefix="Dominion.Board.java" Intrnl_Id="56" MltplExecId="L8-2" MltplExecPrefix="Dominion.Board.java" NvrExecId="L8-0" NvrExecPrefix="Dominion.Board.java" OnceExecutedId="L8-1" OnceExecutedPrefix="Dominion.Board.java" OptBodyExec="true">
<StmntSeq Intrnl_Id="57">
<LocList>
<Loc EndOffset="1656" SrcFileId="1" StartOffset="1629"/>
<Loc EndOffset="1678" SrcFileId="1" StartOffset="1661"/>
</LocList>
<BasicStmnt CovItemId="S35" CovItemPrefix="Dominion.Board.java" Intrnl_Id="58">
<LocList>
<Loc EndOffset="1656" SrcFileId="1" StartOffset="1629"/>
</LocList>
</BasicStmnt>
<BasicStmnt CovItemId="S36" CovItemPrefix="Dominion.Board.java" Intrnl_Id="59">
<LocList>
<Loc EndOffset="1678" SrcFileId="1" StartOffset="1661"/>
</LocList>
</BasicStmnt>
</StmntSeq>
<Keyword EndOffset="1595" SrcFileId="1" StartOffset="1592"/>
<LocList>
<Loc EndOffset="1683" SrcFileId="1" StartOffset="1592"/>
</LocList>
</LoopStmnt>
<BasicStmnt CovItemId="S37" CovItemPrefix="Dominion.Board.java" Intrnl_Id="60">
<LocList>
<Loc EndOffset="1713" SrcFileId="1" StartOffset="1691"/>
</LocList>
</BasicStmnt>
<BasicStmnt CovItemId="S38" CovItemPrefix="Dominion.Board.java" Intrnl_Id="61">
<LocList>
<Loc EndOffset="1739" SrcFileId="1" StartOffset="1717"/>
</LocList>
</BasicStmnt>
<BasicStmnt CovItemId="S39" CovItemPrefix="Dominion.Board.java" Intrnl_Id="62">
<LocList>
<Loc EndOffset="1763" SrcFileId="1" StartOffset="1743"/>
</LocList>
</BasicStmnt>
<BasicStmnt CovItemId="S40" CovItemPrefix="Dominion.Board.java" Intrnl_Id="63">
<LocList>
<Loc EndOffset="1789" SrcFileId="1" StartOffset="1767"/>
</LocList>
</BasicStmnt>
<BasicStmnt CovItemId="S41" CovItemPrefix="Dominion.Board.java" Intrnl_Id="64">
<LocList>
<Loc EndOffset="1814" SrcFileId="1" StartOffset="1793"/>
</LocList>
</BasicStmnt>
<BasicStmnt CovItemId="S42" CovItemPrefix="Dominion.Board.java" Intrnl_Id="65">
<LocList>
<Loc EndOffset="1842" SrcFileId="1" StartOffset="1818"/>
</LocList>
</BasicStmnt>
<LoopStmnt CovItemId="S43" CovItemPrefix="Dominion.Board.java" Intrnl_Id="66" MltplExecId="L9-2" MltplExecPrefix="Dominion.Board.java" NvrExecId="L9-0" NvrExecPrefix="Dominion.Board.java" OnceExecutedId="L9-1" OnceExecutedPrefix="Dominion.Board.java" OptBodyExec="true">
<StmntSeq Intrnl_Id="67">
<LocList>
<Loc EndOffset="1917" SrcFileId="1" StartOffset="1888"/>
</LocList>
<BasicStmnt CovItemId="S44" CovItemPrefix="Dominion.Board.java" Intrnl_Id="68">
<LocList>
<Loc EndOffset="1917" SrcFileId="1" StartOffset="1888"/>
</LocList>
</BasicStmnt>
</StmntSeq>
<Keyword EndOffset="1853" SrcFileId="1" StartOffset="1850"/>
<LocList>
<Loc EndOffset="1922" SrcFileId="1" StartOffset="1850"/>
</LocList>
</LoopStmnt>
<LoopStmnt CovItemId="S45" CovItemPrefix="Dominion.Board.java" Intrnl_Id="69" MltplExecId="L10-2" MltplExecPrefix="Dominion.Board.java" NvrExecId="L10-0" NvrExecPrefix="Dominion.Board.java" OnceExecutedId="L10-1" OnceExecutedPrefix="Dominion.Board.java" OptBodyExec="true">
<StmntSeq Intrnl_Id="70">
<LocList>
<Loc EndOffset="3092" SrcFileId="1" StartOffset="1968"/>
</LocList>
<LoopStmnt CovItemId="S46" CovItemPrefix="Dominion.Board.java" Intrnl_Id="71" MltplExecId="L11-2" MltplExecPrefix="Dominion.Board.java" NvrExecId="L11-0" NvrExecPrefix="Dominion.Board.java" OnceExecutedId="L11-1" OnceExecutedPrefix="Dominion.Board.java" OptBodyExec="true">
<StmntSeq Intrnl_Id="72">
<LocList>
<Loc EndOffset="3086" SrcFileId="1" StartOffset="2008"/>
</LocList>
<CondStmnt CovItemId="S47" CovItemPrefix="Dominion.Board.java" Intrnl_Id="73">
<Branch CovItemId="B1" CovItemPrefix="Dominion.Board.java" Implct="false" Intrnl_Id="74">
<Cond/>
<LocList>
<Loc EndOffset="2086" SrcFileId="1" StartOffset="2048"/>
</LocList>
<StmntSeq Intrnl_Id="75">
<LocList>
<Loc EndOffset="2086" SrcFileId="1" StartOffset="2048"/>
</LocList>
<BasicStmnt CovItemId="S48" CovItemPrefix="Dominion.Board.java" Intrnl_Id="76">
<LocList>
<Loc EndOffset="2086" SrcFileId="1" StartOffset="2048"/>
</LocList>
</BasicStmnt>
</StmntSeq>
</Branch>
<Branch CovItemId="B2" CovItemPrefix="Dominion.Board.java" Implct="false" Intrnl_Id="77">
<Cond>
<Loc EndOffset="2096" SrcFileId="1" StartOffset="2092"/>
</Cond>
<LocList>
<Loc EndOffset="3086" SrcFileId="1" StartOffset="2097"/>
</LocList>
<StmntSeq Intrnl_Id="78">
<LocList>
<Loc EndOffset="3086" SrcFileId="1" StartOffset="2097"/>
</LocList>
<CondStmnt CovItemId="S49" CovItemPrefix="Dominion.Board.java" Intrnl_Id="79">
<Branch CovItemId="B3" CovItemPrefix="Dominion.Board.java" Implct="false" Intrnl_Id="80">
<Cond/>
<LocList>
<Loc EndOffset="2175" SrcFileId="1" StartOffset="2137"/>
</LocList>
<StmntSeq Intrnl_Id="81">
<LocList>
<Loc EndOffset="2175" SrcFileId="1" StartOffset="2137"/>
</LocList>
<BasicStmnt CovItemId="S50" CovItemPrefix="Dominion.Board.java" Intrnl_Id="82">
<LocList>
<Loc EndOffset="2175" SrcFileId="1" StartOffset="2137"/>
</LocList>
</BasicStmnt>
</StmntSeq>
</Branch>
<Branch CovItemId="B4" CovItemPrefix="Dominion.Board.java" Implct="false" Intrnl_Id="83">
<Cond>
<Loc EndOffset="2185" SrcFileId="1" StartOffset="2181"/>
</Cond>
<LocList>
<Loc EndOffset="3086" SrcFileId="1" StartOffset="2186"/>
</LocList>
<StmntSeq Intrnl_Id="84">
<LocList>
<Loc EndOffset="3086" SrcFileId="1" StartOffset="2186"/>
</LocList>
<CondStmnt CovItemId="S51" CovItemPrefix="Dominion.Board.java" Intrnl_Id="85">
<Branch CovItemId="B5" CovItemPrefix="Dominion.Board.java" Implct="false" Intrnl_Id="86">
<Cond/>
<LocList>
<Loc EndOffset="2255" SrcFileId="1" StartOffset="2222"/>
</LocList>
<StmntSeq Intrnl_Id="87">
<LocList>
<Loc EndOffset="2255" SrcFileId="1" StartOffset="2222"/>
</LocList>
<BasicStmnt CovItemId="S52" CovItemPrefix="Dominion.Board.java" Intrnl_Id="88">
<LocList>
<Loc EndOffset="2255" SrcFileId="1" StartOffset="2222"/>
</LocList>
</BasicStmnt>
</StmntSeq>
</Branch>
<Branch CovItemId="B6" CovItemPrefix="Dominion.Board.java" Implct="false" Intrnl_Id="89">
<Cond>
<Loc EndOffset="2265" SrcFileId="1" StartOffset="2261"/>
</Cond>
<LocList>
<Loc EndOffset="3086" SrcFileId="1" StartOffset="2266"/>
</LocList>
<StmntSeq Intrnl_Id="90">
<LocList>
<Loc EndOffset="3086" SrcFileId="1" StartOffset="2266"/>
</LocList>
<CondStmnt CovItemId="S53" CovItemPrefix="Dominion.Board.java" Intrnl_Id="91">
<Branch CovItemId="B7" CovItemPrefix="Dominion.Board.java" Implct="false" Intrnl_Id="92">
<Cond/>
<LocList>
<Loc EndOffset="2348" SrcFileId="1" StartOffset="2308"/>
</LocList>
<StmntSeq Intrnl_Id="93">
<LocList>
<Loc EndOffset="2348" SrcFileId="1" StartOffset="2308"/>
</LocList>
<BasicStmnt CovItemId="S54" CovItemPrefix="Dominion.Board.java" Intrnl_Id="94">
<LocList>
<Loc EndOffset="2348" SrcFileId="1" StartOffset="2308"/>
</LocList>
</BasicStmnt>
</StmntSeq>
</Branch>
<Branch CovItemId="B8" CovItemPrefix="Dominion.Board.java" Implct="false" Intrnl_Id="95">
<Cond>
<Loc EndOffset="2358" SrcFileId="1" StartOffset="2354"/>
</Cond>
<LocList>
<Loc EndOffset="3086" SrcFileId="1" StartOffset="2359"/>
</LocList>
<StmntSeq Intrnl_Id="96">
<LocList>
<Loc EndOffset="3086" SrcFileId="1" StartOffset="2359"/>
</LocList>
<CondStmnt CovItemId="S55" CovItemPrefix="Dominion.Board.java" Intrnl_Id="97">
<Branch CovItemId="B9" CovItemPrefix="Dominion.Board.java" Implct="false" Intrnl_Id="98">
<Cond/>
<LocList>
<Loc EndOffset="2433" SrcFileId="1" StartOffset="2397"/>
</LocList>
<StmntSeq Intrnl_Id="99">
<LocList>
<Loc EndOffset="2433" SrcFileId="1" StartOffset="2397"/>
</LocList>
<BasicStmnt CovItemId="S56" CovItemPrefix="Dominion.Board.java" Intrnl_Id="100">
<LocList>
<Loc EndOffset="2433" SrcFileId="1" StartOffset="2397"/>
</LocList>
</BasicStmnt>
</StmntSeq>
</Branch>
<Branch CovItemId="B10" CovItemPrefix="Dominion.Board.java" Implct="false" Intrnl_Id="101">
<Cond>
<Loc EndOffset="2443" SrcFileId="1" StartOffset="2439"/>
</Cond>
<LocList>
<Loc EndOffset="3086" SrcFileId="1" StartOffset="2444"/>
</LocList>
<StmntSeq Intrnl_Id="102">
<LocList>
<Loc EndOffset="3086" SrcFileId="1" StartOffset="2444"/>
</LocList>
<CondStmnt CovItemId="S57" CovItemPrefix="Dominion.Board.java" Intrnl_Id="103">
<Branch CovItemId="B11" CovItemPrefix="Dominion.Board.java" Implct="false" Intrnl_Id="104">
<Cond/>
<LocList>
<Loc EndOffset="2516" SrcFileId="1" StartOffset="2481"/>
</LocList>
<StmntSeq Intrnl_Id="105">
<LocList>
<Loc EndOffset="2516" SrcFileId="1" StartOffset="2481"/>
</LocList>
<BasicStmnt CovItemId="S58" CovItemPrefix="Dominion.Board.java" Intrnl_Id="106">
<LocList>
<Loc EndOffset="2516" SrcFileId="1" StartOffset="2481"/>
</LocList>
</BasicStmnt>
</StmntSeq>
</Branch>
<Branch CovItemId="B12" CovItemPrefix="Dominion.Board.java" Implct="false" Intrnl_Id="107">
<Cond>
<Loc EndOffset="2526" SrcFileId="1" StartOffset="2522"/>
</Cond>
<LocList>
<Loc EndOffset="3086" SrcFileId="1" StartOffset="2527"/>
</LocList>
<StmntSeq Intrnl_Id="108">
<LocList>
<Loc EndOffset="3086" SrcFileId="1" StartOffset="2527"/>
</LocList>
<CondStmnt CovItemId="S59" CovItemPrefix="Dominion.Board.java" Intrnl_Id="109">
<Branch CovItemId="B13" CovItemPrefix="Dominion.Board.java" Implct="false" Intrnl_Id="110">
<Cond/>
<LocList>
<Loc EndOffset="2595" SrcFileId="1" StartOffset="2562"/>
</LocList>
<StmntSeq Intrnl_Id="111">
<LocList>
<Loc EndOffset="2595" SrcFileId="1" StartOffset="2562"/>
</LocList>
<BasicStmnt CovItemId="S60" CovItemPrefix="Dominion.Board.java" Intrnl_Id="112">
<LocList>
<Loc EndOffset="2595" SrcFileId="1" StartOffset="2562"/>
</LocList>
</BasicStmnt>
</StmntSeq>
</Branch>
<Branch CovItemId="B14" CovItemPrefix="Dominion.Board.java" Implct="false" Intrnl_Id="113">
<Cond>
<Loc EndOffset="2605" SrcFileId="1" StartOffset="2601"/>
</Cond>
<LocList>
<Loc EndOffset="3086" SrcFileId="1" StartOffset="2606"/>
</LocList>
<StmntSeq Intrnl_Id="114">
<LocList>
<Loc EndOffset="3086" SrcFileId="1" StartOffset="2606"/>
</LocList>
<CondStmnt CovItemId="S61" CovItemPrefix="Dominion.Board.java" Intrnl_Id="115">
<Branch CovItemId="B15" CovItemPrefix="Dominion.Board.java" Implct="false" Intrnl_Id="116">
<Cond/>
<LocList>
<Loc EndOffset="2675" SrcFileId="1" StartOffset="2643"/>
</LocList>
<StmntSeq Intrnl_Id="117">
<LocList>
<Loc EndOffset="2675" SrcFileId="1" StartOffset="2643"/>
</LocList>
<BasicStmnt CovItemId="S62" CovItemPrefix="Dominion.Board.java" Intrnl_Id="118">
<LocList>
<Loc EndOffset="2675" SrcFileId="1" StartOffset="2643"/>
</LocList>
</BasicStmnt>
</StmntSeq>
</Branch>
<Branch CovItemId="B16" CovItemPrefix="Dominion.Board.java" Implct="false" Intrnl_Id="119">
<Cond>
<Loc EndOffset="2685" SrcFileId="1" StartOffset="2681"/>
</Cond>
<LocList>
<Loc EndOffset="3086" SrcFileId="1" StartOffset="2686"/>
</LocList>
<StmntSeq Intrnl_Id="120">
<LocList>
<Loc EndOffset="3086" SrcFileId="1" StartOffset="2686"/>
</LocList>
<CondStmnt CovItemId="S63" CovItemPrefix="Dominion.Board.java" Intrnl_Id="121">
<Branch CovItemId="B17" CovItemPrefix="Dominion.Board.java" Implct="false" Intrnl_Id="122">
<Cond/>
<LocList>
<Loc EndOffset="2764" SrcFileId="1" StartOffset="2726"/>
</LocList>
<StmntSeq Intrnl_Id="123">
<LocList>
<Loc EndOffset="2764" SrcFileId="1" StartOffset="2726"/>
</LocList>
<BasicStmnt CovItemId="S64" CovItemPrefix="Dominion.Board.java" Intrnl_Id="124">
<LocList>
<Loc EndOffset="2764" SrcFileId="1" StartOffset="2726"/>
</LocList>
</BasicStmnt>
</StmntSeq>
</Branch>
<Branch CovItemId="B18" CovItemPrefix="Dominion.Board.java" Implct="false" Intrnl_Id="125">
<Cond>
<Loc EndOffset="2774" SrcFileId="1" StartOffset="2770"/>
</Cond>
<LocList>
<Loc EndOffset="3086" SrcFileId="1" StartOffset="2775"/>
</LocList>
<StmntSeq Intrnl_Id="126">
<LocList>
<Loc EndOffset="3086" SrcFileId="1" StartOffset="2775"/>
</LocList>
<CondStmnt CovItemId="S65" CovItemPrefix="Dominion.Board.java" Intrnl_Id="127">
<Branch CovItemId="B19" CovItemPrefix="Dominion.Board.java" Implct="false" Intrnl_Id="128">
<Cond/>
<LocList>
<Loc EndOffset="2841" SrcFileId="1" StartOffset="2809"/>
</LocList>
<StmntSeq Intrnl_Id="129">
<LocList>
<Loc EndOffset="2841" SrcFileId="1" StartOffset="2809"/>
</LocList>
<BasicStmnt CovItemId="S66" CovItemPrefix="Dominion.Board.java" Intrnl_Id="130">
<LocList>
<Loc EndOffset="2841" SrcFileId="1" StartOffset="2809"/>
</LocList>
</BasicStmnt>
</StmntSeq>
</Branch>
<Branch CovItemId="B20" CovItemPrefix="Dominion.Board.java" Implct="false" Intrnl_Id="131">
<Cond>
<Loc EndOffset="2851" SrcFileId="1" StartOffset="2847"/>
</Cond>
<LocList>
<Loc EndOffset="3086" SrcFileId="1" StartOffset="2852"/>
</LocList>
<StmntSeq Intrnl_Id="132">
<LocList>
<Loc EndOffset="3086" SrcFileId="1" StartOffset="2852"/>
</LocList>
<CondStmnt CovItemId="S67" CovItemPrefix="Dominion.Board.java" Intrnl_Id="133">
<Branch CovItemId="B21" CovItemPrefix="Dominion.Board.java" Implct="false" Intrnl_Id="134">
<Cond/>
<LocList>
<Loc EndOffset="2922" SrcFileId="1" StartOffset="2888"/>
</LocList>
<StmntSeq Intrnl_Id="135">
<LocList>
<Loc EndOffset="2922" SrcFileId="1" StartOffset="2888"/>
</LocList>
<BasicStmnt CovItemId="S68" CovItemPrefix="Dominion.Board.java" Intrnl_Id="136">
<LocList>
<Loc EndOffset="2922" SrcFileId="1" StartOffset="2888"/>
</LocList>
</BasicStmnt>
</StmntSeq>
</Branch>
<Branch CovItemId="B22" CovItemPrefix="Dominion.Board.java" Implct="false" Intrnl_Id="137">
<Cond>
<Loc EndOffset="2932" SrcFileId="1" StartOffset="2928"/>
</Cond>
<LocList>
<Loc EndOffset="3086" SrcFileId="1" StartOffset="2933"/>
</LocList>
<StmntSeq Intrnl_Id="138">
<LocList>
<Loc EndOffset="3086" SrcFileId="1" StartOffset="2933"/>
</LocList>
<CondStmnt CovItemId="S69" CovItemPrefix="Dominion.Board.java" Intrnl_Id="139">
<Branch CovItemId="B23" CovItemPrefix="Dominion.Board.java" Implct="false" Intrnl_Id="140">
<Cond/>
<LocList>
<Loc EndOffset="3003" SrcFileId="1" StartOffset="2969"/>
</LocList>
<StmntSeq Intrnl_Id="141">
<LocList>
<Loc EndOffset="3003" SrcFileId="1" StartOffset="2969"/>
</LocList>
<BasicStmnt CovItemId="S70" CovItemPrefix="Dominion.Board.java" Intrnl_Id="142">
<LocList>
<Loc EndOffset="3003" SrcFileId="1" StartOffset="2969"/>
</LocList>
</BasicStmnt>
</StmntSeq>
</Branch>
<Branch CovItemId="B24" CovItemPrefix="Dominion.Board.java" Implct="false" Intrnl_Id="143">
<Cond>
<Loc EndOffset="3013" SrcFileId="1" StartOffset="3009"/>
</Cond>
<LocList>
<Loc EndOffset="3086" SrcFileId="1" StartOffset="3014"/>
</LocList>
<StmntSeq Intrnl_Id="144">
<LocList>
<Loc EndOffset="3086" SrcFileId="1" StartOffset="3014"/>
</LocList>
<CondStmnt CovItemId="S71" CovItemPrefix="Dominion.Board.java" Intrnl_Id="145">
<Branch CovItemId="B25" CovItemPrefix="Dominion.Board.java" Implct="false" Intrnl_Id="146">
<Cond/>
<LocList>
<Loc EndOffset="3086" SrcFileId="1" StartOffset="3051"/>
</LocList>
<StmntSeq Intrnl_Id="147">
<LocList>
<Loc EndOffset="3086" SrcFileId="1" StartOffset="3051"/>
</LocList>
<BasicStmnt CovItemId="S72" CovItemPrefix="Dominion.Board.java" Intrnl_Id="148">
<LocList>
<Loc EndOffset="3086" SrcFileId="1" StartOffset="3051"/>
</LocList>
</BasicStmnt>
</StmntSeq>
</Branch>
<Branch CovItemId="B26" CovItemPrefix="Dominion.Board.java" Implct="true" Intrnl_Id="149">
<Cond/>
<LocList/>
<StmntSeq Intrnl_Id="150">
<LocList/>
</StmntSeq>
</Branch>
<Keyword EndOffset="3016" SrcFileId="1" StartOffset="3014"/>
<LocList>
<Loc EndOffset="3086" SrcFileId="1" StartOffset="3014"/>
</LocList>
</CondStmnt>
</StmntSeq>
</Branch>
<Keyword EndOffset="2935" SrcFileId="1" StartOffset="2933"/>
<LocList>
<Loc EndOffset="3086" SrcFileId="1" StartOffset="2933"/>
</LocList>
</CondStmnt>
</StmntSeq>
</Branch>
<Keyword EndOffset="2854" SrcFileId="1" StartOffset="2852"/>
<LocList>
<Loc EndOffset="3086" SrcFileId="1" StartOffset="2852"/>
</LocList>
</CondStmnt>
</StmntSeq>
</Branch>
<Keyword EndOffset="2777" SrcFileId="1" StartOffset="2775"/>
<LocList>
<Loc EndOffset="3086" SrcFileId="1" StartOffset="2775"/>
</LocList>
</CondStmnt>
</StmntSeq>
</Branch>
<Keyword EndOffset="2688" SrcFileId="1" StartOffset="2686"/>
<LocList>
<Loc EndOffset="3086" SrcFileId="1" StartOffset="2686"/>
</LocList>
</CondStmnt>
</StmntSeq>
</Branch>
<Keyword EndOffset="2608" SrcFileId="1" StartOffset="2606"/>
<LocList>
<Loc EndOffset="3086" SrcFileId="1" StartOffset="2606"/>
</LocList>
</CondStmnt>
</StmntSeq>
</Branch>
<Keyword EndOffset="2529" SrcFileId="1" StartOffset="2527"/>
<LocList>
<Loc EndOffset="3086" SrcFileId="1" StartOffset="2527"/>
</LocList>
</CondStmnt>
</StmntSeq>
</Branch>
<Keyword EndOffset="2446" SrcFileId="1" StartOffset="2444"/>
<LocList>
<Loc EndOffset="3086" SrcFileId="1" StartOffset="2444"/>
</LocList>
</CondStmnt>
</StmntSeq>
</Branch>
<Keyword EndOffset="2361" SrcFileId="1" StartOffset="2359"/>
<LocList>
<Loc EndOffset="3086" SrcFileId="1" StartOffset="2359"/>
</LocList>
</CondStmnt>
</StmntSeq>
</Branch>
<Keyword EndOffset="2268" SrcFileId="1" StartOffset="2266"/>
<LocList>
<Loc EndOffset="3086" SrcFileId="1" StartOffset="2266"/>
</LocList>
</CondStmnt>
</StmntSeq>
</Branch>
<Keyword EndOffset="2188" SrcFileId="1" StartOffset="2186"/>
<LocList>
<Loc EndOffset="3086" SrcFileId="1" StartOffset="2186"/>
</LocList>
</CondStmnt>
</StmntSeq>
</Branch>
<Keyword EndOffset="2099" SrcFileId="1" StartOffset="2097"/>
<LocList>
<Loc EndOffset="3086" SrcFileId="1" StartOffset="2097"/>
</LocList>
</CondStmnt>
</StmntSeq>
</Branch>
<Keyword EndOffset="2010" SrcFileId="1" StartOffset="2008"/>
<LocList>
<Loc EndOffset="3086" SrcFileId="1" StartOffset="2008"/>
</LocList>
</CondStmnt>
</StmntSeq>
<Keyword EndOffset="1971" SrcFileId="1" StartOffset="1968"/>
<LocList>
<Loc EndOffset="3092" SrcFileId="1" StartOffset="1968"/>
</LocList>
</LoopStmnt>
</StmntSeq>
<Keyword EndOffset="1933" SrcFileId="1" StartOffset="1930"/>
<LocList>
<Loc EndOffset="3097" SrcFileId="1" StartOffset="1930"/>
</LocList>
</LoopStmnt>
</StmntSeq>
</HierarchyLvl>
<HierarchyLvl HierarchyLvlId="1155" HierarchyLvlTypeId="7" Intrnl_Id="151" Name="nextInt">
<Header>
<Loc EndOffset="3139" SrcFileId="1" StartOffset="3110"/>
</Header>
<LocList>
<Loc EndOffset="3196" SrcFileId="1" StartOffset="3110"/>
</LocList>
<StmntSeq Intrnl_Id="152">
<LocList>
<Loc EndOffset="3192" SrcFileId="1" StartOffset="3183"/>
</LocList>
<BasicStmnt CovItemId="S73" CovItemPrefix="Dominion.Board.java" Intrnl_Id="153">
<LocList>
<Loc EndOffset="3192" SrcFileId="1" StartOffset="3183"/>
</LocList>
</BasicStmnt>
</StmntSeq>
</HierarchyLvl>
<HierarchyLvl HierarchyLvlId="1156" HierarchyLvlTypeId="7" Intrnl_Id="154" Name="gameEnd">
<Header>
<Loc EndOffset="3292" SrcFileId="1" StartOffset="3268"/>
</Header>
<LocList>
<Loc EndOffset="4283" SrcFileId="1" StartOffset="3268"/>
</LocList>
<StmntSeq Intrnl_Id="155">
<LocList>
<Loc EndOffset="3320" SrcFileId="1" StartOffset="3300"/>
<Loc EndOffset="3361" SrcFileId="1" StartOffset="3324"/>
<Loc EndOffset="3388" SrcFileId="1" StartOffset="3365"/>
<Loc EndOffset="3415" SrcFileId="1" StartOffset="3392"/>
<Loc EndOffset="3653" SrcFileId="1" StartOffset="3423"/>
<Loc EndOffset="4054" SrcFileId="1" StartOffset="3661"/>
<Loc EndOffset="4109" SrcFileId="1" StartOffset="4062"/>
<Loc EndOffset="4191" SrcFileId="1" StartOffset="4117"/>
<Loc EndOffset="4279" SrcFileId="1" StartOffset="4197"/>
</LocList>
<BasicStmnt CovItemId="S74" CovItemPrefix="Dominion.Board.java" Intrnl_Id="156">
<LocList>
<Loc EndOffset="3320" SrcFileId="1" StartOffset="3300"/>
</LocList>
</BasicStmnt>
<BasicStmnt CovItemId="S75" CovItemPrefix="Dominion.Board.java" Intrnl_Id="157">
<LocList>
<Loc EndOffset="3361" SrcFileId="1" StartOffset="3324"/>
</LocList>
</BasicStmnt>
<BasicStmnt CovItemId="S76" CovItemPrefix="Dominion.Board.java" Intrnl_Id="158">
<LocList>
<Loc EndOffset="3388" SrcFileId="1" StartOffset="3365"/>
</LocList>
</BasicStmnt>
<BasicStmnt CovItemId="S77" CovItemPrefix="Dominion.Board.java" Intrnl_Id="159">
<LocList>
<Loc EndOffset="3415" SrcFileId="1" StartOffset="3392"/>
</LocList>
</BasicStmnt>
<LoopStmnt CovItemId="S78" CovItemPrefix="Dominion.Board.java" Intrnl_Id="160" MltplExecId="L12-2" MltplExecPrefix="Dominion.Board.java" NvrExecId="L12-0" NvrExecPrefix="Dominion.Board.java" OnceExecutedId="L12-1" OnceExecutedPrefix="Dominion.Board.java" OptBodyExec="true">
<StmntSeq Intrnl_Id="161">
<LocList>
<Loc EndOffset="3476" SrcFileId="1" StartOffset="3461"/>
<Loc EndOffset="3603" SrcFileId="1" StartOffset="3481"/>
<Loc EndOffset="3648" SrcFileId="1" StartOffset="3608"/>
</LocList>
<BasicStmnt CovItemId="S79" CovItemPrefix="Dominion.Board.java" Intrnl_Id="162">
<LocList>
<Loc EndOffset="3476" SrcFileId="1" StartOffset="3461"/>
</LocList>
</BasicStmnt>
<LoopStmnt CovItemId="S80" CovItemPrefix="Dominion.Board.java" Intrnl_Id="163" MltplExecId="L13-2" MltplExecPrefix="Dominion.Board.java" NvrExecId="L13-0" NvrExecPrefix="Dominion.Board.java" OnceExecutedId="L13-1" OnceExecutedPrefix="Dominion.Board.java" OptBodyExec="true">
<StmntSeq Intrnl_Id="164">
<LocList>
<Loc EndOffset="3597" SrcFileId="1" StartOffset="3532"/>
</LocList>
<CondStmnt CovItemId="S81" CovItemPrefix="Dominion.Board.java" Intrnl_Id="165">
<Branch CovItemId="B27" CovItemPrefix="Dominion.Board.java" Implct="false" Intrnl_Id="166">
<Cond/>
<LocList>
<Loc EndOffset="3597" SrcFileId="1" StartOffset="3583"/>
</LocList>
<StmntSeq Intrnl_Id="167">
<LocList>
<Loc EndOffset="3597" SrcFileId="1" StartOffset="3583"/>
</LocList>
<BasicStmnt CovItemId="S82" CovItemPrefix="Dominion.Board.java" Intrnl_Id="168">
<LocList>
<Loc EndOffset="3597" SrcFileId="1" StartOffset="3583"/>
</LocList>
</BasicStmnt>
</StmntSeq>
</Branch>
<Branch CovItemId="B28" CovItemPrefix="Dominion.Board.java" Implct="true" Intrnl_Id="169">
<Cond/>
<LocList/>
<StmntSeq Intrnl_Id="170">
<LocList/>
</StmntSeq>
</Branch>
<Keyword EndOffset="3534" SrcFileId="1" StartOffset="3532"/>
<LocList>
<Loc EndOffset="3597" SrcFileId="1" StartOffset="3532"/>
</LocList>
</CondStmnt>
</StmntSeq>
<Keyword EndOffset="3484" SrcFileId="1" StartOffset="3481"/>
<LocList>
<Loc EndOffset="3603" SrcFileId="1" StartOffset="3481"/>
</LocList>
</LoopStmnt>
<CondStmnt CovItemId="S83" CovItemPrefix="Dominion.Board.java" Intrnl_Id="171">
<Branch CovItemId="B29" CovItemPrefix="Dominion.Board.java" Implct="false" Intrnl_Id="172">
<Cond/>
<LocList>
<Loc EndOffset="3648" SrcFileId="1" StartOffset="3634"/>
</LocList>
<StmntSeq Intrnl_Id="173">
<LocList>
<Loc EndOffset="3648" SrcFileId="1" StartOffset="3634"/>
</LocList>
<BasicStmnt CovItemId="S84" CovItemPrefix="Dominion.Board.java" Intrnl_Id="174">
<LocList>
<Loc EndOffset="3648" SrcFileId="1" StartOffset="3634"/>
</LocList>
</BasicStmnt>
</StmntSeq>
</Branch>
<Branch CovItemId="B30" CovItemPrefix="Dominion.Board.java" Implct="true" Intrnl_Id="175">
<Cond/>
<LocList/>
<StmntSeq Intrnl_Id="176">
<LocList/>
</StmntSeq>
</Branch>
<Keyword EndOffset="3610" SrcFileId="1" StartOffset="3608"/>
<LocList>
<Loc EndOffset="3648" SrcFileId="1" StartOffset="3608"/>
</LocList>
</CondStmnt>
</StmntSeq>
<Keyword EndOffset="3426" SrcFileId="1" StartOffset="3423"/>
<LocList>
<Loc EndOffset="3653" SrcFileId="1" StartOffset="3423"/>
</LocList>
</LoopStmnt>
<CondStmnt CovItemId="S85" CovItemPrefix="Dominion.Board.java" Intrnl_Id="177">
<Branch CovItemId="B31" CovItemPrefix="Dominion.Board.java" Implct="false" Intrnl_Id="178">
<Cond/>
<LocList>
<Loc EndOffset="3733" SrcFileId="1" StartOffset="3719"/>
</LocList>
<StmntSeq Intrnl_Id="179">
<LocList>
<Loc EndOffset="3733" SrcFileId="1" StartOffset="3719"/>
</LocList>
<BasicStmnt CovItemId="S86" CovItemPrefix="Dominion.Board.java" Intrnl_Id="180">
<LocList>
<Loc EndOffset="3733" SrcFileId="1" StartOffset="3719"/>
</LocList>
</BasicStmnt>
</StmntSeq>
</Branch>
<Branch CovItemId="B32" CovItemPrefix="Dominion.Board.java" Implct="false" Intrnl_Id="181">
<Cond>
<Loc EndOffset="3741" SrcFileId="1" StartOffset="3737"/>
</Cond>
<LocList>
<Loc EndOffset="4054" SrcFileId="1" StartOffset="3742"/>
</LocList>
<StmntSeq Intrnl_Id="182">
<LocList>
<Loc EndOffset="4054" SrcFileId="1" StartOffset="3742"/>
</LocList>
<CondStmnt CovItemId="S87" CovItemPrefix="Dominion.Board.java" Intrnl_Id="183">
<Branch CovItemId="B33" CovItemPrefix="Dominion.Board.java" Implct="false" Intrnl_Id="184">
<Cond/>
<LocList>
<Loc EndOffset="3814" SrcFileId="1" StartOffset="3800"/>
</LocList>
<StmntSeq Intrnl_Id="185">
<LocList>
<Loc EndOffset="3814" SrcFileId="1" StartOffset="3800"/>
</LocList>
<BasicStmnt CovItemId="S88" CovItemPrefix="Dominion.Board.java" Intrnl_Id="186">
<LocList>
<Loc EndOffset="3814" SrcFileId="1" StartOffset="3800"/>
</LocList>
</BasicStmnt>
</StmntSeq>
</Branch>
<Branch CovItemId="B34" CovItemPrefix="Dominion.Board.java" Implct="false" Intrnl_Id="187">
<Cond>
<Loc EndOffset="3822" SrcFileId="1" StartOffset="3818"/>
</Cond>
<LocList>
<Loc EndOffset="4054" SrcFileId="1" StartOffset="3823"/>
</LocList>
<StmntSeq Intrnl_Id="188">
<LocList>
<Loc EndOffset="4054" SrcFileId="1" StartOffset="3823"/>
</LocList>
<CondStmnt CovItemId="S89" CovItemPrefix="Dominion.Board.java" Intrnl_Id="189">
<Branch CovItemId="B35" CovItemPrefix="Dominion.Board.java" Implct="false" Intrnl_Id="190">
<Cond/>
<LocList>
<Loc EndOffset="3893" SrcFileId="1" StartOffset="3879"/>
</LocList>
<StmntSeq Intrnl_Id="191">
<LocList>
<Loc EndOffset="3893" SrcFileId="1" StartOffset="3879"/>
</LocList>
<BasicStmnt CovItemId="S90" CovItemPrefix="Dominion.Board.java" Intrnl_Id="192">
<LocList>
<Loc EndOffset="3893" SrcFileId="1" StartOffset="3879"/>
</LocList>
</BasicStmnt>
</StmntSeq>
</Branch>
<Branch CovItemId="B36" CovItemPrefix="Dominion.Board.java" Implct="false" Intrnl_Id="193">
<Cond>
<Loc EndOffset="3901" SrcFileId="1" StartOffset="3897"/>
</Cond>
<LocList>
<Loc EndOffset="4054" SrcFileId="1" StartOffset="3902"/>
</LocList>
<StmntSeq Intrnl_Id="194">
<LocList>
<Loc EndOffset="4054" SrcFileId="1" StartOffset="3902"/>
</LocList>
<CondStmnt CovItemId="S91" CovItemPrefix="Dominion.Board.java" Intrnl_Id="195">
<Branch CovItemId="B37" CovItemPrefix="Dominion.Board.java" Implct="false" Intrnl_Id="196">
<Cond/>
<LocList>
<Loc EndOffset="3974" SrcFileId="1" StartOffset="3960"/>
</LocList>
<StmntSeq Intrnl_Id="197">
<LocList>
<Loc EndOffset="3974" SrcFileId="1" StartOffset="3960"/>
</LocList>
<BasicStmnt CovItemId="S92" CovItemPrefix="Dominion.Board.java" Intrnl_Id="198">
<LocList>
<Loc EndOffset="3974" SrcFileId="1" StartOffset="3960"/>
</LocList>
</BasicStmnt>
</StmntSeq>
</Branch>
<Branch CovItemId="B38" CovItemPrefix="Dominion.Board.java" Implct="false" Intrnl_Id="199">
<Cond>
<Loc EndOffset="3982" SrcFileId="1" StartOffset="3978"/>
</Cond>
<LocList>
<Loc EndOffset="4054" SrcFileId="1" StartOffset="3983"/>
</LocList>
<StmntSeq Intrnl_Id="200">
<LocList>
<Loc EndOffset="4054" SrcFileId="1" StartOffset="3983"/>
</LocList>
<CondStmnt CovItemId="S93" CovItemPrefix="Dominion.Board.java" Intrnl_Id="201">
<Branch CovItemId="B39" CovItemPrefix="Dominion.Board.java" Implct="false" Intrnl_Id="202">
<Cond/>
<LocList>
<Loc EndOffset="4054" SrcFileId="1" StartOffset="4040"/>
</LocList>
<StmntSeq Intrnl_Id="203">
<LocList>
<Loc EndOffset="4054" SrcFileId="1" StartOffset="4040"/>
</LocList>
<BasicStmnt CovItemId="S94" CovItemPrefix="Dominion.Board.java" Intrnl_Id="204">
<LocList>
<Loc EndOffset="4054" SrcFileId="1" StartOffset="4040"/>
</LocList>
</BasicStmnt>
</StmntSeq>
</Branch>
<Branch CovItemId="B40" CovItemPrefix="Dominion.Board.java" Implct="true" Intrnl_Id="205">
<Cond/>
<LocList/>
<StmntSeq Intrnl_Id="206">
<LocList/>
</StmntSeq>
</Branch>
<Keyword EndOffset="3985" SrcFileId="1" StartOffset="3983"/>
<LocList>
<Loc EndOffset="4054" SrcFileId="1" StartOffset="3983"/>
</LocList>
</CondStmnt>
</StmntSeq>
</Branch>
<Keyword EndOffset="3904" SrcFileId="1" StartOffset="3902"/>
<LocList>
<Loc EndOffset="4054" SrcFileId="1" StartOffset="3902"/>
</LocList>
</CondStmnt>
</StmntSeq>
</Branch>
<Keyword EndOffset="3825" SrcFileId="1" StartOffset="3823"/>
<LocList>
<Loc EndOffset="4054" SrcFileId="1" StartOffset="3823"/>
</LocList>
</CondStmnt>
</StmntSeq>
</Branch>
<Keyword EndOffset="3744" SrcFileId="1" StartOffset="3742"/>
<LocList>
<Loc EndOffset="4054" SrcFileId="1" StartOffset="3742"/>
</LocList>
</CondStmnt>
</StmntSeq>
</Branch>
<Keyword EndOffset="3663" SrcFileId="1" StartOffset="3661"/>
<LocList>
<Loc EndOffset="4054" SrcFileId="1" StartOffset="3661"/>
</LocList>
</CondStmnt>
<CondStmnt CovItemId="S95" CovItemPrefix="Dominion.Board.java" Intrnl_Id="207">
<Branch CovItemId="B41" CovItemPrefix="Dominion.Board.java" Implct="false" Intrnl_Id="208">
<Cond/>
<LocList>
<Loc EndOffset="4109" SrcFileId="1" StartOffset="4095"/>
</LocList>
<StmntSeq Intrnl_Id="209">
<LocList>
<Loc EndOffset="4109" SrcFileId="1" StartOffset="4095"/>
</LocList>
<BasicStmnt CovItemId="S96" CovItemPrefix="Dominion.Board.java" Intrnl_Id="210">
<LocList>
<Loc EndOffset="4109" SrcFileId="1" StartOffset="4095"/>
</LocList>
</BasicStmnt>
</StmntSeq>
</Branch>
<Branch CovItemId="B42" CovItemPrefix="Dominion.Board.java" Implct="true" Intrnl_Id="211">
<Cond/>
<LocList/>
<StmntSeq Intrnl_Id="212">
<LocList/>
</StmntSeq>
</Branch>
<Keyword EndOffset="4064" SrcFileId="1" StartOffset="4062"/>
<LocList>
<Loc EndOffset="4109" SrcFileId="1" StartOffset="4062"/>
</LocList>
</CondStmnt>
<CondStmnt CovItemId="S97" CovItemPrefix="Dominion.Board.java" Intrnl_Id="213">
<Branch CovItemId="B43" CovItemPrefix="Dominion.Board.java" Implct="false" Intrnl_Id="214">
<Cond/>
<LocList>
<Loc EndOffset="4191" SrcFileId="1" StartOffset="4177"/>
</LocList>
<StmntSeq Intrnl_Id="215">
<LocList>
<Loc EndOffset="4191" SrcFileId="1" StartOffset="4177"/>
</LocList>
<BasicStmnt CovItemId="S98" CovItemPrefix="Dominion.Board.java" Intrnl_Id="216">
<LocList>
<Loc EndOffset="4191" SrcFileId="1" StartOffset="4177"/>
</LocList>
</BasicStmnt>
</StmntSeq>
</Branch>
<Branch CovItemId="B44" CovItemPrefix="Dominion.Board.java" Implct="true" Intrnl_Id="217">
<Cond/>
<LocList/>
<StmntSeq Intrnl_Id="218">
<LocList/>
</StmntSeq>
</Branch>
<Keyword EndOffset="4119" SrcFileId="1" StartOffset="4117"/>
<LocList>
<Loc EndOffset="4191" SrcFileId="1" StartOffset="4117"/>
</LocList>
</CondStmnt>
<CondStmnt CovItemId="S99" CovItemPrefix="Dominion.Board.java" Intrnl_Id="219">
<Branch CovItemId="B45" CovItemPrefix="Dominion.Board.java" Implct="false" Intrnl_Id="220">
<Cond/>
<LocList>
<Loc EndOffset="4253" SrcFileId="1" StartOffset="4241"/>
</LocList>
<StmntSeq Intrnl_Id="221">
<LocList>
<Loc EndOffset="4253" SrcFileId="1" StartOffset="4241"/>
</LocList>
<BasicStmnt CovItemId="S100" CovItemPrefix="Dominion.Board.java" Intrnl_Id="222">
<LocList>
<Loc EndOffset="4253" SrcFileId="1" StartOffset="4241"/>
</LocList>
</BasicStmnt>
</StmntSeq>
</Branch>
<Branch CovItemId="B46" CovItemPrefix="Dominion.Board.java" Implct="false" Intrnl_Id="223">
<Cond>
<Loc EndOffset="4261" SrcFileId="1" StartOffset="4257"/>
</Cond>
<LocList>
<Loc EndOffset="4279" SrcFileId="1" StartOffset="4266"/>
</LocList>
<StmntSeq Intrnl_Id="224">
<LocList>
<Loc EndOffset="4279" SrcFileId="1" StartOffset="4266"/>
</LocList>
<BasicStmnt CovItemId="S101" CovItemPrefix="Dominion.Board.java" Intrnl_Id="225">
<LocList>
<Loc EndOffset="4279" SrcFileId="1" StartOffset="4266"/>
</LocList>
</BasicStmnt>
</StmntSeq>
</Branch>
<Keyword EndOffset="4199" SrcFileId="1" StartOffset="4197"/>
<LocList>
<Loc EndOffset="4279" SrcFileId="1" StartOffset="4197"/>
</LocList>
</CondStmnt>
</StmntSeq>
</HierarchyLvl>
<HierarchyLvl HierarchyLvlId="1157" HierarchyLvlTypeId="7" Intrnl_Id="226" Name="available">
<Header>
<Loc EndOffset="4407" SrcFileId="1" StartOffset="4366"/>
</Header>
<LocList>
<Loc EndOffset="4679" SrcFileId="1" StartOffset="4366"/>
</LocList>
<StmntSeq Intrnl_Id="227">
<LocList>
<Loc EndOffset="4448" SrcFileId="1" StartOffset="4415"/>
<Loc EndOffset="4469" SrcFileId="1" StartOffset="4452"/>
<Loc EndOffset="4658" SrcFileId="1" StartOffset="4477"/>
<Loc EndOffset="4675" SrcFileId="1" StartOffset="4666"/>
</LocList>
<BasicStmnt CovItemId="S102" CovItemPrefix="Dominion.Board.java" Intrnl_Id="228">
<LocList>
<Loc EndOffset="4448" SrcFileId="1" StartOffset="4415"/>
</LocList>
</BasicStmnt>
<BasicStmnt CovItemId="S103" CovItemPrefix="Dominion.Board.java" Intrnl_Id="229">
<LocList>
<Loc EndOffset="4469" SrcFileId="1" StartOffset="4452"/>
</LocList>
</BasicStmnt>
<LoopStmnt CovItemId="S104" CovItemPrefix="Dominion.Board.java" Intrnl_Id="230" MltplExecId="L14-2" MltplExecPrefix="Dominion.Board.java" NvrExecId="L14-0" NvrExecPrefix="Dominion.Board.java" OnceExecutedId="L14-1" OnceExecutedPrefix="Dominion.Board.java" OptBodyExec="true">
<StmntSeq Intrnl_Id="231">
<LocList>
<Loc EndOffset="4653" SrcFileId="1" StartOffset="4526"/>
</LocList>
<CondStmnt CovItemId="S105" CovItemPrefix="Dominion.Board.java" Intrnl_Id="232">
<Branch CovItemId="B47" CovItemPrefix="Dominion.Board.java" Implct="false" Intrnl_Id="233">
<Cond/>
<LocList>
<Loc EndOffset="4653" SrcFileId="1" StartOffset="4609"/>
</LocList>
<StmntSeq Intrnl_Id="234">
<LocList>
<Loc EndOffset="4647" SrcFileId="1" StartOffset="4616"/>
</LocList>
<BasicStmnt CovItemId="S106" CovItemPrefix="Dominion.Board.java" Intrnl_Id="235">
<LocList>
<Loc EndOffset="4647" SrcFileId="1" StartOffset="4616"/>
</LocList>
</BasicStmnt>
</StmntSeq>
</Branch>
<Branch CovItemId="B48" CovItemPrefix="Dominion.Board.java" Implct="true" Intrnl_Id="236">
<Cond/>
<LocList/>
<StmntSeq Intrnl_Id="237">
<LocList/>
</StmntSeq>
</Branch>
<Keyword EndOffset="4528" SrcFileId="1" StartOffset="4526"/>
<LocList>
<Loc EndOffset="4653" SrcFileId="1" StartOffset="4526"/>
</LocList>
</CondStmnt>
</StmntSeq>
<Keyword EndOffset="4480" SrcFileId="1" StartOffset="4477"/>
<LocList>
<Loc EndOffset="4658" SrcFileId="1" StartOffset="4477"/>
</LocList>
</LoopStmnt>
<BasicStmnt CovItemId="S107" CovItemPrefix="Dominion.Board.java" Intrnl_Id="238">
<LocList>
<Loc EndOffset="4675" SrcFileId="1" StartOffset="4666"/>
</LocList>
</BasicStmnt>
</StmntSeq>
</HierarchyLvl>
<HierarchyLvl HierarchyLvlId="1158" HierarchyLvlTypeId="7" Intrnl_Id="239" Name="buy">
<Header>
<Loc EndOffset="4760" SrcFileId="1" StartOffset="4706"/>
</Header>
<LocList>
<Loc EndOffset="5506" SrcFileId="1" StartOffset="4706"/>
</LocList>
<StmntSeq Intrnl_Id="240">
<LocList>
<Loc EndOffset="4792" SrcFileId="1" StartOffset="4768"/>
<Loc EndOffset="4806" SrcFileId="1" StartOffset="4796"/>
<Loc EndOffset="5502" SrcFileId="1" StartOffset="4810"/>
</LocList>
<BasicStmnt CovItemId="S108" CovItemPrefix="Dominion.Board.java" Intrnl_Id="241">
<LocList>
<Loc EndOffset="4792" SrcFileId="1" StartOffset="4768"/>
</LocList>
</BasicStmnt>
<BasicStmnt CovItemId="S109" CovItemPrefix="Dominion.Board.java" Intrnl_Id="242">
<LocList>
<Loc EndOffset="4806" SrcFileId="1" StartOffset="4796"/>
</LocList>
</BasicStmnt>
<LoopStmnt CovItemId="S110" CovItemPrefix="Dominion.Board.java" Intrnl_Id="243" MltplExecId="L15-2" MltplExecPrefix="Dominion.Board.java" NvrExecId="L15-0" NvrExecPrefix="Dominion.Board.java" OnceExecutedId="L15-1" OnceExecutedPrefix="Dominion.Board.java" OptBodyExec="true">
<StmntSeq Intrnl_Id="244">
<LocList>
<Loc EndOffset="5488" SrcFileId="1" StartOffset="4865"/>
<Loc EndOffset="5497" SrcFileId="1" StartOffset="5493"/>
</LocList>
<CondStmnt CovItemId="S111" CovItemPrefix="Dominion.Board.java" Intrnl_Id="245">
<Branch CovItemId="B49" CovItemPrefix="Dominion.Board.java" Implct="false" Intrnl_Id="246">
<Cond/>
<LocList>
<Loc EndOffset="5488" SrcFileId="1" StartOffset="4903"/>
</LocList>
<StmntSeq Intrnl_Id="247">
<LocList>
<Loc EndOffset="4934" SrcFileId="1" StartOffset="4910"/>
<Loc EndOffset="4974" SrcFileId="1" StartOffset="4940"/>
<Loc EndOffset="4996" SrcFileId="1" StartOffset="4981"/>
<Loc EndOffset="5054" SrcFileId="1" StartOffset="5002"/>
<Loc EndOffset="5174" SrcFileId="1" StartOffset="5157"/>
<Loc EndOffset="5482" SrcFileId="1" StartOffset="5180"/>
</LocList>
<BasicStmnt CovItemId="S112" CovItemPrefix="Dominion.Board.java" Intrnl_Id="248">
<LocList>
<Loc EndOffset="4934" SrcFileId="1" StartOffset="4910"/>
</LocList>
</BasicStmnt>
<BasicStmnt CovItemId="S113" CovItemPrefix="Dominion.Board.java" Intrnl_Id="249">
<LocList>
<Loc EndOffset="4974" SrcFileId="1" StartOffset="4940"/>
</LocList>
</BasicStmnt>
<BasicStmnt CovItemId="S114" CovItemPrefix="Dominion.Board.java" Intrnl_Id="250">
<LocList>
<Loc EndOffset="4996" SrcFileId="1" StartOffset="4981"/>
</LocList>
</BasicStmnt>
<BasicStmnt CovItemId="S115" CovItemPrefix="Dominion.Board.java" Intrnl_Id="251">
<LocList>
<Loc EndOffset="5054" SrcFileId="1" StartOffset="5002"/>
</LocList>
</BasicStmnt>
<BasicStmnt CovItemId="S116" CovItemPrefix="Dominion.Board.java" Intrnl_Id="252">
<LocList>
<Loc EndOffset="5174" SrcFileId="1" StartOffset="5157"/>
</LocList>
</BasicStmnt>
<CondStmnt CovItemId="S117" CovItemPrefix="Dominion.Board.java" Intrnl_Id="253">
<Branch CovItemId="B51" CovItemPrefix="Dominion.Board.java" Implct="false" Intrnl_Id="254">
<Cond/>
<LocList>
<Loc EndOffset="5482" SrcFileId="1" StartOffset="5215"/>
</LocList>
<StmntSeq Intrnl_Id="255">
<LocList>
<Loc EndOffset="5364" SrcFileId="1" StartOffset="5306"/>
<Loc EndOffset="5475" SrcFileId="1" StartOffset="5371"/>
</LocList>
<CondStmnt CovItemId="S118" CovItemPrefix="Dominion.Board.java" Intrnl_Id="256">
<Branch CovItemId="B53" CovItemPrefix="Dominion.Board.java" Implct="false" Intrnl_Id="257">
<Cond/>
<LocList>
<Loc EndOffset="5364" SrcFileId="1" StartOffset="5341"/>
</LocList>
<StmntSeq Intrnl_Id="258">
<LocList>
<Loc EndOffset="5364" SrcFileId="1" StartOffset="5341"/>
</LocList>
<BasicStmnt CovItemId="S119" CovItemPrefix="Dominion.Board.java" Intrnl_Id="259">
<LocList>
<Loc EndOffset="5364" SrcFileId="1" StartOffset="5341"/>
</LocList>
</BasicStmnt>
</StmntSeq>
</Branch>
<Branch CovItemId="B54" CovItemPrefix="Dominion.Board.java" Implct="true" Intrnl_Id="260">
<Cond/>
<LocList/>
<StmntSeq Intrnl_Id="261">
<LocList/>
</StmntSeq>
</Branch>
<Keyword EndOffset="5308" SrcFileId="1" StartOffset="5306"/>
<LocList>
<Loc EndOffset="5364" SrcFileId="1" StartOffset="5306"/>
</LocList>
</CondStmnt>
<LoopStmnt CovItemId="S120" CovItemPrefix="Dominion.Board.java" Intrnl_Id="262" MltplExecId="L16-2" MltplExecPrefix="Dominion.Board.java" NvrExecId="L16-0" NvrExecPrefix="Dominion.Board.java" OnceExecutedId="L16-1" OnceExecutedPrefix="Dominion.Board.java" OptBodyExec="true">
<StmntSeq Intrnl_Id="263">
<LocList>
<Loc EndOffset="5443" SrcFileId="1" StartOffset="5420"/>
<Loc EndOffset="5467" SrcFileId="1" StartOffset="5451"/>
</LocList>
<BasicStmnt CovItemId="S121" CovItemPrefix="Dominion.Board.java" Intrnl_Id="264">
<LocList>
<Loc EndOffset="5443" SrcFileId="1" StartOffset="5420"/>
</LocList>
</BasicStmnt>
<BasicStmnt CovItemId="S122" CovItemPrefix="Dominion.Board.java" Intrnl_Id="265">
<LocList>
<Loc EndOffset="5467" SrcFileId="1" StartOffset="5451"/>
</LocList>
</BasicStmnt>
</StmntSeq>
<Keyword EndOffset="5374" SrcFileId="1" StartOffset="5371"/>
<LocList>
<Loc EndOffset="5475" SrcFileId="1" StartOffset="5371"/>
</LocList>
</LoopStmnt>
</StmntSeq>
</Branch>
<Branch CovItemId="B52" CovItemPrefix="Dominion.Board.java" Implct="true" Intrnl_Id="266">
<Cond/>
<LocList/>
<StmntSeq Intrnl_Id="267">
<LocList/>
</StmntSeq>
</Branch>
<Keyword EndOffset="5182" SrcFileId="1" StartOffset="5180"/>
<LocList>
<Loc EndOffset="5482" SrcFileId="1" StartOffset="5180"/>
</LocList>
</CondStmnt>
</StmntSeq>
</Branch>
<Branch CovItemId="B50" CovItemPrefix="Dominion.Board.java" Implct="true" Intrnl_Id="268">
<Cond/>
<LocList/>
<StmntSeq Intrnl_Id="269">
<LocList/>
</StmntSeq>
</Branch>
<Keyword EndOffset="4867" SrcFileId="1" StartOffset="4865"/>
<LocList>
<Loc EndOffset="5488" SrcFileId="1" StartOffset="4865"/>
</LocList>
</CondStmnt>
<BasicStmnt CovItemId="S123" CovItemPrefix="Dominion.Board.java" Intrnl_Id="270">
<LocList>
<Loc EndOffset="5497" SrcFileId="1" StartOffset="5493"/>
</LocList>
</BasicStmnt>
</StmntSeq>
<Keyword EndOffset="4815" SrcFileId="1" StartOffset="4810"/>
<LocList>
<Loc EndOffset="5502" SrcFileId="1" StartOffset="4810"/>
</LocList>
</LoopStmnt>
</StmntSeq>
</HierarchyLvl>
<HierarchyLvl HierarchyLvlId="1159" HierarchyLvlTypeId="7" Intrnl_Id="271" Name="checkEmbargo">
<Header>
<Loc EndOffset="5546" SrcFileId="1" StartOffset="5512"/>
</Header>
<LocList>
<Loc EndOffset="5903" SrcFileId="1" StartOffset="5512"/>
</LocList>
<StmntSeq Intrnl_Id="272">
<LocList>
<Loc EndOffset="5886" SrcFileId="1" StartOffset="5554"/>
<Loc EndOffset="5899" SrcFileId="1" StartOffset="5890"/>
</LocList>
<LoopStmnt CovItemId="S124" CovItemPrefix="Dominion.Board.java" Intrnl_Id="273" MltplExecId="L17-2" MltplExecPrefix="Dominion.Board.java" NvrExecId="L17-0" NvrExecPrefix="Dominion.Board.java" OnceExecutedId="L17-1" OnceExecutedPrefix="Dominion.Board.java" OptBodyExec="true">
<StmntSeq Intrnl_Id="274">
<LocList>
<Loc EndOffset="5881" SrcFileId="1" StartOffset="5640"/>
</LocList>
<CondStmnt CovItemId="S125" CovItemPrefix="Dominion.Board.java" Intrnl_Id="275">
<Branch CovItemId="B55" CovItemPrefix="Dominion.Board.java" Implct="false" Intrnl_Id="276">
<Cond/>
<LocList>
<Loc EndOffset="5856" SrcFileId="1" StartOffset="5689"/>
</LocList>
<StmntSeq Intrnl_Id="277">
<LocList>
<Loc EndOffset="5831" SrcFileId="1" StartOffset="5696"/>
<Loc EndOffset="5850" SrcFileId="1" StartOffset="5837"/>
</LocList>
<CondStmnt CovItemId="S126" CovItemPrefix="Dominion.Board.java" Intrnl_Id="278">
<Branch CovItemId="B57" CovItemPrefix="Dominion.Board.java" Implct="false" Intrnl_Id="279">
<Cond/>
<LocList>
<Loc EndOffset="5831" SrcFileId="1" StartOffset="5717"/>
</LocList>
<StmntSeq Intrnl_Id="280">
<LocList>
<Loc EndOffset="5831" SrcFileId="1" StartOffset="5717"/>
</LocList>
<BasicStmnt CovItemId="S127" CovItemPrefix="Dominion.Board.java" Intrnl_Id="281">
<LocList>
<Loc EndOffset="5831" SrcFileId="1" StartOffset="5717"/>
</LocList>
</BasicStmnt>
</StmntSeq>
</Branch>
<Branch CovItemId="B58" CovItemPrefix="Dominion.Board.java" Implct="true" Intrnl_Id="282">
<Cond/>
<LocList/>
<StmntSeq Intrnl_Id="283">
<LocList/>
</StmntSeq>
</Branch>
<Keyword EndOffset="5698" SrcFileId="1" StartOffset="5696"/>
<LocList>
<Loc EndOffset="5831" SrcFileId="1" StartOffset="5696"/>
</LocList>
</CondStmnt>
<BasicStmnt CovItemId="S128" CovItemPrefix="Dominion.Board.java" Intrnl_Id="284">
<LocList>
<Loc EndOffset="5850" SrcFileId="1" StartOffset="5837"/>
</LocList>
</BasicStmnt>
</StmntSeq>
</Branch>
<Branch CovItemId="B56" CovItemPrefix="Dominion.Board.java" Implct="false" Intrnl_Id="285">
<Cond>
<Loc EndOffset="5865" SrcFileId="1" StartOffset="5861"/>
</Cond>
<LocList>
<Loc EndOffset="5881" SrcFileId="1" StartOffset="5872"/>
</LocList>
<StmntSeq Intrnl_Id="286">
<LocList>
<Loc EndOffset="5881" SrcFileId="1" StartOffset="5872"/>
</LocList>
<BasicStmnt CovItemId="S129" CovItemPrefix="Dominion.Board.java" Intrnl_Id="287">
<LocList>
<Loc EndOffset="5881" SrcFileId="1" StartOffset="5872"/>
</LocList>
</BasicStmnt>
</StmntSeq>
</Branch>
<Keyword EndOffset="5642" SrcFileId="1" StartOffset="5640"/>
<LocList>
<Loc EndOffset="5881" SrcFileId="1" StartOffset="5640"/>
</LocList>
</CondStmnt>
</StmntSeq>
<Keyword EndOffset="5557" SrcFileId="1" StartOffset="5554"/>
<LocList>
<Loc EndOffset="5886" SrcFileId="1" StartOffset="5554"/>
</LocList>
</LoopStmnt>
<BasicStmnt CovItemId="S130" CovItemPrefix="Dominion.Board.java" Intrnl_Id="288">
<LocList>
<Loc EndOffset="5899" SrcFileId="1" StartOffset="5890"/>
</LocList>
</BasicStmnt>
</StmntSeq>
</HierarchyLvl>
</HierarchyLvl>
<HierarchyLvl HierarchyLvlId="1172" HierarchyLvlTypeId="8" Intrnl_Id="289" Name="Card">
<Header>
<Loc EndOffset="121" SrcFileId="2" StartOffset="104"/>
</Header>
<LocList>
<Loc EndOffset="4055" SrcFileId="2" StartOffset="104"/>
</LocList>
<StmntSeq Intrnl_Id="290">
<LocList>
<Loc EndOffset="215" SrcFileId="2" StartOffset="194"/>
<Loc EndOffset="241" SrcFileId="2" StartOffset="218"/>
<Loc EndOffset="266" SrcFileId="2" StartOffset="244"/>
</LocList>
<BasicStmnt CovItemId="S1" CovItemPrefix="Dominion.Card.java" Intrnl_Id="291">
<LocList>
<Loc EndOffset="215" SrcFileId="2" StartOffset="194"/>
</LocList>
</BasicStmnt>
<BasicStmnt CovItemId="S2" CovItemPrefix="Dominion.Card.java" Intrnl_Id="292">
<LocList>
<Loc EndOffset="241" SrcFileId="2" StartOffset="218"/>
</LocList>
</BasicStmnt>
<BasicStmnt CovItemId="S3" CovItemPrefix="Dominion.Card.java" Intrnl_Id="293">
<LocList>
<Loc EndOffset="266" SrcFileId="2" StartOffset="244"/>
</LocList>
</BasicStmnt>
</StmntSeq>
<HierarchyLvl HierarchyLvlId="1161" HierarchyLvlTypeId="7" Intrnl_Id="294" Name="getName">
<Header>
<Loc EndOffset="295" SrcFileId="2" StartOffset="272"/>
</Header>
<LocList>
<Loc EndOffset="319" SrcFileId="2" StartOffset="272"/>
</LocList>
<StmntSeq Intrnl_Id="295">
<LocList>
<Loc EndOffset="315" SrcFileId="2" StartOffset="303"/>
</LocList>
<BasicStmnt CovItemId="S4" CovItemPrefix="Dominion.Card.java" Intrnl_Id="296">
<LocList>
<Loc EndOffset="315" SrcFileId="2" StartOffset="303"/>
</LocList>
</BasicStmnt>
</StmntSeq>
</HierarchyLvl>
<HierarchyLvl HierarchyLvlId="1162" HierarchyLvlTypeId="7" Intrnl_Id="297" Name="Card">
<Header>
<Loc EndOffset="695" SrcFileId="2" StartOffset="674"/>
</Header>
<LocList>
<Loc EndOffset="1687" SrcFileId="2" StartOffset="674"/>
</LocList>
<StmntSeq Intrnl_Id="298">
<LocList>
<Loc EndOffset="714" SrcFileId="2" StartOffset="703"/>
<Loc EndOffset="727" SrcFileId="2" StartOffset="718"/>
<Loc EndOffset="1683" SrcFileId="2" StartOffset="744"/>
</LocList>
<BasicStmnt CovItemId="S5" CovItemPrefix="Dominion.Card.java" Intrnl_Id="299">
<LocList>
<Loc EndOffset="714" SrcFileId="2" StartOffset="703"/>
</LocList>
</BasicStmnt>
<BasicStmnt CovItemId="S6" CovItemPrefix="Dominion.Card.java" Intrnl_Id="300">
<LocList>
<Loc EndOffset="727" SrcFileId="2" StartOffset="718"/>
</LocList>
</BasicStmnt>
<CondStmnt CovItemId="S7" CovItemPrefix="Dominion.Card.java" Intrnl_Id="301">
<Branch CovItemId="B1" CovItemPrefix="Dominion.Card.java" Implct="false" Intrnl_Id="302">
<Cond/>
<LocList>
<Loc EndOffset="844" SrcFileId="2" StartOffset="766"/>
</LocList>
<StmntSeq Intrnl_Id="303">
<LocList>
<Loc EndOffset="788" SrcFileId="2" StartOffset="772"/>
<Loc EndOffset="810" SrcFileId="2" StartOffset="793"/>
<Loc EndOffset="824" SrcFileId="2" StartOffset="815"/>
<Loc EndOffset="839" SrcFileId="2" StartOffset="829"/>
</LocList>
<BasicStmnt CovItemId="S8" CovItemPrefix="Dominion.Card.java" Intrnl_Id="304">
<LocList>
<Loc EndOffset="788" SrcFileId="2" StartOffset="772"/>
</LocList>
</BasicStmnt>
<BasicStmnt CovItemId="S9" CovItemPrefix="Dominion.Card.java" Intrnl_Id="305">
<LocList>
<Loc EndOffset="810" SrcFileId="2" StartOffset="793"/>
</LocList>
</BasicStmnt>
<BasicStmnt CovItemId="S10" CovItemPrefix="Dominion.Card.java" Intrnl_Id="306">
<LocList>
<Loc EndOffset="824" SrcFileId="2" StartOffset="815"/>
</LocList>
</BasicStmnt>
<BasicStmnt CovItemId="S11" CovItemPrefix="Dominion.Card.java" Intrnl_Id="307">
<LocList>
<Loc EndOffset="839" SrcFileId="2" StartOffset="829"/>
</LocList>
</BasicStmnt>
</StmntSeq>
</Branch>
<Branch CovItemId="B2" CovItemPrefix="Dominion.Card.java" Implct="false" Intrnl_Id="308">
<Cond>
<Loc EndOffset="852" SrcFileId="2" StartOffset="848"/>
</Cond>
<LocList>
<Loc EndOffset="1683" SrcFileId="2" StartOffset="853"/>
</LocList>
<StmntSeq Intrnl_Id="309">
<LocList>
<Loc EndOffset="1683" SrcFileId="2" StartOffset="853"/>
</LocList>
<CondStmnt CovItemId="S12" CovItemPrefix="Dominion.Card.java" Intrnl_Id="310">
<Branch CovItemId="B3" CovItemPrefix="Dominion.Card.java" Implct="false" Intrnl_Id="311">
<Cond/>
<LocList>
<Loc EndOffset="952" SrcFileId="2" StartOffset="874"/>
</LocList>
<StmntSeq Intrnl_Id="312">
<LocList>
<Loc EndOffset="895" SrcFileId="2" StartOffset="880"/>
<Loc EndOffset="917" SrcFileId="2" StartOffset="900"/>
<Loc EndOffset="931" SrcFileId="2" StartOffset="922"/>
<Loc EndOffset="947" SrcFileId="2" StartOffset="936"/>
</LocList>
<BasicStmnt CovItemId="S13" CovItemPrefix="Dominion.Card.java" Intrnl_Id="313">
<LocList>
<Loc EndOffset="895" SrcFileId="2" StartOffset="880"/>
</LocList>
</BasicStmnt>
<BasicStmnt CovItemId="S14" CovItemPrefix="Dominion.Card.java" Intrnl_Id="314">
<LocList>
<Loc EndOffset="917" SrcFileId="2" StartOffset="900"/>
</LocList>
</BasicStmnt>
<BasicStmnt CovItemId="S15" CovItemPrefix="Dominion.Card.java" Intrnl_Id="315">
<LocList>
<Loc EndOffset="931" SrcFileId="2" StartOffset="922"/>
</LocList>
</BasicStmnt>
<BasicStmnt CovItemId="S16" CovItemPrefix="Dominion.Card.java" Intrnl_Id="316">
<LocList>
<Loc EndOffset="947" SrcFileId="2" StartOffset="936"/>
</LocList>
</BasicStmnt>
</StmntSeq>
</Branch>
<Branch CovItemId="B4" CovItemPrefix="Dominion.Card.java" Implct="false" Intrnl_Id="317">
<Cond>
<Loc EndOffset="960" SrcFileId="2" StartOffset="956"/>
</Cond>
<LocList>
<Loc EndOffset="1683" SrcFileId="2" StartOffset="961"/>
</LocList>
<StmntSeq Intrnl_Id="318">
<LocList>
<Loc EndOffset="1683" SrcFileId="2" StartOffset="961"/>
</LocList>
<CondStmnt CovItemId="S17" CovItemPrefix="Dominion.Card.java" Intrnl_Id="319">
<Branch CovItemId="B5" CovItemPrefix="Dominion.Card.java" Implct="false" Intrnl_Id="320">
<Cond/>
<LocList>
<Loc EndOffset="1066" SrcFileId="2" StartOffset="985"/>
</LocList>
<StmntSeq Intrnl_Id="321">
<LocList>
<Loc EndOffset="1009" SrcFileId="2" StartOffset="991"/>
<Loc EndOffset="1031" SrcFileId="2" StartOffset="1014"/>
<Loc EndOffset="1045" SrcFileId="2" StartOffset="1036"/>
<Loc EndOffset="1061" SrcFileId="2" StartOffset="1050"/>
</LocList>
<BasicStmnt CovItemId="S18" CovItemPrefix="Dominion.Card.java" Intrnl_Id="322">
<LocList>
<Loc EndOffset="1009" SrcFileId="2" StartOffset="991"/>
</LocList>
</BasicStmnt>
<BasicStmnt CovItemId="S19" CovItemPrefix="Dominion.Card.java" Intrnl_Id="323">
<LocList>
<Loc EndOffset="1031" SrcFileId="2" StartOffset="1014"/>
</LocList>
</BasicStmnt>
<BasicStmnt CovItemId="S20" CovItemPrefix="Dominion.Card.java" Intrnl_Id="324">
<LocList>
<Loc EndOffset="1045" SrcFileId="2" StartOffset="1036"/>
</LocList>
</BasicStmnt>
<BasicStmnt CovItemId="S21" CovItemPrefix="Dominion.Card.java" Intrnl_Id="325">
<LocList>
<Loc EndOffset="1061" SrcFileId="2" StartOffset="1050"/>
</LocList>
</BasicStmnt>
</StmntSeq>
</Branch>
<Branch CovItemId="B6" CovItemPrefix="Dominion.Card.java" Implct="false" Intrnl_Id="326">
<Cond>
<Loc EndOffset="1088" SrcFileId="2" StartOffset="1084"/>
</Cond>
<LocList>
<Loc EndOffset="1683" SrcFileId="2" StartOffset="1089"/>
</LocList>
<StmntSeq Intrnl_Id="327">
<LocList>
<Loc EndOffset="1683" SrcFileId="2" StartOffset="1089"/>
</LocList>
<CondStmnt CovItemId="S22" CovItemPrefix="Dominion.Card.java" Intrnl_Id="328">
<Branch CovItemId="B7" CovItemPrefix="Dominion.Card.java" Implct="false" Intrnl_Id="329">
<Cond/>
<LocList>
<Loc EndOffset="1190" SrcFileId="2" StartOffset="1111"/>
</LocList>
<StmntSeq Intrnl_Id="330">
<LocList>
<Loc EndOffset="1133" SrcFileId="2" StartOffset="1117"/>
<Loc EndOffset="1156" SrcFileId="2" StartOffset="1138"/>
<Loc EndOffset="1170" SrcFileId="2" StartOffset="1161"/>
<Loc EndOffset="1185" SrcFileId="2" StartOffset="1175"/>
</LocList>
<BasicStmnt CovItemId="S23" CovItemPrefix="Dominion.Card.java" Intrnl_Id="331">
<LocList>
<Loc EndOffset="1133" SrcFileId="2" StartOffset="1117"/>
</LocList>
</BasicStmnt>
<BasicStmnt CovItemId="S24" CovItemPrefix="Dominion.Card.java" Intrnl_Id="332">
<LocList>
<Loc EndOffset="1156" SrcFileId="2" StartOffset="1138"/>
</LocList>
</BasicStmnt>
<BasicStmnt CovItemId="S25" CovItemPrefix="Dominion.Card.java" Intrnl_Id="333">
<LocList>
<Loc EndOffset="1170" SrcFileId="2" StartOffset="1161"/>
</LocList>
</BasicStmnt>
<BasicStmnt CovItemId="S26" CovItemPrefix="Dominion.Card.java" Intrnl_Id="334">
<LocList>
<Loc EndOffset="1185" SrcFileId="2" StartOffset="1175"/>
</LocList>
</BasicStmnt>
</StmntSeq>
</Branch>
<Branch CovItemId="B8" CovItemPrefix="Dominion.Card.java" Implct="false" Intrnl_Id="335">
<Cond>
<Loc EndOffset="1198" SrcFileId="2" StartOffset="1194"/>
</Cond>
<LocList>
<Loc EndOffset="1683" SrcFileId="2" StartOffset="1199"/>
</LocList>
<StmntSeq Intrnl_Id="336">
<LocList>
<Loc EndOffset="1683" SrcFileId="2" StartOffset="1199"/>
</LocList>
<CondStmnt CovItemId="S27" CovItemPrefix="Dominion.Card.java" Intrnl_Id="337">
<Branch CovItemId="B9" CovItemPrefix="Dominion.Card.java" Implct="false" Intrnl_Id="338">
<Cond/>
<LocList>
<Loc EndOffset="1300" SrcFileId="2" StartOffset="1221"/>
</LocList>
<StmntSeq Intrnl_Id="339">
<LocList>
<Loc EndOffset="1243" SrcFileId="2" StartOffset="1227"/>
<Loc EndOffset="1266" SrcFileId="2" StartOffset="1248"/>
<Loc EndOffset="1280" SrcFileId="2" StartOffset="1271"/>
<Loc EndOffset="1295" SrcFileId="2" StartOffset="1285"/>
</LocList>
<BasicStmnt CovItemId="S28" CovItemPrefix="Dominion.Card.java" Intrnl_Id="340">
<LocList>
<Loc EndOffset="1243" SrcFileId="2" StartOffset="1227"/>
</LocList>
</BasicStmnt>
<BasicStmnt CovItemId="S29" CovItemPrefix="Dominion.Card.java" Intrnl_Id="341">
<LocList>
<Loc EndOffset="1266" SrcFileId="2" StartOffset="1248"/>
</LocList>
</BasicStmnt>
<BasicStmnt CovItemId="S30" CovItemPrefix="Dominion.Card.java" Intrnl_Id="342">
<LocList>
<Loc EndOffset="1280" SrcFileId="2" StartOffset="1271"/>
</LocList>
</BasicStmnt>
<BasicStmnt CovItemId="S31" CovItemPrefix="Dominion.Card.java" Intrnl_Id="343">
<LocList>
<Loc EndOffset="1295" SrcFileId="2" StartOffset="1285"/>
</LocList>
</BasicStmnt>
</StmntSeq>
</Branch>
<Branch CovItemId="B10" CovItemPrefix="Dominion.Card.java" Implct="false" Intrnl_Id="344">
<Cond>
<Loc EndOffset="1308" SrcFileId="2" StartOffset="1304"/>
</Cond>
<LocList>
<Loc EndOffset="1683" SrcFileId="2" StartOffset="1309"/>
</LocList>
<StmntSeq Intrnl_Id="345">
<LocList>
<Loc EndOffset="1683" SrcFileId="2" StartOffset="1309"/>
</LocList>
<CondStmnt CovItemId="S32" CovItemPrefix="Dominion.Card.java" Intrnl_Id="346">
<Branch CovItemId="B11" CovItemPrefix="Dominion.Card.java" Implct="false" Intrnl_Id="347">
<Cond/>
<LocList>
<Loc EndOffset="1406" SrcFileId="2" StartOffset="1329"/>
</LocList>
<StmntSeq Intrnl_Id="348">
<LocList>
<Loc EndOffset="1349" SrcFileId="2" StartOffset="1335"/>
<Loc EndOffset="1372" SrcFileId="2" StartOffset="1354"/>
<Loc EndOffset="1386" SrcFileId="2" StartOffset="1377"/>
<Loc EndOffset="1401" SrcFileId="2" StartOffset="1391"/>
</LocList>
<BasicStmnt CovItemId="S33" CovItemPrefix="Dominion.Card.java" Intrnl_Id="349">
<LocList>
<Loc EndOffset="1349" SrcFileId="2" StartOffset="1335"/>
</LocList>
</BasicStmnt>
<BasicStmnt CovItemId="S34" CovItemPrefix="Dominion.Card.java" Intrnl_Id="350">
<LocList>
<Loc EndOffset="1372" SrcFileId="2" StartOffset="1354"/>
</LocList>
</BasicStmnt>
<BasicStmnt CovItemId="S35" CovItemPrefix="Dominion.Card.java" Intrnl_Id="351">
<LocList>
<Loc EndOffset="1386" SrcFileId="2" StartOffset="1377"/>
</LocList>
</BasicStmnt>
<BasicStmnt CovItemId="S36" CovItemPrefix="Dominion.Card.java" Intrnl_Id="352">
<LocList>
<Loc EndOffset="1401" SrcFileId="2" StartOffset="1391"/>
</LocList>
</BasicStmnt>
</StmntSeq>
</Branch>
<Branch CovItemId="B12" CovItemPrefix="Dominion.Card.java" Implct="false" Intrnl_Id="353">
<Cond>
<Loc EndOffset="1414" SrcFileId="2" StartOffset="1410"/>
</Cond>
<LocList>
<Loc EndOffset="1683" SrcFileId="2" StartOffset="1415"/>
</LocList>
<StmntSeq Intrnl_Id="354">
<LocList>
<Loc EndOffset="1683" SrcFileId="2" StartOffset="1415"/>
</LocList>
<CondStmnt CovItemId="S37" CovItemPrefix="Dominion.Card.java" Intrnl_Id="355">
<Branch CovItemId="B13" CovItemPrefix="Dominion.Card.java" Implct="false" Intrnl_Id="356">
<Cond/>
<LocList>
<Loc EndOffset="1495" SrcFileId="2" StartOffset="1438"/>
</LocList>
<StmntSeq Intrnl_Id="357">
<LocList>
<Loc EndOffset="1453" SrcFileId="2" StartOffset="1444"/>
<Loc EndOffset="1476" SrcFileId="2" StartOffset="1458"/>
<Loc EndOffset="1490" SrcFileId="2" StartOffset="1481"/>
</LocList>
<BasicStmnt CovItemId="S38" CovItemPrefix="Dominion.Card.java" Intrnl_Id="358">
<LocList>
<Loc EndOffset="1453" SrcFileId="2" StartOffset="1444"/>
</LocList>
</BasicStmnt>
<BasicStmnt CovItemId="S39" CovItemPrefix="Dominion.Card.java" Intrnl_Id="359">
<LocList>
<Loc EndOffset="1476" SrcFileId="2" StartOffset="1458"/>
</LocList>
</BasicStmnt>
<BasicStmnt CovItemId="S40" CovItemPrefix="Dominion.Card.java" Intrnl_Id="360">
<LocList>
<Loc EndOffset="1490" SrcFileId="2" StartOffset="1481"/>
</LocList>
</BasicStmnt>
</StmntSeq>
</Branch>
<Branch CovItemId="B14" CovItemPrefix="Dominion.Card.java" Implct="false" Intrnl_Id="361">
<Cond>
<Loc EndOffset="1503" SrcFileId="2" StartOffset="1499"/>
</Cond>
<LocList>
<Loc EndOffset="1683" SrcFileId="2" StartOffset="1504"/>
</LocList>
<StmntSeq Intrnl_Id="362">
<LocList>
<Loc EndOffset="1683" SrcFileId="2" StartOffset="1504"/>
</LocList>
<CondStmnt CovItemId="S41" CovItemPrefix="Dominion.Card.java" Intrnl_Id="363">
<Branch CovItemId="B15" CovItemPrefix="Dominion.Card.java" Implct="false" Intrnl_Id="364">
<Cond/>
<LocList>
<Loc EndOffset="1602" SrcFileId="2" StartOffset="1530"/>
</LocList>
<StmntSeq Intrnl_Id="365">
<LocList>
<Loc EndOffset="1545" SrcFileId="2" StartOffset="1536"/>
<Loc EndOffset="1567" SrcFileId="2" StartOffset="1550"/>
<Loc EndOffset="1581" SrcFileId="2" StartOffset="1572"/>
<Loc EndOffset="1597" SrcFileId="2" StartOffset="1586"/>
</LocList>
<BasicStmnt CovItemId="S42" CovItemPrefix="Dominion.Card.java" Intrnl_Id="366">
<LocList>
<Loc EndOffset="1545" SrcFileId="2" StartOffset="1536"/>
</LocList>
</BasicStmnt>
<BasicStmnt CovItemId="S43" CovItemPrefix="Dominion.Card.java" Intrnl_Id="367">
<LocList>
<Loc EndOffset="1567" SrcFileId="2" StartOffset="1550"/>
</LocList>
</BasicStmnt>
<BasicStmnt CovItemId="S44" CovItemPrefix="Dominion.Card.java" Intrnl_Id="368">
<LocList>
<Loc EndOffset="1581" SrcFileId="2" StartOffset="1572"/>
</LocList>
</BasicStmnt>
<BasicStmnt CovItemId="S45" CovItemPrefix="Dominion.Card.java" Intrnl_Id="369">
<LocList>
<Loc EndOffset="1597" SrcFileId="2" StartOffset="1586"/>
</LocList>
</BasicStmnt>
</StmntSeq>
</Branch>
<Branch CovItemId="B16" CovItemPrefix="Dominion.Card.java" Implct="false" Intrnl_Id="370">
<Cond>
<Loc EndOffset="1610" SrcFileId="2" StartOffset="1606"/>
</Cond>
<LocList>
<Loc EndOffset="1683" SrcFileId="2" StartOffset="1611"/>
</LocList>
<StmntSeq Intrnl_Id="371">
<LocList>
<Loc EndOffset="1683" SrcFileId="2" StartOffset="1611"/>
</LocList>
<CondStmnt CovItemId="S46" CovItemPrefix="Dominion.Card.java" Intrnl_Id="372">
<Branch CovItemId="B17" CovItemPrefix="Dominion.Card.java" Implct="false" Intrnl_Id="373">
<Cond/>
<LocList>
<Loc EndOffset="1683" SrcFileId="2" StartOffset="1632"/>
</LocList>
<StmntSeq Intrnl_Id="374">
<LocList>
<Loc EndOffset="1647" SrcFileId="2" StartOffset="1638"/>
<Loc EndOffset="1661" SrcFileId="2" StartOffset="1652"/>
<Loc EndOffset="1678" SrcFileId="2" StartOffset="1666"/>
</LocList>
<BasicStmnt CovItemId="S47" CovItemPrefix="Dominion.Card.java" Intrnl_Id="375">
<LocList>
<Loc EndOffset="1647" SrcFileId="2" StartOffset="1638"/>
</LocList>
</BasicStmnt>
<BasicStmnt CovItemId="S48" CovItemPrefix="Dominion.Card.java" Intrnl_Id="376">
<LocList>
<Loc EndOffset="1661" SrcFileId="2" StartOffset="1652"/>
</LocList>
</BasicStmnt>
<BasicStmnt CovItemId="S49" CovItemPrefix="Dominion.Card.java" Intrnl_Id="377">
<LocList>
<Loc EndOffset="1678" SrcFileId="2" StartOffset="1666"/>
</LocList>
</BasicStmnt>
</StmntSeq>
</Branch>
<Branch CovItemId="B18" CovItemPrefix="Dominion.Card.java" Implct="true" Intrnl_Id="378">
<Cond/>
<LocList/>
<StmntSeq Intrnl_Id="379">
<LocList/>
</StmntSeq>
</Branch>
<Keyword EndOffset="1613" SrcFileId="2" StartOffset="1611"/>
<LocList>
<Loc EndOffset="1683" SrcFileId="2" StartOffset="1611"/>
</LocList>
</CondStmnt>
</StmntSeq>
</Branch>
<Keyword EndOffset="1506" SrcFileId="2" StartOffset="1504"/>
<LocList>
<Loc EndOffset="1683" SrcFileId="2" StartOffset="1504"/>
</LocList>
</CondStmnt>
</StmntSeq>
</Branch>
<Keyword EndOffset="1417" SrcFileId="2" StartOffset="1415"/>
<LocList>
<Loc EndOffset="1683" SrcFileId="2" StartOffset="1415"/>
</LocList>
</CondStmnt>
</StmntSeq>
</Branch>
<Keyword EndOffset="1311" SrcFileId="2" StartOffset="1309"/>
<LocList>
<Loc EndOffset="1683" SrcFileId="2" StartOffset="1309"/>
</LocList>
</CondStmnt>
</StmntSeq>
</Branch>
<Keyword EndOffset="1201" SrcFileId="2" StartOffset="1199"/>
<LocList>
<Loc EndOffset="1683" SrcFileId="2" StartOffset="1199"/>
</LocList>
</CondStmnt>
</StmntSeq>
</Branch>
<Keyword EndOffset="1091" SrcFileId="2" StartOffset="1089"/>
<LocList>
<Loc EndOffset="1683" SrcFileId="2" StartOffset="1089"/>
</LocList>
</CondStmnt>
</StmntSeq>
</Branch>
<Keyword EndOffset="963" SrcFileId="2" StartOffset="961"/>
<LocList>
<Loc EndOffset="1683" SrcFileId="2" StartOffset="961"/>
</LocList>
</CondStmnt>
</StmntSeq>
</Branch>
<Keyword EndOffset="855" SrcFileId="2" StartOffset="853"/>
<LocList>
<Loc EndOffset="1683" SrcFileId="2" StartOffset="853"/>
</LocList>
</CondStmnt>
</StmntSeq>
</Branch>
<Keyword EndOffset="746" SrcFileId="2" StartOffset="744"/>
<LocList>
<Loc EndOffset="1683" SrcFileId="2" StartOffset="744"/>
</LocList>
</CondStmnt>
</StmntSeq>
</HierarchyLvl>
<HierarchyLvl HierarchyLvlId="1163" HierarchyLvlTypeId="7" Intrnl_Id="380" Name="Card">
<Header>
<Loc EndOffset="1721" SrcFileId="2" StartOffset="1693"/>
</Header>
<LocList>
<Loc EndOffset="1776" SrcFileId="2" StartOffset="1693"/>
</LocList>
<StmntSeq Intrnl_Id="381">
<LocList>
<Loc EndOffset="1738" SrcFileId="2" StartOffset="1729"/>
<Loc EndOffset="1759" SrcFileId="2" StartOffset="1742"/>
<Loc EndOffset="1772" SrcFileId="2" StartOffset="1763"/>
</LocList>
<BasicStmnt CovItemId="S50" CovItemPrefix="Dominion.Card.java" Intrnl_Id="382">
<LocList>
<Loc EndOffset="1738" SrcFileId="2" StartOffset="1729"/>
</LocList>
</BasicStmnt>
<BasicStmnt CovItemId="S51" CovItemPrefix="Dominion.Card.java" Intrnl_Id="383">
<LocList>
<Loc EndOffset="1759" SrcFileId="2" StartOffset="1742"/>
</LocList>
</BasicStmnt>
<BasicStmnt CovItemId="S52" CovItemPrefix="Dominion.Card.java" Intrnl_Id="384">
<LocList>
<Loc EndOffset="1772" SrcFileId="2" StartOffset="1763"/>
</LocList>
</BasicStmnt>
</StmntSeq>
</HierarchyLvl>
<HierarchyLvl HierarchyLvlId="1164" HierarchyLvlTypeId="7" Intrnl_Id="385" Name="getType">
<Header>
<Loc EndOffset="1805" SrcFileId="2" StartOffset="1782"/>
</Header>
<LocList>
<Loc EndOffset="1829" SrcFileId="2" StartOffset="1782"/>
</LocList>
<StmntSeq Intrnl_Id="386">
<LocList>
<Loc EndOffset="1825" SrcFileId="2" StartOffset="1813"/>
</LocList>
<BasicStmnt CovItemId="S53" CovItemPrefix="Dominion.Card.java" Intrnl_Id="387">
<LocList>
<Loc EndOffset="1825" SrcFileId="2" StartOffset="1813"/>
</LocList>
</BasicStmnt>
</StmntSeq>
</HierarchyLvl>
<HierarchyLvl HierarchyLvlId="1165" HierarchyLvlTypeId="7" Intrnl_Id="388" Name="getCost">
<Header>
<Loc EndOffset="1855" SrcFileId="2" StartOffset="1835"/>
</Header>
<LocList>
<Loc EndOffset="1879" SrcFileId="2" StartOffset="1835"/>
</LocList>
<StmntSeq Intrnl_Id="389">
<LocList>
<Loc EndOffset="1875" SrcFileId="2" StartOffset="1863"/>
</LocList>
<BasicStmnt CovItemId="S54" CovItemPrefix="Dominion.Card.java" Intrnl_Id="390">
<LocList>
<Loc EndOffset="1875" SrcFileId="2" StartOffset="1863"/>
</LocList>
</BasicStmnt>
</StmntSeq>
</HierarchyLvl>
<HierarchyLvl HierarchyLvlId="1166" HierarchyLvlTypeId="7" Intrnl_Id="391" Name="search">
<Header>
<Loc EndOffset="2932" SrcFileId="2" StartOffset="2882"/>
</Header>
<LocList>
<Loc EndOffset="3081" SrcFileId="2" StartOffset="2882"/>
</LocList>
<StmntSeq Intrnl_Id="392">
<LocList>
<Loc EndOffset="2958" SrcFileId="2" StartOffset="2940"/>
<Loc EndOffset="3064" SrcFileId="2" StartOffset="2962"/>
<Loc EndOffset="3077" SrcFileId="2" StartOffset="3068"/>
</LocList>
<BasicStmnt CovItemId="S55" CovItemPrefix="Dominion.Card.java" Intrnl_Id="393">
<LocList>
<Loc EndOffset="2958" SrcFileId="2" StartOffset="2940"/>
</LocList>
</BasicStmnt>
<LoopStmnt CovItemId="S56" CovItemPrefix="Dominion.Card.java" Intrnl_Id="394" MltplExecId="L1-2" MltplExecPrefix="Dominion.Card.java" NvrExecId="L1-0" NvrExecPrefix="Dominion.Card.java" OnceExecutedId="L1-1" OnceExecutedPrefix="Dominion.Card.java" OptBodyExec="true">
<StmntSeq Intrnl_Id="395">
<LocList>
<Loc EndOffset="3059" SrcFileId="2" StartOffset="3006"/>
</LocList>
<CondStmnt CovItemId="S57" CovItemPrefix="Dominion.Card.java" Intrnl_Id="396">
<Branch CovItemId="B19" CovItemPrefix="Dominion.Card.java" Implct="false" Intrnl_Id="397">
<Cond/>
<LocList>
<Loc EndOffset="3059" SrcFileId="2" StartOffset="3050"/>
</LocList>
<StmntSeq Intrnl_Id="398">
<LocList>
<Loc EndOffset="3059" SrcFileId="2" StartOffset="3050"/>
</LocList>
<BasicStmnt CovItemId="S58" CovItemPrefix="Dominion.Card.java" Intrnl_Id="399">
<LocList>
<Loc EndOffset="3059" SrcFileId="2" StartOffset="3050"/>
</LocList>
</BasicStmnt>
</StmntSeq>
</Branch>
<Branch CovItemId="B20" CovItemPrefix="Dominion.Card.java" Implct="true" Intrnl_Id="400">
<Cond/>
<LocList/>
<StmntSeq Intrnl_Id="401">
<LocList/>
</StmntSeq>
</Branch>
<Keyword EndOffset="3008" SrcFileId="2" StartOffset="3006"/>
<LocList>
<Loc EndOffset="3059" SrcFileId="2" StartOffset="3006"/>
</LocList>
</CondStmnt>
</StmntSeq>
<Keyword EndOffset="2965" SrcFileId="2" StartOffset="2962"/>
<LocList>
<Loc EndOffset="3064" SrcFileId="2" StartOffset="2962"/>
</LocList>
</LoopStmnt>
<BasicStmnt CovItemId="S59" CovItemPrefix="Dominion.Card.java" Intrnl_Id="402">
<LocList>
<Loc EndOffset="3077" SrcFileId="2" StartOffset="3068"/>
</LocList>
</BasicStmnt>
</StmntSeq>
</HierarchyLvl>
<HierarchyLvl HierarchyLvlId="1167" HierarchyLvlTypeId="7" Intrnl_Id="403" Name="draw">
<Header>
<Loc EndOffset="3215" SrcFileId="2" StartOffset="3153"/>
</Header>
<LocList>
<Loc EndOffset="3388" SrcFileId="2" StartOffset="3153"/>
</LocList>
<StmntSeq Intrnl_Id="404">
<LocList>
<Loc EndOffset="3384" SrcFileId="2" StartOffset="3223"/>
</LocList>
<LoopStmnt CovItemId="S60" CovItemPrefix="Dominion.Card.java" Intrnl_Id="405" MltplExecId="L2-2" MltplExecPrefix="Dominion.Card.java" NvrExecId="L2-0" NvrExecPrefix="Dominion.Card.java" OnceExecutedId="L2-1" OnceExecutedPrefix="Dominion.Card.java" OptBodyExec="true">
<StmntSeq Intrnl_Id="406">
<LocList>
<Loc EndOffset="3379" SrcFileId="2" StartOffset="3292"/>
</LocList>
<CondStmnt CovItemId="S61" CovItemPrefix="Dominion.Card.java" Intrnl_Id="407">
<Branch CovItemId="B21" CovItemPrefix="Dominion.Card.java" Implct="false" Intrnl_Id="408">
<Cond/>
<LocList>
<Loc EndOffset="3379" SrcFileId="2" StartOffset="3325"/>
</LocList>
<StmntSeq Intrnl_Id="409">
<LocList>
<Loc EndOffset="3352" SrcFileId="2" StartOffset="3332"/>
<Loc EndOffset="3373" SrcFileId="2" StartOffset="3358"/>
</LocList>
<BasicStmnt CovItemId="S62" CovItemPrefix="Dominion.Card.java" Intrnl_Id="410">
<LocList>
<Loc EndOffset="3352" SrcFileId="2" StartOffset="3332"/>
</LocList>
</BasicStmnt>
<BasicStmnt CovItemId="S63" CovItemPrefix="Dominion.Card.java" Intrnl_Id="411">
<LocList>
<Loc EndOffset="3373" SrcFileId="2" StartOffset="3358"/>
</LocList>
</BasicStmnt>
</StmntSeq>
</Branch>
<Branch CovItemId="B22" CovItemPrefix="Dominion.Card.java" Implct="true" Intrnl_Id="412">
<Cond/>
<LocList/>
<StmntSeq Intrnl_Id="413">
<LocList/>
</StmntSeq>
</Branch>
<Keyword EndOffset="3294" SrcFileId="2" StartOffset="3292"/>
<LocList>
<Loc EndOffset="3379" SrcFileId="2" StartOffset="3292"/>
</LocList>
</CondStmnt>
</StmntSeq>
<Keyword EndOffset="3226" SrcFileId="2" StartOffset="3223"/>
<LocList>
<Loc EndOffset="3384" SrcFileId="2" StartOffset="3223"/>
</LocList>
</LoopStmnt>
</StmntSeq>
</HierarchyLvl>
<HierarchyLvl HierarchyLvlId="1168" HierarchyLvlTypeId="7" Intrnl_Id="414" Name="move">
<Header>
<Loc EndOffset="3517" SrcFileId="2" StartOffset="3453"/>
</Header>
<LocList>
<Loc EndOffset="3820" SrcFileId="2" StartOffset="3453"/>
</LocList>
<StmntSeq Intrnl_Id="415">
<LocList>
<Loc EndOffset="3549" SrcFileId="2" StartOffset="3525"/>
<Loc EndOffset="3563" SrcFileId="2" StartOffset="3553"/>
<Loc EndOffset="3812" SrcFileId="2" StartOffset="3592"/>
</LocList>
<BasicStmnt CovItemId="S64" CovItemPrefix="Dominion.Card.java" Intrnl_Id="416">
<LocList>
<Loc EndOffset="3549" SrcFileId="2" StartOffset="3525"/>
</LocList>
</BasicStmnt>
<BasicStmnt CovItemId="S65" CovItemPrefix="Dominion.Card.java" Intrnl_Id="417">
<LocList>
<Loc EndOffset="3563" SrcFileId="2" StartOffset="3553"/>
</LocList>
</BasicStmnt>
<CondStmnt CovItemId="S66" CovItemPrefix="Dominion.Card.java" Intrnl_Id="418">
<Branch CovItemId="B23" CovItemPrefix="Dominion.Card.java" Implct="false" Intrnl_Id="419">
<Cond/>
<LocList>
<Loc EndOffset="3812" SrcFileId="2" StartOffset="3624"/>
</LocList>
<StmntSeq Intrnl_Id="420">
<LocList>
<Loc EndOffset="3792" SrcFileId="2" StartOffset="3630"/>
<Loc EndOffset="3807" SrcFileId="2" StartOffset="3797"/>
</LocList>
<LoopStmnt CovItemId="S67" CovItemPrefix="Dominion.Card.java" Intrnl_Id="421" MltplExecId="L3-2" MltplExecPrefix="Dominion.Card.java" NvrExecId="L3-0" NvrExecPrefix="Dominion.Card.java" OnceExecutedId="L3-1" OnceExecutedPrefix="Dominion.Card.java" OptBodyExec="true">
<StmntSeq Intrnl_Id="422">
<LocList>
<Loc EndOffset="3786" SrcFileId="2" StartOffset="3666"/>
</LocList>
<CondStmnt CovItemId="S68" CovItemPrefix="Dominion.Card.java" Intrnl_Id="423">
<Branch CovItemId="B25" CovItemPrefix="Dominion.Card.java" Implct="false" Intrnl_Id="424">
<Cond/>
<LocList>
<Loc EndOffset="3765" SrcFileId="2" StartOffset="3713"/>
</LocList>
<StmntSeq Intrnl_Id="425">
<LocList>
<Loc EndOffset="3736" SrcFileId="2" StartOffset="3721"/>
<Loc EndOffset="3758" SrcFileId="2" StartOffset="3743"/>
</LocList>
<BasicStmnt CovItemId="S69" CovItemPrefix="Dominion.Card.java" Intrnl_Id="426">
<LocList>
<Loc EndOffset="3736" SrcFileId="2" StartOffset="3721"/>
</LocList>
</BasicStmnt>
<BasicStmnt CovItemId="S70" CovItemPrefix="Dominion.Card.java" Intrnl_Id="427">
<LocList>
<Loc EndOffset="3758" SrcFileId="2" StartOffset="3743"/>
</LocList>
</BasicStmnt>
</StmntSeq>
</Branch>
<Branch CovItemId="B26" CovItemPrefix="Dominion.Card.java" Implct="false" Intrnl_Id="428">
<Cond>
<Loc EndOffset="3775" SrcFileId="2" StartOffset="3771"/>
</Cond>
<LocList>
<Loc EndOffset="3786" SrcFileId="2" StartOffset="3782"/>
</LocList>
<StmntSeq Intrnl_Id="429">
<LocList>
<Loc EndOffset="3786" SrcFileId="2" StartOffset="3782"/>
</LocList>
<BasicStmnt CovItemId="S71" CovItemPrefix="Dominion.Card.java" Intrnl_Id="430">
<LocList>
<Loc EndOffset="3786" SrcFileId="2" StartOffset="3782"/>
</LocList>
</BasicStmnt>
</StmntSeq>
</Branch>
<Keyword EndOffset="3668" SrcFileId="2" StartOffset="3666"/>
<LocList>
<Loc EndOffset="3786" SrcFileId="2" StartOffset="3666"/>
</LocList>
</CondStmnt>
</StmntSeq>
<Keyword EndOffset="3635" SrcFileId="2" StartOffset="3630"/>
<LocList>
<Loc EndOffset="3792" SrcFileId="2" StartOffset="3630"/>
</LocList>
</LoopStmnt>
<BasicStmnt CovItemId="S72" CovItemPrefix="Dominion.Card.java" Intrnl_Id="431">
<LocList>
<Loc EndOffset="3807" SrcFileId="2" StartOffset="3797"/>
</LocList>
</BasicStmnt>
</StmntSeq>
</Branch>
<Branch CovItemId="B24" CovItemPrefix="Dominion.Card.java" Implct="true" Intrnl_Id="432">
<Cond/>
<LocList/>
<StmntSeq Intrnl_Id="433">
<LocList/>
</StmntSeq>
</Branch>
<Keyword EndOffset="3594" SrcFileId="2" StartOffset="3592"/>
<LocList>
<Loc EndOffset="3812" SrcFileId="2" StartOffset="3592"/>
</LocList>
</CondStmnt>
</StmntSeq>
</HierarchyLvl>
<HierarchyLvl HierarchyLvlId="1169" HierarchyLvlTypeId="7" Intrnl_Id="434" Name="action">
<Header>
<Loc EndOffset="3901" SrcFileId="2" StartOffset="3866"/>
</Header>
<LocList>
<Loc EndOffset="3928" SrcFileId="2" StartOffset="3866"/>
</LocList>
<StmntSeq Intrnl_Id="435">
<LocList>
<Loc EndOffset="3924" SrcFileId="2" StartOffset="3909"/>
</LocList>
<BasicStmnt CovItemId="S73" CovItemPrefix="Dominion.Card.java" Intrnl_Id="436">
<LocList>
<Loc EndOffset="3924" SrcFileId="2" StartOffset="3909"/>
</LocList>
</BasicStmnt>
</StmntSeq>
</HierarchyLvl>
<HierarchyLvl HierarchyLvlId="1170" HierarchyLvlTypeId="7" Intrnl_Id="437" Name="buy">
<Header>
<Loc EndOffset="3966" SrcFileId="2" StartOffset="3934"/>
</Header>
<LocList>
<Loc EndOffset="3995" SrcFileId="2" StartOffset="3934"/>
</LocList>
<StmntSeq Intrnl_Id="438">
<LocList>
<Loc EndOffset="3991" SrcFileId="2" StartOffset="3974"/>
</LocList>
<BasicStmnt CovItemId="S74" CovItemPrefix="Dominion.Card.java" Intrnl_Id="439">
<LocList>
<Loc EndOffset="3991" SrcFileId="2" StartOffset="3974"/>
</LocList>
</BasicStmnt>
</StmntSeq>
</HierarchyLvl>
<HierarchyLvl HierarchyLvlId="1171" HierarchyLvlTypeId="7" Intrnl_Id="440" Name="getPoints">
<Header>
<Loc EndOffset="4023" SrcFileId="2" StartOffset="4001"/>
</Header>
<LocList>
<Loc EndOffset="4049" SrcFileId="2" StartOffset="4001"/>
</LocList>
<StmntSeq Intrnl_Id="441">
<LocList>
<Loc EndOffset="4045" SrcFileId="2" StartOffset="4031"/>
</LocList>
<BasicStmnt CovItemId="S75" CovItemPrefix="Dominion.Card.java" Intrnl_Id="442">
<LocList>
<Loc EndOffset="4045" SrcFileId="2" StartOffset="4031"/>
</LocList>
</BasicStmnt>
</StmntSeq>
</HierarchyLvl>
</HierarchyLvl>
<HierarchyLvl HierarchyLvlId="1174" HierarchyLvlTypeId="8" Intrnl_Id="443" Name="Play">
<Header>
<Loc EndOffset="117" SrcFileId="3" StartOffset="100"/>
</Header>
<LocList>
<Loc EndOffset="2329" SrcFileId="3" StartOffset="100"/>
</LocList>
<HierarchyLvl HierarchyLvlId="1173" HierarchyLvlTypeId="7" Intrnl_Id="444" Name="playGame">
<Header>
<Loc EndOffset="549" SrcFileId="3" StartOffset="510"/>
</Header>
<LocList>
<Loc EndOffset="2313" SrcFileId="3" StartOffset="510"/>
</LocList>
<StmntSeq Intrnl_Id="445">
<LocList>
<Loc EndOffset="580" SrcFileId="3" StartOffset="557"/>
<Loc EndOffset="606" SrcFileId="3" StartOffset="584"/>
<Loc EndOffset="647" SrcFileId="3" StartOffset="614"/>
<Loc EndOffset="722" SrcFileId="3" StartOffset="655"/>
<Loc EndOffset="763" SrcFileId="3" StartOffset="730"/>
<Loc EndOffset="800" SrcFileId="3" StartOffset="767"/>
<Loc EndOffset="831" SrcFileId="3" StartOffset="808"/>
<Loc EndOffset="848" SrcFileId="3" StartOffset="835"/>
<Loc EndOffset="1321" SrcFileId="3" StartOffset="856"/>
<Loc EndOffset="1961" SrcFileId="3" StartOffset="1329"/>
<Loc EndOffset="2291" SrcFileId="3" StartOffset="1969"/>
<Loc EndOffset="2309" SrcFileId="3" StartOffset="2295"/>
</LocList>
<BasicStmnt CovItemId="S1" CovItemPrefix="Dominion.Play.java" Intrnl_Id="446">
<LocList>
<Loc EndOffset="580" SrcFileId="3" StartOffset="557"/>
</LocList>
</BasicStmnt>
<BasicStmnt CovItemId="S2" CovItemPrefix="Dominion.Play.java" Intrnl_Id="447">
<LocList>
<Loc EndOffset="606" SrcFileId="3" StartOffset="584"/>
</LocList>
</BasicStmnt>
<BasicStmnt CovItemId="S3" CovItemPrefix="Dominion.Play.java" Intrnl_Id="448">
<LocList>
<Loc EndOffset="647" SrcFileId="3" StartOffset="614"/>
</LocList>
</BasicStmnt>
<LoopStmnt CovItemId="S4" CovItemPrefix="Dominion.Play.java" Intrnl_Id="449" MltplExecId="L1-2" MltplExecPrefix="Dominion.Play.java" NvrExecId="L1-0" NvrExecPrefix="Dominion.Play.java" OnceExecutedId="L1-1" OnceExecutedPrefix="Dominion.Play.java" OptBodyExec="true">
<StmntSeq Intrnl_Id="450">
<LocList>
<Loc EndOffset="717" SrcFileId="3" StartOffset="692"/>
</LocList>
<BasicStmnt CovItemId="S5" CovItemPrefix="Dominion.Play.java" Intrnl_Id="451">
<LocList>
<Loc EndOffset="717" SrcFileId="3" StartOffset="692"/>
</LocList>
</BasicStmnt>
</StmntSeq>
<Keyword EndOffset="658" SrcFileId="3" StartOffset="655"/>
<LocList>
<Loc EndOffset="722" SrcFileId="3" StartOffset="655"/>
</LocList>
</LoopStmnt>
<BasicStmnt CovItemId="S6" CovItemPrefix="Dominion.Play.java" Intrnl_Id="452">
<LocList>
<Loc EndOffset="763" SrcFileId="3" StartOffset="730"/>
</LocList>
</BasicStmnt>
<BasicStmnt CovItemId="S7" CovItemPrefix="Dominion.Play.java" Intrnl_Id="453">
<LocList>
<Loc EndOffset="800" SrcFileId="3" StartOffset="767"/>
</LocList>
</BasicStmnt>
<BasicStmnt CovItemId="S8" CovItemPrefix="Dominion.Play.java" Intrnl_Id="454">
<LocList>
<Loc EndOffset="831" SrcFileId="3" StartOffset="808"/>
</LocList>
</BasicStmnt>
<BasicStmnt CovItemId="S9" CovItemPrefix="Dominion.Play.java" Intrnl_Id="455">
<LocList>
<Loc EndOffset="848" SrcFileId="3" StartOffset="835"/>
</LocList>
</BasicStmnt>
<CondStmnt CovItemId="S10" CovItemPrefix="Dominion.Play.java" Intrnl_Id="456">
<Branch CovItemId="B1" CovItemPrefix="Dominion.Play.java" Implct="false" Intrnl_Id="457">
<Cond/>
<LocList>
<Loc EndOffset="1137" SrcFileId="3" StartOffset="876"/>
</LocList>
<StmntSeq Intrnl_Id="458">
<LocList>
<Loc EndOffset="1132" SrcFileId="3" StartOffset="882"/>
</LocList>
<LoopStmnt CovItemId="S11" CovItemPrefix="Dominion.Play.java" Intrnl_Id="459" MltplExecId="L2-2" MltplExecPrefix="Dominion.Play.java" NvrExecId="L2-0" NvrExecPrefix="Dominion.Play.java" OnceExecutedId="L2-1" OnceExecutedPrefix="Dominion.Play.java" OptBodyExec="true">
<StmntSeq Intrnl_Id="460">
<LocList>
<Loc EndOffset="936" SrcFileId="3" StartOffset="917"/>
<Loc EndOffset="969" SrcFileId="3" StartOffset="942"/>
<Loc EndOffset="982" SrcFileId="3" StartOffset="975"/>
<Loc EndOffset="1017" SrcFileId="3" StartOffset="988"/>
<Loc EndOffset="1126" SrcFileId="3" StartOffset="1023"/>
</LocList>
<BasicStmnt CovItemId="S12" CovItemPrefix="Dominion.Play.java" Intrnl_Id="461">
<LocList>
<Loc EndOffset="936" SrcFileId="3" StartOffset="917"/>
</LocList>
</BasicStmnt>
<BasicStmnt CovItemId="S13" CovItemPrefix="Dominion.Play.java" Intrnl_Id="462">
<LocList>
<Loc EndOffset="969" SrcFileId="3" StartOffset="942"/>
</LocList>
</BasicStmnt>
<BasicStmnt CovItemId="S14" CovItemPrefix="Dominion.Play.java" Intrnl_Id="463">
<LocList>
<Loc EndOffset="982" SrcFileId="3" StartOffset="975"/>
</LocList>
</BasicStmnt>
<CondStmnt CovItemId="S15" CovItemPrefix="Dominion.Play.java" Intrnl_Id="464">
<Branch CovItemId="B3" CovItemPrefix="Dominion.Play.java" Implct="false" Intrnl_Id="465">
<Cond/>
<LocList>
<Loc EndOffset="1017" SrcFileId="3" StartOffset="1008"/>
</LocList>
<StmntSeq Intrnl_Id="466">
<LocList>
<Loc EndOffset="1017" SrcFileId="3" StartOffset="1008"/>
</LocList>
<BasicStmnt CovItemId="S16" CovItemPrefix="Dominion.Play.java" Intrnl_Id="467">
<LocList>
<Loc EndOffset="1017" SrcFileId="3" StartOffset="1008"/>
</LocList>
</BasicStmnt>
</StmntSeq>
</Branch>
<Branch CovItemId="B4" CovItemPrefix="Dominion.Play.java" Implct="true" Intrnl_Id="468">
<Cond/>
<LocList/>
<StmntSeq Intrnl_Id="469">
<LocList/>
</StmntSeq>
</Branch>
<Keyword EndOffset="990" SrcFileId="3" StartOffset="988"/>
<LocList>
<Loc EndOffset="1017" SrcFileId="3" StartOffset="988"/>
</LocList>
</CondStmnt>
<CondStmnt CovItemId="S17" CovItemPrefix="Dominion.Play.java" Intrnl_Id="470">
<Branch CovItemId="B5" CovItemPrefix="Dominion.Play.java" Implct="false" Intrnl_Id="471">
<Cond/>
<LocList>
<Loc EndOffset="1126" SrcFileId="3" StartOffset="1053"/>
</LocList>
<StmntSeq Intrnl_Id="472">
<LocList>
<Loc EndOffset="1096" SrcFileId="3" StartOffset="1061"/>
<Loc EndOffset="1119" SrcFileId="3" StartOffset="1103"/>
</LocList>
<BasicStmnt CovItemId="S18" CovItemPrefix="Dominion.Play.java" Intrnl_Id="473">
<LocList>
<Loc EndOffset="1096" SrcFileId="3" StartOffset="1061"/>
</LocList>
</BasicStmnt>
<BasicStmnt CovItemId="S19" CovItemPrefix="Dominion.Play.java" Intrnl_Id="474">
<LocList>
<Loc EndOffset="1119" SrcFileId="3" StartOffset="1103"/>
</LocList>
</BasicStmnt>
</StmntSeq>
</Branch>
<Branch CovItemId="B6" CovItemPrefix="Dominion.Play.java" Implct="true" Intrnl_Id="475">
<Cond/>
<LocList/>
<StmntSeq Intrnl_Id="476">
<LocList/>
</StmntSeq>
</Branch>
<Keyword EndOffset="1025" SrcFileId="3" StartOffset="1023"/>
<LocList>
<Loc EndOffset="1126" SrcFileId="3" StartOffset="1023"/>
</LocList>
</CondStmnt>
</StmntSeq>
<Keyword EndOffset="887" SrcFileId="3" StartOffset="882"/>
<LocList>
<Loc EndOffset="1132" SrcFileId="3" StartOffset="882"/>
</LocList>
</LoopStmnt>
</StmntSeq>
</Branch>
<Branch CovItemId="B2" CovItemPrefix="Dominion.Play.java" Implct="false" Intrnl_Id="477">
<Cond>
<Loc EndOffset="1145" SrcFileId="3" StartOffset="1141"/>
</Cond>
<LocList>
<Loc EndOffset="1321" SrcFileId="3" StartOffset="1149"/>
</LocList>
<StmntSeq Intrnl_Id="478">
<LocList>
<Loc EndOffset="1311" SrcFileId="3" StartOffset="1155"/>
</LocList>
<LoopStmnt CovItemId="S20" CovItemPrefix="Dominion.Play.java" Intrnl_Id="479" MltplExecId="L3-2" MltplExecPrefix="Dominion.Play.java" NvrExecId="L3-0" NvrExecPrefix="Dominion.Play.java" OnceExecutedId="L3-1" OnceExecutedPrefix="Dominion.Play.java" OptBodyExec="true">
<StmntSeq Intrnl_Id="480">
<LocList>
<Loc EndOffset="1209" SrcFileId="3" StartOffset="1185"/>
<Loc EndOffset="1242" SrcFileId="3" StartOffset="1215"/>
<Loc EndOffset="1255" SrcFileId="3" StartOffset="1248"/>
<Loc EndOffset="1290" SrcFileId="3" StartOffset="1261"/>
<Loc EndOffset="1305" SrcFileId="3" StartOffset="1296"/>
</LocList>
<BasicStmnt CovItemId="S21" CovItemPrefix="Dominion.Play.java" Intrnl_Id="481">
<LocList>
<Loc EndOffset="1209" SrcFileId="3" StartOffset="1185"/>
</LocList>
</BasicStmnt>
<BasicStmnt CovItemId="S22" CovItemPrefix="Dominion.Play.java" Intrnl_Id="482">
<LocList>
<Loc EndOffset="1242" SrcFileId="3" StartOffset="1215"/>
</LocList>
</BasicStmnt>
<BasicStmnt CovItemId="S23" CovItemPrefix="Dominion.Play.java" Intrnl_Id="483">
<LocList>
<Loc EndOffset="1255" SrcFileId="3" StartOffset="1248"/>
</LocList>
</BasicStmnt>
<CondStmnt CovItemId="S24" CovItemPrefix="Dominion.Play.java" Intrnl_Id="484">
<Branch CovItemId="B7" CovItemPrefix="Dominion.Play.java" Implct="false" Intrnl_Id="485">
<Cond/>
<LocList>
<Loc EndOffset="1290" SrcFileId="3" StartOffset="1281"/>
</LocList>
<StmntSeq Intrnl_Id="486">
<LocList>
<Loc EndOffset="1290" SrcFileId="3" StartOffset="1281"/>
</LocList>
<BasicStmnt CovItemId="S25" CovItemPrefix="Dominion.Play.java" Intrnl_Id="487">
<LocList>
<Loc EndOffset="1290" SrcFileId="3" StartOffset="1281"/>
</LocList>
</BasicStmnt>
</StmntSeq>
</Branch>
<Branch CovItemId="B8" CovItemPrefix="Dominion.Play.java" Implct="true" Intrnl_Id="488">
<Cond/>
<LocList/>
<StmntSeq Intrnl_Id="489">
<LocList/>
</StmntSeq>
</Branch>
<Keyword EndOffset="1263" SrcFileId="3" StartOffset="1261"/>
<LocList>
<Loc EndOffset="1290" SrcFileId="3" StartOffset="1261"/>
</LocList>
</CondStmnt>
<BasicStmnt CovItemId="S26" CovItemPrefix="Dominion.Play.java" Intrnl_Id="490">
<LocList>
<Loc EndOffset="1305" SrcFileId="3" StartOffset="1296"/>
</LocList>
</BasicStmnt>
</StmntSeq>
<Keyword EndOffset="1160" SrcFileId="3" StartOffset="1155"/>
<LocList>
<Loc EndOffset="1311" SrcFileId="3" StartOffset="1155"/>
</LocList>
</LoopStmnt>
</StmntSeq>
</Branch>
<Keyword EndOffset="858" SrcFileId="3" StartOffset="856"/>
<LocList>
<Loc EndOffset="1321" SrcFileId="3" StartOffset="856"/>
</LocList>
</CondStmnt>
<LoopStmnt CovItemId="S27" CovItemPrefix="Dominion.Play.java" Intrnl_Id="491" MltplExecId="L4-2" MltplExecPrefix="Dominion.Play.java" NvrExecId="L4-0" NvrExecPrefix="Dominion.Play.java" OnceExecutedId="L4-1" OnceExecutedPrefix="Dominion.Play.java" OptBodyExec="true">
<StmntSeq Intrnl_Id="492">
<LocList>
<Loc EndOffset="1432" SrcFileId="3" StartOffset="1373"/>
<Loc EndOffset="1472" SrcFileId="3" StartOffset="1437"/>
<Loc EndOffset="1512" SrcFileId="3" StartOffset="1477"/>
<Loc EndOffset="1956" SrcFileId="3" StartOffset="1517"/>
</LocList>
<BasicStmnt CovItemId="S28" CovItemPrefix="Dominion.Play.java" Intrnl_Id="493">
<LocList>
<Loc EndOffset="1432" SrcFileId="3" StartOffset="1373"/>
</LocList>
</BasicStmnt>
<BasicStmnt CovItemId="S29" CovItemPrefix="Dominion.Play.java" Intrnl_Id="494">
<LocList>
<Loc EndOffset="1472" SrcFileId="3" StartOffset="1437"/>
</LocList>
</BasicStmnt>
<BasicStmnt CovItemId="S30" CovItemPrefix="Dominion.Play.java" Intrnl_Id="495">
<LocList>
<Loc EndOffset="1512" SrcFileId="3" StartOffset="1477"/>
</LocList>
</BasicStmnt>
<LoopStmnt CovItemId="S31" CovItemPrefix="Dominion.Play.java" Intrnl_Id="496" MltplExecId="L5-2" MltplExecPrefix="Dominion.Play.java" NvrExecId="L5-0" NvrExecPrefix="Dominion.Play.java" OnceExecutedId="L5-1" OnceExecutedPrefix="Dominion.Play.java" OptBodyExec="true">
<StmntSeq Intrnl_Id="497">
<LocList>
<Loc EndOffset="1950" SrcFileId="3" StartOffset="1578"/>
</LocList>
<CondStmnt CovItemId="S32" CovItemPrefix="Dominion.Play.java" Intrnl_Id="498">
<Branch CovItemId="B9" CovItemPrefix="Dominion.Play.java" Implct="false" Intrnl_Id="499">
<Cond/>
<LocList>
<Loc EndOffset="1745" SrcFileId="3" StartOffset="1689"/>
</LocList>
<StmntSeq Intrnl_Id="500">
<LocList>
<Loc EndOffset="1745" SrcFileId="3" StartOffset="1689"/>
</LocList>
<BasicStmnt CovItemId="S33" CovItemPrefix="Dominion.Play.java" Intrnl_Id="501">
<LocList>
<Loc EndOffset="1745" SrcFileId="3" StartOffset="1689"/>
</LocList>
</BasicStmnt>
</StmntSeq>
</Branch>
<Branch CovItemId="B10" CovItemPrefix="Dominion.Play.java" Implct="false" Intrnl_Id="502">
<Cond>
<Loc EndOffset="1755" SrcFileId="3" StartOffset="1751"/>
</Cond>
<LocList>
<Loc EndOffset="1950" SrcFileId="3" StartOffset="1756"/>
</LocList>
<StmntSeq Intrnl_Id="503">
<LocList>
<Loc EndOffset="1950" SrcFileId="3" StartOffset="1756"/>
</LocList>
<CondStmnt CovItemId="S34" CovItemPrefix="Dominion.Play.java" Intrnl_Id="504">
<Branch CovItemId="B11" CovItemPrefix="Dominion.Play.java" Implct="false" Intrnl_Id="505">
<Cond/>
<LocList>
<Loc EndOffset="1861" SrcFileId="3" StartOffset="1814"/>
</LocList>
<StmntSeq Intrnl_Id="506">
<LocList>
<Loc EndOffset="1861" SrcFileId="3" StartOffset="1814"/>
</LocList>
<BasicStmnt CovItemId="S35" CovItemPrefix="Dominion.Play.java" Intrnl_Id="507">
<LocList>
<Loc EndOffset="1861" SrcFileId="3" StartOffset="1814"/>
</LocList>
</BasicStmnt>
</StmntSeq>
</Branch>
<Branch CovItemId="B12" CovItemPrefix="Dominion.Play.java" Implct="false" Intrnl_Id="508">
<Cond>
<Loc EndOffset="1871" SrcFileId="3" StartOffset="1867"/>
</Cond>
<LocList>
<Loc EndOffset="1950" SrcFileId="3" StartOffset="1872"/>
</LocList>
<StmntSeq Intrnl_Id="509">
<LocList>
<Loc EndOffset="1950" SrcFileId="3" StartOffset="1872"/>
</LocList>
<CondStmnt CovItemId="S36" CovItemPrefix="Dominion.Play.java" Intrnl_Id="510">
<Branch CovItemId="B13" CovItemPrefix="Dominion.Play.java" Implct="false" Intrnl_Id="511">
<Cond/>
<LocList>
<Loc EndOffset="1950" SrcFileId="3" StartOffset="1928"/>
</LocList>
<StmntSeq Intrnl_Id="512">
<LocList>
<Loc EndOffset="1950" SrcFileId="3" StartOffset="1928"/>
</LocList>
<BasicStmnt CovItemId="S37" CovItemPrefix="Dominion.Play.java" Intrnl_Id="513">
<LocList>
<Loc EndOffset="1950" SrcFileId="3" StartOffset="1928"/>
</LocList>
</BasicStmnt>
</StmntSeq>
</Branch>
<Branch CovItemId="B14" CovItemPrefix="Dominion.Play.java" Implct="true" Intrnl_Id="514">
<Cond/>
<LocList/>
<StmntSeq Intrnl_Id="515">
<LocList/>
</StmntSeq>
</Branch>
<Keyword EndOffset="1874" SrcFileId="3" StartOffset="1872"/>
<LocList>
<Loc EndOffset="1950" SrcFileId="3" StartOffset="1872"/>
</LocList>
</CondStmnt>
</StmntSeq>
</Branch>
<Keyword EndOffset="1758" SrcFileId="3" StartOffset="1756"/>
<LocList>
<Loc EndOffset="1950" SrcFileId="3" StartOffset="1756"/>
</LocList>
</CondStmnt>
</StmntSeq>
</Branch>
<Keyword EndOffset="1580" SrcFileId="3" StartOffset="1578"/>
<LocList>
<Loc EndOffset="1950" SrcFileId="3" StartOffset="1578"/>
</LocList>
</CondStmnt>
</StmntSeq>
<Keyword EndOffset="1520" SrcFileId="3" StartOffset="1517"/>
<LocList>
<Loc EndOffset="1956" SrcFileId="3" StartOffset="1517"/>
</LocList>
</LoopStmnt>
</StmntSeq>
<Keyword EndOffset="1332" SrcFileId="3" StartOffset="1329"/>
<LocList>
<Loc EndOffset="1961" SrcFileId="3" StartOffset="1329"/>
</LocList>
</LoopStmnt>
<CondStmnt CovItemId="S38" CovItemPrefix="Dominion.Play.java" Intrnl_Id="516">
<Branch CovItemId="B15" CovItemPrefix="Dominion.Play.java" Implct="false" Intrnl_Id="517">
<Cond/>
<LocList>
<Loc EndOffset="2146" SrcFileId="3" StartOffset="2015"/>
</LocList>
<StmntSeq Intrnl_Id="518">
<LocList>
<Loc EndOffset="2146" SrcFileId="3" StartOffset="2015"/>
</LocList>
<BasicStmnt CovItemId="S39" CovItemPrefix="Dominion.Play.java" Intrnl_Id="519">
<LocList>
<Loc EndOffset="2146" SrcFileId="3" StartOffset="2015"/>
</LocList>
</BasicStmnt>
</StmntSeq>
</Branch>
<Branch CovItemId="B16" CovItemPrefix="Dominion.Play.java" Implct="false" Intrnl_Id="520">
<Cond>
<Loc EndOffset="2154" SrcFileId="3" StartOffset="2150"/>
</Cond>
<LocList>
<Loc EndOffset="2291" SrcFileId="3" StartOffset="2160"/>
</LocList>
<StmntSeq Intrnl_Id="521">
<LocList>
<Loc EndOffset="2291" SrcFileId="3" StartOffset="2160"/>
</LocList>
<BasicStmnt CovItemId="S40" CovItemPrefix="Dominion.Play.java" Intrnl_Id="522">
<LocList>
<Loc EndOffset="2291" SrcFileId="3" StartOffset="2160"/>
</LocList>
</BasicStmnt>
</StmntSeq>
</Branch>
<Keyword EndOffset="1971" SrcFileId="3" StartOffset="1969"/>
<LocList>
<Loc EndOffset="2291" SrcFileId="3" StartOffset="1969"/>
</LocList>
</CondStmnt>
<BasicStmnt CovItemId="S41" CovItemPrefix="Dominion.Play.java" Intrnl_Id="523">
<LocList>
<Loc EndOffset="2309" SrcFileId="3" StartOffset="2295"/>
</LocList>
</BasicStmnt>
</StmntSeq>
</HierarchyLvl>
</HierarchyLvl>
<HierarchyLvl HierarchyLvlId="1186" HierarchyLvlTypeId="8" Intrnl_Id="524" Name="Player">
<Header>
<Loc EndOffset="61" SrcFileId="4" StartOffset="42"/>
</Header>
<LocList>
<Loc EndOffset="12140" SrcFileId="4" StartOffset="42"/>
</LocList>
<StmntSeq Intrnl_Id="525">
<LocList>
<Loc EndOffset="239" SrcFileId="4" StartOffset="132"/>
<Loc EndOffset="293" SrcFileId="4" StartOffset="245"/>
</LocList>
<BasicStmnt CovItemId="S1" CovItemPrefix="Dominion.Player.java" Intrnl_Id="526">
<LocList>
<Loc EndOffset="239" SrcFileId="4" StartOffset="132"/>
</LocList>
</BasicStmnt>
<BasicStmnt CovItemId="S2" CovItemPrefix="Dominion.Player.java" Intrnl_Id="527">
<LocList>
<Loc EndOffset="293" SrcFileId="4" StartOffset="245"/>
</LocList>
</BasicStmnt>
</StmntSeq>
<HierarchyLvl HierarchyLvlId="1175" HierarchyLvlTypeId="7" Intrnl_Id="528" Name="readCards">
<Header>
<Loc EndOffset="341" SrcFileId="4" StartOffset="299"/>
</Header>
<LocList>
<Loc EndOffset="441" SrcFileId="4" StartOffset="299"/>
</LocList>
<StmntSeq Intrnl_Id="529">
<LocList>
<Loc EndOffset="437" SrcFileId="4" StartOffset="349"/>
</LocList>
<LoopStmnt CovItemId="S3" CovItemPrefix="Dominion.Player.java" Intrnl_Id="530" MltplExecId="L1-2" MltplExecPrefix="Dominion.Player.java" NvrExecId="L1-0" NvrExecPrefix="Dominion.Player.java" OnceExecutedId="L1-1" OnceExecutedPrefix="Dominion.Player.java" OptBodyExec="true">
<StmntSeq Intrnl_Id="531">
<LocList>
<Loc EndOffset="432" SrcFileId="4" StartOffset="393"/>
</LocList>
<BasicStmnt CovItemId="S4" CovItemPrefix="Dominion.Player.java" Intrnl_Id="532">
<LocList>
<Loc EndOffset="432" SrcFileId="4" StartOffset="393"/>
</LocList>
</BasicStmnt>
</StmntSeq>
<Keyword EndOffset="352" SrcFileId="4" StartOffset="349"/>
<LocList>
<Loc EndOffset="437" SrcFileId="4" StartOffset="349"/>
</LocList>
</LoopStmnt>
</StmntSeq>
</HierarchyLvl>
<HierarchyLvl HierarchyLvlId="1176" HierarchyLvlTypeId="7" Intrnl_Id="533" Name="getMoney">
<Header>
<Loc EndOffset="551" SrcFileId="4" StartOffset="527"/>
</Header>
<LocList>
<Loc EndOffset="866" SrcFileId="4" StartOffset="527"/>
</LocList>
<StmntSeq Intrnl_Id="534">
<LocList>
<Loc EndOffset="574" SrcFileId="4" StartOffset="559"/>
<Loc EndOffset="842" SrcFileId="4" StartOffset="578"/>
<Loc EndOffset="862" SrcFileId="4" StartOffset="848"/>
</LocList>
<BasicStmnt CovItemId="S5" CovItemPrefix="Dominion.Player.java" Intrnl_Id="535">
<LocList>
<Loc EndOffset="574" SrcFileId="4" StartOffset="559"/>
</LocList>
</BasicStmnt>
<LoopStmnt CovItemId="S6" CovItemPrefix="Dominion.Player.java" Intrnl_Id="536" MltplExecId="L2-2" MltplExecPrefix="Dominion.Player.java" NvrExecId="L2-0" NvrExecPrefix="Dominion.Player.java" OnceExecutedId="L2-1" OnceExecutedPrefix="Dominion.Player.java" OptBodyExec="true">
<StmntSeq Intrnl_Id="537">
<LocList>
<Loc EndOffset="693" SrcFileId="4" StartOffset="625"/>
<Loc EndOffset="766" SrcFileId="4" StartOffset="698"/>
<Loc EndOffset="837" SrcFileId="4" StartOffset="771"/>
</LocList>
<CondStmnt CovItemId="S7" CovItemPrefix="Dominion.Player.java" Intrnl_Id="538">
<Branch CovItemId="B1" CovItemPrefix="Dominion.Player.java" Implct="false" Intrnl_Id="539">
<Cond/>
<LocList>
<Loc EndOffset="693" SrcFileId="4" StartOffset="668"/>
</LocList>
<StmntSeq Intrnl_Id="540">
<LocList>
<Loc EndOffset="687" SrcFileId="4" StartOffset="675"/>
</LocList>
<BasicStmnt CovItemId="S8" CovItemPrefix="Dominion.Player.java" Intrnl_Id="541">
<LocList>
<Loc EndOffset="687" SrcFileId="4" StartOffset="675"/>
</LocList>
</BasicStmnt>
</StmntSeq>
</Branch>
<Branch CovItemId="B2" CovItemPrefix="Dominion.Player.java" Implct="true" Intrnl_Id="542">
<Cond/>
<LocList/>
<StmntSeq Intrnl_Id="543">
<LocList/>
</StmntSeq>
</Branch>
<Keyword EndOffset="627" SrcFileId="4" StartOffset="625"/>
<LocList>
<Loc EndOffset="693" SrcFileId="4" StartOffset="625"/>
</LocList>
</CondStmnt>
<CondStmnt CovItemId="S9" CovItemPrefix="Dominion.Player.java" Intrnl_Id="544">
<Branch CovItemId="B3" CovItemPrefix="Dominion.Player.java" Implct="false" Intrnl_Id="545">
<Cond/>
<LocList>
<Loc EndOffset="766" SrcFileId="4" StartOffset="741"/>
</LocList>
<StmntSeq Intrnl_Id="546">
<LocList>
<Loc EndOffset="760" SrcFileId="4" StartOffset="748"/>
</LocList>
<BasicStmnt CovItemId="S10" CovItemPrefix="Dominion.Player.java" Intrnl_Id="547">
<LocList>
<Loc EndOffset="760" SrcFileId="4" StartOffset="748"/>
</LocList>
</BasicStmnt>
</StmntSeq>
</Branch>
<Branch CovItemId="B4" CovItemPrefix="Dominion.Player.java" Implct="true" Intrnl_Id="548">
<Cond/>
<LocList/>
<StmntSeq Intrnl_Id="549">
<LocList/>
</StmntSeq>
</Branch>
<Keyword EndOffset="700" SrcFileId="4" StartOffset="698"/>
<LocList>
<Loc EndOffset="766" SrcFileId="4" StartOffset="698"/>
</LocList>
</CondStmnt>
<CondStmnt CovItemId="S11" CovItemPrefix="Dominion.Player.java" Intrnl_Id="550">
<Branch CovItemId="B5" CovItemPrefix="Dominion.Player.java" Implct="false" Intrnl_Id="551">
<Cond/>
<LocList>
<Loc EndOffset="837" SrcFileId="4" StartOffset="812"/>
</LocList>
<StmntSeq Intrnl_Id="552">
<LocList>
<Loc EndOffset="831" SrcFileId="4" StartOffset="819"/>
</LocList>
<BasicStmnt CovItemId="S12" CovItemPrefix="Dominion.Player.java" Intrnl_Id="553">
<LocList>
<Loc EndOffset="831" SrcFileId="4" StartOffset="819"/>
</LocList>
</BasicStmnt>
</StmntSeq>
</Branch>
<Branch CovItemId="B6" CovItemPrefix="Dominion.Player.java" Implct="true" Intrnl_Id="554">
<Cond/>
<LocList/>
<StmntSeq Intrnl_Id="555">
<LocList/>
</StmntSeq>
</Branch>
<Keyword EndOffset="773" SrcFileId="4" StartOffset="771"/>
<LocList>
<Loc EndOffset="837" SrcFileId="4" StartOffset="771"/>
</LocList>
</CondStmnt>
</StmntSeq>
<Keyword EndOffset="581" SrcFileId="4" StartOffset="578"/>
<LocList>
<Loc EndOffset="842" SrcFileId="4" StartOffset="578"/>
</LocList>
</LoopStmnt>
<BasicStmnt CovItemId="S13" CovItemPrefix="Dominion.Player.java" Intrnl_Id="556">
<LocList>
<Loc EndOffset="862" SrcFileId="4" StartOffset="848"/>
</LocList>
</BasicStmnt>
</StmntSeq>
</HierarchyLvl>
<HierarchyLvl HierarchyLvlId="1177" HierarchyLvlTypeId="7" Intrnl_Id="557" Name="turn">
<Header>
<Loc EndOffset="914" SrcFileId="4" StartOffset="875"/>
</Header>
<LocList>
<Loc EndOffset="3222" SrcFileId="4" StartOffset="875"/>
</LocList>
<StmntSeq Intrnl_Id="558">
<LocList>
<Loc EndOffset="998" SrcFileId="4" StartOffset="923"/>
<Loc EndOffset="1078" SrcFileId="4" StartOffset="1002"/>
<Loc EndOffset="1098" SrcFileId="4" StartOffset="1082"/>
<Loc EndOffset="1114" SrcFileId="4" StartOffset="1102"/>
<Loc EndOffset="1132" SrcFileId="4" StartOffset="1118"/>
<Loc EndOffset="1181" SrcFileId="4" StartOffset="1157"/>
<Loc EndOffset="1978" SrcFileId="4" StartOffset="1281"/>
<Loc EndOffset="2218" SrcFileId="4" StartOffset="2195"/>
<Loc EndOffset="2932" SrcFileId="4" StartOffset="2222"/>
<Loc EndOffset="3083" SrcFileId="4" StartOffset="3014"/>
<Loc EndOffset="3105" SrcFileId="4" StartOffset="3088"/>
<Loc EndOffset="3122" SrcFileId="4" StartOffset="3110"/>
<Loc EndOffset="3208" SrcFileId="4" StartOffset="3127"/>
</LocList>
<BasicStmnt CovItemId="S14" CovItemPrefix="Dominion.Player.java" Intrnl_Id="559">
<LocList>
<Loc EndOffset="998" SrcFileId="4" StartOffset="923"/>
</LocList>
</BasicStmnt>
<BasicStmnt CovItemId="S15" CovItemPrefix="Dominion.Player.java" Intrnl_Id="560">
<LocList>
<Loc EndOffset="1078" SrcFileId="4" StartOffset="1002"/>
</LocList>
</BasicStmnt>
<BasicStmnt CovItemId="S16" CovItemPrefix="Dominion.Player.java" Intrnl_Id="561">
<LocList>
<Loc EndOffset="1098" SrcFileId="4" StartOffset="1082"/>
</LocList>
</BasicStmnt>
<BasicStmnt CovItemId="S17" CovItemPrefix="Dominion.Player.java" Intrnl_Id="562">
<LocList>
<Loc EndOffset="1114" SrcFileId="4" StartOffset="1102"/>
</LocList>
</BasicStmnt>
<BasicStmnt CovItemId="S18" CovItemPrefix="Dominion.Player.java" Intrnl_Id="563">
<LocList>
<Loc EndOffset="1132" SrcFileId="4" StartOffset="1118"/>
</LocList>
</BasicStmnt>
<BasicStmnt CovItemId="S19" CovItemPrefix="Dominion.Player.java" Intrnl_Id="564">
<LocList>
<Loc EndOffset="1181" SrcFileId="4" StartOffset="1157"/>
</LocList>
</BasicStmnt>
<LoopStmnt CovItemId="S20" CovItemPrefix="Dominion.Player.java" Intrnl_Id="565" MltplExecId="L3-2" MltplExecPrefix="Dominion.Player.java" NvrExecId="L3-0" NvrExecPrefix="Dominion.Player.java" OnceExecutedId="L3-1" OnceExecutedPrefix="Dominion.Player.java" OptBodyExec="true">
<StmntSeq Intrnl_Id="566">
<LocList>
<Loc EndOffset="1378" SrcFileId="4" StartOffset="1310"/>
<Loc EndOffset="1478" SrcFileId="4" StartOffset="1445"/>
<Loc EndOffset="1613" SrcFileId="4" StartOffset="1483"/>
<Loc EndOffset="1652" SrcFileId="4" StartOffset="1623"/>
<Loc EndOffset="1953" SrcFileId="4" StartOffset="1662"/>
<Loc EndOffset="1973" SrcFileId="4" StartOffset="1963"/>
</LocList>
<BasicStmnt CovItemId="S21" CovItemPrefix="Dominion.Player.java" Intrnl_Id="567">
<LocList>
<Loc EndOffset="1378" SrcFileId="4" StartOffset="1310"/>
</LocList>
</BasicStmnt>
<BasicStmnt CovItemId="S22" CovItemPrefix="Dominion.Player.java" Intrnl_Id="568">
<LocList>
<Loc EndOffset="1478" SrcFileId="4" StartOffset="1445"/>
</LocList>
</BasicStmnt>
<LoopStmnt CovItemId="S23" CovItemPrefix="Dominion.Player.java" Intrnl_Id="569" MltplExecId="L4-2" MltplExecPrefix="Dominion.Player.java" NvrExecId="L4-0" NvrExecPrefix="Dominion.Player.java" OnceExecutedId="L4-1" OnceExecutedPrefix="Dominion.Player.java" OptBodyExec="true">
<StmntSeq Intrnl_Id="570">
<LocList>
<Loc EndOffset="1607" SrcFileId="4" StartOffset="1532"/>
</LocList>
<CondStmnt CovItemId="S24" CovItemPrefix="Dominion.Player.java" Intrnl_Id="571">
<Branch CovItemId="B7" CovItemPrefix="Dominion.Player.java" Implct="false" Intrnl_Id="572">
<Cond/>
<LocList>
<Loc EndOffset="1607" SrcFileId="4" StartOffset="1578"/>
</LocList>
<StmntSeq Intrnl_Id="573">
<LocList>
<Loc EndOffset="1607" SrcFileId="4" StartOffset="1578"/>
</LocList>
<BasicStmnt CovItemId="S25" CovItemPrefix="Dominion.Player.java" Intrnl_Id="574">
<LocList>
<Loc EndOffset="1607" SrcFileId="4" StartOffset="1578"/>
</LocList>
</BasicStmnt>
</StmntSeq>
</Branch>
<Branch CovItemId="B8" CovItemPrefix="Dominion.Player.java" Implct="true" Intrnl_Id="575">
<Cond/>
<LocList/>
<StmntSeq Intrnl_Id="576">
<LocList/>
</StmntSeq>
</Branch>
<Keyword EndOffset="1534" SrcFileId="4" StartOffset="1532"/>
<LocList>
<Loc EndOffset="1607" SrcFileId="4" StartOffset="1532"/>
</LocList>
</CondStmnt>
</StmntSeq>
<Keyword EndOffset="1486" SrcFileId="4" StartOffset="1483"/>
<LocList>
<Loc EndOffset="1613" SrcFileId="4" StartOffset="1483"/>
</LocList>
</LoopStmnt>
<BasicStmnt CovItemId="S26" CovItemPrefix="Dominion.Player.java" Intrnl_Id="577">
<LocList>
<Loc EndOffset="1652" SrcFileId="4" StartOffset="1623"/>
</LocList>
</BasicStmnt>
<CondStmnt CovItemId="S27" CovItemPrefix="Dominion.Player.java" Intrnl_Id="578">
<Branch CovItemId="B9" CovItemPrefix="Dominion.Player.java" Implct="false" Intrnl_Id="579">
<Cond/>
<LocList>
<Loc EndOffset="1814" SrcFileId="4" StartOffset="1685"/>
</LocList>
<StmntSeq Intrnl_Id="580">
<LocList>
<Loc EndOffset="1782" SrcFileId="4" StartOffset="1695"/>
<Loc EndOffset="1808" SrcFileId="4" StartOffset="1788"/>
</LocList>
<BasicStmnt CovItemId="S28" CovItemPrefix="Dominion.Player.java" Intrnl_Id="581">
<LocList>
<Loc EndOffset="1782" SrcFileId="4" StartOffset="1695"/>
</LocList>
</BasicStmnt>
<BasicStmnt CovItemId="S29" CovItemPrefix="Dominion.Player.java" Intrnl_Id="582">
<LocList>
<Loc EndOffset="1808" SrcFileId="4" StartOffset="1788"/>
</LocList>
</BasicStmnt>
</StmntSeq>
</Branch>
<Branch CovItemId="B10" CovItemPrefix="Dominion.Player.java" Implct="false" Intrnl_Id="583">
<Cond>
<Loc EndOffset="1823" SrcFileId="4" StartOffset="1819"/>
</Cond>
<LocList>
<Loc EndOffset="1953" SrcFileId="4" StartOffset="1828"/>
</LocList>
<StmntSeq Intrnl_Id="584">
<LocList>
<Loc EndOffset="1929" SrcFileId="4" StartOffset="1835"/>
<Loc EndOffset="1947" SrcFileId="4" StartOffset="1935"/>
</LocList>
<BasicStmnt CovItemId="S30" CovItemPrefix="Dominion.Player.java" Intrnl_Id="585">
<LocList>
<Loc EndOffset="1929" SrcFileId="4" StartOffset="1835"/>
</LocList>
</BasicStmnt>
<BasicStmnt CovItemId="S31" CovItemPrefix="Dominion.Player.java" Intrnl_Id="586">
<LocList>
<Loc EndOffset="1947" SrcFileId="4" StartOffset="1935"/>
</LocList>
</BasicStmnt>
</StmntSeq>
</Branch>
<Keyword EndOffset="1664" SrcFileId="4" StartOffset="1662"/>
<LocList>
<Loc EndOffset="1953" SrcFileId="4" StartOffset="1662"/>
</LocList>
</CondStmnt>
<BasicStmnt CovItemId="S32" CovItemPrefix="Dominion.Player.java" Intrnl_Id="587">
<LocList>
<Loc EndOffset="1973" SrcFileId="4" StartOffset="1963"/>
</LocList>
</BasicStmnt>
</StmntSeq>
<Keyword EndOffset="1286" SrcFileId="4" StartOffset="1281"/>
<LocList>
<Loc EndOffset="1978" SrcFileId="4" StartOffset="1281"/>
</LocList>
</LoopStmnt>
<BasicStmnt CovItemId="S33" CovItemPrefix="Dominion.Player.java" Intrnl_Id="588">
<LocList>
<Loc EndOffset="2218" SrcFileId="4" StartOffset="2195"/>
</LocList>
</BasicStmnt>
<LoopStmnt CovItemId="S34" CovItemPrefix="Dominion.Player.java" Intrnl_Id="589" MltplExecId="L5-2" MltplExecPrefix="Dominion.Player.java" NvrExecId="L5-0" NvrExecPrefix="Dominion.Player.java" OnceExecutedId="L5-1" OnceExecutedPrefix="Dominion.Player.java" OptBodyExec="true">
<StmntSeq Intrnl_Id="590">
<LocList>
<Loc EndOffset="2318" SrcFileId="4" StartOffset="2253"/>
<Loc EndOffset="2350" SrcFileId="4" StartOffset="2323"/>
<Loc EndOffset="2438" SrcFileId="4" StartOffset="2355"/>
<Loc EndOffset="2550" SrcFileId="4" StartOffset="2521"/>
<Loc EndOffset="2873" SrcFileId="4" StartOffset="2555"/>
</LocList>
<BasicStmnt CovItemId="S35" CovItemPrefix="Dominion.Player.java" Intrnl_Id="591">
<LocList>
<Loc EndOffset="2318" SrcFileId="4" StartOffset="2253"/>
</LocList>
</BasicStmnt>
<BasicStmnt CovItemId="S36" CovItemPrefix="Dominion.Player.java" Intrnl_Id="592">
<LocList>
<Loc EndOffset="2350" SrcFileId="4" StartOffset="2323"/>
</LocList>
</BasicStmnt>
<LoopStmnt CovItemId="S37" CovItemPrefix="Dominion.Player.java" Intrnl_Id="593" MltplExecId="L6-2" MltplExecPrefix="Dominion.Player.java" NvrExecId="L6-0" NvrExecPrefix="Dominion.Player.java" OnceExecutedId="L6-1" OnceExecutedPrefix="Dominion.Player.java" OptBodyExec="true">
<StmntSeq Intrnl_Id="594">
<LocList/>
</StmntSeq>
<Keyword EndOffset="2358" SrcFileId="4" StartOffset="2355"/>
<LocList>
<Loc EndOffset="2438" SrcFileId="4" StartOffset="2355"/>
</LocList>
</LoopStmnt>
<BasicStmnt CovItemId="S38" CovItemPrefix="Dominion.Player.java" Intrnl_Id="595">
<LocList>
<Loc EndOffset="2550" SrcFileId="4" StartOffset="2521"/>
</LocList>
</BasicStmnt>
<CondStmnt CovItemId="S39" CovItemPrefix="Dominion.Player.java" Intrnl_Id="596">
<Branch CovItemId="B11" CovItemPrefix="Dominion.Player.java" Implct="false" Intrnl_Id="597">
<Cond/>
<LocList>
<Loc EndOffset="2735" SrcFileId="4" StartOffset="2578"/>
</LocList>
<StmntSeq Intrnl_Id="598">
<LocList>
<Loc EndOffset="2671" SrcFileId="4" StartOffset="2585"/>
<Loc EndOffset="2711" SrcFileId="4" StartOffset="2677"/>
<Loc EndOffset="2729" SrcFileId="4" StartOffset="2717"/>
</LocList>
<BasicStmnt CovItemId="S40" CovItemPrefix="Dominion.Player.java" Intrnl_Id="599">
<LocList>
<Loc EndOffset="2671" SrcFileId="4" StartOffset="2585"/>
</LocList>
</BasicStmnt>
<BasicStmnt CovItemId="S41" CovItemPrefix="Dominion.Player.java" Intrnl_Id="600">
<LocList>
<Loc EndOffset="2711" SrcFileId="4" StartOffset="2677"/>
</LocList>
</BasicStmnt>
<BasicStmnt CovItemId="S42" CovItemPrefix="Dominion.Player.java" Intrnl_Id="601">
<LocList>
<Loc EndOffset="2729" SrcFileId="4" StartOffset="2717"/>
</LocList>
</BasicStmnt>
</StmntSeq>
</Branch>
<Branch CovItemId="B12" CovItemPrefix="Dominion.Player.java" Implct="false" Intrnl_Id="602">
<Cond>
<Loc EndOffset="2744" SrcFileId="4" StartOffset="2740"/>
</Cond>
<LocList>
<Loc EndOffset="2873" SrcFileId="4" StartOffset="2749"/>
</LocList>
<StmntSeq Intrnl_Id="603">
<LocList>
<Loc EndOffset="2847" SrcFileId="4" StartOffset="2756"/>
<Loc EndOffset="2867" SrcFileId="4" StartOffset="2853"/>
</LocList>
<BasicStmnt CovItemId="S43" CovItemPrefix="Dominion.Player.java" Intrnl_Id="604">
<LocList>
<Loc EndOffset="2847" SrcFileId="4" StartOffset="2756"/>
</LocList>
</BasicStmnt>
<BasicStmnt CovItemId="S44" CovItemPrefix="Dominion.Player.java" Intrnl_Id="605">
<LocList>
<Loc EndOffset="2867" SrcFileId="4" StartOffset="2853"/>
</LocList>
</BasicStmnt>
</StmntSeq>
</Branch>
<Keyword EndOffset="2557" SrcFileId="4" StartOffset="2555"/>
<LocList>
<Loc EndOffset="2873" SrcFileId="4" StartOffset="2555"/>
</LocList>
</CondStmnt>
</StmntSeq>
<Keyword EndOffset="2227" SrcFileId="4" StartOffset="2222"/>
<LocList>
<Loc EndOffset="2932" SrcFileId="4" StartOffset="2222"/>
</LocList>
</LoopStmnt>
<BasicStmnt CovItemId="S45" CovItemPrefix="Dominion.Player.java" Intrnl_Id="606">
<LocList>
<Loc EndOffset="3083" SrcFileId="4" StartOffset="3014"/>
</LocList>
</BasicStmnt>
<BasicStmnt CovItemId="S46" CovItemPrefix="Dominion.Player.java" Intrnl_Id="607">
<LocList>
<Loc EndOffset="3105" SrcFileId="4" StartOffset="3088"/>
</LocList>
</BasicStmnt>
<BasicStmnt CovItemId="S47" CovItemPrefix="Dominion.Player.java" Intrnl_Id="608">
<LocList>
<Loc EndOffset="3122" SrcFileId="4" StartOffset="3110"/>
</LocList>
</BasicStmnt>
<BasicStmnt CovItemId="S48" CovItemPrefix="Dominion.Player.java" Intrnl_Id="609">
<LocList>
<Loc EndOffset="3208" SrcFileId="4" StartOffset="3127"/>
</LocList>
</BasicStmnt>
</StmntSeq>
</HierarchyLvl>
<HierarchyLvl HierarchyLvlId="1178" HierarchyLvlTypeId="7" Intrnl_Id="610" Name="shuffle">
<Header>
<Loc EndOffset="3930" SrcFileId="4" StartOffset="3891"/>
</Header>
<LocList>
<Loc EndOffset="4175" SrcFileId="4" StartOffset="3891"/>
</LocList>
<StmntSeq Intrnl_Id="611">
<LocList>
<Loc EndOffset="3969" SrcFileId="4" StartOffset="3938"/>
<Loc EndOffset="3994" SrcFileId="4" StartOffset="3973"/>
<Loc EndOffset="4154" SrcFileId="4" StartOffset="4002"/>
<Loc EndOffset="4171" SrcFileId="4" StartOffset="4162"/>
</LocList>
<BasicStmnt CovItemId="S49" CovItemPrefix="Dominion.Player.java" Intrnl_Id="612">
<LocList>
<Loc EndOffset="3969" SrcFileId="4" StartOffset="3938"/>
</LocList>
</BasicStmnt>
<BasicStmnt CovItemId="S50" CovItemPrefix="Dominion.Player.java" Intrnl_Id="613">
<LocList>
<Loc EndOffset="3994" SrcFileId="4" StartOffset="3973"/>
</LocList>
</BasicStmnt>
<LoopStmnt CovItemId="S51" CovItemPrefix="Dominion.Player.java" Intrnl_Id="614" MltplExecId="L7-2" MltplExecPrefix="Dominion.Player.java" NvrExecId="L7-0" NvrExecPrefix="Dominion.Player.java" OnceExecutedId="L7-1" OnceExecutedPrefix="Dominion.Player.java" OptBodyExec="true">
<StmntSeq Intrnl_Id="615">
<LocList>
<Loc EndOffset="4067" SrcFileId="4" StartOffset="4043"/>
<Loc EndOffset="4109" SrcFileId="4" StartOffset="4084"/>
<Loc EndOffset="4131" SrcFileId="4" StartOffset="4114"/>
<Loc EndOffset="4149" SrcFileId="4" StartOffset="4136"/>
</LocList>
<BasicStmnt CovItemId="S52" CovItemPrefix="Dominion.Player.java" Intrnl_Id="616">
<LocList>
<Loc EndOffset="4067" SrcFileId="4" StartOffset="4043"/>
</LocList>
</BasicStmnt>
<BasicStmnt CovItemId="S53" CovItemPrefix="Dominion.Player.java" Intrnl_Id="617">
<LocList>
<Loc EndOffset="4109" SrcFileId="4" StartOffset="4084"/>
</LocList>
</BasicStmnt>
<BasicStmnt CovItemId="S54" CovItemPrefix="Dominion.Player.java" Intrnl_Id="618">
<LocList>
<Loc EndOffset="4131" SrcFileId="4" StartOffset="4114"/>
</LocList>
</BasicStmnt>
<BasicStmnt CovItemId="S55" CovItemPrefix="Dominion.Player.java" Intrnl_Id="619">
<LocList>
<Loc EndOffset="4149" SrcFileId="4" StartOffset="4136"/>
</LocList>
</BasicStmnt>
</StmntSeq>
<Keyword EndOffset="4005" SrcFileId="4" StartOffset="4002"/>
<LocList>
<Loc EndOffset="4154" SrcFileId="4" StartOffset="4002"/>
</LocList>
</LoopStmnt>
<BasicStmnt CovItemId="S56" CovItemPrefix="Dominion.Player.java" Intrnl_Id="620">
<LocList>
<Loc EndOffset="4171" SrcFileId="4" StartOffset="4162"/>
</LocList>
</BasicStmnt>
</StmntSeq>
</HierarchyLvl>
<HierarchyLvl HierarchyLvlId="1179" HierarchyLvlTypeId="7" Intrnl_Id="621" Name="Player">
<Header>
<Loc EndOffset="4203" SrcFileId="4" StartOffset="4181"/>
</Header>
<LocList>
<Loc EndOffset="4444" SrcFileId="4" StartOffset="4181"/>
</LocList>
<StmntSeq Intrnl_Id="622">
<LocList>
<Loc EndOffset="4227" SrcFileId="4" StartOffset="4211"/>
<Loc EndOffset="4302" SrcFileId="4" StartOffset="4231"/>
<Loc EndOffset="4377" SrcFileId="4" StartOffset="4306"/>
<Loc EndOffset="4404" SrcFileId="4" StartOffset="4383"/>
<Loc EndOffset="4420" SrcFileId="4" StartOffset="4408"/>
<Loc EndOffset="4440" SrcFileId="4" StartOffset="4428"/>
</LocList>
<BasicStmnt CovItemId="S57" CovItemPrefix="Dominion.Player.java" Intrnl_Id="623">
<LocList>
<Loc EndOffset="4227" SrcFileId="4" StartOffset="4211"/>
</LocList>
</BasicStmnt>
<LoopStmnt CovItemId="S58" CovItemPrefix="Dominion.Player.java" Intrnl_Id="624" MltplExecId="L8-2" MltplExecPrefix="Dominion.Player.java" NvrExecId="L8-0" NvrExecPrefix="Dominion.Player.java" OnceExecutedId="L8-1" OnceExecutedPrefix="Dominion.Player.java" OptBodyExec="true">
<StmntSeq Intrnl_Id="625">
<LocList>
<Loc EndOffset="4297" SrcFileId="4" StartOffset="4268"/>
</LocList>
<BasicStmnt CovItemId="S59" CovItemPrefix="Dominion.Player.java" Intrnl_Id="626">
<LocList>
<Loc EndOffset="4297" SrcFileId="4" StartOffset="4268"/>
</LocList>
</BasicStmnt>
</StmntSeq>
<Keyword EndOffset="4234" SrcFileId="4" StartOffset="4231"/>
<LocList>
<Loc EndOffset="4302" SrcFileId="4" StartOffset="4231"/>
</LocList>
</LoopStmnt>
<LoopStmnt CovItemId="S60" CovItemPrefix="Dominion.Player.java" Intrnl_Id="627" MltplExecId="L9-2" MltplExecPrefix="Dominion.Player.java" NvrExecId="L9-0" NvrExecPrefix="Dominion.Player.java" OnceExecutedId="L9-1" OnceExecutedPrefix="Dominion.Player.java" OptBodyExec="true">
<StmntSeq Intrnl_Id="628">
<LocList>
<Loc EndOffset="4372" SrcFileId="4" StartOffset="4343"/>
</LocList>
<BasicStmnt CovItemId="S61" CovItemPrefix="Dominion.Player.java" Intrnl_Id="629">
<LocList>
<Loc EndOffset="4372" SrcFileId="4" StartOffset="4343"/>
</LocList>
</BasicStmnt>
</StmntSeq>
<Keyword EndOffset="4309" SrcFileId="4" StartOffset="4306"/>
<LocList>
<Loc EndOffset="4377" SrcFileId="4" StartOffset="4306"/>
</LocList>
</LoopStmnt>
<BasicStmnt CovItemId="S62" CovItemPrefix="Dominion.Player.java" Intrnl_Id="630">
<LocList>
<Loc EndOffset="4404" SrcFileId="4" StartOffset="4383"/>
</LocList>
</BasicStmnt>
<BasicStmnt CovItemId="S63" CovItemPrefix="Dominion.Player.java" Intrnl_Id="631">
<LocList>
<Loc EndOffset="4420" SrcFileId="4" StartOffset="4408"/>
</LocList>
</BasicStmnt>
<BasicStmnt CovItemId="S64" CovItemPrefix="Dominion.Player.java" Intrnl_Id="632">
<LocList>
<Loc EndOffset="4440" SrcFileId="4" StartOffset="4428"/>
</LocList>
</BasicStmnt>
</StmntSeq>
</HierarchyLvl>
<HierarchyLvl HierarchyLvlId="1180" HierarchyLvlTypeId="7" Intrnl_Id="633" Name="drawDeck">
<Header>
<Loc EndOffset="4500" SrcFileId="4" StartOffset="4473"/>
</Header>
<LocList>
<Loc EndOffset="4642" SrcFileId="4" StartOffset="4473"/>
</LocList>
<StmntSeq Intrnl_Id="634">
<LocList>
<Loc EndOffset="4609" SrcFileId="4" StartOffset="4544"/>
<Loc EndOffset="4638" SrcFileId="4" StartOffset="4613"/>
</LocList>
<CondStmnt CovItemId="S65" CovItemPrefix="Dominion.Player.java" Intrnl_Id="635">
<Branch CovItemId="B13" CovItemPrefix="Dominion.Player.java" Implct="false" Intrnl_Id="636">
<Cond/>
<LocList>
<Loc EndOffset="4609" SrcFileId="4" StartOffset="4568"/>
</LocList>
<StmntSeq Intrnl_Id="637">
<LocList>
<Loc EndOffset="4604" SrcFileId="4" StartOffset="4574"/>
</LocList>
<BasicStmnt CovItemId="S66" CovItemPrefix="Dominion.Player.java" Intrnl_Id="638">
<LocList>
<Loc EndOffset="4604" SrcFileId="4" StartOffset="4574"/>
</LocList>
</BasicStmnt>
</StmntSeq>
</Branch>
<Branch CovItemId="B14" CovItemPrefix="Dominion.Player.java" Implct="true" Intrnl_Id="639">
<Cond/>
<LocList/>
<StmntSeq Intrnl_Id="640">
<LocList/>
</StmntSeq>
</Branch>
<Keyword EndOffset="4546" SrcFileId="4" StartOffset="4544"/>
<LocList>
<Loc EndOffset="4609" SrcFileId="4" StartOffset="4544"/>
</LocList>
</CondStmnt>
<BasicStmnt CovItemId="S67" CovItemPrefix="Dominion.Player.java" Intrnl_Id="641">
<LocList>
<Loc EndOffset="4638" SrcFileId="4" StartOffset="4613"/>
</LocList>
</BasicStmnt>
</StmntSeq>
</HierarchyLvl>
<HierarchyLvl HierarchyLvlId="1181" HierarchyLvlTypeId="7" Intrnl_Id="642" Name="discard">
<Header>
<Loc EndOffset="4675" SrcFileId="4" StartOffset="4648"/>
</Header>
<LocList>
<Loc EndOffset="4716" SrcFileId="4" StartOffset="4648"/>
</LocList>
<StmntSeq Intrnl_Id="643">
<LocList>
<Loc EndOffset="4712" SrcFileId="4" StartOffset="4684"/>
</LocList>
<BasicStmnt CovItemId="S68" CovItemPrefix="Dominion.Player.java" Intrnl_Id="644">
<LocList>
<Loc EndOffset="4712" SrcFileId="4" StartOffset="4684"/>
</LocList>
</BasicStmnt>
</StmntSeq>
</HierarchyLvl>
<HierarchyLvl HierarchyLvlId="1182" HierarchyLvlTypeId="7" Intrnl_Id="645" Name="discardAll">
<Header>
<Loc EndOffset="4758" SrcFileId="4" StartOffset="4722"/>
</Header>
<LocList>
<Loc EndOffset="4855" SrcFileId="4" StartOffset="4722"/>
</LocList>
<StmntSeq Intrnl_Id="646">
<LocList>
<Loc EndOffset="4790" SrcFileId="4" StartOffset="4766"/>
<Loc EndOffset="4851" SrcFileId="4" StartOffset="4794"/>
</LocList>
<BasicStmnt CovItemId="S69" CovItemPrefix="Dominion.Player.java" Intrnl_Id="647">
<LocList>
<Loc EndOffset="4790" SrcFileId="4" StartOffset="4766"/>
</LocList>
</BasicStmnt>
<LoopStmnt CovItemId="S70" CovItemPrefix="Dominion.Player.java" Intrnl_Id="648" MltplExecId="L10-2" MltplExecPrefix="Dominion.Player.java" NvrExecId="L10-0" NvrExecPrefix="Dominion.Player.java" OnceExecutedId="L10-1" OnceExecutedPrefix="Dominion.Player.java" OptBodyExec="true">
<StmntSeq Intrnl_Id="649">
<LocList>
<Loc EndOffset="4851" SrcFileId="4" StartOffset="4833"/>
</LocList>
<BasicStmnt CovItemId="S71" CovItemPrefix="Dominion.Player.java" Intrnl_Id="650">
<LocList>
<Loc EndOffset="4851" SrcFileId="4" StartOffset="4833"/>
</LocList>
</BasicStmnt>
</StmntSeq>
<Keyword EndOffset="4797" SrcFileId="4" StartOffset="4794"/>
<LocList>
<Loc EndOffset="4851" SrcFileId="4" StartOffset="4794"/>
</LocList>
</LoopStmnt>
</StmntSeq>
</HierarchyLvl>
<HierarchyLvl HierarchyLvlId="1183" HierarchyLvlTypeId="7" Intrnl_Id="651" Name="gain">
<Header>
<Loc EndOffset="4900" SrcFileId="4" StartOffset="4862"/>
</Header>
<LocList>
<Loc EndOffset="5150" SrcFileId="4" StartOffset="4862"/>
</LocList>
<StmntSeq Intrnl_Id="652">
<LocList>
<Loc EndOffset="5146" SrcFileId="4" StartOffset="4919"/>
</LocList>
<CondStmnt CovItemId="S72" CovItemPrefix="Dominion.Player.java" Intrnl_Id="653">
<Branch CovItemId="B15" CovItemPrefix="Dominion.Player.java" Implct="false" Intrnl_Id="654">
<Cond/>
<LocList>
<Loc EndOffset="5146" SrcFileId="4" StartOffset="4953"/>
</LocList>
<StmntSeq Intrnl_Id="655">
<LocList>
<Loc EndOffset="4977" SrcFileId="4" StartOffset="4959"/>
<Loc EndOffset="4992" SrcFileId="4" StartOffset="4982"/>
<Loc EndOffset="5107" SrcFileId="4" StartOffset="4997"/>
<Loc EndOffset="5141" SrcFileId="4" StartOffset="5112"/>
</LocList>
<BasicStmnt CovItemId="S73" CovItemPrefix="Dominion.Player.java" Intrnl_Id="656">
<LocList>
<Loc EndOffset="4977" SrcFileId="4" StartOffset="4959"/>
</LocList>
</BasicStmnt>
<BasicStmnt CovItemId="S74" CovItemPrefix="Dominion.Player.java" Intrnl_Id="657">
<LocList>
<Loc EndOffset="4992" SrcFileId="4" StartOffset="4982"/>
</LocList>
</BasicStmnt>
<LoopStmnt CovItemId="S75" CovItemPrefix="Dominion.Player.java" Intrnl_Id="658" MltplExecId="L11-2" MltplExecPrefix="Dominion.Player.java" NvrExecId="L11-0" NvrExecPrefix="Dominion.Player.java" OnceExecutedId="L11-1" OnceExecutedPrefix="Dominion.Player.java" OptBodyExec="true">
<StmntSeq Intrnl_Id="659">
<LocList>
<Loc EndOffset="5101" SrcFileId="4" StartOffset="5026"/>
</LocList>
<CondStmnt CovItemId="S76" CovItemPrefix="Dominion.Player.java" Intrnl_Id="660">
<Branch CovItemId="B17" CovItemPrefix="Dominion.Player.java" Implct="false" Intrnl_Id="661">
<Cond/>
<LocList>
<Loc EndOffset="5080" SrcFileId="4" StartOffset="5071"/>
</LocList>
<StmntSeq Intrnl_Id="662">
<LocList>
<Loc EndOffset="5080" SrcFileId="4" StartOffset="5071"/>
</LocList>
<BasicStmnt CovItemId="S77" CovItemPrefix="Dominion.Player.java" Intrnl_Id="663">
<LocList>
<Loc EndOffset="5080" SrcFileId="4" StartOffset="5071"/>
</LocList>
</BasicStmnt>
</StmntSeq>
</Branch>
<Branch CovItemId="B18" CovItemPrefix="Dominion.Player.java" Implct="false" Intrnl_Id="664">
<Cond>
<Loc EndOffset="5090" SrcFileId="4" StartOffset="5086"/>
</Cond>
<LocList>
<Loc EndOffset="5101" SrcFileId="4" StartOffset="5097"/>
</LocList>
<StmntSeq Intrnl_Id="665">
<LocList>
<Loc EndOffset="5101" SrcFileId="4" StartOffset="5097"/>
</LocList>
<BasicStmnt CovItemId="S78" CovItemPrefix="Dominion.Player.java" Intrnl_Id="666">
<LocList>
<Loc EndOffset="5101" SrcFileId="4" StartOffset="5097"/>
</LocList>
</BasicStmnt>
</StmntSeq>
</Branch>
<Keyword EndOffset="5028" SrcFileId="4" StartOffset="5026"/>
<LocList>
<Loc EndOffset="5101" SrcFileId="4" StartOffset="5026"/>
</LocList>
</CondStmnt>
</StmntSeq>
<Keyword EndOffset="5002" SrcFileId="4" StartOffset="4997"/>
<LocList>
<Loc EndOffset="5107" SrcFileId="4" StartOffset="4997"/>
</LocList>
</LoopStmnt>
<BasicStmnt CovItemId="S79" CovItemPrefix="Dominion.Player.java" Intrnl_Id="667">
<LocList>
<Loc EndOffset="5141" SrcFileId="4" StartOffset="5112"/>
</LocList>
</BasicStmnt>
</StmntSeq>
</Branch>
<Branch CovItemId="B16" CovItemPrefix="Dominion.Player.java" Implct="true" Intrnl_Id="668">
<Cond/>
<LocList/>
<StmntSeq Intrnl_Id="669">
<LocList/>
</StmntSeq>
</Branch>
<Keyword EndOffset="4921" SrcFileId="4" StartOffset="4919"/>
<LocList>
<Loc EndOffset="5146" SrcFileId="4" StartOffset="4919"/>
</LocList>
</CondStmnt>
</StmntSeq>
</HierarchyLvl>
<HierarchyLvl HierarchyLvlId="1184" HierarchyLvlTypeId="7" Intrnl_Id="670" Name="trash">
<Header>
<Loc EndOffset="5181" SrcFileId="4" StartOffset="5156"/>
</Header>
<LocList>
<Loc EndOffset="5382" SrcFileId="4" StartOffset="5156"/>
</LocList>
<StmntSeq Intrnl_Id="671">
<LocList>
<Loc EndOffset="5204" SrcFileId="4" StartOffset="5189"/>
<Loc EndOffset="5329" SrcFileId="4" StartOffset="5208"/>
<Loc EndOffset="5373" SrcFileId="4" StartOffset="5333"/>
</LocList>
<BasicStmnt CovItemId="S80" CovItemPrefix="Dominion.Player.java" Intrnl_Id="672">
<LocList>
<Loc EndOffset="5204" SrcFileId="4" StartOffset="5189"/>
</LocList>
</BasicStmnt>
<LoopStmnt CovItemId="S81" CovItemPrefix="Dominion.Player.java" Intrnl_Id="673" MltplExecId="L12-2" MltplExecPrefix="Dominion.Player.java" NvrExecId="L12-0" NvrExecPrefix="Dominion.Player.java" OnceExecutedId="L12-1" OnceExecutedPrefix="Dominion.Player.java" OptBodyExec="true">
<StmntSeq Intrnl_Id="674">
<LocList>
<Loc EndOffset="5324" SrcFileId="4" StartOffset="5255"/>
</LocList>
<CondStmnt CovItemId="S82" CovItemPrefix="Dominion.Player.java" Intrnl_Id="675">
<Branch CovItemId="B19" CovItemPrefix="Dominion.Player.java" Implct="false" Intrnl_Id="676">
<Cond/>
<LocList>
<Loc EndOffset="5324" SrcFileId="4" StartOffset="5301"/>
</LocList>
<StmntSeq Intrnl_Id="677">
<LocList>
<Loc EndOffset="5318" SrcFileId="4" StartOffset="5308"/>
</LocList>
<BasicStmnt CovItemId="S83" CovItemPrefix="Dominion.Player.java" Intrnl_Id="678">
<LocList>
<Loc EndOffset="5318" SrcFileId="4" StartOffset="5308"/>
</LocList>
</BasicStmnt>
</StmntSeq>
</Branch>
<Branch CovItemId="B20" CovItemPrefix="Dominion.Player.java" Implct="true" Intrnl_Id="679">
<Cond/>
<LocList/>
<StmntSeq Intrnl_Id="680">
<LocList/>
</StmntSeq>
</Branch>
<Keyword EndOffset="5257" SrcFileId="4" StartOffset="5255"/>
<LocList>
<Loc EndOffset="5324" SrcFileId="4" StartOffset="5255"/>
</LocList>
</CondStmnt>
</StmntSeq>
<Keyword EndOffset="5211" SrcFileId="4" StartOffset="5208"/>
<LocList>
<Loc EndOffset="5329" SrcFileId="4" StartOffset="5208"/>
</LocList>
</LoopStmnt>
<CondStmnt CovItemId="S84" CovItemPrefix="Dominion.Player.java" Intrnl_Id="681">
<Branch CovItemId="B21" CovItemPrefix="Dominion.Player.java" Implct="false" Intrnl_Id="682">
<Cond/>
<LocList>
<Loc EndOffset="5373" SrcFileId="4" StartOffset="5354"/>
</LocList>
<StmntSeq Intrnl_Id="683">
<LocList>
<Loc EndOffset="5373" SrcFileId="4" StartOffset="5354"/>
</LocList>
<BasicStmnt CovItemId="S85" CovItemPrefix="Dominion.Player.java" Intrnl_Id="684">
<LocList>
<Loc EndOffset="5373" SrcFileId="4" StartOffset="5354"/>
</LocList>
</BasicStmnt>
</StmntSeq>
</Branch>
<Branch CovItemId="B22" CovItemPrefix="Dominion.Player.java" Implct="true" Intrnl_Id="685">
<Cond/>
<LocList/>
<StmntSeq Intrnl_Id="686">
<LocList/>
</StmntSeq>
</Branch>
<Keyword EndOffset="5335" SrcFileId="4" StartOffset="5333"/>
<LocList>
<Loc EndOffset="5373" SrcFileId="4" StartOffset="5333"/>
</LocList>
</CondStmnt>
</StmntSeq>
</HierarchyLvl>
<HierarchyLvl HierarchyLvlId="1185" HierarchyLvlTypeId="7" Intrnl_Id="687" Name="playK">
<Header>
<Loc EndOffset="5528" SrcFileId="4" StartOffset="5492"/>
</Header>
<LocList>
<Loc EndOffset="12137" SrcFileId="4" StartOffset="5492"/>
</LocList>
<StmntSeq Intrnl_Id="688">
<LocList>
<Loc EndOffset="5549" SrcFileId="4" StartOffset="5536"/>
<Loc EndOffset="6136" SrcFileId="4" StartOffset="5675"/>
<Loc EndOffset="7103" SrcFileId="4" StartOffset="6296"/>
<Loc EndOffset="8029" SrcFileId="4" StartOffset="7228"/>
<Loc EndOffset="8307" SrcFileId="4" StartOffset="8099"/>
<Loc EndOffset="8780" SrcFileId="4" StartOffset="8315"/>
<Loc EndOffset="9095" SrcFileId="4" StartOffset="8953"/>
<Loc EndOffset="9707" SrcFileId="4" StartOffset="9159"/>
<Loc EndOffset="9919" SrcFileId="4" StartOffset="9715"/>
<Loc EndOffset="11024" SrcFileId="4" StartOffset="10036"/>
<Loc EndOffset="11601" SrcFileId="4" StartOffset="11133"/>
<Loc EndOffset="11700" SrcFileId="4" StartOffset="11609"/>
<Loc EndOffset="12129" SrcFileId="4" StartOffset="11762"/>
</LocList>
<BasicStmnt CovItemId="S86" CovItemPrefix="Dominion.Player.java" Intrnl_Id="689">
<LocList>
<Loc EndOffset="5549" SrcFileId="4" StartOffset="5536"/>
</LocList>
</BasicStmnt>
<CondStmnt CovItemId="S87" CovItemPrefix="Dominion.Player.java" Intrnl_Id="690">
<Branch CovItemId="B23" CovItemPrefix="Dominion.Player.java" Implct="false" Intrnl_Id="691">
<Cond/>
<LocList>
<Loc EndOffset="6136" SrcFileId="4" StartOffset="5701"/>
</LocList>
<StmntSeq Intrnl_Id="692">
<LocList>
<Loc EndOffset="5716" SrcFileId="4" StartOffset="5707"/>
<Loc EndOffset="5748" SrcFileId="4" StartOffset="5721"/>
<Loc EndOffset="5784" SrcFileId="4" StartOffset="5753"/>
<Loc EndOffset="5799" SrcFileId="4" StartOffset="5789"/>
<Loc EndOffset="6131" SrcFileId="4" StartOffset="5804"/>
</LocList>
<BasicStmnt CovItemId="S88" CovItemPrefix="Dominion.Player.java" Intrnl_Id="693">
<LocList>
<Loc EndOffset="5716" SrcFileId="4" StartOffset="5707"/>
</LocList>
</BasicStmnt>
<BasicStmnt CovItemId="S89" CovItemPrefix="Dominion.Player.java" Intrnl_Id="694">
<LocList>
<Loc EndOffset="5748" SrcFileId="4" StartOffset="5721"/>
</LocList>
</BasicStmnt>
<BasicStmnt CovItemId="S90" CovItemPrefix="Dominion.Player.java" Intrnl_Id="695">
<LocList>
<Loc EndOffset="5784" SrcFileId="4" StartOffset="5753"/>
</LocList>
</BasicStmnt>
<BasicStmnt CovItemId="S91" CovItemPrefix="Dominion.Player.java" Intrnl_Id="696">
<LocList>
<Loc EndOffset="5799" SrcFileId="4" StartOffset="5789"/>
</LocList>
</BasicStmnt>
<LoopStmnt CovItemId="S92" CovItemPrefix="Dominion.Player.java" Intrnl_Id="697" MltplExecId="L13-2" MltplExecPrefix="Dominion.Player.java" NvrExecId="L13-0" NvrExecPrefix="Dominion.Player.java" OnceExecutedId="L13-1" OnceExecutedPrefix="Dominion.Player.java" OptBodyExec="true">
<StmntSeq Intrnl_Id="698">
<LocList>
<Loc EndOffset="5896" SrcFileId="4" StartOffset="5829"/>
<Loc EndOffset="6125" SrcFileId="4" StartOffset="5902"/>
</LocList>
<BasicStmnt CovItemId="S93" CovItemPrefix="Dominion.Player.java" Intrnl_Id="699">
<LocList>
<Loc EndOffset="5896" SrcFileId="4" StartOffset="5829"/>
</LocList>
</BasicStmnt>
<CondStmnt CovItemId="S94" CovItemPrefix="Dominion.Player.java" Intrnl_Id="700">
<Branch CovItemId="B25" CovItemPrefix="Dominion.Player.java" Implct="false" Intrnl_Id="701">
<Cond/>
<LocList>
<Loc EndOffset="6047" SrcFileId="4" StartOffset="5948"/>
</LocList>
<StmntSeq Intrnl_Id="702">
<LocList>
<Loc EndOffset="6010" SrcFileId="4" StartOffset="5956"/>
<Loc EndOffset="6029" SrcFileId="4" StartOffset="6017"/>
<Loc EndOffset="6040" SrcFileId="4" StartOffset="6036"/>
</LocList>
<BasicStmnt CovItemId="S95" CovItemPrefix="Dominion.Player.java" Intrnl_Id="703">
<LocList>
<Loc EndOffset="6010" SrcFileId="4" StartOffset="5956"/>
</LocList>
</BasicStmnt>
<BasicStmnt CovItemId="S96" CovItemPrefix="Dominion.Player.java" Intrnl_Id="704">
<LocList>
<Loc EndOffset="6029" SrcFileId="4" StartOffset="6017"/>
</LocList>
</BasicStmnt>
<BasicStmnt CovItemId="S97" CovItemPrefix="Dominion.Player.java" Intrnl_Id="705">
<LocList>
<Loc EndOffset="6040" SrcFileId="4" StartOffset="6036"/>
</LocList>
</BasicStmnt>
</StmntSeq>
</Branch>
<Branch CovItemId="B26" CovItemPrefix="Dominion.Player.java" Implct="false" Intrnl_Id="706">
<Cond>
<Loc EndOffset="6057" SrcFileId="4" StartOffset="6053"/>
</Cond>
<LocList>
<Loc EndOffset="6125" SrcFileId="4" StartOffset="6063"/>
</LocList>
<StmntSeq Intrnl_Id="707">
<LocList>
<Loc EndOffset="6096" SrcFileId="4" StartOffset="6071"/>
<Loc EndOffset="6118" SrcFileId="4" StartOffset="6103"/>
</LocList>
<BasicStmnt CovItemId="S98" CovItemPrefix="Dominion.Player.java" Intrnl_Id="708">
<LocList>
<Loc EndOffset="6096" SrcFileId="4" StartOffset="6071"/>
</LocList>
</BasicStmnt>
<BasicStmnt CovItemId="S99" CovItemPrefix="Dominion.Player.java" Intrnl_Id="709">
<LocList>
<Loc EndOffset="6118" SrcFileId="4" StartOffset="6103"/>
</LocList>
</BasicStmnt>
</StmntSeq>
</Branch>
<Keyword EndOffset="5904" SrcFileId="4" StartOffset="5902"/>
<LocList>
<Loc EndOffset="6125" SrcFileId="4" StartOffset="5902"/>
</LocList>
</CondStmnt>
</StmntSeq>
<Keyword EndOffset="5809" SrcFileId="4" StartOffset="5804"/>
<LocList>
<Loc EndOffset="6131" SrcFileId="4" StartOffset="5804"/>
</LocList>
</LoopStmnt>
</StmntSeq>
</Branch>
<Branch CovItemId="B24" CovItemPrefix="Dominion.Player.java" Implct="true" Intrnl_Id="710">
<Cond/>
<LocList/>
<StmntSeq Intrnl_Id="711">
<LocList/>
</StmntSeq>
</Branch>
<Keyword EndOffset="5677" SrcFileId="4" StartOffset="5675"/>
<LocList>
<Loc EndOffset="6136" SrcFileId="4" StartOffset="5675"/>
</LocList>
</CondStmnt>
<CondStmnt CovItemId="S100" CovItemPrefix="Dominion.Player.java" Intrnl_Id="712">
<Branch CovItemId="B27" CovItemPrefix="Dominion.Player.java" Implct="false" Intrnl_Id="713">
<Cond/>
<LocList>
<Loc EndOffset="7103" SrcFileId="4" StartOffset="6322"/>
</LocList>
<StmntSeq Intrnl_Id="714">
<LocList>
<Loc EndOffset="6337" SrcFileId="4" StartOffset="6328"/>
<Loc EndOffset="6369" SrcFileId="4" StartOffset="6342"/>
<Loc EndOffset="6398" SrcFileId="4" StartOffset="6374"/>
<Loc EndOffset="6443" SrcFileId="4" StartOffset="6415"/>
<Loc EndOffset="6489" SrcFileId="4" StartOffset="6448"/>
<Loc EndOffset="6601" SrcFileId="4" StartOffset="6499"/>
<Loc EndOffset="6629" SrcFileId="4" StartOffset="6611"/>
<Loc EndOffset="6746" SrcFileId="4" StartOffset="6634"/>
<Loc EndOffset="6978" SrcFileId="4" StartOffset="6756"/>
<Loc EndOffset="7088" SrcFileId="4" StartOffset="6988"/>
</LocList>
<BasicStmnt CovItemId="S101" CovItemPrefix="Dominion.Player.java" Intrnl_Id="715">
<LocList>
<Loc EndOffset="6337" SrcFileId="4" StartOffset="6328"/>
</LocList>
</BasicStmnt>
<BasicStmnt CovItemId="S102" CovItemPrefix="Dominion.Player.java" Intrnl_Id="716">
<LocList>
<Loc EndOffset="6369" SrcFileId="4" StartOffset="6342"/>
</LocList>
</BasicStmnt>
<BasicStmnt CovItemId="S103" CovItemPrefix="Dominion.Player.java" Intrnl_Id="717">
<LocList>
<Loc EndOffset="6398" SrcFileId="4" StartOffset="6374"/>
</LocList>
</BasicStmnt>
<BasicStmnt CovItemId="S104" CovItemPrefix="Dominion.Player.java" Intrnl_Id="718">
<LocList>
<Loc EndOffset="6443" SrcFileId="4" StartOffset="6415"/>
</LocList>
</BasicStmnt>
<BasicStmnt CovItemId="S105" CovItemPrefix="Dominion.Player.java" Intrnl_Id="719">
<LocList>
<Loc EndOffset="6489" SrcFileId="4" StartOffset="6448"/>
</LocList>
</BasicStmnt>
<BasicStmnt CovItemId="S106" CovItemPrefix="Dominion.Player.java" Intrnl_Id="720">
<LocList>
<Loc EndOffset="6601" SrcFileId="4" StartOffset="6499"/>
</LocList>
</BasicStmnt>
<BasicStmnt CovItemId="S107" CovItemPrefix="Dominion.Player.java" Intrnl_Id="721">
<LocList>
<Loc EndOffset="6629" SrcFileId="4" StartOffset="6611"/>
</LocList>
</BasicStmnt>
<LoopStmnt CovItemId="S108" CovItemPrefix="Dominion.Player.java" Intrnl_Id="722" MltplExecId="L14-2" MltplExecPrefix="Dominion.Player.java" NvrExecId="L14-0" NvrExecPrefix="Dominion.Player.java" OnceExecutedId="L14-1" OnceExecutedPrefix="Dominion.Player.java" OptBodyExec="true">
<StmntSeq Intrnl_Id="723">
<LocList>
<Loc EndOffset="6740" SrcFileId="4" StartOffset="6683"/>
</LocList>
<CondStmnt CovItemId="S109" CovItemPrefix="Dominion.Player.java" Intrnl_Id="724">
<Branch CovItemId="B29" CovItemPrefix="Dominion.Player.java" Implct="false" Intrnl_Id="725">
<Cond/>
<LocList>
<Loc EndOffset="6740" SrcFileId="4" StartOffset="6728"/>
</LocList>
<StmntSeq Intrnl_Id="726">
<LocList>
<Loc EndOffset="6740" SrcFileId="4" StartOffset="6728"/>
</LocList>
<BasicStmnt CovItemId="S110" CovItemPrefix="Dominion.Player.java" Intrnl_Id="727">
<LocList>
<Loc EndOffset="6740" SrcFileId="4" StartOffset="6728"/>
</LocList>
</BasicStmnt>
</StmntSeq>
</Branch>
<Branch CovItemId="B30" CovItemPrefix="Dominion.Player.java" Implct="true" Intrnl_Id="728">
<Cond/>
<LocList/>
<StmntSeq Intrnl_Id="729">
<LocList/>
</StmntSeq>
</Branch>
<Keyword EndOffset="6685" SrcFileId="4" StartOffset="6683"/>
<LocList>
<Loc EndOffset="6740" SrcFileId="4" StartOffset="6683"/>
</LocList>
</CondStmnt>
</StmntSeq>
<Keyword EndOffset="6637" SrcFileId="4" StartOffset="6634"/>
<LocList>
<Loc EndOffset="6746" SrcFileId="4" StartOffset="6634"/>
</LocList>
</LoopStmnt>
<CondStmnt CovItemId="S111" CovItemPrefix="Dominion.Player.java" Intrnl_Id="730">
<Branch CovItemId="B31" CovItemPrefix="Dominion.Player.java" Implct="false" Intrnl_Id="731">
<Cond/>
<LocList>
<Loc EndOffset="6917" SrcFileId="4" StartOffset="6779"/>
</LocList>
<StmntSeq Intrnl_Id="732">
<LocList>
<Loc EndOffset="6804" SrcFileId="4" StartOffset="6786"/>
<Loc EndOffset="6911" SrcFileId="4" StartOffset="6810"/>
</LocList>
<BasicStmnt CovItemId="S112" CovItemPrefix="Dominion.Player.java" Intrnl_Id="733">
<LocList>
<Loc EndOffset="6804" SrcFileId="4" StartOffset="6786"/>
</LocList>
</BasicStmnt>
<LoopStmnt CovItemId="S113" CovItemPrefix="Dominion.Player.java" Intrnl_Id="734" MltplExecId="L15-2" MltplExecPrefix="Dominion.Player.java" NvrExecId="L15-0" NvrExecPrefix="Dominion.Player.java" OnceExecutedId="L15-1" OnceExecutedPrefix="Dominion.Player.java" OptBodyExec="true">
<StmntSeq Intrnl_Id="735">
<LocList>
<Loc EndOffset="6904" SrcFileId="4" StartOffset="6852"/>
</LocList>
<BasicStmnt CovItemId="S114" CovItemPrefix="Dominion.Player.java" Intrnl_Id="736">
<LocList>
<Loc EndOffset="6904" SrcFileId="4" StartOffset="6852"/>
</LocList>
</BasicStmnt>
</StmntSeq>
<Keyword EndOffset="6813" SrcFileId="4" StartOffset="6810"/>
<LocList>
<Loc EndOffset="6911" SrcFileId="4" StartOffset="6810"/>
</LocList>
</LoopStmnt>
</StmntSeq>
</Branch>
<Branch CovItemId="B32" CovItemPrefix="Dominion.Player.java" Implct="false" Intrnl_Id="737">
<Cond>
<Loc EndOffset="6926" SrcFileId="4" StartOffset="6922"/>
</Cond>
<LocList>
<Loc EndOffset="6978" SrcFileId="4" StartOffset="6932"/>
</LocList>
<StmntSeq Intrnl_Id="738">
<LocList>
<Loc EndOffset="6978" SrcFileId="4" StartOffset="6932"/>
</LocList>
<BasicStmnt CovItemId="S115" CovItemPrefix="Dominion.Player.java" Intrnl_Id="739">
<LocList>
<Loc EndOffset="6978" SrcFileId="4" StartOffset="6932"/>
</LocList>
</BasicStmnt>
</StmntSeq>
</Branch>
<Keyword EndOffset="6758" SrcFileId="4" StartOffset="6756"/>
<LocList>
<Loc EndOffset="6978" SrcFileId="4" StartOffset="6756"/>
</LocList>
</CondStmnt>
<LoopStmnt CovItemId="S116" CovItemPrefix="Dominion.Player.java" Intrnl_Id="740" MltplExecId="L16-2" MltplExecPrefix="Dominion.Player.java" NvrExecId="L16-0" NvrExecPrefix="Dominion.Player.java" OnceExecutedId="L16-1" OnceExecutedPrefix="Dominion.Player.java" OptBodyExec="true">
<StmntSeq Intrnl_Id="741">
<LocList>
<Loc EndOffset="7088" SrcFileId="4" StartOffset="7036"/>
</LocList>
<BasicStmnt CovItemId="S117" CovItemPrefix="Dominion.Player.java" Intrnl_Id="742">
<LocList>
<Loc EndOffset="7088" SrcFileId="4" StartOffset="7036"/>
</LocList>
</BasicStmnt>
</StmntSeq>
<Keyword EndOffset="6991" SrcFileId="4" StartOffset="6988"/>
<LocList>
<Loc EndOffset="7088" SrcFileId="4" StartOffset="6988"/>
</LocList>
</LoopStmnt>
</StmntSeq>
</Branch>
<Branch CovItemId="B28" CovItemPrefix="Dominion.Player.java" Implct="true" Intrnl_Id="743">
<Cond/>
<LocList/>
<StmntSeq Intrnl_Id="744">
<LocList/>
</StmntSeq>
</Branch>
<Keyword EndOffset="6298" SrcFileId="4" StartOffset="6296"/>
<LocList>
<Loc EndOffset="7103" SrcFileId="4" StartOffset="6296"/>
</LocList>
</CondStmnt>
<CondStmnt CovItemId="S118" CovItemPrefix="Dominion.Player.java" Intrnl_Id="745">
<Branch CovItemId="B33" CovItemPrefix="Dominion.Player.java" Implct="false" Intrnl_Id="746">
<Cond/>
<LocList>
<Loc EndOffset="8029" SrcFileId="4" StartOffset="7249"/>
</LocList>
<StmntSeq Intrnl_Id="747">
<LocList>
<Loc EndOffset="7264" SrcFileId="4" StartOffset="7255"/>
<Loc EndOffset="7296" SrcFileId="4" StartOffset="7269"/>
<Loc EndOffset="7313" SrcFileId="4" StartOffset="7301"/>
<Loc EndOffset="7342" SrcFileId="4" StartOffset="7318"/>
<Loc EndOffset="7377" SrcFileId="4" StartOffset="7359"/>
<Loc EndOffset="8024" SrcFileId="4" StartOffset="7382"/>
</LocList>
<BasicStmnt CovItemId="S119" CovItemPrefix="Dominion.Player.java" Intrnl_Id="748">
<LocList>
<Loc EndOffset="7264" SrcFileId="4" StartOffset="7255"/>
</LocList>
</BasicStmnt>
<BasicStmnt CovItemId="S120" CovItemPrefix="Dominion.Player.java" Intrnl_Id="749">
<LocList>
<Loc EndOffset="7296" SrcFileId="4" StartOffset="7269"/>
</LocList>
</BasicStmnt>
<BasicStmnt CovItemId="S121" CovItemPrefix="Dominion.Player.java" Intrnl_Id="750">
<LocList>
<Loc EndOffset="7313" SrcFileId="4" StartOffset="7301"/>
</LocList>
</BasicStmnt>
<BasicStmnt CovItemId="S122" CovItemPrefix="Dominion.Player.java" Intrnl_Id="751">
<LocList>
<Loc EndOffset="7342" SrcFileId="4" StartOffset="7318"/>
</LocList>
</BasicStmnt>
<BasicStmnt CovItemId="S123" CovItemPrefix="Dominion.Player.java" Intrnl_Id="752">
<LocList>
<Loc EndOffset="7377" SrcFileId="4" StartOffset="7359"/>
</LocList>
</BasicStmnt>
<CondStmnt CovItemId="S124" CovItemPrefix="Dominion.Player.java" Intrnl_Id="753">
<Branch CovItemId="B35" CovItemPrefix="Dominion.Player.java" Implct="false" Intrnl_Id="754">
<Cond/>
<LocList>
<Loc EndOffset="7782" SrcFileId="4" StartOffset="7450"/>
</LocList>
<StmntSeq Intrnl_Id="755">
<LocList>
<Loc EndOffset="7544" SrcFileId="4" StartOffset="7457"/>
<Loc EndOffset="7569" SrcFileId="4" StartOffset="7550"/>
<Loc EndOffset="7585" SrcFileId="4" StartOffset="7575"/>
<Loc EndOffset="7728" SrcFileId="4" StartOffset="7591"/>
<Loc EndOffset="7755" SrcFileId="4" StartOffset="7734"/>
<Loc EndOffset="7776" SrcFileId="4" StartOffset="7761"/>
</LocList>
<BasicStmnt CovItemId="S125" CovItemPrefix="Dominion.Player.java" Intrnl_Id="756">
<LocList>
<Loc EndOffset="7544" SrcFileId="4" StartOffset="7457"/>
</LocList>
</BasicStmnt>
<BasicStmnt CovItemId="S126" CovItemPrefix="Dominion.Player.java" Intrnl_Id="757">
<LocList>
<Loc EndOffset="7569" SrcFileId="4" StartOffset="7550"/>
</LocList>
</BasicStmnt>
<BasicStmnt CovItemId="S127" CovItemPrefix="Dominion.Player.java" Intrnl_Id="758">
<LocList>
<Loc EndOffset="7585" SrcFileId="4" StartOffset="7575"/>
</LocList>
</BasicStmnt>
<LoopStmnt CovItemId="S128" CovItemPrefix="Dominion.Player.java" Intrnl_Id="759" MltplExecId="L17-2" MltplExecPrefix="Dominion.Player.java" NvrExecId="L17-0" NvrExecPrefix="Dominion.Player.java" OnceExecutedId="L17-1" OnceExecutedPrefix="Dominion.Player.java" OptBodyExec="true">
<StmntSeq Intrnl_Id="760">
<LocList>
<Loc EndOffset="7721" SrcFileId="4" StartOffset="7642"/>
</LocList>
<CondStmnt CovItemId="S129" CovItemPrefix="Dominion.Player.java" Intrnl_Id="761">
<Branch CovItemId="B37" CovItemPrefix="Dominion.Player.java" Implct="false" Intrnl_Id="762">
<Cond/>
<LocList>
<Loc EndOffset="7698" SrcFileId="4" StartOffset="7688"/>
</LocList>
<StmntSeq Intrnl_Id="763">
<LocList>
<Loc EndOffset="7698" SrcFileId="4" StartOffset="7688"/>
</LocList>
<BasicStmnt CovItemId="S130" CovItemPrefix="Dominion.Player.java" Intrnl_Id="764">
<LocList>
<Loc EndOffset="7698" SrcFileId="4" StartOffset="7688"/>
</LocList>
</BasicStmnt>
</StmntSeq>
</Branch>
<Branch CovItemId="B38" CovItemPrefix="Dominion.Player.java" Implct="false" Intrnl_Id="765">
<Cond>
<Loc EndOffset="7709" SrcFileId="4" StartOffset="7705"/>
</Cond>
<LocList>
<Loc EndOffset="7721" SrcFileId="4" StartOffset="7717"/>
</LocList>
<StmntSeq Intrnl_Id="766">
<LocList>
<Loc EndOffset="7721" SrcFileId="4" StartOffset="7717"/>
</LocList>
<BasicStmnt CovItemId="S131" CovItemPrefix="Dominion.Player.java" Intrnl_Id="767">
<LocList>
<Loc EndOffset="7721" SrcFileId="4" StartOffset="7717"/>
</LocList>
</BasicStmnt>
</StmntSeq>
</Branch>
<Keyword EndOffset="7644" SrcFileId="4" StartOffset="7642"/>
<LocList>
<Loc EndOffset="7721" SrcFileId="4" StartOffset="7642"/>
</LocList>
</CondStmnt>
</StmntSeq>
<Keyword EndOffset="7596" SrcFileId="4" StartOffset="7591"/>
<LocList>
<Loc EndOffset="7728" SrcFileId="4" StartOffset="7591"/>
</LocList>
</LoopStmnt>
<BasicStmnt CovItemId="S132" CovItemPrefix="Dominion.Player.java" Intrnl_Id="768">
<LocList>
<Loc EndOffset="7755" SrcFileId="4" StartOffset="7734"/>
</LocList>
</BasicStmnt>
<BasicStmnt CovItemId="S133" CovItemPrefix="Dominion.Player.java" Intrnl_Id="769">
<LocList>
<Loc EndOffset="7776" SrcFileId="4" StartOffset="7761"/>
</LocList>
</BasicStmnt>
</StmntSeq>
</Branch>
<Branch CovItemId="B36" CovItemPrefix="Dominion.Player.java" Implct="false" Intrnl_Id="770">
<Cond>
<Loc EndOffset="7791" SrcFileId="4" StartOffset="7787"/>
</Cond>
<LocList>
<Loc EndOffset="8024" SrcFileId="4" StartOffset="7792"/>
</LocList>
<StmntSeq Intrnl_Id="771">
<LocList>
<Loc EndOffset="8024" SrcFileId="4" StartOffset="7792"/>
</LocList>
<CondStmnt CovItemId="S134" CovItemPrefix="Dominion.Player.java" Intrnl_Id="772">
<Branch CovItemId="B39" CovItemPrefix="Dominion.Player.java" Implct="false" Intrnl_Id="773">
<Cond/>
<LocList>
<Loc EndOffset="8024" SrcFileId="4" StartOffset="7850"/>
</LocList>
<StmntSeq Intrnl_Id="774">
<LocList>
<Loc EndOffset="7972" SrcFileId="4" StartOffset="7888"/>
<Loc EndOffset="8018" SrcFileId="4" StartOffset="7978"/>
</LocList>
<BasicStmnt CovItemId="S135" CovItemPrefix="Dominion.Player.java" Intrnl_Id="775">
<LocList>
<Loc EndOffset="7972" SrcFileId="4" StartOffset="7888"/>
</LocList>
</BasicStmnt>
<BasicStmnt CovItemId="S136" CovItemPrefix="Dominion.Player.java" Intrnl_Id="776">
<LocList>
<Loc EndOffset="8018" SrcFileId="4" StartOffset="7978"/>
</LocList>
</BasicStmnt>
</StmntSeq>
</Branch>
<Branch CovItemId="B40" CovItemPrefix="Dominion.Player.java" Implct="true" Intrnl_Id="777">
<Cond/>
<LocList/>
<StmntSeq Intrnl_Id="778">
<LocList/>
</StmntSeq>
</Branch>
<Keyword EndOffset="7794" SrcFileId="4" StartOffset="7792"/>
<LocList>
<Loc EndOffset="8024" SrcFileId="4" StartOffset="7792"/>
</LocList>
</CondStmnt>
</StmntSeq>
</Branch>
<Keyword EndOffset="7384" SrcFileId="4" StartOffset="7382"/>
<LocList>
<Loc EndOffset="8024" SrcFileId="4" StartOffset="7382"/>
</LocList>
</CondStmnt>
</StmntSeq>
</Branch>
<Branch CovItemId="B34" CovItemPrefix="Dominion.Player.java" Implct="true" Intrnl_Id="779">
<Cond/>
<LocList/>
<StmntSeq Intrnl_Id="780">
<LocList/>
</StmntSeq>
</Branch>
<Keyword EndOffset="7230" SrcFileId="4" StartOffset="7228"/>
<LocList>
<Loc EndOffset="8029" SrcFileId="4" StartOffset="7228"/>
</LocList>
</CondStmnt>
<CondStmnt CovItemId="S137" CovItemPrefix="Dominion.Player.java" Intrnl_Id="781">
<Branch CovItemId="B41" CovItemPrefix="Dominion.Player.java" Implct="false" Intrnl_Id="782">
<Cond/>
<LocList>
<Loc EndOffset="8307" SrcFileId="4" StartOffset="8127"/>
</LocList>
<StmntSeq Intrnl_Id="783">
<LocList>
<Loc EndOffset="8142" SrcFileId="4" StartOffset="8133"/>
<Loc EndOffset="8174" SrcFileId="4" StartOffset="8147"/>
<Loc EndOffset="8191" SrcFileId="4" StartOffset="8179"/>
<Loc EndOffset="8208" SrcFileId="4" StartOffset="8196"/>
<Loc EndOffset="8302" SrcFileId="4" StartOffset="8213"/>
</LocList>
<BasicStmnt CovItemId="S138" CovItemPrefix="Dominion.Player.java" Intrnl_Id="784">
<LocList>
<Loc EndOffset="8142" SrcFileId="4" StartOffset="8133"/>
</LocList>
</BasicStmnt>
<BasicStmnt CovItemId="S139" CovItemPrefix="Dominion.Player.java" Intrnl_Id="785">
<LocList>
<Loc EndOffset="8174" SrcFileId="4" StartOffset="8147"/>
</LocList>
</BasicStmnt>
<BasicStmnt CovItemId="S140" CovItemPrefix="Dominion.Player.java" Intrnl_Id="786">
<LocList>
<Loc EndOffset="8191" SrcFileId="4" StartOffset="8179"/>
</LocList>
</BasicStmnt>
<BasicStmnt CovItemId="S141" CovItemPrefix="Dominion.Player.java" Intrnl_Id="787">
<LocList>
<Loc EndOffset="8208" SrcFileId="4" StartOffset="8196"/>
</LocList>
</BasicStmnt>
<LoopStmnt CovItemId="S142" CovItemPrefix="Dominion.Player.java" Intrnl_Id="788" MltplExecId="L18-2" MltplExecPrefix="Dominion.Player.java" NvrExecId="L18-0" NvrExecPrefix="Dominion.Player.java" OnceExecutedId="L18-1" OnceExecutedPrefix="Dominion.Player.java" OptBodyExec="true">
<StmntSeq Intrnl_Id="789">
<LocList>
<Loc EndOffset="8296" SrcFileId="4" StartOffset="8267"/>
</LocList>
<BasicStmnt CovItemId="S143" CovItemPrefix="Dominion.Player.java" Intrnl_Id="790">
<LocList>
<Loc EndOffset="8296" SrcFileId="4" StartOffset="8267"/>
</LocList>
</BasicStmnt>
</StmntSeq>
<Keyword EndOffset="8216" SrcFileId="4" StartOffset="8213"/>
<LocList>
<Loc EndOffset="8302" SrcFileId="4" StartOffset="8213"/>
</LocList>
</LoopStmnt>
</StmntSeq>
</Branch>
<Branch CovItemId="B42" CovItemPrefix="Dominion.Player.java" Implct="true" Intrnl_Id="791">
<Cond/>
<LocList/>
<StmntSeq Intrnl_Id="792">
<LocList/>
</StmntSeq>
</Branch>
<Keyword EndOffset="8101" SrcFileId="4" StartOffset="8099"/>
<LocList>
<Loc EndOffset="8307" SrcFileId="4" StartOffset="8099"/>
</LocList>
</CondStmnt>
<CondStmnt CovItemId="S144" CovItemPrefix="Dominion.Player.java" Intrnl_Id="793">
<Branch CovItemId="B43" CovItemPrefix="Dominion.Player.java" Implct="false" Intrnl_Id="794">
<Cond/>
<LocList>
<Loc EndOffset="8780" SrcFileId="4" StartOffset="8339"/>
</LocList>
<StmntSeq Intrnl_Id="795">
<LocList>
<Loc EndOffset="8354" SrcFileId="4" StartOffset="8345"/>
<Loc EndOffset="8386" SrcFileId="4" StartOffset="8359"/>
<Loc EndOffset="8406" SrcFileId="4" StartOffset="8391"/>
<Loc EndOffset="8775" SrcFileId="4" StartOffset="8411"/>
</LocList>
<BasicStmnt CovItemId="S145" CovItemPrefix="Dominion.Player.java" Intrnl_Id="796">
<LocList>
<Loc EndOffset="8354" SrcFileId="4" StartOffset="8345"/>
</LocList>
</BasicStmnt>
<BasicStmnt CovItemId="S146" CovItemPrefix="Dominion.Player.java" Intrnl_Id="797">
<LocList>
<Loc EndOffset="8386" SrcFileId="4" StartOffset="8359"/>
</LocList>
</BasicStmnt>
<BasicStmnt CovItemId="S147" CovItemPrefix="Dominion.Player.java" Intrnl_Id="798">
<LocList>
<Loc EndOffset="8406" SrcFileId="4" StartOffset="8391"/>
</LocList>
</BasicStmnt>
<LoopStmnt CovItemId="S148" CovItemPrefix="Dominion.Player.java" Intrnl_Id="799" MltplExecId="L19-2" MltplExecPrefix="Dominion.Player.java" NvrExecId="L19-0" NvrExecPrefix="Dominion.Player.java" OnceExecutedId="L19-1" OnceExecutedPrefix="Dominion.Player.java" OptBodyExec="true">
<StmntSeq Intrnl_Id="800">
<LocList>
<Loc EndOffset="8769" SrcFileId="4" StartOffset="8465"/>
</LocList>
<CondStmnt CovItemId="S149" CovItemPrefix="Dominion.Player.java" Intrnl_Id="801">
<Branch CovItemId="B45" CovItemPrefix="Dominion.Player.java" Implct="false" Intrnl_Id="802">
<Cond/>
<LocList>
<Loc EndOffset="8598" SrcFileId="4" StartOffset="8538"/>
</LocList>
<StmntSeq Intrnl_Id="803">
<LocList>
<Loc EndOffset="8591" SrcFileId="4" StartOffset="8546"/>
</LocList>
<BasicStmnt CovItemId="S150" CovItemPrefix="Dominion.Player.java" Intrnl_Id="804">
<LocList>
<Loc EndOffset="8591" SrcFileId="4" StartOffset="8546"/>
</LocList>
</BasicStmnt>
</StmntSeq>
</Branch>
<Branch CovItemId="B46" CovItemPrefix="Dominion.Player.java" Implct="false" Intrnl_Id="805">
<Cond>
<Loc EndOffset="8608" SrcFileId="4" StartOffset="8604"/>
</Cond>
<LocList>
<Loc EndOffset="8769" SrcFileId="4" StartOffset="8614"/>
</LocList>
<StmntSeq Intrnl_Id="806">
<LocList>
<Loc EndOffset="8722" SrcFileId="4" StartOffset="8622"/>
<Loc EndOffset="8762" SrcFileId="4" StartOffset="8729"/>
</LocList>
<BasicStmnt CovItemId="S151" CovItemPrefix="Dominion.Player.java" Intrnl_Id="807">
<LocList>
<Loc EndOffset="8722" SrcFileId="4" StartOffset="8622"/>
</LocList>
</BasicStmnt>
<BasicStmnt CovItemId="S152" CovItemPrefix="Dominion.Player.java" Intrnl_Id="808">
<LocList>
<Loc EndOffset="8762" SrcFileId="4" StartOffset="8729"/>
</LocList>
</BasicStmnt>
</StmntSeq>
</Branch>
<Keyword EndOffset="8467" SrcFileId="4" StartOffset="8465"/>
<LocList>
<Loc EndOffset="8769" SrcFileId="4" StartOffset="8465"/>
</LocList>
</CondStmnt>
</StmntSeq>
<Keyword EndOffset="8414" SrcFileId="4" StartOffset="8411"/>
<LocList>
<Loc EndOffset="8775" SrcFileId="4" StartOffset="8411"/>
</LocList>
</LoopStmnt>
</StmntSeq>
</Branch>
<Branch CovItemId="B44" CovItemPrefix="Dominion.Player.java" Implct="true" Intrnl_Id="809">
<Cond/>
<LocList/>
<StmntSeq Intrnl_Id="810">
<LocList/>
</StmntSeq>
</Branch>
<Keyword EndOffset="8317" SrcFileId="4" StartOffset="8315"/>
<LocList>
<Loc EndOffset="8780" SrcFileId="4" StartOffset="8315"/>
</LocList>
</CondStmnt>
<CondStmnt CovItemId="S153" CovItemPrefix="Dominion.Player.java" Intrnl_Id="811">
<Branch CovItemId="B47" CovItemPrefix="Dominion.Player.java" Implct="false" Intrnl_Id="812">
<Cond/>
<LocList>
<Loc EndOffset="9095" SrcFileId="4" StartOffset="8976"/>
</LocList>
<StmntSeq Intrnl_Id="813">
<LocList>
<Loc EndOffset="9009" SrcFileId="4" StartOffset="8982"/>
<Loc EndOffset="9038" SrcFileId="4" StartOffset="9014"/>
<Loc EndOffset="9074" SrcFileId="4" StartOffset="9055"/>
<Loc EndOffset="9090" SrcFileId="4" StartOffset="9079"/>
</LocList>
<BasicStmnt CovItemId="S154" CovItemPrefix="Dominion.Player.java" Intrnl_Id="814">
<LocList>
<Loc EndOffset="9009" SrcFileId="4" StartOffset="8982"/>
</LocList>
</BasicStmnt>
<BasicStmnt CovItemId="S155" CovItemPrefix="Dominion.Player.java" Intrnl_Id="815">
<LocList>
<Loc EndOffset="9038" SrcFileId="4" StartOffset="9014"/>
</LocList>
</BasicStmnt>
<BasicStmnt CovItemId="S156" CovItemPrefix="Dominion.Player.java" Intrnl_Id="816">
<LocList>
<Loc EndOffset="9074" SrcFileId="4" StartOffset="9055"/>
</LocList>
</BasicStmnt>
<BasicStmnt CovItemId="S157" CovItemPrefix="Dominion.Player.java" Intrnl_Id="817">
<LocList>
<Loc EndOffset="9090" SrcFileId="4" StartOffset="9079"/>
</LocList>
</BasicStmnt>
</StmntSeq>
</Branch>
<Branch CovItemId="B48" CovItemPrefix="Dominion.Player.java" Implct="true" Intrnl_Id="818">
<Cond/>
<LocList/>
<StmntSeq Intrnl_Id="819">
<LocList/>
</StmntSeq>
</Branch>
<Keyword EndOffset="8955" SrcFileId="4" StartOffset="8953"/>
<LocList>
<Loc EndOffset="9095" SrcFileId="4" StartOffset="8953"/>
</LocList>
</CondStmnt>
<CondStmnt CovItemId="S158" CovItemPrefix="Dominion.Player.java" Intrnl_Id="820">
<Branch CovItemId="B49" CovItemPrefix="Dominion.Player.java" Implct="false" Intrnl_Id="821">
<Cond/>
<LocList>
<Loc EndOffset="9707" SrcFileId="4" StartOffset="9180"/>
</LocList>
<StmntSeq Intrnl_Id="822">
<LocList>
<Loc EndOffset="9211" SrcFileId="4" StartOffset="9186"/>
<Loc EndOffset="9247" SrcFileId="4" StartOffset="9216"/>
<Loc EndOffset="9431" SrcFileId="4" StartOffset="9252"/>
<Loc EndOffset="9460" SrcFileId="4" StartOffset="9436"/>
<Loc EndOffset="9502" SrcFileId="4" StartOffset="9477"/>
<Loc EndOffset="9702" SrcFileId="4" StartOffset="9507"/>
</LocList>
<BasicStmnt CovItemId="S159" CovItemPrefix="Dominion.Player.java" Intrnl_Id="823">
<LocList>
<Loc EndOffset="9211" SrcFileId="4" StartOffset="9186"/>
</LocList>
</BasicStmnt>
<BasicStmnt CovItemId="S160" CovItemPrefix="Dominion.Player.java" Intrnl_Id="824">
<LocList>
<Loc EndOffset="9247" SrcFileId="4" StartOffset="9216"/>
</LocList>
</BasicStmnt>
<LoopStmnt CovItemId="S161" CovItemPrefix="Dominion.Player.java" Intrnl_Id="825" MltplExecId="L20-2" MltplExecPrefix="Dominion.Player.java" NvrExecId="L20-0" NvrExecPrefix="Dominion.Player.java" OnceExecutedId="L20-1" OnceExecutedPrefix="Dominion.Player.java" OptBodyExec="true">
<StmntSeq Intrnl_Id="826">
<LocList>
<Loc EndOffset="9425" SrcFileId="4" StartOffset="9305"/>
</LocList>
<CondStmnt CovItemId="S162" CovItemPrefix="Dominion.Player.java" Intrnl_Id="827">
<Branch CovItemId="B51" CovItemPrefix="Dominion.Player.java" Implct="false" Intrnl_Id="828">
<Cond/>
<LocList>
<Loc EndOffset="9425" SrcFileId="4" StartOffset="9387"/>
</LocList>
<StmntSeq Intrnl_Id="829">
<LocList>
<Loc EndOffset="9418" SrcFileId="4" StartOffset="9395"/>
</LocList>
<BasicStmnt CovItemId="S163" CovItemPrefix="Dominion.Player.java" Intrnl_Id="830">
<LocList>
<Loc EndOffset="9418" SrcFileId="4" StartOffset="9395"/>
</LocList>
</BasicStmnt>
</StmntSeq>
</Branch>
<Branch CovItemId="B52" CovItemPrefix="Dominion.Player.java" Implct="true" Intrnl_Id="831">
<Cond/>
<LocList/>
<StmntSeq Intrnl_Id="832">
<LocList/>
</StmntSeq>
</Branch>
<Keyword EndOffset="9307" SrcFileId="4" StartOffset="9305"/>
<LocList>
<Loc EndOffset="9425" SrcFileId="4" StartOffset="9305"/>
</LocList>
</CondStmnt>
</StmntSeq>
<Keyword EndOffset="9255" SrcFileId="4" StartOffset="9252"/>
<LocList>
<Loc EndOffset="9431" SrcFileId="4" StartOffset="9252"/>
</LocList>
</LoopStmnt>
<BasicStmnt CovItemId="S164" CovItemPrefix="Dominion.Player.java" Intrnl_Id="833">
<LocList>
<Loc EndOffset="9460" SrcFileId="4" StartOffset="9436"/>
</LocList>
</BasicStmnt>
<BasicStmnt CovItemId="S165" CovItemPrefix="Dominion.Player.java" Intrnl_Id="834">
<LocList>
<Loc EndOffset="9502" SrcFileId="4" StartOffset="9477"/>
</LocList>
</BasicStmnt>
<CondStmnt CovItemId="S166" CovItemPrefix="Dominion.Player.java" Intrnl_Id="835">
<Branch CovItemId="B53" CovItemPrefix="Dominion.Player.java" Implct="false" Intrnl_Id="836">
<Cond/>
<LocList>
<Loc EndOffset="9629" SrcFileId="4" StartOffset="9549"/>
</LocList>
<StmntSeq Intrnl_Id="837">
<LocList>
<Loc EndOffset="9623" SrcFileId="4" StartOffset="9556"/>
</LocList>
<BasicStmnt CovItemId="S167" CovItemPrefix="Dominion.Player.java" Intrnl_Id="838">
<LocList>
<Loc EndOffset="9623" SrcFileId="4" StartOffset="9556"/>
</LocList>
</BasicStmnt>
</StmntSeq>
</Branch>
<Branch CovItemId="B54" CovItemPrefix="Dominion.Player.java" Implct="false" Intrnl_Id="839">
<Cond>
<Loc EndOffset="9638" SrcFileId="4" StartOffset="9634"/>
</Cond>
<LocList>
<Loc EndOffset="9702" SrcFileId="4" StartOffset="9643"/>
</LocList>
<StmntSeq Intrnl_Id="840">
<LocList>
<Loc EndOffset="9696" SrcFileId="4" StartOffset="9650"/>
</LocList>
<BasicStmnt CovItemId="S168" CovItemPrefix="Dominion.Player.java" Intrnl_Id="841">
<LocList>
<Loc EndOffset="9696" SrcFileId="4" StartOffset="9650"/>
</LocList>
</BasicStmnt>
</StmntSeq>
</Branch>
<Keyword EndOffset="9509" SrcFileId="4" StartOffset="9507"/>
<LocList>
<Loc EndOffset="9702" SrcFileId="4" StartOffset="9507"/>
</LocList>
</CondStmnt>
</StmntSeq>
</Branch>
<Branch CovItemId="B50" CovItemPrefix="Dominion.Player.java" Implct="true" Intrnl_Id="842">
<Cond/>
<LocList/>
<StmntSeq Intrnl_Id="843">
<LocList/>
</StmntSeq>
</Branch>
<Keyword EndOffset="9161" SrcFileId="4" StartOffset="9159"/>
<LocList>
<Loc EndOffset="9707" SrcFileId="4" StartOffset="9159"/>
</LocList>
</CondStmnt>
<CondStmnt CovItemId="S169" CovItemPrefix="Dominion.Player.java" Intrnl_Id="844">
<Branch CovItemId="B55" CovItemPrefix="Dominion.Player.java" Implct="false" Intrnl_Id="845">
<Cond/>
<LocList>
<Loc EndOffset="9919" SrcFileId="4" StartOffset="9741"/>
</LocList>
<StmntSeq Intrnl_Id="846">
<LocList>
<Loc EndOffset="9779" SrcFileId="4" StartOffset="9770"/>
<Loc EndOffset="9882" SrcFileId="4" StartOffset="9861"/>
<Loc EndOffset="9899" SrcFileId="4" StartOffset="9887"/>
<Loc EndOffset="9914" SrcFileId="4" StartOffset="9904"/>
</LocList>
<BasicStmnt CovItemId="S170" CovItemPrefix="Dominion.Player.java" Intrnl_Id="847">
<LocList>
<Loc EndOffset="9779" SrcFileId="4" StartOffset="9770"/>
</LocList>
</BasicStmnt>
<BasicStmnt CovItemId="S171" CovItemPrefix="Dominion.Player.java" Intrnl_Id="848">
<LocList>
<Loc EndOffset="9882" SrcFileId="4" StartOffset="9861"/>
</LocList>
</BasicStmnt>
<BasicStmnt CovItemId="S172" CovItemPrefix="Dominion.Player.java" Intrnl_Id="849">
<LocList>
<Loc EndOffset="9899" SrcFileId="4" StartOffset="9887"/>
</LocList>
</BasicStmnt>
<BasicStmnt CovItemId="S173" CovItemPrefix="Dominion.Player.java" Intrnl_Id="850">
<LocList>
<Loc EndOffset="9914" SrcFileId="4" StartOffset="9904"/>
</LocList>
</BasicStmnt>
</StmntSeq>
</Branch>
<Branch CovItemId="B56" CovItemPrefix="Dominion.Player.java" Implct="true" Intrnl_Id="851">
<Cond/>
<LocList/>
<StmntSeq Intrnl_Id="852">
<LocList/>
</StmntSeq>
</Branch>
<Keyword EndOffset="9717" SrcFileId="4" StartOffset="9715"/>
<LocList>
<Loc EndOffset="9919" SrcFileId="4" StartOffset="9715"/>
</LocList>
</CondStmnt>
<CondStmnt CovItemId="S174" CovItemPrefix="Dominion.Player.java" Intrnl_Id="853">
<Branch CovItemId="B57" CovItemPrefix="Dominion.Player.java" Implct="false" Intrnl_Id="854">
<Cond/>
<LocList>
<Loc EndOffset="11024" SrcFileId="4" StartOffset="10056"/>
</LocList>
<StmntSeq Intrnl_Id="855">
<LocList>
<Loc EndOffset="10071" SrcFileId="4" StartOffset="10062"/>
<Loc EndOffset="10103" SrcFileId="4" StartOffset="10076"/>
<Loc EndOffset="10141" SrcFileId="4" StartOffset="10108"/>
<Loc EndOffset="10277" SrcFileId="4" StartOffset="10146"/>
<Loc EndOffset="10487" SrcFileId="4" StartOffset="10328"/>
<Loc EndOffset="10521" SrcFileId="4" StartOffset="10497"/>
<Loc EndOffset="10563" SrcFileId="4" StartOffset="10538"/>
<Loc EndOffset="11014" SrcFileId="4" StartOffset="10568"/>
</LocList>
<BasicStmnt CovItemId="S175" CovItemPrefix="Dominion.Player.java" Intrnl_Id="856">
<LocList>
<Loc EndOffset="10071" SrcFileId="4" StartOffset="10062"/>
</LocList>
</BasicStmnt>
<BasicStmnt CovItemId="S176" CovItemPrefix="Dominion.Player.java" Intrnl_Id="857">
<LocList>
<Loc EndOffset="10103" SrcFileId="4" StartOffset="10076"/>
</LocList>
</BasicStmnt>
<BasicStmnt CovItemId="S177" CovItemPrefix="Dominion.Player.java" Intrnl_Id="858">
<LocList>
<Loc EndOffset="10141" SrcFileId="4" StartOffset="10108"/>
</LocList>
</BasicStmnt>
<LoopStmnt CovItemId="S178" CovItemPrefix="Dominion.Player.java" Intrnl_Id="859" MltplExecId="L21-2" MltplExecPrefix="Dominion.Player.java" NvrExecId="L21-0" NvrExecPrefix="Dominion.Player.java" OnceExecutedId="L21-1" OnceExecutedPrefix="Dominion.Player.java" OptBodyExec="true">
<StmntSeq Intrnl_Id="860">
<LocList>
<Loc EndOffset="10271" SrcFileId="4" StartOffset="10195"/>
</LocList>
<CondStmnt CovItemId="S179" CovItemPrefix="Dominion.Player.java" Intrnl_Id="861">
<Branch CovItemId="B59" CovItemPrefix="Dominion.Player.java" Implct="false" Intrnl_Id="862">
<Cond/>
<LocList>
<Loc EndOffset="10271" SrcFileId="4" StartOffset="10242"/>
</LocList>
<StmntSeq Intrnl_Id="863">
<LocList>
<Loc EndOffset="10271" SrcFileId="4" StartOffset="10242"/>
</LocList>
<BasicStmnt CovItemId="S180" CovItemPrefix="Dominion.Player.java" Intrnl_Id="864">
<LocList>
<Loc EndOffset="10271" SrcFileId="4" StartOffset="10242"/>
</LocList>
</BasicStmnt>
</StmntSeq>
</Branch>
<Branch CovItemId="B60" CovItemPrefix="Dominion.Player.java" Implct="true" Intrnl_Id="865">
<Cond/>
<LocList/>
<StmntSeq Intrnl_Id="866">
<LocList/>
</StmntSeq>
</Branch>
<Keyword EndOffset="10197" SrcFileId="4" StartOffset="10195"/>
<LocList>
<Loc EndOffset="10271" SrcFileId="4" StartOffset="10195"/>
</LocList>
</CondStmnt>
</StmntSeq>
<Keyword EndOffset="10149" SrcFileId="4" StartOffset="10146"/>
<LocList>
<Loc EndOffset="10277" SrcFileId="4" StartOffset="10146"/>
</LocList>
</LoopStmnt>
<CondStmnt CovItemId="S181" CovItemPrefix="Dominion.Player.java" Intrnl_Id="867">
<Branch CovItemId="B61" CovItemPrefix="Dominion.Player.java" Implct="false" Intrnl_Id="868">
<Cond/>
<LocList>
<Loc EndOffset="10487" SrcFileId="4" StartOffset="10357"/>
</LocList>
<StmntSeq Intrnl_Id="869">
<LocList>
<Loc EndOffset="10452" SrcFileId="4" StartOffset="10364"/>
<Loc EndOffset="10468" SrcFileId="4" StartOffset="10458"/>
<Loc EndOffset="10481" SrcFileId="4" StartOffset="10474"/>
</LocList>
<BasicStmnt CovItemId="S182" CovItemPrefix="Dominion.Player.java" Intrnl_Id="870">
<LocList>
<Loc EndOffset="10452" SrcFileId="4" StartOffset="10364"/>
</LocList>
</BasicStmnt>
<BasicStmnt CovItemId="S183" CovItemPrefix="Dominion.Player.java" Intrnl_Id="871">
<LocList>
<Loc EndOffset="10468" SrcFileId="4" StartOffset="10458"/>
</LocList>
</BasicStmnt>
<BasicStmnt CovItemId="S184" CovItemPrefix="Dominion.Player.java" Intrnl_Id="872">
<LocList>
<Loc EndOffset="10481" SrcFileId="4" StartOffset="10474"/>
</LocList>
</BasicStmnt>
</StmntSeq>
</Branch>
<Branch CovItemId="B62" CovItemPrefix="Dominion.Player.java" Implct="true" Intrnl_Id="873">
<Cond/>
<LocList/>
<StmntSeq Intrnl_Id="874">
<LocList/>
</StmntSeq>
</Branch>
<Keyword EndOffset="10330" SrcFileId="4" StartOffset="10328"/>
<LocList>
<Loc EndOffset="10487" SrcFileId="4" StartOffset="10328"/>
</LocList>
</CondStmnt>
<BasicStmnt CovItemId="S185" CovItemPrefix="Dominion.Player.java" Intrnl_Id="875">
<LocList>
<Loc EndOffset="10521" SrcFileId="4" StartOffset="10497"/>
</LocList>
</BasicStmnt>
<BasicStmnt CovItemId="S186" CovItemPrefix="Dominion.Player.java" Intrnl_Id="876">
<LocList>
<Loc EndOffset="10563" SrcFileId="4" StartOffset="10538"/>
</LocList>
</BasicStmnt>
<CondStmnt CovItemId="S187" CovItemPrefix="Dominion.Player.java" Intrnl_Id="877">
<Branch CovItemId="B63" CovItemPrefix="Dominion.Player.java" Implct="false" Intrnl_Id="878">
<Cond/>
<LocList>
<Loc EndOffset="10743" SrcFileId="4" StartOffset="10599"/>
</LocList>
<StmntSeq Intrnl_Id="879">
<LocList>
<Loc EndOffset="10624" SrcFileId="4" StartOffset="10606"/>
<Loc EndOffset="10737" SrcFileId="4" StartOffset="10630"/>
</LocList>
<BasicStmnt CovItemId="S188" CovItemPrefix="Dominion.Player.java" Intrnl_Id="880">
<LocList>
<Loc EndOffset="10624" SrcFileId="4" StartOffset="10606"/>
</LocList>
</BasicStmnt>
<CondStmnt CovItemId="S189" CovItemPrefix="Dominion.Player.java" Intrnl_Id="881">
<Branch CovItemId="B65" CovItemPrefix="Dominion.Player.java" Implct="false" Intrnl_Id="882">
<Cond/>
<LocList>
<Loc EndOffset="10684" SrcFileId="4" StartOffset="10649"/>
</LocList>
<StmntSeq Intrnl_Id="883">
<LocList>
<Loc EndOffset="10684" SrcFileId="4" StartOffset="10649"/>
</LocList>
<BasicStmnt CovItemId="S190" CovItemPrefix="Dominion.Player.java" Intrnl_Id="884">
<LocList>
<Loc EndOffset="10684" SrcFileId="4" StartOffset="10649"/>
</LocList>
</BasicStmnt>
</StmntSeq>
</Branch>
<Branch CovItemId="B66" CovItemPrefix="Dominion.Player.java" Implct="false" Intrnl_Id="885">
<Cond>
<Loc EndOffset="10694" SrcFileId="4" StartOffset="10690"/>
</Cond>
<LocList>
<Loc EndOffset="10737" SrcFileId="4" StartOffset="10702"/>
</LocList>
<StmntSeq Intrnl_Id="886">
<LocList>
<Loc EndOffset="10737" SrcFileId="4" StartOffset="10702"/>
</LocList>
<BasicStmnt CovItemId="S191" CovItemPrefix="Dominion.Player.java" Intrnl_Id="887">
<LocList>
<Loc EndOffset="10737" SrcFileId="4" StartOffset="10702"/>
</LocList>
</BasicStmnt>
</StmntSeq>
</Branch>
<Keyword EndOffset="10632" SrcFileId="4" StartOffset="10630"/>
<LocList>
<Loc EndOffset="10737" SrcFileId="4" StartOffset="10630"/>
</LocList>
</CondStmnt>
</StmntSeq>
</Branch>
<Branch CovItemId="B64" CovItemPrefix="Dominion.Player.java" Implct="false" Intrnl_Id="888">
<Cond>
<Loc EndOffset="10752" SrcFileId="4" StartOffset="10748"/>
</Cond>
<LocList>
<Loc EndOffset="11014" SrcFileId="4" StartOffset="10753"/>
</LocList>
<StmntSeq Intrnl_Id="889">
<LocList>
<Loc EndOffset="11014" SrcFileId="4" StartOffset="10753"/>
</LocList>
<CondStmnt CovItemId="S192" CovItemPrefix="Dominion.Player.java" Intrnl_Id="890">
<Branch CovItemId="B67" CovItemPrefix="Dominion.Player.java" Implct="false" Intrnl_Id="891">
<Cond/>
<LocList>
<Loc EndOffset="11014" SrcFileId="4" StartOffset="10807"/>
</LocList>
<StmntSeq Intrnl_Id="892">
<LocList>
<Loc EndOffset="10832" SrcFileId="4" StartOffset="10814"/>
<Loc EndOffset="11008" SrcFileId="4" StartOffset="10838"/>
</LocList>
<BasicStmnt CovItemId="S193" CovItemPrefix="Dominion.Player.java" Intrnl_Id="893">
<LocList>
<Loc EndOffset="10832" SrcFileId="4" StartOffset="10814"/>
</LocList>
</BasicStmnt>
<CondStmnt CovItemId="S194" CovItemPrefix="Dominion.Player.java" Intrnl_Id="894">
<Branch CovItemId="B69" CovItemPrefix="Dominion.Player.java" Implct="false" Intrnl_Id="895">
<Cond/>
<LocList>
<Loc EndOffset="10890" SrcFileId="4" StartOffset="10857"/>
</LocList>
<StmntSeq Intrnl_Id="896">
<LocList>
<Loc EndOffset="10890" SrcFileId="4" StartOffset="10857"/>
</LocList>
<BasicStmnt CovItemId="S195" CovItemPrefix="Dominion.Player.java" Intrnl_Id="897">
<LocList>
<Loc EndOffset="10890" SrcFileId="4" StartOffset="10857"/>
</LocList>
</BasicStmnt>
</StmntSeq>
</Branch>
<Branch CovItemId="B70" CovItemPrefix="Dominion.Player.java" Implct="false" Intrnl_Id="898">
<Cond>
<Loc EndOffset="10900" SrcFileId="4" StartOffset="10896"/>
</Cond>
<LocList>
<Loc EndOffset="11008" SrcFileId="4" StartOffset="10901"/>
</LocList>
<StmntSeq Intrnl_Id="899">
<LocList>
<Loc EndOffset="11008" SrcFileId="4" StartOffset="10901"/>
</LocList>
<CondStmnt CovItemId="S196" CovItemPrefix="Dominion.Player.java" Intrnl_Id="900">
<Branch CovItemId="B71" CovItemPrefix="Dominion.Player.java" Implct="false" Intrnl_Id="901">
<Cond/>
<LocList>
<Loc EndOffset="10955" SrcFileId="4" StartOffset="10920"/>
</LocList>
<StmntSeq Intrnl_Id="902">
<LocList>
<Loc EndOffset="10955" SrcFileId="4" StartOffset="10920"/>
</LocList>
<BasicStmnt CovItemId="S197" CovItemPrefix="Dominion.Player.java" Intrnl_Id="903">
<LocList>
<Loc EndOffset="10955" SrcFileId="4" StartOffset="10920"/>
</LocList>
</BasicStmnt>
</StmntSeq>
</Branch>
<Branch CovItemId="B72" CovItemPrefix="Dominion.Player.java" Implct="false" Intrnl_Id="904">
<Cond>
<Loc EndOffset="10965" SrcFileId="4" StartOffset="10961"/>
</Cond>
<LocList>
<Loc EndOffset="11008" SrcFileId="4" StartOffset="10973"/>
</LocList>
<StmntSeq Intrnl_Id="905">
<LocList>
<Loc EndOffset="11008" SrcFileId="4" StartOffset="10973"/>
</LocList>
<BasicStmnt CovItemId="S198" CovItemPrefix="Dominion.Player.java" Intrnl_Id="906">
<LocList>
<Loc EndOffset="11008" SrcFileId="4" StartOffset="10973"/>
</LocList>
</BasicStmnt>
</StmntSeq>
</Branch>
<Keyword EndOffset="10903" SrcFileId="4" StartOffset="10901"/>
<LocList>
<Loc EndOffset="11008" SrcFileId="4" StartOffset="10901"/>
</LocList>
</CondStmnt>
</StmntSeq>
</Branch>
<Keyword EndOffset="10840" SrcFileId="4" StartOffset="10838"/>
<LocList>
<Loc EndOffset="11008" SrcFileId="4" StartOffset="10838"/>
</LocList>
</CondStmnt>
</StmntSeq>
</Branch>
<Branch CovItemId="B68" CovItemPrefix="Dominion.Player.java" Implct="true" Intrnl_Id="907">
<Cond/>
<LocList/>
<StmntSeq Intrnl_Id="908">
<LocList/>
</StmntSeq>
</Branch>
<Keyword EndOffset="10755" SrcFileId="4" StartOffset="10753"/>
<LocList>
<Loc EndOffset="11014" SrcFileId="4" StartOffset="10753"/>
</LocList>
</CondStmnt>
</StmntSeq>
</Branch>
<Keyword EndOffset="10570" SrcFileId="4" StartOffset="10568"/>
<LocList>
<Loc EndOffset="11014" SrcFileId="4" StartOffset="10568"/>
</LocList>
</CondStmnt>
</StmntSeq>
</Branch>
<Branch CovItemId="B58" CovItemPrefix="Dominion.Player.java" Implct="true" Intrnl_Id="909">
<Cond/>
<LocList/>
<StmntSeq Intrnl_Id="910">
<LocList/>
</StmntSeq>
</Branch>
<Keyword EndOffset="10038" SrcFileId="4" StartOffset="10036"/>
<LocList>
<Loc EndOffset="11024" SrcFileId="4" StartOffset="10036"/>
</LocList>
</CondStmnt>
<CondStmnt CovItemId="S199" CovItemPrefix="Dominion.Player.java" Intrnl_Id="911">
<Branch CovItemId="B73" CovItemPrefix="Dominion.Player.java" Implct="false" Intrnl_Id="912">
<Cond/>
<LocList>
<Loc EndOffset="11601" SrcFileId="4" StartOffset="11155"/>
</LocList>
<StmntSeq Intrnl_Id="913">
<LocList>
<Loc EndOffset="11170" SrcFileId="4" StartOffset="11161"/>
<Loc EndOffset="11202" SrcFileId="4" StartOffset="11175"/>
<Loc EndOffset="11231" SrcFileId="4" StartOffset="11207"/>
<Loc EndOffset="11266" SrcFileId="4" StartOffset="11248"/>
<Loc EndOffset="11596" SrcFileId="4" StartOffset="11271"/>
</LocList>
<BasicStmnt CovItemId="S200" CovItemPrefix="Dominion.Player.java" Intrnl_Id="914">
<LocList>
<Loc EndOffset="11170" SrcFileId="4" StartOffset="11161"/>
</LocList>
</BasicStmnt>
<BasicStmnt CovItemId="S201" CovItemPrefix="Dominion.Player.java" Intrnl_Id="915">
<LocList>
<Loc EndOffset="11202" SrcFileId="4" StartOffset="11175"/>
</LocList>
</BasicStmnt>
<BasicStmnt CovItemId="S202" CovItemPrefix="Dominion.Player.java" Intrnl_Id="916">
<LocList>
<Loc EndOffset="11231" SrcFileId="4" StartOffset="11207"/>
</LocList>
</BasicStmnt>
<BasicStmnt CovItemId="S203" CovItemPrefix="Dominion.Player.java" Intrnl_Id="917">
<LocList>
<Loc EndOffset="11266" SrcFileId="4" StartOffset="11248"/>
</LocList>
</BasicStmnt>
<CondStmnt CovItemId="S204" CovItemPrefix="Dominion.Player.java" Intrnl_Id="918">
<Branch CovItemId="B75" CovItemPrefix="Dominion.Player.java" Implct="false" Intrnl_Id="919">
<Cond/>
<LocList>
<Loc EndOffset="11315" SrcFileId="4" StartOffset="11287"/>
</LocList>
<StmntSeq Intrnl_Id="920">
<LocList>
<Loc EndOffset="11309" SrcFileId="4" StartOffset="11294"/>
</LocList>
<BasicStmnt CovItemId="S205" CovItemPrefix="Dominion.Player.java" Intrnl_Id="921">
<LocList>
<Loc EndOffset="11309" SrcFileId="4" StartOffset="11294"/>
</LocList>
</BasicStmnt>
</StmntSeq>
</Branch>
<Branch CovItemId="B76" CovItemPrefix="Dominion.Player.java" Implct="false" Intrnl_Id="922">
<Cond>
<Loc EndOffset="11324" SrcFileId="4" StartOffset="11320"/>
</Cond>
<LocList>
<Loc EndOffset="11596" SrcFileId="4" StartOffset="11329"/>
</LocList>
<StmntSeq Intrnl_Id="923">
<LocList>
<Loc EndOffset="11353" SrcFileId="4" StartOffset="11336"/>
<Loc EndOffset="11371" SrcFileId="4" StartOffset="11359"/>
<Loc EndOffset="11590" SrcFileId="4" StartOffset="11377"/>
</LocList>
<BasicStmnt CovItemId="S206" CovItemPrefix="Dominion.Player.java" Intrnl_Id="924">
<LocList>
<Loc EndOffset="11353" SrcFileId="4" StartOffset="11336"/>
</LocList>
</BasicStmnt>
<BasicStmnt CovItemId="S207" CovItemPrefix="Dominion.Player.java" Intrnl_Id="925">
<LocList>
<Loc EndOffset="11371" SrcFileId="4" StartOffset="11359"/>
</LocList>
</BasicStmnt>
<LoopStmnt CovItemId="S208" CovItemPrefix="Dominion.Player.java" Intrnl_Id="926" MltplExecId="L22-2" MltplExecPrefix="Dominion.Player.java" NvrExecId="L22-0" NvrExecPrefix="Dominion.Player.java" OnceExecutedId="L22-1" OnceExecutedPrefix="Dominion.Player.java" OptBodyExec="true">
<StmntSeq Intrnl_Id="927">
<LocList>
<Loc EndOffset="11583" SrcFileId="4" StartOffset="11433"/>
</LocList>
<CondStmnt CovItemId="S209" CovItemPrefix="Dominion.Player.java" Intrnl_Id="928">
<Branch CovItemId="B77" CovItemPrefix="Dominion.Player.java" Implct="false" Intrnl_Id="929">
<Cond/>
<LocList>
<Loc EndOffset="11583" SrcFileId="4" StartOffset="11478"/>
</LocList>
<StmntSeq Intrnl_Id="930">
<LocList>
<Loc EndOffset="11538" SrcFileId="4" StartOffset="11487"/>
<Loc EndOffset="11575" SrcFileId="4" StartOffset="11546"/>
</LocList>
<BasicStmnt CovItemId="S210" CovItemPrefix="Dominion.Player.java" Intrnl_Id="931">
<LocList>
<Loc EndOffset="11538" SrcFileId="4" StartOffset="11487"/>
</LocList>
</BasicStmnt>
<BasicStmnt CovItemId="S211" CovItemPrefix="Dominion.Player.java" Intrnl_Id="932">
<LocList>
<Loc EndOffset="11575" SrcFileId="4" StartOffset="11546"/>
</LocList>
</BasicStmnt>
</StmntSeq>
</Branch>
<Branch CovItemId="B78" CovItemPrefix="Dominion.Player.java" Implct="true" Intrnl_Id="933">
<Cond/>
<LocList/>
<StmntSeq Intrnl_Id="934">
<LocList/>
</StmntSeq>
</Branch>
<Keyword EndOffset="11435" SrcFileId="4" StartOffset="11433"/>
<LocList>
<Loc EndOffset="11583" SrcFileId="4" StartOffset="11433"/>
</LocList>
</CondStmnt>
</StmntSeq>
<Keyword EndOffset="11380" SrcFileId="4" StartOffset="11377"/>
<LocList>
<Loc EndOffset="11590" SrcFileId="4" StartOffset="11377"/>
</LocList>
</LoopStmnt>
</StmntSeq>
</Branch>
<Keyword EndOffset="11273" SrcFileId="4" StartOffset="11271"/>
<LocList>
<Loc EndOffset="11596" SrcFileId="4" StartOffset="11271"/>
</LocList>
</CondStmnt>
</StmntSeq>
</Branch>
<Branch CovItemId="B74" CovItemPrefix="Dominion.Player.java" Implct="true" Intrnl_Id="935">
<Cond/>
<LocList/>
<StmntSeq Intrnl_Id="936">
<LocList/>
</StmntSeq>
</Branch>
<Keyword EndOffset="11135" SrcFileId="4" StartOffset="11133"/>
<LocList>
<Loc EndOffset="11601" SrcFileId="4" StartOffset="11133"/>
</LocList>
</CondStmnt>
<CondStmnt CovItemId="S212" CovItemPrefix="Dominion.Player.java" Intrnl_Id="937">
<Branch CovItemId="B79" CovItemPrefix="Dominion.Player.java" Implct="false" Intrnl_Id="938">
<Cond/>
<LocList>
<Loc EndOffset="11700" SrcFileId="4" StartOffset="11631"/>
</LocList>
<StmntSeq Intrnl_Id="939">
<LocList>
<Loc EndOffset="11646" SrcFileId="4" StartOffset="11637"/>
<Loc EndOffset="11678" SrcFileId="4" StartOffset="11651"/>
<Loc EndOffset="11695" SrcFileId="4" StartOffset="11683"/>
</LocList>
<BasicStmnt CovItemId="S213" CovItemPrefix="Dominion.Player.java" Intrnl_Id="940">
<LocList>
<Loc EndOffset="11646" SrcFileId="4" StartOffset="11637"/>
</LocList>
</BasicStmnt>
<BasicStmnt CovItemId="S214" CovItemPrefix="Dominion.Player.java" Intrnl_Id="941">
<LocList>
<Loc EndOffset="11678" SrcFileId="4" StartOffset="11651"/>
</LocList>
</BasicStmnt>
<BasicStmnt CovItemId="S215" CovItemPrefix="Dominion.Player.java" Intrnl_Id="942">
<LocList>
<Loc EndOffset="11695" SrcFileId="4" StartOffset="11683"/>
</LocList>
</BasicStmnt>
</StmntSeq>
</Branch>
<Branch CovItemId="B80" CovItemPrefix="Dominion.Player.java" Implct="true" Intrnl_Id="943">
<Cond/>
<LocList/>
<StmntSeq Intrnl_Id="944">
<LocList/>
</StmntSeq>
</Branch>
<Keyword EndOffset="11611" SrcFileId="4" StartOffset="11609"/>
<LocList>
<Loc EndOffset="11700" SrcFileId="4" StartOffset="11609"/>
</LocList>
</CondStmnt>
<CondStmnt CovItemId="S216" CovItemPrefix="Dominion.Player.java" Intrnl_Id="945">
<Branch CovItemId="B81" CovItemPrefix="Dominion.Player.java" Implct="false" Intrnl_Id="946">
<Cond/>
<LocList>
<Loc EndOffset="12129" SrcFileId="4" StartOffset="11785"/>
</LocList>
<StmntSeq Intrnl_Id="947">
<LocList>
<Loc EndOffset="11800" SrcFileId="4" StartOffset="11791"/>
<Loc EndOffset="11832" SrcFileId="4" StartOffset="11805"/>
<Loc EndOffset="11861" SrcFileId="4" StartOffset="11837"/>
<Loc EndOffset="11896" SrcFileId="4" StartOffset="11878"/>
<Loc EndOffset="12124" SrcFileId="4" StartOffset="11901"/>
</LocList>
<BasicStmnt CovItemId="S217" CovItemPrefix="Dominion.Player.java" Intrnl_Id="948">
<LocList>
<Loc EndOffset="11800" SrcFileId="4" StartOffset="11791"/>
</LocList>
</BasicStmnt>
<BasicStmnt CovItemId="S218" CovItemPrefix="Dominion.Player.java" Intrnl_Id="949">
<LocList>
<Loc EndOffset="11832" SrcFileId="4" StartOffset="11805"/>
</LocList>
</BasicStmnt>
<BasicStmnt CovItemId="S219" CovItemPrefix="Dominion.Player.java" Intrnl_Id="950">
<LocList>
<Loc EndOffset="11861" SrcFileId="4" StartOffset="11837"/>
</LocList>
</BasicStmnt>
<BasicStmnt CovItemId="S220" CovItemPrefix="Dominion.Player.java" Intrnl_Id="951">
<LocList>
<Loc EndOffset="11896" SrcFileId="4" StartOffset="11878"/>
</LocList>
</BasicStmnt>
<CondStmnt CovItemId="S221" CovItemPrefix="Dominion.Player.java" Intrnl_Id="952">
<Branch CovItemId="B83" CovItemPrefix="Dominion.Player.java" Implct="false" Intrnl_Id="953">
<Cond/>
<LocList>
<Loc EndOffset="11943" SrcFileId="4" StartOffset="11918"/>
</LocList>
<StmntSeq Intrnl_Id="954">
<LocList>
<Loc EndOffset="11937" SrcFileId="4" StartOffset="11925"/>
</LocList>
<BasicStmnt CovItemId="S222" CovItemPrefix="Dominion.Player.java" Intrnl_Id="955">
<LocList>
<Loc EndOffset="11937" SrcFileId="4" StartOffset="11925"/>
</LocList>
</BasicStmnt>
</StmntSeq>
</Branch>
<Branch CovItemId="B84" CovItemPrefix="Dominion.Player.java" Implct="false" Intrnl_Id="956">
<Cond>
<Loc EndOffset="11952" SrcFileId="4" StartOffset="11948"/>
</Cond>
<LocList>
<Loc EndOffset="12124" SrcFileId="4" StartOffset="11953"/>
</LocList>
<StmntSeq Intrnl_Id="957">
<LocList>
<Loc EndOffset="12124" SrcFileId="4" StartOffset="11953"/>
</LocList>
<CondStmnt CovItemId="S223" CovItemPrefix="Dominion.Player.java" Intrnl_Id="958">
<Branch CovItemId="B85" CovItemPrefix="Dominion.Player.java" Implct="false" Intrnl_Id="959">
<Cond/>
<LocList>
<Loc EndOffset="11998" SrcFileId="4" StartOffset="11970"/>
</LocList>
<StmntSeq Intrnl_Id="960">
<LocList>
<Loc EndOffset="11992" SrcFileId="4" StartOffset="11977"/>
</LocList>
<BasicStmnt CovItemId="S224" CovItemPrefix="Dominion.Player.java" Intrnl_Id="961">
<LocList>
<Loc EndOffset="11992" SrcFileId="4" StartOffset="11977"/>
</LocList>
</BasicStmnt>
</StmntSeq>
</Branch>
<Branch CovItemId="B86" CovItemPrefix="Dominion.Player.java" Implct="false" Intrnl_Id="962">
<Cond>
<Loc EndOffset="12007" SrcFileId="4" StartOffset="12003"/>
</Cond>
<LocList>
<Loc EndOffset="12124" SrcFileId="4" StartOffset="12012"/>
</LocList>
<StmntSeq Intrnl_Id="963">
<LocList>
<Loc EndOffset="12118" SrcFileId="4" StartOffset="12019"/>
</LocList>
<LoopStmnt CovItemId="S225" CovItemPrefix="Dominion.Player.java" Intrnl_Id="964" MltplExecId="L23-2" MltplExecPrefix="Dominion.Player.java" NvrExecId="L23-0" NvrExecPrefix="Dominion.Player.java" OnceExecutedId="L23-1" OnceExecutedPrefix="Dominion.Player.java" OptBodyExec="true">
<StmntSeq Intrnl_Id="965">
<LocList>
<Loc EndOffset="12088" SrcFileId="4" StartOffset="12060"/>
<Loc EndOffset="12111" SrcFileId="4" StartOffset="12095"/>
</LocList>
<BasicStmnt CovItemId="S226" CovItemPrefix="Dominion.Player.java" Intrnl_Id="966">
<LocList>
<Loc EndOffset="12088" SrcFileId="4" StartOffset="12060"/>
</LocList>
</BasicStmnt>
<BasicStmnt CovItemId="S227" CovItemPrefix="Dominion.Player.java" Intrnl_Id="967">
<LocList>
<Loc EndOffset="12111" SrcFileId="4" StartOffset="12095"/>
</LocList>
</BasicStmnt>
</StmntSeq>
<Keyword EndOffset="12022" SrcFileId="4" StartOffset="12019"/>
<LocList>
<Loc EndOffset="12118" SrcFileId="4" StartOffset="12019"/>
</LocList>
</LoopStmnt>
</StmntSeq>
</Branch>
<Keyword EndOffset="11955" SrcFileId="4" StartOffset="11953"/>
<LocList>
<Loc EndOffset="12124" SrcFileId="4" StartOffset="11953"/>
</LocList>
</CondStmnt>
</StmntSeq>
</Branch>
<Keyword EndOffset="11903" SrcFileId="4" StartOffset="11901"/>
<LocList>
<Loc EndOffset="12124" SrcFileId="4" StartOffset="11901"/>
</LocList>
</CondStmnt>
</StmntSeq>
</Branch>
<Branch CovItemId="B82" CovItemPrefix="Dominion.Player.java" Implct="true" Intrnl_Id="968">
<Cond/>
<LocList/>
<StmntSeq Intrnl_Id="969">
<LocList/>
</StmntSeq>
</Branch>
<Keyword EndOffset="11764" SrcFileId="4" StartOffset="11762"/>
<LocList>
<Loc EndOffset="12129" SrcFileId="4" StartOffset="11762"/>
</LocList>
</CondStmnt>
</StmntSeq>
</HierarchyLvl>
</HierarchyLvl>
<HierarchyLvl HierarchyLvlId="1188" HierarchyLvlTypeId="8" Intrnl_Id="970" Name="driver">
<Header>
<Loc EndOffset="40" SrcFileId="5" StartOffset="21"/>
</Header>
<LocList>
<Loc EndOffset="258" SrcFileId="5" StartOffset="21"/>
</LocList>
<HierarchyLvl HierarchyLvlId="1187" HierarchyLvlTypeId="7" Intrnl_Id="971" Name="main">
<Header>
<Loc EndOffset="85" SrcFileId="5" StartOffset="47"/>
</Header>
<LocList>
<Loc EndOffset="253" SrcFileId="5" StartOffset="47"/>
</LocList>
<StmntSeq Intrnl_Id="972">
<LocList>
<Loc EndOffset="249" SrcFileId="5" StartOffset="214"/>
</LocList>
<BasicStmnt CovItemId="S1" CovItemPrefix="Dominion.driver.java" Intrnl_Id="973">
<LocList>
<Loc EndOffset="249" SrcFileId="5" StartOffset="214"/>
</LocList>
</BasicStmnt>
</StmntSeq>
</HierarchyLvl>
</HierarchyLvl>
</HierarchyLvl>
</HierarchyLvl>
</MASTRoot>
<TestSession Comment="" Date="1487039658874" Name="Feb 13, 2017 6:34:18 PM">
<TestCase Comment="This is a test case containing all coverage results cause no startTestCase methods where captured." Date="1487039658700" Name="UNNAMED TESTCASE">
<CovList/>
<AssgnmntList/>
<ObjMetaDataList/>
<MetaDataList/>
</TestCase>
<MetaDataList/>
</TestSession>
</TestSessionContainer>
