<?xml version="1.0" encoding="UTF-8"?>
<testsuite name="DominionBoard_ESTest" time="0.125" tests="66" errors="0" skipped="0" failures="0">
  <properties>
    <property name="java.runtime.name" value="Java(TM) SE Runtime Environment"/>
    <property name="sun.boot.library.path" value="C:\Program Files\Java\jdk1.8.0_121\jre\bin"/>
    <property name="java.vm.version" value="25.121-b13"/>
    <property name="java.vm.vendor" value="Oracle Corporation"/>
    <property name="maven.multiModuleProjectDirectory" value="C:\Users\Kien Tran\Documents\GitHub\CS362W17Section-001\projects\trankie\Assignment02\Dominion"/>
    <property name="java.vendor.url" value="http://java.oracle.com/"/>
    <property name="path.separator" value=";"/>
    <property name="guice.disable.misplaced.annotation.check" value="true"/>
    <property name="java.vm.name" value="Java HotSpot(TM) 64-Bit Server VM"/>
    <property name="file.encoding.pkg" value="sun.io"/>
    <property name="user.script" value=""/>
    <property name="user.country" value="US"/>
    <property name="sun.java.launcher" value="SUN_STANDARD"/>
    <property name="sun.os.patch.level" value=""/>
    <property name="java.vm.specification.name" value="Java Virtual Machine Specification"/>
    <property name="user.dir" value="C:\Users\Kien Tran\Documents\GitHub\CS362W17Section-001\projects\trankie\Assignment02\Dominion"/>
    <property name="java.runtime.version" value="1.8.0_121-b13"/>
    <property name="java.awt.graphicsenv" value="sun.awt.Win32GraphicsEnvironment"/>
    <property name="java.endorsed.dirs" value="C:\Program Files\Java\jdk1.8.0_121\jre\lib\endorsed"/>
    <property name="os.arch" value="amd64"/>
    <property name="java.io.tmpdir" value="C:\Users\KIENTR~1\AppData\Local\Temp\"/>
    <property name="line.separator" value="&#10;"/>
    <property name="java.vm.specification.vendor" value="Oracle Corporation"/>
    <property name="user.variant" value=""/>
    <property name="os.name" value="Windows 10"/>
    <property name="classworlds.conf" value="C:\Program Files\apache-maven-3.3.9\bin\m2.conf"/>
    <property name="sun.jnu.encoding" value="Cp1252"/>
    <property name="java.library.path" value="C:\Program Files\Java\jdk1.8.0_121\bin;C:\WINDOWS\Sun\Java\bin;C:\WINDOWS\system32;C:\WINDOWS;C:\Program Files\apache-maven-3.3.9\bin;C:\ProgramData\Oracle\Java\javapath;C:\WINDOWS\system32;C:\WINDOWS;C:\WINDOWS\System32\Wbem;C:\WINDOWS\System32\WindowsPowerShell\v1.0\;C:\Users\Kien Tran\AppData\Local\Microsoft\WindowsApps;;."/>
    <property name="java.specification.name" value="Java Platform API Specification"/>
    <property name="java.class.version" value="52.0"/>
    <property name="sun.management.compiler" value="HotSpot 64-Bit Tiered Compilers"/>
    <property name="os.version" value="10.0"/>
    <property name="user.home" value="C:\Users\Kien Tran"/>
    <property name="user.timezone" value="America/Los_Angeles"/>
    <property name="java.awt.printerjob" value="sun.awt.windows.WPrinterJob"/>
    <property name="java.specification.version" value="1.8"/>
    <property name="file.encoding" value="Cp1252"/>
    <property name="user.name" value="Kien Tran"/>
    <property name="java.class.path" value="C:\Program Files\apache-maven-3.3.9\boot\plexus-classworlds-2.5.2.jar"/>
    <property name="java.vm.specification.version" value="1.8"/>
    <property name="sun.arch.data.model" value="64"/>
    <property name="java.home" value="C:\Program Files\Java\jdk1.8.0_121\jre"/>
    <property name="sun.java.command" value="org.codehaus.plexus.classworlds.launcher.Launcher test"/>
    <property name="java.specification.vendor" value="Oracle Corporation"/>
    <property name="user.language" value="en"/>
    <property name="awt.toolkit" value="sun.awt.windows.WToolkit"/>
    <property name="java.vm.info" value="mixed mode"/>
    <property name="java.version" value="1.8.0_121"/>
    <property name="java.ext.dirs" value="C:\Program Files\Java\jdk1.8.0_121\jre\lib\ext;C:\WINDOWS\Sun\Java\lib\ext"/>
    <property name="sun.boot.class.path" value="C:\Program Files\Java\jdk1.8.0_121\jre\lib\resources.jar;C:\Program Files\Java\jdk1.8.0_121\jre\lib\rt.jar;C:\Program Files\Java\jdk1.8.0_121\jre\lib\sunrsasign.jar;C:\Program Files\Java\jdk1.8.0_121\jre\lib\jsse.jar;C:\Program Files\Java\jdk1.8.0_121\jre\lib\jce.jar;C:\Program Files\Java\jdk1.8.0_121\jre\lib\charsets.jar;C:\Program Files\Java\jdk1.8.0_121\jre\lib\jfr.jar;C:\Program Files\Java\jdk1.8.0_121\jre\classes"/>
    <property name="sun.stderr.encoding" value="cp437"/>
    <property name="java.vendor" value="Oracle Corporation"/>
    <property name="maven.home" value="C:\Program Files\apache-maven-3.3.9"/>
    <property name="file.separator" value="\"/>
    <property name="java.vendor.url.bug" value="http://bugreport.sun.com/bugreport/"/>
    <property name="sun.cpu.endian" value="little"/>
    <property name="sun.io.unicode.encoding" value="UnicodeLittle"/>
    <property name="sun.stdout.encoding" value="cp437"/>
    <property name="sun.desktop" value="windows"/>
    <property name="sun.cpu.isalist" value="amd64"/>
  </properties>
  <testcase name="test41" classname="DominionBoard_ESTest" time="0"/>
  <testcase name="test40" classname="DominionBoard_ESTest" time="0"/>
  <testcase name="test05" classname="DominionBoard_ESTest" time="0"/>
  <testcase name="test49" classname="DominionBoard_ESTest" time="0"/>
  <testcase name="test04" classname="DominionBoard_ESTest" time="0"/>
  <testcase name="test48" classname="DominionBoard_ESTest" time="0"/>
  <testcase name="test03" classname="DominionBoard_ESTest" time="0"/>
  <testcase name="test47" classname="DominionBoard_ESTest" time="0"/>
  <testcase name="test02" classname="DominionBoard_ESTest" time="0"/>
  <testcase name="test46" classname="DominionBoard_ESTest" time="0"/>
  <testcase name="test01" classname="DominionBoard_ESTest" time="0"/>
  <testcase name="test45" classname="DominionBoard_ESTest" time="0"/>
  <testcase name="test00" classname="DominionBoard_ESTest" time="0"/>
  <testcase name="test44" classname="DominionBoard_ESTest" time="0"/>
  <testcase name="test43" classname="DominionBoard_ESTest" time="0"/>
  <testcase name="test42" classname="DominionBoard_ESTest" time="0"/>
  <testcase name="test09" classname="DominionBoard_ESTest" time="0"/>
  <testcase name="test08" classname="DominionBoard_ESTest" time="0"/>
  <testcase name="test07" classname="DominionBoard_ESTest" time="0.016"/>
  <testcase name="test06" classname="DominionBoard_ESTest" time="0"/>
  <testcase name="test52" classname="DominionBoard_ESTest" time="0"/>
  <testcase name="test51" classname="DominionBoard_ESTest" time="0"/>
  <testcase name="test50" classname="DominionBoard_ESTest" time="0"/>
  <testcase name="test16" classname="DominionBoard_ESTest" time="0"/>
  <testcase name="test15" classname="DominionBoard_ESTest" time="0"/>
  <testcase name="test59" classname="DominionBoard_ESTest" time="0"/>
  <testcase name="test14" classname="DominionBoard_ESTest" time="0"/>
  <testcase name="test58" classname="DominionBoard_ESTest" time="0"/>
  <testcase name="test13" classname="DominionBoard_ESTest" time="0"/>
  <testcase name="test57" classname="DominionBoard_ESTest" time="0"/>
  <testcase name="test12" classname="DominionBoard_ESTest" time="0.015"/>
  <testcase name="test56" classname="DominionBoard_ESTest" time="0"/>
  <testcase name="test11" classname="DominionBoard_ESTest" time="0"/>
  <testcase name="test55" classname="DominionBoard_ESTest" time="0"/>
  <testcase name="test10" classname="DominionBoard_ESTest" time="0"/>
  <testcase name="test54" classname="DominionBoard_ESTest" time="0"/>
  <testcase name="test53" classname="DominionBoard_ESTest" time="0.016"/>
  <testcase name="test19" classname="DominionBoard_ESTest" time="0"/>
  <testcase name="test18" classname="DominionBoard_ESTest" time="0"/>
  <testcase name="test17" classname="DominionBoard_ESTest" time="0"/>
  <testcase name="test63" classname="DominionBoard_ESTest" time="0"/>
  <testcase name="test62" classname="DominionBoard_ESTest" time="0"/>
  <testcase name="test61" classname="DominionBoard_ESTest" time="0.016"/>
  <testcase name="test60" classname="DominionBoard_ESTest" time="0"/>
  <testcase name="test27" classname="DominionBoard_ESTest" time="0"/>
  <testcase name="test26" classname="DominionBoard_ESTest" time="0"/>
  <testcase name="test25" classname="DominionBoard_ESTest" time="0"/>
  <testcase name="test24" classname="DominionBoard_ESTest" time="0"/>
  <testcase name="test23" classname="DominionBoard_ESTest" time="0.015"/>
  <testcase name="test22" classname="DominionBoard_ESTest" time="0"/>
  <testcase name="test21" classname="DominionBoard_ESTest" time="0"/>
  <testcase name="test65" classname="DominionBoard_ESTest" time="0.016"/>
  <testcase name="test20" classname="DominionBoard_ESTest" time="0"/>
  <testcase name="test64" classname="DominionBoard_ESTest" time="0"/>
  <testcase name="test29" classname="DominionBoard_ESTest" time="0"/>
  <testcase name="test28" classname="DominionBoard_ESTest" time="0"/>
  <testcase name="test30" classname="DominionBoard_ESTest" time="0"/>
  <testcase name="test38" classname="DominionBoard_ESTest" time="0"/>
  <testcase name="test37" classname="DominionBoard_ESTest" time="0"/>
  <testcase name="test36" classname="DominionBoard_ESTest" time="0.015"/>
  <testcase name="test35" classname="DominionBoard_ESTest" time="0"/>
  <testcase name="test34" classname="DominionBoard_ESTest" time="0"/>
  <testcase name="test33" classname="DominionBoard_ESTest" time="0"/>
  <testcase name="test32" classname="DominionBoard_ESTest" time="0"/>
  <testcase name="test31" classname="DominionBoard_ESTest" time="0"/>
  <testcase name="test39" classname="DominionBoard_ESTest" time="0.016"/>
</testsuite>