<?xml version="1.0" encoding="UTF-8"?>
<testsuite name="org.cs362.dominion.Player_ESTest" time="2.276" tests="29" errors="6" skipped="0" failures="1">
  <properties>
    <property name="java.runtime.name" value="Java(TM) SE Runtime Environment"/>
    <property name="sun.boot.library.path" value="/usr/lib/jvm/java-8-oracle/jre/lib/amd64"/>
    <property name="java.vm.version" value="25.121-b13"/>
    <property name="java.vm.vendor" value="Oracle Corporation"/>
    <property name="maven.multiModuleProjectDirectory" value="/home/dog/CS362W17Section-001/projects/hendriri/Dominion"/>
    <property name="java.vendor.url" value="http://java.oracle.com/"/>
    <property name="path.separator" value=":"/>
    <property name="guice.disable.misplaced.annotation.check" value="true"/>
    <property name="java.vm.name" value="Java HotSpot(TM) 64-Bit Server VM"/>
    <property name="file.encoding.pkg" value="sun.io"/>
    <property name="user.country" value="US"/>
    <property name="sun.java.launcher" value="SUN_STANDARD"/>
    <property name="sun.os.patch.level" value="unknown"/>
    <property name="java.vm.specification.name" value="Java Virtual Machine Specification"/>
    <property name="user.dir" value="/home/dog/CS362W17Section-001/projects/hendriri/Dominion"/>
    <property name="java.runtime.version" value="1.8.0_121-b13"/>
    <property name="java.awt.graphicsenv" value="sun.awt.X11GraphicsEnvironment"/>
    <property name="java.endorsed.dirs" value="/usr/lib/jvm/java-8-oracle/jre/lib/endorsed"/>
    <property name="os.arch" value="amd64"/>
    <property name="java.io.tmpdir" value="/tmp"/>
    <property name="line.separator" value="&#10;"/>
    <property name="java.vm.specification.vendor" value="Oracle Corporation"/>
    <property name="os.name" value="Linux"/>
    <property name="net.sourceforge.cobertura.datafile" value="/home/dog/CS362W17Section-001/projects/hendriri/Dominion/target/cobertura/cobertura.ser"/>
    <property name="classworlds.conf" value="/usr/share/maven/bin/m2.conf"/>
    <property name="sun.jnu.encoding" value="UTF-8"/>
    <property name="java.library.path" value="/usr/java/packages/lib/amd64:/usr/lib64:/lib64:/lib:/usr/lib"/>
    <property name="java.specification.name" value="Java Platform API Specification"/>
    <property name="java.class.version" value="52.0"/>
    <property name="sun.management.compiler" value="HotSpot 64-Bit Tiered Compilers"/>
    <property name="os.version" value="4.8.0-37-generic"/>
    <property name="user.home" value="/home/dog"/>
    <property name="user.timezone" value="America/Los_Angeles"/>
    <property name="java.awt.printerjob" value="sun.print.PSPrinterJob"/>
    <property name="java.specification.version" value="1.8"/>
    <property name="file.encoding" value="UTF-8"/>
    <property name="user.name" value="dog"/>
    <property name="java.class.path" value="/usr/share/maven/boot/plexus-classworlds-2.x.jar"/>
    <property name="java.vm.specification.version" value="1.8"/>
    <property name="sun.arch.data.model" value="64"/>
    <property name="java.home" value="/usr/lib/jvm/java-8-oracle/jre"/>
    <property name="sun.java.command" value="org.codehaus.plexus.classworlds.launcher.Launcher cobertura::cobertura"/>
    <property name="java.specification.vendor" value="Oracle Corporation"/>
    <property name="user.language" value="en"/>
    <property name="awt.toolkit" value="sun.awt.X11.XToolkit"/>
    <property name="java.vm.info" value="mixed mode"/>
    <property name="java.version" value="1.8.0_121"/>
    <property name="java.ext.dirs" value="/usr/lib/jvm/java-8-oracle/jre/lib/ext:/usr/java/packages/lib/ext"/>
    <property name="securerandom.source" value="file:/dev/./urandom"/>
    <property name="sun.boot.class.path" value="/usr/lib/jvm/java-8-oracle/jre/lib/resources.jar:/usr/lib/jvm/java-8-oracle/jre/lib/rt.jar:/usr/lib/jvm/java-8-oracle/jre/lib/sunrsasign.jar:/usr/lib/jvm/java-8-oracle/jre/lib/jsse.jar:/usr/lib/jvm/java-8-oracle/jre/lib/jce.jar:/usr/lib/jvm/java-8-oracle/jre/lib/charsets.jar:/usr/lib/jvm/java-8-oracle/jre/lib/jfr.jar:/usr/lib/jvm/java-8-oracle/jre/classes"/>
    <property name="java.vendor" value="Oracle Corporation"/>
    <property name="maven.home" value="/usr/share/maven"/>
    <property name="file.separator" value="/"/>
    <property name="java.vendor.url.bug" value="http://bugreport.sun.com/bugreport/"/>
    <property name="sun.cpu.endian" value="little"/>
    <property name="sun.io.unicode.encoding" value="UnicodeLittle"/>
    <property name="project.build.outputDirectory" value="/home/dog/CS362W17Section-001/projects/hendriri/Dominion/target/generated-classes/cobertura"/>
    <property name="sun.desktop" value="gnome"/>
    <property name="sun.cpu.isalist" value=""/>
  </properties>
  <testcase name="test09" classname="org.cs362.dominion.Player_ESTest" time="0.008">
    <error type="java.lang.NullPointerException:">java.lang.NullPointerException: null
	at org.cs362.dominion.Randomness.nextRandomInt(Randomness.java:34)
	at org.cs362.dominion.Player.drawCard(Player.java:44)
	at org.cs362.dominion.Player.endTurn(Player.java:289)
	at org.cs362.dominion.Player_ESTest.test09(Player_ESTest.java:289)
</error>
    <system-out><![CDATA[[DEBUG] Adding privileged thread: "Reference Handler"
[DEBUG] Adding privileged thread: "Finalizer"
[DEBUG] Adding privileged thread: "Signal Dispatcher"
[DEBUG] Adding privileged thread: "Attach Listener"
[DEBUG] Adding privileged thread: "Java2D Disposer"
[DEBUG] Adding privileged thread: "AWT-XAWT"
[DEBUG] Adding privileged thread: "main"
[ERROR] Class org.cs362.dominion.Card was not instrumented by EvoSuite. This could happen if you are running JUnit tests in a way that is not handled by EvoSuite, in which some classes are loaded be reflection before the tests are run. Consult the EvoSuite documentation for possible workarounds for this issue.
[ERROR] Class org.cs362.dominion.GameState was not instrumented by EvoSuite. This could happen if you are running JUnit tests in a way that is not handled by EvoSuite, in which some classes are loaded be reflection before the tests are run. Consult the EvoSuite documentation for possible workarounds for this issue.
[ERROR] Class org.cs362.dominion.Card$CardName was not instrumented by EvoSuite. This could happen if you are running JUnit tests in a way that is not handled by EvoSuite, in which some classes are loaded be reflection before the tests are run. Consult the EvoSuite documentation for possible workarounds for this issue.
[ERROR] Class org.cs362.dominion.Card$Type was not instrumented by EvoSuite. This could happen if you are running JUnit tests in a way that is not handled by EvoSuite, in which some classes are loaded be reflection before the tests are run. Consult the EvoSuite documentation for possible workarounds for this issue.
[ERROR] Class org.cs362.dominion.Player was not instrumented by EvoSuite. This could happen if you are running JUnit tests in a way that is not handled by EvoSuite, in which some classes are loaded be reflection before the tests are run. Consult the EvoSuite documentation for possible workarounds for this issue.
[ERROR] Class org.cs362.dominion.Randomness was not instrumented by EvoSuite. This could happen if you are running JUnit tests in a way that is not handled by EvoSuite, in which some classes are loaded be reflection before the tests are run. Consult the EvoSuite documentation for possible workarounds for this issue.
PLAYING TREASURE CARDS******************************************
3
Player coins before add: 0
 	Gold-TREASURE 		 Cost: 6 		 Score: 0 	Treasure Value: 3
Player coins after add: 3
 	Silver-TREASURE 		 Cost: 3 		 Score: 0 	Treasure Value: 2
Player coins after add: 5
 	Cooper-TREASURE 		 Cost: 0 		 Score: 0 	Treasure Value: 1
Player coins after add: 6
 --- --------------------------- --- 
PLAYING TREASURE CARDS******************************************
3
Player coins before add: 6
 	Gold-TREASURE 		 Cost: 6 		 Score: 0 	Treasure Value: 3
Player coins after add: 9
 	Silver-TREASURE 		 Cost: 3 		 Score: 0 	Treasure Value: 2
Player coins after add: 11
 	Cooper-TREASURE 		 Cost: 0 		 Score: 0 	Treasure Value: 1
Player coins after add: 12
 --- --------------------------- --- 
END TURN CLEAN UP******************************************
HAND: 21
[ 	Gold-TREASURE 		 Cost: 6 		 Score: 0 	Treasure Value: 3,  	Silver-TREASURE 		 Cost: 3 		 Score: 0 	Treasure Value: 2,  	Cooper-TREASURE 		 Cost: 0 		 Score: 0 	Treasure Value: 1,  	Province-VICTORY 		 Cost: 8 		 Score: 6 	Treasure Value: 0,  	Duchy-VICTORY 		 Cost: 5 		 Score: 1 	Treasure Value: 0,  	Estate-VICTORY 		 Cost: 2 		 Score: 3 	Treasure Value: 0,  	Curse-VICTORY 		 Cost: 0 		 Score: -1 	Treasure Value: 0,  	Adventurer-ACTION 		 Cost: 6 		 Score: 0 	Treasure Value: 0,  	Smithy-ACTION 		 Cost: 4 		 Score: 0 	Treasure Value: 0,  	Village-ACTION 		 Cost: 3 		 Score: 0 	Treasure Value: 0,  	Village-ACTION 		 Cost: 3 		 Score: 0 	Treasure Value: 0,  	salvager-ACTION 		 Cost: 4 		 Score: 0 	Treasure Value: 0,  	CouncilRoom-ACTION 		 Cost: 5 		 Score: 0 	Treasure Value: 0,  	Ambassador-ACTION 		 Cost: 3 		 Score: 0 	Treasure Value: 0,  	Baron-ACTION 		 Cost: 4 		 Score: 0 	Treasure Value: 0,  	cutpurse-ACTION 		 Cost: 4 		 Score: 0 	Treasure Value: 0,  	embargo-ACTION 		 Cost: 2 		 Score: 0 	Treasure Value: 0,  	feast-ACTION 		 Cost: 4 		 Score: 0 	Treasure Value: 0,  	gardens-ACTION 		 Cost: 4 		 Score: 0 	Treasure Value: 0,  	greathall-ACTION 		 Cost: 3 		 Score: 1 	Treasure Value: 0,  	mine-ACTION 		 Cost: 5 		 Score: 0 	Treasure Value: 0]
ENTERING LOOP

HAND TO REMOVE  	Gold-TREASURE 		 Cost: 6 		 Score: 0 	Treasure Value: 3
Player:  ?Ot"fhrN}KU- discards  	Gold-TREASURE 		 Cost: 6 		 Score: 0 	Treasure Value: 3
HAND TO REMOVE  	Silver-TREASURE 		 Cost: 3 		 Score: 0 	Treasure Value: 2
Player:  ?Ot"fhrN}KU- discards  	Silver-TREASURE 		 Cost: 3 		 Score: 0 	Treasure Value: 2
HAND TO REMOVE  	Cooper-TREASURE 		 Cost: 0 		 Score: 0 	Treasure Value: 1
Player:  ?Ot"fhrN}KU- discards  	Cooper-TREASURE 		 Cost: 0 		 Score: 0 	Treasure Value: 1
HAND TO REMOVE  	Province-VICTORY 		 Cost: 8 		 Score: 6 	Treasure Value: 0
Player:  ?Ot"fhrN}KU- discards  	Province-VICTORY 		 Cost: 8 		 Score: 6 	Treasure Value: 0
HAND TO REMOVE  	Duchy-VICTORY 		 Cost: 5 		 Score: 1 	Treasure Value: 0
Player:  ?Ot"fhrN}KU- discards  	Duchy-VICTORY 		 Cost: 5 		 Score: 1 	Treasure Value: 0
HAND TO REMOVE  	Estate-VICTORY 		 Cost: 2 		 Score: 3 	Treasure Value: 0
Player:  ?Ot"fhrN}KU- discards  	Estate-VICTORY 		 Cost: 2 		 Score: 3 	Treasure Value: 0
HAND TO REMOVE  	Curse-VICTORY 		 Cost: 0 		 Score: -1 	Treasure Value: 0
Player:  ?Ot"fhrN}KU- discards  	Curse-VICTORY 		 Cost: 0 		 Score: -1 	Treasure Value: 0
HAND TO REMOVE  	Adventurer-ACTION 		 Cost: 6 		 Score: 0 	Treasure Value: 0
Player:  ?Ot"fhrN}KU- discards  	Adventurer-ACTION 		 Cost: 6 		 Score: 0 	Treasure Value: 0
HAND TO REMOVE  	Smithy-ACTION 		 Cost: 4 		 Score: 0 	Treasure Value: 0
Player:  ?Ot"fhrN}KU- discards  	Smithy-ACTION 		 Cost: 4 		 Score: 0 	Treasure Value: 0
HAND TO REMOVE  	Village-ACTION 		 Cost: 3 		 Score: 0 	Treasure Value: 0
Player:  ?Ot"fhrN}KU- discards  	Village-ACTION 		 Cost: 3 		 Score: 0 	Treasure Value: 0
HAND TO REMOVE  	Village-ACTION 		 Cost: 3 		 Score: 0 	Treasure Value: 0
Player:  ?Ot"fhrN}KU- discards  	Village-ACTION 		 Cost: 3 		 Score: 0 	Treasure Value: 0
HAND TO REMOVE  	salvager-ACTION 		 Cost: 4 		 Score: 0 	Treasure Value: 0
Player:  ?Ot"fhrN}KU- discards  	salvager-ACTION 		 Cost: 4 		 Score: 0 	Treasure Value: 0
HAND TO REMOVE  	CouncilRoom-ACTION 		 Cost: 5 		 Score: 0 	Treasure Value: 0
Player:  ?Ot"fhrN}KU- discards  	CouncilRoom-ACTION 		 Cost: 5 		 Score: 0 	Treasure Value: 0
HAND TO REMOVE  	Ambassador-ACTION 		 Cost: 3 		 Score: 0 	Treasure Value: 0
Player:  ?Ot"fhrN}KU- discards  	Ambassador-ACTION 		 Cost: 3 		 Score: 0 	Treasure Value: 0
HAND TO REMOVE  	Baron-ACTION 		 Cost: 4 		 Score: 0 	Treasure Value: 0
Player:  ?Ot"fhrN}KU- discards  	Baron-ACTION 		 Cost: 4 		 Score: 0 	Treasure Value: 0
HAND TO REMOVE  	cutpurse-ACTION 		 Cost: 4 		 Score: 0 	Treasure Value: 0
Player:  ?Ot"fhrN}KU- discards  	cutpurse-ACTION 		 Cost: 4 		 Score: 0 	Treasure Value: 0
HAND TO REMOVE  	embargo-ACTION 		 Cost: 2 		 Score: 0 	Treasure Value: 0
Player:  ?Ot"fhrN}KU- discards  	embargo-ACTION 		 Cost: 2 		 Score: 0 	Treasure Value: 0
HAND TO REMOVE  	feast-ACTION 		 Cost: 4 		 Score: 0 	Treasure Value: 0
Player:  ?Ot"fhrN}KU- discards  	feast-ACTION 		 Cost: 4 		 Score: 0 	Treasure Value: 0
HAND TO REMOVE  	gardens-ACTION 		 Cost: 4 		 Score: 0 	Treasure Value: 0
Player:  ?Ot"fhrN}KU- discards  	gardens-ACTION 		 Cost: 4 		 Score: 0 	Treasure Value: 0
HAND TO REMOVE  	greathall-ACTION 		 Cost: 3 		 Score: 1 	Treasure Value: 0
Player:  ?Ot"fhrN}KU- discards  	greathall-ACTION 		 Cost: 3 		 Score: 1 	Treasure Value: 0
HAND TO REMOVE  	mine-ACTION 		 Cost: 5 		 Score: 0 	Treasure Value: 0
Player:  ?Ot"fhrN}KU- discards  	mine-ACTION 		 Cost: 5 		 Score: 0 	Treasure Value: 0
reshuffle the deck of the player ?Ot"fhrN}KU- to draw FIVE cards
[DEBUG] __STATIC_RESET() method does not exists in class org.cs362.dominion.Card$Type
[DEBUG] __STATIC_RESET() method does not exists in class org.cs362.dominion.Card$CardName
[DEBUG] __STATIC_RESET() method does not exists in class org.cs362.dominion.Randomness
]]></system-out>
    <system-err><![CDATA[the number of players mus be between 2 and 4 
]]></system-err>
  </testcase>
  <testcase name="test08" classname="org.cs362.dominion.Player_ESTest" time="0"/>
  <testcase name="test07" classname="org.cs362.dominion.Player_ESTest" time="0"/>
  <testcase name="test06" classname="org.cs362.dominion.Player_ESTest" time="0">
    <error message="bound must be positive" type="java.lang.IllegalArgumentException">java.lang.IllegalArgumentException: bound must be positive
	at java.util.Random.nextInt(Random.java:388)
	at org.cs362.dominion.Randomness.nextRandomInt(Randomness.java:34)
	at org.cs362.dominion.Player_ESTest.test06(Player_ESTest.java:213)
</error>
    <system-out><![CDATA[GAME ENDS DUE TO LACK OF PROVENCE CARDS

[DEBUG] __STATIC_RESET() method does not exists in class org.cs362.dominion.Card$Type
[DEBUG] __STATIC_RESET() method does not exists in class org.cs362.dominion.Card$CardName
[DEBUG] __STATIC_RESET() method does not exists in class org.cs362.dominion.Randomness
]]></system-out>
    <system-err><![CDATA[the number of players mus be between 2 and 4 
]]></system-err>
  </testcase>
  <testcase name="test28" classname="org.cs362.dominion.Player_ESTest" time="0.004"/>
  <testcase name="test05" classname="org.cs362.dominion.Player_ESTest" time="0"/>
  <testcase name="test27" classname="org.cs362.dominion.Player_ESTest" time="0"/>
  <testcase name="test04" classname="org.cs362.dominion.Player_ESTest" time="0.001">
    <error message="java.util.Random cannot be cast to org.evosuite.runtime.mock.java.util.MockRandom" type="java.lang.ClassCastException">java.lang.ClassCastException: java.util.Random cannot be cast to org.evosuite.runtime.mock.java.util.MockRandom
	at org.cs362.dominion.Player_ESTest.test04(Player_ESTest.java:140)
</error>
    <system-out><![CDATA[[DEBUG] __STATIC_RESET() method does not exists in class org.cs362.dominion.Card$Type
[DEBUG] __STATIC_RESET() method does not exists in class org.cs362.dominion.Card$CardName
[DEBUG] __STATIC_RESET() method does not exists in class org.cs362.dominion.Randomness
]]></system-out>
  </testcase>
  <testcase name="test26" classname="org.cs362.dominion.Player_ESTest" time="0">
    <error message="java.util.Random cannot be cast to org.evosuite.runtime.mock.java.util.MockRandom" type="java.lang.ClassCastException">java.lang.ClassCastException: java.util.Random cannot be cast to org.evosuite.runtime.mock.java.util.MockRandom
	at org.cs362.dominion.Player_ESTest.test26(Player_ESTest.java:639)
</error>
    <system-out><![CDATA[[DEBUG] __STATIC_RESET() method does not exists in class org.cs362.dominion.Card$Type
[DEBUG] __STATIC_RESET() method does not exists in class org.cs362.dominion.Card$CardName
[DEBUG] __STATIC_RESET() method does not exists in class org.cs362.dominion.Randomness
]]></system-out>
  </testcase>
  <testcase name="test03" classname="org.cs362.dominion.Player_ESTest" time="0.001"/>
  <testcase name="test25" classname="org.cs362.dominion.Player_ESTest" time="0"/>
  <testcase name="test02" classname="org.cs362.dominion.Player_ESTest" time="0"/>
  <testcase name="test24" classname="org.cs362.dominion.Player_ESTest" time="0"/>
  <testcase name="test01" classname="org.cs362.dominion.Player_ESTest" time="0.004"/>
  <testcase name="test23" classname="org.cs362.dominion.Player_ESTest" time="0">
    <error message="java.util.Random cannot be cast to org.evosuite.runtime.mock.java.util.MockRandom" type="java.lang.ClassCastException">java.lang.ClassCastException: java.util.Random cannot be cast to org.evosuite.runtime.mock.java.util.MockRandom
	at org.cs362.dominion.Player_ESTest.test23(Player_ESTest.java:590)
</error>
    <system-out><![CDATA[[DEBUG] __STATIC_RESET() method does not exists in class org.cs362.dominion.Card$Type
[DEBUG] __STATIC_RESET() method does not exists in class org.cs362.dominion.Card$CardName
[DEBUG] __STATIC_RESET() method does not exists in class org.cs362.dominion.Randomness
]]></system-out>
  </testcase>
  <testcase name="test00" classname="org.cs362.dominion.Player_ESTest" time="0.026">
    <failure message="Expecting exception: TooManyResourcesException" type="java.lang.AssertionError">java.lang.AssertionError: Expecting exception: TooManyResourcesException
	at org.junit.Assert.fail(Assert.java:88)
	at org.cs362.dominion.Player_ESTest.test00(Player_ESTest.java:51)
</failure>
    <system-out><![CDATA[PLAYING TREASURE CARDS******************************************
3
Player coins before add: 0
 	Gold-TREASURE 		 Cost: 6 		 Score: 0 	Treasure Value: 3
Player coins after add: 3
 	Silver-TREASURE 		 Cost: 3 		 Score: 0 	Treasure Value: 2
Player coins after add: 5
 	Cooper-TREASURE 		 Cost: 0 		 Score: 0 	Treasure Value: 1
Player coins after add: 6
 --- --------------------------- --- 
END TURN CLEAN UP******************************************
HAND: 21
[ 	Gold-TREASURE 		 Cost: 6 		 Score: 0 	Treasure Value: 3,  	Silver-TREASURE 		 Cost: 3 		 Score: 0 	Treasure Value: 2,  	Cooper-TREASURE 		 Cost: 0 		 Score: 0 	Treasure Value: 1,  	Province-VICTORY 		 Cost: 8 		 Score: 6 	Treasure Value: 0,  	Duchy-VICTORY 		 Cost: 5 		 Score: 1 	Treasure Value: 0,  	Estate-VICTORY 		 Cost: 2 		 Score: 3 	Treasure Value: 0,  	Curse-VICTORY 		 Cost: 0 		 Score: -1 	Treasure Value: 0,  	Adventurer-ACTION 		 Cost: 6 		 Score: 0 	Treasure Value: 0,  	Smithy-ACTION 		 Cost: 4 		 Score: 0 	Treasure Value: 0,  	Village-ACTION 		 Cost: 3 		 Score: 0 	Treasure Value: 0,  	Village-ACTION 		 Cost: 3 		 Score: 0 	Treasure Value: 0,  	salvager-ACTION 		 Cost: 4 		 Score: 0 	Treasure Value: 0,  	CouncilRoom-ACTION 		 Cost: 5 		 Score: 0 	Treasure Value: 0,  	Ambassador-ACTION 		 Cost: 3 		 Score: 0 	Treasure Value: 0,  	Baron-ACTION 		 Cost: 4 		 Score: 0 	Treasure Value: 0,  	cutpurse-ACTION 		 Cost: 4 		 Score: 0 	Treasure Value: 0,  	embargo-ACTION 		 Cost: 2 		 Score: 0 	Treasure Value: 0,  	feast-ACTION 		 Cost: 4 		 Score: 0 	Treasure Value: 0,  	gardens-ACTION 		 Cost: 4 		 Score: 0 	Treasure Value: 0,  	greathall-ACTION 		 Cost: 3 		 Score: 1 	Treasure Value: 0,  	mine-ACTION 		 Cost: 5 		 Score: 0 	Treasure Value: 0]
ENTERING LOOP

HAND TO REMOVE  	Gold-TREASURE 		 Cost: 6 		 Score: 0 	Treasure Value: 3
Player:  ?Ot"fhrN}KU- discards  	Gold-TREASURE 		 Cost: 6 		 Score: 0 	Treasure Value: 3
HAND TO REMOVE  	Silver-TREASURE 		 Cost: 3 		 Score: 0 	Treasure Value: 2
Player:  ?Ot"fhrN}KU- discards  	Silver-TREASURE 		 Cost: 3 		 Score: 0 	Treasure Value: 2
HAND TO REMOVE  	Cooper-TREASURE 		 Cost: 0 		 Score: 0 	Treasure Value: 1
Player:  ?Ot"fhrN}KU- discards  	Cooper-TREASURE 		 Cost: 0 		 Score: 0 	Treasure Value: 1
HAND TO REMOVE  	Province-VICTORY 		 Cost: 8 		 Score: 6 	Treasure Value: 0
Player:  ?Ot"fhrN}KU- discards  	Province-VICTORY 		 Cost: 8 		 Score: 6 	Treasure Value: 0
HAND TO REMOVE  	Duchy-VICTORY 		 Cost: 5 		 Score: 1 	Treasure Value: 0
Player:  ?Ot"fhrN}KU- discards  	Duchy-VICTORY 		 Cost: 5 		 Score: 1 	Treasure Value: 0
HAND TO REMOVE  	Estate-VICTORY 		 Cost: 2 		 Score: 3 	Treasure Value: 0
Player:  ?Ot"fhrN}KU- discards  	Estate-VICTORY 		 Cost: 2 		 Score: 3 	Treasure Value: 0
HAND TO REMOVE  	Curse-VICTORY 		 Cost: 0 		 Score: -1 	Treasure Value: 0
Player:  ?Ot"fhrN}KU- discards  	Curse-VICTORY 		 Cost: 0 		 Score: -1 	Treasure Value: 0
HAND TO REMOVE  	Adventurer-ACTION 		 Cost: 6 		 Score: 0 	Treasure Value: 0
Player:  ?Ot"fhrN}KU- discards  	Adventurer-ACTION 		 Cost: 6 		 Score: 0 	Treasure Value: 0
HAND TO REMOVE  	Smithy-ACTION 		 Cost: 4 		 Score: 0 	Treasure Value: 0
Player:  ?Ot"fhrN}KU- discards  	Smithy-ACTION 		 Cost: 4 		 Score: 0 	Treasure Value: 0
HAND TO REMOVE  	Village-ACTION 		 Cost: 3 		 Score: 0 	Treasure Value: 0
Player:  ?Ot"fhrN}KU- discards  	Village-ACTION 		 Cost: 3 		 Score: 0 	Treasure Value: 0
HAND TO REMOVE  	Village-ACTION 		 Cost: 3 		 Score: 0 	Treasure Value: 0
Player:  ?Ot"fhrN}KU- discards  	Village-ACTION 		 Cost: 3 		 Score: 0 	Treasure Value: 0
HAND TO REMOVE  	salvager-ACTION 		 Cost: 4 		 Score: 0 	Treasure Value: 0
Player:  ?Ot"fhrN}KU- discards  	salvager-ACTION 		 Cost: 4 		 Score: 0 	Treasure Value: 0
HAND TO REMOVE  	CouncilRoom-ACTION 		 Cost: 5 		 Score: 0 	Treasure Value: 0
Player:  ?Ot"fhrN}KU- discards  	CouncilRoom-ACTION 		 Cost: 5 		 Score: 0 	Treasure Value: 0
HAND TO REMOVE  	Ambassador-ACTION 		 Cost: 3 		 Score: 0 	Treasure Value: 0
Player:  ?Ot"fhrN}KU- discards  	Ambassador-ACTION 		 Cost: 3 		 Score: 0 	Treasure Value: 0
HAND TO REMOVE  	Baron-ACTION 		 Cost: 4 		 Score: 0 	Treasure Value: 0
Player:  ?Ot"fhrN}KU- discards  	Baron-ACTION 		 Cost: 4 		 Score: 0 	Treasure Value: 0
HAND TO REMOVE  	cutpurse-ACTION 		 Cost: 4 		 Score: 0 	Treasure Value: 0
Player:  ?Ot"fhrN}KU- discards  	cutpurse-ACTION 		 Cost: 4 		 Score: 0 	Treasure Value: 0
HAND TO REMOVE  	embargo-ACTION 		 Cost: 2 		 Score: 0 	Treasure Value: 0
Player:  ?Ot"fhrN}KU- discards  	embargo-ACTION 		 Cost: 2 		 Score: 0 	Treasure Value: 0
HAND TO REMOVE  	feast-ACTION 		 Cost: 4 		 Score: 0 	Treasure Value: 0
Player:  ?Ot"fhrN}KU- discards  	feast-ACTION 		 Cost: 4 		 Score: 0 	Treasure Value: 0
HAND TO REMOVE  	gardens-ACTION 		 Cost: 4 		 Score: 0 	Treasure Value: 0
Player:  ?Ot"fhrN}KU- discards  	gardens-ACTION 		 Cost: 4 		 Score: 0 	Treasure Value: 0
HAND TO REMOVE  	greathall-ACTION 		 Cost: 3 		 Score: 1 	Treasure Value: 0
Player:  ?Ot"fhrN}KU- discards  	greathall-ACTION 		 Cost: 3 		 Score: 1 	Treasure Value: 0
HAND TO REMOVE  	mine-ACTION 		 Cost: 5 		 Score: 0 	Treasure Value: 0
Player:  ?Ot"fhrN}KU- discards  	mine-ACTION 		 Cost: 5 		 Score: 0 	Treasure Value: 0
reshuffle the deck of the player ?Ot"fhrN}KU- to draw FIVE cards
draw  	CouncilRoom-ACTION 		 Cost: 5 		 Score: 0 	Treasure Value: 0
draw  	Smithy-ACTION 		 Cost: 4 		 Score: 0 	Treasure Value: 0
draw  	Adventurer-ACTION 		 Cost: 6 		 Score: 0 	Treasure Value: 0
draw  	Baron-ACTION 		 Cost: 4 		 Score: 0 	Treasure Value: 0
draw  	feast-ACTION 		 Cost: 4 		 Score: 0 	Treasure Value: 0
 --- --------------------------- --- 
gardenisalive : true

amount of gardens: 1
total card before: 21
total card afters: 2
score to be added: 2
PLAYING Kingdom CARDS******************************************
Player.actionPhase Card: 	Adventurer-ACTION 		 Cost: 6 		 Score: 0 	Treasure Value: 0
PLAYED CARDS: [ 	Adventurer-ACTION 		 Cost: 6 		 Score: 0 	Treasure Value: 0]

IN ADVENTURER******************************************
draw  	Duchy-VICTORY 		 Cost: 5 		 Score: 1 	Treasure Value: 0
TYPE: VICTORY
Player:  ?Ot"fhrN}KU- discards  	Duchy-VICTORY 		 Cost: 5 		 Score: 1 	Treasure Value: 0
DISCARDING
draw  	embargo-ACTION 		 Cost: 2 		 Score: 0 	Treasure Value: 0
TYPE: ACTION
Player:  ?Ot"fhrN}KU- discards  	embargo-ACTION 		 Cost: 2 		 Score: 0 	Treasure Value: 0
DISCARDING
draw  	Silver-TREASURE 		 Cost: 3 		 Score: 0 	Treasure Value: 2
TYPE: TREASURE
 	Silver-TREASURE 		 Cost: 3 		 Score: 0 	Treasure Value: 2
draw  	Estate-VICTORY 		 Cost: 2 		 Score: 3 	Treasure Value: 0
TYPE: VICTORY
Player:  ?Ot"fhrN}KU- discards  	Estate-VICTORY 		 Cost: 2 		 Score: 3 	Treasure Value: 0
DISCARDING
draw  	Province-VICTORY 		 Cost: 8 		 Score: 6 	Treasure Value: 0
TYPE: VICTORY
Player:  ?Ot"fhrN}KU- discards  	Province-VICTORY 		 Cost: 8 		 Score: 6 	Treasure Value: 0
DISCARDING
draw  	Curse-VICTORY 		 Cost: 0 		 Score: -1 	Treasure Value: 0
TYPE: VICTORY
Player:  ?Ot"fhrN}KU- discards  	Curse-VICTORY 		 Cost: 0 		 Score: -1 	Treasure Value: 0
DISCARDING
draw  	gardens-ACTION 		 Cost: 4 		 Score: 0 	Treasure Value: 0
TYPE: ACTION
Player:  ?Ot"fhrN}KU- discards  	gardens-ACTION 		 Cost: 4 		 Score: 0 	Treasure Value: 0
DISCARDING
draw  	Village-ACTION 		 Cost: 3 		 Score: 0 	Treasure Value: 0
TYPE: ACTION
Player:  ?Ot"fhrN}KU- discards  	Village-ACTION 		 Cost: 3 		 Score: 0 	Treasure Value: 0
DISCARDING
draw  	Ambassador-ACTION 		 Cost: 3 		 Score: 0 	Treasure Value: 0
TYPE: ACTION
Player:  ?Ot"fhrN}KU- discards  	Ambassador-ACTION 		 Cost: 3 		 Score: 0 	Treasure Value: 0
DISCARDING
draw  	cutpurse-ACTION 		 Cost: 4 		 Score: 0 	Treasure Value: 0
TYPE: ACTION
Player:  ?Ot"fhrN}KU- discards  	cutpurse-ACTION 		 Cost: 4 		 Score: 0 	Treasure Value: 0
DISCARDING
draw  	Village-ACTION 		 Cost: 3 		 Score: 0 	Treasure Value: 0
TYPE: ACTION
Player:  ?Ot"fhrN}KU- discards  	Village-ACTION 		 Cost: 3 		 Score: 0 	Treasure Value: 0
DISCARDING
draw  	mine-ACTION 		 Cost: 5 		 Score: 0 	Treasure Value: 0
TYPE: ACTION
Player:  ?Ot"fhrN}KU- discards  	mine-ACTION 		 Cost: 5 		 Score: 0 	Treasure Value: 0
DISCARDING
draw  	Gold-TREASURE 		 Cost: 6 		 Score: 0 	Treasure Value: 3
TYPE: TREASURE
 	Gold-TREASURE 		 Cost: 6 		 Score: 0 	Treasure Value: 3
TODO Adventurer Code******************************************
Reveal cards from the player deck until player reveal 2 Treasure cards. Put those Treasure cards into player hand and discard the other revealed cards.
Player:  ?Ot"fhrN}KU- discards  	Adventurer-ACTION 		 Cost: 6 		 Score: 0 	Treasure Value: 0
[ 	Gold-TREASURE 		 Cost: 6 		 Score: 0 	Treasure Value: 3,  	Gold-TREASURE 		 Cost: 6 		 Score: 0 	Treasure Value: 3,  	Silver-TREASURE 		 Cost: 3 		 Score: 0 	Treasure Value: 2,  	Silver-TREASURE 		 Cost: 3 		 Score: 0 	Treasure Value: 2,  	Cooper-TREASURE 		 Cost: 0 		 Score: 0 	Treasure Value: 1,  	Province-VICTORY 		 Cost: 8 		 Score: 6 	Treasure Value: 0,  	Duchy-VICTORY 		 Cost: 5 		 Score: 1 	Treasure Value: 0,  	Estate-VICTORY 		 Cost: 2 		 Score: 3 	Treasure Value: 0,  	Curse-VICTORY 		 Cost: 0 		 Score: -1 	Treasure Value: 0,  	Smithy-ACTION 		 Cost: 4 		 Score: 0 	Treasure Value: 0,  	Village-ACTION 		 Cost: 3 		 Score: 0 	Treasure Value: 0,  	Village-ACTION 		 Cost: 3 		 Score: 0 	Treasure Value: 0,  	Ambassador-ACTION 		 Cost: 3 		 Score: 0 	Treasure Value: 0,  	Baron-ACTION 		 Cost: 4 		 Score: 0 	Treasure Value: 0,  	CouncilRoom-ACTION 		 Cost: 5 		 Score: 0 	Treasure Value: 0,  	cutpurse-ACTION 		 Cost: 4 		 Score: 0 	Treasure Value: 0,  	embargo-ACTION 		 Cost: 2 		 Score: 0 	Treasure Value: 0,  	feast-ACTION 		 Cost: 4 		 Score: 0 	Treasure Value: 0,  	gardens-ACTION 		 Cost: 4 		 Score: 0 	Treasure Value: 0,  	greathall-ACTION 		 Cost: 3 		 Score: 1 	Treasure Value: 0,  	mine-ACTION 		 Cost: 5 		 Score: 0 	Treasure Value: 0,  	salvager-ACTION 		 Cost: 4 		 Score: 0 	Treasure Value: 0]

DISCARD: 
[ 	Duchy-VICTORY 		 Cost: 5 		 Score: 1 	Treasure Value: 0,  	embargo-ACTION 		 Cost: 2 		 Score: 0 	Treasure Value: 0,  	Estate-VICTORY 		 Cost: 2 		 Score: 3 	Treasure Value: 0,  	Province-VICTORY 		 Cost: 8 		 Score: 6 	Treasure Value: 0,  	Curse-VICTORY 		 Cost: 0 		 Score: -1 	Treasure Value: 0,  	gardens-ACTION 		 Cost: 4 		 Score: 0 	Treasure Value: 0,  	Village-ACTION 		 Cost: 3 		 Score: 0 	Treasure Value: 0,  	Ambassador-ACTION 		 Cost: 3 		 Score: 0 	Treasure Value: 0,  	cutpurse-ACTION 		 Cost: 4 		 Score: 0 	Treasure Value: 0,  	Village-ACTION 		 Cost: 3 		 Score: 0 	Treasure Value: 0,  	mine-ACTION 		 Cost: 5 		 Score: 0 	Treasure Value: 0,  	Adventurer-ACTION 		 Cost: 6 		 Score: 0 	Treasure Value: 0]

[INFO] Found new thread
[DEBUG] __STATIC_RESET() method does not exists in class org.cs362.dominion.Card$Type
[DEBUG] __STATIC_RESET() method does not exists in class org.cs362.dominion.Card$CardName
[DEBUG] __STATIC_RESET() method does not exists in class org.cs362.dominion.Randomness
]]></system-out>
    <system-err><![CDATA[the number of players mus be between 2 and 4 
]]></system-err>
  </testcase>
  <testcase name="test22" classname="org.cs362.dominion.Player_ESTest" time="2.065">
    <error message="test timed out after 4000 milliseconds" type="org.junit.runners.model.TestTimedOutException">org.junit.runners.model.TestTimedOutException: test timed out after 4000 milliseconds
	at org.cs362.dominion.Player.buyCard(Player.java:211)
	at org.cs362.dominion.Player_ESTest.test22(Player_ESTest.java:577)
</error>
    <system-out><![CDATA[PLAYING Kingdom CARDS******************************************
END TURN CLEAN UP******************************************
HAND: 21
[ 	Gold-TREASURE 		 Cost: 6 		 Score: 0 	Treasure Value: 3,  	Silver-TREASURE 		 Cost: 3 		 Score: 0 	Treasure Value: 2,  	Cooper-TREASURE 		 Cost: 0 		 Score: 0 	Treasure Value: 1,  	Province-VICTORY 		 Cost: 8 		 Score: 6 	Treasure Value: 0,  	Duchy-VICTORY 		 Cost: 5 		 Score: 1 	Treasure Value: 0,  	Estate-VICTORY 		 Cost: 2 		 Score: 3 	Treasure Value: 0,  	Curse-VICTORY 		 Cost: 0 		 Score: -1 	Treasure Value: 0,  	Adventurer-ACTION 		 Cost: 6 		 Score: 0 	Treasure Value: 0,  	Smithy-ACTION 		 Cost: 4 		 Score: 0 	Treasure Value: 0,  	Village-ACTION 		 Cost: 3 		 Score: 0 	Treasure Value: 0,  	Village-ACTION 		 Cost: 3 		 Score: 0 	Treasure Value: 0,  	salvager-ACTION 		 Cost: 4 		 Score: 0 	Treasure Value: 0,  	CouncilRoom-ACTION 		 Cost: 5 		 Score: 0 	Treasure Value: 0,  	Ambassador-ACTION 		 Cost: 3 		 Score: 0 	Treasure Value: 0,  	Baron-ACTION 		 Cost: 4 		 Score: 0 	Treasure Value: 0,  	cutpurse-ACTION 		 Cost: 4 		 Score: 0 	Treasure Value: 0,  	embargo-ACTION 		 Cost: 2 		 Score: 0 	Treasure Value: 0,  	feast-ACTION 		 Cost: 4 		 Score: 0 	Treasure Value: 0,  	gardens-ACTION 		 Cost: 4 		 Score: 0 	Treasure Value: 0,  	greathall-ACTION 		 Cost: 3 		 Score: 1 	Treasure Value: 0,  	mine-ACTION 		 Cost: 5 		 Score: 0 	Treasure Value: 0]
ENTERING LOOP

HAND TO REMOVE  	Gold-TREASURE 		 Cost: 6 		 Score: 0 	Treasure Value: 3
Player:  ?Ot"fhrN}KU- discards  	Gold-TREASURE 		 Cost: 6 		 Score: 0 	Treasure Value: 3
HAND TO REMOVE  	Silver-TREASURE 		 Cost: 3 		 Score: 0 	Treasure Value: 2
Player:  ?Ot"fhrN}KU- discards  	Silver-TREASURE 		 Cost: 3 		 Score: 0 	Treasure Value: 2
HAND TO REMOVE  	Cooper-TREASURE 		 Cost: 0 		 Score: 0 	Treasure Value: 1
Player:  ?Ot"fhrN}KU- discards  	Cooper-TREASURE 		 Cost: 0 		 Score: 0 	Treasure Value: 1
HAND TO REMOVE  	Province-VICTORY 		 Cost: 8 		 Score: 6 	Treasure Value: 0
Player:  ?Ot"fhrN}KU- discards  	Province-VICTORY 		 Cost: 8 		 Score: 6 	Treasure Value: 0
HAND TO REMOVE  	Duchy-VICTORY 		 Cost: 5 		 Score: 1 	Treasure Value: 0
Player:  ?Ot"fhrN}KU- discards  	Duchy-VICTORY 		 Cost: 5 		 Score: 1 	Treasure Value: 0
HAND TO REMOVE  	Estate-VICTORY 		 Cost: 2 		 Score: 3 	Treasure Value: 0
Player:  ?Ot"fhrN}KU- discards  	Estate-VICTORY 		 Cost: 2 		 Score: 3 	Treasure Value: 0
HAND TO REMOVE  	Curse-VICTORY 		 Cost: 0 		 Score: -1 	Treasure Value: 0
Player:  ?Ot"fhrN}KU- discards  	Curse-VICTORY 		 Cost: 0 		 Score: -1 	Treasure Value: 0
HAND TO REMOVE  	Adventurer-ACTION 		 Cost: 6 		 Score: 0 	Treasure Value: 0
Player:  ?Ot"fhrN}KU- discards  	Adventurer-ACTION 		 Cost: 6 		 Score: 0 	Treasure Value: 0
HAND TO REMOVE  	Smithy-ACTION 		 Cost: 4 		 Score: 0 	Treasure Value: 0
Player:  ?Ot"fhrN}KU- discards  	Smithy-ACTION 		 Cost: 4 		 Score: 0 	Treasure Value: 0
HAND TO REMOVE  	Village-ACTION 		 Cost: 3 		 Score: 0 	Treasure Value: 0
Player:  ?Ot"fhrN}KU- discards  	Village-ACTION 		 Cost: 3 		 Score: 0 	Treasure Value: 0
HAND TO REMOVE  	Village-ACTION 		 Cost: 3 		 Score: 0 	Treasure Value: 0
Player:  ?Ot"fhrN}KU- discards  	Village-ACTION 		 Cost: 3 		 Score: 0 	Treasure Value: 0
HAND TO REMOVE  	salvager-ACTION 		 Cost: 4 		 Score: 0 	Treasure Value: 0
Player:  ?Ot"fhrN}KU- discards  	salvager-ACTION 		 Cost: 4 		 Score: 0 	Treasure Value: 0
HAND TO REMOVE  	CouncilRoom-ACTION 		 Cost: 5 		 Score: 0 	Treasure Value: 0
Player:  ?Ot"fhrN}KU- discards  	CouncilRoom-ACTION 		 Cost: 5 		 Score: 0 	Treasure Value: 0
HAND TO REMOVE  	Ambassador-ACTION 		 Cost: 3 		 Score: 0 	Treasure Value: 0
Player:  ?Ot"fhrN}KU- discards  	Ambassador-ACTION 		 Cost: 3 		 Score: 0 	Treasure Value: 0
HAND TO REMOVE  	Baron-ACTION 		 Cost: 4 		 Score: 0 	Treasure Value: 0
Player:  ?Ot"fhrN}KU- discards  	Baron-ACTION 		 Cost: 4 		 Score: 0 	Treasure Value: 0
HAND TO REMOVE  	cutpurse-ACTION 		 Cost: 4 		 Score: 0 	Treasure Value: 0
Player:  ?Ot"fhrN}KU- discards  	cutpurse-ACTION 		 Cost: 4 		 Score: 0 	Treasure Value: 0
HAND TO REMOVE  	embargo-ACTION 		 Cost: 2 		 Score: 0 	Treasure Value: 0
Player:  ?Ot"fhrN}KU- discards  	embargo-ACTION 		 Cost: 2 		 Score: 0 	Treasure Value: 0
HAND TO REMOVE  	feast-ACTION 		 Cost: 4 		 Score: 0 	Treasure Value: 0
Player:  ?Ot"fhrN}KU- discards  	feast-ACTION 		 Cost: 4 		 Score: 0 	Treasure Value: 0
HAND TO REMOVE  	gardens-ACTION 		 Cost: 4 		 Score: 0 	Treasure Value: 0
Player:  ?Ot"fhrN}KU- discards  	gardens-ACTION 		 Cost: 4 		 Score: 0 	Treasure Value: 0
HAND TO REMOVE  	greathall-ACTION 		 Cost: 3 		 Score: 1 	Treasure Value: 0
Player:  ?Ot"fhrN}KU- discards  	greathall-ACTION 		 Cost: 3 		 Score: 1 	Treasure Value: 0
HAND TO REMOVE  	mine-ACTION 		 Cost: 5 		 Score: 0 	Treasure Value: 0
Player:  ?Ot"fhrN}KU- discards  	mine-ACTION 		 Cost: 5 		 Score: 0 	Treasure Value: 0
reshuffle the deck of the player ?Ot"fhrN}KU- to draw FIVE cards
draw  	Province-VICTORY 		 Cost: 8 		 Score: 6 	Treasure Value: 0
draw  	Estate-VICTORY 		 Cost: 2 		 Score: 3 	Treasure Value: 0
draw  	feast-ACTION 		 Cost: 4 		 Score: 0 	Treasure Value: 0
draw  	Village-ACTION 		 Cost: 3 		 Score: 0 	Treasure Value: 0
draw  	greathall-ACTION 		 Cost: 3 		 Score: 1 	Treasure Value: 0
 --- --------------------------- --- 
BUYING CARDS CARDS******************************************
EMBARGO IS ACTIVE: -3
[ 	Province-VICTORY 		 Cost: 8 		 Score: 6 	Treasure Value: 0,  	Estate-VICTORY 		 Cost: 2 		 Score: 3 	Treasure Value: 0,  	Village-ACTION 		 Cost: 3 		 Score: 0 	Treasure Value: 0,  	feast-ACTION 		 Cost: 4 		 Score: 0 	Treasure Value: 0,  	greathall-ACTION 		 Cost: 3 		 Score: 1 	Treasure Value: 0]
5
8
0
[INFO] Found new thread
[INFO] Thread is still alive: Time-limited test
[DEBUG] __STATIC_RESET() method does not exists in class org.cs362.dominion.Card$Type
[DEBUG] __STATIC_RESET() method does not exists in class org.cs362.dominion.Card$CardName
[DEBUG] __STATIC_RESET() method does not exists in class org.cs362.dominion.Randomness
]]></system-out>
    <system-err><![CDATA[the number of players mus be between 2 and 4 
]]></system-err>
  </testcase>
  <testcase name="test21" classname="org.cs362.dominion.Player_ESTest" time="0.025"/>
  <testcase name="test20" classname="org.cs362.dominion.Player_ESTest" time="0.02"/>
  <testcase name="test19" classname="org.cs362.dominion.Player_ESTest" time="0.01"/>
  <testcase name="test18" classname="org.cs362.dominion.Player_ESTest" time="0.008"/>
  <testcase name="test17" classname="org.cs362.dominion.Player_ESTest" time="0.012"/>
  <testcase name="test16" classname="org.cs362.dominion.Player_ESTest" time="0.006"/>
  <testcase name="test15" classname="org.cs362.dominion.Player_ESTest" time="0.008"/>
  <testcase name="test14" classname="org.cs362.dominion.Player_ESTest" time="0.033"/>
  <testcase name="test13" classname="org.cs362.dominion.Player_ESTest" time="0.013"/>
  <testcase name="test12" classname="org.cs362.dominion.Player_ESTest" time="0.006"/>
  <testcase name="test11" classname="org.cs362.dominion.Player_ESTest" time="0.01"/>
  <testcase name="test10" classname="org.cs362.dominion.Player_ESTest" time="0.016"/>
</testsuite>