<?xml version="1.0" encoding="UTF-8"?>
<testsuite name="org.cs362.dominion.Card_ESTest" time="0.009" tests="35" errors="1" skipped="0" failures="0">
  <properties>
    <property name="java.runtime.name" value="Java(TM) SE Runtime Environment"/>
    <property name="sun.boot.library.path" value="/usr/lib/jvm/java-8-oracle/jre/lib/amd64"/>
    <property name="java.vm.version" value="25.121-b13"/>
    <property name="java.vm.vendor" value="Oracle Corporation"/>
    <property name="maven.multiModuleProjectDirectory" value="/home/dog/CS362W17Section-001/projects/hendriri/Dominion"/>
    <property name="java.vendor.url" value="http://java.oracle.com/"/>
    <property name="path.separator" value=":"/>
    <property name="guice.disable.misplaced.annotation.check" value="true"/>
    <property name="java.vm.name" value="Java HotSpot(TM) 64-Bit Server VM"/>
    <property name="file.encoding.pkg" value="sun.io"/>
    <property name="user.country" value="US"/>
    <property name="sun.java.launcher" value="SUN_STANDARD"/>
    <property name="sun.os.patch.level" value="unknown"/>
    <property name="java.vm.specification.name" value="Java Virtual Machine Specification"/>
    <property name="user.dir" value="/home/dog/CS362W17Section-001/projects/hendriri/Dominion"/>
    <property name="java.runtime.version" value="1.8.0_121-b13"/>
    <property name="java.awt.graphicsenv" value="sun.awt.X11GraphicsEnvironment"/>
    <property name="java.endorsed.dirs" value="/usr/lib/jvm/java-8-oracle/jre/lib/endorsed"/>
    <property name="os.arch" value="amd64"/>
    <property name="java.io.tmpdir" value="/tmp"/>
    <property name="line.separator" value="&#10;"/>
    <property name="java.vm.specification.vendor" value="Oracle Corporation"/>
    <property name="os.name" value="Linux"/>
    <property name="net.sourceforge.cobertura.datafile" value="/home/dog/CS362W17Section-001/projects/hendriri/Dominion/target/cobertura/cobertura.ser"/>
    <property name="classworlds.conf" value="/usr/share/maven/bin/m2.conf"/>
    <property name="sun.jnu.encoding" value="UTF-8"/>
    <property name="java.library.path" value="/usr/java/packages/lib/amd64:/usr/lib64:/lib64:/lib:/usr/lib"/>
    <property name="java.specification.name" value="Java Platform API Specification"/>
    <property name="java.class.version" value="52.0"/>
    <property name="sun.management.compiler" value="HotSpot 64-Bit Tiered Compilers"/>
    <property name="os.version" value="4.8.0-37-generic"/>
    <property name="user.home" value="/home/dog"/>
    <property name="user.timezone" value="America/Los_Angeles"/>
    <property name="java.awt.printerjob" value="sun.print.PSPrinterJob"/>
    <property name="java.specification.version" value="1.8"/>
    <property name="file.encoding" value="UTF-8"/>
    <property name="user.name" value="dog"/>
    <property name="java.class.path" value="/usr/share/maven/boot/plexus-classworlds-2.x.jar"/>
    <property name="java.vm.specification.version" value="1.8"/>
    <property name="sun.arch.data.model" value="64"/>
    <property name="java.home" value="/usr/lib/jvm/java-8-oracle/jre"/>
    <property name="sun.java.command" value="org.codehaus.plexus.classworlds.launcher.Launcher cobertura::cobertura"/>
    <property name="java.specification.vendor" value="Oracle Corporation"/>
    <property name="user.language" value="en"/>
    <property name="awt.toolkit" value="sun.awt.X11.XToolkit"/>
    <property name="java.vm.info" value="mixed mode"/>
    <property name="java.version" value="1.8.0_121"/>
    <property name="java.ext.dirs" value="/usr/lib/jvm/java-8-oracle/jre/lib/ext:/usr/java/packages/lib/ext"/>
    <property name="securerandom.source" value="file:/dev/./urandom"/>
    <property name="sun.boot.class.path" value="/usr/lib/jvm/java-8-oracle/jre/lib/resources.jar:/usr/lib/jvm/java-8-oracle/jre/lib/rt.jar:/usr/lib/jvm/java-8-oracle/jre/lib/sunrsasign.jar:/usr/lib/jvm/java-8-oracle/jre/lib/jsse.jar:/usr/lib/jvm/java-8-oracle/jre/lib/jce.jar:/usr/lib/jvm/java-8-oracle/jre/lib/charsets.jar:/usr/lib/jvm/java-8-oracle/jre/lib/jfr.jar:/usr/lib/jvm/java-8-oracle/jre/classes"/>
    <property name="java.vendor" value="Oracle Corporation"/>
    <property name="maven.home" value="/usr/share/maven"/>
    <property name="file.separator" value="/"/>
    <property name="java.vendor.url.bug" value="http://bugreport.sun.com/bugreport/"/>
    <property name="sun.cpu.endian" value="little"/>
    <property name="sun.io.unicode.encoding" value="UnicodeLittle"/>
    <property name="project.build.outputDirectory" value="/home/dog/CS362W17Section-001/projects/hendriri/Dominion/target/generated-classes/cobertura"/>
    <property name="sun.desktop" value="gnome"/>
    <property name="sun.cpu.isalist" value=""/>
  </properties>
  <testcase name="test17" classname="org.cs362.dominion.Card_ESTest" time="0.001"/>
  <testcase name="test18" classname="org.cs362.dominion.Card_ESTest" time="0"/>
  <testcase name="test19" classname="org.cs362.dominion.Card_ESTest" time="0"/>
  <testcase name="test13" classname="org.cs362.dominion.Card_ESTest" time="0.001">
    <error type="java.lang.NullPointerException:">java.lang.NullPointerException: null
	at org.cs362.dominion.Randomness.nextRandomInt(Randomness.java:34)
	at org.cs362.dominion.Player.drawCard(Player.java:44)
	at org.cs362.dominion.Card_ESTest.test13(Card_ESTest.java:222)
</error>
    <system-out><![CDATA[reshuffle the deck of the player _/^qGb%)AFun5F|OkX[ to draw FIVE cards
[INFO] Found new thread
[DEBUG] __STATIC_RESET() method does not exists in class org.cs362.dominion.Card$CardName
[DEBUG] __STATIC_RESET() method does not exists in class org.cs362.dominion.Card$Type
[DEBUG] __STATIC_RESET() method does not exists in class org.cs362.dominion.Randomness
]]></system-out>
  </testcase>
  <testcase name="test35" classname="org.cs362.dominion.Card_ESTest" time="0"/>
  <testcase name="test14" classname="org.cs362.dominion.Card_ESTest" time="0"/>
  <testcase name="test15" classname="org.cs362.dominion.Card_ESTest" time="0"/>
  <testcase name="test16" classname="org.cs362.dominion.Card_ESTest" time="0"/>
  <testcase name="test31" classname="org.cs362.dominion.Card_ESTest" time="0"/>
  <testcase name="test10" classname="org.cs362.dominion.Card_ESTest" time="0.001"/>
  <testcase name="test32" classname="org.cs362.dominion.Card_ESTest" time="0"/>
  <testcase name="test11" classname="org.cs362.dominion.Card_ESTest" time="0"/>
  <testcase name="test33" classname="org.cs362.dominion.Card_ESTest" time="0.001"/>
  <testcase name="test12" classname="org.cs362.dominion.Card_ESTest" time="0"/>
  <testcase name="test34" classname="org.cs362.dominion.Card_ESTest" time="0"/>
  <testcase name="test30" classname="org.cs362.dominion.Card_ESTest" time="0.001"/>
  <testcase name="test06" classname="org.cs362.dominion.Card_ESTest" time="0"/>
  <testcase name="test28" classname="org.cs362.dominion.Card_ESTest" time="0"/>
  <testcase name="test07" classname="org.cs362.dominion.Card_ESTest" time="0"/>
  <testcase name="test08" classname="org.cs362.dominion.Card_ESTest" time="0"/>
  <testcase name="test09" classname="org.cs362.dominion.Card_ESTest" time="0"/>
  <testcase name="test02" classname="org.cs362.dominion.Card_ESTest" time="0"/>
  <testcase name="test24" classname="org.cs362.dominion.Card_ESTest" time="0"/>
  <testcase name="test03" classname="org.cs362.dominion.Card_ESTest" time="0"/>
  <testcase name="test25" classname="org.cs362.dominion.Card_ESTest" time="0"/>
  <testcase name="test04" classname="org.cs362.dominion.Card_ESTest" time="0.001"/>
  <testcase name="test26" classname="org.cs362.dominion.Card_ESTest" time="0.003"/>
  <testcase name="test05" classname="org.cs362.dominion.Card_ESTest" time="0"/>
  <testcase name="test27" classname="org.cs362.dominion.Card_ESTest" time="0"/>
  <testcase name="test20" classname="org.cs362.dominion.Card_ESTest" time="0"/>
  <testcase name="test21" classname="org.cs362.dominion.Card_ESTest" time="0"/>
  <testcase name="test00" classname="org.cs362.dominion.Card_ESTest" time="0"/>
  <testcase name="test22" classname="org.cs362.dominion.Card_ESTest" time="0"/>
  <testcase name="test01" classname="org.cs362.dominion.Card_ESTest" time="0"/>
  <testcase name="test23" classname="org.cs362.dominion.Card_ESTest" time="0"/>
</testsuite>