<?xml version="1.0" encoding="UTF-8" ?>
<testsuite failures="0" time="0.182" errors="1" skipped="0" tests="1" name="org.cs362.dominion.SmithyTest">
  <properties>
    <property name="java.runtime.name" value="OpenJDK Runtime Environment"/>
    <property name="sun.boot.library.path" value="/usr/lib/jvm/java-7-openjdk-amd64/jre/lib/amd64"/>
    <property name="java.vm.version" value="24.121-b00"/>
    <property name="java.vm.vendor" value="Oracle Corporation"/>
    <property name="java.vendor.url" value="http://java.oracle.com/"/>
    <property name="path.separator" value=":"/>
    <property name="guice.disable.misplaced.annotation.check" value="true"/>
    <property name="java.vm.name" value="OpenJDK 64-Bit Server VM"/>
    <property name="file.encoding.pkg" value="sun.io"/>
    <property name="user.country" value="US"/>
    <property name="sun.java.launcher" value="SUN_STANDARD"/>
    <property name="sun.os.patch.level" value="unknown"/>
    <property name="java.vm.specification.name" value="Java Virtual Machine Specification"/>
    <property name="user.dir" value="/mnt/c/Users/Austin Hodgin/Homework/CS362/HW1/CS362W17Section-001/projects/hodgina/Dominion"/>
    <property name="java.runtime.version" value="1.7.0_121-b00"/>
    <property name="java.awt.graphicsenv" value="sun.awt.X11GraphicsEnvironment"/>
    <property name="java.endorsed.dirs" value="/usr/lib/jvm/java-7-openjdk-amd64/jre/lib/endorsed"/>
    <property name="os.arch" value="amd64"/>
    <property name="java.io.tmpdir" value="/tmp"/>
    <property name="line.separator" value="
"/>
    <property name="java.vm.specification.vendor" value="Oracle Corporation"/>
    <property name="os.name" value="Linux"/>
    <property name="classworlds.conf" value="/usr/share/maven/bin/m2.conf"/>
    <property name="sun.jnu.encoding" value="UTF-8"/>
    <property name="java.library.path" value="/usr/java/packages/lib/amd64:/usr/lib/x86_64-linux-gnu/jni:/lib/x86_64-linux-gnu:/usr/lib/x86_64-linux-gnu:/usr/lib/jni:/lib:/usr/lib"/>
    <property name="java.specification.name" value="Java Platform API Specification"/>
    <property name="java.class.version" value="51.0"/>
    <property name="sun.management.compiler" value="HotSpot 64-Bit Tiered Compilers"/>
    <property name="os.version" value="3.4.0+"/>
    <property name="user.home" value="/home/AustinHodgin"/>
    <property name="user.timezone" value="GMT"/>
    <property name="java.awt.printerjob" value="sun.print.PSPrinterJob"/>
    <property name="file.encoding" value="UTF-8"/>
    <property name="java.specification.version" value="1.7"/>
    <property name="user.name" value="AustinHodgin"/>
    <property name="java.class.path" value="/usr/share/maven/boot/plexus-classworlds-2.x.jar"/>
    <property name="java.vm.specification.version" value="1.7"/>
    <property name="sun.arch.data.model" value="64"/>
    <property name="java.home" value="/usr/lib/jvm/java-7-openjdk-amd64/jre"/>
    <property name="sun.java.command" value="org.codehaus.plexus.classworlds.launcher.Launcher package"/>
    <property name="java.specification.vendor" value="Oracle Corporation"/>
    <property name="user.language" value="en"/>
    <property name="awt.toolkit" value="sun.awt.X11.XToolkit"/>
    <property name="java.vm.info" value="mixed mode"/>
    <property name="java.version" value="1.7.0_121"/>
    <property name="java.ext.dirs" value="/usr/lib/jvm/java-7-openjdk-amd64/jre/lib/ext:/usr/java/packages/lib/ext"/>
    <property name="securerandom.source" value="file:/dev/./urandom"/>
    <property name="sun.boot.class.path" value="/usr/lib/jvm/java-7-openjdk-amd64/jre/lib/resources.jar:/usr/lib/jvm/java-7-openjdk-amd64/jre/lib/rt.jar:/usr/lib/jvm/java-7-openjdk-amd64/jre/lib/sunrsasign.jar:/usr/lib/jvm/java-7-openjdk-amd64/jre/lib/jsse.jar:/usr/lib/jvm/java-7-openjdk-amd64/jre/lib/jce.jar:/usr/lib/jvm/java-7-openjdk-amd64/jre/lib/charsets.jar:/usr/lib/jvm/java-7-openjdk-amd64/jre/lib/rhino.jar:/usr/lib/jvm/java-7-openjdk-amd64/jre/lib/jfr.jar:/usr/lib/jvm/java-7-openjdk-amd64/jre/classes"/>
    <property name="java.vendor" value="Oracle Corporation"/>
    <property name="maven.home" value="/usr/share/maven"/>
    <property name="file.separator" value="/"/>
    <property name="java.vendor.url.bug" value="http://bugreport.sun.com/bugreport/"/>
    <property name="sun.cpu.endian" value="little"/>
    <property name="sun.io.unicode.encoding" value="UnicodeLittle"/>
    <property name="sun.cpu.isalist" value=""/>
  </properties>
  <testcase time="0.115" classname="org.cs362.dominion.SmithyTest" name="test0">
    <error type="java.lang.NullPointerException">java.lang.NullPointerException
	at java.util.ComparableTimSort.countRunAndMakeAscending(ComparableTimSort.java:290)
	at java.util.ComparableTimSort.sort(ComparableTimSort.java:157)
	at java.util.ComparableTimSort.sort(ComparableTimSort.java:146)
	at java.util.Arrays.sort(Arrays.java:472)
	at java.util.Collections.sort(Collections.java:155)
	at org.cs362.dominion.Player.drawCard(Player.java:54)
	at org.cs362.dominion.Player.initializePlayerTurn(Player.java:65)
	at org.cs362.dominion.GameState.play(GameState.java:82)
	at org.cs362.dominion.SmithyTest.test0(SmithyTest.java:51)
	at sun.reflect.NativeMethodAccessorImpl.invoke0(Native Method)
	at sun.reflect.NativeMethodAccessorImpl.invoke(NativeMethodAccessorImpl.java:57)
	at sun.reflect.DelegatingMethodAccessorImpl.invoke(DelegatingMethodAccessorImpl.java:43)
	at java.lang.reflect.Method.invoke(Method.java:606)
	at org.junit.runners.model.FrameworkMethod$1.runReflectiveCall(FrameworkMethod.java:47)
	at org.junit.internal.runners.model.ReflectiveCallable.run(ReflectiveCallable.java:12)
	at org.junit.runners.model.FrameworkMethod.invokeExplosively(FrameworkMethod.java:44)
	at org.junit.internal.runners.statements.InvokeMethod.evaluate(InvokeMethod.java:17)
	at org.junit.runners.ParentRunner.runLeaf(ParentRunner.java:271)
	at org.junit.runners.BlockJUnit4ClassRunner.runChild(BlockJUnit4ClassRunner.java:70)
	at org.junit.runners.BlockJUnit4ClassRunner.runChild(BlockJUnit4ClassRunner.java:50)
	at org.junit.runners.ParentRunner$3.run(ParentRunner.java:238)
	at org.junit.runners.ParentRunner$1.schedule(ParentRunner.java:63)
	at org.junit.runners.ParentRunner.runChildren(ParentRunner.java:236)
	at org.junit.runners.ParentRunner.access$000(ParentRunner.java:53)
	at org.junit.runners.ParentRunner$2.evaluate(ParentRunner.java:229)
	at org.junit.runners.ParentRunner.run(ParentRunner.java:309)
	at org.apache.maven.surefire.junit4.JUnit4TestSet.execute(JUnit4TestSet.java:53)
	at org.apache.maven.surefire.junit4.JUnit4Provider.executeTestSet(JUnit4Provider.java:123)
	at org.apache.maven.surefire.junit4.JUnit4Provider.invoke(JUnit4Provider.java:104)
	at sun.reflect.NativeMethodAccessorImpl.invoke0(Native Method)
	at sun.reflect.NativeMethodAccessorImpl.invoke(NativeMethodAccessorImpl.java:57)
	at sun.reflect.DelegatingMethodAccessorImpl.invoke(DelegatingMethodAccessorImpl.java:43)
	at java.lang.reflect.Method.invoke(Method.java:606)
	at org.apache.maven.surefire.util.ReflectionUtils.invokeMethodWithArray(ReflectionUtils.java:164)
	at org.apache.maven.surefire.booter.ProviderFactory$ProviderProxy.invoke(ProviderFactory.java:110)
	at org.apache.maven.surefire.booter.SurefireStarter.invokeProvider(SurefireStarter.java:175)
	at org.apache.maven.surefire.booter.SurefireStarter.runSuitesInProcessWhenForked(SurefireStarter.java:107)
	at org.apache.maven.surefire.booter.ForkedBooter.main(ForkedBooter.java:68)
</error>
    <system-out>
player-1 &apos;s Inistial Card Draw Is: 
-----------------------------------
player-1 gains  
	Copper
-----------------------------------

player-1 &apos;s Inistial Card Draw Is: 
-----------------------------------
player-1 gains  
	Copper
-----------------------------------

player-1 &apos;s Inistial Card Draw Is: 
-----------------------------------
player-1 gains  
	Copper
-----------------------------------

player-1 &apos;s Inistial Card Draw Is: 
-----------------------------------
player-1 gains  
	Copper
-----------------------------------

player-1 &apos;s Inistial Card Draw Is: 
-----------------------------------
player-1 gains  
	Copper
-----------------------------------

player-1 &apos;s Inistial Card Draw Is: 
-----------------------------------
player-1 gains  
	Copper
-----------------------------------

player-1 &apos;s Inistial Card Draw Is: 
-----------------------------------
player-1 gains  
	Copper
-----------------------------------
-----------------------------------
player-1 gains  
	Estate
-----------------------------------
-----------------------------------
player-1 gains  
	Estate
-----------------------------------
-----------------------------------
player-1 gains  
	Estate
-----------------------------------

player-2 &apos;s Inistial Card Draw Is: 
-----------------------------------
player-2 gains  
	Copper
-----------------------------------

player-2 &apos;s Inistial Card Draw Is: 
-----------------------------------
player-2 gains  
	Copper
-----------------------------------

player-2 &apos;s Inistial Card Draw Is: 
-----------------------------------
player-2 gains  
	Copper
-----------------------------------

player-2 &apos;s Inistial Card Draw Is: 
-----------------------------------
player-2 gains  
	Copper
-----------------------------------

player-2 &apos;s Inistial Card Draw Is: 
-----------------------------------
player-2 gains  
	Copper
-----------------------------------

player-2 &apos;s Inistial Card Draw Is: 
-----------------------------------
player-2 gains  
	Copper
-----------------------------------

player-2 &apos;s Inistial Card Draw Is: 
-----------------------------------
player-2 gains  
	Copper
-----------------------------------
-----------------------------------
player-2 gains  
	Estate
-----------------------------------
-----------------------------------
player-2 gains  
	Estate
-----------------------------------
-----------------------------------
player-2 gains  
	Estate
-----------------------------------
hand count = 1
hand deck = 0
hand coins = 0
hand numActions = 0
hand numBuys = 0
hand hand = 1
hand deck = 0
-----------------------------------
        Turn 1           
-----------------------------------
Player: player-1 is playing
reshuffle the deck of the player player-1 to draw FIVE cards
draw  
	Copper
draw  
	Estate
draw  
	Copper
draw  
	Estate
draw  
	Copper
-----------------------------------
        Playing Kingdom Cards      
-----------------------------------
Player.actionPhase Card: 
	Smithy
draw  
	Copper
draw  
	Copper
draw  
	Copper
-----------------------------------
        Playing TreasureCards      
-----------------------------------
Treasure Cards Played: 
 
	Copper
 
	Copper
 
	Copper
 
	Copper
 
	Copper
 
	Copper
player-1 has 6 to use in Buy Round.
-----------------------------------
            Buying Cards           
-----------------------------------
-----------------------------------
player-1 gains  
	Gold
-----------------------------------
-----------------------------------
              End Turn             
-----------------------------------
-----------------------------------
        Turn 1           
-----------------------------------
Player: player-2 is playing
reshuffle the deck of the player player-2 to draw FIVE cards
draw  
	Copper
draw  
	Copper
draw  
	Estate
draw  
	Copper
draw  
	Copper
-----------------------------------
        Playing Kingdom Cards      
-----------------------------------
-----------------------------------
        Playing TreasureCards      
-----------------------------------
Treasure Cards Played: 
 
	Copper
 
	Copper
 
	Copper
 
	Copper
player-2 has 4 to use in Buy Round.
-----------------------------------
            Buying Cards           
-----------------------------------
-----------------------------------
              End Turn             
-----------------------------------
-----------------------------------
        Turn 2           
-----------------------------------
Player: player-1 is playing
draw  
	Estate
draw  
	Copper
reshuffle the deck of the player player-1 to draw FIVE cards
draw  
	Copper
draw  
	Estate
draw  
	Copper
-----------------------------------
        Playing Kingdom Cards      
-----------------------------------
-----------------------------------
        Playing TreasureCards      
-----------------------------------
Treasure Cards Played: 
 
	Copper
 
	Copper
 
	Copper
player-1 has 3 to use in Buy Round.
-----------------------------------
            Buying Cards           
-----------------------------------
-----------------------------------
player-1 gains  
	Village
-----------------------------------
-----------------------------------
              End Turn             
-----------------------------------
-----------------------------------
        Turn 2           
-----------------------------------
Player: player-2 is playing
draw  
	Copper
draw  
	Copper
draw  
	Estate
draw  
	Estate
draw  
	Copper
-----------------------------------
        Playing Kingdom Cards      
-----------------------------------
-----------------------------------
        Playing TreasureCards      
-----------------------------------
Treasure Cards Played: 
 
	Copper
 
	Copper
 
	Copper
player-2 has 3 to use in Buy Round.
-----------------------------------
            Buying Cards           
-----------------------------------
-----------------------------------
player-2 gains  
	Village
-----------------------------------
-----------------------------------
              End Turn             
-----------------------------------
-----------------------------------
        Turn 3           
-----------------------------------
Player: player-1 is playing
draw  
	Smithy
draw  
	Estate
draw  
	Copper
draw  
	Copper
draw  
	Copper
-----------------------------------
        Playing Kingdom Cards      
-----------------------------------
Player.actionPhase Card: 
	Smithy
draw  
	Copper
draw  
	Gold
reshuffle the deck of the player player-1 to draw FIVE cards
draw  
	Copper
-----------------------------------
        Playing TreasureCards      
-----------------------------------
Treasure Cards Played: 
 
	Gold
 
	Copper
 
	Copper
 
	Copper
 
	Copper
 
	Copper
player-1 has 8 to use in Buy Round.
-----------------------------------
            Buying Cards           
-----------------------------------
-----------------------------------
player-1 gains  
	Province
-----------------------------------
-----------------------------------
              End Turn             
-----------------------------------
-----------------------------------
        Turn 3           
-----------------------------------
Player: player-2 is playing
reshuffle the deck of the player player-2 to draw FIVE cards
draw  
	Copper
draw  
	Copper
draw  
	Copper
draw  
	Village
draw  
	Copper
-----------------------------------
        Playing Kingdom Cards      
-----------------------------------
Player.actionPhase Card: 
	Village
The player draw +1 Card.
draw  
	Copper
The player gets +2 play Actions.
Player:  player-2 discards null
-----------------------------------
        Playing TreasureCards      
-----------------------------------
Treasure Cards Played: 
 
	Copper
 
	Copper
 
	Copper
 
	Copper
 
	Copper
player-2 has 5 to use in Buy Round.
-----------------------------------
            Buying Cards           
-----------------------------------
-----------------------------------
player-2 gains  
	Mine
-----------------------------------
-----------------------------------
              End Turn             
-----------------------------------
-----------------------------------
        Turn 4           
-----------------------------------
Player: player-1 is playing
draw  
	Copper
draw  
	Copper
draw  
	Estate
draw  
	Estate
draw  
	Village
-----------------------------------
        Playing Kingdom Cards      
-----------------------------------
Player.actionPhase Card: 
	Village
The player draw +1 Card.
reshuffle the deck of the player player-1 to draw FIVE cards
draw  
	Province
The player gets +2 play Actions.
Player:  player-1 discards null
-----------------------------------
        Playing TreasureCards      
-----------------------------------
Treasure Cards Played: 
 
	Copper
 
	Copper
player-1 has 2 to use in Buy Round.
-----------------------------------
            Buying Cards           
-----------------------------------
-----------------------------------
player-1 gains  
	Estate
-----------------------------------
-----------------------------------
              End Turn             
-----------------------------------
-----------------------------------
        Turn 4           
-----------------------------------
Player: player-2 is playing
draw  
	Copper
draw  
	Estate
draw  
	Estate
draw  
	Copper
draw  
	Estate
-----------------------------------
        Playing Kingdom Cards      
-----------------------------------
-----------------------------------
        Playing TreasureCards      
-----------------------------------
Treasure Cards Played: 
 
	Copper
 
	Copper
player-2 has 2 to use in Buy Round.
-----------------------------------
            Buying Cards           
-----------------------------------
-----------------------------------
player-2 gains  
	Estate
-----------------------------------
-----------------------------------
              End Turn             
-----------------------------------
-----------------------------------
        Turn 5           
-----------------------------------
Player: player-1 is playing
draw  
	Copper
draw  
	Copper
draw  
	Estate
draw  
	Gold
draw  
	Copper
-----------------------------------
        Playing Kingdom Cards      
-----------------------------------
-----------------------------------
        Playing TreasureCards      
-----------------------------------
Treasure Cards Played: 
 
	Gold
 
	Copper
 
	Copper
 
	Copper
player-1 has 6 to use in Buy Round.
-----------------------------------
            Buying Cards           
-----------------------------------
-----------------------------------
player-1 gains  
	Gold
-----------------------------------
-----------------------------------
              End Turn             
-----------------------------------
-----------------------------------
        Turn 5           
-----------------------------------
Player: player-2 is playing
reshuffle the deck of the player player-2 to draw FIVE cards
draw  
	Village
draw null
</system-out>
  </testcase>
</testsuite>