<?xml version="1.0" encoding="UTF-8" ?>
<testsuite failures="5" time="3.475" errors="0" skipped="0" tests="30" name="org.cs362.dominion.Card_Test">
  <properties>
    <property name="java.runtime.name" value="OpenJDK Runtime Environment"/>
    <property name="sun.boot.library.path" value="/usr/lib/jvm/java-7-openjdk-amd64/jre/lib/amd64"/>
    <property name="java.vm.version" value="24.121-b00"/>
    <property name="java.vm.vendor" value="Oracle Corporation"/>
    <property name="java.vendor.url" value="http://java.oracle.com/"/>
    <property name="path.separator" value=":"/>
    <property name="guice.disable.misplaced.annotation.check" value="true"/>
    <property name="java.vm.name" value="OpenJDK 64-Bit Server VM"/>
    <property name="file.encoding.pkg" value="sun.io"/>
    <property name="user.country" value="US"/>
    <property name="sun.java.launcher" value="SUN_STANDARD"/>
    <property name="sun.os.patch.level" value="unknown"/>
    <property name="java.vm.specification.name" value="Java Virtual Machine Specification"/>
    <property name="user.dir" value="/mnt/c/Users/Austin Hodgin/Homework/CS362/HW1/CS362W17Section-001/projects/hodgina/Dominion"/>
    <property name="java.runtime.version" value="1.7.0_121-b00"/>
    <property name="java.awt.graphicsenv" value="sun.awt.X11GraphicsEnvironment"/>
    <property name="java.endorsed.dirs" value="/usr/lib/jvm/java-7-openjdk-amd64/jre/lib/endorsed"/>
    <property name="os.arch" value="amd64"/>
    <property name="java.io.tmpdir" value="/tmp"/>
    <property name="line.separator" value="
"/>
    <property name="java.vm.specification.vendor" value="Oracle Corporation"/>
    <property name="os.name" value="Linux"/>
    <property name="net.sourceforge.cobertura.datafile" value="/mnt/c/Users/Austin Hodgin/Homework/CS362/HW1/CS362W17Section-001/projects/hodgina/Dominion/target/cobertura/cobertura.ser"/>
    <property name="classworlds.conf" value="/usr/share/maven/bin/m2.conf"/>
    <property name="sun.jnu.encoding" value="UTF-8"/>
    <property name="java.library.path" value="/usr/java/packages/lib/amd64:/usr/lib/x86_64-linux-gnu/jni:/lib/x86_64-linux-gnu:/usr/lib/x86_64-linux-gnu:/usr/lib/jni:/lib:/usr/lib"/>
    <property name="java.specification.name" value="Java Platform API Specification"/>
    <property name="java.class.version" value="51.0"/>
    <property name="sun.management.compiler" value="HotSpot 64-Bit Tiered Compilers"/>
    <property name="os.version" value="3.4.0+"/>
    <property name="user.home" value="/home/AustinHodgin"/>
    <property name="user.timezone" value="GMT"/>
    <property name="java.awt.printerjob" value="sun.print.PSPrinterJob"/>
    <property name="file.encoding" value="UTF-8"/>
    <property name="java.specification.version" value="1.7"/>
    <property name="user.name" value="AustinHodgin"/>
    <property name="java.class.path" value="/usr/share/maven/boot/plexus-classworlds-2.x.jar"/>
    <property name="java.vm.specification.version" value="1.7"/>
    <property name="sun.arch.data.model" value="64"/>
    <property name="java.home" value="/usr/lib/jvm/java-7-openjdk-amd64/jre"/>
    <property name="sun.java.command" value="org.codehaus.plexus.classworlds.launcher.Launcher cobertura:cobertura"/>
    <property name="java.specification.vendor" value="Oracle Corporation"/>
    <property name="user.language" value="en"/>
    <property name="awt.toolkit" value="sun.awt.X11.XToolkit"/>
    <property name="java.vm.info" value="mixed mode"/>
    <property name="java.version" value="1.7.0_121"/>
    <property name="java.ext.dirs" value="/usr/lib/jvm/java-7-openjdk-amd64/jre/lib/ext:/usr/java/packages/lib/ext"/>
    <property name="securerandom.source" value="file:/dev/./urandom"/>
    <property name="sun.boot.class.path" value="/usr/lib/jvm/java-7-openjdk-amd64/jre/lib/resources.jar:/usr/lib/jvm/java-7-openjdk-amd64/jre/lib/rt.jar:/usr/lib/jvm/java-7-openjdk-amd64/jre/lib/sunrsasign.jar:/usr/lib/jvm/java-7-openjdk-amd64/jre/lib/jsse.jar:/usr/lib/jvm/java-7-openjdk-amd64/jre/lib/jce.jar:/usr/lib/jvm/java-7-openjdk-amd64/jre/lib/charsets.jar:/usr/lib/jvm/java-7-openjdk-amd64/jre/lib/rhino.jar:/usr/lib/jvm/java-7-openjdk-amd64/jre/lib/jfr.jar:/usr/lib/jvm/java-7-openjdk-amd64/jre/classes"/>
    <property name="java.vendor" value="Oracle Corporation"/>
    <property name="maven.home" value="/usr/share/maven"/>
    <property name="file.separator" value="/"/>
    <property name="java.vendor.url.bug" value="http://bugreport.sun.com/bugreport/"/>
    <property name="sun.cpu.endian" value="little"/>
    <property name="sun.io.unicode.encoding" value="UnicodeLittle"/>
    <property name="project.build.outputDirectory" value="/mnt/c/Users/Austin Hodgin/Homework/CS362/HW1/CS362W17Section-001/projects/hodgina/Dominion/target/generated-classes/cobertura"/>
    <property name="sun.cpu.isalist" value=""/>
  </properties>
  <testcase time="1.386" classname="org.cs362.dominion.Card_Test" name="testValuesGreatHall"/>
  <testcase time="0.101" classname="org.cs362.dominion.Card_Test" name="testLaboratoryValue"/>
  <testcase time="0.074" classname="org.cs362.dominion.Card_Test" name="testPlayGold"/>
  <testcase time="0.099" classname="org.cs362.dominion.Card_Test" name="testPlayMine"/>
  <testcase time="0.041" classname="org.cs362.dominion.Card_Test" name="testPlayLaboratory"/>
  <testcase time="0.064" classname="org.cs362.dominion.Card_Test" name="testValuesCutpurse"/>
  <testcase time="0.043" classname="org.cs362.dominion.Card_Test" name="testPlayBaron">
    <failure message="expected:&lt;6&gt; but was:&lt;5&gt;" type="java.lang.AssertionError">java.lang.AssertionError: expected:&lt;6&gt; but was:&lt;5&gt;
	at org.junit.Assert.fail(Assert.java:88)
	at org.junit.Assert.failNotEquals(Assert.java:743)
	at org.junit.Assert.assertEquals(Assert.java:118)
	at org.junit.Assert.assertEquals(Assert.java:555)
	at org.junit.Assert.assertEquals(Assert.java:542)
	at org.cs362.dominion.Card_Test.testPlayBaron(Card_Test.java:197)
	at sun.reflect.NativeMethodAccessorImpl.invoke0(Native Method)
	at sun.reflect.NativeMethodAccessorImpl.invoke(NativeMethodAccessorImpl.java:57)
	at sun.reflect.DelegatingMethodAccessorImpl.invoke(DelegatingMethodAccessorImpl.java:43)
	at java.lang.reflect.Method.invoke(Method.java:606)
	at org.junit.runners.model.FrameworkMethod$1.runReflectiveCall(FrameworkMethod.java:47)
	at org.junit.internal.runners.model.ReflectiveCallable.run(ReflectiveCallable.java:12)
	at org.junit.runners.model.FrameworkMethod.invokeExplosively(FrameworkMethod.java:44)
	at org.junit.internal.runners.statements.InvokeMethod.evaluate(InvokeMethod.java:17)
	at org.junit.internal.runners.statements.RunBefores.evaluate(RunBefores.java:26)
	at org.junit.runners.ParentRunner.runLeaf(ParentRunner.java:271)
	at org.junit.runners.BlockJUnit4ClassRunner.runChild(BlockJUnit4ClassRunner.java:70)
	at org.junit.runners.BlockJUnit4ClassRunner.runChild(BlockJUnit4ClassRunner.java:50)
	at org.junit.runners.ParentRunner$3.run(ParentRunner.java:238)
	at org.junit.runners.ParentRunner$1.schedule(ParentRunner.java:63)
	at org.junit.runners.ParentRunner.runChildren(ParentRunner.java:236)
	at org.junit.runners.ParentRunner.access$000(ParentRunner.java:53)
	at org.junit.runners.ParentRunner$2.evaluate(ParentRunner.java:229)
	at org.junit.runners.ParentRunner.run(ParentRunner.java:309)
	at org.apache.maven.surefire.junit4.JUnit4TestSet.execute(JUnit4TestSet.java:53)
	at org.apache.maven.surefire.junit4.JUnit4Provider.executeTestSet(JUnit4Provider.java:123)
	at org.apache.maven.surefire.junit4.JUnit4Provider.invoke(JUnit4Provider.java:104)
	at sun.reflect.NativeMethodAccessorImpl.invoke0(Native Method)
	at sun.reflect.NativeMethodAccessorImpl.invoke(NativeMethodAccessorImpl.java:57)
	at sun.reflect.DelegatingMethodAccessorImpl.invoke(DelegatingMethodAccessorImpl.java:43)
	at java.lang.reflect.Method.invoke(Method.java:606)
	at org.apache.maven.surefire.util.ReflectionUtils.invokeMethodWithArray(ReflectionUtils.java:164)
	at org.apache.maven.surefire.booter.ProviderFactory$ProviderProxy.invoke(ProviderFactory.java:110)
	at org.apache.maven.surefire.booter.SurefireStarter.invokeProvider(SurefireStarter.java:175)
	at org.apache.maven.surefire.booter.SurefireStarter.runSuitesInProcessWhenForked(SurefireStarter.java:107)
	at org.apache.maven.surefire.booter.ForkedBooter.main(ForkedBooter.java:68)
</failure>
    <system-out>
PLAYER 1 &apos;s Inistial Card Draw Is: 
-----------------------------------
PLAYER 1 gains  
	Copper
-----------------------------------

PLAYER 1 &apos;s Inistial Card Draw Is: 
-----------------------------------
PLAYER 1 gains  
	Copper
-----------------------------------

PLAYER 1 &apos;s Inistial Card Draw Is: 
-----------------------------------
PLAYER 1 gains  
	Copper
-----------------------------------

PLAYER 1 &apos;s Inistial Card Draw Is: 
-----------------------------------
PLAYER 1 gains  
	Copper
-----------------------------------

PLAYER 1 &apos;s Inistial Card Draw Is: 
-----------------------------------
PLAYER 1 gains  
	Copper
-----------------------------------

PLAYER 1 &apos;s Inistial Card Draw Is: 
-----------------------------------
PLAYER 1 gains  
	Copper
-----------------------------------

PLAYER 1 &apos;s Inistial Card Draw Is: 
-----------------------------------
PLAYER 1 gains  
	Copper
-----------------------------------
-----------------------------------
PLAYER 1 gains  
	Estate
-----------------------------------
-----------------------------------
PLAYER 1 gains  
	Estate
-----------------------------------
-----------------------------------
PLAYER 1 gains  
	Estate
-----------------------------------

PLAYER 2 &apos;s Inistial Card Draw Is: 
-----------------------------------
PLAYER 2 gains  
	Copper
-----------------------------------

PLAYER 2 &apos;s Inistial Card Draw Is: 
-----------------------------------
PLAYER 2 gains  
	Copper
-----------------------------------

PLAYER 2 &apos;s Inistial Card Draw Is: 
-----------------------------------
PLAYER 2 gains  
	Copper
-----------------------------------

PLAYER 2 &apos;s Inistial Card Draw Is: 
-----------------------------------
PLAYER 2 gains  
	Copper
-----------------------------------

PLAYER 2 &apos;s Inistial Card Draw Is: 
-----------------------------------
PLAYER 2 gains  
	Copper
-----------------------------------

PLAYER 2 &apos;s Inistial Card Draw Is: 
-----------------------------------
PLAYER 2 gains  
	Copper
-----------------------------------

PLAYER 2 &apos;s Inistial Card Draw Is: 
-----------------------------------
PLAYER 2 gains  
	Copper
-----------------------------------
-----------------------------------
PLAYER 2 gains  
	Estate
-----------------------------------
-----------------------------------
PLAYER 2 gains  
	Estate
-----------------------------------
-----------------------------------
PLAYER 2 gains  
	Estate
-----------------------------------
reshuffle the deck of the player PLAYER 1 to draw FIVE cards
draw  
	Copper
draw  
	Copper
draw  
	Copper
draw  
	Copper
draw  
	Estate
</system-out>
  </testcase>
  <testcase time="0.065" classname="org.cs362.dominion.Card_Test" name="testPlayFeast">
    <failure type="java.lang.AssertionError">java.lang.AssertionError
	at org.junit.Assert.fail(Assert.java:86)
	at org.junit.Assert.assertTrue(Assert.java:41)
	at org.junit.Assert.assertTrue(Assert.java:52)
	at org.cs362.dominion.Card_Test.testPlayFeast(Card_Test.java:346)
	at sun.reflect.NativeMethodAccessorImpl.invoke0(Native Method)
	at sun.reflect.NativeMethodAccessorImpl.invoke(NativeMethodAccessorImpl.java:57)
	at sun.reflect.DelegatingMethodAccessorImpl.invoke(DelegatingMethodAccessorImpl.java:43)
	at java.lang.reflect.Method.invoke(Method.java:606)
	at org.junit.runners.model.FrameworkMethod$1.runReflectiveCall(FrameworkMethod.java:47)
	at org.junit.internal.runners.model.ReflectiveCallable.run(ReflectiveCallable.java:12)
	at org.junit.runners.model.FrameworkMethod.invokeExplosively(FrameworkMethod.java:44)
	at org.junit.internal.runners.statements.InvokeMethod.evaluate(InvokeMethod.java:17)
	at org.junit.internal.runners.statements.RunBefores.evaluate(RunBefores.java:26)
	at org.junit.runners.ParentRunner.runLeaf(ParentRunner.java:271)
	at org.junit.runners.BlockJUnit4ClassRunner.runChild(BlockJUnit4ClassRunner.java:70)
	at org.junit.runners.BlockJUnit4ClassRunner.runChild(BlockJUnit4ClassRunner.java:50)
	at org.junit.runners.ParentRunner$3.run(ParentRunner.java:238)
	at org.junit.runners.ParentRunner$1.schedule(ParentRunner.java:63)
	at org.junit.runners.ParentRunner.runChildren(ParentRunner.java:236)
	at org.junit.runners.ParentRunner.access$000(ParentRunner.java:53)
	at org.junit.runners.ParentRunner$2.evaluate(ParentRunner.java:229)
	at org.junit.runners.ParentRunner.run(ParentRunner.java:309)
	at org.apache.maven.surefire.junit4.JUnit4TestSet.execute(JUnit4TestSet.java:53)
	at org.apache.maven.surefire.junit4.JUnit4Provider.executeTestSet(JUnit4Provider.java:123)
	at org.apache.maven.surefire.junit4.JUnit4Provider.invoke(JUnit4Provider.java:104)
	at sun.reflect.NativeMethodAccessorImpl.invoke0(Native Method)
	at sun.reflect.NativeMethodAccessorImpl.invoke(NativeMethodAccessorImpl.java:57)
	at sun.reflect.DelegatingMethodAccessorImpl.invoke(DelegatingMethodAccessorImpl.java:43)
	at java.lang.reflect.Method.invoke(Method.java:606)
	at org.apache.maven.surefire.util.ReflectionUtils.invokeMethodWithArray(ReflectionUtils.java:164)
	at org.apache.maven.surefire.booter.ProviderFactory$ProviderProxy.invoke(ProviderFactory.java:110)
	at org.apache.maven.surefire.booter.SurefireStarter.invokeProvider(SurefireStarter.java:175)
	at org.apache.maven.surefire.booter.SurefireStarter.runSuitesInProcessWhenForked(SurefireStarter.java:107)
	at org.apache.maven.surefire.booter.ForkedBooter.main(ForkedBooter.java:68)
</failure>
    <system-out>
PLAYER 1 &apos;s Inistial Card Draw Is: 
-----------------------------------
PLAYER 1 gains  
	Copper
-----------------------------------

PLAYER 1 &apos;s Inistial Card Draw Is: 
-----------------------------------
PLAYER 1 gains  
	Copper
-----------------------------------

PLAYER 1 &apos;s Inistial Card Draw Is: 
-----------------------------------
PLAYER 1 gains  
	Copper
-----------------------------------

PLAYER 1 &apos;s Inistial Card Draw Is: 
-----------------------------------
PLAYER 1 gains  
	Copper
-----------------------------------

PLAYER 1 &apos;s Inistial Card Draw Is: 
-----------------------------------
PLAYER 1 gains  
	Copper
-----------------------------------

PLAYER 1 &apos;s Inistial Card Draw Is: 
-----------------------------------
PLAYER 1 gains  
	Copper
-----------------------------------

PLAYER 1 &apos;s Inistial Card Draw Is: 
-----------------------------------
PLAYER 1 gains  
	Copper
-----------------------------------
-----------------------------------
PLAYER 1 gains  
	Estate
-----------------------------------
-----------------------------------
PLAYER 1 gains  
	Estate
-----------------------------------
-----------------------------------
PLAYER 1 gains  
	Estate
-----------------------------------

PLAYER 2 &apos;s Inistial Card Draw Is: 
-----------------------------------
PLAYER 2 gains  
	Copper
-----------------------------------

PLAYER 2 &apos;s Inistial Card Draw Is: 
-----------------------------------
PLAYER 2 gains  
	Copper
-----------------------------------

PLAYER 2 &apos;s Inistial Card Draw Is: 
-----------------------------------
PLAYER 2 gains  
	Copper
-----------------------------------

PLAYER 2 &apos;s Inistial Card Draw Is: 
-----------------------------------
PLAYER 2 gains  
	Copper
-----------------------------------

PLAYER 2 &apos;s Inistial Card Draw Is: 
-----------------------------------
PLAYER 2 gains  
	Copper
-----------------------------------

PLAYER 2 &apos;s Inistial Card Draw Is: 
-----------------------------------
PLAYER 2 gains  
	Copper
-----------------------------------

PLAYER 2 &apos;s Inistial Card Draw Is: 
-----------------------------------
PLAYER 2 gains  
	Copper
-----------------------------------
-----------------------------------
PLAYER 2 gains  
	Estate
-----------------------------------
-----------------------------------
PLAYER 2 gains  
	Estate
-----------------------------------
-----------------------------------
PLAYER 2 gains  
	Estate
-----------------------------------
reshuffle the deck of the player PLAYER 1 to draw FIVE cards
draw  
	Copper
draw  
	Copper
draw  
	Copper
draw  
	Estate
draw  
	Estate
-----------------------------------
        Playing Kingdom Cards      
-----------------------------------
PLAYER 1 is playing:  
	Feast
Trash this card, Gain a Card Costing up to 5 coins
</system-out>
  </testcase>
  <testcase time="0.036" classname="org.cs362.dominion.Card_Test" name="testValuesBaron"/>
  <testcase time="0.078" classname="org.cs362.dominion.Card_Test" name="testValuesFeast"/>
  <testcase time="0.06" classname="org.cs362.dominion.Card_Test" name="testValuesAmbassador"/>
  <testcase time="0.065" classname="org.cs362.dominion.Card_Test" name="testPlayVillage"/>
  <testcase time="0.065" classname="org.cs362.dominion.Card_Test" name="testPlayGreatHall"/>
  <testcase time="0.041" classname="org.cs362.dominion.Card_Test" name="testPlayAdventurer"/>
  <testcase time="0.063" classname="org.cs362.dominion.Card_Test" name="testValuesEmbargo"/>
  <testcase time="0.041" classname="org.cs362.dominion.Card_Test" name="testPlayCouncilRoom">
    <failure message="expected:&lt;7&gt; but was:&lt;9&gt;" type="java.lang.AssertionError">java.lang.AssertionError: expected:&lt;7&gt; but was:&lt;9&gt;
	at org.junit.Assert.fail(Assert.java:88)
	at org.junit.Assert.failNotEquals(Assert.java:743)
	at org.junit.Assert.assertEquals(Assert.java:118)
	at org.junit.Assert.assertEquals(Assert.java:555)
	at org.junit.Assert.assertEquals(Assert.java:542)
	at org.cs362.dominion.Card_Test.testPlayCouncilRoom(Card_Test.java:241)
	at sun.reflect.NativeMethodAccessorImpl.invoke0(Native Method)
	at sun.reflect.NativeMethodAccessorImpl.invoke(NativeMethodAccessorImpl.java:57)
	at sun.reflect.DelegatingMethodAccessorImpl.invoke(DelegatingMethodAccessorImpl.java:43)
	at java.lang.reflect.Method.invoke(Method.java:606)
	at org.junit.runners.model.FrameworkMethod$1.runReflectiveCall(FrameworkMethod.java:47)
	at org.junit.internal.runners.model.ReflectiveCallable.run(ReflectiveCallable.java:12)
	at org.junit.runners.model.FrameworkMethod.invokeExplosively(FrameworkMethod.java:44)
	at org.junit.internal.runners.statements.InvokeMethod.evaluate(InvokeMethod.java:17)
	at org.junit.internal.runners.statements.RunBefores.evaluate(RunBefores.java:26)
	at org.junit.runners.ParentRunner.runLeaf(ParentRunner.java:271)
	at org.junit.runners.BlockJUnit4ClassRunner.runChild(BlockJUnit4ClassRunner.java:70)
	at org.junit.runners.BlockJUnit4ClassRunner.runChild(BlockJUnit4ClassRunner.java:50)
	at org.junit.runners.ParentRunner$3.run(ParentRunner.java:238)
	at org.junit.runners.ParentRunner$1.schedule(ParentRunner.java:63)
	at org.junit.runners.ParentRunner.runChildren(ParentRunner.java:236)
	at org.junit.runners.ParentRunner.access$000(ParentRunner.java:53)
	at org.junit.runners.ParentRunner$2.evaluate(ParentRunner.java:229)
	at org.junit.runners.ParentRunner.run(ParentRunner.java:309)
	at org.apache.maven.surefire.junit4.JUnit4TestSet.execute(JUnit4TestSet.java:53)
	at org.apache.maven.surefire.junit4.JUnit4Provider.executeTestSet(JUnit4Provider.java:123)
	at org.apache.maven.surefire.junit4.JUnit4Provider.invoke(JUnit4Provider.java:104)
	at sun.reflect.NativeMethodAccessorImpl.invoke0(Native Method)
	at sun.reflect.NativeMethodAccessorImpl.invoke(NativeMethodAccessorImpl.java:57)
	at sun.reflect.DelegatingMethodAccessorImpl.invoke(DelegatingMethodAccessorImpl.java:43)
	at java.lang.reflect.Method.invoke(Method.java:606)
	at org.apache.maven.surefire.util.ReflectionUtils.invokeMethodWithArray(ReflectionUtils.java:164)
	at org.apache.maven.surefire.booter.ProviderFactory$ProviderProxy.invoke(ProviderFactory.java:110)
	at org.apache.maven.surefire.booter.SurefireStarter.invokeProvider(SurefireStarter.java:175)
	at org.apache.maven.surefire.booter.SurefireStarter.runSuitesInProcessWhenForked(SurefireStarter.java:107)
	at org.apache.maven.surefire.booter.ForkedBooter.main(ForkedBooter.java:68)
</failure>
    <system-out>
PLAYER 1 &apos;s Inistial Card Draw Is: 
-----------------------------------
PLAYER 1 gains  
	Copper
-----------------------------------

PLAYER 1 &apos;s Inistial Card Draw Is: 
-----------------------------------
PLAYER 1 gains  
	Copper
-----------------------------------

PLAYER 1 &apos;s Inistial Card Draw Is: 
-----------------------------------
PLAYER 1 gains  
	Copper
-----------------------------------

PLAYER 1 &apos;s Inistial Card Draw Is: 
-----------------------------------
PLAYER 1 gains  
	Copper
-----------------------------------

PLAYER 1 &apos;s Inistial Card Draw Is: 
-----------------------------------
PLAYER 1 gains  
	Copper
-----------------------------------

PLAYER 1 &apos;s Inistial Card Draw Is: 
-----------------------------------
PLAYER 1 gains  
	Copper
-----------------------------------

PLAYER 1 &apos;s Inistial Card Draw Is: 
-----------------------------------
PLAYER 1 gains  
	Copper
-----------------------------------
-----------------------------------
PLAYER 1 gains  
	Estate
-----------------------------------
-----------------------------------
PLAYER 1 gains  
	Estate
-----------------------------------
-----------------------------------
PLAYER 1 gains  
	Estate
-----------------------------------

PLAYER 2 &apos;s Inistial Card Draw Is: 
-----------------------------------
PLAYER 2 gains  
	Copper
-----------------------------------

PLAYER 2 &apos;s Inistial Card Draw Is: 
-----------------------------------
PLAYER 2 gains  
	Copper
-----------------------------------

PLAYER 2 &apos;s Inistial Card Draw Is: 
-----------------------------------
PLAYER 2 gains  
	Copper
-----------------------------------

PLAYER 2 &apos;s Inistial Card Draw Is: 
-----------------------------------
PLAYER 2 gains  
	Copper
-----------------------------------

PLAYER 2 &apos;s Inistial Card Draw Is: 
-----------------------------------
PLAYER 2 gains  
	Copper
-----------------------------------

PLAYER 2 &apos;s Inistial Card Draw Is: 
-----------------------------------
PLAYER 2 gains  
	Copper
-----------------------------------

PLAYER 2 &apos;s Inistial Card Draw Is: 
-----------------------------------
PLAYER 2 gains  
	Copper
-----------------------------------
-----------------------------------
PLAYER 2 gains  
	Estate
-----------------------------------
-----------------------------------
PLAYER 2 gains  
	Estate
-----------------------------------
-----------------------------------
PLAYER 2 gains  
	Estate
-----------------------------------
reshuffle the deck of the player PLAYER 1 to draw FIVE cards
draw  
	Copper
draw  
	Copper
draw  
	Estate
draw  
	Estate
draw  
	Copper
reshuffle the deck of the player PLAYER 2 to draw FIVE cards
draw  
	Copper
draw  
	Estate
draw  
	Copper
draw  
	Copper
draw  
	Estate
-----------------------------------
        Playing Kingdom Cards      
-----------------------------------
PLAYER 1 is playing:  
	Council_room
+4 Cards, +1 Buy, All other Players +1 Cards
draw  
	Copper
draw  
	Copper
draw  
	Estate
</system-out>
  </testcase>
  <testcase time="0.061" classname="org.cs362.dominion.Card_Test" name="testPlayCopper"/>
  <testcase time="0.04" classname="org.cs362.dominion.Card_Test" name="testPlayAmbassador"/>
  <testcase time="0.036" classname="org.cs362.dominion.Card_Test" name="testPlaySilver"/>
  <testcase time="0.037" classname="org.cs362.dominion.Card_Test" name="testPlaySmithy">
    <failure message="expected:&lt;6&gt; but was:&lt;8&gt;" type="java.lang.AssertionError">java.lang.AssertionError: expected:&lt;6&gt; but was:&lt;8&gt;
	at org.junit.Assert.fail(Assert.java:88)
	at org.junit.Assert.failNotEquals(Assert.java:743)
	at org.junit.Assert.assertEquals(Assert.java:118)
	at org.junit.Assert.assertEquals(Assert.java:555)
	at org.junit.Assert.assertEquals(Assert.java:542)
	at org.cs362.dominion.Card_Test.testPlaySmithy(Card_Test.java:471)
	at sun.reflect.NativeMethodAccessorImpl.invoke0(Native Method)
	at sun.reflect.NativeMethodAccessorImpl.invoke(NativeMethodAccessorImpl.java:57)
	at sun.reflect.DelegatingMethodAccessorImpl.invoke(DelegatingMethodAccessorImpl.java:43)
	at java.lang.reflect.Method.invoke(Method.java:606)
	at org.junit.runners.model.FrameworkMethod$1.runReflectiveCall(FrameworkMethod.java:47)
	at org.junit.internal.runners.model.ReflectiveCallable.run(ReflectiveCallable.java:12)
	at org.junit.runners.model.FrameworkMethod.invokeExplosively(FrameworkMethod.java:44)
	at org.junit.internal.runners.statements.InvokeMethod.evaluate(InvokeMethod.java:17)
	at org.junit.internal.runners.statements.RunBefores.evaluate(RunBefores.java:26)
	at org.junit.runners.ParentRunner.runLeaf(ParentRunner.java:271)
	at org.junit.runners.BlockJUnit4ClassRunner.runChild(BlockJUnit4ClassRunner.java:70)
	at org.junit.runners.BlockJUnit4ClassRunner.runChild(BlockJUnit4ClassRunner.java:50)
	at org.junit.runners.ParentRunner$3.run(ParentRunner.java:238)
	at org.junit.runners.ParentRunner$1.schedule(ParentRunner.java:63)
	at org.junit.runners.ParentRunner.runChildren(ParentRunner.java:236)
	at org.junit.runners.ParentRunner.access$000(ParentRunner.java:53)
	at org.junit.runners.ParentRunner$2.evaluate(ParentRunner.java:229)
	at org.junit.runners.ParentRunner.run(ParentRunner.java:309)
	at org.apache.maven.surefire.junit4.JUnit4TestSet.execute(JUnit4TestSet.java:53)
	at org.apache.maven.surefire.junit4.JUnit4Provider.executeTestSet(JUnit4Provider.java:123)
	at org.apache.maven.surefire.junit4.JUnit4Provider.invoke(JUnit4Provider.java:104)
	at sun.reflect.NativeMethodAccessorImpl.invoke0(Native Method)
	at sun.reflect.NativeMethodAccessorImpl.invoke(NativeMethodAccessorImpl.java:57)
	at sun.reflect.DelegatingMethodAccessorImpl.invoke(DelegatingMethodAccessorImpl.java:43)
	at java.lang.reflect.Method.invoke(Method.java:606)
	at org.apache.maven.surefire.util.ReflectionUtils.invokeMethodWithArray(ReflectionUtils.java:164)
	at org.apache.maven.surefire.booter.ProviderFactory$ProviderProxy.invoke(ProviderFactory.java:110)
	at org.apache.maven.surefire.booter.SurefireStarter.invokeProvider(SurefireStarter.java:175)
	at org.apache.maven.surefire.booter.SurefireStarter.runSuitesInProcessWhenForked(SurefireStarter.java:107)
	at org.apache.maven.surefire.booter.ForkedBooter.main(ForkedBooter.java:68)
</failure>
    <system-out>
PLAYER 1 &apos;s Inistial Card Draw Is: 
-----------------------------------
PLAYER 1 gains  
	Copper
-----------------------------------

PLAYER 1 &apos;s Inistial Card Draw Is: 
-----------------------------------
PLAYER 1 gains  
	Copper
-----------------------------------

PLAYER 1 &apos;s Inistial Card Draw Is: 
-----------------------------------
PLAYER 1 gains  
	Copper
-----------------------------------

PLAYER 1 &apos;s Inistial Card Draw Is: 
-----------------------------------
PLAYER 1 gains  
	Copper
-----------------------------------

PLAYER 1 &apos;s Inistial Card Draw Is: 
-----------------------------------
PLAYER 1 gains  
	Copper
-----------------------------------

PLAYER 1 &apos;s Inistial Card Draw Is: 
-----------------------------------
PLAYER 1 gains  
	Copper
-----------------------------------

PLAYER 1 &apos;s Inistial Card Draw Is: 
-----------------------------------
PLAYER 1 gains  
	Copper
-----------------------------------
-----------------------------------
PLAYER 1 gains  
	Estate
-----------------------------------
-----------------------------------
PLAYER 1 gains  
	Estate
-----------------------------------
-----------------------------------
PLAYER 1 gains  
	Estate
-----------------------------------

PLAYER 2 &apos;s Inistial Card Draw Is: 
-----------------------------------
PLAYER 2 gains  
	Copper
-----------------------------------

PLAYER 2 &apos;s Inistial Card Draw Is: 
-----------------------------------
PLAYER 2 gains  
	Copper
-----------------------------------

PLAYER 2 &apos;s Inistial Card Draw Is: 
-----------------------------------
PLAYER 2 gains  
	Copper
-----------------------------------

PLAYER 2 &apos;s Inistial Card Draw Is: 
-----------------------------------
PLAYER 2 gains  
	Copper
-----------------------------------

PLAYER 2 &apos;s Inistial Card Draw Is: 
-----------------------------------
PLAYER 2 gains  
	Copper
-----------------------------------

PLAYER 2 &apos;s Inistial Card Draw Is: 
-----------------------------------
PLAYER 2 gains  
	Copper
-----------------------------------

PLAYER 2 &apos;s Inistial Card Draw Is: 
-----------------------------------
PLAYER 2 gains  
	Copper
-----------------------------------
-----------------------------------
PLAYER 2 gains  
	Estate
-----------------------------------
-----------------------------------
PLAYER 2 gains  
	Estate
-----------------------------------
-----------------------------------
PLAYER 2 gains  
	Estate
-----------------------------------
reshuffle the deck of the player PLAYER 1 to draw FIVE cards
draw  
	Estate
draw  
	Copper
draw  
	Copper
draw  
	Copper
draw  
	Copper
-----------------------------------
        Playing Kingdom Cards      
-----------------------------------
PLAYER 1 is playing:  
	Smithy
draw  
	Copper
</system-out>
  </testcase>
  <testcase time="0.065" classname="org.cs362.dominion.Card_Test" name="testPlayCutpurse">
    <failure message="expected:&lt;1&gt; but was:&lt;2&gt;" type="java.lang.AssertionError">java.lang.AssertionError: expected:&lt;1&gt; but was:&lt;2&gt;
	at org.junit.Assert.fail(Assert.java:88)
	at org.junit.Assert.failNotEquals(Assert.java:743)
	at org.junit.Assert.assertEquals(Assert.java:118)
	at org.junit.Assert.assertEquals(Assert.java:555)
	at org.junit.Assert.assertEquals(Assert.java:542)
	at org.cs362.dominion.Card_Test.testPlayCutpurse(Card_Test.java:281)
	at sun.reflect.NativeMethodAccessorImpl.invoke0(Native Method)
	at sun.reflect.NativeMethodAccessorImpl.invoke(NativeMethodAccessorImpl.java:57)
	at sun.reflect.DelegatingMethodAccessorImpl.invoke(DelegatingMethodAccessorImpl.java:43)
	at java.lang.reflect.Method.invoke(Method.java:606)
	at org.junit.runners.model.FrameworkMethod$1.runReflectiveCall(FrameworkMethod.java:47)
	at org.junit.internal.runners.model.ReflectiveCallable.run(ReflectiveCallable.java:12)
	at org.junit.runners.model.FrameworkMethod.invokeExplosively(FrameworkMethod.java:44)
	at org.junit.internal.runners.statements.InvokeMethod.evaluate(InvokeMethod.java:17)
	at org.junit.internal.runners.statements.RunBefores.evaluate(RunBefores.java:26)
	at org.junit.runners.ParentRunner.runLeaf(ParentRunner.java:271)
	at org.junit.runners.BlockJUnit4ClassRunner.runChild(BlockJUnit4ClassRunner.java:70)
	at org.junit.runners.BlockJUnit4ClassRunner.runChild(BlockJUnit4ClassRunner.java:50)
	at org.junit.runners.ParentRunner$3.run(ParentRunner.java:238)
	at org.junit.runners.ParentRunner$1.schedule(ParentRunner.java:63)
	at org.junit.runners.ParentRunner.runChildren(ParentRunner.java:236)
	at org.junit.runners.ParentRunner.access$000(ParentRunner.java:53)
	at org.junit.runners.ParentRunner$2.evaluate(ParentRunner.java:229)
	at org.junit.runners.ParentRunner.run(ParentRunner.java:309)
	at org.apache.maven.surefire.junit4.JUnit4TestSet.execute(JUnit4TestSet.java:53)
	at org.apache.maven.surefire.junit4.JUnit4Provider.executeTestSet(JUnit4Provider.java:123)
	at org.apache.maven.surefire.junit4.JUnit4Provider.invoke(JUnit4Provider.java:104)
	at sun.reflect.NativeMethodAccessorImpl.invoke0(Native Method)
	at sun.reflect.NativeMethodAccessorImpl.invoke(NativeMethodAccessorImpl.java:57)
	at sun.reflect.DelegatingMethodAccessorImpl.invoke(DelegatingMethodAccessorImpl.java:43)
	at java.lang.reflect.Method.invoke(Method.java:606)
	at org.apache.maven.surefire.util.ReflectionUtils.invokeMethodWithArray(ReflectionUtils.java:164)
	at org.apache.maven.surefire.booter.ProviderFactory$ProviderProxy.invoke(ProviderFactory.java:110)
	at org.apache.maven.surefire.booter.SurefireStarter.invokeProvider(SurefireStarter.java:175)
	at org.apache.maven.surefire.booter.SurefireStarter.runSuitesInProcessWhenForked(SurefireStarter.java:107)
	at org.apache.maven.surefire.booter.ForkedBooter.main(ForkedBooter.java:68)
</failure>
    <system-out>
PLAYER 1 &apos;s Inistial Card Draw Is: 
-----------------------------------
PLAYER 1 gains  
	Copper
-----------------------------------

PLAYER 1 &apos;s Inistial Card Draw Is: 
-----------------------------------
PLAYER 1 gains  
	Copper
-----------------------------------

PLAYER 1 &apos;s Inistial Card Draw Is: 
-----------------------------------
PLAYER 1 gains  
	Copper
-----------------------------------

PLAYER 1 &apos;s Inistial Card Draw Is: 
-----------------------------------
PLAYER 1 gains  
	Copper
-----------------------------------

PLAYER 1 &apos;s Inistial Card Draw Is: 
-----------------------------------
PLAYER 1 gains  
	Copper
-----------------------------------

PLAYER 1 &apos;s Inistial Card Draw Is: 
-----------------------------------
PLAYER 1 gains  
	Copper
-----------------------------------

PLAYER 1 &apos;s Inistial Card Draw Is: 
-----------------------------------
PLAYER 1 gains  
	Copper
-----------------------------------
-----------------------------------
PLAYER 1 gains  
	Estate
-----------------------------------
-----------------------------------
PLAYER 1 gains  
	Estate
-----------------------------------
-----------------------------------
PLAYER 1 gains  
	Estate
-----------------------------------

PLAYER 2 &apos;s Inistial Card Draw Is: 
-----------------------------------
PLAYER 2 gains  
	Copper
-----------------------------------

PLAYER 2 &apos;s Inistial Card Draw Is: 
-----------------------------------
PLAYER 2 gains  
	Copper
-----------------------------------

PLAYER 2 &apos;s Inistial Card Draw Is: 
-----------------------------------
PLAYER 2 gains  
	Copper
-----------------------------------

PLAYER 2 &apos;s Inistial Card Draw Is: 
-----------------------------------
PLAYER 2 gains  
	Copper
-----------------------------------

PLAYER 2 &apos;s Inistial Card Draw Is: 
-----------------------------------
PLAYER 2 gains  
	Copper
-----------------------------------

PLAYER 2 &apos;s Inistial Card Draw Is: 
-----------------------------------
PLAYER 2 gains  
	Copper
-----------------------------------

PLAYER 2 &apos;s Inistial Card Draw Is: 
-----------------------------------
PLAYER 2 gains  
	Copper
-----------------------------------
-----------------------------------
PLAYER 2 gains  
	Estate
-----------------------------------
-----------------------------------
PLAYER 2 gains  
	Estate
-----------------------------------
-----------------------------------
PLAYER 2 gains  
	Estate
-----------------------------------
reshuffle the deck of the player PLAYER 1 to draw FIVE cards
draw  
	Copper
draw  
	Copper
draw  
	Copper
draw  
	Copper
draw  
	Copper
reshuffle the deck of the player PLAYER 2 to draw FIVE cards
draw  
	Copper
draw  
	Estate
draw  
	Copper
draw  
	Copper
draw  
	Copper
-----------------------------------
        Playing Kingdom Cards      
-----------------------------------
PLAYER 1 is playing:  
	Cutpurse
+2 Coins, Every other player discard a copper card
Player:  PLAYER 2 discards  
	Copper
</system-out>
  </testcase>
  <testcase time="0.062" classname="org.cs362.dominion.Card_Test" name="testValuesCopper"/>
  <testcase time="0.084" classname="org.cs362.dominion.Card_Test" name="testValuesCouncilRoom"/>
  <testcase time="0.105" classname="org.cs362.dominion.Card_Test" name="testValuesGold"/>
  <testcase time="0.104" classname="org.cs362.dominion.Card_Test" name="testValuesMine"/>
  <testcase time="0.097" classname="org.cs362.dominion.Card_Test" name="testPlayEmbargo"/>
  <testcase time="0.07" classname="org.cs362.dominion.Card_Test" name="testValuesSilver"/>
  <testcase time="0.037" classname="org.cs362.dominion.Card_Test" name="testValuesSmithy"/>
  <testcase time="0.066" classname="org.cs362.dominion.Card_Test" name="testValuesVillage"/>
  <testcase time="0.036" classname="org.cs362.dominion.Card_Test" name="testValuesAdventurer"/>
</testsuite>