<?xml version="1.0" encoding="UTF-8" ?>
<testsuite tests="7" failures="1" name="cs362.dominion.RandomTestDominion" time="0.1" errors="0" skipped="0">
  <properties>
    <property name="java.runtime.name" value="OpenJDK Runtime Environment"/>
    <property name="sun.boot.library.path" value="/usr/lib/jvm/java-1.8.0-openjdk-1.8.0.111-1.b15.el7_2.x86_64/jre/lib/amd64"/>
    <property name="java.vm.version" value="25.111-b15"/>
    <property name="java.vm.vendor" value="Oracle Corporation"/>
    <property name="java.vendor.url" value="http://java.oracle.com/"/>
    <property name="path.separator" value=":"/>
    <property name="java.vm.name" value="OpenJDK 64-Bit Server VM"/>
    <property name="file.encoding.pkg" value="sun.io"/>
    <property name="user.country" value="US"/>
    <property name="sun.java.launcher" value="SUN_STANDARD"/>
    <property name="sun.os.patch.level" value="unknown"/>
    <property name="java.vm.specification.name" value="Java Virtual Machine Specification"/>
    <property name="user.dir" value="/nfs/stak/students/n/nguyenau/CS362/dominion/dominion"/>
    <property name="java.runtime.version" value="1.8.0_111-b15"/>
    <property name="java.awt.graphicsenv" value="sun.awt.X11GraphicsEnvironment"/>
    <property name="basedir" value="/nfs/stak/students/n/nguyenau/CS362/dominion/dominion"/>
    <property name="java.endorsed.dirs" value="/usr/lib/jvm/java-1.8.0-openjdk-1.8.0.111-1.b15.el7_2.x86_64/jre/lib/endorsed"/>
    <property name="os.arch" value="amd64"/>
    <property name="surefire.real.class.path" value="/nfs/stak/students/n/nguyenau/CS362/dominion/dominion/target/surefire/surefirebooter603327068955647634.jar"/>
    <property name="java.io.tmpdir" value="/tmp"/>
    <property name="line.separator" value="
"/>
    <property name="java.vm.specification.vendor" value="Oracle Corporation"/>
    <property name="os.name" value="Linux"/>
    <property name="sun.jnu.encoding" value="UTF-8"/>
    <property name="java.library.path" value="/usr/java/packages/lib/amd64:/usr/lib64:/lib64:/lib:/usr/lib"/>
    <property name="surefire.test.class.path" value="/nfs/stak/students/n/nguyenau/CS362/dominion/dominion/target/test-classes:/nfs/stak/students/n/nguyenau/CS362/dominion/dominion/target/generated-classes/cobertura:/nfs/stak/students/n/nguyenau/.m2/repository/junit/junit/4.12/junit-4.12.jar:/nfs/stak/students/n/nguyenau/.m2/repository/org/hamcrest/hamcrest-core/1.3/hamcrest-core-1.3.jar:/nfs/stak/students/n/nguyenau/.m2/repository/org/evosuite/evosuite-runtime/1.0.4-alpha2/evosuite-runtime-1.0.4-alpha2.jar:/nfs/stak/students/n/nguyenau/.m2/repository/org/mockito/mockito-all/2.0.2-beta/mockito-all-2.0.2-beta.jar:/nfs/stak/students/n/nguyenau/.m2/repository/org/jboss/spec/javax/servlet/jboss-servlet-api_3.1_spec/1.0.0.Final/jboss-servlet-api_3.1_spec-1.0.0.Final.jar:/nfs/stak/students/n/nguyenau/.m2/repository/javax/inject/javax.inject/1/javax.inject-1.jar:/nfs/stak/students/n/nguyenau/.m2/repository/javax/ejb/javax.ejb-api/3.2/javax.ejb-api-3.2.jar:/nfs/stak/students/n/nguyenau/.m2/repository/javax/transaction/javax.transaction-api/1.2/javax.transaction-api-1.2.jar:/nfs/stak/students/n/nguyenau/.m2/repository/javax/faces/javax.faces-api/2.2/javax.faces-api-2.2.jar:/nfs/stak/students/n/nguyenau/.m2/repository/javax/ws/rs/jsr311-api/1.1.1/jsr311-api-1.1.1.jar:/nfs/stak/students/n/nguyenau/.m2/repository/javax/enterprise/cdi-api/1.2/cdi-api-1.2.jar:/nfs/stak/students/n/nguyenau/.m2/repository/javax/el/javax.el-api/3.0.0/javax.el-api-3.0.0.jar:/nfs/stak/students/n/nguyenau/.m2/repository/javax/interceptor/javax.interceptor-api/1.2/javax.interceptor-api-1.2.jar:/nfs/stak/students/n/nguyenau/.m2/repository/org/hibernate/hibernate-entitymanager/5.0.5.Final/hibernate-entitymanager-5.0.5.Final.jar:/nfs/stak/students/n/nguyenau/.m2/repository/org/jboss/logging/jboss-logging/3.3.0.Final/jboss-logging-3.3.0.Final.jar:/nfs/stak/students/n/nguyenau/.m2/repository/org/hibernate/hibernate-core/5.0.5.Final/hibernate-core-5.0.5.Final.jar:/nfs/stak/students/n/nguyenau/.m2/repository/antlr/antlr/2.7.7/antlr-2.7.7.jar:/nfs/stak/students/n/nguyenau/.m2/repository/org/jboss/jandex/2.0.0.Final/jandex-2.0.0.Final.jar:/nfs/stak/students/n/nguyenau/.m2/repository/dom4j/dom4j/1.6.1/dom4j-1.6.1.jar:/nfs/stak/students/n/nguyenau/.m2/repository/xml-apis/xml-apis/1.0.b2/xml-apis-1.0.b2.jar:/nfs/stak/students/n/nguyenau/.m2/repository/org/hibernate/common/hibernate-commons-annotations/5.0.1.Final/hibernate-commons-annotations-5.0.1.Final.jar:/nfs/stak/students/n/nguyenau/.m2/repository/org/hibernate/javax/persistence/hibernate-jpa-2.1-api/1.0.0.Final/hibernate-jpa-2.1-api-1.0.0.Final.jar:/nfs/stak/students/n/nguyenau/.m2/repository/org/javassist/javassist/3.18.1-GA/javassist-3.18.1-GA.jar:/nfs/stak/students/n/nguyenau/.m2/repository/org/hsqldb/hsqldb/2.3.3/hsqldb-2.3.3.jar:/nfs/stak/students/n/nguyenau/.m2/repository/org/springframework/spring-orm/4.2.5.RELEASE/spring-orm-4.2.5.RELEASE.jar:/nfs/stak/students/n/nguyenau/.m2/repository/org/springframework/spring-beans/4.2.5.RELEASE/spring-beans-4.2.5.RELEASE.jar:/nfs/stak/students/n/nguyenau/.m2/repository/org/springframework/spring-core/4.2.5.RELEASE/spring-core-4.2.5.RELEASE.jar:/nfs/stak/students/n/nguyenau/.m2/repository/commons-logging/commons-logging/1.2/commons-logging-1.2.jar:/nfs/stak/students/n/nguyenau/.m2/repository/org/springframework/spring-jdbc/4.2.5.RELEASE/spring-jdbc-4.2.5.RELEASE.jar:/nfs/stak/students/n/nguyenau/.m2/repository/org/springframework/spring-tx/4.2.5.RELEASE/spring-tx-4.2.5.RELEASE.jar:/nfs/stak/students/n/nguyenau/.m2/repository/org/springframework/spring-context/4.2.5.RELEASE/spring-context-4.2.5.RELEASE.jar:/nfs/stak/students/n/nguyenau/.m2/repository/org/springframework/spring-aop/4.2.5.RELEASE/spring-aop-4.2.5.RELEASE.jar:/nfs/stak/students/n/nguyenau/.m2/repository/aopalliance/aopalliance/1.0/aopalliance-1.0.jar:/nfs/stak/students/n/nguyenau/.m2/repository/org/springframework/spring-expression/4.2.5.RELEASE/spring-expression-4.2.5.RELEASE.jar:/nfs/stak/students/n/nguyenau/.m2/repository/org/slf4j/slf4j-api/1.7.20/slf4j-api-1.7.20.jar:/usr/lib/jvm/java-1.8.0-openjdk-1.8.0.111-1.b15.el7_2.x86_64/jre/../lib/tools.jar:/nfs/stak/students/n/nguyenau/.m2/repository/org/ow2/asm/asm-all/5.1/asm-all-5.1.jar:/nfs/stak/students/n/nguyenau/.m2/repository/net/sourceforge/cobertura/cobertura/2.1.1/cobertura-2.1.1.jar:/nfs/stak/students/n/nguyenau/.m2/repository/jaxen/jaxen/1.1.4/jaxen-1.1.4.jar:/nfs/stak/students/n/nguyenau/.m2/repository/org/apache/ant/ant/1.8.3/ant-1.8.3.jar:/nfs/stak/students/n/nguyenau/.m2/repository/org/apache/ant/ant-launcher/1.8.3/ant-launcher-1.8.3.jar:/nfs/stak/students/n/nguyenau/.m2/repository/org/apache/ant/ant-junit/1.8.3/ant-junit-1.8.3.jar:/nfs/stak/students/n/nguyenau/.m2/repository/org/mortbay/jetty/servlet-api-2.5/6.1.14/servlet-api-2.5-6.1.14.jar:/nfs/stak/students/n/nguyenau/.m2/repository/org/mortbay/jetty/jetty/6.1.14/jetty-6.1.14.jar:/nfs/stak/students/n/nguyenau/.m2/repository/org/mortbay/jetty/jetty-util/6.1.14/jetty-util-6.1.14.jar:/nfs/stak/students/n/nguyenau/.m2/repository/ch/qos/logback/logback-classic/1.0.13/logback-classic-1.0.13.jar:/nfs/stak/students/n/nguyenau/.m2/repository/ch/qos/logback/logback-core/1.0.13/logback-core-1.0.13.jar:/nfs/stak/students/n/nguyenau/.m2/repository/org/apache/commons/commons-lang3/3.3.2/commons-lang3-3.3.2.jar:"/>
    <property name="java.specification.name" value="Java Platform API Specification"/>
    <property name="java.class.version" value="52.0"/>
    <property name="sun.management.compiler" value="HotSpot 64-Bit Tiered Compilers"/>
    <property name="os.version" value="3.10.0-327.36.3.el7.x86_64"/>
    <property name="user.home" value="/nfs/stak/students/n/nguyenau"/>
    <property name="user.timezone" value="America/Los_Angeles"/>
    <property name="java.awt.printerjob" value="sun.print.PSPrinterJob"/>
    <property name="file.encoding" value="UTF-8"/>
    <property name="java.specification.version" value="1.8"/>
    <property name="user.name" value="nguyenau"/>
    <property name="java.class.path" value="/nfs/stak/students/n/nguyenau/CS362/dominion/dominion/target/test-classes:/nfs/stak/students/n/nguyenau/CS362/dominion/dominion/target/generated-classes/cobertura:/nfs/stak/students/n/nguyenau/.m2/repository/junit/junit/4.12/junit-4.12.jar:/nfs/stak/students/n/nguyenau/.m2/repository/org/hamcrest/hamcrest-core/1.3/hamcrest-core-1.3.jar:/nfs/stak/students/n/nguyenau/.m2/repository/org/evosuite/evosuite-runtime/1.0.4-alpha2/evosuite-runtime-1.0.4-alpha2.jar:/nfs/stak/students/n/nguyenau/.m2/repository/org/mockito/mockito-all/2.0.2-beta/mockito-all-2.0.2-beta.jar:/nfs/stak/students/n/nguyenau/.m2/repository/org/jboss/spec/javax/servlet/jboss-servlet-api_3.1_spec/1.0.0.Final/jboss-servlet-api_3.1_spec-1.0.0.Final.jar:/nfs/stak/students/n/nguyenau/.m2/repository/javax/inject/javax.inject/1/javax.inject-1.jar:/nfs/stak/students/n/nguyenau/.m2/repository/javax/ejb/javax.ejb-api/3.2/javax.ejb-api-3.2.jar:/nfs/stak/students/n/nguyenau/.m2/repository/javax/transaction/javax.transaction-api/1.2/javax.transaction-api-1.2.jar:/nfs/stak/students/n/nguyenau/.m2/repository/javax/faces/javax.faces-api/2.2/javax.faces-api-2.2.jar:/nfs/stak/students/n/nguyenau/.m2/repository/javax/ws/rs/jsr311-api/1.1.1/jsr311-api-1.1.1.jar:/nfs/stak/students/n/nguyenau/.m2/repository/javax/enterprise/cdi-api/1.2/cdi-api-1.2.jar:/nfs/stak/students/n/nguyenau/.m2/repository/javax/el/javax.el-api/3.0.0/javax.el-api-3.0.0.jar:/nfs/stak/students/n/nguyenau/.m2/repository/javax/interceptor/javax.interceptor-api/1.2/javax.interceptor-api-1.2.jar:/nfs/stak/students/n/nguyenau/.m2/repository/org/hibernate/hibernate-entitymanager/5.0.5.Final/hibernate-entitymanager-5.0.5.Final.jar:/nfs/stak/students/n/nguyenau/.m2/repository/org/jboss/logging/jboss-logging/3.3.0.Final/jboss-logging-3.3.0.Final.jar:/nfs/stak/students/n/nguyenau/.m2/repository/org/hibernate/hibernate-core/5.0.5.Final/hibernate-core-5.0.5.Final.jar:/nfs/stak/students/n/nguyenau/.m2/repository/antlr/antlr/2.7.7/antlr-2.7.7.jar:/nfs/stak/students/n/nguyenau/.m2/repository/org/jboss/jandex/2.0.0.Final/jandex-2.0.0.Final.jar:/nfs/stak/students/n/nguyenau/.m2/repository/dom4j/dom4j/1.6.1/dom4j-1.6.1.jar:/nfs/stak/students/n/nguyenau/.m2/repository/xml-apis/xml-apis/1.0.b2/xml-apis-1.0.b2.jar:/nfs/stak/students/n/nguyenau/.m2/repository/org/hibernate/common/hibernate-commons-annotations/5.0.1.Final/hibernate-commons-annotations-5.0.1.Final.jar:/nfs/stak/students/n/nguyenau/.m2/repository/org/hibernate/javax/persistence/hibernate-jpa-2.1-api/1.0.0.Final/hibernate-jpa-2.1-api-1.0.0.Final.jar:/nfs/stak/students/n/nguyenau/.m2/repository/org/javassist/javassist/3.18.1-GA/javassist-3.18.1-GA.jar:/nfs/stak/students/n/nguyenau/.m2/repository/org/hsqldb/hsqldb/2.3.3/hsqldb-2.3.3.jar:/nfs/stak/students/n/nguyenau/.m2/repository/org/springframework/spring-orm/4.2.5.RELEASE/spring-orm-4.2.5.RELEASE.jar:/nfs/stak/students/n/nguyenau/.m2/repository/org/springframework/spring-beans/4.2.5.RELEASE/spring-beans-4.2.5.RELEASE.jar:/nfs/stak/students/n/nguyenau/.m2/repository/org/springframework/spring-core/4.2.5.RELEASE/spring-core-4.2.5.RELEASE.jar:/nfs/stak/students/n/nguyenau/.m2/repository/commons-logging/commons-logging/1.2/commons-logging-1.2.jar:/nfs/stak/students/n/nguyenau/.m2/repository/org/springframework/spring-jdbc/4.2.5.RELEASE/spring-jdbc-4.2.5.RELEASE.jar:/nfs/stak/students/n/nguyenau/.m2/repository/org/springframework/spring-tx/4.2.5.RELEASE/spring-tx-4.2.5.RELEASE.jar:/nfs/stak/students/n/nguyenau/.m2/repository/org/springframework/spring-context/4.2.5.RELEASE/spring-context-4.2.5.RELEASE.jar:/nfs/stak/students/n/nguyenau/.m2/repository/org/springframework/spring-aop/4.2.5.RELEASE/spring-aop-4.2.5.RELEASE.jar:/nfs/stak/students/n/nguyenau/.m2/repository/aopalliance/aopalliance/1.0/aopalliance-1.0.jar:/nfs/stak/students/n/nguyenau/.m2/repository/org/springframework/spring-expression/4.2.5.RELEASE/spring-expression-4.2.5.RELEASE.jar:/nfs/stak/students/n/nguyenau/.m2/repository/org/slf4j/slf4j-api/1.7.20/slf4j-api-1.7.20.jar:/usr/lib/jvm/java-1.8.0-openjdk-1.8.0.111-1.b15.el7_2.x86_64/jre/../lib/tools.jar:/nfs/stak/students/n/nguyenau/.m2/repository/org/ow2/asm/asm-all/5.1/asm-all-5.1.jar:/nfs/stak/students/n/nguyenau/.m2/repository/net/sourceforge/cobertura/cobertura/2.1.1/cobertura-2.1.1.jar:/nfs/stak/students/n/nguyenau/.m2/repository/jaxen/jaxen/1.1.4/jaxen-1.1.4.jar:/nfs/stak/students/n/nguyenau/.m2/repository/org/apache/ant/ant/1.8.3/ant-1.8.3.jar:/nfs/stak/students/n/nguyenau/.m2/repository/org/apache/ant/ant-launcher/1.8.3/ant-launcher-1.8.3.jar:/nfs/stak/students/n/nguyenau/.m2/repository/org/apache/ant/ant-junit/1.8.3/ant-junit-1.8.3.jar:/nfs/stak/students/n/nguyenau/.m2/repository/org/mortbay/jetty/servlet-api-2.5/6.1.14/servlet-api-2.5-6.1.14.jar:/nfs/stak/students/n/nguyenau/.m2/repository/org/mortbay/jetty/jetty/6.1.14/jetty-6.1.14.jar:/nfs/stak/students/n/nguyenau/.m2/repository/org/mortbay/jetty/jetty-util/6.1.14/jetty-util-6.1.14.jar:/nfs/stak/students/n/nguyenau/.m2/repository/ch/qos/logback/logback-classic/1.0.13/logback-classic-1.0.13.jar:/nfs/stak/students/n/nguyenau/.m2/repository/ch/qos/logback/logback-core/1.0.13/logback-core-1.0.13.jar:/nfs/stak/students/n/nguyenau/.m2/repository/org/apache/commons/commons-lang3/3.3.2/commons-lang3-3.3.2.jar:"/>
    <property name="java.vm.specification.version" value="1.8"/>
    <property name="sun.arch.data.model" value="64"/>
    <property name="java.home" value="/usr/lib/jvm/java-1.8.0-openjdk-1.8.0.111-1.b15.el7_2.x86_64/jre"/>
    <property name="sun.java.command" value="/nfs/stak/students/n/nguyenau/CS362/dominion/dominion/target/surefire/surefirebooter603327068955647634.jar /nfs/stak/students/n/nguyenau/CS362/dominion/dominion/target/surefire/surefire861149342525504991tmp /nfs/stak/students/n/nguyenau/CS362/dominion/dominion/target/surefire/surefire5370103816201802467tmp"/>
    <property name="java.specification.vendor" value="Oracle Corporation"/>
    <property name="user.language" value="en"/>
    <property name="awt.toolkit" value="sun.awt.X11.XToolkit"/>
    <property name="java.vm.info" value="mixed mode"/>
    <property name="java.version" value="1.8.0_111"/>
    <property name="java.ext.dirs" value="/usr/lib/jvm/java-1.8.0-openjdk-1.8.0.111-1.b15.el7_2.x86_64/jre/lib/ext:/usr/java/packages/lib/ext"/>
    <property name="sun.boot.class.path" value="/usr/lib/jvm/java-1.8.0-openjdk-1.8.0.111-1.b15.el7_2.x86_64/jre/lib/resources.jar:/usr/lib/jvm/java-1.8.0-openjdk-1.8.0.111-1.b15.el7_2.x86_64/jre/lib/rt.jar:/usr/lib/jvm/java-1.8.0-openjdk-1.8.0.111-1.b15.el7_2.x86_64/jre/lib/sunrsasign.jar:/usr/lib/jvm/java-1.8.0-openjdk-1.8.0.111-1.b15.el7_2.x86_64/jre/lib/jsse.jar:/usr/lib/jvm/java-1.8.0-openjdk-1.8.0.111-1.b15.el7_2.x86_64/jre/lib/jce.jar:/usr/lib/jvm/java-1.8.0-openjdk-1.8.0.111-1.b15.el7_2.x86_64/jre/lib/charsets.jar:/usr/lib/jvm/java-1.8.0-openjdk-1.8.0.111-1.b15.el7_2.x86_64/jre/lib/jfr.jar:/usr/lib/jvm/java-1.8.0-openjdk-1.8.0.111-1.b15.el7_2.x86_64/jre/classes"/>
    <property name="java.vendor" value="Oracle Corporation"/>
    <property name="localRepository" value="/nfs/stak/students/n/nguyenau/.m2/repository"/>
    <property name="file.separator" value="/"/>
    <property name="java.vendor.url.bug" value="http://bugreport.sun.com/bugreport/"/>
    <property name="sun.cpu.endian" value="little"/>
    <property name="sun.io.unicode.encoding" value="UnicodeLittle"/>
    <property name="sun.cpu.isalist" value=""/>
  </properties>
  <testcase classname="cs362.dominion.RandomTestDominion" name="treasureCardTest" time="0.001"/>
  <testcase classname="cs362.dominion.RandomTestDominion" name="Gametest1" time="0.021"/>
  <testcase classname="cs362.dominion.RandomTestDominion" name="Gametest2" time="0.032"/>
  <testcase classname="cs362.dominion.RandomTestDominion" name="Gametest3" time="0.038"/>
  <testcase classname="cs362.dominion.RandomTestDominion" name="buyCardTest" time="0.004">
    <failure message="expected:&lt;0&gt; but was:&lt;1&gt;" type="java.lang.AssertionError">java.lang.AssertionError: expected:&lt;0&gt; but was:&lt;1&gt;
	at org.junit.Assert.fail(Assert.java:88)
	at org.junit.Assert.failNotEquals(Assert.java:834)
	at org.junit.Assert.assertEquals(Assert.java:645)
	at org.junit.Assert.assertEquals(Assert.java:631)
	at cs362.dominion.RandomTestDominion.buyCardTest(RandomTestDominion.java:203)
	at sun.reflect.NativeMethodAccessorImpl.invoke0(Native Method)
	at sun.reflect.NativeMethodAccessorImpl.invoke(NativeMethodAccessorImpl.java:62)
	at sun.reflect.DelegatingMethodAccessorImpl.invoke(DelegatingMethodAccessorImpl.java:43)
	at java.lang.reflect.Method.invoke(Method.java:498)
	at org.junit.runners.model.FrameworkMethod$1.runReflectiveCall(FrameworkMethod.java:50)
	at org.junit.internal.runners.model.ReflectiveCallable.run(ReflectiveCallable.java:12)
	at org.junit.runners.model.FrameworkMethod.invokeExplosively(FrameworkMethod.java:47)
	at org.junit.internal.runners.statements.InvokeMethod.evaluate(InvokeMethod.java:17)
	at org.junit.runners.ParentRunner.runLeaf(ParentRunner.java:325)
	at org.junit.runners.BlockJUnit4ClassRunner.runChild(BlockJUnit4ClassRunner.java:78)
	at org.junit.runners.BlockJUnit4ClassRunner.runChild(BlockJUnit4ClassRunner.java:57)
	at org.junit.runners.ParentRunner$3.run(ParentRunner.java:290)
	at org.junit.runners.ParentRunner$1.schedule(ParentRunner.java:71)
	at org.junit.runners.ParentRunner.runChildren(ParentRunner.java:288)
	at org.junit.runners.ParentRunner.access$000(ParentRunner.java:58)
	at org.junit.runners.ParentRunner$2.evaluate(ParentRunner.java:268)
	at org.junit.runners.ParentRunner.run(ParentRunner.java:363)
	at org.apache.maven.surefire.junit4.JUnit4TestSet.execute(JUnit4TestSet.java:53)
	at org.apache.maven.surefire.junit4.JUnit4Provider.executeTestSet(JUnit4Provider.java:119)
	at org.apache.maven.surefire.junit4.JUnit4Provider.invoke(JUnit4Provider.java:101)
	at sun.reflect.NativeMethodAccessorImpl.invoke0(Native Method)
	at sun.reflect.NativeMethodAccessorImpl.invoke(NativeMethodAccessorImpl.java:62)
	at sun.reflect.DelegatingMethodAccessorImpl.invoke(DelegatingMethodAccessorImpl.java:43)
	at java.lang.reflect.Method.invoke(Method.java:498)
	at org.apache.maven.surefire.booter.ProviderFactory$ClassLoaderProxy.invoke(ProviderFactory.java:103)
	at com.sun.proxy.$Proxy0.invoke(Unknown Source)
	at org.apache.maven.surefire.booter.SurefireStarter.invokeProvider(SurefireStarter.java:150)
	at org.apache.maven.surefire.booter.SurefireStarter.runSuitesInProcess(SurefireStarter.java:91)
	at org.apache.maven.surefire.booter.ForkedBooter.main(ForkedBooter.java:69)
</failure>
  </testcase>
  <testcase classname="cs362.dominion.RandomTestDominion" name="endPhaseTest" time="0.001"/>
  <testcase classname="cs362.dominion.RandomTestDominion" name="discardTest" time="0"/>
</testsuite>