<?xml version="1.0" encoding="UTF-8" ?>
<testsuite tests="2778" failures="0" name="RegressionTest" time="0.223" errors="0" skipped="0">
  <properties>
    <property name="java.runtime.name" value="OpenJDK Runtime Environment"/>
    <property name="sun.boot.library.path" value="/usr/lib/jvm/java-1.8.0-openjdk-1.8.0.111-1.b15.el7_2.x86_64/jre/lib/amd64"/>
    <property name="java.vm.version" value="25.111-b15"/>
    <property name="java.vm.vendor" value="Oracle Corporation"/>
    <property name="java.vendor.url" value="http://java.oracle.com/"/>
    <property name="path.separator" value=":"/>
    <property name="java.vm.name" value="OpenJDK 64-Bit Server VM"/>
    <property name="file.encoding.pkg" value="sun.io"/>
    <property name="user.country" value="US"/>
    <property name="sun.java.launcher" value="SUN_STANDARD"/>
    <property name="sun.os.patch.level" value="unknown"/>
    <property name="java.vm.specification.name" value="Java Virtual Machine Specification"/>
    <property name="user.dir" value="/nfs/stak/students/n/nguyenau/CS362/dominion/dominion"/>
    <property name="java.runtime.version" value="1.8.0_111-b15"/>
    <property name="java.awt.graphicsenv" value="sun.awt.X11GraphicsEnvironment"/>
    <property name="basedir" value="/nfs/stak/students/n/nguyenau/CS362/dominion/dominion"/>
    <property name="java.endorsed.dirs" value="/usr/lib/jvm/java-1.8.0-openjdk-1.8.0.111-1.b15.el7_2.x86_64/jre/lib/endorsed"/>
    <property name="os.arch" value="amd64"/>
    <property name="surefire.real.class.path" value="/nfs/stak/students/n/nguyenau/CS362/dominion/dominion/target/surefire/surefirebooter603327068955647634.jar"/>
    <property name="java.io.tmpdir" value="/tmp"/>
    <property name="line.separator" value="
"/>
    <property name="java.vm.specification.vendor" value="Oracle Corporation"/>
    <property name="os.name" value="Linux"/>
    <property name="sun.jnu.encoding" value="UTF-8"/>
    <property name="java.library.path" value="/usr/java/packages/lib/amd64:/usr/lib64:/lib64:/lib:/usr/lib"/>
    <property name="surefire.test.class.path" value="/nfs/stak/students/n/nguyenau/CS362/dominion/dominion/target/test-classes:/nfs/stak/students/n/nguyenau/CS362/dominion/dominion/target/generated-classes/cobertura:/nfs/stak/students/n/nguyenau/.m2/repository/junit/junit/4.12/junit-4.12.jar:/nfs/stak/students/n/nguyenau/.m2/repository/org/hamcrest/hamcrest-core/1.3/hamcrest-core-1.3.jar:/nfs/stak/students/n/nguyenau/.m2/repository/org/evosuite/evosuite-runtime/1.0.4-alpha2/evosuite-runtime-1.0.4-alpha2.jar:/nfs/stak/students/n/nguyenau/.m2/repository/org/mockito/mockito-all/2.0.2-beta/mockito-all-2.0.2-beta.jar:/nfs/stak/students/n/nguyenau/.m2/repository/org/jboss/spec/javax/servlet/jboss-servlet-api_3.1_spec/1.0.0.Final/jboss-servlet-api_3.1_spec-1.0.0.Final.jar:/nfs/stak/students/n/nguyenau/.m2/repository/javax/inject/javax.inject/1/javax.inject-1.jar:/nfs/stak/students/n/nguyenau/.m2/repository/javax/ejb/javax.ejb-api/3.2/javax.ejb-api-3.2.jar:/nfs/stak/students/n/nguyenau/.m2/repository/javax/transaction/javax.transaction-api/1.2/javax.transaction-api-1.2.jar:/nfs/stak/students/n/nguyenau/.m2/repository/javax/faces/javax.faces-api/2.2/javax.faces-api-2.2.jar:/nfs/stak/students/n/nguyenau/.m2/repository/javax/ws/rs/jsr311-api/1.1.1/jsr311-api-1.1.1.jar:/nfs/stak/students/n/nguyenau/.m2/repository/javax/enterprise/cdi-api/1.2/cdi-api-1.2.jar:/nfs/stak/students/n/nguyenau/.m2/repository/javax/el/javax.el-api/3.0.0/javax.el-api-3.0.0.jar:/nfs/stak/students/n/nguyenau/.m2/repository/javax/interceptor/javax.interceptor-api/1.2/javax.interceptor-api-1.2.jar:/nfs/stak/students/n/nguyenau/.m2/repository/org/hibernate/hibernate-entitymanager/5.0.5.Final/hibernate-entitymanager-5.0.5.Final.jar:/nfs/stak/students/n/nguyenau/.m2/repository/org/jboss/logging/jboss-logging/3.3.0.Final/jboss-logging-3.3.0.Final.jar:/nfs/stak/students/n/nguyenau/.m2/repository/org/hibernate/hibernate-core/5.0.5.Final/hibernate-core-5.0.5.Final.jar:/nfs/stak/students/n/nguyenau/.m2/repository/antlr/antlr/2.7.7/antlr-2.7.7.jar:/nfs/stak/students/n/nguyenau/.m2/repository/org/jboss/jandex/2.0.0.Final/jandex-2.0.0.Final.jar:/nfs/stak/students/n/nguyenau/.m2/repository/dom4j/dom4j/1.6.1/dom4j-1.6.1.jar:/nfs/stak/students/n/nguyenau/.m2/repository/xml-apis/xml-apis/1.0.b2/xml-apis-1.0.b2.jar:/nfs/stak/students/n/nguyenau/.m2/repository/org/hibernate/common/hibernate-commons-annotations/5.0.1.Final/hibernate-commons-annotations-5.0.1.Final.jar:/nfs/stak/students/n/nguyenau/.m2/repository/org/hibernate/javax/persistence/hibernate-jpa-2.1-api/1.0.0.Final/hibernate-jpa-2.1-api-1.0.0.Final.jar:/nfs/stak/students/n/nguyenau/.m2/repository/org/javassist/javassist/3.18.1-GA/javassist-3.18.1-GA.jar:/nfs/stak/students/n/nguyenau/.m2/repository/org/hsqldb/hsqldb/2.3.3/hsqldb-2.3.3.jar:/nfs/stak/students/n/nguyenau/.m2/repository/org/springframework/spring-orm/4.2.5.RELEASE/spring-orm-4.2.5.RELEASE.jar:/nfs/stak/students/n/nguyenau/.m2/repository/org/springframework/spring-beans/4.2.5.RELEASE/spring-beans-4.2.5.RELEASE.jar:/nfs/stak/students/n/nguyenau/.m2/repository/org/springframework/spring-core/4.2.5.RELEASE/spring-core-4.2.5.RELEASE.jar:/nfs/stak/students/n/nguyenau/.m2/repository/commons-logging/commons-logging/1.2/commons-logging-1.2.jar:/nfs/stak/students/n/nguyenau/.m2/repository/org/springframework/spring-jdbc/4.2.5.RELEASE/spring-jdbc-4.2.5.RELEASE.jar:/nfs/stak/students/n/nguyenau/.m2/repository/org/springframework/spring-tx/4.2.5.RELEASE/spring-tx-4.2.5.RELEASE.jar:/nfs/stak/students/n/nguyenau/.m2/repository/org/springframework/spring-context/4.2.5.RELEASE/spring-context-4.2.5.RELEASE.jar:/nfs/stak/students/n/nguyenau/.m2/repository/org/springframework/spring-aop/4.2.5.RELEASE/spring-aop-4.2.5.RELEASE.jar:/nfs/stak/students/n/nguyenau/.m2/repository/aopalliance/aopalliance/1.0/aopalliance-1.0.jar:/nfs/stak/students/n/nguyenau/.m2/repository/org/springframework/spring-expression/4.2.5.RELEASE/spring-expression-4.2.5.RELEASE.jar:/nfs/stak/students/n/nguyenau/.m2/repository/org/slf4j/slf4j-api/1.7.20/slf4j-api-1.7.20.jar:/usr/lib/jvm/java-1.8.0-openjdk-1.8.0.111-1.b15.el7_2.x86_64/jre/../lib/tools.jar:/nfs/stak/students/n/nguyenau/.m2/repository/org/ow2/asm/asm-all/5.1/asm-all-5.1.jar:/nfs/stak/students/n/nguyenau/.m2/repository/net/sourceforge/cobertura/cobertura/2.1.1/cobertura-2.1.1.jar:/nfs/stak/students/n/nguyenau/.m2/repository/jaxen/jaxen/1.1.4/jaxen-1.1.4.jar:/nfs/stak/students/n/nguyenau/.m2/repository/org/apache/ant/ant/1.8.3/ant-1.8.3.jar:/nfs/stak/students/n/nguyenau/.m2/repository/org/apache/ant/ant-launcher/1.8.3/ant-launcher-1.8.3.jar:/nfs/stak/students/n/nguyenau/.m2/repository/org/apache/ant/ant-junit/1.8.3/ant-junit-1.8.3.jar:/nfs/stak/students/n/nguyenau/.m2/repository/org/mortbay/jetty/servlet-api-2.5/6.1.14/servlet-api-2.5-6.1.14.jar:/nfs/stak/students/n/nguyenau/.m2/repository/org/mortbay/jetty/jetty/6.1.14/jetty-6.1.14.jar:/nfs/stak/students/n/nguyenau/.m2/repository/org/mortbay/jetty/jetty-util/6.1.14/jetty-util-6.1.14.jar:/nfs/stak/students/n/nguyenau/.m2/repository/ch/qos/logback/logback-classic/1.0.13/logback-classic-1.0.13.jar:/nfs/stak/students/n/nguyenau/.m2/repository/ch/qos/logback/logback-core/1.0.13/logback-core-1.0.13.jar:/nfs/stak/students/n/nguyenau/.m2/repository/org/apache/commons/commons-lang3/3.3.2/commons-lang3-3.3.2.jar:"/>
    <property name="java.specification.name" value="Java Platform API Specification"/>
    <property name="java.class.version" value="52.0"/>
    <property name="sun.management.compiler" value="HotSpot 64-Bit Tiered Compilers"/>
    <property name="os.version" value="3.10.0-327.36.3.el7.x86_64"/>
    <property name="user.home" value="/nfs/stak/students/n/nguyenau"/>
    <property name="user.timezone" value="America/Los_Angeles"/>
    <property name="java.awt.printerjob" value="sun.print.PSPrinterJob"/>
    <property name="file.encoding" value="UTF-8"/>
    <property name="java.specification.version" value="1.8"/>
    <property name="user.name" value="nguyenau"/>
    <property name="java.class.path" value="/nfs/stak/students/n/nguyenau/CS362/dominion/dominion/target/test-classes:/nfs/stak/students/n/nguyenau/CS362/dominion/dominion/target/generated-classes/cobertura:/nfs/stak/students/n/nguyenau/.m2/repository/junit/junit/4.12/junit-4.12.jar:/nfs/stak/students/n/nguyenau/.m2/repository/org/hamcrest/hamcrest-core/1.3/hamcrest-core-1.3.jar:/nfs/stak/students/n/nguyenau/.m2/repository/org/evosuite/evosuite-runtime/1.0.4-alpha2/evosuite-runtime-1.0.4-alpha2.jar:/nfs/stak/students/n/nguyenau/.m2/repository/org/mockito/mockito-all/2.0.2-beta/mockito-all-2.0.2-beta.jar:/nfs/stak/students/n/nguyenau/.m2/repository/org/jboss/spec/javax/servlet/jboss-servlet-api_3.1_spec/1.0.0.Final/jboss-servlet-api_3.1_spec-1.0.0.Final.jar:/nfs/stak/students/n/nguyenau/.m2/repository/javax/inject/javax.inject/1/javax.inject-1.jar:/nfs/stak/students/n/nguyenau/.m2/repository/javax/ejb/javax.ejb-api/3.2/javax.ejb-api-3.2.jar:/nfs/stak/students/n/nguyenau/.m2/repository/javax/transaction/javax.transaction-api/1.2/javax.transaction-api-1.2.jar:/nfs/stak/students/n/nguyenau/.m2/repository/javax/faces/javax.faces-api/2.2/javax.faces-api-2.2.jar:/nfs/stak/students/n/nguyenau/.m2/repository/javax/ws/rs/jsr311-api/1.1.1/jsr311-api-1.1.1.jar:/nfs/stak/students/n/nguyenau/.m2/repository/javax/enterprise/cdi-api/1.2/cdi-api-1.2.jar:/nfs/stak/students/n/nguyenau/.m2/repository/javax/el/javax.el-api/3.0.0/javax.el-api-3.0.0.jar:/nfs/stak/students/n/nguyenau/.m2/repository/javax/interceptor/javax.interceptor-api/1.2/javax.interceptor-api-1.2.jar:/nfs/stak/students/n/nguyenau/.m2/repository/org/hibernate/hibernate-entitymanager/5.0.5.Final/hibernate-entitymanager-5.0.5.Final.jar:/nfs/stak/students/n/nguyenau/.m2/repository/org/jboss/logging/jboss-logging/3.3.0.Final/jboss-logging-3.3.0.Final.jar:/nfs/stak/students/n/nguyenau/.m2/repository/org/hibernate/hibernate-core/5.0.5.Final/hibernate-core-5.0.5.Final.jar:/nfs/stak/students/n/nguyenau/.m2/repository/antlr/antlr/2.7.7/antlr-2.7.7.jar:/nfs/stak/students/n/nguyenau/.m2/repository/org/jboss/jandex/2.0.0.Final/jandex-2.0.0.Final.jar:/nfs/stak/students/n/nguyenau/.m2/repository/dom4j/dom4j/1.6.1/dom4j-1.6.1.jar:/nfs/stak/students/n/nguyenau/.m2/repository/xml-apis/xml-apis/1.0.b2/xml-apis-1.0.b2.jar:/nfs/stak/students/n/nguyenau/.m2/repository/org/hibernate/common/hibernate-commons-annotations/5.0.1.Final/hibernate-commons-annotations-5.0.1.Final.jar:/nfs/stak/students/n/nguyenau/.m2/repository/org/hibernate/javax/persistence/hibernate-jpa-2.1-api/1.0.0.Final/hibernate-jpa-2.1-api-1.0.0.Final.jar:/nfs/stak/students/n/nguyenau/.m2/repository/org/javassist/javassist/3.18.1-GA/javassist-3.18.1-GA.jar:/nfs/stak/students/n/nguyenau/.m2/repository/org/hsqldb/hsqldb/2.3.3/hsqldb-2.3.3.jar:/nfs/stak/students/n/nguyenau/.m2/repository/org/springframework/spring-orm/4.2.5.RELEASE/spring-orm-4.2.5.RELEASE.jar:/nfs/stak/students/n/nguyenau/.m2/repository/org/springframework/spring-beans/4.2.5.RELEASE/spring-beans-4.2.5.RELEASE.jar:/nfs/stak/students/n/nguyenau/.m2/repository/org/springframework/spring-core/4.2.5.RELEASE/spring-core-4.2.5.RELEASE.jar:/nfs/stak/students/n/nguyenau/.m2/repository/commons-logging/commons-logging/1.2/commons-logging-1.2.jar:/nfs/stak/students/n/nguyenau/.m2/repository/org/springframework/spring-jdbc/4.2.5.RELEASE/spring-jdbc-4.2.5.RELEASE.jar:/nfs/stak/students/n/nguyenau/.m2/repository/org/springframework/spring-tx/4.2.5.RELEASE/spring-tx-4.2.5.RELEASE.jar:/nfs/stak/students/n/nguyenau/.m2/repository/org/springframework/spring-context/4.2.5.RELEASE/spring-context-4.2.5.RELEASE.jar:/nfs/stak/students/n/nguyenau/.m2/repository/org/springframework/spring-aop/4.2.5.RELEASE/spring-aop-4.2.5.RELEASE.jar:/nfs/stak/students/n/nguyenau/.m2/repository/aopalliance/aopalliance/1.0/aopalliance-1.0.jar:/nfs/stak/students/n/nguyenau/.m2/repository/org/springframework/spring-expression/4.2.5.RELEASE/spring-expression-4.2.5.RELEASE.jar:/nfs/stak/students/n/nguyenau/.m2/repository/org/slf4j/slf4j-api/1.7.20/slf4j-api-1.7.20.jar:/usr/lib/jvm/java-1.8.0-openjdk-1.8.0.111-1.b15.el7_2.x86_64/jre/../lib/tools.jar:/nfs/stak/students/n/nguyenau/.m2/repository/org/ow2/asm/asm-all/5.1/asm-all-5.1.jar:/nfs/stak/students/n/nguyenau/.m2/repository/net/sourceforge/cobertura/cobertura/2.1.1/cobertura-2.1.1.jar:/nfs/stak/students/n/nguyenau/.m2/repository/jaxen/jaxen/1.1.4/jaxen-1.1.4.jar:/nfs/stak/students/n/nguyenau/.m2/repository/org/apache/ant/ant/1.8.3/ant-1.8.3.jar:/nfs/stak/students/n/nguyenau/.m2/repository/org/apache/ant/ant-launcher/1.8.3/ant-launcher-1.8.3.jar:/nfs/stak/students/n/nguyenau/.m2/repository/org/apache/ant/ant-junit/1.8.3/ant-junit-1.8.3.jar:/nfs/stak/students/n/nguyenau/.m2/repository/org/mortbay/jetty/servlet-api-2.5/6.1.14/servlet-api-2.5-6.1.14.jar:/nfs/stak/students/n/nguyenau/.m2/repository/org/mortbay/jetty/jetty/6.1.14/jetty-6.1.14.jar:/nfs/stak/students/n/nguyenau/.m2/repository/org/mortbay/jetty/jetty-util/6.1.14/jetty-util-6.1.14.jar:/nfs/stak/students/n/nguyenau/.m2/repository/ch/qos/logback/logback-classic/1.0.13/logback-classic-1.0.13.jar:/nfs/stak/students/n/nguyenau/.m2/repository/ch/qos/logback/logback-core/1.0.13/logback-core-1.0.13.jar:/nfs/stak/students/n/nguyenau/.m2/repository/org/apache/commons/commons-lang3/3.3.2/commons-lang3-3.3.2.jar:"/>
    <property name="java.vm.specification.version" value="1.8"/>
    <property name="sun.arch.data.model" value="64"/>
    <property name="java.home" value="/usr/lib/jvm/java-1.8.0-openjdk-1.8.0.111-1.b15.el7_2.x86_64/jre"/>
    <property name="sun.java.command" value="/nfs/stak/students/n/nguyenau/CS362/dominion/dominion/target/surefire/surefirebooter603327068955647634.jar /nfs/stak/students/n/nguyenau/CS362/dominion/dominion/target/surefire/surefire861149342525504991tmp /nfs/stak/students/n/nguyenau/CS362/dominion/dominion/target/surefire/surefire5370103816201802467tmp"/>
    <property name="java.specification.vendor" value="Oracle Corporation"/>
    <property name="user.language" value="en"/>
    <property name="awt.toolkit" value="sun.awt.X11.XToolkit"/>
    <property name="java.vm.info" value="mixed mode"/>
    <property name="java.version" value="1.8.0_111"/>
    <property name="java.ext.dirs" value="/usr/lib/jvm/java-1.8.0-openjdk-1.8.0.111-1.b15.el7_2.x86_64/jre/lib/ext:/usr/java/packages/lib/ext"/>
    <property name="sun.boot.class.path" value="/usr/lib/jvm/java-1.8.0-openjdk-1.8.0.111-1.b15.el7_2.x86_64/jre/lib/resources.jar:/usr/lib/jvm/java-1.8.0-openjdk-1.8.0.111-1.b15.el7_2.x86_64/jre/lib/rt.jar:/usr/lib/jvm/java-1.8.0-openjdk-1.8.0.111-1.b15.el7_2.x86_64/jre/lib/sunrsasign.jar:/usr/lib/jvm/java-1.8.0-openjdk-1.8.0.111-1.b15.el7_2.x86_64/jre/lib/jsse.jar:/usr/lib/jvm/java-1.8.0-openjdk-1.8.0.111-1.b15.el7_2.x86_64/jre/lib/jce.jar:/usr/lib/jvm/java-1.8.0-openjdk-1.8.0.111-1.b15.el7_2.x86_64/jre/lib/charsets.jar:/usr/lib/jvm/java-1.8.0-openjdk-1.8.0.111-1.b15.el7_2.x86_64/jre/lib/jfr.jar:/usr/lib/jvm/java-1.8.0-openjdk-1.8.0.111-1.b15.el7_2.x86_64/jre/classes"/>
    <property name="java.vendor" value="Oracle Corporation"/>
    <property name="localRepository" value="/nfs/stak/students/n/nguyenau/.m2/repository"/>
    <property name="file.separator" value="/"/>
    <property name="java.vendor.url.bug" value="http://bugreport.sun.com/bugreport/"/>
    <property name="sun.cpu.endian" value="little"/>
    <property name="sun.io.unicode.encoding" value="UnicodeLittle"/>
    <property name="sun.cpu.isalist" value=""/>
  </properties>
  <testcase classname="RegressionTest0" name="test001" time="0"/>
  <testcase classname="RegressionTest0" name="test002" time="0"/>
  <testcase classname="RegressionTest0" name="test003" time="0"/>
  <testcase classname="RegressionTest0" name="test004" time="0"/>
  <testcase classname="RegressionTest0" name="test005" time="0"/>
  <testcase classname="RegressionTest0" name="test006" time="0"/>
  <testcase classname="RegressionTest0" name="test007" time="0"/>
  <testcase classname="RegressionTest0" name="test008" time="0"/>
  <testcase classname="RegressionTest0" name="test009" time="0"/>
  <testcase classname="RegressionTest0" name="test010" time="0"/>
  <testcase classname="RegressionTest0" name="test011" time="0"/>
  <testcase classname="RegressionTest0" name="test012" time="0"/>
  <testcase classname="RegressionTest0" name="test013" time="0"/>
  <testcase classname="RegressionTest0" name="test014" time="0"/>
  <testcase classname="RegressionTest0" name="test015" time="0"/>
  <testcase classname="RegressionTest0" name="test016" time="0"/>
  <testcase classname="RegressionTest0" name="test017" time="0"/>
  <testcase classname="RegressionTest0" name="test018" time="0"/>
  <testcase classname="RegressionTest0" name="test019" time="0"/>
  <testcase classname="RegressionTest0" name="test020" time="0"/>
  <testcase classname="RegressionTest0" name="test021" time="0"/>
  <testcase classname="RegressionTest0" name="test022" time="0"/>
  <testcase classname="RegressionTest0" name="test023" time="0"/>
  <testcase classname="RegressionTest0" name="test024" time="0"/>
  <testcase classname="RegressionTest0" name="test025" time="0"/>
  <testcase classname="RegressionTest0" name="test026" time="0"/>
  <testcase classname="RegressionTest0" name="test027" time="0"/>
  <testcase classname="RegressionTest0" name="test028" time="0"/>
  <testcase classname="RegressionTest0" name="test029" time="0"/>
  <testcase classname="RegressionTest0" name="test030" time="0"/>
  <testcase classname="RegressionTest0" name="test031" time="0"/>
  <testcase classname="RegressionTest0" name="test032" time="0"/>
  <testcase classname="RegressionTest0" name="test033" time="0"/>
  <testcase classname="RegressionTest0" name="test034" time="0"/>
  <testcase classname="RegressionTest0" name="test035" time="0"/>
  <testcase classname="RegressionTest0" name="test036" time="0"/>
  <testcase classname="RegressionTest0" name="test037" time="0"/>
  <testcase classname="RegressionTest0" name="test038" time="0"/>
  <testcase classname="RegressionTest0" name="test039" time="0.001"/>
  <testcase classname="RegressionTest0" name="test040" time="0"/>
  <testcase classname="RegressionTest0" name="test041" time="0"/>
  <testcase classname="RegressionTest0" name="test042" time="0"/>
  <testcase classname="RegressionTest0" name="test043" time="0"/>
  <testcase classname="RegressionTest0" name="test044" time="0"/>
  <testcase classname="RegressionTest0" name="test045" time="0"/>
  <testcase classname="RegressionTest0" name="test046" time="0"/>
  <testcase classname="RegressionTest0" name="test047" time="0"/>
  <testcase classname="RegressionTest0" name="test048" time="0"/>
  <testcase classname="RegressionTest0" name="test049" time="0"/>
  <testcase classname="RegressionTest0" name="test050" time="0"/>
  <testcase classname="RegressionTest0" name="test051" time="0"/>
  <testcase classname="RegressionTest0" name="test052" time="0"/>
  <testcase classname="RegressionTest0" name="test053" time="0"/>
  <testcase classname="RegressionTest0" name="test054" time="0"/>
  <testcase classname="RegressionTest0" name="test055" time="0"/>
  <testcase classname="RegressionTest0" name="test056" time="0"/>
  <testcase classname="RegressionTest0" name="test057" time="0"/>
  <testcase classname="RegressionTest0" name="test058" time="0"/>
  <testcase classname="RegressionTest0" name="test059" time="0"/>
  <testcase classname="RegressionTest0" name="test060" time="0"/>
  <testcase classname="RegressionTest0" name="test061" time="0"/>
  <testcase classname="RegressionTest0" name="test062" time="0"/>
  <testcase classname="RegressionTest0" name="test063" time="0"/>
  <testcase classname="RegressionTest0" name="test064" time="0"/>
  <testcase classname="RegressionTest0" name="test065" time="0"/>
  <testcase classname="RegressionTest0" name="test066" time="0"/>
  <testcase classname="RegressionTest0" name="test067" time="0"/>
  <testcase classname="RegressionTest0" name="test068" time="0"/>
  <testcase classname="RegressionTest0" name="test069" time="0"/>
  <testcase classname="RegressionTest0" name="test070" time="0"/>
  <testcase classname="RegressionTest0" name="test071" time="0"/>
  <testcase classname="RegressionTest0" name="test072" time="0"/>
  <testcase classname="RegressionTest0" name="test073" time="0"/>
  <testcase classname="RegressionTest0" name="test074" time="0"/>
  <testcase classname="RegressionTest0" name="test075" time="0"/>
  <testcase classname="RegressionTest0" name="test076" time="0"/>
  <testcase classname="RegressionTest0" name="test077" time="0"/>
  <testcase classname="RegressionTest0" name="test078" time="0"/>
  <testcase classname="RegressionTest0" name="test079" time="0"/>
  <testcase classname="RegressionTest0" name="test080" time="0"/>
  <testcase classname="RegressionTest0" name="test081" time="0"/>
  <testcase classname="RegressionTest0" name="test082" time="0"/>
  <testcase classname="RegressionTest0" name="test083" time="0.001"/>
  <testcase classname="RegressionTest0" name="test084" time="0"/>
  <testcase classname="RegressionTest0" name="test085" time="0"/>
  <testcase classname="RegressionTest0" name="test086" time="0"/>
  <testcase classname="RegressionTest0" name="test087" time="0"/>
  <testcase classname="RegressionTest0" name="test088" time="0"/>
  <testcase classname="RegressionTest0" name="test089" time="0"/>
  <testcase classname="RegressionTest0" name="test090" time="0"/>
  <testcase classname="RegressionTest0" name="test091" time="0"/>
  <testcase classname="RegressionTest0" name="test092" time="0"/>
  <testcase classname="RegressionTest0" name="test093" time="0"/>
  <testcase classname="RegressionTest0" name="test094" time="0"/>
  <testcase classname="RegressionTest0" name="test095" time="0"/>
  <testcase classname="RegressionTest0" name="test096" time="0"/>
  <testcase classname="RegressionTest0" name="test097" time="0"/>
  <testcase classname="RegressionTest0" name="test098" time="0"/>
  <testcase classname="RegressionTest0" name="test099" time="0"/>
  <testcase classname="RegressionTest0" name="test100" time="0"/>
  <testcase classname="RegressionTest0" name="test101" time="0"/>
  <testcase classname="RegressionTest0" name="test102" time="0"/>
  <testcase classname="RegressionTest0" name="test103" time="0"/>
  <testcase classname="RegressionTest0" name="test104" time="0"/>
  <testcase classname="RegressionTest0" name="test105" time="0"/>
  <testcase classname="RegressionTest0" name="test106" time="0"/>
  <testcase classname="RegressionTest0" name="test107" time="0"/>
  <testcase classname="RegressionTest0" name="test108" time="0"/>
  <testcase classname="RegressionTest0" name="test109" time="0"/>
  <testcase classname="RegressionTest0" name="test110" time="0"/>
  <testcase classname="RegressionTest0" name="test111" time="0"/>
  <testcase classname="RegressionTest0" name="test112" time="0"/>
  <testcase classname="RegressionTest0" name="test113" time="0"/>
  <testcase classname="RegressionTest0" name="test114" time="0"/>
  <testcase classname="RegressionTest0" name="test115" time="0"/>
  <testcase classname="RegressionTest0" name="test116" time="0"/>
  <testcase classname="RegressionTest0" name="test117" time="0"/>
  <testcase classname="RegressionTest0" name="test118" time="0"/>
  <testcase classname="RegressionTest0" name="test119" time="0"/>
  <testcase classname="RegressionTest0" name="test120" time="0"/>
  <testcase classname="RegressionTest0" name="test121" time="0"/>
  <testcase classname="RegressionTest0" name="test122" time="0"/>
  <testcase classname="RegressionTest0" name="test123" time="0"/>
  <testcase classname="RegressionTest0" name="test124" time="0"/>
  <testcase classname="RegressionTest0" name="test125" time="0"/>
  <testcase classname="RegressionTest0" name="test126" time="0"/>
  <testcase classname="RegressionTest0" name="test127" time="0"/>
  <testcase classname="RegressionTest0" name="test128" time="0"/>
  <testcase classname="RegressionTest0" name="test129" time="0"/>
  <testcase classname="RegressionTest0" name="test130" time="0"/>
  <testcase classname="RegressionTest0" name="test131" time="0"/>
  <testcase classname="RegressionTest0" name="test132" time="0"/>
  <testcase classname="RegressionTest0" name="test133" time="0"/>
  <testcase classname="RegressionTest0" name="test134" time="0"/>
  <testcase classname="RegressionTest0" name="test135" time="0"/>
  <testcase classname="RegressionTest0" name="test136" time="0"/>
  <testcase classname="RegressionTest0" name="test137" time="0"/>
  <testcase classname="RegressionTest0" name="test138" time="0"/>
  <testcase classname="RegressionTest0" name="test139" time="0"/>
  <testcase classname="RegressionTest0" name="test140" time="0"/>
  <testcase classname="RegressionTest0" name="test141" time="0"/>
  <testcase classname="RegressionTest0" name="test142" time="0"/>
  <testcase classname="RegressionTest0" name="test143" time="0"/>
  <testcase classname="RegressionTest0" name="test144" time="0"/>
  <testcase classname="RegressionTest0" name="test145" time="0"/>
  <testcase classname="RegressionTest0" name="test146" time="0"/>
  <testcase classname="RegressionTest0" name="test147" time="0"/>
  <testcase classname="RegressionTest0" name="test148" time="0"/>
  <testcase classname="RegressionTest0" name="test149" time="0"/>
  <testcase classname="RegressionTest0" name="test150" time="0"/>
  <testcase classname="RegressionTest0" name="test151" time="0"/>
  <testcase classname="RegressionTest0" name="test152" time="0"/>
  <testcase classname="RegressionTest0" name="test153" time="0"/>
  <testcase classname="RegressionTest0" name="test154" time="0"/>
  <testcase classname="RegressionTest0" name="test155" time="0"/>
  <testcase classname="RegressionTest0" name="test156" time="0"/>
  <testcase classname="RegressionTest0" name="test157" time="0"/>
  <testcase classname="RegressionTest0" name="test158" time="0"/>
  <testcase classname="RegressionTest0" name="test159" time="0"/>
  <testcase classname="RegressionTest0" name="test160" time="0"/>
  <testcase classname="RegressionTest0" name="test161" time="0"/>
  <testcase classname="RegressionTest0" name="test162" time="0.001"/>
  <testcase classname="RegressionTest0" name="test163" time="0"/>
  <testcase classname="RegressionTest0" name="test164" time="0"/>
  <testcase classname="RegressionTest0" name="test165" time="0"/>
  <testcase classname="RegressionTest0" name="test166" time="0"/>
  <testcase classname="RegressionTest0" name="test167" time="0"/>
  <testcase classname="RegressionTest0" name="test168" time="0"/>
  <testcase classname="RegressionTest0" name="test169" time="0"/>
  <testcase classname="RegressionTest0" name="test170" time="0"/>
  <testcase classname="RegressionTest0" name="test171" time="0"/>
  <testcase classname="RegressionTest0" name="test172" time="0"/>
  <testcase classname="RegressionTest0" name="test173" time="0"/>
  <testcase classname="RegressionTest0" name="test174" time="0"/>
  <testcase classname="RegressionTest0" name="test175" time="0"/>
  <testcase classname="RegressionTest0" name="test176" time="0"/>
  <testcase classname="RegressionTest0" name="test177" time="0"/>
  <testcase classname="RegressionTest0" name="test178" time="0"/>
  <testcase classname="RegressionTest0" name="test179" time="0"/>
  <testcase classname="RegressionTest0" name="test180" time="0"/>
  <testcase classname="RegressionTest0" name="test181" time="0"/>
  <testcase classname="RegressionTest0" name="test182" time="0"/>
  <testcase classname="RegressionTest0" name="test183" time="0"/>
  <testcase classname="RegressionTest0" name="test184" time="0"/>
  <testcase classname="RegressionTest0" name="test185" time="0"/>
  <testcase classname="RegressionTest0" name="test186" time="0"/>
  <testcase classname="RegressionTest0" name="test187" time="0"/>
  <testcase classname="RegressionTest0" name="test188" time="0"/>
  <testcase classname="RegressionTest0" name="test189" time="0"/>
  <testcase classname="RegressionTest0" name="test190" time="0"/>
  <testcase classname="RegressionTest0" name="test191" time="0.001"/>
  <testcase classname="RegressionTest0" name="test192" time="0"/>
  <testcase classname="RegressionTest0" name="test193" time="0"/>
  <testcase classname="RegressionTest0" name="test194" time="0"/>
  <testcase classname="RegressionTest0" name="test195" time="0"/>
  <testcase classname="RegressionTest0" name="test196" time="0"/>
  <testcase classname="RegressionTest0" name="test197" time="0"/>
  <testcase classname="RegressionTest0" name="test198" time="0"/>
  <testcase classname="RegressionTest0" name="test199" time="0"/>
  <testcase classname="RegressionTest0" name="test200" time="0"/>
  <testcase classname="RegressionTest0" name="test201" time="0"/>
  <testcase classname="RegressionTest0" name="test202" time="0"/>
  <testcase classname="RegressionTest0" name="test203" time="0"/>
  <testcase classname="RegressionTest0" name="test204" time="0"/>
  <testcase classname="RegressionTest0" name="test205" time="0"/>
  <testcase classname="RegressionTest0" name="test206" time="0"/>
  <testcase classname="RegressionTest0" name="test207" time="0"/>
  <testcase classname="RegressionTest0" name="test208" time="0"/>
  <testcase classname="RegressionTest0" name="test209" time="0"/>
  <testcase classname="RegressionTest0" name="test210" time="0"/>
  <testcase classname="RegressionTest0" name="test211" time="0"/>
  <testcase classname="RegressionTest0" name="test212" time="0.001"/>
  <testcase classname="RegressionTest0" name="test213" time="0"/>
  <testcase classname="RegressionTest0" name="test214" time="0"/>
  <testcase classname="RegressionTest0" name="test215" time="0"/>
  <testcase classname="RegressionTest0" name="test216" time="0"/>
  <testcase classname="RegressionTest0" name="test217" time="0"/>
  <testcase classname="RegressionTest0" name="test218" time="0"/>
  <testcase classname="RegressionTest0" name="test219" time="0"/>
  <testcase classname="RegressionTest0" name="test220" time="0"/>
  <testcase classname="RegressionTest0" name="test221" time="0"/>
  <testcase classname="RegressionTest0" name="test222" time="0"/>
  <testcase classname="RegressionTest0" name="test223" time="0"/>
  <testcase classname="RegressionTest0" name="test224" time="0"/>
  <testcase classname="RegressionTest0" name="test225" time="0"/>
  <testcase classname="RegressionTest0" name="test226" time="0"/>
  <testcase classname="RegressionTest0" name="test227" time="0"/>
  <testcase classname="RegressionTest0" name="test228" time="0"/>
  <testcase classname="RegressionTest0" name="test229" time="0"/>
  <testcase classname="RegressionTest0" name="test230" time="0"/>
  <testcase classname="RegressionTest0" name="test231" time="0"/>
  <testcase classname="RegressionTest0" name="test232" time="0.001"/>
  <testcase classname="RegressionTest0" name="test233" time="0"/>
  <testcase classname="RegressionTest0" name="test234" time="0"/>
  <testcase classname="RegressionTest0" name="test235" time="0"/>
  <testcase classname="RegressionTest0" name="test236" time="0"/>
  <testcase classname="RegressionTest0" name="test237" time="0"/>
  <testcase classname="RegressionTest0" name="test238" time="0"/>
  <testcase classname="RegressionTest0" name="test239" time="0"/>
  <testcase classname="RegressionTest0" name="test240" time="0"/>
  <testcase classname="RegressionTest0" name="test241" time="0"/>
  <testcase classname="RegressionTest0" name="test242" time="0"/>
  <testcase classname="RegressionTest0" name="test243" time="0"/>
  <testcase classname="RegressionTest0" name="test244" time="0"/>
  <testcase classname="RegressionTest0" name="test245" time="0"/>
  <testcase classname="RegressionTest0" name="test246" time="0"/>
  <testcase classname="RegressionTest0" name="test247" time="0"/>
  <testcase classname="RegressionTest0" name="test248" time="0"/>
  <testcase classname="RegressionTest0" name="test249" time="0"/>
  <testcase classname="RegressionTest0" name="test250" time="0.001"/>
  <testcase classname="RegressionTest0" name="test251" time="0"/>
  <testcase classname="RegressionTest0" name="test252" time="0"/>
  <testcase classname="RegressionTest0" name="test253" time="0"/>
  <testcase classname="RegressionTest0" name="test254" time="0"/>
  <testcase classname="RegressionTest0" name="test255" time="0"/>
  <testcase classname="RegressionTest0" name="test256" time="0"/>
  <testcase classname="RegressionTest0" name="test257" time="0"/>
  <testcase classname="RegressionTest0" name="test258" time="0"/>
  <testcase classname="RegressionTest0" name="test259" time="0"/>
  <testcase classname="RegressionTest0" name="test260" time="0"/>
  <testcase classname="RegressionTest0" name="test261" time="0"/>
  <testcase classname="RegressionTest0" name="test262" time="0"/>
  <testcase classname="RegressionTest0" name="test263" time="0"/>
  <testcase classname="RegressionTest0" name="test264" time="0"/>
  <testcase classname="RegressionTest0" name="test265" time="0"/>
  <testcase classname="RegressionTest0" name="test266" time="0"/>
  <testcase classname="RegressionTest0" name="test267" time="0.001"/>
  <testcase classname="RegressionTest0" name="test268" time="0"/>
  <testcase classname="RegressionTest0" name="test269" time="0"/>
  <testcase classname="RegressionTest0" name="test270" time="0"/>
  <testcase classname="RegressionTest0" name="test271" time="0"/>
  <testcase classname="RegressionTest0" name="test272" time="0"/>
  <testcase classname="RegressionTest0" name="test273" time="0"/>
  <testcase classname="RegressionTest0" name="test274" time="0"/>
  <testcase classname="RegressionTest0" name="test275" time="0"/>
  <testcase classname="RegressionTest0" name="test276" time="0"/>
  <testcase classname="RegressionTest0" name="test277" time="0"/>
  <testcase classname="RegressionTest0" name="test278" time="0"/>
  <testcase classname="RegressionTest0" name="test279" time="0"/>
  <testcase classname="RegressionTest0" name="test280" time="0"/>
  <testcase classname="RegressionTest0" name="test281" time="0"/>
  <testcase classname="RegressionTest0" name="test282" time="0"/>
  <testcase classname="RegressionTest0" name="test283" time="0"/>
  <testcase classname="RegressionTest0" name="test284" time="0.001"/>
  <testcase classname="RegressionTest0" name="test285" time="0"/>
  <testcase classname="RegressionTest0" name="test286" time="0"/>
  <testcase classname="RegressionTest0" name="test287" time="0"/>
  <testcase classname="RegressionTest0" name="test288" time="0"/>
  <testcase classname="RegressionTest0" name="test289" time="0"/>
  <testcase classname="RegressionTest0" name="test290" time="0"/>
  <testcase classname="RegressionTest0" name="test291" time="0"/>
  <testcase classname="RegressionTest0" name="test292" time="0"/>
  <testcase classname="RegressionTest0" name="test293" time="0"/>
  <testcase classname="RegressionTest0" name="test294" time="0"/>
  <testcase classname="RegressionTest0" name="test295" time="0"/>
  <testcase classname="RegressionTest0" name="test296" time="0"/>
  <testcase classname="RegressionTest0" name="test297" time="0"/>
  <testcase classname="RegressionTest0" name="test298" time="0"/>
  <testcase classname="RegressionTest0" name="test299" time="0"/>
  <testcase classname="RegressionTest0" name="test300" time="0"/>
  <testcase classname="RegressionTest0" name="test301" time="0.001"/>
  <testcase classname="RegressionTest0" name="test302" time="0"/>
  <testcase classname="RegressionTest0" name="test303" time="0"/>
  <testcase classname="RegressionTest0" name="test304" time="0"/>
  <testcase classname="RegressionTest0" name="test305" time="0"/>
  <testcase classname="RegressionTest0" name="test306" time="0"/>
  <testcase classname="RegressionTest0" name="test307" time="0"/>
  <testcase classname="RegressionTest0" name="test308" time="0"/>
  <testcase classname="RegressionTest0" name="test309" time="0"/>
  <testcase classname="RegressionTest0" name="test310" time="0"/>
  <testcase classname="RegressionTest0" name="test311" time="0"/>
  <testcase classname="RegressionTest0" name="test312" time="0"/>
  <testcase classname="RegressionTest0" name="test313" time="0"/>
  <testcase classname="RegressionTest0" name="test314" time="0"/>
  <testcase classname="RegressionTest0" name="test315" time="0"/>
  <testcase classname="RegressionTest0" name="test316" time="0"/>
  <testcase classname="RegressionTest0" name="test317" time="0"/>
  <testcase classname="RegressionTest0" name="test318" time="0"/>
  <testcase classname="RegressionTest0" name="test319" time="0"/>
  <testcase classname="RegressionTest0" name="test320" time="0.001"/>
  <testcase classname="RegressionTest0" name="test321" time="0"/>
  <testcase classname="RegressionTest0" name="test322" time="0"/>
  <testcase classname="RegressionTest0" name="test323" time="0"/>
  <testcase classname="RegressionTest0" name="test324" time="0"/>
  <testcase classname="RegressionTest0" name="test325" time="0"/>
  <testcase classname="RegressionTest0" name="test326" time="0"/>
  <testcase classname="RegressionTest0" name="test327" time="0"/>
  <testcase classname="RegressionTest0" name="test328" time="0"/>
  <testcase classname="RegressionTest0" name="test329" time="0"/>
  <testcase classname="RegressionTest0" name="test330" time="0"/>
  <testcase classname="RegressionTest0" name="test331" time="0"/>
  <testcase classname="RegressionTest0" name="test332" time="0"/>
  <testcase classname="RegressionTest0" name="test333" time="0"/>
  <testcase classname="RegressionTest0" name="test334" time="0"/>
  <testcase classname="RegressionTest0" name="test335" time="0"/>
  <testcase classname="RegressionTest0" name="test336" time="0"/>
  <testcase classname="RegressionTest0" name="test337" time="0"/>
  <testcase classname="RegressionTest0" name="test338" time="0"/>
  <testcase classname="RegressionTest0" name="test339" time="0"/>
  <testcase classname="RegressionTest0" name="test340" time="0"/>
  <testcase classname="RegressionTest0" name="test341" time="0"/>
  <testcase classname="RegressionTest0" name="test342" time="0"/>
  <testcase classname="RegressionTest0" name="test343" time="0"/>
  <testcase classname="RegressionTest0" name="test344" time="0"/>
  <testcase classname="RegressionTest0" name="test345" time="0"/>
  <testcase classname="RegressionTest0" name="test346" time="0"/>
  <testcase classname="RegressionTest0" name="test347" time="0"/>
  <testcase classname="RegressionTest0" name="test348" time="0"/>
  <testcase classname="RegressionTest0" name="test349" time="0"/>
  <testcase classname="RegressionTest0" name="test350" time="0"/>
  <testcase classname="RegressionTest0" name="test351" time="0"/>
  <testcase classname="RegressionTest0" name="test352" time="0"/>
  <testcase classname="RegressionTest0" name="test353" time="0"/>
  <testcase classname="RegressionTest0" name="test354" time="0"/>
  <testcase classname="RegressionTest0" name="test355" time="0"/>
  <testcase classname="RegressionTest0" name="test356" time="0.001"/>
  <testcase classname="RegressionTest0" name="test357" time="0"/>
  <testcase classname="RegressionTest0" name="test358" time="0"/>
  <testcase classname="RegressionTest0" name="test359" time="0"/>
  <testcase classname="RegressionTest0" name="test360" time="0"/>
  <testcase classname="RegressionTest0" name="test361" time="0"/>
  <testcase classname="RegressionTest0" name="test362" time="0"/>
  <testcase classname="RegressionTest0" name="test363" time="0"/>
  <testcase classname="RegressionTest0" name="test364" time="0"/>
  <testcase classname="RegressionTest0" name="test365" time="0"/>
  <testcase classname="RegressionTest0" name="test366" time="0"/>
  <testcase classname="RegressionTest0" name="test367" time="0"/>
  <testcase classname="RegressionTest0" name="test368" time="0"/>
  <testcase classname="RegressionTest0" name="test369" time="0"/>
  <testcase classname="RegressionTest0" name="test370" time="0"/>
  <testcase classname="RegressionTest0" name="test371" time="0"/>
  <testcase classname="RegressionTest0" name="test372" time="0"/>
  <testcase classname="RegressionTest0" name="test373" time="0.001"/>
  <testcase classname="RegressionTest0" name="test374" time="0"/>
  <testcase classname="RegressionTest0" name="test375" time="0"/>
  <testcase classname="RegressionTest0" name="test376" time="0"/>
  <testcase classname="RegressionTest0" name="test377" time="0"/>
  <testcase classname="RegressionTest0" name="test378" time="0"/>
  <testcase classname="RegressionTest0" name="test379" time="0"/>
  <testcase classname="RegressionTest0" name="test380" time="0"/>
  <testcase classname="RegressionTest0" name="test381" time="0"/>
  <testcase classname="RegressionTest0" name="test382" time="0"/>
  <testcase classname="RegressionTest0" name="test383" time="0"/>
  <testcase classname="RegressionTest0" name="test384" time="0"/>
  <testcase classname="RegressionTest0" name="test385" time="0"/>
  <testcase classname="RegressionTest0" name="test386" time="0.001"/>
  <testcase classname="RegressionTest0" name="test387" time="0"/>
  <testcase classname="RegressionTest0" name="test388" time="0"/>
  <testcase classname="RegressionTest0" name="test389" time="0"/>
  <testcase classname="RegressionTest0" name="test390" time="0"/>
  <testcase classname="RegressionTest0" name="test391" time="0"/>
  <testcase classname="RegressionTest0" name="test392" time="0"/>
  <testcase classname="RegressionTest0" name="test393" time="0"/>
  <testcase classname="RegressionTest0" name="test394" time="0"/>
  <testcase classname="RegressionTest0" name="test395" time="0"/>
  <testcase classname="RegressionTest0" name="test396" time="0"/>
  <testcase classname="RegressionTest0" name="test397" time="0"/>
  <testcase classname="RegressionTest0" name="test398" time="0"/>
  <testcase classname="RegressionTest0" name="test399" time="0"/>
  <testcase classname="RegressionTest0" name="test400" time="0"/>
  <testcase classname="RegressionTest0" name="test401" time="0.001"/>
  <testcase classname="RegressionTest0" name="test402" time="0"/>
  <testcase classname="RegressionTest0" name="test403" time="0"/>
  <testcase classname="RegressionTest0" name="test404" time="0"/>
  <testcase classname="RegressionTest0" name="test405" time="0"/>
  <testcase classname="RegressionTest0" name="test406" time="0"/>
  <testcase classname="RegressionTest0" name="test407" time="0"/>
  <testcase classname="RegressionTest0" name="test408" time="0"/>
  <testcase classname="RegressionTest0" name="test409" time="0"/>
  <testcase classname="RegressionTest0" name="test410" time="0"/>
  <testcase classname="RegressionTest0" name="test411" time="0"/>
  <testcase classname="RegressionTest0" name="test412" time="0"/>
  <testcase classname="RegressionTest0" name="test413" time="0"/>
  <testcase classname="RegressionTest0" name="test414" time="0"/>
  <testcase classname="RegressionTest0" name="test415" time="0"/>
  <testcase classname="RegressionTest0" name="test416" time="0"/>
  <testcase classname="RegressionTest0" name="test417" time="0.001"/>
  <testcase classname="RegressionTest0" name="test418" time="0"/>
  <testcase classname="RegressionTest0" name="test419" time="0"/>
  <testcase classname="RegressionTest0" name="test420" time="0"/>
  <testcase classname="RegressionTest0" name="test421" time="0"/>
  <testcase classname="RegressionTest0" name="test422" time="0"/>
  <testcase classname="RegressionTest0" name="test423" time="0"/>
  <testcase classname="RegressionTest0" name="test424" time="0"/>
  <testcase classname="RegressionTest0" name="test425" time="0"/>
  <testcase classname="RegressionTest0" name="test426" time="0"/>
  <testcase classname="RegressionTest0" name="test427" time="0"/>
  <testcase classname="RegressionTest0" name="test428" time="0"/>
  <testcase classname="RegressionTest0" name="test429" time="0"/>
  <testcase classname="RegressionTest0" name="test430" time="0"/>
  <testcase classname="RegressionTest0" name="test431" time="0"/>
  <testcase classname="RegressionTest0" name="test432" time="0.001"/>
  <testcase classname="RegressionTest0" name="test433" time="0"/>
  <testcase classname="RegressionTest0" name="test434" time="0"/>
  <testcase classname="RegressionTest0" name="test435" time="0"/>
  <testcase classname="RegressionTest0" name="test436" time="0"/>
  <testcase classname="RegressionTest0" name="test437" time="0"/>
  <testcase classname="RegressionTest0" name="test438" time="0"/>
  <testcase classname="RegressionTest0" name="test439" time="0"/>
  <testcase classname="RegressionTest0" name="test440" time="0"/>
  <testcase classname="RegressionTest0" name="test441" time="0"/>
  <testcase classname="RegressionTest0" name="test442" time="0"/>
  <testcase classname="RegressionTest0" name="test443" time="0"/>
  <testcase classname="RegressionTest0" name="test444" time="0"/>
  <testcase classname="RegressionTest0" name="test445" time="0.001"/>
  <testcase classname="RegressionTest0" name="test446" time="0"/>
  <testcase classname="RegressionTest0" name="test447" time="0"/>
  <testcase classname="RegressionTest0" name="test448" time="0"/>
  <testcase classname="RegressionTest0" name="test449" time="0"/>
  <testcase classname="RegressionTest0" name="test450" time="0"/>
  <testcase classname="RegressionTest0" name="test451" time="0"/>
  <testcase classname="RegressionTest0" name="test452" time="0"/>
  <testcase classname="RegressionTest0" name="test453" time="0"/>
  <testcase classname="RegressionTest0" name="test454" time="0"/>
  <testcase classname="RegressionTest0" name="test455" time="0"/>
  <testcase classname="RegressionTest0" name="test456" time="0"/>
  <testcase classname="RegressionTest0" name="test457" time="0"/>
  <testcase classname="RegressionTest0" name="test458" time="0"/>
  <testcase classname="RegressionTest0" name="test459" time="0"/>
  <testcase classname="RegressionTest0" name="test460" time="0.001"/>
  <testcase classname="RegressionTest0" name="test461" time="0"/>
  <testcase classname="RegressionTest0" name="test462" time="0"/>
  <testcase classname="RegressionTest0" name="test463" time="0"/>
  <testcase classname="RegressionTest0" name="test464" time="0"/>
  <testcase classname="RegressionTest0" name="test465" time="0"/>
  <testcase classname="RegressionTest0" name="test466" time="0"/>
  <testcase classname="RegressionTest0" name="test467" time="0"/>
  <testcase classname="RegressionTest0" name="test468" time="0"/>
  <testcase classname="RegressionTest0" name="test469" time="0"/>
  <testcase classname="RegressionTest0" name="test470" time="0"/>
  <testcase classname="RegressionTest0" name="test471" time="0.001"/>
  <testcase classname="RegressionTest0" name="test472" time="0"/>
  <testcase classname="RegressionTest0" name="test473" time="0"/>
  <testcase classname="RegressionTest0" name="test474" time="0"/>
  <testcase classname="RegressionTest0" name="test475" time="0"/>
  <testcase classname="RegressionTest0" name="test476" time="0"/>
  <testcase classname="RegressionTest0" name="test477" time="0"/>
  <testcase classname="RegressionTest0" name="test478" time="0"/>
  <testcase classname="RegressionTest0" name="test479" time="0"/>
  <testcase classname="RegressionTest0" name="test480" time="0"/>
  <testcase classname="RegressionTest0" name="test481" time="0"/>
  <testcase classname="RegressionTest0" name="test482" time="0"/>
  <testcase classname="RegressionTest0" name="test483" time="0"/>
  <testcase classname="RegressionTest0" name="test484" time="0"/>
  <testcase classname="RegressionTest0" name="test485" time="0.001"/>
  <testcase classname="RegressionTest0" name="test486" time="0"/>
  <testcase classname="RegressionTest0" name="test487" time="0"/>
  <testcase classname="RegressionTest0" name="test488" time="0"/>
  <testcase classname="RegressionTest0" name="test489" time="0"/>
  <testcase classname="RegressionTest0" name="test490" time="0"/>
  <testcase classname="RegressionTest0" name="test491" time="0"/>
  <testcase classname="RegressionTest0" name="test492" time="0"/>
  <testcase classname="RegressionTest0" name="test493" time="0"/>
  <testcase classname="RegressionTest0" name="test494" time="0"/>
  <testcase classname="RegressionTest0" name="test495" time="0"/>
  <testcase classname="RegressionTest0" name="test496" time="0"/>
  <testcase classname="RegressionTest0" name="test497" time="0"/>
  <testcase classname="RegressionTest0" name="test498" time="0"/>
  <testcase classname="RegressionTest0" name="test499" time="0"/>
  <testcase classname="RegressionTest0" name="test500" time="0"/>
  <testcase classname="RegressionTest1" name="test001" time="0"/>
  <testcase classname="RegressionTest1" name="test002" time="0"/>
  <testcase classname="RegressionTest1" name="test003" time="0"/>
  <testcase classname="RegressionTest1" name="test004" time="0"/>
  <testcase classname="RegressionTest1" name="test005" time="0"/>
  <testcase classname="RegressionTest1" name="test006" time="0"/>
  <testcase classname="RegressionTest1" name="test007" time="0"/>
  <testcase classname="RegressionTest1" name="test008" time="0"/>
  <testcase classname="RegressionTest1" name="test009" time="0"/>
  <testcase classname="RegressionTest1" name="test010" time="0"/>
  <testcase classname="RegressionTest1" name="test011" time="0"/>
  <testcase classname="RegressionTest1" name="test012" time="0"/>
  <testcase classname="RegressionTest1" name="test013" time="0"/>
  <testcase classname="RegressionTest1" name="test014" time="0.001"/>
  <testcase classname="RegressionTest1" name="test015" time="0"/>
  <testcase classname="RegressionTest1" name="test016" time="0"/>
  <testcase classname="RegressionTest1" name="test017" time="0"/>
  <testcase classname="RegressionTest1" name="test018" time="0"/>
  <testcase classname="RegressionTest1" name="test019" time="0"/>
  <testcase classname="RegressionTest1" name="test020" time="0"/>
  <testcase classname="RegressionTest1" name="test021" time="0"/>
  <testcase classname="RegressionTest1" name="test022" time="0"/>
  <testcase classname="RegressionTest1" name="test023" time="0"/>
  <testcase classname="RegressionTest1" name="test024" time="0"/>
  <testcase classname="RegressionTest1" name="test025" time="0"/>
  <testcase classname="RegressionTest1" name="test026" time="0"/>
  <testcase classname="RegressionTest1" name="test027" time="0"/>
  <testcase classname="RegressionTest1" name="test028" time="0"/>
  <testcase classname="RegressionTest1" name="test029" time="0"/>
  <testcase classname="RegressionTest1" name="test030" time="0.001"/>
  <testcase classname="RegressionTest1" name="test031" time="0"/>
  <testcase classname="RegressionTest1" name="test032" time="0"/>
  <testcase classname="RegressionTest1" name="test033" time="0"/>
  <testcase classname="RegressionTest1" name="test034" time="0"/>
  <testcase classname="RegressionTest1" name="test035" time="0"/>
  <testcase classname="RegressionTest1" name="test036" time="0"/>
  <testcase classname="RegressionTest1" name="test037" time="0"/>
  <testcase classname="RegressionTest1" name="test038" time="0"/>
  <testcase classname="RegressionTest1" name="test039" time="0"/>
  <testcase classname="RegressionTest1" name="test040" time="0"/>
  <testcase classname="RegressionTest1" name="test041" time="0"/>
  <testcase classname="RegressionTest1" name="test042" time="0"/>
  <testcase classname="RegressionTest1" name="test043" time="0"/>
  <testcase classname="RegressionTest1" name="test044" time="0.001"/>
  <testcase classname="RegressionTest1" name="test045" time="0"/>
  <testcase classname="RegressionTest1" name="test046" time="0"/>
  <testcase classname="RegressionTest1" name="test047" time="0"/>
  <testcase classname="RegressionTest1" name="test048" time="0"/>
  <testcase classname="RegressionTest1" name="test049" time="0"/>
  <testcase classname="RegressionTest1" name="test050" time="0"/>
  <testcase classname="RegressionTest1" name="test051" time="0"/>
  <testcase classname="RegressionTest1" name="test052" time="0"/>
  <testcase classname="RegressionTest1" name="test053" time="0"/>
  <testcase classname="RegressionTest1" name="test054" time="0"/>
  <testcase classname="RegressionTest1" name="test055" time="0"/>
  <testcase classname="RegressionTest1" name="test056" time="0"/>
  <testcase classname="RegressionTest1" name="test057" time="0"/>
  <testcase classname="RegressionTest1" name="test058" time="0"/>
  <testcase classname="RegressionTest1" name="test059" time="0"/>
  <testcase classname="RegressionTest1" name="test060" time="0"/>
  <testcase classname="RegressionTest1" name="test061" time="0"/>
  <testcase classname="RegressionTest1" name="test062" time="0"/>
  <testcase classname="RegressionTest1" name="test063" time="0"/>
  <testcase classname="RegressionTest1" name="test064" time="0"/>
  <testcase classname="RegressionTest1" name="test065" time="0"/>
  <testcase classname="RegressionTest1" name="test066" time="0"/>
  <testcase classname="RegressionTest1" name="test067" time="0"/>
  <testcase classname="RegressionTest1" name="test068" time="0"/>
  <testcase classname="RegressionTest1" name="test069" time="0"/>
  <testcase classname="RegressionTest1" name="test070" time="0"/>
  <testcase classname="RegressionTest1" name="test071" time="0"/>
  <testcase classname="RegressionTest1" name="test072" time="0"/>
  <testcase classname="RegressionTest1" name="test073" time="0"/>
  <testcase classname="RegressionTest1" name="test074" time="0"/>
  <testcase classname="RegressionTest1" name="test075" time="0"/>
  <testcase classname="RegressionTest1" name="test076" time="0"/>
  <testcase classname="RegressionTest1" name="test077" time="0"/>
  <testcase classname="RegressionTest1" name="test078" time="0"/>
  <testcase classname="RegressionTest1" name="test079" time="0"/>
  <testcase classname="RegressionTest1" name="test080" time="0"/>
  <testcase classname="RegressionTest1" name="test081" time="0"/>
  <testcase classname="RegressionTest1" name="test082" time="0"/>
  <testcase classname="RegressionTest1" name="test083" time="0"/>
  <testcase classname="RegressionTest1" name="test084" time="0"/>
  <testcase classname="RegressionTest1" name="test085" time="0"/>
  <testcase classname="RegressionTest1" name="test086" time="0"/>
  <testcase classname="RegressionTest1" name="test087" time="0"/>
  <testcase classname="RegressionTest1" name="test088" time="0"/>
  <testcase classname="RegressionTest1" name="test089" time="0"/>
  <testcase classname="RegressionTest1" name="test090" time="0"/>
  <testcase classname="RegressionTest1" name="test091" time="0"/>
  <testcase classname="RegressionTest1" name="test092" time="0"/>
  <testcase classname="RegressionTest1" name="test093" time="0"/>
  <testcase classname="RegressionTest1" name="test094" time="0"/>
  <testcase classname="RegressionTest1" name="test095" time="0.001"/>
  <testcase classname="RegressionTest1" name="test096" time="0"/>
  <testcase classname="RegressionTest1" name="test097" time="0"/>
  <testcase classname="RegressionTest1" name="test098" time="0"/>
  <testcase classname="RegressionTest1" name="test099" time="0"/>
  <testcase classname="RegressionTest1" name="test100" time="0"/>
  <testcase classname="RegressionTest1" name="test101" time="0"/>
  <testcase classname="RegressionTest1" name="test102" time="0"/>
  <testcase classname="RegressionTest1" name="test103" time="0"/>
  <testcase classname="RegressionTest1" name="test104" time="0"/>
  <testcase classname="RegressionTest1" name="test105" time="0"/>
  <testcase classname="RegressionTest1" name="test106" time="0"/>
  <testcase classname="RegressionTest1" name="test107" time="0"/>
  <testcase classname="RegressionTest1" name="test108" time="0"/>
  <testcase classname="RegressionTest1" name="test109" time="0"/>
  <testcase classname="RegressionTest1" name="test110" time="0.001"/>
  <testcase classname="RegressionTest1" name="test111" time="0"/>
  <testcase classname="RegressionTest1" name="test112" time="0"/>
  <testcase classname="RegressionTest1" name="test113" time="0"/>
  <testcase classname="RegressionTest1" name="test114" time="0"/>
  <testcase classname="RegressionTest1" name="test115" time="0"/>
  <testcase classname="RegressionTest1" name="test116" time="0"/>
  <testcase classname="RegressionTest1" name="test117" time="0"/>
  <testcase classname="RegressionTest1" name="test118" time="0"/>
  <testcase classname="RegressionTest1" name="test119" time="0"/>
  <testcase classname="RegressionTest1" name="test120" time="0"/>
  <testcase classname="RegressionTest1" name="test121" time="0"/>
  <testcase classname="RegressionTest1" name="test122" time="0"/>
  <testcase classname="RegressionTest1" name="test123" time="0.001"/>
  <testcase classname="RegressionTest1" name="test124" time="0"/>
  <testcase classname="RegressionTest1" name="test125" time="0"/>
  <testcase classname="RegressionTest1" name="test126" time="0"/>
  <testcase classname="RegressionTest1" name="test127" time="0"/>
  <testcase classname="RegressionTest1" name="test128" time="0"/>
  <testcase classname="RegressionTest1" name="test129" time="0"/>
  <testcase classname="RegressionTest1" name="test130" time="0"/>
  <testcase classname="RegressionTest1" name="test131" time="0"/>
  <testcase classname="RegressionTest1" name="test132" time="0"/>
  <testcase classname="RegressionTest1" name="test133" time="0"/>
  <testcase classname="RegressionTest1" name="test134" time="0"/>
  <testcase classname="RegressionTest1" name="test135" time="0"/>
  <testcase classname="RegressionTest1" name="test136" time="0"/>
  <testcase classname="RegressionTest1" name="test137" time="0"/>
  <testcase classname="RegressionTest1" name="test138" time="0"/>
  <testcase classname="RegressionTest1" name="test139" time="0"/>
  <testcase classname="RegressionTest1" name="test140" time="0"/>
  <testcase classname="RegressionTest1" name="test141" time="0.001"/>
  <testcase classname="RegressionTest1" name="test142" time="0"/>
  <testcase classname="RegressionTest1" name="test143" time="0"/>
  <testcase classname="RegressionTest1" name="test144" time="0"/>
  <testcase classname="RegressionTest1" name="test145" time="0"/>
  <testcase classname="RegressionTest1" name="test146" time="0"/>
  <testcase classname="RegressionTest1" name="test147" time="0"/>
  <testcase classname="RegressionTest1" name="test148" time="0"/>
  <testcase classname="RegressionTest1" name="test149" time="0"/>
  <testcase classname="RegressionTest1" name="test150" time="0"/>
  <testcase classname="RegressionTest1" name="test151" time="0"/>
  <testcase classname="RegressionTest1" name="test152" time="0"/>
  <testcase classname="RegressionTest1" name="test153" time="0"/>
  <testcase classname="RegressionTest1" name="test154" time="0"/>
  <testcase classname="RegressionTest1" name="test155" time="0"/>
  <testcase classname="RegressionTest1" name="test156" time="0"/>
  <testcase classname="RegressionTest1" name="test157" time="0"/>
  <testcase classname="RegressionTest1" name="test158" time="0"/>
  <testcase classname="RegressionTest1" name="test159" time="0"/>
  <testcase classname="RegressionTest1" name="test160" time="0"/>
  <testcase classname="RegressionTest1" name="test161" time="0"/>
  <testcase classname="RegressionTest1" name="test162" time="0"/>
  <testcase classname="RegressionTest1" name="test163" time="0"/>
  <testcase classname="RegressionTest1" name="test164" time="0"/>
  <testcase classname="RegressionTest1" name="test165" time="0"/>
  <testcase classname="RegressionTest1" name="test166" time="0"/>
  <testcase classname="RegressionTest1" name="test167" time="0"/>
  <testcase classname="RegressionTest1" name="test168" time="0"/>
  <testcase classname="RegressionTest1" name="test169" time="0"/>
  <testcase classname="RegressionTest1" name="test170" time="0"/>
  <testcase classname="RegressionTest1" name="test171" time="0"/>
  <testcase classname="RegressionTest1" name="test172" time="0"/>
  <testcase classname="RegressionTest1" name="test173" time="0"/>
  <testcase classname="RegressionTest1" name="test174" time="0"/>
  <testcase classname="RegressionTest1" name="test175" time="0.001"/>
  <testcase classname="RegressionTest1" name="test176" time="0"/>
  <testcase classname="RegressionTest1" name="test177" time="0"/>
  <testcase classname="RegressionTest1" name="test178" time="0"/>
  <testcase classname="RegressionTest1" name="test179" time="0"/>
  <testcase classname="RegressionTest1" name="test180" time="0"/>
  <testcase classname="RegressionTest1" name="test181" time="0"/>
  <testcase classname="RegressionTest1" name="test182" time="0"/>
  <testcase classname="RegressionTest1" name="test183" time="0"/>
  <testcase classname="RegressionTest1" name="test184" time="0"/>
  <testcase classname="RegressionTest1" name="test185" time="0"/>
  <testcase classname="RegressionTest1" name="test186" time="0"/>
  <testcase classname="RegressionTest1" name="test187" time="0"/>
  <testcase classname="RegressionTest1" name="test188" time="0.001"/>
  <testcase classname="RegressionTest1" name="test189" time="0"/>
  <testcase classname="RegressionTest1" name="test190" time="0"/>
  <testcase classname="RegressionTest1" name="test191" time="0"/>
  <testcase classname="RegressionTest1" name="test192" time="0"/>
  <testcase classname="RegressionTest1" name="test193" time="0"/>
  <testcase classname="RegressionTest1" name="test194" time="0"/>
  <testcase classname="RegressionTest1" name="test195" time="0"/>
  <testcase classname="RegressionTest1" name="test196" time="0"/>
  <testcase classname="RegressionTest1" name="test197" time="0"/>
  <testcase classname="RegressionTest1" name="test198" time="0"/>
  <testcase classname="RegressionTest1" name="test199" time="0"/>
  <testcase classname="RegressionTest1" name="test200" time="0"/>
  <testcase classname="RegressionTest1" name="test201" time="0"/>
  <testcase classname="RegressionTest1" name="test202" time="0"/>
  <testcase classname="RegressionTest1" name="test203" time="0.001"/>
  <testcase classname="RegressionTest1" name="test204" time="0"/>
  <testcase classname="RegressionTest1" name="test205" time="0"/>
  <testcase classname="RegressionTest1" name="test206" time="0"/>
  <testcase classname="RegressionTest1" name="test207" time="0"/>
  <testcase classname="RegressionTest1" name="test208" time="0"/>
  <testcase classname="RegressionTest1" name="test209" time="0"/>
  <testcase classname="RegressionTest1" name="test210" time="0"/>
  <testcase classname="RegressionTest1" name="test211" time="0"/>
  <testcase classname="RegressionTest1" name="test212" time="0"/>
  <testcase classname="RegressionTest1" name="test213" time="0"/>
  <testcase classname="RegressionTest1" name="test214" time="0"/>
  <testcase classname="RegressionTest1" name="test215" time="0.001"/>
  <testcase classname="RegressionTest1" name="test216" time="0"/>
  <testcase classname="RegressionTest1" name="test217" time="0"/>
  <testcase classname="RegressionTest1" name="test218" time="0"/>
  <testcase classname="RegressionTest1" name="test219" time="0"/>
  <testcase classname="RegressionTest1" name="test220" time="0"/>
  <testcase classname="RegressionTest1" name="test221" time="0"/>
  <testcase classname="RegressionTest1" name="test222" time="0"/>
  <testcase classname="RegressionTest1" name="test223" time="0"/>
  <testcase classname="RegressionTest1" name="test224" time="0"/>
  <testcase classname="RegressionTest1" name="test225" time="0"/>
  <testcase classname="RegressionTest1" name="test226" time="0"/>
  <testcase classname="RegressionTest1" name="test227" time="0"/>
  <testcase classname="RegressionTest1" name="test228" time="0"/>
  <testcase classname="RegressionTest1" name="test229" time="0"/>
  <testcase classname="RegressionTest1" name="test230" time="0.001"/>
  <testcase classname="RegressionTest1" name="test231" time="0"/>
  <testcase classname="RegressionTest1" name="test232" time="0"/>
  <testcase classname="RegressionTest1" name="test233" time="0"/>
  <testcase classname="RegressionTest1" name="test234" time="0"/>
  <testcase classname="RegressionTest1" name="test235" time="0"/>
  <testcase classname="RegressionTest1" name="test236" time="0"/>
  <testcase classname="RegressionTest1" name="test237" time="0"/>
  <testcase classname="RegressionTest1" name="test238" time="0"/>
  <testcase classname="RegressionTest1" name="test239" time="0"/>
  <testcase classname="RegressionTest1" name="test240" time="0"/>
  <testcase classname="RegressionTest1" name="test241" time="0"/>
  <testcase classname="RegressionTest1" name="test242" time="0"/>
  <testcase classname="RegressionTest1" name="test243" time="0"/>
  <testcase classname="RegressionTest1" name="test244" time="0"/>
  <testcase classname="RegressionTest1" name="test245" time="0"/>
  <testcase classname="RegressionTest1" name="test246" time="0"/>
  <testcase classname="RegressionTest1" name="test247" time="0"/>
  <testcase classname="RegressionTest1" name="test248" time="0"/>
  <testcase classname="RegressionTest1" name="test249" time="0"/>
  <testcase classname="RegressionTest1" name="test250" time="0"/>
  <testcase classname="RegressionTest1" name="test251" time="0"/>
  <testcase classname="RegressionTest1" name="test252" time="0"/>
  <testcase classname="RegressionTest1" name="test253" time="0"/>
  <testcase classname="RegressionTest1" name="test254" time="0"/>
  <testcase classname="RegressionTest1" name="test255" time="0"/>
  <testcase classname="RegressionTest1" name="test256" time="0"/>
  <testcase classname="RegressionTest1" name="test257" time="0.001"/>
  <testcase classname="RegressionTest1" name="test258" time="0"/>
  <testcase classname="RegressionTest1" name="test259" time="0"/>
  <testcase classname="RegressionTest1" name="test260" time="0"/>
  <testcase classname="RegressionTest1" name="test261" time="0"/>
  <testcase classname="RegressionTest1" name="test262" time="0"/>
  <testcase classname="RegressionTest1" name="test263" time="0"/>
  <testcase classname="RegressionTest1" name="test264" time="0"/>
  <testcase classname="RegressionTest1" name="test265" time="0"/>
  <testcase classname="RegressionTest1" name="test266" time="0"/>
  <testcase classname="RegressionTest1" name="test267" time="0"/>
  <testcase classname="RegressionTest1" name="test268" time="0"/>
  <testcase classname="RegressionTest1" name="test269" time="0"/>
  <testcase classname="RegressionTest1" name="test270" time="0"/>
  <testcase classname="RegressionTest1" name="test271" time="0"/>
  <testcase classname="RegressionTest1" name="test272" time="0"/>
  <testcase classname="RegressionTest1" name="test273" time="0"/>
  <testcase classname="RegressionTest1" name="test274" time="0"/>
  <testcase classname="RegressionTest1" name="test275" time="0.001"/>
  <testcase classname="RegressionTest1" name="test276" time="0"/>
  <testcase classname="RegressionTest1" name="test277" time="0"/>
  <testcase classname="RegressionTest1" name="test278" time="0"/>
  <testcase classname="RegressionTest1" name="test279" time="0"/>
  <testcase classname="RegressionTest1" name="test280" time="0"/>
  <testcase classname="RegressionTest1" name="test281" time="0"/>
  <testcase classname="RegressionTest1" name="test282" time="0"/>
  <testcase classname="RegressionTest1" name="test283" time="0"/>
  <testcase classname="RegressionTest1" name="test284" time="0"/>
  <testcase classname="RegressionTest1" name="test285" time="0"/>
  <testcase classname="RegressionTest1" name="test286" time="0"/>
  <testcase classname="RegressionTest1" name="test287" time="0"/>
  <testcase classname="RegressionTest1" name="test288" time="0"/>
  <testcase classname="RegressionTest1" name="test289" time="0"/>
  <testcase classname="RegressionTest1" name="test290" time="0"/>
  <testcase classname="RegressionTest1" name="test291" time="0"/>
  <testcase classname="RegressionTest1" name="test292" time="0"/>
  <testcase classname="RegressionTest1" name="test293" time="0"/>
  <testcase classname="RegressionTest1" name="test294" time="0"/>
  <testcase classname="RegressionTest1" name="test295" time="0"/>
  <testcase classname="RegressionTest1" name="test296" time="0"/>
  <testcase classname="RegressionTest1" name="test297" time="0"/>
  <testcase classname="RegressionTest1" name="test298" time="0"/>
  <testcase classname="RegressionTest1" name="test299" time="0"/>
  <testcase classname="RegressionTest1" name="test300" time="0"/>
  <testcase classname="RegressionTest1" name="test301" time="0"/>
  <testcase classname="RegressionTest1" name="test302" time="0"/>
  <testcase classname="RegressionTest1" name="test303" time="0.001"/>
  <testcase classname="RegressionTest1" name="test304" time="0"/>
  <testcase classname="RegressionTest1" name="test305" time="0"/>
  <testcase classname="RegressionTest1" name="test306" time="0"/>
  <testcase classname="RegressionTest1" name="test307" time="0"/>
  <testcase classname="RegressionTest1" name="test308" time="0"/>
  <testcase classname="RegressionTest1" name="test309" time="0"/>
  <testcase classname="RegressionTest1" name="test310" time="0"/>
  <testcase classname="RegressionTest1" name="test311" time="0"/>
  <testcase classname="RegressionTest1" name="test312" time="0"/>
  <testcase classname="RegressionTest1" name="test313" time="0"/>
  <testcase classname="RegressionTest1" name="test314" time="0"/>
  <testcase classname="RegressionTest1" name="test315" time="0"/>
  <testcase classname="RegressionTest1" name="test316" time="0"/>
  <testcase classname="RegressionTest1" name="test317" time="0"/>
  <testcase classname="RegressionTest1" name="test318" time="0"/>
  <testcase classname="RegressionTest1" name="test319" time="0.001"/>
  <testcase classname="RegressionTest1" name="test320" time="0"/>
  <testcase classname="RegressionTest1" name="test321" time="0"/>
  <testcase classname="RegressionTest1" name="test322" time="0"/>
  <testcase classname="RegressionTest1" name="test323" time="0"/>
  <testcase classname="RegressionTest1" name="test324" time="0"/>
  <testcase classname="RegressionTest1" name="test325" time="0"/>
  <testcase classname="RegressionTest1" name="test326" time="0"/>
  <testcase classname="RegressionTest1" name="test327" time="0"/>
  <testcase classname="RegressionTest1" name="test328" time="0"/>
  <testcase classname="RegressionTest1" name="test329" time="0"/>
  <testcase classname="RegressionTest1" name="test330" time="0"/>
  <testcase classname="RegressionTest1" name="test331" time="0"/>
  <testcase classname="RegressionTest1" name="test332" time="0"/>
  <testcase classname="RegressionTest1" name="test333" time="0"/>
  <testcase classname="RegressionTest1" name="test334" time="0"/>
  <testcase classname="RegressionTest1" name="test335" time="0.001"/>
  <testcase classname="RegressionTest1" name="test336" time="0"/>
  <testcase classname="RegressionTest1" name="test337" time="0"/>
  <testcase classname="RegressionTest1" name="test338" time="0"/>
  <testcase classname="RegressionTest1" name="test339" time="0"/>
  <testcase classname="RegressionTest1" name="test340" time="0"/>
  <testcase classname="RegressionTest1" name="test341" time="0"/>
  <testcase classname="RegressionTest1" name="test342" time="0"/>
  <testcase classname="RegressionTest1" name="test343" time="0"/>
  <testcase classname="RegressionTest1" name="test344" time="0"/>
  <testcase classname="RegressionTest1" name="test345" time="0"/>
  <testcase classname="RegressionTest1" name="test346" time="0"/>
  <testcase classname="RegressionTest1" name="test347" time="0"/>
  <testcase classname="RegressionTest1" name="test348" time="0"/>
  <testcase classname="RegressionTest1" name="test349" time="0"/>
  <testcase classname="RegressionTest1" name="test350" time="0"/>
  <testcase classname="RegressionTest1" name="test351" time="0"/>
  <testcase classname="RegressionTest1" name="test352" time="0.001"/>
  <testcase classname="RegressionTest1" name="test353" time="0"/>
  <testcase classname="RegressionTest1" name="test354" time="0"/>
  <testcase classname="RegressionTest1" name="test355" time="0"/>
  <testcase classname="RegressionTest1" name="test356" time="0"/>
  <testcase classname="RegressionTest1" name="test357" time="0"/>
  <testcase classname="RegressionTest1" name="test358" time="0"/>
  <testcase classname="RegressionTest1" name="test359" time="0"/>
  <testcase classname="RegressionTest1" name="test360" time="0"/>
  <testcase classname="RegressionTest1" name="test361" time="0"/>
  <testcase classname="RegressionTest1" name="test362" time="0"/>
  <testcase classname="RegressionTest1" name="test363" time="0"/>
  <testcase classname="RegressionTest1" name="test364" time="0"/>
  <testcase classname="RegressionTest1" name="test365" time="0"/>
  <testcase classname="RegressionTest1" name="test366" time="0"/>
  <testcase classname="RegressionTest1" name="test367" time="0"/>
  <testcase classname="RegressionTest1" name="test368" time="0"/>
  <testcase classname="RegressionTest1" name="test369" time="0.001"/>
  <testcase classname="RegressionTest1" name="test370" time="0"/>
  <testcase classname="RegressionTest1" name="test371" time="0"/>
  <testcase classname="RegressionTest1" name="test372" time="0"/>
  <testcase classname="RegressionTest1" name="test373" time="0"/>
  <testcase classname="RegressionTest1" name="test374" time="0"/>
  <testcase classname="RegressionTest1" name="test375" time="0"/>
  <testcase classname="RegressionTest1" name="test376" time="0"/>
  <testcase classname="RegressionTest1" name="test377" time="0"/>
  <testcase classname="RegressionTest1" name="test378" time="0"/>
  <testcase classname="RegressionTest1" name="test379" time="0"/>
  <testcase classname="RegressionTest1" name="test380" time="0"/>
  <testcase classname="RegressionTest1" name="test381" time="0.001"/>
  <testcase classname="RegressionTest1" name="test382" time="0"/>
  <testcase classname="RegressionTest1" name="test383" time="0"/>
  <testcase classname="RegressionTest1" name="test384" time="0"/>
  <testcase classname="RegressionTest1" name="test385" time="0"/>
  <testcase classname="RegressionTest1" name="test386" time="0"/>
  <testcase classname="RegressionTest1" name="test387" time="0"/>
  <testcase classname="RegressionTest1" name="test388" time="0"/>
  <testcase classname="RegressionTest1" name="test389" time="0"/>
  <testcase classname="RegressionTest1" name="test390" time="0"/>
  <testcase classname="RegressionTest1" name="test391" time="0"/>
  <testcase classname="RegressionTest1" name="test392" time="0"/>
  <testcase classname="RegressionTest1" name="test393" time="0"/>
  <testcase classname="RegressionTest1" name="test394" time="0"/>
  <testcase classname="RegressionTest1" name="test395" time="0"/>
  <testcase classname="RegressionTest1" name="test396" time="0"/>
  <testcase classname="RegressionTest1" name="test397" time="0"/>
  <testcase classname="RegressionTest1" name="test398" time="0"/>
  <testcase classname="RegressionTest1" name="test399" time="0"/>
  <testcase classname="RegressionTest1" name="test400" time="0"/>
  <testcase classname="RegressionTest1" name="test401" time="0"/>
  <testcase classname="RegressionTest1" name="test402" time="0"/>
  <testcase classname="RegressionTest1" name="test403" time="0"/>
  <testcase classname="RegressionTest1" name="test404" time="0"/>
  <testcase classname="RegressionTest1" name="test405" time="0"/>
  <testcase classname="RegressionTest1" name="test406" time="0"/>
  <testcase classname="RegressionTest1" name="test407" time="0"/>
  <testcase classname="RegressionTest1" name="test408" time="0"/>
  <testcase classname="RegressionTest1" name="test409" time="0"/>
  <testcase classname="RegressionTest1" name="test410" time="0"/>
  <testcase classname="RegressionTest1" name="test411" time="0"/>
  <testcase classname="RegressionTest1" name="test412" time="0"/>
  <testcase classname="RegressionTest1" name="test413" time="0"/>
  <testcase classname="RegressionTest1" name="test414" time="0"/>
  <testcase classname="RegressionTest1" name="test415" time="0"/>
  <testcase classname="RegressionTest1" name="test416" time="0"/>
  <testcase classname="RegressionTest1" name="test417" time="0"/>
  <testcase classname="RegressionTest1" name="test418" time="0"/>
  <testcase classname="RegressionTest1" name="test419" time="0"/>
  <testcase classname="RegressionTest1" name="test420" time="0"/>
  <testcase classname="RegressionTest1" name="test421" time="0"/>
  <testcase classname="RegressionTest1" name="test422" time="0"/>
  <testcase classname="RegressionTest1" name="test423" time="0"/>
  <testcase classname="RegressionTest1" name="test424" time="0"/>
  <testcase classname="RegressionTest1" name="test425" time="0"/>
  <testcase classname="RegressionTest1" name="test426" time="0"/>
  <testcase classname="RegressionTest1" name="test427" time="0.001"/>
  <testcase classname="RegressionTest1" name="test428" time="0"/>
  <testcase classname="RegressionTest1" name="test429" time="0"/>
  <testcase classname="RegressionTest1" name="test430" time="0"/>
  <testcase classname="RegressionTest1" name="test431" time="0"/>
  <testcase classname="RegressionTest1" name="test432" time="0"/>
  <testcase classname="RegressionTest1" name="test433" time="0"/>
  <testcase classname="RegressionTest1" name="test434" time="0"/>
  <testcase classname="RegressionTest1" name="test435" time="0"/>
  <testcase classname="RegressionTest1" name="test436" time="0"/>
  <testcase classname="RegressionTest1" name="test437" time="0"/>
  <testcase classname="RegressionTest1" name="test438" time="0"/>
  <testcase classname="RegressionTest1" name="test439" time="0"/>
  <testcase classname="RegressionTest1" name="test440" time="0"/>
  <testcase classname="RegressionTest1" name="test441" time="0"/>
  <testcase classname="RegressionTest1" name="test442" time="0"/>
  <testcase classname="RegressionTest1" name="test443" time="0"/>
  <testcase classname="RegressionTest1" name="test444" time="0"/>
  <testcase classname="RegressionTest1" name="test445" time="0"/>
  <testcase classname="RegressionTest1" name="test446" time="0"/>
  <testcase classname="RegressionTest1" name="test447" time="0"/>
  <testcase classname="RegressionTest1" name="test448" time="0"/>
  <testcase classname="RegressionTest1" name="test449" time="0"/>
  <testcase classname="RegressionTest1" name="test450" time="0"/>
  <testcase classname="RegressionTest1" name="test451" time="0"/>
  <testcase classname="RegressionTest1" name="test452" time="0"/>
  <testcase classname="RegressionTest1" name="test453" time="0"/>
  <testcase classname="RegressionTest1" name="test454" time="0"/>
  <testcase classname="RegressionTest1" name="test455" time="0.001"/>
  <testcase classname="RegressionTest1" name="test456" time="0"/>
  <testcase classname="RegressionTest1" name="test457" time="0"/>
  <testcase classname="RegressionTest1" name="test458" time="0"/>
  <testcase classname="RegressionTest1" name="test459" time="0"/>
  <testcase classname="RegressionTest1" name="test460" time="0"/>
  <testcase classname="RegressionTest1" name="test461" time="0"/>
  <testcase classname="RegressionTest1" name="test462" time="0"/>
  <testcase classname="RegressionTest1" name="test463" time="0"/>
  <testcase classname="RegressionTest1" name="test464" time="0"/>
  <testcase classname="RegressionTest1" name="test465" time="0"/>
  <testcase classname="RegressionTest1" name="test466" time="0"/>
  <testcase classname="RegressionTest1" name="test467" time="0"/>
  <testcase classname="RegressionTest1" name="test468" time="0"/>
  <testcase classname="RegressionTest1" name="test469" time="0"/>
  <testcase classname="RegressionTest1" name="test470" time="0"/>
  <testcase classname="RegressionTest1" name="test471" time="0.001"/>
  <testcase classname="RegressionTest1" name="test472" time="0"/>
  <testcase classname="RegressionTest1" name="test473" time="0"/>
  <testcase classname="RegressionTest1" name="test474" time="0"/>
  <testcase classname="RegressionTest1" name="test475" time="0"/>
  <testcase classname="RegressionTest1" name="test476" time="0"/>
  <testcase classname="RegressionTest1" name="test477" time="0"/>
  <testcase classname="RegressionTest1" name="test478" time="0"/>
  <testcase classname="RegressionTest1" name="test479" time="0"/>
  <testcase classname="RegressionTest1" name="test480" time="0"/>
  <testcase classname="RegressionTest1" name="test481" time="0"/>
  <testcase classname="RegressionTest1" name="test482" time="0"/>
  <testcase classname="RegressionTest1" name="test483" time="0"/>
  <testcase classname="RegressionTest1" name="test484" time="0"/>
  <testcase classname="RegressionTest1" name="test485" time="0"/>
  <testcase classname="RegressionTest1" name="test486" time="0"/>
  <testcase classname="RegressionTest1" name="test487" time="0.001"/>
  <testcase classname="RegressionTest1" name="test488" time="0"/>
  <testcase classname="RegressionTest1" name="test489" time="0"/>
  <testcase classname="RegressionTest1" name="test490" time="0"/>
  <testcase classname="RegressionTest1" name="test491" time="0"/>
  <testcase classname="RegressionTest1" name="test492" time="0"/>
  <testcase classname="RegressionTest1" name="test493" time="0"/>
  <testcase classname="RegressionTest1" name="test494" time="0"/>
  <testcase classname="RegressionTest1" name="test495" time="0"/>
  <testcase classname="RegressionTest1" name="test496" time="0"/>
  <testcase classname="RegressionTest1" name="test497" time="0"/>
  <testcase classname="RegressionTest1" name="test498" time="0"/>
  <testcase classname="RegressionTest1" name="test499" time="0"/>
  <testcase classname="RegressionTest1" name="test500" time="0"/>
  <testcase classname="RegressionTest2" name="test001" time="0"/>
  <testcase classname="RegressionTest2" name="test002" time="0"/>
  <testcase classname="RegressionTest2" name="test003" time="0"/>
  <testcase classname="RegressionTest2" name="test004" time="0"/>
  <testcase classname="RegressionTest2" name="test005" time="0"/>
  <testcase classname="RegressionTest2" name="test006" time="0"/>
  <testcase classname="RegressionTest2" name="test007" time="0"/>
  <testcase classname="RegressionTest2" name="test008" time="0"/>
  <testcase classname="RegressionTest2" name="test009" time="0"/>
  <testcase classname="RegressionTest2" name="test010" time="0"/>
  <testcase classname="RegressionTest2" name="test011" time="0"/>
  <testcase classname="RegressionTest2" name="test012" time="0"/>
  <testcase classname="RegressionTest2" name="test013" time="0.001"/>
  <testcase classname="RegressionTest2" name="test014" time="0"/>
  <testcase classname="RegressionTest2" name="test015" time="0"/>
  <testcase classname="RegressionTest2" name="test016" time="0"/>
  <testcase classname="RegressionTest2" name="test017" time="0"/>
  <testcase classname="RegressionTest2" name="test018" time="0"/>
  <testcase classname="RegressionTest2" name="test019" time="0"/>
  <testcase classname="RegressionTest2" name="test020" time="0"/>
  <testcase classname="RegressionTest2" name="test021" time="0"/>
  <testcase classname="RegressionTest2" name="test022" time="0"/>
  <testcase classname="RegressionTest2" name="test023" time="0"/>
  <testcase classname="RegressionTest2" name="test024" time="0"/>
  <testcase classname="RegressionTest2" name="test025" time="0"/>
  <testcase classname="RegressionTest2" name="test026" time="0.001"/>
  <testcase classname="RegressionTest2" name="test027" time="0"/>
  <testcase classname="RegressionTest2" name="test028" time="0"/>
  <testcase classname="RegressionTest2" name="test029" time="0"/>
  <testcase classname="RegressionTest2" name="test030" time="0"/>
  <testcase classname="RegressionTest2" name="test031" time="0"/>
  <testcase classname="RegressionTest2" name="test032" time="0"/>
  <testcase classname="RegressionTest2" name="test033" time="0"/>
  <testcase classname="RegressionTest2" name="test034" time="0"/>
  <testcase classname="RegressionTest2" name="test035" time="0"/>
  <testcase classname="RegressionTest2" name="test036" time="0"/>
  <testcase classname="RegressionTest2" name="test037" time="0"/>
  <testcase classname="RegressionTest2" name="test038" time="0"/>
  <testcase classname="RegressionTest2" name="test039" time="0.001"/>
  <testcase classname="RegressionTest2" name="test040" time="0"/>
  <testcase classname="RegressionTest2" name="test041" time="0"/>
  <testcase classname="RegressionTest2" name="test042" time="0"/>
  <testcase classname="RegressionTest2" name="test043" time="0"/>
  <testcase classname="RegressionTest2" name="test044" time="0"/>
  <testcase classname="RegressionTest2" name="test045" time="0"/>
  <testcase classname="RegressionTest2" name="test046" time="0"/>
  <testcase classname="RegressionTest2" name="test047" time="0"/>
  <testcase classname="RegressionTest2" name="test048" time="0"/>
  <testcase classname="RegressionTest2" name="test049" time="0"/>
  <testcase classname="RegressionTest2" name="test050" time="0"/>
  <testcase classname="RegressionTest2" name="test051" time="0"/>
  <testcase classname="RegressionTest2" name="test052" time="0"/>
  <testcase classname="RegressionTest2" name="test053" time="0"/>
  <testcase classname="RegressionTest2" name="test054" time="0.001"/>
  <testcase classname="RegressionTest2" name="test055" time="0"/>
  <testcase classname="RegressionTest2" name="test056" time="0"/>
  <testcase classname="RegressionTest2" name="test057" time="0"/>
  <testcase classname="RegressionTest2" name="test058" time="0"/>
  <testcase classname="RegressionTest2" name="test059" time="0"/>
  <testcase classname="RegressionTest2" name="test060" time="0"/>
  <testcase classname="RegressionTest2" name="test061" time="0"/>
  <testcase classname="RegressionTest2" name="test062" time="0"/>
  <testcase classname="RegressionTest2" name="test063" time="0"/>
  <testcase classname="RegressionTest2" name="test064" time="0"/>
  <testcase classname="RegressionTest2" name="test065" time="0"/>
  <testcase classname="RegressionTest2" name="test066" time="0"/>
  <testcase classname="RegressionTest2" name="test067" time="0"/>
  <testcase classname="RegressionTest2" name="test068" time="0"/>
  <testcase classname="RegressionTest2" name="test069" time="0"/>
  <testcase classname="RegressionTest2" name="test070" time="0"/>
  <testcase classname="RegressionTest2" name="test071" time="0"/>
  <testcase classname="RegressionTest2" name="test072" time="0.001"/>
  <testcase classname="RegressionTest2" name="test073" time="0"/>
  <testcase classname="RegressionTest2" name="test074" time="0"/>
  <testcase classname="RegressionTest2" name="test075" time="0"/>
  <testcase classname="RegressionTest2" name="test076" time="0"/>
  <testcase classname="RegressionTest2" name="test077" time="0"/>
  <testcase classname="RegressionTest2" name="test078" time="0"/>
  <testcase classname="RegressionTest2" name="test079" time="0"/>
  <testcase classname="RegressionTest2" name="test080" time="0"/>
  <testcase classname="RegressionTest2" name="test081" time="0"/>
  <testcase classname="RegressionTest2" name="test082" time="0"/>
  <testcase classname="RegressionTest2" name="test083" time="0"/>
  <testcase classname="RegressionTest2" name="test084" time="0"/>
  <testcase classname="RegressionTest2" name="test085" time="0"/>
  <testcase classname="RegressionTest2" name="test086" time="0"/>
  <testcase classname="RegressionTest2" name="test087" time="0.001"/>
  <testcase classname="RegressionTest2" name="test088" time="0"/>
  <testcase classname="RegressionTest2" name="test089" time="0"/>
  <testcase classname="RegressionTest2" name="test090" time="0"/>
  <testcase classname="RegressionTest2" name="test091" time="0"/>
  <testcase classname="RegressionTest2" name="test092" time="0"/>
  <testcase classname="RegressionTest2" name="test093" time="0"/>
  <testcase classname="RegressionTest2" name="test094" time="0"/>
  <testcase classname="RegressionTest2" name="test095" time="0"/>
  <testcase classname="RegressionTest2" name="test096" time="0"/>
  <testcase classname="RegressionTest2" name="test097" time="0"/>
  <testcase classname="RegressionTest2" name="test098" time="0"/>
  <testcase classname="RegressionTest2" name="test099" time="0"/>
  <testcase classname="RegressionTest2" name="test100" time="0"/>
  <testcase classname="RegressionTest2" name="test101" time="0"/>
  <testcase classname="RegressionTest2" name="test102" time="0"/>
  <testcase classname="RegressionTest2" name="test103" time="0"/>
  <testcase classname="RegressionTest2" name="test104" time="0"/>
  <testcase classname="RegressionTest2" name="test105" time="0"/>
  <testcase classname="RegressionTest2" name="test106" time="0"/>
  <testcase classname="RegressionTest2" name="test107" time="0"/>
  <testcase classname="RegressionTest2" name="test108" time="0"/>
  <testcase classname="RegressionTest2" name="test109" time="0"/>
  <testcase classname="RegressionTest2" name="test110" time="0"/>
  <testcase classname="RegressionTest2" name="test111" time="0"/>
  <testcase classname="RegressionTest2" name="test112" time="0"/>
  <testcase classname="RegressionTest2" name="test113" time="0"/>
  <testcase classname="RegressionTest2" name="test114" time="0"/>
  <testcase classname="RegressionTest2" name="test115" time="0"/>
  <testcase classname="RegressionTest2" name="test116" time="0"/>
  <testcase classname="RegressionTest2" name="test117" time="0"/>
  <testcase classname="RegressionTest2" name="test118" time="0"/>
  <testcase classname="RegressionTest2" name="test119" time="0"/>
  <testcase classname="RegressionTest2" name="test120" time="0"/>
  <testcase classname="RegressionTest2" name="test121" time="0"/>
  <testcase classname="RegressionTest2" name="test122" time="0"/>
  <testcase classname="RegressionTest2" name="test123" time="0"/>
  <testcase classname="RegressionTest2" name="test124" time="0"/>
  <testcase classname="RegressionTest2" name="test125" time="0"/>
  <testcase classname="RegressionTest2" name="test126" time="0.001"/>
  <testcase classname="RegressionTest2" name="test127" time="0"/>
  <testcase classname="RegressionTest2" name="test128" time="0"/>
  <testcase classname="RegressionTest2" name="test129" time="0"/>
  <testcase classname="RegressionTest2" name="test130" time="0"/>
  <testcase classname="RegressionTest2" name="test131" time="0"/>
  <testcase classname="RegressionTest2" name="test132" time="0"/>
  <testcase classname="RegressionTest2" name="test133" time="0"/>
  <testcase classname="RegressionTest2" name="test134" time="0"/>
  <testcase classname="RegressionTest2" name="test135" time="0"/>
  <testcase classname="RegressionTest2" name="test136" time="0"/>
  <testcase classname="RegressionTest2" name="test137" time="0"/>
  <testcase classname="RegressionTest2" name="test138" time="0"/>
  <testcase classname="RegressionTest2" name="test139" time="0"/>
  <testcase classname="RegressionTest2" name="test140" time="0"/>
  <testcase classname="RegressionTest2" name="test141" time="0"/>
  <testcase classname="RegressionTest2" name="test142" time="0.001"/>
  <testcase classname="RegressionTest2" name="test143" time="0"/>
  <testcase classname="RegressionTest2" name="test144" time="0"/>
  <testcase classname="RegressionTest2" name="test145" time="0"/>
  <testcase classname="RegressionTest2" name="test146" time="0"/>
  <testcase classname="RegressionTest2" name="test147" time="0"/>
  <testcase classname="RegressionTest2" name="test148" time="0"/>
  <testcase classname="RegressionTest2" name="test149" time="0"/>
  <testcase classname="RegressionTest2" name="test150" time="0"/>
  <testcase classname="RegressionTest2" name="test151" time="0"/>
  <testcase classname="RegressionTest2" name="test152" time="0"/>
  <testcase classname="RegressionTest2" name="test153" time="0"/>
  <testcase classname="RegressionTest2" name="test154" time="0"/>
  <testcase classname="RegressionTest2" name="test155" time="0"/>
  <testcase classname="RegressionTest2" name="test156" time="0"/>
  <testcase classname="RegressionTest2" name="test157" time="0.001"/>
  <testcase classname="RegressionTest2" name="test158" time="0"/>
  <testcase classname="RegressionTest2" name="test159" time="0"/>
  <testcase classname="RegressionTest2" name="test160" time="0"/>
  <testcase classname="RegressionTest2" name="test161" time="0"/>
  <testcase classname="RegressionTest2" name="test162" time="0"/>
  <testcase classname="RegressionTest2" name="test163" time="0"/>
  <testcase classname="RegressionTest2" name="test164" time="0"/>
  <testcase classname="RegressionTest2" name="test165" time="0"/>
  <testcase classname="RegressionTest2" name="test166" time="0"/>
  <testcase classname="RegressionTest2" name="test167" time="0"/>
  <testcase classname="RegressionTest2" name="test168" time="0"/>
  <testcase classname="RegressionTest2" name="test169" time="0"/>
  <testcase classname="RegressionTest2" name="test170" time="0"/>
  <testcase classname="RegressionTest2" name="test171" time="0"/>
  <testcase classname="RegressionTest2" name="test172" time="0"/>
  <testcase classname="RegressionTest2" name="test173" time="0"/>
  <testcase classname="RegressionTest2" name="test174" time="0.001"/>
  <testcase classname="RegressionTest2" name="test175" time="0"/>
  <testcase classname="RegressionTest2" name="test176" time="0"/>
  <testcase classname="RegressionTest2" name="test177" time="0"/>
  <testcase classname="RegressionTest2" name="test178" time="0"/>
  <testcase classname="RegressionTest2" name="test179" time="0"/>
  <testcase classname="RegressionTest2" name="test180" time="0"/>
  <testcase classname="RegressionTest2" name="test181" time="0"/>
  <testcase classname="RegressionTest2" name="test182" time="0"/>
  <testcase classname="RegressionTest2" name="test183" time="0"/>
  <testcase classname="RegressionTest2" name="test184" time="0"/>
  <testcase classname="RegressionTest2" name="test185" time="0"/>
  <testcase classname="RegressionTest2" name="test186" time="0"/>
  <testcase classname="RegressionTest2" name="test187" time="0"/>
  <testcase classname="RegressionTest2" name="test188" time="0"/>
  <testcase classname="RegressionTest2" name="test189" time="0.001"/>
  <testcase classname="RegressionTest2" name="test190" time="0"/>
  <testcase classname="RegressionTest2" name="test191" time="0"/>
  <testcase classname="RegressionTest2" name="test192" time="0"/>
  <testcase classname="RegressionTest2" name="test193" time="0"/>
  <testcase classname="RegressionTest2" name="test194" time="0"/>
  <testcase classname="RegressionTest2" name="test195" time="0"/>
  <testcase classname="RegressionTest2" name="test196" time="0"/>
  <testcase classname="RegressionTest2" name="test197" time="0"/>
  <testcase classname="RegressionTest2" name="test198" time="0"/>
  <testcase classname="RegressionTest2" name="test199" time="0"/>
  <testcase classname="RegressionTest2" name="test200" time="0"/>
  <testcase classname="RegressionTest2" name="test201" time="0"/>
  <testcase classname="RegressionTest2" name="test202" time="0"/>
  <testcase classname="RegressionTest2" name="test203" time="0.001"/>
  <testcase classname="RegressionTest2" name="test204" time="0"/>
  <testcase classname="RegressionTest2" name="test205" time="0"/>
  <testcase classname="RegressionTest2" name="test206" time="0"/>
  <testcase classname="RegressionTest2" name="test207" time="0"/>
  <testcase classname="RegressionTest2" name="test208" time="0"/>
  <testcase classname="RegressionTest2" name="test209" time="0"/>
  <testcase classname="RegressionTest2" name="test210" time="0"/>
  <testcase classname="RegressionTest2" name="test211" time="0"/>
  <testcase classname="RegressionTest2" name="test212" time="0"/>
  <testcase classname="RegressionTest2" name="test213" time="0"/>
  <testcase classname="RegressionTest2" name="test214" time="0"/>
  <testcase classname="RegressionTest2" name="test215" time="0"/>
  <testcase classname="RegressionTest2" name="test216" time="0"/>
  <testcase classname="RegressionTest2" name="test217" time="0"/>
  <testcase classname="RegressionTest2" name="test218" time="0"/>
  <testcase classname="RegressionTest2" name="test219" time="0"/>
  <testcase classname="RegressionTest2" name="test220" time="0"/>
  <testcase classname="RegressionTest2" name="test221" time="0"/>
  <testcase classname="RegressionTest2" name="test222" time="0"/>
  <testcase classname="RegressionTest2" name="test223" time="0"/>
  <testcase classname="RegressionTest2" name="test224" time="0"/>
  <testcase classname="RegressionTest2" name="test225" time="0"/>
  <testcase classname="RegressionTest2" name="test226" time="0"/>
  <testcase classname="RegressionTest2" name="test227" time="0"/>
  <testcase classname="RegressionTest2" name="test228" time="0"/>
  <testcase classname="RegressionTest2" name="test229" time="0"/>
  <testcase classname="RegressionTest2" name="test230" time="0"/>
  <testcase classname="RegressionTest2" name="test231" time="0"/>
  <testcase classname="RegressionTest2" name="test232" time="0"/>
  <testcase classname="RegressionTest2" name="test233" time="0"/>
  <testcase classname="RegressionTest2" name="test234" time="0"/>
  <testcase classname="RegressionTest2" name="test235" time="0"/>
  <testcase classname="RegressionTest2" name="test236" time="0"/>
  <testcase classname="RegressionTest2" name="test237" time="0"/>
  <testcase classname="RegressionTest2" name="test238" time="0"/>
  <testcase classname="RegressionTest2" name="test239" time="0"/>
  <testcase classname="RegressionTest2" name="test240" time="0"/>
  <testcase classname="RegressionTest2" name="test241" time="0"/>
  <testcase classname="RegressionTest2" name="test242" time="0"/>
  <testcase classname="RegressionTest2" name="test243" time="0"/>
  <testcase classname="RegressionTest2" name="test244" time="0"/>
  <testcase classname="RegressionTest2" name="test245" time="0"/>
  <testcase classname="RegressionTest2" name="test246" time="0"/>
  <testcase classname="RegressionTest2" name="test247" time="0"/>
  <testcase classname="RegressionTest2" name="test248" time="0"/>
  <testcase classname="RegressionTest2" name="test249" time="0"/>
  <testcase classname="RegressionTest2" name="test250" time="0"/>
  <testcase classname="RegressionTest2" name="test251" time="0"/>
  <testcase classname="RegressionTest2" name="test252" time="0"/>
  <testcase classname="RegressionTest2" name="test253" time="0"/>
  <testcase classname="RegressionTest2" name="test254" time="0"/>
  <testcase classname="RegressionTest2" name="test255" time="0"/>
  <testcase classname="RegressionTest2" name="test256" time="0"/>
  <testcase classname="RegressionTest2" name="test257" time="0"/>
  <testcase classname="RegressionTest2" name="test258" time="0"/>
  <testcase classname="RegressionTest2" name="test259" time="0"/>
  <testcase classname="RegressionTest2" name="test260" time="0"/>
  <testcase classname="RegressionTest2" name="test261" time="0"/>
  <testcase classname="RegressionTest2" name="test262" time="0"/>
  <testcase classname="RegressionTest2" name="test263" time="0"/>
  <testcase classname="RegressionTest2" name="test264" time="0"/>
  <testcase classname="RegressionTest2" name="test265" time="0"/>
  <testcase classname="RegressionTest2" name="test266" time="0"/>
  <testcase classname="RegressionTest2" name="test267" time="0.001"/>
  <testcase classname="RegressionTest2" name="test268" time="0"/>
  <testcase classname="RegressionTest2" name="test269" time="0"/>
  <testcase classname="RegressionTest2" name="test270" time="0"/>
  <testcase classname="RegressionTest2" name="test271" time="0"/>
  <testcase classname="RegressionTest2" name="test272" time="0"/>
  <testcase classname="RegressionTest2" name="test273" time="0"/>
  <testcase classname="RegressionTest2" name="test274" time="0"/>
  <testcase classname="RegressionTest2" name="test275" time="0"/>
  <testcase classname="RegressionTest2" name="test276" time="0"/>
  <testcase classname="RegressionTest2" name="test277" time="0"/>
  <testcase classname="RegressionTest2" name="test278" time="0.001"/>
  <testcase classname="RegressionTest2" name="test279" time="0"/>
  <testcase classname="RegressionTest2" name="test280" time="0"/>
  <testcase classname="RegressionTest2" name="test281" time="0"/>
  <testcase classname="RegressionTest2" name="test282" time="0"/>
  <testcase classname="RegressionTest2" name="test283" time="0"/>
  <testcase classname="RegressionTest2" name="test284" time="0"/>
  <testcase classname="RegressionTest2" name="test285" time="0"/>
  <testcase classname="RegressionTest2" name="test286" time="0"/>
  <testcase classname="RegressionTest2" name="test287" time="0"/>
  <testcase classname="RegressionTest2" name="test288" time="0"/>
  <testcase classname="RegressionTest2" name="test289" time="0"/>
  <testcase classname="RegressionTest2" name="test290" time="0"/>
  <testcase classname="RegressionTest2" name="test291" time="0"/>
  <testcase classname="RegressionTest2" name="test292" time="0"/>
  <testcase classname="RegressionTest2" name="test293" time="0"/>
  <testcase classname="RegressionTest2" name="test294" time="0.001"/>
  <testcase classname="RegressionTest2" name="test295" time="0"/>
  <testcase classname="RegressionTest2" name="test296" time="0"/>
  <testcase classname="RegressionTest2" name="test297" time="0"/>
  <testcase classname="RegressionTest2" name="test298" time="0"/>
  <testcase classname="RegressionTest2" name="test299" time="0"/>
  <testcase classname="RegressionTest2" name="test300" time="0"/>
  <testcase classname="RegressionTest2" name="test301" time="0"/>
  <testcase classname="RegressionTest2" name="test302" time="0"/>
  <testcase classname="RegressionTest2" name="test303" time="0"/>
  <testcase classname="RegressionTest2" name="test304" time="0"/>
  <testcase classname="RegressionTest2" name="test305" time="0"/>
  <testcase classname="RegressionTest2" name="test306" time="0"/>
  <testcase classname="RegressionTest2" name="test307" time="0"/>
  <testcase classname="RegressionTest2" name="test308" time="0"/>
  <testcase classname="RegressionTest2" name="test309" time="0"/>
  <testcase classname="RegressionTest2" name="test310" time="0"/>
  <testcase classname="RegressionTest2" name="test311" time="0"/>
  <testcase classname="RegressionTest2" name="test312" time="0.001"/>
  <testcase classname="RegressionTest2" name="test313" time="0"/>
  <testcase classname="RegressionTest2" name="test314" time="0"/>
  <testcase classname="RegressionTest2" name="test315" time="0"/>
  <testcase classname="RegressionTest2" name="test316" time="0"/>
  <testcase classname="RegressionTest2" name="test317" time="0"/>
  <testcase classname="RegressionTest2" name="test318" time="0"/>
  <testcase classname="RegressionTest2" name="test319" time="0"/>
  <testcase classname="RegressionTest2" name="test320" time="0"/>
  <testcase classname="RegressionTest2" name="test321" time="0"/>
  <testcase classname="RegressionTest2" name="test322" time="0"/>
  <testcase classname="RegressionTest2" name="test323" time="0"/>
  <testcase classname="RegressionTest2" name="test324" time="0"/>
  <testcase classname="RegressionTest2" name="test325" time="0"/>
  <testcase classname="RegressionTest2" name="test326" time="0"/>
  <testcase classname="RegressionTest2" name="test327" time="0"/>
  <testcase classname="RegressionTest2" name="test328" time="0"/>
  <testcase classname="RegressionTest2" name="test329" time="0"/>
  <testcase classname="RegressionTest2" name="test330" time="0"/>
  <testcase classname="RegressionTest2" name="test331" time="0"/>
  <testcase classname="RegressionTest2" name="test332" time="0"/>
  <testcase classname="RegressionTest2" name="test333" time="0"/>
  <testcase classname="RegressionTest2" name="test334" time="0"/>
  <testcase classname="RegressionTest2" name="test335" time="0"/>
  <testcase classname="RegressionTest2" name="test336" time="0"/>
  <testcase classname="RegressionTest2" name="test337" time="0"/>
  <testcase classname="RegressionTest2" name="test338" time="0"/>
  <testcase classname="RegressionTest2" name="test339" time="0.001"/>
  <testcase classname="RegressionTest2" name="test340" time="0"/>
  <testcase classname="RegressionTest2" name="test341" time="0"/>
  <testcase classname="RegressionTest2" name="test342" time="0"/>
  <testcase classname="RegressionTest2" name="test343" time="0"/>
  <testcase classname="RegressionTest2" name="test344" time="0"/>
  <testcase classname="RegressionTest2" name="test345" time="0"/>
  <testcase classname="RegressionTest2" name="test346" time="0"/>
  <testcase classname="RegressionTest2" name="test347" time="0"/>
  <testcase classname="RegressionTest2" name="test348" time="0"/>
  <testcase classname="RegressionTest2" name="test349" time="0"/>
  <testcase classname="RegressionTest2" name="test350" time="0"/>
  <testcase classname="RegressionTest2" name="test351" time="0"/>
  <testcase classname="RegressionTest2" name="test352" time="0"/>
  <testcase classname="RegressionTest2" name="test353" time="0"/>
  <testcase classname="RegressionTest2" name="test354" time="0"/>
  <testcase classname="RegressionTest2" name="test355" time="0"/>
  <testcase classname="RegressionTest2" name="test356" time="0.001"/>
  <testcase classname="RegressionTest2" name="test357" time="0"/>
  <testcase classname="RegressionTest2" name="test358" time="0"/>
  <testcase classname="RegressionTest2" name="test359" time="0"/>
  <testcase classname="RegressionTest2" name="test360" time="0"/>
  <testcase classname="RegressionTest2" name="test361" time="0"/>
  <testcase classname="RegressionTest2" name="test362" time="0"/>
  <testcase classname="RegressionTest2" name="test363" time="0"/>
  <testcase classname="RegressionTest2" name="test364" time="0"/>
  <testcase classname="RegressionTest2" name="test365" time="0"/>
  <testcase classname="RegressionTest2" name="test366" time="0"/>
  <testcase classname="RegressionTest2" name="test367" time="0"/>
  <testcase classname="RegressionTest2" name="test368" time="0"/>
  <testcase classname="RegressionTest2" name="test369" time="0"/>
  <testcase classname="RegressionTest2" name="test370" time="0"/>
  <testcase classname="RegressionTest2" name="test371" time="0.001"/>
  <testcase classname="RegressionTest2" name="test372" time="0"/>
  <testcase classname="RegressionTest2" name="test373" time="0"/>
  <testcase classname="RegressionTest2" name="test374" time="0"/>
  <testcase classname="RegressionTest2" name="test375" time="0"/>
  <testcase classname="RegressionTest2" name="test376" time="0"/>
  <testcase classname="RegressionTest2" name="test377" time="0"/>
  <testcase classname="RegressionTest2" name="test378" time="0"/>
  <testcase classname="RegressionTest2" name="test379" time="0"/>
  <testcase classname="RegressionTest2" name="test380" time="0"/>
  <testcase classname="RegressionTest2" name="test381" time="0"/>
  <testcase classname="RegressionTest2" name="test382" time="0"/>
  <testcase classname="RegressionTest2" name="test383" time="0.001"/>
  <testcase classname="RegressionTest2" name="test384" time="0"/>
  <testcase classname="RegressionTest2" name="test385" time="0"/>
  <testcase classname="RegressionTest2" name="test386" time="0"/>
  <testcase classname="RegressionTest2" name="test387" time="0"/>
  <testcase classname="RegressionTest2" name="test388" time="0"/>
  <testcase classname="RegressionTest2" name="test389" time="0"/>
  <testcase classname="RegressionTest2" name="test390" time="0"/>
  <testcase classname="RegressionTest2" name="test391" time="0"/>
  <testcase classname="RegressionTest2" name="test392" time="0"/>
  <testcase classname="RegressionTest2" name="test393" time="0"/>
  <testcase classname="RegressionTest2" name="test394" time="0"/>
  <testcase classname="RegressionTest2" name="test395" time="0"/>
  <testcase classname="RegressionTest2" name="test396" time="0"/>
  <testcase classname="RegressionTest2" name="test397" time="0"/>
  <testcase classname="RegressionTest2" name="test398" time="0"/>
  <testcase classname="RegressionTest2" name="test399" time="0"/>
  <testcase classname="RegressionTest2" name="test400" time="0"/>
  <testcase classname="RegressionTest2" name="test401" time="0.001"/>
  <testcase classname="RegressionTest2" name="test402" time="0"/>
  <testcase classname="RegressionTest2" name="test403" time="0"/>
  <testcase classname="RegressionTest2" name="test404" time="0"/>
  <testcase classname="RegressionTest2" name="test405" time="0"/>
  <testcase classname="RegressionTest2" name="test406" time="0"/>
  <testcase classname="RegressionTest2" name="test407" time="0"/>
  <testcase classname="RegressionTest2" name="test408" time="0"/>
  <testcase classname="RegressionTest2" name="test409" time="0"/>
  <testcase classname="RegressionTest2" name="test410" time="0"/>
  <testcase classname="RegressionTest2" name="test411" time="0"/>
  <testcase classname="RegressionTest2" name="test412" time="0"/>
  <testcase classname="RegressionTest2" name="test413" time="0"/>
  <testcase classname="RegressionTest2" name="test414" time="0"/>
  <testcase classname="RegressionTest2" name="test415" time="0"/>
  <testcase classname="RegressionTest2" name="test416" time="0"/>
  <testcase classname="RegressionTest2" name="test417" time="0"/>
  <testcase classname="RegressionTest2" name="test418" time="0.001"/>
  <testcase classname="RegressionTest2" name="test419" time="0"/>
  <testcase classname="RegressionTest2" name="test420" time="0"/>
  <testcase classname="RegressionTest2" name="test421" time="0"/>
  <testcase classname="RegressionTest2" name="test422" time="0"/>
  <testcase classname="RegressionTest2" name="test423" time="0"/>
  <testcase classname="RegressionTest2" name="test424" time="0"/>
  <testcase classname="RegressionTest2" name="test425" time="0"/>
  <testcase classname="RegressionTest2" name="test426" time="0"/>
  <testcase classname="RegressionTest2" name="test427" time="0"/>
  <testcase classname="RegressionTest2" name="test428" time="0"/>
  <testcase classname="RegressionTest2" name="test429" time="0"/>
  <testcase classname="RegressionTest2" name="test430" time="0"/>
  <testcase classname="RegressionTest2" name="test431" time="0"/>
  <testcase classname="RegressionTest2" name="test432" time="0"/>
  <testcase classname="RegressionTest2" name="test433" time="0.001"/>
  <testcase classname="RegressionTest2" name="test434" time="0"/>
  <testcase classname="RegressionTest2" name="test435" time="0"/>
  <testcase classname="RegressionTest2" name="test436" time="0"/>
  <testcase classname="RegressionTest2" name="test437" time="0"/>
  <testcase classname="RegressionTest2" name="test438" time="0"/>
  <testcase classname="RegressionTest2" name="test439" time="0"/>
  <testcase classname="RegressionTest2" name="test440" time="0"/>
  <testcase classname="RegressionTest2" name="test441" time="0"/>
  <testcase classname="RegressionTest2" name="test442" time="0"/>
  <testcase classname="RegressionTest2" name="test443" time="0"/>
  <testcase classname="RegressionTest2" name="test444" time="0"/>
  <testcase classname="RegressionTest2" name="test445" time="0"/>
  <testcase classname="RegressionTest2" name="test446" time="0"/>
  <testcase classname="RegressionTest2" name="test447" time="0"/>
  <testcase classname="RegressionTest2" name="test448" time="0"/>
  <testcase classname="RegressionTest2" name="test449" time="0.001"/>
  <testcase classname="RegressionTest2" name="test450" time="0"/>
  <testcase classname="RegressionTest2" name="test451" time="0"/>
  <testcase classname="RegressionTest2" name="test452" time="0"/>
  <testcase classname="RegressionTest2" name="test453" time="0"/>
  <testcase classname="RegressionTest2" name="test454" time="0"/>
  <testcase classname="RegressionTest2" name="test455" time="0"/>
  <testcase classname="RegressionTest2" name="test456" time="0"/>
  <testcase classname="RegressionTest2" name="test457" time="0"/>
  <testcase classname="RegressionTest2" name="test458" time="0"/>
  <testcase classname="RegressionTest2" name="test459" time="0"/>
  <testcase classname="RegressionTest2" name="test460" time="0"/>
  <testcase classname="RegressionTest2" name="test461" time="0"/>
  <testcase classname="RegressionTest2" name="test462" time="0"/>
  <testcase classname="RegressionTest2" name="test463" time="0"/>
  <testcase classname="RegressionTest2" name="test464" time="0"/>
  <testcase classname="RegressionTest2" name="test465" time="0"/>
  <testcase classname="RegressionTest2" name="test466" time="0"/>
  <testcase classname="RegressionTest2" name="test467" time="0"/>
  <testcase classname="RegressionTest2" name="test468" time="0"/>
  <testcase classname="RegressionTest2" name="test469" time="0"/>
  <testcase classname="RegressionTest2" name="test470" time="0"/>
  <testcase classname="RegressionTest2" name="test471" time="0"/>
  <testcase classname="RegressionTest2" name="test472" time="0"/>
  <testcase classname="RegressionTest2" name="test473" time="0"/>
  <testcase classname="RegressionTest2" name="test474" time="0"/>
  <testcase classname="RegressionTest2" name="test475" time="0"/>
  <testcase classname="RegressionTest2" name="test476" time="0"/>
  <testcase classname="RegressionTest2" name="test477" time="0"/>
  <testcase classname="RegressionTest2" name="test478" time="0"/>
  <testcase classname="RegressionTest2" name="test479" time="0"/>
  <testcase classname="RegressionTest2" name="test480" time="0"/>
  <testcase classname="RegressionTest2" name="test481" time="0"/>
  <testcase classname="RegressionTest2" name="test482" time="0"/>
  <testcase classname="RegressionTest2" name="test483" time="0"/>
  <testcase classname="RegressionTest2" name="test484" time="0"/>
  <testcase classname="RegressionTest2" name="test485" time="0"/>
  <testcase classname="RegressionTest2" name="test486" time="0"/>
  <testcase classname="RegressionTest2" name="test487" time="0"/>
  <testcase classname="RegressionTest2" name="test488" time="0"/>
  <testcase classname="RegressionTest2" name="test489" time="0"/>
  <testcase classname="RegressionTest2" name="test490" time="0"/>
  <testcase classname="RegressionTest2" name="test491" time="0"/>
  <testcase classname="RegressionTest2" name="test492" time="0"/>
  <testcase classname="RegressionTest2" name="test493" time="0"/>
  <testcase classname="RegressionTest2" name="test494" time="0"/>
  <testcase classname="RegressionTest2" name="test495" time="0"/>
  <testcase classname="RegressionTest2" name="test496" time="0.001"/>
  <testcase classname="RegressionTest2" name="test497" time="0"/>
  <testcase classname="RegressionTest2" name="test498" time="0"/>
  <testcase classname="RegressionTest2" name="test499" time="0"/>
  <testcase classname="RegressionTest2" name="test500" time="0"/>
  <testcase classname="RegressionTest3" name="test001" time="0"/>
  <testcase classname="RegressionTest3" name="test002" time="0"/>
  <testcase classname="RegressionTest3" name="test003" time="0"/>
  <testcase classname="RegressionTest3" name="test004" time="0"/>
  <testcase classname="RegressionTest3" name="test005" time="0"/>
  <testcase classname="RegressionTest3" name="test006" time="0"/>
  <testcase classname="RegressionTest3" name="test007" time="0"/>
  <testcase classname="RegressionTest3" name="test008" time="0"/>
  <testcase classname="RegressionTest3" name="test009" time="0"/>
  <testcase classname="RegressionTest3" name="test010" time="0"/>
  <testcase classname="RegressionTest3" name="test011" time="0.001"/>
  <testcase classname="RegressionTest3" name="test012" time="0"/>
  <testcase classname="RegressionTest3" name="test013" time="0"/>
  <testcase classname="RegressionTest3" name="test014" time="0"/>
  <testcase classname="RegressionTest3" name="test015" time="0"/>
  <testcase classname="RegressionTest3" name="test016" time="0"/>
  <testcase classname="RegressionTest3" name="test017" time="0"/>
  <testcase classname="RegressionTest3" name="test018" time="0"/>
  <testcase classname="RegressionTest3" name="test019" time="0"/>
  <testcase classname="RegressionTest3" name="test020" time="0"/>
  <testcase classname="RegressionTest3" name="test021" time="0"/>
  <testcase classname="RegressionTest3" name="test022" time="0.001"/>
  <testcase classname="RegressionTest3" name="test023" time="0"/>
  <testcase classname="RegressionTest3" name="test024" time="0"/>
  <testcase classname="RegressionTest3" name="test025" time="0"/>
  <testcase classname="RegressionTest3" name="test026" time="0"/>
  <testcase classname="RegressionTest3" name="test027" time="0"/>
  <testcase classname="RegressionTest3" name="test028" time="0"/>
  <testcase classname="RegressionTest3" name="test029" time="0"/>
  <testcase classname="RegressionTest3" name="test030" time="0"/>
  <testcase classname="RegressionTest3" name="test031" time="0"/>
  <testcase classname="RegressionTest3" name="test032" time="0"/>
  <testcase classname="RegressionTest3" name="test033" time="0"/>
  <testcase classname="RegressionTest3" name="test034" time="0"/>
  <testcase classname="RegressionTest3" name="test035" time="0.001"/>
  <testcase classname="RegressionTest3" name="test036" time="0"/>
  <testcase classname="RegressionTest3" name="test037" time="0"/>
  <testcase classname="RegressionTest3" name="test038" time="0"/>
  <testcase classname="RegressionTest3" name="test039" time="0"/>
  <testcase classname="RegressionTest3" name="test040" time="0"/>
  <testcase classname="RegressionTest3" name="test041" time="0"/>
  <testcase classname="RegressionTest3" name="test042" time="0"/>
  <testcase classname="RegressionTest3" name="test043" time="0"/>
  <testcase classname="RegressionTest3" name="test044" time="0"/>
  <testcase classname="RegressionTest3" name="test045" time="0"/>
  <testcase classname="RegressionTest3" name="test046" time="0"/>
  <testcase classname="RegressionTest3" name="test047" time="0"/>
  <testcase classname="RegressionTest3" name="test048" time="0.001"/>
  <testcase classname="RegressionTest3" name="test049" time="0"/>
  <testcase classname="RegressionTest3" name="test050" time="0"/>
  <testcase classname="RegressionTest3" name="test051" time="0"/>
  <testcase classname="RegressionTest3" name="test052" time="0"/>
  <testcase classname="RegressionTest3" name="test053" time="0"/>
  <testcase classname="RegressionTest3" name="test054" time="0"/>
  <testcase classname="RegressionTest3" name="test055" time="0"/>
  <testcase classname="RegressionTest3" name="test056" time="0"/>
  <testcase classname="RegressionTest3" name="test057" time="0"/>
  <testcase classname="RegressionTest3" name="test058" time="0"/>
  <testcase classname="RegressionTest3" name="test059" time="0"/>
  <testcase classname="RegressionTest3" name="test060" time="0"/>
  <testcase classname="RegressionTest3" name="test061" time="0"/>
  <testcase classname="RegressionTest3" name="test062" time="0"/>
  <testcase classname="RegressionTest3" name="test063" time="0"/>
  <testcase classname="RegressionTest3" name="test064" time="0"/>
  <testcase classname="RegressionTest3" name="test065" time="0"/>
  <testcase classname="RegressionTest3" name="test066" time="0"/>
  <testcase classname="RegressionTest3" name="test067" time="0"/>
  <testcase classname="RegressionTest3" name="test068" time="0"/>
  <testcase classname="RegressionTest3" name="test069" time="0"/>
  <testcase classname="RegressionTest3" name="test070" time="0"/>
  <testcase classname="RegressionTest3" name="test071" time="0"/>
  <testcase classname="RegressionTest3" name="test072" time="0"/>
  <testcase classname="RegressionTest3" name="test073" time="0"/>
  <testcase classname="RegressionTest3" name="test074" time="0"/>
  <testcase classname="RegressionTest3" name="test075" time="0"/>
  <testcase classname="RegressionTest3" name="test076" time="0"/>
  <testcase classname="RegressionTest3" name="test077" time="0"/>
  <testcase classname="RegressionTest3" name="test078" time="0"/>
  <testcase classname="RegressionTest3" name="test079" time="0"/>
  <testcase classname="RegressionTest3" name="test080" time="0.001"/>
  <testcase classname="RegressionTest3" name="test081" time="0"/>
  <testcase classname="RegressionTest3" name="test082" time="0"/>
  <testcase classname="RegressionTest3" name="test083" time="0"/>
  <testcase classname="RegressionTest3" name="test084" time="0"/>
  <testcase classname="RegressionTest3" name="test085" time="0"/>
  <testcase classname="RegressionTest3" name="test086" time="0"/>
  <testcase classname="RegressionTest3" name="test087" time="0"/>
  <testcase classname="RegressionTest3" name="test088" time="0"/>
  <testcase classname="RegressionTest3" name="test089" time="0"/>
  <testcase classname="RegressionTest3" name="test090" time="0"/>
  <testcase classname="RegressionTest3" name="test091" time="0"/>
  <testcase classname="RegressionTest3" name="test092" time="0"/>
  <testcase classname="RegressionTest3" name="test093" time="0"/>
  <testcase classname="RegressionTest3" name="test094" time="0"/>
  <testcase classname="RegressionTest3" name="test095" time="0"/>
  <testcase classname="RegressionTest3" name="test096" time="0.001"/>
  <testcase classname="RegressionTest3" name="test097" time="0"/>
  <testcase classname="RegressionTest3" name="test098" time="0"/>
  <testcase classname="RegressionTest3" name="test099" time="0"/>
  <testcase classname="RegressionTest3" name="test100" time="0"/>
  <testcase classname="RegressionTest3" name="test101" time="0"/>
  <testcase classname="RegressionTest3" name="test102" time="0"/>
  <testcase classname="RegressionTest3" name="test103" time="0"/>
  <testcase classname="RegressionTest3" name="test104" time="0"/>
  <testcase classname="RegressionTest3" name="test105" time="0"/>
  <testcase classname="RegressionTest3" name="test106" time="0"/>
  <testcase classname="RegressionTest3" name="test107" time="0"/>
  <testcase classname="RegressionTest3" name="test108" time="0"/>
  <testcase classname="RegressionTest3" name="test109" time="0"/>
  <testcase classname="RegressionTest3" name="test110" time="0"/>
  <testcase classname="RegressionTest3" name="test111" time="0"/>
  <testcase classname="RegressionTest3" name="test112" time="0.001"/>
  <testcase classname="RegressionTest3" name="test113" time="0"/>
  <testcase classname="RegressionTest3" name="test114" time="0"/>
  <testcase classname="RegressionTest3" name="test115" time="0"/>
  <testcase classname="RegressionTest3" name="test116" time="0"/>
  <testcase classname="RegressionTest3" name="test117" time="0"/>
  <testcase classname="RegressionTest3" name="test118" time="0"/>
  <testcase classname="RegressionTest3" name="test119" time="0"/>
  <testcase classname="RegressionTest3" name="test120" time="0"/>
  <testcase classname="RegressionTest3" name="test121" time="0"/>
  <testcase classname="RegressionTest3" name="test122" time="0"/>
  <testcase classname="RegressionTest3" name="test123" time="0"/>
  <testcase classname="RegressionTest3" name="test124" time="0"/>
  <testcase classname="RegressionTest3" name="test125" time="0"/>
  <testcase classname="RegressionTest3" name="test126" time="0.001"/>
  <testcase classname="RegressionTest3" name="test127" time="0"/>
  <testcase classname="RegressionTest3" name="test128" time="0"/>
  <testcase classname="RegressionTest3" name="test129" time="0"/>
  <testcase classname="RegressionTest3" name="test130" time="0"/>
  <testcase classname="RegressionTest3" name="test131" time="0"/>
  <testcase classname="RegressionTest3" name="test132" time="0"/>
  <testcase classname="RegressionTest3" name="test133" time="0"/>
  <testcase classname="RegressionTest3" name="test134" time="0"/>
  <testcase classname="RegressionTest3" name="test135" time="0"/>
  <testcase classname="RegressionTest3" name="test136" time="0"/>
  <testcase classname="RegressionTest3" name="test137" time="0"/>
  <testcase classname="RegressionTest3" name="test138" time="0"/>
  <testcase classname="RegressionTest3" name="test139" time="0"/>
  <testcase classname="RegressionTest3" name="test140" time="0"/>
  <testcase classname="RegressionTest3" name="test141" time="0.001"/>
  <testcase classname="RegressionTest3" name="test142" time="0"/>
  <testcase classname="RegressionTest3" name="test143" time="0"/>
  <testcase classname="RegressionTest3" name="test144" time="0"/>
  <testcase classname="RegressionTest3" name="test145" time="0"/>
  <testcase classname="RegressionTest3" name="test146" time="0"/>
  <testcase classname="RegressionTest3" name="test147" time="0"/>
  <testcase classname="RegressionTest3" name="test148" time="0"/>
  <testcase classname="RegressionTest3" name="test149" time="0"/>
  <testcase classname="RegressionTest3" name="test150" time="0"/>
  <testcase classname="RegressionTest3" name="test151" time="0"/>
  <testcase classname="RegressionTest3" name="test152" time="0"/>
  <testcase classname="RegressionTest3" name="test153" time="0"/>
  <testcase classname="RegressionTest3" name="test154" time="0"/>
  <testcase classname="RegressionTest3" name="test155" time="0"/>
  <testcase classname="RegressionTest3" name="test156" time="0"/>
  <testcase classname="RegressionTest3" name="test157" time="0.001"/>
  <testcase classname="RegressionTest3" name="test158" time="0"/>
  <testcase classname="RegressionTest3" name="test159" time="0"/>
  <testcase classname="RegressionTest3" name="test160" time="0"/>
  <testcase classname="RegressionTest3" name="test161" time="0"/>
  <testcase classname="RegressionTest3" name="test162" time="0"/>
  <testcase classname="RegressionTest3" name="test163" time="0"/>
  <testcase classname="RegressionTest3" name="test164" time="0"/>
  <testcase classname="RegressionTest3" name="test165" time="0"/>
  <testcase classname="RegressionTest3" name="test166" time="0"/>
  <testcase classname="RegressionTest3" name="test167" time="0"/>
  <testcase classname="RegressionTest3" name="test168" time="0"/>
  <testcase classname="RegressionTest3" name="test169" time="0"/>
  <testcase classname="RegressionTest3" name="test170" time="0"/>
  <testcase classname="RegressionTest3" name="test171" time="0"/>
  <testcase classname="RegressionTest3" name="test172" time="0.001"/>
  <testcase classname="RegressionTest3" name="test173" time="0"/>
  <testcase classname="RegressionTest3" name="test174" time="0"/>
  <testcase classname="RegressionTest3" name="test175" time="0"/>
  <testcase classname="RegressionTest3" name="test176" time="0"/>
  <testcase classname="RegressionTest3" name="test177" time="0"/>
  <testcase classname="RegressionTest3" name="test178" time="0"/>
  <testcase classname="RegressionTest3" name="test179" time="0"/>
  <testcase classname="RegressionTest3" name="test180" time="0"/>
  <testcase classname="RegressionTest3" name="test181" time="0"/>
  <testcase classname="RegressionTest3" name="test182" time="0"/>
  <testcase classname="RegressionTest3" name="test183" time="0"/>
  <testcase classname="RegressionTest3" name="test184" time="0"/>
  <testcase classname="RegressionTest3" name="test185" time="0"/>
  <testcase classname="RegressionTest3" name="test186" time="0"/>
  <testcase classname="RegressionTest3" name="test187" time="0"/>
  <testcase classname="RegressionTest3" name="test188" time="0"/>
  <testcase classname="RegressionTest3" name="test189" time="0"/>
  <testcase classname="RegressionTest3" name="test190" time="0"/>
  <testcase classname="RegressionTest3" name="test191" time="0"/>
  <testcase classname="RegressionTest3" name="test192" time="0"/>
  <testcase classname="RegressionTest3" name="test193" time="0"/>
  <testcase classname="RegressionTest3" name="test194" time="0"/>
  <testcase classname="RegressionTest3" name="test195" time="0"/>
  <testcase classname="RegressionTest3" name="test196" time="0"/>
  <testcase classname="RegressionTest3" name="test197" time="0"/>
  <testcase classname="RegressionTest3" name="test198" time="0"/>
  <testcase classname="RegressionTest3" name="test199" time="0.001"/>
  <testcase classname="RegressionTest3" name="test200" time="0"/>
  <testcase classname="RegressionTest3" name="test201" time="0"/>
  <testcase classname="RegressionTest3" name="test202" time="0"/>
  <testcase classname="RegressionTest3" name="test203" time="0"/>
  <testcase classname="RegressionTest3" name="test204" time="0"/>
  <testcase classname="RegressionTest3" name="test205" time="0"/>
  <testcase classname="RegressionTest3" name="test206" time="0"/>
  <testcase classname="RegressionTest3" name="test207" time="0"/>
  <testcase classname="RegressionTest3" name="test208" time="0"/>
  <testcase classname="RegressionTest3" name="test209" time="0"/>
  <testcase classname="RegressionTest3" name="test210" time="0"/>
  <testcase classname="RegressionTest3" name="test211" time="0"/>
  <testcase classname="RegressionTest3" name="test212" time="0"/>
  <testcase classname="RegressionTest3" name="test213" time="0"/>
  <testcase classname="RegressionTest3" name="test214" time="0"/>
  <testcase classname="RegressionTest3" name="test215" time="0"/>
  <testcase classname="RegressionTest3" name="test216" time="0"/>
  <testcase classname="RegressionTest3" name="test217" time="0"/>
  <testcase classname="RegressionTest3" name="test218" time="0"/>
  <testcase classname="RegressionTest3" name="test219" time="0"/>
  <testcase classname="RegressionTest3" name="test220" time="0"/>
  <testcase classname="RegressionTest3" name="test221" time="0"/>
  <testcase classname="RegressionTest3" name="test222" time="0"/>
  <testcase classname="RegressionTest3" name="test223" time="0"/>
  <testcase classname="RegressionTest3" name="test224" time="0"/>
  <testcase classname="RegressionTest3" name="test225" time="0"/>
  <testcase classname="RegressionTest3" name="test226" time="0"/>
  <testcase classname="RegressionTest3" name="test227" time="0"/>
  <testcase classname="RegressionTest3" name="test228" time="0"/>
  <testcase classname="RegressionTest3" name="test229" time="0"/>
  <testcase classname="RegressionTest3" name="test230" time="0.001"/>
  <testcase classname="RegressionTest3" name="test231" time="0"/>
  <testcase classname="RegressionTest3" name="test232" time="0"/>
  <testcase classname="RegressionTest3" name="test233" time="0"/>
  <testcase classname="RegressionTest3" name="test234" time="0"/>
  <testcase classname="RegressionTest3" name="test235" time="0"/>
  <testcase classname="RegressionTest3" name="test236" time="0"/>
  <testcase classname="RegressionTest3" name="test237" time="0"/>
  <testcase classname="RegressionTest3" name="test238" time="0"/>
  <testcase classname="RegressionTest3" name="test239" time="0"/>
  <testcase classname="RegressionTest3" name="test240" time="0"/>
  <testcase classname="RegressionTest3" name="test241" time="0"/>
  <testcase classname="RegressionTest3" name="test242" time="0"/>
  <testcase classname="RegressionTest3" name="test243" time="0"/>
  <testcase classname="RegressionTest3" name="test244" time="0"/>
  <testcase classname="RegressionTest3" name="test245" time="0"/>
  <testcase classname="RegressionTest3" name="test246" time="0"/>
  <testcase classname="RegressionTest3" name="test247" time="0"/>
  <testcase classname="RegressionTest3" name="test248" time="0"/>
  <testcase classname="RegressionTest3" name="test249" time="0"/>
  <testcase classname="RegressionTest3" name="test250" time="0.001"/>
  <testcase classname="RegressionTest3" name="test251" time="0"/>
  <testcase classname="RegressionTest3" name="test252" time="0"/>
  <testcase classname="RegressionTest3" name="test253" time="0"/>
  <testcase classname="RegressionTest3" name="test254" time="0"/>
  <testcase classname="RegressionTest3" name="test255" time="0"/>
  <testcase classname="RegressionTest3" name="test256" time="0"/>
  <testcase classname="RegressionTest3" name="test257" time="0"/>
  <testcase classname="RegressionTest3" name="test258" time="0"/>
  <testcase classname="RegressionTest3" name="test259" time="0"/>
  <testcase classname="RegressionTest3" name="test260" time="0"/>
  <testcase classname="RegressionTest3" name="test261" time="0"/>
  <testcase classname="RegressionTest3" name="test262" time="0"/>
  <testcase classname="RegressionTest3" name="test263" time="0"/>
  <testcase classname="RegressionTest3" name="test264" time="0"/>
  <testcase classname="RegressionTest3" name="test265" time="0"/>
  <testcase classname="RegressionTest3" name="test266" time="0"/>
  <testcase classname="RegressionTest3" name="test267" time="0"/>
  <testcase classname="RegressionTest3" name="test268" time="0"/>
  <testcase classname="RegressionTest3" name="test269" time="0"/>
  <testcase classname="RegressionTest3" name="test270" time="0"/>
  <testcase classname="RegressionTest3" name="test271" time="0"/>
  <testcase classname="RegressionTest3" name="test272" time="0"/>
  <testcase classname="RegressionTest3" name="test273" time="0"/>
  <testcase classname="RegressionTest3" name="test274" time="0"/>
  <testcase classname="RegressionTest3" name="test275" time="0"/>
  <testcase classname="RegressionTest3" name="test276" time="0"/>
  <testcase classname="RegressionTest3" name="test277" time="0"/>
  <testcase classname="RegressionTest3" name="test278" time="0"/>
  <testcase classname="RegressionTest3" name="test279" time="0"/>
  <testcase classname="RegressionTest3" name="test280" time="0"/>
  <testcase classname="RegressionTest3" name="test281" time="0"/>
  <testcase classname="RegressionTest3" name="test282" time="0"/>
  <testcase classname="RegressionTest3" name="test283" time="0.001"/>
  <testcase classname="RegressionTest3" name="test284" time="0"/>
  <testcase classname="RegressionTest3" name="test285" time="0"/>
  <testcase classname="RegressionTest3" name="test286" time="0"/>
  <testcase classname="RegressionTest3" name="test287" time="0"/>
  <testcase classname="RegressionTest3" name="test288" time="0"/>
  <testcase classname="RegressionTest3" name="test289" time="0"/>
  <testcase classname="RegressionTest3" name="test290" time="0"/>
  <testcase classname="RegressionTest3" name="test291" time="0"/>
  <testcase classname="RegressionTest3" name="test292" time="0"/>
  <testcase classname="RegressionTest3" name="test293" time="0"/>
  <testcase classname="RegressionTest3" name="test294" time="0"/>
  <testcase classname="RegressionTest3" name="test295" time="0"/>
  <testcase classname="RegressionTest3" name="test296" time="0"/>
  <testcase classname="RegressionTest3" name="test297" time="0"/>
  <testcase classname="RegressionTest3" name="test298" time="0"/>
  <testcase classname="RegressionTest3" name="test299" time="0.001"/>
  <testcase classname="RegressionTest3" name="test300" time="0"/>
  <testcase classname="RegressionTest3" name="test301" time="0"/>
  <testcase classname="RegressionTest3" name="test302" time="0"/>
  <testcase classname="RegressionTest3" name="test303" time="0"/>
  <testcase classname="RegressionTest3" name="test304" time="0"/>
  <testcase classname="RegressionTest3" name="test305" time="0"/>
  <testcase classname="RegressionTest3" name="test306" time="0"/>
  <testcase classname="RegressionTest3" name="test307" time="0"/>
  <testcase classname="RegressionTest3" name="test308" time="0"/>
  <testcase classname="RegressionTest3" name="test309" time="0"/>
  <testcase classname="RegressionTest3" name="test310" time="0"/>
  <testcase classname="RegressionTest3" name="test311" time="0"/>
  <testcase classname="RegressionTest3" name="test312" time="0"/>
  <testcase classname="RegressionTest3" name="test313" time="0"/>
  <testcase classname="RegressionTest3" name="test314" time="0"/>
  <testcase classname="RegressionTest3" name="test315" time="0"/>
  <testcase classname="RegressionTest3" name="test316" time="0"/>
  <testcase classname="RegressionTest3" name="test317" time="0"/>
  <testcase classname="RegressionTest3" name="test318" time="0"/>
  <testcase classname="RegressionTest3" name="test319" time="0"/>
  <testcase classname="RegressionTest3" name="test320" time="0"/>
  <testcase classname="RegressionTest3" name="test321" time="0"/>
  <testcase classname="RegressionTest3" name="test322" time="0"/>
  <testcase classname="RegressionTest3" name="test323" time="0"/>
  <testcase classname="RegressionTest3" name="test324" time="0"/>
  <testcase classname="RegressionTest3" name="test325" time="0"/>
  <testcase classname="RegressionTest3" name="test326" time="0"/>
  <testcase classname="RegressionTest3" name="test327" time="0"/>
  <testcase classname="RegressionTest3" name="test328" time="0"/>
  <testcase classname="RegressionTest3" name="test329" time="0"/>
  <testcase classname="RegressionTest3" name="test330" time="0"/>
  <testcase classname="RegressionTest3" name="test331" time="0"/>
  <testcase classname="RegressionTest3" name="test332" time="0"/>
  <testcase classname="RegressionTest3" name="test333" time="0"/>
  <testcase classname="RegressionTest3" name="test334" time="0"/>
  <testcase classname="RegressionTest3" name="test335" time="0"/>
  <testcase classname="RegressionTest3" name="test336" time="0.001"/>
  <testcase classname="RegressionTest3" name="test337" time="0"/>
  <testcase classname="RegressionTest3" name="test338" time="0"/>
  <testcase classname="RegressionTest3" name="test339" time="0"/>
  <testcase classname="RegressionTest3" name="test340" time="0"/>
  <testcase classname="RegressionTest3" name="test341" time="0"/>
  <testcase classname="RegressionTest3" name="test342" time="0"/>
  <testcase classname="RegressionTest3" name="test343" time="0"/>
  <testcase classname="RegressionTest3" name="test344" time="0"/>
  <testcase classname="RegressionTest3" name="test345" time="0"/>
  <testcase classname="RegressionTest3" name="test346" time="0"/>
  <testcase classname="RegressionTest3" name="test347" time="0"/>
  <testcase classname="RegressionTest3" name="test348" time="0"/>
  <testcase classname="RegressionTest3" name="test349" time="0"/>
  <testcase classname="RegressionTest3" name="test350" time="0"/>
  <testcase classname="RegressionTest3" name="test351" time="0"/>
  <testcase classname="RegressionTest3" name="test352" time="0"/>
  <testcase classname="RegressionTest3" name="test353" time="0"/>
  <testcase classname="RegressionTest3" name="test354" time="0.001"/>
  <testcase classname="RegressionTest3" name="test355" time="0"/>
  <testcase classname="RegressionTest3" name="test356" time="0"/>
  <testcase classname="RegressionTest3" name="test357" time="0"/>
  <testcase classname="RegressionTest3" name="test358" time="0"/>
  <testcase classname="RegressionTest3" name="test359" time="0"/>
  <testcase classname="RegressionTest3" name="test360" time="0"/>
  <testcase classname="RegressionTest3" name="test361" time="0"/>
  <testcase classname="RegressionTest3" name="test362" time="0"/>
  <testcase classname="RegressionTest3" name="test363" time="0"/>
  <testcase classname="RegressionTest3" name="test364" time="0"/>
  <testcase classname="RegressionTest3" name="test365" time="0"/>
  <testcase classname="RegressionTest3" name="test366" time="0"/>
  <testcase classname="RegressionTest3" name="test367" time="0"/>
  <testcase classname="RegressionTest3" name="test368" time="0"/>
  <testcase classname="RegressionTest3" name="test369" time="0"/>
  <testcase classname="RegressionTest3" name="test370" time="0"/>
  <testcase classname="RegressionTest3" name="test371" time="0"/>
  <testcase classname="RegressionTest3" name="test372" time="0"/>
  <testcase classname="RegressionTest3" name="test373" time="0"/>
  <testcase classname="RegressionTest3" name="test374" time="0"/>
  <testcase classname="RegressionTest3" name="test375" time="0"/>
  <testcase classname="RegressionTest3" name="test376" time="0"/>
  <testcase classname="RegressionTest3" name="test377" time="0"/>
  <testcase classname="RegressionTest3" name="test378" time="0"/>
  <testcase classname="RegressionTest3" name="test379" time="0"/>
  <testcase classname="RegressionTest3" name="test380" time="0"/>
  <testcase classname="RegressionTest3" name="test381" time="0"/>
  <testcase classname="RegressionTest3" name="test382" time="0"/>
  <testcase classname="RegressionTest3" name="test383" time="0"/>
  <testcase classname="RegressionTest3" name="test384" time="0.001"/>
  <testcase classname="RegressionTest3" name="test385" time="0"/>
  <testcase classname="RegressionTest3" name="test386" time="0"/>
  <testcase classname="RegressionTest3" name="test387" time="0"/>
  <testcase classname="RegressionTest3" name="test388" time="0"/>
  <testcase classname="RegressionTest3" name="test389" time="0"/>
  <testcase classname="RegressionTest3" name="test390" time="0"/>
  <testcase classname="RegressionTest3" name="test391" time="0"/>
  <testcase classname="RegressionTest3" name="test392" time="0"/>
  <testcase classname="RegressionTest3" name="test393" time="0"/>
  <testcase classname="RegressionTest3" name="test394" time="0"/>
  <testcase classname="RegressionTest3" name="test395" time="0"/>
  <testcase classname="RegressionTest3" name="test396" time="0.001"/>
  <testcase classname="RegressionTest3" name="test397" time="0"/>
  <testcase classname="RegressionTest3" name="test398" time="0"/>
  <testcase classname="RegressionTest3" name="test399" time="0"/>
  <testcase classname="RegressionTest3" name="test400" time="0"/>
  <testcase classname="RegressionTest3" name="test401" time="0"/>
  <testcase classname="RegressionTest3" name="test402" time="0"/>
  <testcase classname="RegressionTest3" name="test403" time="0"/>
  <testcase classname="RegressionTest3" name="test404" time="0"/>
  <testcase classname="RegressionTest3" name="test405" time="0"/>
  <testcase classname="RegressionTest3" name="test406" time="0"/>
  <testcase classname="RegressionTest3" name="test407" time="0"/>
  <testcase classname="RegressionTest3" name="test408" time="0"/>
  <testcase classname="RegressionTest3" name="test409" time="0"/>
  <testcase classname="RegressionTest3" name="test410" time="0"/>
  <testcase classname="RegressionTest3" name="test411" time="0"/>
  <testcase classname="RegressionTest3" name="test412" time="0"/>
  <testcase classname="RegressionTest3" name="test413" time="0.001"/>
  <testcase classname="RegressionTest3" name="test414" time="0"/>
  <testcase classname="RegressionTest3" name="test415" time="0"/>
  <testcase classname="RegressionTest3" name="test416" time="0"/>
  <testcase classname="RegressionTest3" name="test417" time="0"/>
  <testcase classname="RegressionTest3" name="test418" time="0"/>
  <testcase classname="RegressionTest3" name="test419" time="0"/>
  <testcase classname="RegressionTest3" name="test420" time="0"/>
  <testcase classname="RegressionTest3" name="test421" time="0"/>
  <testcase classname="RegressionTest3" name="test422" time="0"/>
  <testcase classname="RegressionTest3" name="test423" time="0"/>
  <testcase classname="RegressionTest3" name="test424" time="0"/>
  <testcase classname="RegressionTest3" name="test425" time="0"/>
  <testcase classname="RegressionTest3" name="test426" time="0"/>
  <testcase classname="RegressionTest3" name="test427" time="0"/>
  <testcase classname="RegressionTest3" name="test428" time="0"/>
  <testcase classname="RegressionTest3" name="test429" time="0"/>
  <testcase classname="RegressionTest3" name="test430" time="0"/>
  <testcase classname="RegressionTest3" name="test431" time="0"/>
  <testcase classname="RegressionTest3" name="test432" time="0"/>
  <testcase classname="RegressionTest3" name="test433" time="0"/>
  <testcase classname="RegressionTest3" name="test434" time="0"/>
  <testcase classname="RegressionTest3" name="test435" time="0"/>
  <testcase classname="RegressionTest3" name="test436" time="0"/>
  <testcase classname="RegressionTest3" name="test437" time="0"/>
  <testcase classname="RegressionTest3" name="test438" time="0"/>
  <testcase classname="RegressionTest3" name="test439" time="0"/>
  <testcase classname="RegressionTest3" name="test440" time="0"/>
  <testcase classname="RegressionTest3" name="test441" time="0"/>
  <testcase classname="RegressionTest3" name="test442" time="0"/>
  <testcase classname="RegressionTest3" name="test443" time="0"/>
  <testcase classname="RegressionTest3" name="test444" time="0"/>
  <testcase classname="RegressionTest3" name="test445" time="0"/>
  <testcase classname="RegressionTest3" name="test446" time="0"/>
  <testcase classname="RegressionTest3" name="test447" time="0"/>
  <testcase classname="RegressionTest3" name="test448" time="0"/>
  <testcase classname="RegressionTest3" name="test449" time="0"/>
  <testcase classname="RegressionTest3" name="test450" time="0"/>
  <testcase classname="RegressionTest3" name="test451" time="0"/>
  <testcase classname="RegressionTest3" name="test452" time="0"/>
  <testcase classname="RegressionTest3" name="test453" time="0"/>
  <testcase classname="RegressionTest3" name="test454" time="0"/>
  <testcase classname="RegressionTest3" name="test455" time="0"/>
  <testcase classname="RegressionTest3" name="test456" time="0"/>
  <testcase classname="RegressionTest3" name="test457" time="0"/>
  <testcase classname="RegressionTest3" name="test458" time="0"/>
  <testcase classname="RegressionTest3" name="test459" time="0"/>
  <testcase classname="RegressionTest3" name="test460" time="0"/>
  <testcase classname="RegressionTest3" name="test461" time="0.001"/>
  <testcase classname="RegressionTest3" name="test462" time="0"/>
  <testcase classname="RegressionTest3" name="test463" time="0"/>
  <testcase classname="RegressionTest3" name="test464" time="0"/>
  <testcase classname="RegressionTest3" name="test465" time="0"/>
  <testcase classname="RegressionTest3" name="test466" time="0"/>
  <testcase classname="RegressionTest3" name="test467" time="0"/>
  <testcase classname="RegressionTest3" name="test468" time="0"/>
  <testcase classname="RegressionTest3" name="test469" time="0"/>
  <testcase classname="RegressionTest3" name="test470" time="0"/>
  <testcase classname="RegressionTest3" name="test471" time="0"/>
  <testcase classname="RegressionTest3" name="test472" time="0"/>
  <testcase classname="RegressionTest3" name="test473" time="0"/>
  <testcase classname="RegressionTest3" name="test474" time="0"/>
  <testcase classname="RegressionTest3" name="test475" time="0"/>
  <testcase classname="RegressionTest3" name="test476" time="0"/>
  <testcase classname="RegressionTest3" name="test477" time="0.001"/>
  <testcase classname="RegressionTest3" name="test478" time="0"/>
  <testcase classname="RegressionTest3" name="test479" time="0"/>
  <testcase classname="RegressionTest3" name="test480" time="0"/>
  <testcase classname="RegressionTest3" name="test481" time="0"/>
  <testcase classname="RegressionTest3" name="test482" time="0"/>
  <testcase classname="RegressionTest3" name="test483" time="0"/>
  <testcase classname="RegressionTest3" name="test484" time="0"/>
  <testcase classname="RegressionTest3" name="test485" time="0"/>
  <testcase classname="RegressionTest3" name="test486" time="0"/>
  <testcase classname="RegressionTest3" name="test487" time="0"/>
  <testcase classname="RegressionTest3" name="test488" time="0"/>
  <testcase classname="RegressionTest3" name="test489" time="0.001"/>
  <testcase classname="RegressionTest3" name="test490" time="0"/>
  <testcase classname="RegressionTest3" name="test491" time="0"/>
  <testcase classname="RegressionTest3" name="test492" time="0"/>
  <testcase classname="RegressionTest3" name="test493" time="0"/>
  <testcase classname="RegressionTest3" name="test494" time="0"/>
  <testcase classname="RegressionTest3" name="test495" time="0"/>
  <testcase classname="RegressionTest3" name="test496" time="0"/>
  <testcase classname="RegressionTest3" name="test497" time="0"/>
  <testcase classname="RegressionTest3" name="test498" time="0"/>
  <testcase classname="RegressionTest3" name="test499" time="0"/>
  <testcase classname="RegressionTest3" name="test500" time="0"/>
  <testcase classname="RegressionTest4" name="test001" time="0"/>
  <testcase classname="RegressionTest4" name="test002" time="0"/>
  <testcase classname="RegressionTest4" name="test003" time="0"/>
  <testcase classname="RegressionTest4" name="test004" time="0"/>
  <testcase classname="RegressionTest4" name="test005" time="0"/>
  <testcase classname="RegressionTest4" name="test006" time="0"/>
  <testcase classname="RegressionTest4" name="test007" time="0"/>
  <testcase classname="RegressionTest4" name="test008" time="0"/>
  <testcase classname="RegressionTest4" name="test009" time="0"/>
  <testcase classname="RegressionTest4" name="test010" time="0"/>
  <testcase classname="RegressionTest4" name="test011" time="0"/>
  <testcase classname="RegressionTest4" name="test012" time="0"/>
  <testcase classname="RegressionTest4" name="test013" time="0"/>
  <testcase classname="RegressionTest4" name="test014" time="0"/>
  <testcase classname="RegressionTest4" name="test015" time="0"/>
  <testcase classname="RegressionTest4" name="test016" time="0"/>
  <testcase classname="RegressionTest4" name="test017" time="0"/>
  <testcase classname="RegressionTest4" name="test018" time="0"/>
  <testcase classname="RegressionTest4" name="test019" time="0"/>
  <testcase classname="RegressionTest4" name="test020" time="0"/>
  <testcase classname="RegressionTest4" name="test021" time="0"/>
  <testcase classname="RegressionTest4" name="test022" time="0"/>
  <testcase classname="RegressionTest4" name="test023" time="0"/>
  <testcase classname="RegressionTest4" name="test024" time="0"/>
  <testcase classname="RegressionTest4" name="test025" time="0"/>
  <testcase classname="RegressionTest4" name="test026" time="0"/>
  <testcase classname="RegressionTest4" name="test027" time="0"/>
  <testcase classname="RegressionTest4" name="test028" time="0"/>
  <testcase classname="RegressionTest4" name="test029" time="0"/>
  <testcase classname="RegressionTest4" name="test030" time="0"/>
  <testcase classname="RegressionTest4" name="test031" time="0"/>
  <testcase classname="RegressionTest4" name="test032" time="0"/>
  <testcase classname="RegressionTest4" name="test033" time="0"/>
  <testcase classname="RegressionTest4" name="test034" time="0"/>
  <testcase classname="RegressionTest4" name="test035" time="0"/>
  <testcase classname="RegressionTest4" name="test036" time="0"/>
  <testcase classname="RegressionTest4" name="test037" time="0"/>
  <testcase classname="RegressionTest4" name="test038" time="0"/>
  <testcase classname="RegressionTest4" name="test039" time="0"/>
  <testcase classname="RegressionTest4" name="test040" time="0"/>
  <testcase classname="RegressionTest4" name="test041" time="0"/>
  <testcase classname="RegressionTest4" name="test042" time="0"/>
  <testcase classname="RegressionTest4" name="test043" time="0"/>
  <testcase classname="RegressionTest4" name="test044" time="0"/>
  <testcase classname="RegressionTest4" name="test045" time="0"/>
  <testcase classname="RegressionTest4" name="test046" time="0"/>
  <testcase classname="RegressionTest4" name="test047" time="0"/>
  <testcase classname="RegressionTest4" name="test048" time="0.001"/>
  <testcase classname="RegressionTest4" name="test049" time="0"/>
  <testcase classname="RegressionTest4" name="test050" time="0"/>
  <testcase classname="RegressionTest4" name="test051" time="0"/>
  <testcase classname="RegressionTest4" name="test052" time="0"/>
  <testcase classname="RegressionTest4" name="test053" time="0"/>
  <testcase classname="RegressionTest4" name="test054" time="0"/>
  <testcase classname="RegressionTest4" name="test055" time="0"/>
  <testcase classname="RegressionTest4" name="test056" time="0"/>
  <testcase classname="RegressionTest4" name="test057" time="0"/>
  <testcase classname="RegressionTest4" name="test058" time="0"/>
  <testcase classname="RegressionTest4" name="test059" time="0"/>
  <testcase classname="RegressionTest4" name="test060" time="0"/>
  <testcase classname="RegressionTest4" name="test061" time="0"/>
  <testcase classname="RegressionTest4" name="test062" time="0"/>
  <testcase classname="RegressionTest4" name="test063" time="0"/>
  <testcase classname="RegressionTest4" name="test064" time="0.002"/>
  <testcase classname="RegressionTest4" name="test065" time="0"/>
  <testcase classname="RegressionTest4" name="test066" time="0"/>
  <testcase classname="RegressionTest4" name="test067" time="0"/>
  <testcase classname="RegressionTest4" name="test068" time="0"/>
  <testcase classname="RegressionTest4" name="test069" time="0"/>
  <testcase classname="RegressionTest4" name="test070" time="0"/>
  <testcase classname="RegressionTest4" name="test071" time="0"/>
  <testcase classname="RegressionTest4" name="test072" time="0"/>
  <testcase classname="RegressionTest4" name="test073" time="0.001"/>
  <testcase classname="RegressionTest4" name="test074" time="0"/>
  <testcase classname="RegressionTest4" name="test075" time="0"/>
  <testcase classname="RegressionTest4" name="test076" time="0"/>
  <testcase classname="RegressionTest4" name="test077" time="0"/>
  <testcase classname="RegressionTest4" name="test078" time="0"/>
  <testcase classname="RegressionTest4" name="test079" time="0"/>
  <testcase classname="RegressionTest4" name="test080" time="0"/>
  <testcase classname="RegressionTest4" name="test081" time="0"/>
  <testcase classname="RegressionTest4" name="test082" time="0"/>
  <testcase classname="RegressionTest4" name="test083" time="0"/>
  <testcase classname="RegressionTest4" name="test084" time="0"/>
  <testcase classname="RegressionTest4" name="test085" time="0"/>
  <testcase classname="RegressionTest4" name="test086" time="0"/>
  <testcase classname="RegressionTest4" name="test087" time="0"/>
  <testcase classname="RegressionTest4" name="test088" time="0"/>
  <testcase classname="RegressionTest4" name="test089" time="0"/>
  <testcase classname="RegressionTest4" name="test090" time="0.001"/>
  <testcase classname="RegressionTest4" name="test091" time="0"/>
  <testcase classname="RegressionTest4" name="test092" time="0"/>
  <testcase classname="RegressionTest4" name="test093" time="0"/>
  <testcase classname="RegressionTest4" name="test094" time="0"/>
  <testcase classname="RegressionTest4" name="test095" time="0"/>
  <testcase classname="RegressionTest4" name="test096" time="0"/>
  <testcase classname="RegressionTest4" name="test097" time="0"/>
  <testcase classname="RegressionTest4" name="test098" time="0"/>
  <testcase classname="RegressionTest4" name="test099" time="0"/>
  <testcase classname="RegressionTest4" name="test100" time="0"/>
  <testcase classname="RegressionTest4" name="test101" time="0"/>
  <testcase classname="RegressionTest4" name="test102" time="0"/>
  <testcase classname="RegressionTest4" name="test103" time="0"/>
  <testcase classname="RegressionTest4" name="test104" time="0"/>
  <testcase classname="RegressionTest4" name="test105" time="0"/>
  <testcase classname="RegressionTest4" name="test106" time="0"/>
  <testcase classname="RegressionTest4" name="test107" time="0"/>
  <testcase classname="RegressionTest4" name="test108" time="0"/>
  <testcase classname="RegressionTest4" name="test109" time="0"/>
  <testcase classname="RegressionTest4" name="test110" time="0"/>
  <testcase classname="RegressionTest4" name="test111" time="0"/>
  <testcase classname="RegressionTest4" name="test112" time="0"/>
  <testcase classname="RegressionTest4" name="test113" time="0.001"/>
  <testcase classname="RegressionTest4" name="test114" time="0"/>
  <testcase classname="RegressionTest4" name="test115" time="0"/>
  <testcase classname="RegressionTest4" name="test116" time="0"/>
  <testcase classname="RegressionTest4" name="test117" time="0"/>
  <testcase classname="RegressionTest4" name="test118" time="0"/>
  <testcase classname="RegressionTest4" name="test119" time="0"/>
  <testcase classname="RegressionTest4" name="test120" time="0"/>
  <testcase classname="RegressionTest4" name="test121" time="0"/>
  <testcase classname="RegressionTest4" name="test122" time="0"/>
  <testcase classname="RegressionTest4" name="test123" time="0"/>
  <testcase classname="RegressionTest4" name="test124" time="0"/>
  <testcase classname="RegressionTest4" name="test125" time="0"/>
  <testcase classname="RegressionTest4" name="test126" time="0"/>
  <testcase classname="RegressionTest4" name="test127" time="0"/>
  <testcase classname="RegressionTest4" name="test128" time="0"/>
  <testcase classname="RegressionTest4" name="test129" time="0"/>
  <testcase classname="RegressionTest4" name="test130" time="0"/>
  <testcase classname="RegressionTest4" name="test131" time="0.001"/>
  <testcase classname="RegressionTest4" name="test132" time="0"/>
  <testcase classname="RegressionTest4" name="test133" time="0"/>
  <testcase classname="RegressionTest4" name="test134" time="0"/>
  <testcase classname="RegressionTest4" name="test135" time="0"/>
  <testcase classname="RegressionTest4" name="test136" time="0"/>
  <testcase classname="RegressionTest4" name="test137" time="0"/>
  <testcase classname="RegressionTest4" name="test138" time="0"/>
  <testcase classname="RegressionTest4" name="test139" time="0"/>
  <testcase classname="RegressionTest4" name="test140" time="0"/>
  <testcase classname="RegressionTest4" name="test141" time="0"/>
  <testcase classname="RegressionTest4" name="test142" time="0"/>
  <testcase classname="RegressionTest4" name="test143" time="0"/>
  <testcase classname="RegressionTest4" name="test144" time="0"/>
  <testcase classname="RegressionTest4" name="test145" time="0"/>
  <testcase classname="RegressionTest4" name="test146" time="0"/>
  <testcase classname="RegressionTest4" name="test147" time="0"/>
  <testcase classname="RegressionTest4" name="test148" time="0"/>
  <testcase classname="RegressionTest4" name="test149" time="0.001"/>
  <testcase classname="RegressionTest4" name="test150" time="0"/>
  <testcase classname="RegressionTest4" name="test151" time="0"/>
  <testcase classname="RegressionTest4" name="test152" time="0"/>
  <testcase classname="RegressionTest4" name="test153" time="0"/>
  <testcase classname="RegressionTest4" name="test154" time="0"/>
  <testcase classname="RegressionTest4" name="test155" time="0"/>
  <testcase classname="RegressionTest4" name="test156" time="0"/>
  <testcase classname="RegressionTest4" name="test157" time="0"/>
  <testcase classname="RegressionTest4" name="test158" time="0"/>
  <testcase classname="RegressionTest4" name="test159" time="0"/>
  <testcase classname="RegressionTest4" name="test160" time="0"/>
  <testcase classname="RegressionTest4" name="test161" time="0"/>
  <testcase classname="RegressionTest4" name="test162" time="0"/>
  <testcase classname="RegressionTest4" name="test163" time="0"/>
  <testcase classname="RegressionTest4" name="test164" time="0.001"/>
  <testcase classname="RegressionTest4" name="test165" time="0"/>
  <testcase classname="RegressionTest4" name="test166" time="0"/>
  <testcase classname="RegressionTest4" name="test167" time="0"/>
  <testcase classname="RegressionTest4" name="test168" time="0"/>
  <testcase classname="RegressionTest4" name="test169" time="0"/>
  <testcase classname="RegressionTest4" name="test170" time="0"/>
  <testcase classname="RegressionTest4" name="test171" time="0"/>
  <testcase classname="RegressionTest4" name="test172" time="0"/>
  <testcase classname="RegressionTest4" name="test173" time="0"/>
  <testcase classname="RegressionTest4" name="test174" time="0"/>
  <testcase classname="RegressionTest4" name="test175" time="0"/>
  <testcase classname="RegressionTest4" name="test176" time="0"/>
  <testcase classname="RegressionTest4" name="test177" time="0"/>
  <testcase classname="RegressionTest4" name="test178" time="0.001"/>
  <testcase classname="RegressionTest4" name="test179" time="0"/>
  <testcase classname="RegressionTest4" name="test180" time="0"/>
  <testcase classname="RegressionTest4" name="test181" time="0"/>
  <testcase classname="RegressionTest4" name="test182" time="0"/>
  <testcase classname="RegressionTest4" name="test183" time="0"/>
  <testcase classname="RegressionTest4" name="test184" time="0"/>
  <testcase classname="RegressionTest4" name="test185" time="0"/>
  <testcase classname="RegressionTest4" name="test186" time="0"/>
  <testcase classname="RegressionTest4" name="test187" time="0"/>
  <testcase classname="RegressionTest4" name="test188" time="0"/>
  <testcase classname="RegressionTest4" name="test189" time="0"/>
  <testcase classname="RegressionTest4" name="test190" time="0"/>
  <testcase classname="RegressionTest4" name="test191" time="0"/>
  <testcase classname="RegressionTest4" name="test192" time="0"/>
  <testcase classname="RegressionTest4" name="test193" time="0"/>
  <testcase classname="RegressionTest4" name="test194" time="0"/>
  <testcase classname="RegressionTest4" name="test195" time="0"/>
  <testcase classname="RegressionTest4" name="test196" time="0.001"/>
  <testcase classname="RegressionTest4" name="test197" time="0"/>
  <testcase classname="RegressionTest4" name="test198" time="0"/>
  <testcase classname="RegressionTest4" name="test199" time="0"/>
  <testcase classname="RegressionTest4" name="test200" time="0"/>
  <testcase classname="RegressionTest4" name="test201" time="0"/>
  <testcase classname="RegressionTest4" name="test202" time="0"/>
  <testcase classname="RegressionTest4" name="test203" time="0.001"/>
  <testcase classname="RegressionTest4" name="test204" time="0"/>
  <testcase classname="RegressionTest4" name="test205" time="0"/>
  <testcase classname="RegressionTest4" name="test206" time="0"/>
  <testcase classname="RegressionTest4" name="test207" time="0"/>
  <testcase classname="RegressionTest4" name="test208" time="0"/>
  <testcase classname="RegressionTest4" name="test209" time="0"/>
  <testcase classname="RegressionTest4" name="test210" time="0"/>
  <testcase classname="RegressionTest4" name="test211" time="0"/>
  <testcase classname="RegressionTest4" name="test212" time="0"/>
  <testcase classname="RegressionTest4" name="test213" time="0"/>
  <testcase classname="RegressionTest4" name="test214" time="0"/>
  <testcase classname="RegressionTest4" name="test215" time="0"/>
  <testcase classname="RegressionTest4" name="test216" time="0"/>
  <testcase classname="RegressionTest4" name="test217" time="0"/>
  <testcase classname="RegressionTest4" name="test218" time="0"/>
  <testcase classname="RegressionTest4" name="test219" time="0.001"/>
  <testcase classname="RegressionTest4" name="test220" time="0"/>
  <testcase classname="RegressionTest4" name="test221" time="0"/>
  <testcase classname="RegressionTest4" name="test222" time="0"/>
  <testcase classname="RegressionTest4" name="test223" time="0"/>
  <testcase classname="RegressionTest4" name="test224" time="0"/>
  <testcase classname="RegressionTest4" name="test225" time="0"/>
  <testcase classname="RegressionTest4" name="test226" time="0"/>
  <testcase classname="RegressionTest4" name="test227" time="0"/>
  <testcase classname="RegressionTest4" name="test228" time="0"/>
  <testcase classname="RegressionTest4" name="test229" time="0"/>
  <testcase classname="RegressionTest4" name="test230" time="0"/>
  <testcase classname="RegressionTest4" name="test231" time="0"/>
  <testcase classname="RegressionTest4" name="test232" time="0"/>
  <testcase classname="RegressionTest4" name="test233" time="0"/>
  <testcase classname="RegressionTest4" name="test234" time="0"/>
  <testcase classname="RegressionTest4" name="test235" time="0"/>
  <testcase classname="RegressionTest4" name="test236" time="0.002"/>
  <testcase classname="RegressionTest4" name="test237" time="0"/>
  <testcase classname="RegressionTest4" name="test238" time="0"/>
  <testcase classname="RegressionTest4" name="test239" time="0"/>
  <testcase classname="RegressionTest4" name="test240" time="0"/>
  <testcase classname="RegressionTest4" name="test241" time="0"/>
  <testcase classname="RegressionTest4" name="test242" time="0"/>
  <testcase classname="RegressionTest4" name="test243" time="0"/>
  <testcase classname="RegressionTest4" name="test244" time="0"/>
  <testcase classname="RegressionTest4" name="test245" time="0"/>
  <testcase classname="RegressionTest4" name="test246" time="0"/>
  <testcase classname="RegressionTest4" name="test247" time="0"/>
  <testcase classname="RegressionTest4" name="test248" time="0"/>
  <testcase classname="RegressionTest4" name="test249" time="0"/>
  <testcase classname="RegressionTest4" name="test250" time="0"/>
  <testcase classname="RegressionTest4" name="test251" time="0"/>
  <testcase classname="RegressionTest4" name="test252" time="0"/>
  <testcase classname="RegressionTest4" name="test253" time="0"/>
  <testcase classname="RegressionTest4" name="test254" time="0"/>
  <testcase classname="RegressionTest4" name="test255" time="0"/>
  <testcase classname="RegressionTest4" name="test256" time="0"/>
  <testcase classname="RegressionTest4" name="test257" time="0"/>
  <testcase classname="RegressionTest4" name="test258" time="0"/>
  <testcase classname="RegressionTest4" name="test259" time="0"/>
  <testcase classname="RegressionTest4" name="test260" time="0"/>
  <testcase classname="RegressionTest4" name="test261" time="0"/>
  <testcase classname="RegressionTest4" name="test262" time="0"/>
  <testcase classname="RegressionTest4" name="test263" time="0"/>
  <testcase classname="RegressionTest4" name="test264" time="0"/>
  <testcase classname="RegressionTest4" name="test265" time="0"/>
  <testcase classname="RegressionTest4" name="test266" time="0"/>
  <testcase classname="RegressionTest4" name="test267" time="0"/>
  <testcase classname="RegressionTest4" name="test268" time="0"/>
  <testcase classname="RegressionTest4" name="test269" time="0"/>
  <testcase classname="RegressionTest4" name="test270" time="0"/>
  <testcase classname="RegressionTest4" name="test271" time="0"/>
  <testcase classname="RegressionTest4" name="test272" time="0"/>
  <testcase classname="RegressionTest4" name="test273" time="0.001"/>
  <testcase classname="RegressionTest4" name="test274" time="0"/>
  <testcase classname="RegressionTest4" name="test275" time="0"/>
  <testcase classname="RegressionTest4" name="test276" time="0"/>
  <testcase classname="RegressionTest4" name="test277" time="0"/>
  <testcase classname="RegressionTest4" name="test278" time="0"/>
  <testcase classname="RegressionTest4" name="test279" time="0"/>
  <testcase classname="RegressionTest4" name="test280" time="0"/>
  <testcase classname="RegressionTest4" name="test281" time="0"/>
  <testcase classname="RegressionTest4" name="test282" time="0"/>
  <testcase classname="RegressionTest4" name="test283" time="0"/>
  <testcase classname="RegressionTest4" name="test284" time="0"/>
  <testcase classname="RegressionTest4" name="test285" time="0"/>
  <testcase classname="RegressionTest4" name="test286" time="0.001"/>
  <testcase classname="RegressionTest4" name="test287" time="0"/>
  <testcase classname="RegressionTest4" name="test288" time="0"/>
  <testcase classname="RegressionTest4" name="test289" time="0"/>
  <testcase classname="RegressionTest4" name="test290" time="0"/>
  <testcase classname="RegressionTest4" name="test291" time="0"/>
  <testcase classname="RegressionTest4" name="test292" time="0"/>
  <testcase classname="RegressionTest4" name="test293" time="0"/>
  <testcase classname="RegressionTest4" name="test294" time="0"/>
  <testcase classname="RegressionTest4" name="test295" time="0"/>
  <testcase classname="RegressionTest4" name="test296" time="0"/>
  <testcase classname="RegressionTest4" name="test297" time="0"/>
  <testcase classname="RegressionTest4" name="test298" time="0"/>
  <testcase classname="RegressionTest4" name="test299" time="0"/>
  <testcase classname="RegressionTest4" name="test300" time="0"/>
  <testcase classname="RegressionTest4" name="test301" time="0"/>
  <testcase classname="RegressionTest4" name="test302" time="0"/>
  <testcase classname="RegressionTest4" name="test303" time="0"/>
  <testcase classname="RegressionTest4" name="test304" time="0.001"/>
  <testcase classname="RegressionTest4" name="test305" time="0"/>
  <testcase classname="RegressionTest4" name="test306" time="0.002"/>
  <testcase classname="RegressionTest4" name="test307" time="0"/>
  <testcase classname="RegressionTest4" name="test308" time="0"/>
  <testcase classname="RegressionTest4" name="test309" time="0"/>
  <testcase classname="RegressionTest4" name="test310" time="0"/>
  <testcase classname="RegressionTest4" name="test311" time="0"/>
  <testcase classname="RegressionTest4" name="test312" time="0"/>
  <testcase classname="RegressionTest4" name="test313" time="0"/>
  <testcase classname="RegressionTest4" name="test314" time="0"/>
  <testcase classname="RegressionTest4" name="test315" time="0"/>
  <testcase classname="RegressionTest4" name="test316" time="0"/>
  <testcase classname="RegressionTest4" name="test317" time="0"/>
  <testcase classname="RegressionTest4" name="test318" time="0"/>
  <testcase classname="RegressionTest4" name="test319" time="0"/>
  <testcase classname="RegressionTest4" name="test320" time="0"/>
  <testcase classname="RegressionTest4" name="test321" time="0"/>
  <testcase classname="RegressionTest4" name="test322" time="0"/>
  <testcase classname="RegressionTest4" name="test323" time="0"/>
  <testcase classname="RegressionTest4" name="test324" time="0"/>
  <testcase classname="RegressionTest4" name="test325" time="0"/>
  <testcase classname="RegressionTest4" name="test326" time="0"/>
  <testcase classname="RegressionTest4" name="test327" time="0"/>
  <testcase classname="RegressionTest4" name="test328" time="0"/>
  <testcase classname="RegressionTest4" name="test329" time="0"/>
  <testcase classname="RegressionTest4" name="test330" time="0"/>
  <testcase classname="RegressionTest4" name="test331" time="0"/>
  <testcase classname="RegressionTest4" name="test332" time="0"/>
  <testcase classname="RegressionTest4" name="test333" time="0"/>
  <testcase classname="RegressionTest4" name="test334" time="0"/>
  <testcase classname="RegressionTest4" name="test335" time="0"/>
  <testcase classname="RegressionTest4" name="test336" time="0"/>
  <testcase classname="RegressionTest4" name="test337" time="0.001"/>
  <testcase classname="RegressionTest4" name="test338" time="0"/>
  <testcase classname="RegressionTest4" name="test339" time="0"/>
  <testcase classname="RegressionTest4" name="test340" time="0"/>
  <testcase classname="RegressionTest4" name="test341" time="0"/>
  <testcase classname="RegressionTest4" name="test342" time="0"/>
  <testcase classname="RegressionTest4" name="test343" time="0"/>
  <testcase classname="RegressionTest4" name="test344" time="0"/>
  <testcase classname="RegressionTest4" name="test345" time="0.001"/>
  <testcase classname="RegressionTest4" name="test346" time="0"/>
  <testcase classname="RegressionTest4" name="test347" time="0"/>
  <testcase classname="RegressionTest4" name="test348" time="0"/>
  <testcase classname="RegressionTest4" name="test349" time="0"/>
  <testcase classname="RegressionTest4" name="test350" time="0"/>
  <testcase classname="RegressionTest4" name="test351" time="0"/>
  <testcase classname="RegressionTest4" name="test352" time="0"/>
  <testcase classname="RegressionTest4" name="test353" time="0"/>
  <testcase classname="RegressionTest4" name="test354" time="0"/>
  <testcase classname="RegressionTest4" name="test355" time="0"/>
  <testcase classname="RegressionTest4" name="test356" time="0"/>
  <testcase classname="RegressionTest4" name="test357" time="0"/>
  <testcase classname="RegressionTest4" name="test358" time="0"/>
  <testcase classname="RegressionTest4" name="test359" time="0"/>
  <testcase classname="RegressionTest4" name="test360" time="0"/>
  <testcase classname="RegressionTest4" name="test361" time="0.001"/>
  <testcase classname="RegressionTest4" name="test362" time="0"/>
  <testcase classname="RegressionTest4" name="test363" time="0"/>
  <testcase classname="RegressionTest4" name="test364" time="0"/>
  <testcase classname="RegressionTest4" name="test365" time="0"/>
  <testcase classname="RegressionTest4" name="test366" time="0"/>
  <testcase classname="RegressionTest4" name="test367" time="0"/>
  <testcase classname="RegressionTest4" name="test368" time="0"/>
  <testcase classname="RegressionTest4" name="test369" time="0"/>
  <testcase classname="RegressionTest4" name="test370" time="0"/>
  <testcase classname="RegressionTest4" name="test371" time="0"/>
  <testcase classname="RegressionTest4" name="test372" time="0"/>
  <testcase classname="RegressionTest4" name="test373" time="0"/>
  <testcase classname="RegressionTest4" name="test374" time="0"/>
  <testcase classname="RegressionTest4" name="test375" time="0"/>
  <testcase classname="RegressionTest4" name="test376" time="0"/>
  <testcase classname="RegressionTest4" name="test377" time="0"/>
  <testcase classname="RegressionTest4" name="test378" time="0.001"/>
  <testcase classname="RegressionTest4" name="test379" time="0.001"/>
  <testcase classname="RegressionTest4" name="test380" time="0"/>
  <testcase classname="RegressionTest4" name="test381" time="0"/>
  <testcase classname="RegressionTest4" name="test382" time="0"/>
  <testcase classname="RegressionTest4" name="test383" time="0"/>
  <testcase classname="RegressionTest4" name="test384" time="0"/>
  <testcase classname="RegressionTest4" name="test385" time="0"/>
  <testcase classname="RegressionTest4" name="test386" time="0"/>
  <testcase classname="RegressionTest4" name="test387" time="0.001"/>
  <testcase classname="RegressionTest4" name="test388" time="0"/>
  <testcase classname="RegressionTest4" name="test389" time="0"/>
  <testcase classname="RegressionTest4" name="test390" time="0"/>
  <testcase classname="RegressionTest4" name="test391" time="0"/>
  <testcase classname="RegressionTest4" name="test392" time="0"/>
  <testcase classname="RegressionTest4" name="test393" time="0"/>
  <testcase classname="RegressionTest4" name="test394" time="0"/>
  <testcase classname="RegressionTest4" name="test395" time="0"/>
  <testcase classname="RegressionTest4" name="test396" time="0"/>
  <testcase classname="RegressionTest4" name="test397" time="0"/>
  <testcase classname="RegressionTest4" name="test398" time="0"/>
  <testcase classname="RegressionTest4" name="test399" time="0"/>
  <testcase classname="RegressionTest4" name="test400" time="0"/>
  <testcase classname="RegressionTest4" name="test401" time="0"/>
  <testcase classname="RegressionTest4" name="test402" time="0"/>
  <testcase classname="RegressionTest4" name="test403" time="0"/>
  <testcase classname="RegressionTest4" name="test404" time="0"/>
  <testcase classname="RegressionTest4" name="test405" time="0"/>
  <testcase classname="RegressionTest4" name="test406" time="0.001"/>
  <testcase classname="RegressionTest4" name="test407" time="0"/>
  <testcase classname="RegressionTest4" name="test408" time="0"/>
  <testcase classname="RegressionTest4" name="test409" time="0"/>
  <testcase classname="RegressionTest4" name="test410" time="0"/>
  <testcase classname="RegressionTest4" name="test411" time="0"/>
  <testcase classname="RegressionTest4" name="test412" time="0"/>
  <testcase classname="RegressionTest4" name="test413" time="0"/>
  <testcase classname="RegressionTest4" name="test414" time="0"/>
  <testcase classname="RegressionTest4" name="test415" time="0"/>
  <testcase classname="RegressionTest4" name="test416" time="0"/>
  <testcase classname="RegressionTest4" name="test417" time="0"/>
  <testcase classname="RegressionTest4" name="test418" time="0.001"/>
  <testcase classname="RegressionTest4" name="test419" time="0"/>
  <testcase classname="RegressionTest4" name="test420" time="0"/>
  <testcase classname="RegressionTest4" name="test421" time="0"/>
  <testcase classname="RegressionTest4" name="test422" time="0"/>
  <testcase classname="RegressionTest4" name="test423" time="0"/>
  <testcase classname="RegressionTest4" name="test424" time="0"/>
  <testcase classname="RegressionTest4" name="test425" time="0"/>
  <testcase classname="RegressionTest4" name="test426" time="0"/>
  <testcase classname="RegressionTest4" name="test427" time="0"/>
  <testcase classname="RegressionTest4" name="test428" time="0.001"/>
  <testcase classname="RegressionTest4" name="test429" time="0"/>
  <testcase classname="RegressionTest4" name="test430" time="0"/>
  <testcase classname="RegressionTest4" name="test431" time="0"/>
  <testcase classname="RegressionTest4" name="test432" time="0"/>
  <testcase classname="RegressionTest4" name="test433" time="0"/>
  <testcase classname="RegressionTest4" name="test434" time="0"/>
  <testcase classname="RegressionTest4" name="test435" time="0"/>
  <testcase classname="RegressionTest4" name="test436" time="0"/>
  <testcase classname="RegressionTest4" name="test437" time="0"/>
  <testcase classname="RegressionTest4" name="test438" time="0.001"/>
  <testcase classname="RegressionTest4" name="test439" time="0"/>
  <testcase classname="RegressionTest4" name="test440" time="0"/>
  <testcase classname="RegressionTest4" name="test441" time="0"/>
  <testcase classname="RegressionTest4" name="test442" time="0"/>
  <testcase classname="RegressionTest4" name="test443" time="0"/>
  <testcase classname="RegressionTest4" name="test444" time="0"/>
  <testcase classname="RegressionTest4" name="test445" time="0"/>
  <testcase classname="RegressionTest4" name="test446" time="0"/>
  <testcase classname="RegressionTest4" name="test447" time="0"/>
  <testcase classname="RegressionTest4" name="test448" time="0"/>
  <testcase classname="RegressionTest4" name="test449" time="0.001"/>
  <testcase classname="RegressionTest4" name="test450" time="0"/>
  <testcase classname="RegressionTest4" name="test451" time="0"/>
  <testcase classname="RegressionTest4" name="test452" time="0"/>
  <testcase classname="RegressionTest4" name="test453" time="0"/>
  <testcase classname="RegressionTest4" name="test454" time="0"/>
  <testcase classname="RegressionTest4" name="test455" time="0"/>
  <testcase classname="RegressionTest4" name="test456" time="0"/>
  <testcase classname="RegressionTest4" name="test457" time="0"/>
  <testcase classname="RegressionTest4" name="test458" time="0"/>
  <testcase classname="RegressionTest4" name="test459" time="0.001"/>
  <testcase classname="RegressionTest4" name="test460" time="0"/>
  <testcase classname="RegressionTest4" name="test461" time="0"/>
  <testcase classname="RegressionTest4" name="test462" time="0"/>
  <testcase classname="RegressionTest4" name="test463" time="0"/>
  <testcase classname="RegressionTest4" name="test464" time="0"/>
  <testcase classname="RegressionTest4" name="test465" time="0"/>
  <testcase classname="RegressionTest4" name="test466" time="0"/>
  <testcase classname="RegressionTest4" name="test467" time="0"/>
  <testcase classname="RegressionTest4" name="test468" time="0.001"/>
  <testcase classname="RegressionTest4" name="test469" time="0"/>
  <testcase classname="RegressionTest4" name="test470" time="0"/>
  <testcase classname="RegressionTest4" name="test471" time="0"/>
  <testcase classname="RegressionTest4" name="test472" time="0"/>
  <testcase classname="RegressionTest4" name="test473" time="0"/>
  <testcase classname="RegressionTest4" name="test474" time="0"/>
  <testcase classname="RegressionTest4" name="test475" time="0"/>
  <testcase classname="RegressionTest4" name="test476" time="0"/>
  <testcase classname="RegressionTest4" name="test477" time="0"/>
  <testcase classname="RegressionTest4" name="test478" time="0"/>
  <testcase classname="RegressionTest4" name="test479" time="0"/>
  <testcase classname="RegressionTest4" name="test480" time="0.001"/>
  <testcase classname="RegressionTest4" name="test481" time="0"/>
  <testcase classname="RegressionTest4" name="test482" time="0"/>
  <testcase classname="RegressionTest4" name="test483" time="0"/>
  <testcase classname="RegressionTest4" name="test484" time="0"/>
  <testcase classname="RegressionTest4" name="test485" time="0"/>
  <testcase classname="RegressionTest4" name="test486" time="0"/>
  <testcase classname="RegressionTest4" name="test487" time="0"/>
  <testcase classname="RegressionTest4" name="test488" time="0"/>
  <testcase classname="RegressionTest4" name="test489" time="0"/>
  <testcase classname="RegressionTest4" name="test490" time="0"/>
  <testcase classname="RegressionTest4" name="test491" time="0"/>
  <testcase classname="RegressionTest4" name="test492" time="0"/>
  <testcase classname="RegressionTest4" name="test493" time="0"/>
  <testcase classname="RegressionTest4" name="test494" time="0"/>
  <testcase classname="RegressionTest4" name="test495" time="0"/>
  <testcase classname="RegressionTest4" name="test496" time="0"/>
  <testcase classname="RegressionTest4" name="test497" time="0"/>
  <testcase classname="RegressionTest4" name="test498" time="0"/>
  <testcase classname="RegressionTest4" name="test499" time="0"/>
  <testcase classname="RegressionTest4" name="test500" time="0"/>
  <testcase classname="RegressionTest5" name="test001" time="0"/>
  <testcase classname="RegressionTest5" name="test002" time="0.001"/>
  <testcase classname="RegressionTest5" name="test003" time="0"/>
  <testcase classname="RegressionTest5" name="test004" time="0"/>
  <testcase classname="RegressionTest5" name="test005" time="0"/>
  <testcase classname="RegressionTest5" name="test006" time="0"/>
  <testcase classname="RegressionTest5" name="test007" time="0"/>
  <testcase classname="RegressionTest5" name="test008" time="0"/>
  <testcase classname="RegressionTest5" name="test009" time="0"/>
  <testcase classname="RegressionTest5" name="test010" time="0"/>
  <testcase classname="RegressionTest5" name="test011" time="0"/>
  <testcase classname="RegressionTest5" name="test012" time="0"/>
  <testcase classname="RegressionTest5" name="test013" time="0"/>
  <testcase classname="RegressionTest5" name="test014" time="0"/>
  <testcase classname="RegressionTest5" name="test015" time="0"/>
  <testcase classname="RegressionTest5" name="test016" time="0"/>
  <testcase classname="RegressionTest5" name="test017" time="0"/>
  <testcase classname="RegressionTest5" name="test018" time="0"/>
  <testcase classname="RegressionTest5" name="test019" time="0"/>
  <testcase classname="RegressionTest5" name="test020" time="0"/>
  <testcase classname="RegressionTest5" name="test021" time="0"/>
  <testcase classname="RegressionTest5" name="test022" time="0"/>
  <testcase classname="RegressionTest5" name="test023" time="0"/>
  <testcase classname="RegressionTest5" name="test024" time="0"/>
  <testcase classname="RegressionTest5" name="test025" time="0"/>
  <testcase classname="RegressionTest5" name="test026" time="0"/>
  <testcase classname="RegressionTest5" name="test027" time="0.001"/>
  <testcase classname="RegressionTest5" name="test028" time="0"/>
  <testcase classname="RegressionTest5" name="test029" time="0"/>
  <testcase classname="RegressionTest5" name="test030" time="0"/>
  <testcase classname="RegressionTest5" name="test031" time="0"/>
  <testcase classname="RegressionTest5" name="test032" time="0"/>
  <testcase classname="RegressionTest5" name="test033" time="0"/>
  <testcase classname="RegressionTest5" name="test034" time="0"/>
  <testcase classname="RegressionTest5" name="test035" time="0"/>
  <testcase classname="RegressionTest5" name="test036" time="0"/>
  <testcase classname="RegressionTest5" name="test037" time="0"/>
  <testcase classname="RegressionTest5" name="test038" time="0"/>
  <testcase classname="RegressionTest5" name="test039" time="0"/>
  <testcase classname="RegressionTest5" name="test040" time="0"/>
  <testcase classname="RegressionTest5" name="test041" time="0"/>
  <testcase classname="RegressionTest5" name="test042" time="0"/>
  <testcase classname="RegressionTest5" name="test043" time="0"/>
  <testcase classname="RegressionTest5" name="test044" time="0"/>
  <testcase classname="RegressionTest5" name="test045" time="0"/>
  <testcase classname="RegressionTest5" name="test046" time="0"/>
  <testcase classname="RegressionTest5" name="test047" time="0"/>
  <testcase classname="RegressionTest5" name="test048" time="0"/>
  <testcase classname="RegressionTest5" name="test049" time="0"/>
  <testcase classname="RegressionTest5" name="test050" time="0"/>
  <testcase classname="RegressionTest5" name="test051" time="0"/>
  <testcase classname="RegressionTest5" name="test052" time="0"/>
  <testcase classname="RegressionTest5" name="test053" time="0"/>
  <testcase classname="RegressionTest5" name="test054" time="0"/>
  <testcase classname="RegressionTest5" name="test055" time="0"/>
  <testcase classname="RegressionTest5" name="test056" time="0"/>
  <testcase classname="RegressionTest5" name="test057" time="0"/>
  <testcase classname="RegressionTest5" name="test058" time="0"/>
  <testcase classname="RegressionTest5" name="test059" time="0"/>
  <testcase classname="RegressionTest5" name="test060" time="0"/>
  <testcase classname="RegressionTest5" name="test061" time="0"/>
  <testcase classname="RegressionTest5" name="test062" time="0"/>
  <testcase classname="RegressionTest5" name="test063" time="0.001"/>
  <testcase classname="RegressionTest5" name="test064" time="0"/>
  <testcase classname="RegressionTest5" name="test065" time="0"/>
  <testcase classname="RegressionTest5" name="test066" time="0"/>
  <testcase classname="RegressionTest5" name="test067" time="0"/>
  <testcase classname="RegressionTest5" name="test068" time="0"/>
  <testcase classname="RegressionTest5" name="test069" time="0"/>
  <testcase classname="RegressionTest5" name="test070" time="0"/>
  <testcase classname="RegressionTest5" name="test071" time="0"/>
  <testcase classname="RegressionTest5" name="test072" time="0"/>
  <testcase classname="RegressionTest5" name="test073" time="0"/>
  <testcase classname="RegressionTest5" name="test074" time="0"/>
  <testcase classname="RegressionTest5" name="test075" time="0.001"/>
  <testcase classname="RegressionTest5" name="test076" time="0"/>
  <testcase classname="RegressionTest5" name="test077" time="0"/>
  <testcase classname="RegressionTest5" name="test078" time="0"/>
  <testcase classname="RegressionTest5" name="test079" time="0"/>
  <testcase classname="RegressionTest5" name="test080" time="0"/>
  <testcase classname="RegressionTest5" name="test081" time="0"/>
  <testcase classname="RegressionTest5" name="test082" time="0"/>
  <testcase classname="RegressionTest5" name="test083" time="0"/>
  <testcase classname="RegressionTest5" name="test084" time="0"/>
  <testcase classname="RegressionTest5" name="test085" time="0"/>
  <testcase classname="RegressionTest5" name="test086" time="0"/>
  <testcase classname="RegressionTest5" name="test087" time="0.001"/>
  <testcase classname="RegressionTest5" name="test088" time="0"/>
  <testcase classname="RegressionTest5" name="test089" time="0"/>
  <testcase classname="RegressionTest5" name="test090" time="0"/>
  <testcase classname="RegressionTest5" name="test091" time="0"/>
  <testcase classname="RegressionTest5" name="test092" time="0"/>
  <testcase classname="RegressionTest5" name="test093" time="0"/>
  <testcase classname="RegressionTest5" name="test094" time="0"/>
  <testcase classname="RegressionTest5" name="test095" time="0"/>
  <testcase classname="RegressionTest5" name="test096" time="0"/>
  <testcase classname="RegressionTest5" name="test097" time="0"/>
  <testcase classname="RegressionTest5" name="test098" time="0.001"/>
  <testcase classname="RegressionTest5" name="test099" time="0"/>
  <testcase classname="RegressionTest5" name="test100" time="0"/>
  <testcase classname="RegressionTest5" name="test101" time="0"/>
  <testcase classname="RegressionTest5" name="test102" time="0"/>
  <testcase classname="RegressionTest5" name="test103" time="0"/>
  <testcase classname="RegressionTest5" name="test104" time="0"/>
  <testcase classname="RegressionTest5" name="test105" time="0"/>
  <testcase classname="RegressionTest5" name="test106" time="0"/>
  <testcase classname="RegressionTest5" name="test107" time="0"/>
  <testcase classname="RegressionTest5" name="test108" time="0"/>
  <testcase classname="RegressionTest5" name="test109" time="0.001"/>
  <testcase classname="RegressionTest5" name="test110" time="0"/>
  <testcase classname="RegressionTest5" name="test111" time="0"/>
  <testcase classname="RegressionTest5" name="test112" time="0"/>
  <testcase classname="RegressionTest5" name="test113" time="0"/>
  <testcase classname="RegressionTest5" name="test114" time="0"/>
  <testcase classname="RegressionTest5" name="test115" time="0"/>
  <testcase classname="RegressionTest5" name="test116" time="0"/>
  <testcase classname="RegressionTest5" name="test117" time="0.001"/>
  <testcase classname="RegressionTest5" name="test118" time="0"/>
  <testcase classname="RegressionTest5" name="test119" time="0"/>
  <testcase classname="RegressionTest5" name="test120" time="0"/>
  <testcase classname="RegressionTest5" name="test121" time="0"/>
  <testcase classname="RegressionTest5" name="test122" time="0"/>
  <testcase classname="RegressionTest5" name="test123" time="0"/>
  <testcase classname="RegressionTest5" name="test124" time="0"/>
  <testcase classname="RegressionTest5" name="test125" time="0"/>
  <testcase classname="RegressionTest5" name="test126" time="0"/>
  <testcase classname="RegressionTest5" name="test127" time="0"/>
  <testcase classname="RegressionTest5" name="test128" time="0.001"/>
  <testcase classname="RegressionTest5" name="test129" time="0"/>
  <testcase classname="RegressionTest5" name="test130" time="0"/>
  <testcase classname="RegressionTest5" name="test131" time="0"/>
  <testcase classname="RegressionTest5" name="test132" time="0"/>
  <testcase classname="RegressionTest5" name="test133" time="0"/>
  <testcase classname="RegressionTest5" name="test134" time="0"/>
  <testcase classname="RegressionTest5" name="test135" time="0"/>
  <testcase classname="RegressionTest5" name="test136" time="0"/>
  <testcase classname="RegressionTest5" name="test137" time="0"/>
  <testcase classname="RegressionTest5" name="test138" time="0.001"/>
  <testcase classname="RegressionTest5" name="test139" time="0"/>
  <testcase classname="RegressionTest5" name="test140" time="0"/>
  <testcase classname="RegressionTest5" name="test141" time="0"/>
  <testcase classname="RegressionTest5" name="test142" time="0"/>
  <testcase classname="RegressionTest5" name="test143" time="0"/>
  <testcase classname="RegressionTest5" name="test144" time="0"/>
  <testcase classname="RegressionTest5" name="test145" time="0"/>
  <testcase classname="RegressionTest5" name="test146" time="0"/>
  <testcase classname="RegressionTest5" name="test147" time="0"/>
  <testcase classname="RegressionTest5" name="test148" time="0"/>
  <testcase classname="RegressionTest5" name="test149" time="0"/>
  <testcase classname="RegressionTest5" name="test150" time="0"/>
  <testcase classname="RegressionTest5" name="test151" time="0.001"/>
  <testcase classname="RegressionTest5" name="test152" time="0"/>
  <testcase classname="RegressionTest5" name="test153" time="0"/>
  <testcase classname="RegressionTest5" name="test154" time="0"/>
  <testcase classname="RegressionTest5" name="test155" time="0"/>
  <testcase classname="RegressionTest5" name="test156" time="0"/>
  <testcase classname="RegressionTest5" name="test157" time="0"/>
  <testcase classname="RegressionTest5" name="test158" time="0"/>
  <testcase classname="RegressionTest5" name="test159" time="0"/>
  <testcase classname="RegressionTest5" name="test160" time="0"/>
  <testcase classname="RegressionTest5" name="test161" time="0"/>
  <testcase classname="RegressionTest5" name="test162" time="0"/>
  <testcase classname="RegressionTest5" name="test163" time="0"/>
  <testcase classname="RegressionTest5" name="test164" time="0.001"/>
  <testcase classname="RegressionTest5" name="test165" time="0"/>
  <testcase classname="RegressionTest5" name="test166" time="0"/>
  <testcase classname="RegressionTest5" name="test167" time="0"/>
  <testcase classname="RegressionTest5" name="test168" time="0"/>
  <testcase classname="RegressionTest5" name="test169" time="0"/>
  <testcase classname="RegressionTest5" name="test170" time="0"/>
  <testcase classname="RegressionTest5" name="test171" time="0"/>
  <testcase classname="RegressionTest5" name="test172" time="0"/>
  <testcase classname="RegressionTest5" name="test173" time="0"/>
  <testcase classname="RegressionTest5" name="test174" time="0.001"/>
  <testcase classname="RegressionTest5" name="test175" time="0"/>
  <testcase classname="RegressionTest5" name="test176" time="0"/>
  <testcase classname="RegressionTest5" name="test177" time="0"/>
  <testcase classname="RegressionTest5" name="test178" time="0"/>
  <testcase classname="RegressionTest5" name="test179" time="0"/>
  <testcase classname="RegressionTest5" name="test180" time="0"/>
  <testcase classname="RegressionTest5" name="test181" time="0"/>
  <testcase classname="RegressionTest5" name="test182" time="0"/>
  <testcase classname="RegressionTest5" name="test183" time="0"/>
  <testcase classname="RegressionTest5" name="test184" time="0"/>
  <testcase classname="RegressionTest5" name="test185" time="0"/>
  <testcase classname="RegressionTest5" name="test186" time="0"/>
  <testcase classname="RegressionTest5" name="test187" time="0"/>
  <testcase classname="RegressionTest5" name="test188" time="0.001"/>
  <testcase classname="RegressionTest5" name="test189" time="0"/>
  <testcase classname="RegressionTest5" name="test190" time="0"/>
  <testcase classname="RegressionTest5" name="test191" time="0"/>
  <testcase classname="RegressionTest5" name="test192" time="0"/>
  <testcase classname="RegressionTest5" name="test193" time="0"/>
  <testcase classname="RegressionTest5" name="test194" time="0"/>
  <testcase classname="RegressionTest5" name="test195" time="0"/>
  <testcase classname="RegressionTest5" name="test196" time="0"/>
  <testcase classname="RegressionTest5" name="test197" time="0"/>
  <testcase classname="RegressionTest5" name="test198" time="0"/>
  <testcase classname="RegressionTest5" name="test199" time="0"/>
  <testcase classname="RegressionTest5" name="test200" time="0"/>
  <testcase classname="RegressionTest5" name="test201" time="0.001"/>
  <testcase classname="RegressionTest5" name="test202" time="0"/>
  <testcase classname="RegressionTest5" name="test203" time="0"/>
  <testcase classname="RegressionTest5" name="test204" time="0"/>
  <testcase classname="RegressionTest5" name="test205" time="0"/>
  <testcase classname="RegressionTest5" name="test206" time="0"/>
  <testcase classname="RegressionTest5" name="test207" time="0"/>
  <testcase classname="RegressionTest5" name="test208" time="0"/>
  <testcase classname="RegressionTest5" name="test209" time="0"/>
  <testcase classname="RegressionTest5" name="test210" time="0.001"/>
  <testcase classname="RegressionTest5" name="test211" time="0"/>
  <testcase classname="RegressionTest5" name="test212" time="0"/>
  <testcase classname="RegressionTest5" name="test213" time="0"/>
  <testcase classname="RegressionTest5" name="test214" time="0"/>
  <testcase classname="RegressionTest5" name="test215" time="0"/>
  <testcase classname="RegressionTest5" name="test216" time="0"/>
  <testcase classname="RegressionTest5" name="test217" time="0"/>
  <testcase classname="RegressionTest5" name="test218" time="0"/>
  <testcase classname="RegressionTest5" name="test219" time="0"/>
  <testcase classname="RegressionTest5" name="test220" time="0"/>
  <testcase classname="RegressionTest5" name="test221" time="0.001"/>
  <testcase classname="RegressionTest5" name="test222" time="0"/>
  <testcase classname="RegressionTest5" name="test223" time="0"/>
  <testcase classname="RegressionTest5" name="test224" time="0"/>
  <testcase classname="RegressionTest5" name="test225" time="0"/>
  <testcase classname="RegressionTest5" name="test226" time="0"/>
  <testcase classname="RegressionTest5" name="test227" time="0"/>
  <testcase classname="RegressionTest5" name="test228" time="0"/>
  <testcase classname="RegressionTest5" name="test229" time="0"/>
  <testcase classname="RegressionTest5" name="test230" time="0"/>
  <testcase classname="RegressionTest5" name="test231" time="0"/>
  <testcase classname="RegressionTest5" name="test232" time="0.001"/>
  <testcase classname="RegressionTest5" name="test233" time="0"/>
  <testcase classname="RegressionTest5" name="test234" time="0"/>
  <testcase classname="RegressionTest5" name="test235" time="0"/>
  <testcase classname="RegressionTest5" name="test236" time="0"/>
  <testcase classname="RegressionTest5" name="test237" time="0"/>
  <testcase classname="RegressionTest5" name="test238" time="0"/>
  <testcase classname="RegressionTest5" name="test239" time="0"/>
  <testcase classname="RegressionTest5" name="test240" time="0"/>
  <testcase classname="RegressionTest5" name="test241" time="0"/>
  <testcase classname="RegressionTest5" name="test242" time="0"/>
  <testcase classname="RegressionTest5" name="test243" time="0"/>
  <testcase classname="RegressionTest5" name="test244" time="0"/>
  <testcase classname="RegressionTest5" name="test245" time="0.001"/>
  <testcase classname="RegressionTest5" name="test246" time="0"/>
  <testcase classname="RegressionTest5" name="test247" time="0"/>
  <testcase classname="RegressionTest5" name="test248" time="0"/>
  <testcase classname="RegressionTest5" name="test249" time="0"/>
  <testcase classname="RegressionTest5" name="test250" time="0"/>
  <testcase classname="RegressionTest5" name="test251" time="0"/>
  <testcase classname="RegressionTest5" name="test252" time="0"/>
  <testcase classname="RegressionTest5" name="test253" time="0"/>
  <testcase classname="RegressionTest5" name="test254" time="0"/>
  <testcase classname="RegressionTest5" name="test255" time="0"/>
  <testcase classname="RegressionTest5" name="test256" time="0"/>
  <testcase classname="RegressionTest5" name="test257" time="0"/>
  <testcase classname="RegressionTest5" name="test258" time="0"/>
  <testcase classname="RegressionTest5" name="test259" time="0"/>
  <testcase classname="RegressionTest5" name="test260" time="0"/>
  <testcase classname="RegressionTest5" name="test261" time="0"/>
  <testcase classname="RegressionTest5" name="test262" time="0"/>
  <testcase classname="RegressionTest5" name="test263" time="0"/>
  <testcase classname="RegressionTest5" name="test264" time="0"/>
  <testcase classname="RegressionTest5" name="test265" time="0"/>
  <testcase classname="RegressionTest5" name="test266" time="0"/>
  <testcase classname="RegressionTest5" name="test267" time="0"/>
  <testcase classname="RegressionTest5" name="test268" time="0"/>
  <testcase classname="RegressionTest5" name="test269" time="0"/>
  <testcase classname="RegressionTest5" name="test270" time="0"/>
  <testcase classname="RegressionTest5" name="test271" time="0"/>
  <testcase classname="RegressionTest5" name="test272" time="0"/>
  <testcase classname="RegressionTest5" name="test273" time="0"/>
  <testcase classname="RegressionTest5" name="test274" time="0"/>
  <testcase classname="RegressionTest5" name="test275" time="0"/>
  <testcase classname="RegressionTest5" name="test276" time="0"/>
  <testcase classname="RegressionTest5" name="test277" time="0"/>
  <testcase classname="RegressionTest5" name="test278" time="0"/>
</testsuite>