<?xml version="1.0" encoding="UTF-8"?>
<testsuite name="cs362.dominionMaven.Card_ESTest" time="0.044" tests="24" errors="0" skipped="0" failures="0">
  <properties>
    <property name="java.runtime.name" value="Java(TM) SE Runtime Environment"/>
    <property name="sun.boot.library.path" value="C:\Program Files\Java\jdk1.8.0_121\jre\bin"/>
    <property name="java.vm.version" value="25.121-b13"/>
    <property name="java.vm.vendor" value="Oracle Corporation"/>
    <property name="maven.multiModuleProjectDirectory" value="D:\dominionMaven"/>
    <property name="java.vendor.url" value="http://java.oracle.com/"/>
    <property name="path.separator" value=";"/>
    <property name="guice.disable.misplaced.annotation.check" value="true"/>
    <property name="java.vm.name" value="Java HotSpot(TM) 64-Bit Server VM"/>
    <property name="file.encoding.pkg" value="sun.io"/>
    <property name="user.script" value=""/>
    <property name="user.country" value="US"/>
    <property name="sun.java.launcher" value="SUN_STANDARD"/>
    <property name="sun.os.patch.level" value=""/>
    <property name="java.vm.specification.name" value="Java Virtual Machine Specification"/>
    <property name="user.dir" value="D:\dominionMaven"/>
    <property name="java.runtime.version" value="1.8.0_121-b13"/>
    <property name="java.awt.graphicsenv" value="sun.awt.Win32GraphicsEnvironment"/>
    <property name="java.endorsed.dirs" value="C:\Program Files\Java\jdk1.8.0_121\jre\lib\endorsed"/>
    <property name="os.arch" value="amd64"/>
    <property name="java.io.tmpdir" value="C:\Users\hande\AppData\Local\Temp\"/>
    <property name="line.separator" value="&#10;"/>
    <property name="java.vm.specification.vendor" value="Oracle Corporation"/>
    <property name="user.variant" value=""/>
    <property name="os.name" value="Windows 10"/>
    <property name="net.sourceforge.cobertura.datafile" value="D:\dominionMaven\target\cobertura\cobertura.ser"/>
    <property name="classworlds.conf" value="C:\Program Files\Apache\maven\bin\m2.conf"/>
    <property name="sun.jnu.encoding" value="Cp1252"/>
    <property name="java.library.path" value="C:\Program Files\Java\jdk1.8.0_121\bin;C:\Windows\Sun\Java\bin;C:\Windows\system32;C:\Windows;C:\Python27\;C:\Python27\Scripts;C:\ProgramData\Oracle\Java\javapath;C:\Program Files (x86)\NVIDIA Corporation\PhysX\Common;C:\Windows\system32;C:\Windows;C:\Windows\System32\Wbem;C:\Windows\System32\WindowsPowerShell\v1.0\;C:\Program Files\Git\cmd;D:\Java\bin;C:\Program Files\Apache\maven\bin;C:\Program Files\Java\jdk1.8.0_121\bin;C:\Users\hande\AppData\Local\Microsoft\WindowsApps;;."/>
    <property name="java.specification.name" value="Java Platform API Specification"/>
    <property name="java.class.version" value="52.0"/>
    <property name="sun.management.compiler" value="HotSpot 64-Bit Tiered Compilers"/>
    <property name="os.version" value="10.0"/>
    <property name="user.home" value="C:\Users\hande"/>
    <property name="user.timezone" value="America/Los_Angeles"/>
    <property name="java.awt.printerjob" value="sun.awt.windows.WPrinterJob"/>
    <property name="java.specification.version" value="1.8"/>
    <property name="file.encoding" value="Cp1252"/>
    <property name="user.name" value="hande"/>
    <property name="java.class.path" value="C:\Program Files\Apache\maven\boot\plexus-classworlds-2.5.2.jar"/>
    <property name="java.vm.specification.version" value="1.8"/>
    <property name="sun.arch.data.model" value="64"/>
    <property name="java.home" value="C:\Program Files\Java\jdk1.8.0_121\jre"/>
    <property name="sun.java.command" value="org.codehaus.plexus.classworlds.launcher.Launcher cobertura:cobertura"/>
    <property name="java.specification.vendor" value="Oracle Corporation"/>
    <property name="user.language" value="en"/>
    <property name="awt.toolkit" value="sun.awt.windows.WToolkit"/>
    <property name="java.vm.info" value="mixed mode"/>
    <property name="java.version" value="1.8.0_121"/>
    <property name="java.ext.dirs" value="C:\Program Files\Java\jdk1.8.0_121\jre\lib\ext;C:\Windows\Sun\Java\lib\ext"/>
    <property name="sun.boot.class.path" value="C:\Program Files\Java\jdk1.8.0_121\jre\lib\resources.jar;C:\Program Files\Java\jdk1.8.0_121\jre\lib\rt.jar;C:\Program Files\Java\jdk1.8.0_121\jre\lib\sunrsasign.jar;C:\Program Files\Java\jdk1.8.0_121\jre\lib\jsse.jar;C:\Program Files\Java\jdk1.8.0_121\jre\lib\jce.jar;C:\Program Files\Java\jdk1.8.0_121\jre\lib\charsets.jar;C:\Program Files\Java\jdk1.8.0_121\jre\lib\jfr.jar;C:\Program Files\Java\jdk1.8.0_121\jre\classes"/>
    <property name="sun.stderr.encoding" value="cp437"/>
    <property name="java.vendor" value="Oracle Corporation"/>
    <property name="maven.home" value="C:\Program Files\Apache\maven"/>
    <property name="file.separator" value="\"/>
    <property name="java.vendor.url.bug" value="http://bugreport.sun.com/bugreport/"/>
    <property name="sun.cpu.endian" value="little"/>
    <property name="sun.io.unicode.encoding" value="UnicodeLittle"/>
    <property name="project.build.outputDirectory" value="D:\dominionMaven\target\generated-classes\cobertura"/>
    <property name="sun.stdout.encoding" value="cp437"/>
    <property name="sun.desktop" value="windows"/>
    <property name="sun.cpu.isalist" value="amd64"/>
  </properties>
  <testcase name="test08" classname="cs362.dominionMaven.Card_ESTest" time="0.007"/>
  <testcase name="test19" classname="cs362.dominionMaven.Card_ESTest" time="0.002"/>
  <testcase name="test09" classname="cs362.dominionMaven.Card_ESTest" time="0.001"/>
  <testcase name="test06" classname="cs362.dominionMaven.Card_ESTest" time="0.001"/>
  <testcase name="test17" classname="cs362.dominionMaven.Card_ESTest" time="0.002"/>
  <testcase name="test07" classname="cs362.dominionMaven.Card_ESTest" time="0.001"/>
  <testcase name="test18" classname="cs362.dominionMaven.Card_ESTest" time="0.002"/>
  <testcase name="test04" classname="cs362.dominionMaven.Card_ESTest" time="0.001"/>
  <testcase name="test15" classname="cs362.dominionMaven.Card_ESTest" time="0.001"/>
  <testcase name="test05" classname="cs362.dominionMaven.Card_ESTest" time="0.002"/>
  <testcase name="test16" classname="cs362.dominionMaven.Card_ESTest" time="0.001"/>
  <testcase name="test02" classname="cs362.dominionMaven.Card_ESTest" time="0.001"/>
  <testcase name="test13" classname="cs362.dominionMaven.Card_ESTest" time="0.001"/>
  <testcase name="test03" classname="cs362.dominionMaven.Card_ESTest" time="0.001"/>
  <testcase name="test14" classname="cs362.dominionMaven.Card_ESTest" time="0.002"/>
  <testcase name="test00" classname="cs362.dominionMaven.Card_ESTest" time="0.002"/>
  <testcase name="test11" classname="cs362.dominionMaven.Card_ESTest" time="0.007"/>
  <testcase name="test22" classname="cs362.dominionMaven.Card_ESTest" time="0.001"/>
  <testcase name="test01" classname="cs362.dominionMaven.Card_ESTest" time="0.001"/>
  <testcase name="test12" classname="cs362.dominionMaven.Card_ESTest" time="0.002"/>
  <testcase name="test23" classname="cs362.dominionMaven.Card_ESTest" time="0.001"/>
  <testcase name="test20" classname="cs362.dominionMaven.Card_ESTest" time="0.001"/>
  <testcase name="test10" classname="cs362.dominionMaven.Card_ESTest" time="0.002"/>
  <testcase name="test21" classname="cs362.dominionMaven.Card_ESTest" time="0.001"/>
</testsuite>