<?xml version="1.0" encoding="UTF-8" ?>
<testsuite tests="16" failures="0" name="org.cs362.dominion.CardTest" time="0.494" errors="0" skipped="0">
  <properties>
    <property name="java.runtime.name" value="Java(TM) SE Runtime Environment"/>
    <property name="sun.boot.library.path" value="C:\Program Files\Java\jdk1.8.0_121\jre\bin"/>
    <property name="java.vm.version" value="25.121-b13"/>
    <property name="java.vm.vendor" value="Oracle Corporation"/>
    <property name="maven.multiModuleProjectDirectory" value="C:\Users\Ok-Cha\Documents\OSU2017\Winter Term\CS 362 (SW Eng II)\CS362W17Section-001\projects\murphyry\Dominion"/>
    <property name="java.vendor.url" value="http://java.oracle.com/"/>
    <property name="path.separator" value=";"/>
    <property name="guice.disable.misplaced.annotation.check" value="true"/>
    <property name="java.vm.name" value="Java HotSpot(TM) 64-Bit Server VM"/>
    <property name="file.encoding.pkg" value="sun.io"/>
    <property name="user.script" value=""/>
    <property name="user.country" value="US"/>
    <property name="sun.java.launcher" value="SUN_STANDARD"/>
    <property name="sun.os.patch.level" value=""/>
    <property name="java.vm.specification.name" value="Java Virtual Machine Specification"/>
    <property name="user.dir" value="C:\Users\Ok-Cha\Documents\OSU2017\Winter Term\CS 362 (SW Eng II)\CS362W17Section-001\projects\murphyry\Dominion"/>
    <property name="java.runtime.version" value="1.8.0_121-b13"/>
    <property name="java.awt.graphicsenv" value="sun.awt.Win32GraphicsEnvironment"/>
    <property name="java.endorsed.dirs" value="C:\Program Files\Java\jdk1.8.0_121\jre\lib\endorsed"/>
    <property name="os.arch" value="amd64"/>
    <property name="java.io.tmpdir" value="C:\Users\Ok-Cha\AppData\Local\Temp\"/>
    <property name="line.separator" value="
"/>
    <property name="java.vm.specification.vendor" value="Oracle Corporation"/>
    <property name="user.variant" value=""/>
    <property name="os.name" value="Windows 10"/>
    <property name="net.sourceforge.cobertura.datafile" value="C:\Users\Ok-Cha\Documents\OSU2017\Winter Term\CS 362 (SW Eng II)\CS362W17Section-001\projects\murphyry\Dominion\target\cobertura\cobertura.ser"/>
    <property name="classworlds.conf" value="C:\Program Files\apache-maven-3.3.9\bin\..\bin\m2.conf"/>
    <property name="sun.jnu.encoding" value="Cp1252"/>
    <property name="java.library.path" value="C:\Program Files\Java\jdk1.8.0_121\bin;C:\WINDOWS\Sun\Java\bin;C:\WINDOWS\system32;C:\WINDOWS;C:\ProgramData\Oracle\Java\javapath;C:\Program Files (x86)\NVIDIA Corporation\PhysX\Common;C:\Program Files (x86)\AMD APP\bin\x86_64;C:\Program Files (x86)\AMD APP\bin\x86;C:\Program Files\Common Files\Microsoft Shared\Windows Live;C:\Program Files (x86)\Common Files\Microsoft Shared\Windows Live;C:\WINDOWS\system32;C:\WINDOWS;C:\WINDOWS\System32\Wbem;C:\WINDOWS\System32\WindowsPowerShell\v1.0\;C:\Program Files (x86)\Windows Live\Shared;C:\Program Files (x86)\ATI Technologies\ATI.ACE\Core-Static;C:\Program Files (x86)\Skype\Phone\;C:\HashiCorp\Vagrant\bin;C:\Program Files\Git\cmd;C:\Program Files\Git\mingw64\bin;C:\Program Files\Git\usr\bin;C:\Program Files\Java\jdk1.8.0_121\bin;C:\Program Files\apache-maven-3.3.9\bin;C:\Users\Ok-Cha\AppData\Local\Microsoft\WindowsApps;;."/>
    <property name="java.specification.name" value="Java Platform API Specification"/>
    <property name="java.class.version" value="52.0"/>
    <property name="sun.management.compiler" value="HotSpot 64-Bit Tiered Compilers"/>
    <property name="os.version" value="10.0"/>
    <property name="user.home" value="C:\Users\Ok-Cha"/>
    <property name="user.timezone" value="America/Los_Angeles"/>
    <property name="java.awt.printerjob" value="sun.awt.windows.WPrinterJob"/>
    <property name="java.specification.version" value="1.8"/>
    <property name="file.encoding" value="Cp1252"/>
    <property name="user.name" value="Ok-Cha"/>
    <property name="java.class.path" value="C:\Program Files\apache-maven-3.3.9\bin\..\boot\plexus-classworlds-2.5.2.jar"/>
    <property name="java.vm.specification.version" value="1.8"/>
    <property name="sun.arch.data.model" value="64"/>
    <property name="java.home" value="C:\Program Files\Java\jdk1.8.0_121\jre"/>
    <property name="sun.java.command" value="org.codehaus.plexus.classworlds.launcher.Launcher cobertura:cobertura"/>
    <property name="java.specification.vendor" value="Oracle Corporation"/>
    <property name="user.language" value="en"/>
    <property name="awt.toolkit" value="sun.awt.windows.WToolkit"/>
    <property name="java.vm.info" value="mixed mode"/>
    <property name="java.version" value="1.8.0_121"/>
    <property name="java.ext.dirs" value="C:\Program Files\Java\jdk1.8.0_121\jre\lib\ext;C:\WINDOWS\Sun\Java\lib\ext"/>
    <property name="sun.boot.class.path" value="C:\Program Files\Java\jdk1.8.0_121\jre\lib\resources.jar;C:\Program Files\Java\jdk1.8.0_121\jre\lib\rt.jar;C:\Program Files\Java\jdk1.8.0_121\jre\lib\sunrsasign.jar;C:\Program Files\Java\jdk1.8.0_121\jre\lib\jsse.jar;C:\Program Files\Java\jdk1.8.0_121\jre\lib\jce.jar;C:\Program Files\Java\jdk1.8.0_121\jre\lib\charsets.jar;C:\Program Files\Java\jdk1.8.0_121\jre\lib\jfr.jar;C:\Program Files\Java\jdk1.8.0_121\jre\classes"/>
    <property name="sun.stderr.encoding" value="cp437"/>
    <property name="java.vendor" value="Oracle Corporation"/>
    <property name="maven.home" value="C:\Program Files\apache-maven-3.3.9\bin\.."/>
    <property name="file.separator" value="\"/>
    <property name="java.vendor.url.bug" value="http://bugreport.sun.com/bugreport/"/>
    <property name="sun.cpu.endian" value="little"/>
    <property name="sun.io.unicode.encoding" value="UnicodeLittle"/>
    <property name="project.build.outputDirectory" value="C:\Users\Ok-Cha\Documents\OSU2017\Winter Term\CS 362 (SW Eng II)\CS362W17Section-001\projects\murphyry\Dominion\target\generated-classes\cobertura"/>
    <property name="sun.stdout.encoding" value="cp437"/>
    <property name="sun.desktop" value="windows"/>
    <property name="sun.cpu.isalist" value="amd64"/>
  </properties>
  <testcase classname="org.cs362.dominion.CardTest" name="Coppertest" time="0.445"/>
  <testcase classname="org.cs362.dominion.CardTest" name="SmithyTest" time="0.003"/>
  <testcase classname="org.cs362.dominion.CardTest" name="AdventurerTest" time="0.007"/>
  <testcase classname="org.cs362.dominion.CardTest" name="LaboratoryTest" time="0.002"/>
  <testcase classname="org.cs362.dominion.CardTest" name="MineTest" time="0.012"/>
  <testcase classname="org.cs362.dominion.CardTest" name="BaronTest" time="0.003"/>
  <testcase classname="org.cs362.dominion.CardTest" name="SilverTest" time="0.001"/>
  <testcase classname="org.cs362.dominion.CardTest" name="ProvinceTest" time="0.001"/>
  <testcase classname="org.cs362.dominion.CardTest" name="DuchyTest" time="0.006"/>
  <testcase classname="org.cs362.dominion.CardTest" name="CouncilRoomTest" time="0.001"/>
  <testcase classname="org.cs362.dominion.CardTest" name="GreatHallTest" time="0.001"/>
  <testcase classname="org.cs362.dominion.CardTest" name="GardensTest" time="0.001"/>
  <testcase classname="org.cs362.dominion.CardTest" name="EstateTest" time="0.001"/>
  <testcase classname="org.cs362.dominion.CardTest" name="FeastTest" time="0.001"/>
  <testcase classname="org.cs362.dominion.CardTest" name="CutpurseTest" time="0.001"/>
  <testcase classname="org.cs362.dominion.CardTest" name="Goldtest" time="0.008"/>
</testsuite>